<?xml version="1.0"?>
<link_info>
   <banner>TI ARM Linker PC v16.9.1.LTS</banner>
   <copyright>Copyright (c) 1996-2015 Texas Instruments Incorporated</copyright>
   <link_time>0x598367de</link_time>
   <link_errors>0x0</link_errors>
   <output_file>Test-AOCS.out</output_file>
   <entry_point>
      <name>_c_int00</name>
      <address>0xb8c5</address>
   </entry_point>
   <input_file_list>
      <input_file id="fl-2">
         <path>.\</path>
         <kind>object</kind>
         <file>MSP_EXP432P401R.obj</file>
         <name>MSP_EXP432P401R.obj</name>
      </input_file>
      <input_file id="fl-3">
         <path>.\</path>
         <kind>object</kind>
         <file>main.obj</file>
         <name>main.obj</name>
      </input_file>
      <input_file id="fl-4">
         <path>.\app_files\driver\</path>
         <kind>object</kind>
         <file>bmi160.obj</file>
         <name>bmi160.obj</name>
      </input_file>
      <input_file id="fl-5">
         <path>.\app_files\driver\</path>
         <kind>object</kind>
         <file>bmi160_support.obj</file>
         <name>bmi160_support.obj</name>
      </input_file>
      <input_file id="fl-6">
         <path>.\app_files\driver\</path>
         <kind>object</kind>
         <file>sensors.obj</file>
         <name>sensors.obj</name>
      </input_file>
      <input_file id="fl-7">
         <path>.\app_files\estimator\</path>
         <kind>object</kind>
         <file>kalman.obj</file>
         <name>kalman.obj</name>
      </input_file>
      <input_file id="fl-8">
         <path>.\app_files\estimator\</path>
         <kind>object</kind>
         <file>supporting_functions.obj</file>
         <name>supporting_functions.obj</name>
      </input_file>
      <input_file id="fl-c">
         <path>C:\Users\Carmen\workspace_v7\Test-AOCS\Debug\configPkg\package\cfg\</path>
         <kind>object</kind>
         <file>main_pem4f.oem4f</file>
         <name>main_pem4f.oem4f</name>
      </input_file>
      <input_file id="fl-1b">
         <path>..\</path>
         <kind>archive</kind>
         <file>dsplib-msp432.lib</file>
         <name>arm_mat_add_f32.obj</name>
      </input_file>
      <input_file id="fl-1c">
         <path>..\</path>
         <kind>archive</kind>
         <file>dsplib-msp432.lib</file>
         <name>arm_mat_init_f32.obj</name>
      </input_file>
      <input_file id="fl-1d">
         <path>..\</path>
         <kind>archive</kind>
         <file>dsplib-msp432.lib</file>
         <name>arm_mat_inverse_f32.obj</name>
      </input_file>
      <input_file id="fl-1e">
         <path>..\</path>
         <kind>archive</kind>
         <file>dsplib-msp432.lib</file>
         <name>arm_mat_mult_f32.obj</name>
      </input_file>
      <input_file id="fl-1f">
         <path>..\</path>
         <kind>archive</kind>
         <file>dsplib-msp432.lib</file>
         <name>arm_mat_scale_f32.obj</name>
      </input_file>
      <input_file id="fl-20">
         <path>..\</path>
         <kind>archive</kind>
         <file>dsplib-msp432.lib</file>
         <name>arm_mat_sub_f32.obj</name>
      </input_file>
      <input_file id="fl-21">
         <path>..\</path>
         <kind>archive</kind>
         <file>dsplib-msp432.lib</file>
         <name>arm_mat_trans_f32.obj</name>
      </input_file>
      <input_file id="fl-22">
         <path>C:\ti\tirtos_msp43x_2_20_00_06\products\tidrivers_msp43x_2_20_00_08\packages\ti\drivers\lib\</path>
         <kind>archive</kind>
         <file>drivers_MSP432P401R.aem4f</file>
         <name>I2C.oem4f</name>
      </input_file>
      <input_file id="fl-23">
         <path>C:\ti\tirtos_msp43x_2_20_00_06\products\tidrivers_msp43x_2_20_00_08\packages\ti\drivers\lib\</path>
         <kind>archive</kind>
         <file>drivers_MSP432P401R.aem4f</file>
         <name>PWM.oem4f</name>
      </input_file>
      <input_file id="fl-24">
         <path>C:\ti\tirtos_msp43x_2_20_00_06\products\tidrivers_msp43x_2_20_00_08\packages\ti\drivers\lib\</path>
         <kind>archive</kind>
         <file>drivers_MSP432P401R.aem4f</file>
         <name>SDSPI.oem4f</name>
      </input_file>
      <input_file id="fl-25">
         <path>C:\ti\tirtos_msp43x_2_20_00_06\products\tidrivers_msp43x_2_20_00_08\packages\ti\drivers\lib\</path>
         <kind>archive</kind>
         <file>drivers_MSP432P401R.aem4f</file>
         <name>SPI.oem4f</name>
      </input_file>
      <input_file id="fl-26">
         <path>C:\ti\tirtos_msp43x_2_20_00_06\products\tidrivers_msp43x_2_20_00_08\packages\ti\drivers\lib\</path>
         <kind>archive</kind>
         <file>drivers_MSP432P401R.aem4f</file>
         <name>UART.oem4f</name>
      </input_file>
      <input_file id="fl-27">
         <path>C:\ti\tirtos_msp43x_2_20_00_06\products\tidrivers_msp43x_2_20_00_08\packages\ti\drivers\lib\</path>
         <kind>archive</kind>
         <file>drivers_MSP432P401R.aem4f</file>
         <name>Watchdog.oem4f</name>
      </input_file>
      <input_file id="fl-28">
         <path>C:\ti\tirtos_msp43x_2_20_00_06\products\tidrivers_msp43x_2_20_00_08\packages\ti\drivers\lib\</path>
         <kind>archive</kind>
         <file>drivers_MSP432P401R.aem4f</file>
         <name>WiFi.oem4f</name>
      </input_file>
      <input_file id="fl-29">
         <path>C:\ti\tirtos_msp43x_2_20_00_06\products\tidrivers_msp43x_2_20_00_08\packages\ti\drivers\lib\</path>
         <kind>archive</kind>
         <file>drivers_MSP432P401R.aem4f</file>
         <name>GPIOMSP432.oem4f</name>
      </input_file>
      <input_file id="fl-2a">
         <path>C:\ti\tirtos_msp43x_2_20_00_06\products\tidrivers_msp43x_2_20_00_08\packages\ti\drivers\lib\</path>
         <kind>archive</kind>
         <file>drivers_MSP432P401R.aem4f</file>
         <name>I2CMSP432.oem4f</name>
      </input_file>
      <input_file id="fl-2b">
         <path>C:\ti\tirtos_msp43x_2_20_00_06\products\tidrivers_msp43x_2_20_00_08\packages\ti\drivers\lib\</path>
         <kind>archive</kind>
         <file>drivers_MSP432P401R.aem4f</file>
         <name>PowerMSP432.oem4f</name>
      </input_file>
      <input_file id="fl-2c">
         <path>C:\ti\tirtos_msp43x_2_20_00_06\products\tidrivers_msp43x_2_20_00_08\packages\ti\drivers\lib\</path>
         <kind>archive</kind>
         <file>drivers_MSP432P401R.aem4f</file>
         <name>PWMTimerMSP432.oem4f</name>
      </input_file>
      <input_file id="fl-2d">
         <path>C:\ti\tirtos_msp43x_2_20_00_06\products\tidrivers_msp43x_2_20_00_08\packages\ti\drivers\lib\</path>
         <kind>archive</kind>
         <file>drivers_MSP432P401R.aem4f</file>
         <name>SDSPIMSP432.oem4f</name>
      </input_file>
      <input_file id="fl-2e">
         <path>C:\ti\tirtos_msp43x_2_20_00_06\products\tidrivers_msp43x_2_20_00_08\packages\ti\drivers\lib\</path>
         <kind>archive</kind>
         <file>drivers_MSP432P401R.aem4f</file>
         <name>SPIMSP432DMA.oem4f</name>
      </input_file>
      <input_file id="fl-2f">
         <path>C:\ti\tirtos_msp43x_2_20_00_06\products\tidrivers_msp43x_2_20_00_08\packages\ti\drivers\lib\</path>
         <kind>archive</kind>
         <file>drivers_MSP432P401R.aem4f</file>
         <name>UARTMSP432.oem4f</name>
      </input_file>
      <input_file id="fl-30">
         <path>C:\ti\tirtos_msp43x_2_20_00_06\products\tidrivers_msp43x_2_20_00_08\packages\ti\drivers\lib\</path>
         <kind>archive</kind>
         <file>drivers_MSP432P401R.aem4f</file>
         <name>WatchdogMSP432.oem4f</name>
      </input_file>
      <input_file id="fl-31">
         <path>C:\ti\tirtos_msp43x_2_20_00_06\products\tidrivers_msp43x_2_20_00_08\packages\ti\drivers\lib\</path>
         <kind>archive</kind>
         <file>drivers_MSP432P401R.aem4f</file>
         <name>List.oem4f</name>
      </input_file>
      <input_file id="fl-32">
         <path>C:\ti\tirtos_msp43x_2_20_00_06\products\tidrivers_msp43x_2_20_00_08\packages\ti\drivers\lib\</path>
         <kind>archive</kind>
         <file>drivers_MSP432P401R.aem4f</file>
         <name>RingBuf.oem4f</name>
      </input_file>
      <input_file id="fl-33">
         <path>C:\ti\tirtos_msp43x_2_20_00_06\products\tidrivers_msp43x_2_20_00_08\packages\ti\drivers\lib\</path>
         <kind>archive</kind>
         <file>drivers_MSP432P401R.aem4f</file>
         <name>UDMAMSP432.oem4f</name>
      </input_file>
      <input_file id="fl-34">
         <path>C:\ti\tirtos_msp43x_2_20_00_06\products\tidrivers_msp43x_2_20_00_08\packages\ti\drivers\lib\</path>
         <kind>archive</kind>
         <file>drivers_wifi_MSP432P401R.aem4f</file>
         <name>WiFiCC3100.oem4f</name>
      </input_file>
      <input_file id="fl-35">
         <path>C:\ti\tirtos_msp43x_2_20_00_06\products\tidrivers_msp43x_2_20_00_08\packages\ti\drivers\lib\</path>
         <kind>archive</kind>
         <file>drivers_wifi_MSP432P401R.aem4f</file>
         <name>osi_tirtos.oem4f</name>
      </input_file>
      <input_file id="fl-36">
         <path>C:\ti\tirtos_msp43x_2_20_00_06\products\tidrivers_msp43x_2_20_00_08\packages\ti\drivers\lib\</path>
         <kind>archive</kind>
         <file>power_tirtos_MSP432P401R.aem4f</file>
         <name>PowerMSP432_tirtos.oem4f</name>
      </input_file>
      <input_file id="fl-37">
         <path>C:\ti\tirtos_msp43x_2_20_00_06\products\tidrivers_msp43x_2_20_00_08\packages\ti\mw\fatfs\lib\release\</path>
         <kind>archive</kind>
         <file>ti.mw.fatfs.aem4f</file>
         <name>ff.oem4f</name>
      </input_file>
      <input_file id="fl-38">
         <path>C:\ti\tirtos_msp43x_2_20_00_06\products\tidrivers_msp43x_2_20_00_08\packages\ti\mw\fatfs\lib\release\</path>
         <kind>archive</kind>
         <file>ti.mw.fatfs.aem4f</file>
         <name>diskio.oem4f</name>
      </input_file>
      <input_file id="fl-39">
         <path>C:\ti\tirtos_msp43x_2_20_00_06\products\tidrivers_msp43x_2_20_00_08\packages\ti\mw\fatfs\lib\release\</path>
         <kind>archive</kind>
         <file>ti.mw.fatfs.aem4f</file>
         <name>ffosal.oem4f</name>
      </input_file>
      <input_file id="fl-3a">
         <path>C:\ti\tirtos_msp43x_2_20_00_06\products\tidrivers_msp43x_2_20_00_08\packages\ti\drivers\ports\lib\</path>
         <kind>archive</kind>
         <file>tirtosport.aem4f</file>
         <name>ClockP_tirtos.oem4f</name>
      </input_file>
      <input_file id="fl-3b">
         <path>C:\ti\tirtos_msp43x_2_20_00_06\products\tidrivers_msp43x_2_20_00_08\packages\ti\drivers\ports\lib\</path>
         <kind>archive</kind>
         <file>tirtosport.aem4f</file>
         <name>HwiP_tirtos.oem4f</name>
      </input_file>
      <input_file id="fl-3c">
         <path>C:\ti\tirtos_msp43x_2_20_00_06\products\tidrivers_msp43x_2_20_00_08\packages\ti\drivers\ports\lib\</path>
         <kind>archive</kind>
         <file>tirtosport.aem4f</file>
         <name>SemaphoreP_tirtos.oem4f</name>
      </input_file>
      <input_file id="fl-3d">
         <path>C:\Users\Carmen\workspace_v7\Test-AOCS\src\sysbios\</path>
         <kind>archive</kind>
         <file>sysbios.aem4f</file>
         <name>BIOS.obj</name>
      </input_file>
      <input_file id="fl-3e">
         <path>C:\Users\Carmen\workspace_v7\Test-AOCS\src\sysbios\</path>
         <kind>archive</kind>
         <file>sysbios.aem4f</file>
         <name>m3_Hwi_asm.obj</name>
      </input_file>
      <input_file id="fl-3f">
         <path>C:\Users\Carmen\workspace_v7\Test-AOCS\src\sysbios\</path>
         <kind>archive</kind>
         <file>sysbios.aem4f</file>
         <name>m3_Hwi_asm_switch.obj</name>
      </input_file>
      <input_file id="fl-40">
         <path>C:\Users\Carmen\workspace_v7\Test-AOCS\src\sysbios\</path>
         <kind>archive</kind>
         <file>sysbios.aem4f</file>
         <name>m3_IntrinsicsSupport_asm.obj</name>
      </input_file>
      <input_file id="fl-41">
         <path>C:\Users\Carmen\workspace_v7\Test-AOCS\src\sysbios\</path>
         <kind>archive</kind>
         <file>sysbios.aem4f</file>
         <name>m3_TaskSupport_asm.obj</name>
      </input_file>
      <input_file id="fl-42">
         <path>C:\ti\tirtos_msp43x_2_20_00_06\products\bios_6_46_00_23\packages\ti\targets\arm\rtsarm\lib\</path>
         <kind>archive</kind>
         <file>ti.targets.arm.rtsarm.aem4f</file>
         <name>Assert.oem4f</name>
      </input_file>
      <input_file id="fl-43">
         <path>C:\ti\tirtos_msp43x_2_20_00_06\products\bios_6_46_00_23\packages\ti\targets\arm\rtsarm\lib\</path>
         <kind>archive</kind>
         <file>ti.targets.arm.rtsarm.aem4f</file>
         <name>Core-mem.oem4f</name>
      </input_file>
      <input_file id="fl-44">
         <path>C:\ti\tirtos_msp43x_2_20_00_06\products\bios_6_46_00_23\packages\ti\targets\arm\rtsarm\lib\</path>
         <kind>archive</kind>
         <file>ti.targets.arm.rtsarm.aem4f</file>
         <name>Core-smem.oem4f</name>
      </input_file>
      <input_file id="fl-45">
         <path>C:\ti\tirtos_msp43x_2_20_00_06\products\bios_6_46_00_23\packages\ti\targets\arm\rtsarm\lib\</path>
         <kind>archive</kind>
         <file>ti.targets.arm.rtsarm.aem4f</file>
         <name>Core-label.oem4f</name>
      </input_file>
      <input_file id="fl-46">
         <path>C:\ti\tirtos_msp43x_2_20_00_06\products\bios_6_46_00_23\packages\ti\targets\arm\rtsarm\lib\</path>
         <kind>archive</kind>
         <file>ti.targets.arm.rtsarm.aem4f</file>
         <name>Core-params.oem4f</name>
      </input_file>
      <input_file id="fl-47">
         <path>C:\ti\tirtos_msp43x_2_20_00_06\products\bios_6_46_00_23\packages\ti\targets\arm\rtsarm\lib\</path>
         <kind>archive</kind>
         <file>ti.targets.arm.rtsarm.aem4f</file>
         <name>Error.oem4f</name>
      </input_file>
      <input_file id="fl-48">
         <path>C:\ti\tirtos_msp43x_2_20_00_06\products\bios_6_46_00_23\packages\ti\targets\arm\rtsarm\lib\</path>
         <kind>archive</kind>
         <file>ti.targets.arm.rtsarm.aem4f</file>
         <name>Gate.oem4f</name>
      </input_file>
      <input_file id="fl-49">
         <path>C:\ti\tirtos_msp43x_2_20_00_06\products\bios_6_46_00_23\packages\ti\targets\arm\rtsarm\lib\</path>
         <kind>archive</kind>
         <file>ti.targets.arm.rtsarm.aem4f</file>
         <name>Memory.oem4f</name>
      </input_file>
      <input_file id="fl-4a">
         <path>C:\ti\tirtos_msp43x_2_20_00_06\products\bios_6_46_00_23\packages\ti\targets\arm\rtsarm\lib\</path>
         <kind>archive</kind>
         <file>ti.targets.arm.rtsarm.aem4f</file>
         <name>Startup.oem4f</name>
      </input_file>
      <input_file id="fl-4b">
         <path>C:\ti\tirtos_msp43x_2_20_00_06\products\bios_6_46_00_23\packages\ti\targets\arm\rtsarm\lib\</path>
         <kind>archive</kind>
         <file>ti.targets.arm.rtsarm.aem4f</file>
         <name>System.oem4f</name>
      </input_file>
      <input_file id="fl-4c">
         <path>C:\ti\tirtos_msp43x_2_20_00_06\products\bios_6_46_00_23\packages\ti\targets\arm\rtsarm\lib\</path>
         <kind>archive</kind>
         <file>ti.targets.arm.rtsarm.aem4f</file>
         <name>SysMin.oem4f</name>
      </input_file>
      <input_file id="fl-4d">
         <path>C:\ti\tirtos_msp43x_2_20_00_06\products\bios_6_46_00_23\packages\ti\targets\arm\rtsarm\lib\</path>
         <kind>archive</kind>
         <file>ti.targets.arm.rtsarm.aem4f</file>
         <name>Text.oem4f</name>
      </input_file>
      <input_file id="fl-4e">
         <path>C:\ti\tirtos_msp43x_2_20_00_06\products\bios_6_46_00_23\packages\ti\targets\arm\rtsarm\lib\</path>
         <kind>archive</kind>
         <file>ti.targets.arm.rtsarm.aem4f</file>
         <name>xdc_noinit.oem4f</name>
      </input_file>
      <input_file id="fl-4f">
         <path>C:\ti\tirtos_msp43x_2_20_00_06\products\bios_6_46_00_23\packages\ti\targets\arm\rtsarm\lib\</path>
         <kind>archive</kind>
         <file>ti.targets.arm.rtsarm.aem4f</file>
         <name>Registry.oem4f</name>
      </input_file>
      <input_file id="fl-50">
         <path>C:\ti\tirtos_msp43x_2_20_00_06\products\bios_6_46_00_23\packages\ti\targets\arm\rtsarm\lib\</path>
         <kind>archive</kind>
         <file>boot.aem4f</file>
         <name>boot.oem4f</name>
      </input_file>
      <input_file id="fl-51">
         <path>C:\ti\tirtos_msp43x_2_20_00_06\products\bios_6_46_00_23\packages\ti\targets\arm\rtsarm\lib\</path>
         <kind>archive</kind>
         <file>auto_init.aem4f</file>
         <name>auto_init.oem4f</name>
      </input_file>
      <input_file id="fl-52">
         <path>C:\ti\tirtos_msp43x_2_20_00_06\products\msp432_driverlib_3_21_00_05\driverlib\MSP432P4xx\ccs\</path>
         <kind>archive</kind>
         <file>msp432p4xx_driverlib.lib</file>
         <name>cpu.o</name>
      </input_file>
      <input_file id="fl-53">
         <path>C:\ti\tirtos_msp43x_2_20_00_06\products\msp432_driverlib_3_21_00_05\driverlib\MSP432P4xx\ccs\</path>
         <kind>archive</kind>
         <file>msp432p4xx_driverlib.lib</file>
         <name>cs.o</name>
      </input_file>
      <input_file id="fl-54">
         <path>C:\ti\tirtos_msp43x_2_20_00_06\products\msp432_driverlib_3_21_00_05\driverlib\MSP432P4xx\ccs\</path>
         <kind>archive</kind>
         <file>msp432p4xx_driverlib.lib</file>
         <name>dma.o</name>
      </input_file>
      <input_file id="fl-55">
         <path>C:\ti\tirtos_msp43x_2_20_00_06\products\msp432_driverlib_3_21_00_05\driverlib\MSP432P4xx\ccs\</path>
         <kind>archive</kind>
         <file>msp432p4xx_driverlib.lib</file>
         <name>flash.o</name>
      </input_file>
      <input_file id="fl-56">
         <path>C:\ti\tirtos_msp43x_2_20_00_06\products\msp432_driverlib_3_21_00_05\driverlib\MSP432P4xx\ccs\</path>
         <kind>archive</kind>
         <file>msp432p4xx_driverlib.lib</file>
         <name>gpio.o</name>
      </input_file>
      <input_file id="fl-57">
         <path>C:\ti\tirtos_msp43x_2_20_00_06\products\msp432_driverlib_3_21_00_05\driverlib\MSP432P4xx\ccs\</path>
         <kind>archive</kind>
         <file>msp432p4xx_driverlib.lib</file>
         <name>i2c.o</name>
      </input_file>
      <input_file id="fl-58">
         <path>C:\ti\tirtos_msp43x_2_20_00_06\products\msp432_driverlib_3_21_00_05\driverlib\MSP432P4xx\ccs\</path>
         <kind>archive</kind>
         <file>msp432p4xx_driverlib.lib</file>
         <name>interrupt.o</name>
      </input_file>
      <input_file id="fl-59">
         <path>C:\ti\tirtos_msp43x_2_20_00_06\products\msp432_driverlib_3_21_00_05\driverlib\MSP432P4xx\ccs\</path>
         <kind>archive</kind>
         <file>msp432p4xx_driverlib.lib</file>
         <name>pcm.o</name>
      </input_file>
      <input_file id="fl-5a">
         <path>C:\ti\tirtos_msp43x_2_20_00_06\products\msp432_driverlib_3_21_00_05\driverlib\MSP432P4xx\ccs\</path>
         <kind>archive</kind>
         <file>msp432p4xx_driverlib.lib</file>
         <name>rtc_c.o</name>
      </input_file>
      <input_file id="fl-5b">
         <path>C:\ti\tirtos_msp43x_2_20_00_06\products\msp432_driverlib_3_21_00_05\driverlib\MSP432P4xx\ccs\</path>
         <kind>archive</kind>
         <file>msp432p4xx_driverlib.lib</file>
         <name>spi.o</name>
      </input_file>
      <input_file id="fl-5c">
         <path>C:\ti\tirtos_msp43x_2_20_00_06\products\msp432_driverlib_3_21_00_05\driverlib\MSP432P4xx\ccs\</path>
         <kind>archive</kind>
         <file>msp432p4xx_driverlib.lib</file>
         <name>sysctl.o</name>
      </input_file>
      <input_file id="fl-5d">
         <path>C:\ti\tirtos_msp43x_2_20_00_06\products\msp432_driverlib_3_21_00_05\driverlib\MSP432P4xx\ccs\</path>
         <kind>archive</kind>
         <file>msp432p4xx_driverlib.lib</file>
         <name>timer_a.o</name>
      </input_file>
      <input_file id="fl-5e">
         <path>C:\ti\tirtos_msp43x_2_20_00_06\products\msp432_driverlib_3_21_00_05\driverlib\MSP432P4xx\ccs\</path>
         <kind>archive</kind>
         <file>msp432p4xx_driverlib.lib</file>
         <name>uart.o</name>
      </input_file>
      <input_file id="fl-5f">
         <path>C:\ti\tirtos_msp43x_2_20_00_06\products\msp432_driverlib_3_21_00_05\driverlib\MSP432P4xx\ccs\</path>
         <kind>archive</kind>
         <file>msp432p4xx_driverlib.lib</file>
         <name>wdt_a.o</name>
      </input_file>
      <input_file id="fl-115">
         <path>C:\ti\ccsv7\tools\compiler\ti-cgt-arm_16.9.1.LTS\lib\</path>
         <kind>archive</kind>
         <file>rtsv7M4_T_le_v4SPD16_eabi.lib</file>
         <name>_lock.obj</name>
      </input_file>
      <input_file id="fl-116">
         <path>C:\ti\ccsv7\tools\compiler\ti-cgt-arm_16.9.1.LTS\lib\</path>
         <kind>archive</kind>
         <file>rtsv7M4_T_le_v4SPD16_eabi.lib</file>
         <name>args_main.obj</name>
      </input_file>
      <input_file id="fl-117">
         <path>C:\ti\ccsv7\tools\compiler\ti-cgt-arm_16.9.1.LTS\lib\</path>
         <kind>archive</kind>
         <file>rtsv7M4_T_le_v4SPD16_eabi.lib</file>
         <name>copy_decompress_lzss.obj</name>
      </input_file>
      <input_file id="fl-118">
         <path>C:\ti\ccsv7\tools\compiler\ti-cgt-arm_16.9.1.LTS\lib\</path>
         <kind>archive</kind>
         <file>rtsv7M4_T_le_v4SPD16_eabi.lib</file>
         <name>copy_decompress_none.obj</name>
      </input_file>
      <input_file id="fl-119">
         <path>C:\ti\ccsv7\tools\compiler\ti-cgt-arm_16.9.1.LTS\lib\</path>
         <kind>archive</kind>
         <file>rtsv7M4_T_le_v4SPD16_eabi.lib</file>
         <name>copy_zero_init.obj</name>
      </input_file>
      <input_file id="fl-11a">
         <path>C:\ti\ccsv7\tools\compiler\ti-cgt-arm_16.9.1.LTS\lib\</path>
         <kind>archive</kind>
         <file>rtsv7M4_T_le_v4SPD16_eabi.lib</file>
         <name>cpy_tbl.obj</name>
      </input_file>
      <input_file id="fl-11b">
         <path>C:\ti\ccsv7\tools\compiler\ti-cgt-arm_16.9.1.LTS\lib\</path>
         <kind>archive</kind>
         <file>rtsv7M4_T_le_v4SPD16_eabi.lib</file>
         <name>e_powf.obj</name>
      </input_file>
      <input_file id="fl-11c">
         <path>C:\ti\ccsv7\tools\compiler\ti-cgt-arm_16.9.1.LTS\lib\</path>
         <kind>archive</kind>
         <file>rtsv7M4_T_le_v4SPD16_eabi.lib</file>
         <name>e_sqrt.obj</name>
      </input_file>
      <input_file id="fl-11d">
         <path>C:\ti\ccsv7\tools\compiler\ti-cgt-arm_16.9.1.LTS\lib\</path>
         <kind>archive</kind>
         <file>rtsv7M4_T_le_v4SPD16_eabi.lib</file>
         <name>e_sqrtf.obj</name>
      </input_file>
      <input_file id="fl-11e">
         <path>C:\ti\ccsv7\tools\compiler\ti-cgt-arm_16.9.1.LTS\lib\</path>
         <kind>archive</kind>
         <file>rtsv7M4_T_le_v4SPD16_eabi.lib</file>
         <name>errno.obj</name>
      </input_file>
      <input_file id="fl-11f">
         <path>C:\ti\ccsv7\tools\compiler\ti-cgt-arm_16.9.1.LTS\lib\</path>
         <kind>archive</kind>
         <file>rtsv7M4_T_le_v4SPD16_eabi.lib</file>
         <name>exit.obj</name>
      </input_file>
      <input_file id="fl-120">
         <path>C:\ti\ccsv7\tools\compiler\ti-cgt-arm_16.9.1.LTS\lib\</path>
         <kind>archive</kind>
         <file>rtsv7M4_T_le_v4SPD16_eabi.lib</file>
         <name>fd_add_t2.obj</name>
      </input_file>
      <input_file id="fl-121">
         <path>C:\ti\ccsv7\tools\compiler\ti-cgt-arm_16.9.1.LTS\lib\</path>
         <kind>archive</kind>
         <file>rtsv7M4_T_le_v4SPD16_eabi.lib</file>
         <name>fd_cmp_t2.obj</name>
      </input_file>
      <input_file id="fl-122">
         <path>C:\ti\ccsv7\tools\compiler\ti-cgt-arm_16.9.1.LTS\lib\</path>
         <kind>archive</kind>
         <file>rtsv7M4_T_le_v4SPD16_eabi.lib</file>
         <name>fd_mul_t2.obj</name>
      </input_file>
      <input_file id="fl-123">
         <path>C:\ti\ccsv7\tools\compiler\ti-cgt-arm_16.9.1.LTS\lib\</path>
         <kind>archive</kind>
         <file>rtsv7M4_T_le_v4SPD16_eabi.lib</file>
         <name>fd_tos_t2.obj</name>
      </input_file>
      <input_file id="fl-124">
         <path>C:\ti\ccsv7\tools\compiler\ti-cgt-arm_16.9.1.LTS\lib\</path>
         <kind>archive</kind>
         <file>rtsv7M4_T_le_v4SPD16_eabi.lib</file>
         <name>fs_tod_t2.obj</name>
      </input_file>
      <input_file id="fl-125">
         <path>C:\ti\ccsv7\tools\compiler\ti-cgt-arm_16.9.1.LTS\lib\</path>
         <kind>archive</kind>
         <file>rtsv7M4_T_le_v4SPD16_eabi.lib</file>
         <name>memcpy_t2.obj</name>
      </input_file>
      <input_file id="fl-126">
         <path>C:\ti\ccsv7\tools\compiler\ti-cgt-arm_16.9.1.LTS\lib\</path>
         <kind>archive</kind>
         <file>rtsv7M4_T_le_v4SPD16_eabi.lib</file>
         <name>memset_t2.obj</name>
      </input_file>
      <input_file id="fl-127">
         <path>C:\ti\ccsv7\tools\compiler\ti-cgt-arm_16.9.1.LTS\lib\</path>
         <kind>archive</kind>
         <file>rtsv7M4_T_le_v4SPD16_eabi.lib</file>
         <name>s_scalbnf.obj</name>
      </input_file>
      <input_file id="fl-128">
         <path>C:\ti\ccsv7\tools\compiler\ti-cgt-arm_16.9.1.LTS\lib\</path>
         <kind>archive</kind>
         <file>rtsv7M4_T_le_v4SPD16_eabi.lib</file>
         <name>snprintf.obj</name>
      </input_file>
      <input_file id="fl-129">
         <path>C:\ti\ccsv7\tools\compiler\ti-cgt-arm_16.9.1.LTS\lib\</path>
         <kind>archive</kind>
         <file>rtsv7M4_T_le_v4SPD16_eabi.lib</file>
         <name>stkdepth_vars.obj</name>
      </input_file>
      <input_file id="fl-12a">
         <path>C:\ti\ccsv7\tools\compiler\ti-cgt-arm_16.9.1.LTS\lib\</path>
         <kind>archive</kind>
         <file>rtsv7M4_T_le_v4SPD16_eabi.lib</file>
         <name>strcmp.obj</name>
      </input_file>
      <input_file id="fl-12b">
         <path>C:\ti\ccsv7\tools\compiler\ti-cgt-arm_16.9.1.LTS\lib\</path>
         <kind>archive</kind>
         <file>rtsv7M4_T_le_v4SPD16_eabi.lib</file>
         <name>strlen.obj</name>
      </input_file>
      <input_file id="fl-12c">
         <path>C:\ti\ccsv7\tools\compiler\ti-cgt-arm_16.9.1.LTS\lib\</path>
         <kind>archive</kind>
         <file>rtsv7M4_T_le_v4SPD16_eabi.lib</file>
         <name>trgdrv.obj</name>
      </input_file>
      <input_file id="fl-12d">
         <path>C:\ti\ccsv7\tools\compiler\ti-cgt-arm_16.9.1.LTS\lib\</path>
         <kind>archive</kind>
         <file>rtsv7M4_T_le_v4SPD16_eabi.lib</file>
         <name>trgmsg.obj</name>
      </input_file>
      <input_file id="fl-12e">
         <path>C:\ti\ccsv7\tools\compiler\ti-cgt-arm_16.9.1.LTS\lib\</path>
         <kind>archive</kind>
         <file>rtsv7M4_T_le_v4SPD16_eabi.lib</file>
         <name>u_divt2.obj</name>
      </input_file>
      <input_file id="fl-12f">
         <path>C:\ti\ccsv7\tools\compiler\ti-cgt-arm_16.9.1.LTS\lib\</path>
         <kind>archive</kind>
         <file>rtsv7M4_T_le_v4SPD16_eabi.lib</file>
         <name>ull_div_t2.obj</name>
      </input_file>
      <input_file id="fl-130">
         <path>C:\ti\ccsv7\tools\compiler\ti-cgt-arm_16.9.1.LTS\lib\</path>
         <kind>archive</kind>
         <file>rtsv7M4_T_le_v4SPD16_eabi.lib</file>
         <name>_printfi.obj</name>
      </input_file>
      <input_file id="fl-131">
         <path>C:\ti\ccsv7\tools\compiler\ti-cgt-arm_16.9.1.LTS\lib\</path>
         <kind>archive</kind>
         <file>rtsv7M4_T_le_v4SPD16_eabi.lib</file>
         <name>atoi.obj</name>
      </input_file>
      <input_file id="fl-132">
         <path>C:\ti\ccsv7\tools\compiler\ti-cgt-arm_16.9.1.LTS\lib\</path>
         <kind>archive</kind>
         <file>rtsv7M4_T_le_v4SPD16_eabi.lib</file>
         <name>ctype.obj</name>
      </input_file>
      <input_file id="fl-133">
         <path>C:\ti\ccsv7\tools\compiler\ti-cgt-arm_16.9.1.LTS\lib\</path>
         <kind>archive</kind>
         <file>rtsv7M4_T_le_v4SPD16_eabi.lib</file>
         <name>fd_div_t2.obj</name>
      </input_file>
      <input_file id="fl-134">
         <path>C:\ti\ccsv7\tools\compiler\ti-cgt-arm_16.9.1.LTS\lib\</path>
         <kind>archive</kind>
         <file>rtsv7M4_T_le_v4SPD16_eabi.lib</file>
         <name>fd_toi_t2.obj</name>
      </input_file>
      <input_file id="fl-135">
         <path>C:\ti\ccsv7\tools\compiler\ti-cgt-arm_16.9.1.LTS\lib\</path>
         <kind>archive</kind>
         <file>rtsv7M4_T_le_v4SPD16_eabi.lib</file>
         <name>i_div0.obj</name>
      </input_file>
      <input_file id="fl-136">
         <path>C:\ti\ccsv7\tools\compiler\ti-cgt-arm_16.9.1.LTS\lib\</path>
         <kind>archive</kind>
         <file>rtsv7M4_T_le_v4SPD16_eabi.lib</file>
         <name>i_tofd_t2.obj</name>
      </input_file>
      <input_file id="fl-137">
         <path>C:\ti\ccsv7\tools\compiler\ti-cgt-arm_16.9.1.LTS\lib\</path>
         <kind>archive</kind>
         <file>rtsv7M4_T_le_v4SPD16_eabi.lib</file>
         <name>ltoa.obj</name>
      </input_file>
      <input_file id="fl-138">
         <path>C:\ti\ccsv7\tools\compiler\ti-cgt-arm_16.9.1.LTS\lib\</path>
         <kind>archive</kind>
         <file>rtsv7M4_T_le_v4SPD16_eabi.lib</file>
         <name>memccpy.obj</name>
      </input_file>
      <input_file id="fl-139">
         <path>C:\ti\ccsv7\tools\compiler\ti-cgt-arm_16.9.1.LTS\lib\</path>
         <kind>archive</kind>
         <file>rtsv7M4_T_le_v4SPD16_eabi.lib</file>
         <name>s_copysignf.obj</name>
      </input_file>
      <input_file id="fl-13a">
         <path>C:\ti\ccsv7\tools\compiler\ti-cgt-arm_16.9.1.LTS\lib\</path>
         <kind>archive</kind>
         <file>rtsv7M4_T_le_v4SPD16_eabi.lib</file>
         <name>s_frexp.obj</name>
      </input_file>
      <input_file id="fl-13b">
         <path>C:\ti\ccsv7\tools\compiler\ti-cgt-arm_16.9.1.LTS\lib\</path>
         <kind>archive</kind>
         <file>rtsv7M4_T_le_v4SPD16_eabi.lib</file>
         <name>s_scalbn.obj</name>
      </input_file>
      <input_file id="fl-13c">
         <path>C:\ti\ccsv7\tools\compiler\ti-cgt-arm_16.9.1.LTS\lib\</path>
         <kind>archive</kind>
         <file>rtsv7M4_T_le_v4SPD16_eabi.lib</file>
         <name>strchr.obj</name>
      </input_file>
      <input_file id="fl-13d">
         <path>C:\ti\ccsv7\tools\compiler\ti-cgt-arm_16.9.1.LTS\lib\</path>
         <kind>archive</kind>
         <file>rtsv7M4_T_le_v4SPD16_eabi.lib</file>
         <name>strcpy.obj</name>
      </input_file>
      <input_file id="fl-13e">
         <path>C:\ti\ccsv7\tools\compiler\ti-cgt-arm_16.9.1.LTS\lib\</path>
         <kind>archive</kind>
         <file>rtsv7M4_T_le_v4SPD16_eabi.lib</file>
         <name>s_copysign.obj</name>
      </input_file>
   </input_file_list>
   <object_component_list>
      <object_component id="oc-840">
         <name>.text</name>
         <load_address>0x40</load_address>
         <run_address>0x40</run_address>
         <size>0x113e</size>
         <input_file_ref idref="fl-130"/>
      </object_component>
      <object_component id="oc-6d0">
         <name>.text:PowerMSP432_initPolicy</name>
         <load_address>0x117e</load_address>
         <run_address>0x117e</run_address>
         <size>0x2</size>
         <input_file_ref idref="fl-36"/>
      </object_component>
      <object_component id="oc-46c">
         <name>.text:bmi160_config_running_mode</name>
         <load_address>0x1180</load_address>
         <run_address>0x1180</run_address>
         <size>0x736</size>
         <input_file_ref idref="fl-5"/>
      </object_component>
      <object_component id="oc-17f1">
         <name>.text</name>
         <load_address>0x18b6</load_address>
         <run_address>0x18b6</run_address>
         <size>0x2</size>
         <input_file_ref idref="fl-135"/>
      </object_component>
      <object_component id="oc-9d5">
         <name>.text</name>
         <load_address>0x18b8</load_address>
         <run_address>0x18b8</run_address>
         <size>0x588</size>
         <input_file_ref idref="fl-11b"/>
      </object_component>
      <object_component id="oc-a99">
         <name>.text:ti_sysbios_family_arm_m3_Hwi_excDumpRegs__I</name>
         <load_address>0x1e40</load_address>
         <run_address>0x1e40</run_address>
         <size>0x430</size>
         <input_file_ref idref="fl-3d"/>
      </object_component>
      <object_component id="oc-4b3">
         <name>.text:init</name>
         <load_address>0x2270</load_address>
         <run_address>0x2270</run_address>
         <size>0x424</size>
         <input_file_ref idref="fl-8"/>
      </object_component>
      <object_component id="oc-95c">
         <name>.text:bmi160_read_fifo_header_data</name>
         <load_address>0x2694</load_address>
         <run_address>0x2694</run_address>
         <size>0x3bc</size>
         <input_file_ref idref="fl-4"/>
      </object_component>
      <object_component id="oc-df6">
         <name>.text:bmi160_read_bmm150_mag_trim</name>
         <load_address>0x2a50</load_address>
         <run_address>0x2a50</run_address>
         <size>0x3a4</size>
         <input_file_ref idref="fl-4"/>
      </object_component>
      <object_component id="oc-115c">
         <name>.text:xdc_runtime_System_doPrint__I</name>
         <load_address>0x2df4</load_address>
         <run_address>0x2df4</run_address>
         <size>0x34c</size>
         <input_file_ref idref="fl-4b"/>
      </object_component>
      <object_component id="oc-c75">
         <name>.text</name>
         <load_address>0x3140</load_address>
         <run_address>0x3140</run_address>
         <size>0x324</size>
         <input_file_ref idref="fl-12c"/>
      </object_component>
      <object_component id="oc-1226">
         <name>.text:CPU_wfi</name>
         <load_address>0x3464</load_address>
         <run_address>0x3464</run_address>
         <size>0x4</size>
         <input_file_ref idref="fl-52"/>
      </object_component>
      <object_component id="oc-404">
         <name>.text:ti_sysbios_knl_Semaphore_pend__E</name>
         <load_address>0x3468</load_address>
         <run_address>0x3468</run_address>
         <size>0x2d8</size>
         <input_file_ref idref="fl-3d"/>
      </object_component>
      <object_component id="oc-4f5">
         <name>.text:arm_mat_inverse_f32</name>
         <load_address>0x3740</load_address>
         <run_address>0x3740</run_address>
         <size>0x2ac</size>
         <input_file_ref idref="fl-1d"/>
      </object_component>
      <object_component id="oc-b25">
         <name>.text:Power_sleep</name>
         <load_address>0x39ec</load_address>
         <run_address>0x39ec</run_address>
         <size>0x264</size>
         <input_file_ref idref="fl-2b"/>
      </object_component>
      <object_component id="oc-fc7">
         <name>.text:UARTMSP432_open</name>
         <load_address>0x3c50</load_address>
         <run_address>0x3c50</run_address>
         <size>0x260</size>
         <input_file_ref idref="fl-2f"/>
      </object_component>
      <object_component id="oc-14c8">
         <name>.text:ti_sysbios_heaps_HeapMem_free__E</name>
         <load_address>0x3eb0</load_address>
         <run_address>0x3eb0</run_address>
         <size>0x258</size>
         <input_file_ref idref="fl-3d"/>
      </object_component>
      <object_component id="oc-14c2">
         <name>.text:ti_sysbios_heaps_HeapMem_alloc__E</name>
         <load_address>0x4108</load_address>
         <run_address>0x4108</run_address>
         <size>0x248</size>
         <input_file_ref idref="fl-3d"/>
      </object_component>
      <object_component id="oc-3a5">
         <name>.text:ti_sysbios_knl_Task_Instance_finalize__E</name>
         <load_address>0x4350</load_address>
         <run_address>0x4350</run_address>
         <size>0x224</size>
         <input_file_ref idref="fl-3d"/>
      </object_component>
      <object_component id="oc-8d0">
         <name>.text:bmi160_bmm150_mag_interface_init</name>
         <load_address>0x4574</load_address>
         <run_address>0x4574</run_address>
         <size>0x214</size>
         <input_file_ref idref="fl-4"/>
      </object_component>
      <object_component id="oc-24f">
         <name>.text:kalman</name>
         <load_address>0x4788</load_address>
         <run_address>0x4788</run_address>
         <size>0x208</size>
         <input_file_ref idref="fl-7"/>
      </object_component>
      <object_component id="oc-5f7">
         <name>.text:ti_sysbios_family_arm_m3_Hwi_excHandlerMax__I</name>
         <load_address>0x4990</load_address>
         <run_address>0x4990</run_address>
         <size>0x1fc</size>
         <input_file_ref idref="fl-3d"/>
      </object_component>
      <object_component id="oc-4e9">
         <name>.text:updateJacobian</name>
         <load_address>0x4b8c</load_address>
         <run_address>0x4b8c</run_address>
         <size>0x1fc</size>
         <input_file_ref idref="fl-8"/>
      </object_component>
      <object_component id="oc-cda">
         <name>.text</name>
         <load_address>0x4d88</load_address>
         <run_address>0x4d88</run_address>
         <size>0x1f4</size>
         <input_file_ref idref="fl-12f"/>
      </object_component>
      <object_component id="oc-dfc">
         <name>.text:bmi160_set_bmm150_mag_presetmode</name>
         <load_address>0x4f7c</load_address>
         <run_address>0x4f7c</run_address>
         <size>0x1ec</size>
         <input_file_ref idref="fl-4"/>
      </object_component>
      <object_component id="oc-390">
         <name>.text:ti_sysbios_knl_Task_Instance_init__E</name>
         <load_address>0x5168</load_address>
         <run_address>0x5168</run_address>
         <size>0x1c8</size>
         <input_file_ref idref="fl-3d"/>
      </object_component>
      <object_component id="oc-49c">
         <name>.text:ti_sysbios_knl_Task_sleep__E</name>
         <load_address>0x5330</load_address>
         <run_address>0x5330</run_address>
         <size>0x1c4</size>
         <input_file_ref idref="fl-3d"/>
      </object_component>
      <object_component id="oc-472">
         <name>.text:bmi160_accel_foc_trigger_xyz</name>
         <load_address>0x54f4</load_address>
         <run_address>0x54f4</run_address>
         <size>0x1b8</size>
         <input_file_ref idref="fl-4"/>
      </object_component>
      <object_component id="oc-d03">
         <name>.text</name>
         <load_address>0x56ac</load_address>
         <run_address>0x56ac</run_address>
         <size>0x1b6</size>
         <input_file_ref idref="fl-120"/>
      </object_component>
      <object_component id="oc-10f2">
         <name>.text:ti_sysbios_BIOS_nullFunc__I</name>
         <load_address>0x5862</load_address>
         <run_address>0x5862</run_address>
         <size>0x2</size>
         <input_file_ref idref="fl-c"/>
      </object_component>
      <object_component id="oc-247">
         <name>.text:sensor</name>
         <load_address>0x5864</load_address>
         <run_address>0x5864</run_address>
         <size>0x1a8</size>
         <input_file_ref idref="fl-6"/>
      </object_component>
      <object_component id="oc-aee">
         <name>.text:__PCM_setPowerStateAdvanced</name>
         <load_address>0x5a0c</load_address>
         <run_address>0x5a0c</run_address>
         <size>0x1a0</size>
         <input_file_ref idref="fl-59"/>
      </object_component>
      <object_component id="oc-35c">
         <name>.text:HwiP_disable</name>
         <load_address>0x5bac</load_address>
         <run_address>0x5bac</run_address>
         <size>0x4</size>
         <input_file_ref idref="fl-3b"/>
      </object_component>
      <object_component id="oc-415">
         <name>.text:ti_sysbios_gates_GateMutexPri_enter__E</name>
         <load_address>0x5bb0</load_address>
         <run_address>0x5bb0</run_address>
         <size>0x1a0</size>
         <input_file_ref idref="fl-3d"/>
      </object_component>
      <object_component id="oc-23f">
         <name>.text:uartFxn</name>
         <load_address>0x5d50</load_address>
         <run_address>0x5d50</run_address>
         <size>0x19c</size>
         <input_file_ref idref="fl-6"/>
      </object_component>
      <object_component id="oc-a0a">
         <name>.text:getRotation</name>
         <load_address>0x5eec</load_address>
         <run_address>0x5eec</run_address>
         <size>0x198</size>
         <input_file_ref idref="fl-8"/>
      </object_component>
      <object_component id="oc-fa4">
         <name>.text:I2CMSP432_open</name>
         <load_address>0x6084</load_address>
         <run_address>0x6084</run_address>
         <size>0x178</size>
         <input_file_ref idref="fl-2a"/>
      </object_component>
      <object_component id="oc-15d2">
         <name>.text:I2C_setSlaveAddress</name>
         <load_address>0x61fc</load_address>
         <run_address>0x61fc</run_address>
         <size>0x4</size>
         <input_file_ref idref="fl-57"/>
      </object_component>
      <object_component id="oc-a81">
         <name>.text:ti_sysbios_family_arm_m3_Hwi_excBusFault__I</name>
         <load_address>0x6200</load_address>
         <run_address>0x6200</run_address>
         <size>0x174</size>
         <input_file_ref idref="fl-3d"/>
      </object_component>
      <object_component id="oc-a1b">
         <name>.text</name>
         <load_address>0x6374</load_address>
         <run_address>0x6374</run_address>
         <size>0x170</size>
         <input_file_ref idref="fl-11c"/>
      </object_component>
      <object_component id="oc-901">
         <name>.text:bmi160_set_intr_enable_0</name>
         <load_address>0x64e4</load_address>
         <run_address>0x64e4</run_address>
         <size>0x16c</size>
         <input_file_ref idref="fl-4"/>
      </object_component>
      <object_component id="oc-a7b">
         <name>.text:ti_sysbios_family_arm_m3_Hwi_excUsageFault__I</name>
         <load_address>0x6650</load_address>
         <run_address>0x6650</run_address>
         <size>0x164</size>
         <input_file_ref idref="fl-3d"/>
      </object_component>
      <object_component id="oc-123c">
         <name>.text:List_head</name>
         <load_address>0x67b4</load_address>
         <run_address>0x67b4</run_address>
         <size>0x4</size>
         <input_file_ref idref="fl-31"/>
      </object_component>
      <object_component id="oc-a87">
         <name>.text:ti_sysbios_family_arm_m3_Hwi_excMemFault__I</name>
         <load_address>0x67b8</load_address>
         <run_address>0x67b8</run_address>
         <size>0x148</size>
         <input_file_ref idref="fl-3d"/>
      </object_component>
      <object_component id="oc-33b">
         <name>.text:GPIO_setConfig</name>
         <load_address>0x6900</load_address>
         <run_address>0x6900</run_address>
         <size>0x140</size>
         <input_file_ref idref="fl-29"/>
      </object_component>
      <object_component id="oc-1716">
         <name>.text:ti_sysbios_heaps_HeapMem_Instance_init__E</name>
         <load_address>0x6a40</load_address>
         <run_address>0x6a40</run_address>
         <size>0x13c</size>
         <input_file_ref idref="fl-3d"/>
      </object_component>
      <object_component id="oc-ce9">
         <name>.text</name>
         <load_address>0x6b7c</load_address>
         <run_address>0x6b7c</run_address>
         <size>0x136</size>
         <input_file_ref idref="fl-133"/>
      </object_component>
      <object_component id="oc-f98">
         <name>.text:I2CMSP432_control</name>
         <load_address>0x6cb2</load_address>
         <run_address>0x6cb2</run_address>
         <size>0x6</size>
         <input_file_ref idref="fl-2a"/>
      </object_component>
      <object_component id="oc-858">
         <name>.text:ti_sysbios_knl_Task_setPri__E</name>
         <load_address>0x6cb8</load_address>
         <run_address>0x6cb8</run_address>
         <size>0x134</size>
         <input_file_ref idref="fl-3d"/>
      </object_component>
      <object_component id="oc-478">
         <name>.text:bmi160_set_foc_gyro_enable</name>
         <load_address>0x6dec</load_address>
         <run_address>0x6dec</run_address>
         <size>0x11c</size>
         <input_file_ref idref="fl-4"/>
      </object_component>
      <object_component id="oc-12d6">
         <name>.text:I2CMSP432_hwiIntFxn</name>
         <load_address>0x6f08</load_address>
         <run_address>0x6f08</run_address>
         <size>0x118</size>
         <input_file_ref idref="fl-2a"/>
      </object_component>
      <object_component id="oc-13ac">
         <name>.text:xdc_runtime_Error_policyDefault__E</name>
         <load_address>0x7020</load_address>
         <run_address>0x7020</run_address>
         <size>0x118</size>
         <input_file_ref idref="fl-47"/>
      </object_component>
      <object_component id="oc-da6">
         <name>.text:bmi160_bmm150_mag_set_power_mode</name>
         <load_address>0x7138</load_address>
         <run_address>0x7138</run_address>
         <size>0x10c</size>
         <input_file_ref idref="fl-4"/>
      </object_component>
      <object_component id="oc-4fb">
         <name>.text:get_measurements</name>
         <load_address>0x7244</load_address>
         <run_address>0x7244</run_address>
         <size>0x10c</size>
         <input_file_ref idref="fl-8"/>
      </object_component>
      <object_component id="oc-179d">
         <name>.text:ti_sysbios_knl_Clock_Instance_init__E</name>
         <load_address>0x7350</load_address>
         <run_address>0x7350</run_address>
         <size>0x108</size>
         <input_file_ref idref="fl-3d"/>
      </object_component>
      <object_component id="oc-376">
         <name>.text:xdc_runtime_Core_createObject__I</name>
         <load_address>0x7458</load_address>
         <run_address>0x7458</run_address>
         <size>0x100</size>
         <input_file_ref idref="fl-43"/>
      </object_component>
      <object_component id="oc-ce4">
         <name>.text</name>
         <load_address>0x7558</load_address>
         <run_address>0x7558</run_address>
         <size>0xfc</size>
         <input_file_ref idref="fl-122"/>
      </object_component>
      <object_component id="oc-d0e">
         <name>.text</name>
         <load_address>0x7654</load_address>
         <run_address>0x7654</run_address>
         <size>0xfc</size>
         <input_file_ref idref="fl-13b"/>
      </object_component>
      <object_component id="oc-4bf">
         <name>.text:updateQ</name>
         <load_address>0x7750</load_address>
         <run_address>0x7750</run_address>
         <size>0xf8</size>
         <input_file_ref idref="fl-8"/>
      </object_component>
      <object_component id="oc-697">
         <name>.text:xdc_runtime_Startup_startMods__I</name>
         <load_address>0x7848</load_address>
         <run_address>0x7848</run_address>
         <size>0xf8</size>
         <input_file_ref idref="fl-4a"/>
      </object_component>
      <object_component id="oc-16c4">
         <name>.text:xdc_runtime_System_printfExtend__I</name>
         <load_address>0x7940</load_address>
         <run_address>0x7940</run_address>
         <size>0xf8</size>
         <input_file_ref idref="fl-c"/>
      </object_component>
      <object_component id="oc-328">
         <name>.text:initPerfControl</name>
         <load_address>0x7a38</load_address>
         <run_address>0x7a38</run_address>
         <size>0xf0</size>
         <input_file_ref idref="fl-2b"/>
      </object_component>
      <object_component id="oc-1548">
         <name>.text:ti_sysbios_family_arm_m3_Hwi_dispatch__I</name>
         <load_address>0x7b28</load_address>
         <run_address>0x7b28</run_address>
         <size>0xec</size>
         <input_file_ref idref="fl-3e"/>
      </object_component>
      <object_component id="oc-1242">
         <name>.text:List_next</name>
         <load_address>0x7c14</load_address>
         <run_address>0x7c14</run_address>
         <size>0x4</size>
         <input_file_ref idref="fl-31"/>
      </object_component>
      <object_component id="oc-496">
         <name>.text:ti_sysbios_knl_Semaphore_post__E</name>
         <load_address>0x7c18</load_address>
         <run_address>0x7c18</run_address>
         <size>0xec</size>
         <input_file_ref idref="fl-3d"/>
      </object_component>
      <object_component id="oc-4d1">
         <name>.text:arm_mat_mult_f32</name>
         <load_address>0x7d04</load_address>
         <run_address>0x7d04</run_address>
         <size>0xe8</size>
         <input_file_ref idref="fl-1e"/>
      </object_component>
      <object_component id="oc-ac">
         <name>.text:main</name>
         <load_address>0x7dec</load_address>
         <run_address>0x7dec</run_address>
         <size>0xe8</size>
         <input_file_ref idref="fl-3"/>
      </object_component>
      <object_component id="oc-6a4">
         <name>.text:CS_initClockSignal</name>
         <load_address>0x7ed4</load_address>
         <run_address>0x7ed4</run_address>
         <size>0xe0</size>
         <input_file_ref idref="fl-53"/>
      </object_component>
      <object_component id="oc-f1d">
         <name>.text:__PCM_setPowerModeAdvanced</name>
         <load_address>0x7fb4</load_address>
         <run_address>0x7fb4</run_address>
         <size>0xdc</size>
         <input_file_ref idref="fl-59"/>
      </object_component>
      <object_component id="oc-8c4">
         <name>.text:bmi160_set_bmm150_mag_and_secondary_if_power_mode</name>
         <load_address>0x8090</load_address>
         <run_address>0x8090</run_address>
         <size>0xd4</size>
         <input_file_ref idref="fl-4"/>
      </object_component>
      <object_component id="oc-e65">
         <name>.text</name>
         <load_address>0x8164</load_address>
         <run_address>0x8164</run_address>
         <size>0xd4</size>
         <input_file_ref idref="fl-127"/>
      </object_component>
      <object_component id="oc-4b9">
         <name>.text:updatePhi</name>
         <load_address>0x8238</load_address>
         <run_address>0x8238</run_address>
         <size>0xcc</size>
         <input_file_ref idref="fl-8"/>
      </object_component>
      <object_component id="oc-bcf">
         <name>.text:xdc_runtime_Core_constructObject__I</name>
         <load_address>0x8304</load_address>
         <run_address>0x8304</run_address>
         <size>0xcc</size>
         <input_file_ref idref="fl-44"/>
      </object_component>
      <object_component id="oc-a6f">
         <name>.text:ti_sysbios_family_arm_m3_Hwi_excDebugMon__I</name>
         <load_address>0x83d0</load_address>
         <run_address>0x83d0</run_address>
         <size>0xbc</size>
         <input_file_ref idref="fl-3d"/>
      </object_component>
      <object_component id="oc-12b8">
         <name>.text:PowerMSP432_getNumPerfLevels</name>
         <load_address>0x848c</load_address>
         <run_address>0x848c</run_address>
         <size>0x4</size>
         <input_file_ref idref="fl-2b"/>
      </object_component>
      <object_component id="oc-a8d">
         <name>.text:ti_sysbios_family_arm_m3_Hwi_excHardFault__I</name>
         <load_address>0x8490</load_address>
         <run_address>0x8490</run_address>
         <size>0xbc</size>
         <input_file_ref idref="fl-3d"/>
      </object_component>
      <object_component id="oc-907">
         <name>.text:bmi160_set_intr_enable_2</name>
         <load_address>0x854c</load_address>
         <run_address>0x854c</run_address>
         <size>0xb8</size>
         <input_file_ref idref="fl-4"/>
      </object_component>
      <object_component id="oc-4dd">
         <name>.text:normalizing</name>
         <load_address>0x8604</load_address>
         <run_address>0x8604</run_address>
         <size>0xb4</size>
         <input_file_ref idref="fl-8"/>
      </object_component>
      <object_component id="oc-10a5">
         <name>.text:ti_sysbios_gates_GateMutex_enter__E</name>
         <load_address>0x86b8</load_address>
         <run_address>0x86b8</run_address>
         <size>0xb4</size>
         <input_file_ref idref="fl-3d"/>
      </object_component>
      <object_component id="oc-141e">
         <name>.text:ti_sysbios_BIOS_RtsGateProxy_enter__E</name>
         <load_address>0x876c</load_address>
         <run_address>0x876c</run_address>
         <size>0x4</size>
         <input_file_ref idref="fl-c"/>
      </object_component>
      <object_component id="oc-1074">
         <name>.text:ti_sysbios_knl_Task_checkStacks__E</name>
         <load_address>0x8770</load_address>
         <run_address>0x8770</run_address>
         <size>0xb4</size>
         <input_file_ref idref="fl-3d"/>
      </object_component>
      <object_component id="oc-fd3">
         <name>.text:UARTMSP432_readPolling</name>
         <load_address>0x8824</load_address>
         <run_address>0x8824</run_address>
         <size>0xb0</size>
         <input_file_ref idref="fl-2f"/>
      </object_component>
      <object_component id="oc-f17">
         <name>.text:__PCM_setCoreVoltageLevelAdvanced</name>
         <load_address>0x88d4</load_address>
         <run_address>0x88d4</run_address>
         <size>0xb0</size>
         <input_file_ref idref="fl-59"/>
      </object_component>
      <object_component id="oc-4c5">
         <name>.text:updatef</name>
         <load_address>0x8984</load_address>
         <run_address>0x8984</run_address>
         <size>0xb0</size>
         <input_file_ref idref="fl-8"/>
      </object_component>
      <object_component id="oc-1425">
         <name>.text:ti_sysbios_BIOS_RtsGateProxy_leave__E</name>
         <load_address>0x8a34</load_address>
         <run_address>0x8a34</run_address>
         <size>0x4</size>
         <input_file_ref idref="fl-c"/>
      </object_component>
      <object_component id="oc-1454">
         <name>.text:ti_sysbios_family_arm_msp432_Timer_periodicStub__E</name>
         <load_address>0x8a38</load_address>
         <run_address>0x8a38</run_address>
         <size>0xa8</size>
         <input_file_ref idref="fl-3d"/>
      </object_component>
      <object_component id="oc-fbb">
         <name>.text:UARTMSP432_control</name>
         <load_address>0x8ae0</load_address>
         <run_address>0x8ae0</run_address>
         <size>0xa4</size>
         <input_file_ref idref="fl-2f"/>
      </object_component>
      <object_component id="oc-156c">
         <name>.text:ti_sysbios_family_arm_m3_Hwi_destruct</name>
         <load_address>0x8b84</load_address>
         <run_address>0x8b84</run_address>
         <size>0x4</size>
         <input_file_ref idref="fl-c"/>
      </object_component>
      <object_component id="oc-184c">
         <name>.text:ti_sysbios_knl_Clock_Instance_finalize__E</name>
         <load_address>0x8b88</load_address>
         <run_address>0x8b88</run_address>
         <size>0xa4</size>
         <input_file_ref idref="fl-3d"/>
      </object_component>
      <object_component id="oc-5c">
         <name>.text</name>
         <load_address>0x8c2c</load_address>
         <run_address>0x8c2c</run_address>
         <size>0xa0</size>
         <input_file_ref idref="fl-51"/>
      </object_component>
      <object_component id="oc-1896">
         <name>.text:xdc_runtime_Text_putMod__E</name>
         <load_address>0x8ccc</load_address>
         <run_address>0x8ccc</run_address>
         <size>0xa0</size>
         <input_file_ref idref="fl-4d"/>
      </object_component>
      <object_component id="oc-162c">
         <name>.text:readTaskBlocking</name>
         <load_address>0x8d6c</load_address>
         <run_address>0x8d6c</run_address>
         <size>0x9c</size>
         <input_file_ref idref="fl-2f"/>
      </object_component>
      <object_component id="oc-43">
         <name>.text</name>
         <load_address>0x8e08</load_address>
         <run_address>0x8e08</run_address>
         <size>0x9c</size>
         <input_file_ref idref="fl-125"/>
      </object_component>
      <object_component id="oc-1507">
         <name>.text:ti_sysbios_family_arm_m3_TaskSupport_Module__startupDone__S</name>
         <load_address>0x8ea4</load_address>
         <run_address>0x8ea4</run_address>
         <size>0x4</size>
         <input_file_ref idref="fl-c"/>
      </object_component>
      <object_component id="oc-37c">
         <name>.text:ti_sysbios_knl_Semaphore_Instance_init__E</name>
         <load_address>0x8ea8</load_address>
         <run_address>0x8ea8</run_address>
         <size>0x9c</size>
         <input_file_ref idref="fl-3d"/>
      </object_component>
      <object_component id="oc-16eb">
         <name>.text:ti_sysbios_heaps_HeapMem_Module_GateProxy_enter__E</name>
         <load_address>0x8f44</load_address>
         <run_address>0x8f44</run_address>
         <size>0x4</size>
         <input_file_ref idref="fl-c"/>
      </object_component>
      <object_component id="oc-7a8">
         <name>.text:ti_sysbios_knl_Task_postInit__I</name>
         <load_address>0x8f48</load_address>
         <run_address>0x8f48</run_address>
         <size>0x9c</size>
         <input_file_ref idref="fl-3d"/>
      </object_component>
      <object_component id="oc-4e3">
         <name>.text:updateR</name>
         <load_address>0x8fe4</load_address>
         <run_address>0x8fe4</run_address>
         <size>0x9c</size>
         <input_file_ref idref="fl-8"/>
      </object_component>
      <object_component id="oc-17fe">
         <name>.text:xdc_runtime_Text_putSite__E</name>
         <load_address>0x9080</load_address>
         <run_address>0x9080</run_address>
         <size>0x9a</size>
         <input_file_ref idref="fl-4d"/>
      </object_component>
      <object_component id="oc-1605">
         <name>.text:UART_initModule</name>
         <load_address>0x911c</load_address>
         <run_address>0x911c</run_address>
         <size>0x94</size>
         <input_file_ref idref="fl-5e"/>
      </object_component>
      <object_component id="oc-4d7">
         <name>.text:arm_mat_add_f32</name>
         <load_address>0x91b0</load_address>
         <run_address>0x91b0</run_address>
         <size>0x94</size>
         <input_file_ref idref="fl-1b"/>
      </object_component>
      <object_component id="oc-4cb">
         <name>.text:arm_mat_sub_f32</name>
         <load_address>0x9244</load_address>
         <run_address>0x9244</run_address>
         <size>0x94</size>
         <input_file_ref idref="fl-20"/>
      </object_component>
      <object_component id="oc-40f">
         <name>.text</name>
         <load_address>0x92d8</load_address>
         <run_address>0x92d8</run_address>
         <size>0x94</size>
         <input_file_ref idref="fl-128"/>
      </object_component>
      <object_component id="oc-16f1">
         <name>.text:ti_sysbios_heaps_HeapMem_Module_GateProxy_leave__E</name>
         <load_address>0x936c</load_address>
         <run_address>0x936c</run_address>
         <size>0x4</size>
         <input_file_ref idref="fl-c"/>
      </object_component>
      <object_component id="oc-f75">
         <name>.text:ti_sysbios_family_arm_m3_Hwi_Instance_init__E</name>
         <load_address>0x9370</load_address>
         <run_address>0x9370</run_address>
         <size>0x94</size>
         <input_file_ref idref="fl-3d"/>
      </object_component>
      <object_component id="oc-14f6">
         <name>.text:ti_sysbios_knl_Clock_TimerProxy_getMaxTicks__E</name>
         <load_address>0x9404</load_address>
         <run_address>0x9404</run_address>
         <size>0x4</size>
         <input_file_ref idref="fl-c"/>
      </object_component>
      <object_component id="oc-689">
         <name>.text:ti_sysbios_family_arm_m3_Hwi_initNVIC__E</name>
         <load_address>0x9408</load_address>
         <run_address>0x9408</run_address>
         <size>0x94</size>
         <input_file_ref idref="fl-3d"/>
      </object_component>
      <object_component id="oc-f8c">
         <name>.text:I2CMSP432_cancel</name>
         <load_address>0x949c</load_address>
         <run_address>0x949c</run_address>
         <size>0x92</size>
         <input_file_ref idref="fl-2a"/>
      </object_component>
      <object_component id="oc-94a">
         <name>.text:bmi160_set_intr_fifo_wm</name>
         <load_address>0x9530</load_address>
         <run_address>0x9530</run_address>
         <size>0x90</size>
         <input_file_ref idref="fl-4"/>
      </object_component>
      <object_component id="oc-e25">
         <name>.text:bmi160_set_intr_level</name>
         <load_address>0x95c0</load_address>
         <run_address>0x95c0</run_address>
         <size>0x90</size>
         <input_file_ref idref="fl-4"/>
      </object_component>
      <object_component id="oc-e1f">
         <name>.text:bmi160_set_output_enable</name>
         <load_address>0x9650</load_address>
         <run_address>0x9650</run_address>
         <size>0x90</size>
         <input_file_ref idref="fl-4"/>
      </object_component>
      <object_component id="oc-faa">
         <name>.text:I2CMSP432_transfer</name>
         <load_address>0x96e0</load_address>
         <run_address>0x96e0</run_address>
         <size>0x8c</size>
         <input_file_ref idref="fl-2a"/>
      </object_component>
      <object_component id="oc-105b">
         <name>.text:ti_sysbios_family_arm_m3_TaskSupport_buildTaskStack</name>
         <load_address>0x976c</load_address>
         <run_address>0x976c</run_address>
         <size>0x8c</size>
         <input_file_ref idref="fl-41"/>
      </object_component>
      <object_component id="oc-fb5">
         <name>.text:UARTMSP432_close</name>
         <load_address>0x97f8</load_address>
         <run_address>0x97f8</run_address>
         <size>0x8a</size>
         <input_file_ref idref="fl-2f"/>
      </object_component>
      <object_component id="oc-159f">
         <name>.text:I2C_getEnabledInterruptStatus</name>
         <load_address>0x9882</load_address>
         <run_address>0x9882</run_address>
         <size>0x6</size>
         <input_file_ref idref="fl-57"/>
      </object_component>
      <object_component id="oc-1211">
         <name>.text:ti_sysbios_family_arm_msp432_Timer_Module_startup__E</name>
         <load_address>0x9888</load_address>
         <run_address>0x9888</run_address>
         <size>0x88</size>
         <input_file_ref idref="fl-3d"/>
      </object_component>
      <object_component id="oc-cdf">
         <name>.text:__aeabi_cdcmple</name>
         <load_address>0x9910</load_address>
         <run_address>0x9910</run_address>
         <size>0x86</size>
         <input_file_ref idref="fl-121"/>
      </object_component>
      <object_component id="oc-cee">
         <name>.text:__aeabi_cdrcmple</name>
         <load_address>0x9996</load_address>
         <run_address>0x9996</run_address>
         <size>0x86</size>
         <input_file_ref idref="fl-121"/>
      </object_component>
      <object_component id="oc-1347">
         <name>.text:initHw</name>
         <load_address>0x9a1c</load_address>
         <run_address>0x9a1c</run_address>
         <size>0x84</size>
         <input_file_ref idref="fl-2f"/>
      </object_component>
      <object_component id="oc-1261">
         <name>.text:ti_sysbios_family_arm_m3_Hwi_postInit__I</name>
         <load_address>0x9aa0</load_address>
         <run_address>0x9aa0</run_address>
         <size>0x84</size>
         <input_file_ref idref="fl-3d"/>
      </object_component>
      <object_component id="oc-161c">
         <name>.text:writeData</name>
         <load_address>0x9b24</load_address>
         <run_address>0x9b24</run_address>
         <size>0x84</size>
         <input_file_ref idref="fl-2f"/>
      </object_component>
      <object_component id="oc-1644">
         <name>.text:readIsrTextCallback</name>
         <load_address>0x9ba8</load_address>
         <run_address>0x9ba8</run_address>
         <size>0x82</size>
         <input_file_ref idref="fl-2f"/>
      </object_component>
      <object_component id="oc-9a3">
         <name>.text:bmi160_read_mag_xyzr</name>
         <load_address>0x9c2c</load_address>
         <run_address>0x9c2c</run_address>
         <size>0x80</size>
         <input_file_ref idref="fl-4"/>
      </object_component>
      <object_component id="oc-f05">
         <name>.text:PCM_gotoLPM3</name>
         <load_address>0x9cac</load_address>
         <run_address>0x9cac</run_address>
         <size>0x7c</size>
         <input_file_ref idref="fl-59"/>
      </object_component>
      <object_component id="oc-fdf">
         <name>.text:UARTMSP432_write</name>
         <load_address>0x9d28</load_address>
         <run_address>0x9d28</run_address>
         <size>0x7a</size>
         <input_file_ref idref="fl-2f"/>
      </object_component>
      <object_component id="oc-163e">
         <name>.text:readTaskCallback</name>
         <load_address>0x9da2</load_address>
         <run_address>0x9da2</run_address>
         <size>0x7a</size>
         <input_file_ref idref="fl-2f"/>
      </object_component>
      <object_component id="oc-4f">
         <name>.text</name>
         <load_address>0x9e1c</load_address>
         <run_address>0x9e1c</run_address>
         <size>0x7a</size>
         <input_file_ref idref="fl-126"/>
      </object_component>
      <object_component id="oc-9db">
         <name>.text:arm_mat_scale_f32</name>
         <load_address>0x9e96</load_address>
         <run_address>0x9e96</run_address>
         <size>0x78</size>
         <input_file_ref idref="fl-1f"/>
      </object_component>
      <object_component id="oc-8f4">
         <name>.text:bmi160_set_gyro_output_data_rate</name>
         <load_address>0x9f10</load_address>
         <run_address>0x9f10</run_address>
         <size>0x78</size>
         <input_file_ref idref="fl-4"/>
      </object_component>
      <object_component id="oc-1632">
         <name>.text:readIsrTextBlocking</name>
         <load_address>0x9f88</load_address>
         <run_address>0x9f88</run_address>
         <size>0x74</size>
         <input_file_ref idref="fl-2f"/>
      </object_component>
      <object_component id="oc-15e5">
         <name>.text:ti_sysbios_knl_Clock_destruct</name>
         <load_address>0x9ffc</load_address>
         <run_address>0x9ffc</run_address>
         <size>0x4</size>
         <input_file_ref idref="fl-c"/>
      </object_component>
      <object_component id="oc-1855">
         <name>.text:ti_sysbios_knl_Clock_start__E</name>
         <load_address>0xa000</load_address>
         <run_address>0xa000</run_address>
         <size>0x74</size>
         <input_file_ref idref="fl-3d"/>
      </object_component>
      <object_component id="oc-4ef">
         <name>.text:arm_mat_trans_f32</name>
         <load_address>0xa074</load_address>
         <run_address>0xa074</run_address>
         <size>0x72</size>
         <input_file_ref idref="fl-21"/>
      </object_component>
      <object_component id="oc-8dc">
         <name>.text:bmi160_set_accel_range</name>
         <load_address>0xa0e8</load_address>
         <run_address>0xa0e8</run_address>
         <size>0x70</size>
         <input_file_ref idref="fl-4"/>
      </object_component>
      <object_component id="oc-c1d">
         <name>.text:ti_sysbios_knl_Task_exit__E</name>
         <load_address>0xa158</load_address>
         <run_address>0xa158</run_address>
         <size>0x70</size>
         <input_file_ref idref="fl-3d"/>
      </object_component>
      <object_component id="oc-a21">
         <name>.text</name>
         <load_address>0xa1c8</load_address>
         <run_address>0xa1c8</run_address>
         <size>0x6e</size>
         <input_file_ref idref="fl-123"/>
      </object_component>
      <object_component id="oc-1484">
         <name>.text:xdc_runtime_System_formatNum__I</name>
         <load_address>0xa238</load_address>
         <run_address>0xa238</run_address>
         <size>0x6d</size>
         <input_file_ref idref="fl-4b"/>
      </object_component>
      <object_component id="oc-9a9">
         <name>.text:bmi160_bmm150_mag_compensate_X</name>
         <load_address>0xa2a8</load_address>
         <run_address>0xa2a8</run_address>
         <size>0x6c</size>
         <input_file_ref idref="fl-4"/>
      </object_component>
      <object_component id="oc-9af">
         <name>.text:bmi160_bmm150_mag_compensate_Y</name>
         <load_address>0xa314</load_address>
         <run_address>0xa314</run_address>
         <size>0x6c</size>
         <input_file_ref idref="fl-4"/>
      </object_component>
      <object_component id="oc-de4">
         <name>.text:bmi160_bmm150_mag_wakeup</name>
         <load_address>0xa380</load_address>
         <run_address>0xa380</run_address>
         <size>0x6c</size>
         <input_file_ref idref="fl-4"/>
      </object_component>
      <object_component id="oc-16b6">
         <name>.text:ti_sysbios_knl_Queue_destruct</name>
         <load_address>0xa3ec</load_address>
         <run_address>0xa3ec</run_address>
         <size>0x4</size>
         <input_file_ref idref="fl-c"/>
      </object_component>
      <object_component id="oc-427">
         <name>.text:ti_sysbios_gates_GateMutexPri_leave__E</name>
         <load_address>0xa3f0</load_address>
         <run_address>0xa3f0</run_address>
         <size>0x6c</size>
         <input_file_ref idref="fl-3d"/>
      </object_component>
      <object_component id="oc-1573">
         <name>.text:ti_sysbios_knl_Semaphore_destruct</name>
         <load_address>0xa45c</load_address>
         <run_address>0xa45c</run_address>
         <size>0x4</size>
         <input_file_ref idref="fl-c"/>
      </object_component>
      <object_component id="oc-1105">
         <name>.text:ti_sysbios_knl_Clock_workFunc__E</name>
         <load_address>0xa460</load_address>
         <run_address>0xa460</run_address>
         <size>0x6c</size>
         <input_file_ref idref="fl-3d"/>
      </object_component>
      <object_component id="oc-18bf">
         <name>.text:xdc_runtime_Error_getSite__E</name>
         <load_address>0xa4cc</load_address>
         <run_address>0xa4cc</run_address>
         <size>0x4</size>
         <input_file_ref idref="fl-47"/>
      </object_component>
      <object_component id="oc-1830">
         <name>.text:ti_sysbios_knl_Swi_restoreHwi__E</name>
         <load_address>0xa4d0</load_address>
         <run_address>0xa4d0</run_address>
         <size>0x6c</size>
         <input_file_ref idref="fl-3d"/>
      </object_component>
      <object_component id="oc-187f">
         <name>.text:xdc_runtime_Error_print__E</name>
         <load_address>0xa53c</load_address>
         <run_address>0xa53c</run_address>
         <size>0x6c</size>
         <input_file_ref idref="fl-47"/>
      </object_component>
      <object_component id="oc-7a2">
         <name>.text:xdc_runtime_Memory_alloc__E</name>
         <load_address>0xa5a8</load_address>
         <run_address>0xa5a8</run_address>
         <size>0x6c</size>
         <input_file_ref idref="fl-49"/>
      </object_component>
      <object_component id="oc-98d">
         <name>.text:bmi160_get_gyro_offset_compensation_xaxis</name>
         <load_address>0xa614</load_address>
         <run_address>0xa614</run_address>
         <size>0x68</size>
         <input_file_ref idref="fl-4"/>
      </object_component>
      <object_component id="oc-13">
         <name>.text:decompress:lzss</name>
         <load_address>0xa67c</load_address>
         <run_address>0xa67c</run_address>
         <size>0x68</size>
         <input_file_ref idref="fl-117"/>
      </object_component>
      <object_component id="oc-12ee">
         <name>.text:primeTransfer</name>
         <load_address>0xa6e4</load_address>
         <run_address>0xa6e4</run_address>
         <size>0x68</size>
         <input_file_ref idref="fl-2a"/>
      </object_component>
      <object_component id="oc-1081">
         <name>.text</name>
         <load_address>0xa74c</load_address>
         <run_address>0xa74c</run_address>
         <size>0x68</size>
         <input_file_ref idref="fl-12d"/>
      </object_component>
      <object_component id="oc-f92">
         <name>.text:I2CMSP432_close</name>
         <load_address>0xa7b4</load_address>
         <run_address>0xa7b4</run_address>
         <size>0x66</size>
         <input_file_ref idref="fl-2a"/>
      </object_component>
      <object_component id="oc-39c">
         <name>.text:xdc_runtime_Core_deleteObject__I</name>
         <load_address>0xa81a</load_address>
         <run_address>0xa81a</run_address>
         <size>0x66</size>
         <input_file_ref idref="fl-43"/>
      </object_component>
      <object_component id="oc-fe5">
         <name>.text:UARTMSP432_writePolling</name>
         <load_address>0xa880</load_address>
         <run_address>0xa880</run_address>
         <size>0x64</size>
         <input_file_ref idref="fl-2f"/>
      </object_component>
      <object_component id="oc-926">
         <name>.text:bmi160_interrupt_configuration</name>
         <load_address>0xa8e4</load_address>
         <run_address>0xa8e4</run_address>
         <size>0x64</size>
         <input_file_ref idref="fl-5"/>
      </object_component>
      <object_component id="oc-8e8">
         <name>.text:bmi160_set_accel_bw</name>
         <load_address>0xa948</load_address>
         <run_address>0xa948</run_address>
         <size>0x64</size>
         <input_file_ref idref="fl-4"/>
      </object_component>
      <object_component id="oc-8fa">
         <name>.text:bmi160_set_accel_output_data_rate</name>
         <load_address>0xa9ac</load_address>
         <run_address>0xa9ac</run_address>
         <size>0x64</size>
         <input_file_ref idref="fl-4"/>
      </object_component>
      <object_component id="oc-932">
         <name>.text:bmi160_set_fifo_accel_enable</name>
         <load_address>0xaa10</load_address>
         <run_address>0xaa10</run_address>
         <size>0x64</size>
         <input_file_ref idref="fl-4"/>
      </object_component>
      <object_component id="oc-938">
         <name>.text:bmi160_set_fifo_gyro_enable</name>
         <load_address>0xaa74</load_address>
         <run_address>0xaa74</run_address>
         <size>0x64</size>
         <input_file_ref idref="fl-4"/>
      </object_component>
      <object_component id="oc-92c">
         <name>.text:bmi160_set_fifo_header_enable</name>
         <load_address>0xaad8</load_address>
         <run_address>0xaad8</run_address>
         <size>0x64</size>
         <input_file_ref idref="fl-4"/>
      </object_component>
      <object_component id="oc-956">
         <name>.text:bmi160_set_fifo_mag_enable</name>
         <load_address>0xab3c</load_address>
         <run_address>0xab3c</run_address>
         <size>0x64</size>
         <input_file_ref idref="fl-4"/>
      </object_component>
      <object_component id="oc-944">
         <name>.text:bmi160_set_fifo_stop_on_full</name>
         <load_address>0xaba0</load_address>
         <run_address>0xaba0</run_address>
         <size>0x64</size>
         <input_file_ref idref="fl-4"/>
      </object_component>
      <object_component id="oc-93e">
         <name>.text:bmi160_set_fifo_time_enable</name>
         <load_address>0xac04</load_address>
         <run_address>0xac04</run_address>
         <size>0x64</size>
         <input_file_ref idref="fl-4"/>
      </object_component>
      <object_component id="oc-8ee">
         <name>.text:bmi160_set_gyro_bw</name>
         <load_address>0xac68</load_address>
         <run_address>0xac68</run_address>
         <size>0x64</size>
         <input_file_ref idref="fl-4"/>
      </object_component>
      <object_component id="oc-8e2">
         <name>.text:bmi160_set_gyro_range</name>
         <load_address>0xaccc</load_address>
         <run_address>0xaccc</run_address>
         <size>0x64</size>
         <input_file_ref idref="fl-4"/>
      </object_component>
      <object_component id="oc-919">
         <name>.text:bmi160_set_gyro_sleep_state</name>
         <load_address>0xad30</load_address>
         <run_address>0xad30</run_address>
         <size>0x64</size>
         <input_file_ref idref="fl-4"/>
      </object_component>
      <object_component id="oc-90d">
         <name>.text:bmi160_set_gyro_sleep_trigger</name>
         <load_address>0xad94</load_address>
         <run_address>0xad94</run_address>
         <size>0x64</size>
         <input_file_ref idref="fl-4"/>
      </object_component>
      <object_component id="oc-91f">
         <name>.text:bmi160_set_gyro_wakeup_intr</name>
         <load_address>0xadf8</load_address>
         <run_address>0xadf8</run_address>
         <size>0x64</size>
         <input_file_ref idref="fl-4"/>
      </object_component>
      <object_component id="oc-913">
         <name>.text:bmi160_set_gyro_wakeup_trigger</name>
         <load_address>0xae5c</load_address>
         <run_address>0xae5c</run_address>
         <size>0x64</size>
         <input_file_ref idref="fl-4"/>
      </object_component>
      <object_component id="oc-8ca">
         <name>.text:bmi160_set_if_mode</name>
         <load_address>0xaec0</load_address>
         <run_address>0xaec0</run_address>
         <size>0x64</size>
         <input_file_ref idref="fl-4"/>
      </object_component>
      <object_component id="oc-e02">
         <name>.text:bmi160_set_mag_output_data_rate</name>
         <load_address>0xaf24</load_address>
         <run_address>0xaf24</run_address>
         <size>0x64</size>
         <input_file_ref idref="fl-4"/>
      </object_component>
      <object_component id="oc-dc0">
         <name>.text:bmi160_set_paging_enable</name>
         <load_address>0xaf88</load_address>
         <run_address>0xaf88</run_address>
         <size>0x64</size>
         <input_file_ref idref="fl-4"/>
      </object_component>
      <object_component id="oc-dd2">
         <name>.text:bmi160_set_pullup_configuration</name>
         <load_address>0xafec</load_address>
         <run_address>0xafec</run_address>
         <size>0x64</size>
         <input_file_ref idref="fl-4"/>
      </object_component>
      <object_component id="oc-db4">
         <name>.text:bmi160_set_target_page</name>
         <load_address>0xb050</load_address>
         <run_address>0xb050</run_address>
         <size>0x64</size>
         <input_file_ref idref="fl-4"/>
      </object_component>
      <object_component id="oc-d08">
         <name>.text</name>
         <load_address>0xb0b4</load_address>
         <run_address>0xb0b4</run_address>
         <size>0x64</size>
         <input_file_ref idref="fl-13a"/>
      </object_component>
      <object_component id="oc-173c">
         <name>.text:ti_sysbios_family_arm_m3_Hwi_dispatchC__I</name>
         <load_address>0xb118</load_address>
         <run_address>0xb118</run_address>
         <size>0x64</size>
         <input_file_ref idref="fl-3d"/>
      </object_component>
      <object_component id="oc-708">
         <name>.text:HwiP_create</name>
         <load_address>0xb17c</load_address>
         <run_address>0xb17c</run_address>
         <size>0x62</size>
         <input_file_ref idref="fl-3b"/>
      </object_component>
      <object_component id="oc-993">
         <name>.text:bmi160_get_gyro_offset_compensation_yaxis</name>
         <load_address>0xb1e0</load_address>
         <run_address>0xb1e0</run_address>
         <size>0x60</size>
         <input_file_ref idref="fl-4"/>
      </object_component>
      <object_component id="oc-999">
         <name>.text:bmi160_get_gyro_offset_compensation_zaxis</name>
         <load_address>0xb240</load_address>
         <run_address>0xb240</run_address>
         <size>0x60</size>
         <input_file_ref idref="fl-4"/>
      </object_component>
      <object_component id="oc-da0">
         <name>.text:bmi160_set_mag_manual_enable</name>
         <load_address>0xb2a0</load_address>
         <run_address>0xb2a0</run_address>
         <size>0x60</size>
         <input_file_ref idref="fl-4"/>
      </object_component>
      <object_component id="oc-c5c">
         <name>.text:ti_sysbios_knl_Task_schedule__I</name>
         <load_address>0xb300</load_address>
         <run_address>0xb300</run_address>
         <size>0x60</size>
         <input_file_ref idref="fl-3d"/>
      </object_component>
      <object_component id="oc-1fd">
         <name>.text:GPIO_init</name>
         <load_address>0xb360</load_address>
         <run_address>0xb360</run_address>
         <size>0x5c</size>
         <input_file_ref idref="fl-29"/>
      </object_component>
      <object_component id="oc-9b5">
         <name>.text:bmi160_bmm150_mag_compensate_Z</name>
         <load_address>0xb3bc</load_address>
         <run_address>0xb3bc</run_address>
         <size>0x5c</size>
         <input_file_ref idref="fl-4"/>
      </object_component>
      <object_component id="oc-963">
         <name>.text:bmi160_set_accel_offset_enable</name>
         <load_address>0xb418</load_address>
         <run_address>0xb418</run_address>
         <size>0x5c</size>
         <input_file_ref idref="fl-4"/>
      </object_component>
      <object_component id="oc-987">
         <name>.text:bmi160_set_gyro_offset_enable</name>
         <load_address>0xb474</load_address>
         <run_address>0xb474</run_address>
         <size>0x5c</size>
         <input_file_ref idref="fl-4"/>
      </object_component>
      <object_component id="oc-dd8">
         <name>.text:bmi160_set_i2c_device_addr</name>
         <load_address>0xb4d0</load_address>
         <run_address>0xb4d0</run_address>
         <size>0x5c</size>
         <input_file_ref idref="fl-4"/>
      </object_component>
      <object_component id="oc-525">
         <name>.text:xdc_runtime_System_Module_GateProxy_enter__E</name>
         <load_address>0xb52c</load_address>
         <run_address>0xb52c</run_address>
         <size>0x4</size>
         <input_file_ref idref="fl-c"/>
      </object_component>
      <object_component id="oc-153a">
         <name>.text:ti_sysbios_knl_Swi_run__I</name>
         <load_address>0xb530</load_address>
         <run_address>0xb530</run_address>
         <size>0x5c</size>
         <input_file_ref idref="fl-3d"/>
      </object_component>
      <object_component id="oc-7ee">
         <name>.text:xdc_runtime_System_Module_GateProxy_leave__E</name>
         <load_address>0xb58c</load_address>
         <run_address>0xb58c</run_address>
         <size>0x4</size>
         <input_file_ref idref="fl-c"/>
      </object_component>
      <object_component id="oc-f62">
         <name>.text:ti_sysbios_knl_Swi_schedule__I</name>
         <load_address>0xb590</load_address>
         <run_address>0xb590</run_address>
         <size>0x5c</size>
         <input_file_ref idref="fl-3d"/>
      </object_component>
      <object_component id="oc-18f2">
         <name>.text:xdc_runtime_System_aprintf_va__F</name>
         <load_address>0xb5ec</load_address>
         <run_address>0xb5ec</run_address>
         <size>0x4</size>
         <input_file_ref idref="fl-4b"/>
      </object_component>
      <object_component id="oc-11ff">
         <name>.text:ti_sysbios_knl_Task_Module_startup__E</name>
         <load_address>0xb5f0</load_address>
         <run_address>0xb5f0</run_address>
         <size>0x5c</size>
         <input_file_ref idref="fl-3d"/>
      </object_component>
      <object_component id="oc-221">
         <name>.text:ti_sysbios_knl_Task_create</name>
         <load_address>0xb64c</load_address>
         <run_address>0xb64c</run_address>
         <size>0x5c</size>
         <input_file_ref idref="fl-c"/>
      </object_component>
      <object_component id="oc-10ea">
         <name>.text:ti_sysbios_knl_Task_startCore__E</name>
         <load_address>0xb6a8</load_address>
         <run_address>0xb6a8</run_address>
         <size>0x5c</size>
         <input_file_ref idref="fl-3d"/>
      </object_component>
      <object_component id="oc-17f8">
         <name>.text:xdc_runtime_Text_putLab__E</name>
         <load_address>0xb704</load_address>
         <run_address>0xb704</run_address>
         <size>0x5b</size>
         <input_file_ref idref="fl-4d"/>
      </object_component>
      <object_component id="oc-133b">
         <name>.text:ClockP_create</name>
         <load_address>0xb760</load_address>
         <run_address>0xb760</run_address>
         <size>0x5a</size>
         <input_file_ref idref="fl-3a"/>
      </object_component>
      <object_component id="oc-12ca">
         <name>.text:SemaphoreP_create</name>
         <load_address>0xb7ba</load_address>
         <run_address>0xb7ba</run_address>
         <size>0x58</size>
         <input_file_ref idref="fl-3c"/>
      </object_component>
      <object_component id="oc-484">
         <name>.text:bmi160_read_accel_xyz</name>
         <load_address>0xb814</load_address>
         <run_address>0xb814</run_address>
         <size>0x58</size>
         <input_file_ref idref="fl-4"/>
      </object_component>
      <object_component id="oc-48a">
         <name>.text:bmi160_read_gyro_xyz</name>
         <load_address>0xb86c</load_address>
         <run_address>0xb86c</run_address>
         <size>0x58</size>
         <input_file_ref idref="fl-4"/>
      </object_component>
      <object_component id="oc-25">
         <name>.text</name>
         <load_address>0xb8c4</load_address>
         <run_address>0xb8c4</run_address>
         <size>0x58</size>
         <input_file_ref idref="fl-50"/>
      </object_component>
      <object_component id="oc-b4c">
         <name>.text:ti_sysbios_family_arm_m3_Hwi_construct</name>
         <load_address>0xb91c</load_address>
         <run_address>0xb91c</run_address>
         <size>0x58</size>
         <input_file_ref idref="fl-c"/>
      </object_component>
      <object_component id="oc-16aa">
         <name>.text:ti_sysbios_family_arm_m3_Hwi_initStacks__E</name>
         <load_address>0xb974</load_address>
         <run_address>0xb974</run_address>
         <size>0x58</size>
         <input_file_ref idref="fl-3f"/>
      </object_component>
      <object_component id="oc-720">
         <name>.text:GPIO_hwiIntFxn</name>
         <load_address>0xb9cc</load_address>
         <run_address>0xb9cc</run_address>
         <size>0x54</size>
         <input_file_ref idref="fl-29"/>
      </object_component>
      <object_component id="oc-341">
         <name>.text:GPIO_setCallback</name>
         <load_address>0xba20</load_address>
         <run_address>0xba20</run_address>
         <size>0x54</size>
         <input_file_ref idref="fl-29"/>
      </object_component>
      <object_component id="oc-1296">
         <name>.text:initHw</name>
         <load_address>0xba74</load_address>
         <run_address>0xba74</run_address>
         <size>0x54</size>
         <input_file_ref idref="fl-2a"/>
      </object_component>
      <object_component id="oc-277">
         <name>.text</name>
         <load_address>0xbac8</load_address>
         <run_address>0xbac8</run_address>
         <size>0x54</size>
         <input_file_ref idref="fl-11f"/>
      </object_component>
      <object_component id="oc-cf8">
         <name>.text</name>
         <load_address>0xbb1c</load_address>
         <run_address>0xbb1c</run_address>
         <size>0x54</size>
         <input_file_ref idref="fl-137"/>
      </object_component>
      <object_component id="oc-152b">
         <name>.text:ti_sysbios_family_arm_msp432_Timer_initDevice__I</name>
         <load_address>0xbb70</load_address>
         <run_address>0xbb70</run_address>
         <size>0x54</size>
         <input_file_ref idref="fl-3d"/>
      </object_component>
      <object_component id="oc-8a2">
         <name>.text:xdc_runtime_System_printf_va__F</name>
         <load_address>0xbbc4</load_address>
         <run_address>0xbbc4</run_address>
         <size>0x4</size>
         <input_file_ref idref="fl-4b"/>
      </object_component>
      <object_component id="oc-c6">
         <name>.text:ti_sysbios_family_arm_msp432_init_Boot_configureClocksHigh</name>
         <load_address>0xbbc8</load_address>
         <run_address>0xbbc8</run_address>
         <size>0x54</size>
         <input_file_ref idref="fl-3d"/>
      </object_component>
      <object_component id="oc-755">
         <name>.text:xdc_runtime_Assert_raise__I</name>
         <load_address>0xbc1c</load_address>
         <run_address>0xbc1c</run_address>
         <size>0x54</size>
         <input_file_ref idref="fl-42"/>
      </object_component>
      <object_component id="oc-feb">
         <name>.text:UARTMSP432_writeCancel</name>
         <load_address>0xbc70</load_address>
         <run_address>0xbc70</run_address>
         <size>0x52</size>
         <input_file_ref idref="fl-2f"/>
      </object_component>
      <object_component id="oc-20f">
         <name>.text:GPIO_write</name>
         <load_address>0xbcc4</load_address>
         <run_address>0xbcc4</run_address>
         <size>0x50</size>
         <input_file_ref idref="fl-29"/>
      </object_component>
      <object_component id="oc-f11">
         <name>.text:PCM_shutdownDevice</name>
         <load_address>0xbd14</load_address>
         <run_address>0xbd14</run_address>
         <size>0x50</size>
         <input_file_ref idref="fl-59"/>
      </object_component>
      <object_component id="oc-d6f">
         <name>.text:bmi160_i2c_bus_write</name>
         <load_address>0xbd64</load_address>
         <run_address>0xbd64</run_address>
         <size>0x50</size>
         <input_file_ref idref="fl-5"/>
      </object_component>
      <object_component id="oc-1205">
         <name>.text:ti_sysbios_family_arm_m3_Hwi_Module_startup__E</name>
         <load_address>0xbdb8</load_address>
         <run_address>0xbdb8</run_address>
         <size>0x50</size>
         <input_file_ref idref="fl-3d"/>
      </object_component>
      <object_component id="oc-a5">
         <name>.text:xdc_runtime_Startup_exec__E</name>
         <load_address>0xbe08</load_address>
         <run_address>0xbe08</run_address>
         <size>0x50</size>
         <input_file_ref idref="fl-4a"/>
      </object_component>
      <object_component id="oc-1925">
         <name>.text:xdc_runtime_Text_visitRope2__I</name>
         <load_address>0xbe58</load_address>
         <run_address>0xbe58</run_address>
         <size>0x50</size>
         <input_file_ref idref="fl-4d"/>
      </object_component>
      <object_component id="oc-d1a">
         <name>.text</name>
         <load_address>0xbea8</load_address>
         <run_address>0xbea8</run_address>
         <size>0x4c</size>
         <input_file_ref idref="fl-131"/>
      </object_component>
      <object_component id="oc-9f">
         <name>.text</name>
         <load_address>0xbef4</load_address>
         <run_address>0xbef4</run_address>
         <size>0x4c</size>
         <input_file_ref idref="fl-11a"/>
      </object_component>
      <object_component id="oc-10d8">
         <name>.text:ti_sysbios_family_arm_msp432_Timer_start__E</name>
         <load_address>0xbf40</load_address>
         <run_address>0xbf40</run_address>
         <size>0x4c</size>
         <input_file_ref idref="fl-3d"/>
      </object_component>
      <object_component id="oc-14d4">
         <name>.text:ti_sysbios_heaps_HeapMem_getStats__E</name>
         <load_address>0xbf90</load_address>
         <run_address>0xbf90</run_address>
         <size>0x4c</size>
         <input_file_ref idref="fl-3d"/>
      </object_component>
      <object_component id="oc-1252">
         <name>.text:ti_sysbios_knl_Swi_runLoop__I</name>
         <load_address>0xbfe0</load_address>
         <run_address>0xbfe0</run_address>
         <size>0x4c</size>
         <input_file_ref idref="fl-3d"/>
      </object_component>
      <object_component id="oc-106e">
         <name>.text:ti_sysbios_knl_Task_allBlockedFunction__I</name>
         <load_address>0xc030</load_address>
         <run_address>0xc030</run_address>
         <size>0x4c</size>
         <input_file_ref idref="fl-3d"/>
      </object_component>
      <object_component id="oc-852">
         <name>.text:ti_sysbios_knl_Task_block__E</name>
         <load_address>0xc080</load_address>
         <run_address>0xc080</run_address>
         <size>0x4c</size>
         <input_file_ref idref="fl-3d"/>
      </object_component>
      <object_component id="oc-cf3">
         <name>.text</name>
         <load_address>0xc0cc</load_address>
         <run_address>0xc0cc</run_address>
         <size>0x48</size>
         <input_file_ref idref="fl-134"/>
      </object_component>
      <object_component id="oc-125b">
         <name>.text:ti_sysbios_family_arm_m3_Hwi_disableInterrupt__E</name>
         <load_address>0xc118</load_address>
         <run_address>0xc118</run_address>
         <size>0x48</size>
         <input_file_ref idref="fl-3d"/>
      </object_component>
      <object_component id="oc-1542">
         <name>.text:ti_sysbios_family_arm_m3_Hwi_enableInterrupt__E</name>
         <load_address>0xc160</load_address>
         <run_address>0xc160</run_address>
         <size>0x48</size>
         <input_file_ref idref="fl-3d"/>
      </object_component>
      <object_component id="oc-a69">
         <name>.text:ti_sysbios_family_arm_m3_Hwi_excReserved__I</name>
         <load_address>0xc1a8</load_address>
         <run_address>0xc1a8</run_address>
         <size>0x48</size>
         <input_file_ref idref="fl-3d"/>
      </object_component>
      <object_component id="oc-17ad">
         <name>.text:RingBuf_put</name>
         <load_address>0xc1f0</load_address>
         <run_address>0xc1f0</run_address>
         <size>0x46</size>
         <input_file_ref idref="fl-32"/>
      </object_component>
      <object_component id="oc-1626">
         <name>.text:readIsrBinaryBlocking</name>
         <load_address>0xc236</load_address>
         <run_address>0xc236</run_address>
         <size>0x46</size>
         <input_file_ref idref="fl-2f"/>
      </object_component>
      <object_component id="oc-386">
         <name>.text:xdc_runtime_Core_assignParams__I</name>
         <load_address>0xc27c</load_address>
         <run_address>0xc27c</run_address>
         <size>0x46</size>
         <input_file_ref idref="fl-46"/>
      </object_component>
      <object_component id="oc-1f7">
         <name>.text:Power_init</name>
         <load_address>0xc2c4</load_address>
         <run_address>0xc2c4</run_address>
         <size>0x44</size>
         <input_file_ref idref="fl-2b"/>
      </object_component>
      <object_component id="oc-ad8">
         <name>.text:ti_sysbios_family_arm_m3_Hwi_getStackInfo__E</name>
         <load_address>0xc308</load_address>
         <run_address>0xc308</run_address>
         <size>0x44</size>
         <input_file_ref idref="fl-3d"/>
      </object_component>
      <object_component id="oc-144d">
         <name>.text:ti_sysbios_knl_Swi_post__E</name>
         <load_address>0xc350</load_address>
         <run_address>0xc350</run_address>
         <size>0x44</size>
         <input_file_ref idref="fl-3d"/>
      </object_component>
      <object_component id="oc-1652">
         <name>.text:xdc_runtime_Error_setX__E</name>
         <load_address>0xc394</load_address>
         <run_address>0xc394</run_address>
         <size>0x44</size>
         <input_file_ref idref="fl-47"/>
      </object_component>
      <object_component id="oc-227">
         <name>.text:xdc_runtime_SysMin_flush__E</name>
         <load_address>0xc3d8</load_address>
         <run_address>0xc3d8</run_address>
         <size>0x44</size>
         <input_file_ref idref="fl-4c"/>
      </object_component>
      <object_component id="oc-189c">
         <name>.text:xdc_runtime_Text_xprintf__I</name>
         <load_address>0xc41c</load_address>
         <run_address>0xc41c</run_address>
         <size>0x44</size>
         <input_file_ref idref="fl-4d"/>
      </object_component>
      <object_component id="oc-1353">
         <name>.text:UARTMSP432_hwiIntFxn</name>
         <load_address>0xc460</load_address>
         <run_address>0xc460</run_address>
         <size>0x42</size>
         <input_file_ref idref="fl-2f"/>
      </object_component>
      <object_component id="oc-15c9">
         <name>.text:completeTransfer</name>
         <load_address>0xc4a2</load_address>
         <run_address>0xc4a2</run_address>
         <size>0x42</size>
         <input_file_ref idref="fl-2a"/>
      </object_component>
      <object_component id="oc-6b6">
         <name>.text:FlashCtl_disableReadBuffering</name>
         <load_address>0xc4e4</load_address>
         <run_address>0xc4e4</run_address>
         <size>0x40</size>
         <input_file_ref idref="fl-55"/>
      </object_component>
      <object_component id="oc-15bd">
         <name>.text:I2C_masterSendMultiByteFinish</name>
         <load_address>0xc524</load_address>
         <run_address>0xc524</run_address>
         <size>0x40</size>
         <input_file_ref idref="fl-57"/>
      </object_component>
      <object_component id="oc-1375">
         <name>.text:RingBuf_get</name>
         <load_address>0xc564</load_address>
         <run_address>0xc564</run_address>
         <size>0x40</size>
         <input_file_ref idref="fl-32"/>
      </object_component>
      <object_component id="oc-fcd">
         <name>.text:UARTMSP432_read</name>
         <load_address>0xc5a4</load_address>
         <run_address>0xc5a4</run_address>
         <size>0x40</size>
         <input_file_ref idref="fl-2f"/>
      </object_component>
      <object_component id="oc-8b4">
         <name>.text:bmi160_init</name>
         <load_address>0xc5e4</load_address>
         <run_address>0xc5e4</run_address>
         <size>0x40</size>
         <input_file_ref idref="fl-4"/>
      </object_component>
      <object_component id="oc-f42">
         <name>.text:notify</name>
         <load_address>0xc624</load_address>
         <run_address>0xc624</run_address>
         <size>0x40</size>
         <input_file_ref idref="fl-2b"/>
      </object_component>
      <object_component id="oc-16bd">
         <name>.text</name>
         <load_address>0xc664</load_address>
         <run_address>0xc664</run_address>
         <size>0x40</size>
         <input_file_ref idref="fl-12e"/>
      </object_component>
      <object_component id="oc-c99">
         <name>.text:ti_sysbios_family_arm_msp432_Timer_startup__E</name>
         <load_address>0xc6a8</load_address>
         <run_address>0xc6a8</run_address>
         <size>0x40</size>
         <input_file_ref idref="fl-3d"/>
      </object_component>
      <object_component id="oc-1559">
         <name>.text:I2C_initMaster</name>
         <load_address>0xc6e8</load_address>
         <run_address>0xc6e8</run_address>
         <size>0x3e</size>
         <input_file_ref idref="fl-57"/>
      </object_component>
      <object_component id="oc-490">
         <name>.text:bmi160_bmm150_mag_compensate_xyz</name>
         <load_address>0xc726</load_address>
         <run_address>0xc726</run_address>
         <size>0x3e</size>
         <input_file_ref idref="fl-4"/>
      </object_component>
      <object_component id="oc-6d6">
         <name>.text:PowerMSP432_sleepPolicy</name>
         <load_address>0xc764</load_address>
         <run_address>0xc764</run_address>
         <size>0x3c</size>
         <input_file_ref idref="fl-36"/>
      </object_component>
      <object_component id="oc-a75">
         <name>.text:ti_sysbios_family_arm_m3_Hwi_excSvCall__I</name>
         <load_address>0xc7a0</load_address>
         <run_address>0xc7a0</run_address>
         <size>0x3c</size>
         <input_file_ref idref="fl-3d"/>
      </object_component>
      <object_component id="oc-683">
         <name>.text:ti_sysbios_heaps_HeapMem_init__I</name>
         <load_address>0xc7e0</load_address>
         <run_address>0xc7e0</run_address>
         <size>0x3c</size>
         <input_file_ref idref="fl-3d"/>
      </object_component>
      <object_component id="oc-b31">
         <name>.text:ti_sysbios_knl_Swi_restore__E</name>
         <load_address>0xc820</load_address>
         <run_address>0xc820</run_address>
         <size>0x3c</size>
         <input_file_ref idref="fl-3d"/>
      </object_component>
      <object_component id="oc-1638">
         <name>.text:readIsrBinaryCallback</name>
         <load_address>0xc85c</load_address>
         <run_address>0xc85c</run_address>
         <size>0x3a</size>
         <input_file_ref idref="fl-2f"/>
      </object_component>
      <object_component id="oc-34e">
         <name>.text:I2C_init</name>
         <load_address>0xc898</load_address>
         <run_address>0xc898</run_address>
         <size>0x38</size>
         <input_file_ref idref="fl-22"/>
      </object_component>
      <object_component id="oc-355">
         <name>.text:UART_init</name>
         <load_address>0xc8d0</load_address>
         <run_address>0xc8d0</run_address>
         <size>0x38</size>
         <input_file_ref idref="fl-26"/>
      </object_component>
      <object_component id="oc-12d0">
         <name>.text:perfChangeNotifyFxn</name>
         <load_address>0xc908</load_address>
         <run_address>0xc908</run_address>
         <size>0x38</size>
         <input_file_ref idref="fl-2a"/>
      </object_component>
      <object_component id="oc-40a">
         <name>.text</name>
         <load_address>0xc940</load_address>
         <run_address>0xc940</run_address>
         <size>0x38</size>
         <input_file_ref idref="fl-124"/>
      </object_component>
      <object_component id="oc-a63">
         <name>.text:ti_sysbios_family_arm_m3_Hwi_excNoIsr__I</name>
         <load_address>0xc978</load_address>
         <run_address>0xc978</run_address>
         <size>0x38</size>
         <input_file_ref idref="fl-3d"/>
      </object_component>
      <object_component id="oc-7db">
         <name>.text:ti_sysbios_knl_Task_processVitalTaskFlag__I</name>
         <load_address>0xc9b0</load_address>
         <run_address>0xc9b0</run_address>
         <size>0x38</size>
         <input_file_ref idref="fl-3d"/>
      </object_component>
      <object_component id="oc-d5d">
         <name>.text:xdc_runtime_SysMin_putch__E</name>
         <load_address>0xc9e8</load_address>
         <run_address>0xc9e8</run_address>
         <size>0x38</size>
         <input_file_ref idref="fl-4c"/>
      </object_component>
      <object_component id="oc-c8d">
         <name>.text:xdc_runtime_System_atexit__E</name>
         <load_address>0xca20</load_address>
         <run_address>0xca20</run_address>
         <size>0x38</size>
         <input_file_ref idref="fl-4b"/>
      </object_component>
      <object_component id="oc-fd9">
         <name>.text:UARTMSP432_readCancel</name>
         <load_address>0xca58</load_address>
         <run_address>0xca58</run_address>
         <size>0x36</size>
         <input_file_ref idref="fl-2f"/>
      </object_component>
      <object_component id="oc-134d">
         <name>.text:perfChangeNotifyFxn</name>
         <load_address>0xca8e</load_address>
         <run_address>0xca8e</run_address>
         <size>0x36</size>
         <input_file_ref idref="fl-2f"/>
      </object_component>
      <object_component id="oc-6bc">
         <name>.text:FlashCtl_enableReadBuffering</name>
         <load_address>0xcac4</load_address>
         <run_address>0xcac4</run_address>
         <size>0x34</size>
         <input_file_ref idref="fl-55"/>
      </object_component>
      <object_component id="oc-969">
         <name>.text:bmi160_get_foc_rdy</name>
         <load_address>0xcaf8</load_address>
         <run_address>0xcaf8</run_address>
         <size>0x34</size>
         <input_file_ref idref="fl-4"/>
      </object_component>
      <object_component id="oc-8be">
         <name>.text:bmi160_get_if_mode</name>
         <load_address>0xcb2c</load_address>
         <run_address>0xcb2c</run_address>
         <size>0x34</size>
         <input_file_ref idref="fl-4"/>
      </object_component>
      <object_component id="oc-dde">
         <name>.text:bmi160_get_mag_manual_enable</name>
         <load_address>0xcb60</load_address>
         <run_address>0xcb60</run_address>
         <size>0x34</size>
         <input_file_ref idref="fl-4"/>
      </object_component>
      <object_component id="oc-dae">
         <name>.text:bmi160_get_mag_power_mode_stat</name>
         <load_address>0xcb94</load_address>
         <run_address>0xcb94</run_address>
         <size>0x34</size>
         <input_file_ref idref="fl-4"/>
      </object_component>
      <object_component id="oc-dc6">
         <name>.text:bmi160_get_paging_enable</name>
         <load_address>0xcbc8</load_address>
         <run_address>0xcbc8</run_address>
         <size>0x34</size>
         <input_file_ref idref="fl-4"/>
      </object_component>
      <object_component id="oc-dcc">
         <name>.text:bmi160_get_pullup_configuration</name>
         <load_address>0xcbfc</load_address>
         <run_address>0xcbfc</run_address>
         <size>0x34</size>
         <input_file_ref idref="fl-4"/>
      </object_component>
      <object_component id="oc-dba">
         <name>.text:bmi160_get_target_page</name>
         <load_address>0xcc30</load_address>
         <run_address>0xcc30</run_address>
         <size>0x34</size>
         <input_file_ref idref="fl-4"/>
      </object_component>
      <object_component id="oc-f7e">
         <name>.text:ti_sysbios_family_arm_m3_Hwi_Instance_finalize__E</name>
         <load_address>0xcc68</load_address>
         <run_address>0xcc68</run_address>
         <size>0x34</size>
         <input_file_ref idref="fl-3d"/>
      </object_component>
      <object_component id="oc-a93">
         <name>.text:ti_sysbios_family_arm_m3_Hwi_excNmi__I</name>
         <load_address>0xcca0</load_address>
         <run_address>0xcca0</run_address>
         <size>0x34</size>
         <input_file_ref idref="fl-3d"/>
      </object_component>
      <object_component id="oc-188c">
         <name>.text:ti_sysbios_hal_Hwi_checkStack</name>
         <load_address>0xccd8</load_address>
         <run_address>0xccd8</run_address>
         <size>0x34</size>
         <input_file_ref idref="fl-3d"/>
      </object_component>
      <object_component id="oc-15f8">
         <name>.text:ti_sysbios_knl_Clock_construct</name>
         <load_address>0xcd0c</load_address>
         <run_address>0xcd0c</run_address>
         <size>0x34</size>
         <input_file_ref idref="fl-c"/>
      </object_component>
      <object_component id="oc-215">
         <name>.text:ti_sysbios_knl_Semaphore_create</name>
         <load_address>0xcd40</load_address>
         <run_address>0xcd40</run_address>
         <size>0x34</size>
         <input_file_ref idref="fl-c"/>
      </object_component>
      <object_component id="oc-11d4">
         <name>.text:xdc_runtime_Core_assignLabel__I</name>
         <load_address>0xcd74</load_address>
         <run_address>0xcd74</run_address>
         <size>0x34</size>
         <input_file_ref idref="fl-45"/>
      </object_component>
      <object_component id="oc-18e3">
         <name>.text:xdc_runtime_Text_printVisFxn__I</name>
         <load_address>0xcda8</load_address>
         <run_address>0xcda8</run_address>
         <size>0x33</size>
         <input_file_ref idref="fl-4d"/>
      </object_component>
      <object_component id="oc-68f">
         <name>.text:ti_sysbios_hal_Hwi_initStack</name>
         <load_address>0xcde0</load_address>
         <run_address>0xcde0</run_address>
         <size>0x32</size>
         <input_file_ref idref="fl-3d"/>
      </object_component>
      <object_component id="oc-b5e">
         <name>.text:GPIO_getEnabledInterruptStatus</name>
         <load_address>0xce14</load_address>
         <run_address>0xce14</run_address>
         <size>0x30</size>
         <input_file_ref idref="fl-56"/>
      </object_component>
      <object_component id="oc-6f6">
         <name>.text:GPIO_setAsInputPinWithPullDownResistor</name>
         <load_address>0xce44</load_address>
         <run_address>0xce44</run_address>
         <size>0x30</size>
         <input_file_ref idref="fl-56"/>
      </object_component>
      <object_component id="oc-6fc">
         <name>.text:GPIO_setAsInputPinWithPullUpResistor</name>
         <load_address>0xce74</load_address>
         <run_address>0xce74</run_address>
         <size>0x30</size>
         <input_file_ref idref="fl-56"/>
      </object_component>
      <object_component id="oc-448">
         <name>.text:I2C_open</name>
         <load_address>0xcea4</load_address>
         <run_address>0xcea4</run_address>
         <size>0x30</size>
         <input_file_ref idref="fl-22"/>
      </object_component>
      <object_component id="oc-460">
         <name>.text:UART_open</name>
         <load_address>0xced4</load_address>
         <run_address>0xced4</run_address>
         <size>0x30</size>
         <input_file_ref idref="fl-26"/>
      </object_component>
      <object_component id="oc-96f">
         <name>.text:bmi160_get_accel_offset_compensation_xaxis</name>
         <load_address>0xcf04</load_address>
         <run_address>0xcf04</run_address>
         <size>0x30</size>
         <input_file_ref idref="fl-4"/>
      </object_component>
      <object_component id="oc-975">
         <name>.text:bmi160_get_accel_offset_compensation_yaxis</name>
         <load_address>0xcf34</load_address>
         <run_address>0xcf34</run_address>
         <size>0x30</size>
         <input_file_ref idref="fl-4"/>
      </object_component>
      <object_component id="oc-97b">
         <name>.text:bmi160_get_accel_offset_compensation_zaxis</name>
         <load_address>0xcf64</load_address>
         <run_address>0xcf64</run_address>
         <size>0x30</size>
         <input_file_ref idref="fl-4"/>
      </object_component>
      <object_component id="oc-d7b">
         <name>.text:bmi160_i2c_burst_read</name>
         <load_address>0xcf94</load_address>
         <run_address>0xcf94</run_address>
         <size>0x30</size>
         <input_file_ref idref="fl-5"/>
      </object_component>
      <object_component id="oc-d75">
         <name>.text:bmi160_i2c_bus_read</name>
         <load_address>0xcfc4</load_address>
         <run_address>0xcfc4</run_address>
         <size>0x30</size>
         <input_file_ref idref="fl-5"/>
      </object_component>
      <object_component id="oc-8ae">
         <name>.text:i2c_routine</name>
         <load_address>0xcff4</load_address>
         <run_address>0xcff4</run_address>
         <size>0x30</size>
         <input_file_ref idref="fl-5"/>
      </object_component>
      <object_component id="oc-cb1">
         <name>.text:ti_sysbios_BIOS_atExitFunc__I</name>
         <load_address>0xd024</load_address>
         <run_address>0xd024</run_address>
         <size>0x30</size>
         <input_file_ref idref="fl-c"/>
      </object_component>
      <object_component id="oc-806">
         <name>.text:ti_sysbios_BIOS_startFunc__I</name>
         <load_address>0xd054</load_address>
         <run_address>0xd054</run_address>
         <size>0x30</size>
         <input_file_ref idref="fl-c"/>
      </object_component>
      <object_component id="oc-c0b">
         <name>.text:ti_sysbios_family_arm_m3_TaskSupport_start__E</name>
         <load_address>0xd088</load_address>
         <run_address>0xd088</run_address>
         <size>0x30</size>
         <input_file_ref idref="fl-3d"/>
      </object_component>
      <object_component id="oc-11ac">
         <name>.text:ti_sysbios_gates_GateHwi_Object__create__S</name>
         <load_address>0xd0b8</load_address>
         <run_address>0xd0b8</run_address>
         <size>0x30</size>
         <input_file_ref idref="fl-c"/>
      </object_component>
      <object_component id="oc-113e">
         <name>.text:ti_sysbios_gates_GateMutexPri_Object__create__S</name>
         <load_address>0xd0e8</load_address>
         <run_address>0xd0e8</run_address>
         <size>0x30</size>
         <input_file_ref idref="fl-c"/>
      </object_component>
      <object_component id="oc-43c">
         <name>.text:ti_sysbios_gates_GateMutexPri_create</name>
         <load_address>0xd118</load_address>
         <run_address>0xd118</run_address>
         <size>0x30</size>
         <input_file_ref idref="fl-c"/>
      </object_component>
      <object_component id="oc-10b1">
         <name>.text:ti_sysbios_gates_GateMutex_Object__create__S</name>
         <load_address>0xd148</load_address>
         <run_address>0xd148</run_address>
         <size>0x30</size>
         <input_file_ref idref="fl-c"/>
      </object_component>
      <object_component id="oc-14da">
         <name>.text:ti_sysbios_heaps_HeapMem_Object__create__S</name>
         <load_address>0xd178</load_address>
         <run_address>0xd178</run_address>
         <size>0x30</size>
         <input_file_ref idref="fl-c"/>
      </object_component>
      <object_component id="oc-1592">
         <name>.text:ti_sysbios_knl_Semaphore_construct</name>
         <load_address>0xd1a8</load_address>
         <run_address>0xd1a8</run_address>
         <size>0x30</size>
         <input_file_ref idref="fl-c"/>
      </object_component>
      <object_component id="oc-829">
         <name>.text:ti_sysbios_knl_Semaphore_pendTimeout__I</name>
         <load_address>0xd1d8</load_address>
         <run_address>0xd1d8</run_address>
         <size>0x30</size>
         <input_file_ref idref="fl-3d"/>
      </object_component>
      <object_component id="oc-878">
         <name>.text:ti_sysbios_knl_Task_unblockI__E</name>
         <load_address>0xd208</load_address>
         <run_address>0xd208</run_address>
         <size>0x30</size>
         <input_file_ref idref="fl-3d"/>
      </object_component>
      <object_component id="oc-898">
         <name>.text:xdc_runtime_SysMin_abort__E</name>
         <load_address>0xd238</load_address>
         <run_address>0xd238</run_address>
         <size>0x30</size>
         <input_file_ref idref="fl-4c"/>
      </object_component>
      <object_component id="oc-b4">
         <name>.text:xdc_runtime_System_processAtExit__E</name>
         <load_address>0xd268</load_address>
         <run_address>0xd268</run_address>
         <size>0x30</size>
         <input_file_ref idref="fl-4b"/>
      </object_component>
      <object_component id="oc-cfe">
         <name>.text</name>
         <load_address>0xd298</load_address>
         <run_address>0xd298</run_address>
         <size>0x2e</size>
         <input_file_ref idref="fl-136"/>
      </object_component>
      <object_component id="oc-6f0">
         <name>.text:GPIO_setAsInputPin</name>
         <load_address>0xd2c8</load_address>
         <run_address>0xd2c8</run_address>
         <size>0x2c</size>
         <input_file_ref idref="fl-56"/>
      </object_component>
      <object_component id="oc-209">
         <name>.text:MSP_EXP432P401R_initUART</name>
         <load_address>0xd2f4</load_address>
         <run_address>0xd2f4</run_address>
         <size>0x2c</size>
         <input_file_ref idref="fl-2"/>
      </object_component>
      <object_component id="oc-122f">
         <name>.text:PCM_getCoreVoltageLevel</name>
         <load_address>0xd320</load_address>
         <run_address>0xd320</run_address>
         <size>0x2c</size>
         <input_file_ref idref="fl-59"/>
      </object_component>
      <object_component id="oc-6c2">
         <name>.text:PowerMSP432_updateFreqs</name>
         <load_address>0xd34c</load_address>
         <run_address>0xd34c</run_address>
         <size>0x2c</size>
         <input_file_ref idref="fl-36"/>
      </object_component>
      <object_component id="oc-127e">
         <name>.text:Power_releaseConstraint</name>
         <load_address>0xd378</load_address>
         <run_address>0xd378</run_address>
         <size>0x2c</size>
         <input_file_ref idref="fl-2b"/>
      </object_component>
      <object_component id="oc-12b2">
         <name>.text:Power_setConstraint</name>
         <load_address>0xd3a4</load_address>
         <run_address>0xd3a4</run_address>
         <size>0x2c</size>
         <input_file_ref idref="fl-2b"/>
      </object_component>
      <object_component id="oc-10fa">
         <name>.text:ti_sysbios_knl_Clock_doTick__I</name>
         <load_address>0xd3d0</load_address>
         <run_address>0xd3d0</run_address>
         <size>0x2c</size>
         <input_file_ref idref="fl-c"/>
      </object_component>
      <object_component id="oc-777">
         <name>.text:ti_sysbios_knl_Queue_construct</name>
         <load_address>0xd3fc</load_address>
         <run_address>0xd3fc</run_address>
         <size>0x2c</size>
         <input_file_ref idref="fl-c"/>
      </object_component>
      <object_component id="oc-7e1">
         <name>.text:ti_sysbios_knl_Task_restore__E</name>
         <load_address>0xd428</load_address>
         <run_address>0xd428</run_address>
         <size>0x2c</size>
         <input_file_ref idref="fl-3d"/>
      </object_component>
      <object_component id="oc-14ae">
         <name>.text:xdc_runtime_Text_cordText__E</name>
         <load_address>0xd454</load_address>
         <run_address>0xd454</run_address>
         <size>0x2c</size>
         <input_file_ref idref="fl-4d"/>
      </object_component>
      <object_component id="oc-121a">
         <name>.text:PCM_getPowerMode</name>
         <load_address>0xd480</load_address>
         <run_address>0xd480</run_address>
         <size>0x2a</size>
         <input_file_ref idref="fl-59"/>
      </object_component>
      <object_component id="oc-132f">
         <name>.text:findBaudDividerIndex</name>
         <load_address>0xd4aa</load_address>
         <run_address>0xd4aa</run_address>
         <size>0x2a</size>
         <input_file_ref idref="fl-2f"/>
      </object_component>
      <object_component id="oc-148a">
         <name>.text:xdc_runtime_System_putchar__I</name>
         <load_address>0xd4d4</load_address>
         <run_address>0xd4d4</run_address>
         <size>0x2a</size>
         <input_file_ref idref="fl-4b"/>
      </object_component>
      <object_component id="oc-6b0">
         <name>.text:FlashCtl_setWaitState</name>
         <load_address>0xd500</load_address>
         <run_address>0xd500</run_address>
         <size>0x28</size>
         <input_file_ref idref="fl-55"/>
      </object_component>
      <object_component id="oc-f23">
         <name>.text:PCM_gotoLPM0</name>
         <load_address>0xd528</load_address>
         <run_address>0xd528</run_address>
         <size>0x28</size>
         <input_file_ref idref="fl-59"/>
      </object_component>
      <object_component id="oc-117c">
         <name>.text:bmi160_read_reg</name>
         <load_address>0xd550</load_address>
         <run_address>0xd550</run_address>
         <size>0x28</size>
         <input_file_ref idref="fl-4"/>
      </object_component>
      <object_component id="oc-8d6">
         <name>.text:bmi160_set_command_register</name>
         <load_address>0xd578</load_address>
         <run_address>0xd578</run_address>
         <size>0x28</size>
         <input_file_ref idref="fl-4"/>
      </object_component>
      <object_component id="oc-950">
         <name>.text:bmi160_set_fifo_wm</name>
         <load_address>0xd5a0</load_address>
         <run_address>0xd5a0</run_address>
         <size>0x28</size>
         <input_file_ref idref="fl-4"/>
      </object_component>
      <object_component id="oc-e08">
         <name>.text:bmi160_set_mag_read_addr</name>
         <load_address>0xd5c8</load_address>
         <run_address>0xd5c8</run_address>
         <size>0x28</size>
         <input_file_ref idref="fl-4"/>
      </object_component>
      <object_component id="oc-df0">
         <name>.text:bmi160_set_mag_write_addr</name>
         <load_address>0xd5f0</load_address>
         <run_address>0xd5f0</run_address>
         <size>0x28</size>
         <input_file_ref idref="fl-4"/>
      </object_component>
      <object_component id="oc-dea">
         <name>.text:bmi160_set_mag_write_data</name>
         <load_address>0xd618</load_address>
         <run_address>0xd618</run_address>
         <size>0x28</size>
         <input_file_ref idref="fl-4"/>
      </object_component>
      <object_component id="oc-e5f">
         <name>.text</name>
         <load_address>0xd640</load_address>
         <run_address>0xd640</run_address>
         <size>0x28</size>
         <input_file_ref idref="fl-11d"/>
      </object_component>
      <object_component id="oc-9c0">
         <name>.text:ti_sysbios_knl_Clock_addI__E</name>
         <load_address>0xd668</load_address>
         <run_address>0xd668</run_address>
         <size>0x28</size>
         <input_file_ref idref="fl-3d"/>
      </object_component>
      <object_component id="oc-11f9">
         <name>.text:ti_sysbios_knl_Swi_Module_startup__E</name>
         <load_address>0xd690</load_address>
         <run_address>0xd690</run_address>
         <size>0x28</size>
         <input_file_ref idref="fl-3d"/>
      </object_component>
      <object_component id="oc-1584">
         <name>.text:List_put</name>
         <load_address>0xd6b8</load_address>
         <run_address>0xd6b8</run_address>
         <size>0x26</size>
         <input_file_ref idref="fl-31"/>
      </object_component>
      <object_component id="oc-80">
         <name>.text:ti_sysbios_family_arm_m3_Hwi_pendSV__I</name>
         <load_address>0xd6de</load_address>
         <run_address>0xd6de</run_address>
         <size>0x26</size>
         <input_file_ref idref="fl-3e"/>
      </object_component>
      <object_component id="oc-1910">
         <name>.text:xdc_runtime_System_avprintf__E</name>
         <load_address>0xd704</load_address>
         <run_address>0xd704</run_address>
         <size>0x26</size>
         <input_file_ref idref="fl-4b"/>
      </object_component>
      <object_component id="oc-69e">
         <name>.text:CS_setDCOCenteredFrequency</name>
         <load_address>0xd72c</load_address>
         <run_address>0xd72c</run_address>
         <size>0x24</size>
         <input_file_ref idref="fl-53"/>
      </object_component>
      <object_component id="oc-6de">
         <name>.text:GPIO_setAsOutputPin</name>
         <load_address>0xd750</load_address>
         <run_address>0xd750</run_address>
         <size>0x24</size>
         <input_file_ref idref="fl-56"/>
      </object_component>
      <object_component id="oc-15c3">
         <name>.text:I2C_masterSendMultiByteNext</name>
         <load_address>0xd774</load_address>
         <run_address>0xd774</run_address>
         <size>0x24</size>
         <input_file_ref idref="fl-57"/>
      </object_component>
      <object_component id="oc-f48">
         <name>.text:RTC_C_holdClock</name>
         <load_address>0xd798</load_address>
         <run_address>0xd798</run_address>
         <size>0x24</size>
         <input_file_ref idref="fl-5a"/>
      </object_component>
      <object_component id="oc-f54">
         <name>.text:RTC_C_startClock</name>
         <load_address>0xd7bc</load_address>
         <run_address>0xd7bc</run_address>
         <size>0x24</size>
         <input_file_ref idref="fl-5a"/>
      </object_component>
      <object_component id="oc-1308">
         <name>.text:UART_disableInterrupt</name>
         <load_address>0xd7e0</load_address>
         <run_address>0xd7e0</run_address>
         <size>0x24</size>
         <input_file_ref idref="fl-5e"/>
      </object_component>
      <object_component id="oc-137b">
         <name>.text:UART_receiveData</name>
         <load_address>0xd804</load_address>
         <run_address>0xd804</run_address>
         <size>0x24</size>
         <input_file_ref idref="fl-5e"/>
      </object_component>
      <object_component id="oc-1387">
         <name>.text:UART_transmitData</name>
         <load_address>0xd828</load_address>
         <run_address>0xd828</run_address>
         <size>0x24</size>
         <input_file_ref idref="fl-5e"/>
      </object_component>
      <object_component id="oc-e34">
         <name>.text:bmi160_fifo_data</name>
         <load_address>0xd84c</load_address>
         <run_address>0xd84c</run_address>
         <size>0x24</size>
         <input_file_ref idref="fl-4"/>
      </object_component>
      <object_component id="oc-466">
         <name>.text:bmi160_initialize_sensor</name>
         <load_address>0xd870</load_address>
         <run_address>0xd870</run_address>
         <size>0x24</size>
         <input_file_ref idref="fl-5"/>
      </object_component>
      <object_component id="oc-d88">
         <name>.text:bmi160_write_reg</name>
         <load_address>0xd894</load_address>
         <run_address>0xd894</run_address>
         <size>0x24</size>
         <input_file_ref idref="fl-4"/>
      </object_component>
      <object_component id="oc-17d6">
         <name>.text:ti_sysbios_BIOS_errorRaiseHook__I</name>
         <load_address>0xd8b8</load_address>
         <run_address>0xd8b8</run_address>
         <size>0x24</size>
         <input_file_ref idref="fl-c"/>
      </object_component>
      <object_component id="oc-c93">
         <name>.text:ti_sysbios_BIOS_registerRTSLock__I</name>
         <load_address>0xd8dc</load_address>
         <run_address>0xd8dc</run_address>
         <size>0x24</size>
         <input_file_ref idref="fl-c"/>
      </object_component>
      <object_component id="oc-cb8">
         <name>.text:ti_sysbios_BIOS_removeRTSLock__I</name>
         <load_address>0xd900</load_address>
         <run_address>0xd900</run_address>
         <size>0x24</size>
         <input_file_ref idref="fl-c"/>
      </object_component>
      <object_component id="oc-aff">
         <name>.text:ti_sysbios_family_arm_msp432_ClockFreqs_setFrequency__E</name>
         <load_address>0xd928</load_address>
         <run_address>0xd928</run_address>
         <size>0x24</size>
         <input_file_ref idref="fl-3d"/>
      </object_component>
      <object_component id="oc-1144">
         <name>.text:ti_sysbios_gates_GateMutexPri_Object__delete__S</name>
         <load_address>0xd94c</load_address>
         <run_address>0xd94c</run_address>
         <size>0x24</size>
         <input_file_ref idref="fl-c"/>
      </object_component>
      <object_component id="oc-10b7">
         <name>.text:ti_sysbios_gates_GateMutex_Object__delete__S</name>
         <load_address>0xd970</load_address>
         <run_address>0xd970</run_address>
         <size>0x24</size>
         <input_file_ref idref="fl-c"/>
      </object_component>
      <object_component id="oc-11f3">
         <name>.text:ti_sysbios_knl_Clock_Module_startup__E</name>
         <load_address>0xd998</load_address>
         <run_address>0xd998</run_address>
         <size>0x24</size>
         <input_file_ref idref="fl-3d"/>
      </object_component>
      <object_component id="oc-1837">
         <name>.text:ti_sysbios_knl_Task_restoreHwi__E</name>
         <load_address>0xd9c0</load_address>
         <run_address>0xd9c0</run_address>
         <size>0x24</size>
         <input_file_ref idref="fl-3d"/>
      </object_component>
      <object_component id="oc-d66">
         <name>.text:xdc_runtime_System_vprintf__E</name>
         <load_address>0xd9e4</load_address>
         <run_address>0xd9e4</run_address>
         <size>0x24</size>
         <input_file_ref idref="fl-4b"/>
      </object_component>
      <object_component id="oc-7f6">
         <name>.text:xdc_runtime_SysMin_output__I</name>
         <load_address>0xda08</load_address>
         <run_address>0xda08</run_address>
         <size>0x22</size>
         <input_file_ref idref="fl-c"/>
      </object_component>
      <object_component id="oc-70e">
         <name>.text:GPIO_interruptEdgeSelect</name>
         <load_address>0xda2c</load_address>
         <run_address>0xda2c</run_address>
         <size>0x20</size>
         <input_file_ref idref="fl-56"/>
      </object_component>
      <object_component id="oc-128a">
         <name>.text:PowerMSP432_getFreqs</name>
         <load_address>0xda4c</load_address>
         <run_address>0xda4c</run_address>
         <size>0x20</size>
         <input_file_ref idref="fl-2b"/>
      </object_component>
      <object_component id="oc-12a9">
         <name>.text:Power_unregisterNotify</name>
         <load_address>0xda6c</load_address>
         <run_address>0xda6c</run_address>
         <size>0x20</size>
         <input_file_ref idref="fl-2b"/>
      </object_component>
      <object_component id="oc-1321">
         <name>.text:RingBuf_peek</name>
         <load_address>0xda8c</load_address>
         <run_address>0xda8c</run_address>
         <size>0x20</size>
         <input_file_ref idref="fl-32"/>
      </object_component>
      <object_component id="oc-10cb">
         <name>.text:ti_sysbios_BIOS_rtsLock__I</name>
         <load_address>0xdaac</load_address>
         <run_address>0xdaac</run_address>
         <size>0x20</size>
         <input_file_ref idref="fl-c"/>
      </object_component>
      <object_component id="oc-7b">
         <name>.text:ti_sysbios_family_arm_m3_Hwi_excHandlerAsm__I</name>
         <load_address>0xdacc</load_address>
         <run_address>0xdacc</run_address>
         <size>0x20</size>
         <input_file_ref idref="fl-3e"/>
      </object_component>
      <object_component id="oc-1de">
         <name>.text:ti_sysbios_family_arm_m3_Hwi_excHandler__I</name>
         <load_address>0xdaf0</load_address>
         <run_address>0xdaf0</run_address>
         <size>0x20</size>
         <input_file_ref idref="fl-3d"/>
      </object_component>
      <object_component id="oc-11b2">
         <name>.text:ti_sysbios_gates_GateHwi_Object__delete__S</name>
         <load_address>0xdb10</load_address>
         <run_address>0xdb10</run_address>
         <size>0x20</size>
         <input_file_ref idref="fl-c"/>
      </object_component>
      <object_component id="oc-14e0">
         <name>.text:ti_sysbios_heaps_HeapMem_Object__delete__S</name>
         <load_address>0xdb30</load_address>
         <run_address>0xdb30</run_address>
         <size>0x20</size>
         <input_file_ref idref="fl-c"/>
      </object_component>
      <object_component id="oc-1784">
         <name>.text:ti_sysbios_knl_Clock_Object__destruct__S</name>
         <load_address>0xdb50</load_address>
         <run_address>0xdb50</run_address>
         <size>0x20</size>
         <input_file_ref idref="fl-c"/>
      </object_component>
      <object_component id="oc-13cd">
         <name>.text:ti_sysbios_knl_Idle_run__E</name>
         <load_address>0xdb70</load_address>
         <run_address>0xdb70</run_address>
         <size>0x20</size>
         <input_file_ref idref="fl-3d"/>
      </object_component>
      <object_component id="oc-175b">
         <name>.text:ti_sysbios_knl_Semaphore_Object__destruct__S</name>
         <load_address>0xdb90</load_address>
         <run_address>0xdb90</run_address>
         <size>0x20</size>
         <input_file_ref idref="fl-c"/>
      </object_component>
      <object_component id="oc-18d4">
         <name>.text:xdc_runtime_Registry_findById__E</name>
         <load_address>0xdbb0</load_address>
         <run_address>0xdbb0</run_address>
         <size>0x20</size>
         <input_file_ref idref="fl-4f"/>
      </object_component>
      <object_component id="oc-11ed">
         <name>.text:xdc_runtime_SysMin_Module_startup__E</name>
         <load_address>0xdbd0</load_address>
         <run_address>0xdbd0</run_address>
         <size>0x20</size>
         <input_file_ref idref="fl-4c"/>
      </object_component>
      <object_component id="oc-124d">
         <name>.text:ti_sysbios_family_xxx_Hwi_switchAndRunFunc</name>
         <load_address>0xdbf0</load_address>
         <run_address>0xdbf0</run_address>
         <size>0x1e</size>
         <input_file_ref idref="fl-3f"/>
      </object_component>
      <object_component id="oc-203">
         <name>.text:MSP_EXP432P401R_initI2C</name>
         <load_address>0xdc10</load_address>
         <run_address>0xdc10</run_address>
         <size>0x1c</size>
         <input_file_ref idref="fl-2"/>
      </object_component>
      <object_component id="oc-32e">
         <name>.text:PCM_enableRudeMode</name>
         <load_address>0xdc2c</load_address>
         <run_address>0xdc2c</run_address>
         <size>0x1c</size>
         <input_file_ref idref="fl-59"/>
      </object_component>
      <object_component id="oc-12be">
         <name>.text:Power_registerNotify</name>
         <load_address>0xdc48</load_address>
         <run_address>0xdc48</run_address>
         <size>0x1c</size>
         <input_file_ref idref="fl-2b"/>
      </object_component>
      <object_component id="oc-d20">
         <name>.text</name>
         <load_address>0xdc64</load_address>
         <run_address>0xdc64</run_address>
         <size>0x1c</size>
         <input_file_ref idref="fl-138"/>
      </object_component>
      <object_component id="oc-1754">
         <name>.text:ti_sysbios_family_arm_m3_Hwi_Object__destruct__S</name>
         <load_address>0xdc80</load_address>
         <run_address>0xdc80</run_address>
         <size>0x1c</size>
         <input_file_ref idref="fl-c"/>
      </object_component>
      <object_component id="oc-883">
         <name>.text:ti_sysbios_gates_GateMutexPri_Instance_init__E</name>
         <load_address>0xdca0</load_address>
         <run_address>0xdca0</run_address>
         <size>0x1c</size>
         <input_file_ref idref="fl-3d"/>
      </object_component>
      <object_component id="oc-140a">
         <name>.text:ti_sysbios_gates_GateMutex_Instance_init__E</name>
         <load_address>0xdcc0</load_address>
         <run_address>0xdcc0</run_address>
         <size>0x1c</size>
         <input_file_ref idref="fl-3d"/>
      </object_component>
      <object_component id="oc-17ea">
         <name>.text:ti_sysbios_knl_Queue_Object__destruct__S</name>
         <load_address>0xdcdc</load_address>
         <run_address>0xdcdc</run_address>
         <size>0x1c</size>
         <input_file_ref idref="fl-c"/>
      </object_component>
      <object_component id="oc-823">
         <name>.text:ti_sysbios_knl_Queue_put__E</name>
         <load_address>0xdcf8</load_address>
         <run_address>0xdcf8</run_address>
         <size>0x1c</size>
         <input_file_ref idref="fl-3d"/>
      </object_component>
      <object_component id="oc-c17">
         <name>.text:ti_sysbios_knl_Task_enter__I</name>
         <load_address>0xdd18</load_address>
         <run_address>0xdd18</run_address>
         <size>0x1c</size>
         <input_file_ref idref="fl-3d"/>
      </object_component>
      <object_component id="oc-b8a">
         <name>.text:xdc_runtime_Error_raiseX__E</name>
         <load_address>0xdd34</load_address>
         <run_address>0xdd34</run_address>
         <size>0x1c</size>
         <input_file_ref idref="fl-47"/>
      </object_component>
      <object_component id="oc-b98">
         <name>.text:xdc_runtime_Memory_valloc__E</name>
         <load_address>0xdd50</load_address>
         <run_address>0xdd50</run_address>
         <size>0x1c</size>
         <input_file_ref idref="fl-49"/>
      </object_component>
      <object_component id="oc-26d">
         <name>.text:xdc_runtime_SysMin_exit__E</name>
         <load_address>0xdd6c</load_address>
         <run_address>0xdd6c</run_address>
         <size>0x1c</size>
         <input_file_ref idref="fl-4c"/>
      </object_component>
      <object_component id="oc-44e">
         <name>.text:xdc_runtime_System_abort__E</name>
         <load_address>0xdd88</load_address>
         <run_address>0xdd88</run_address>
         <size>0x1c</size>
         <input_file_ref idref="fl-4b"/>
      </object_component>
      <object_component id="oc-157b">
         <name>.text:List_remove</name>
         <load_address>0xdda4</load_address>
         <run_address>0xdda4</run_address>
         <size>0x1a</size>
         <input_file_ref idref="fl-31"/>
      </object_component>
      <object_component id="oc-18c5">
         <name>.text:xdc_runtime_System_aprintf__E</name>
         <load_address>0xddbe</load_address>
         <run_address>0xddbe</run_address>
         <size>0x1a</size>
         <input_file_ref idref="fl-c"/>
      </object_component>
      <object_component id="oc-454">
         <name>.text:xdc_runtime_System_printf__E</name>
         <load_address>0xddd8</load_address>
         <run_address>0xddd8</run_address>
         <size>0x1a</size>
         <input_file_ref idref="fl-c"/>
      </object_component>
      <object_component id="oc-714">
         <name>.text:GPIO_clearInterruptFlag</name>
         <load_address>0xddf4</load_address>
         <run_address>0xddf4</run_address>
         <size>0x18</size>
         <input_file_ref idref="fl-56"/>
      </object_component>
      <object_component id="oc-6e4">
         <name>.text:GPIO_setDriveStrengthLow</name>
         <load_address>0xde0c</load_address>
         <run_address>0xde0c</run_address>
         <size>0x18</size>
         <input_file_ref idref="fl-56"/>
      </object_component>
      <object_component id="oc-362">
         <name>.text:GPIO_setOutputLowOnPin</name>
         <load_address>0xde24</load_address>
         <run_address>0xde24</run_address>
         <size>0x18</size>
         <input_file_ref idref="fl-56"/>
      </object_component>
      <object_component id="oc-15b7">
         <name>.text:I2C_masterIsStartSent</name>
         <load_address>0xde3c</load_address>
         <run_address>0xde3c</run_address>
         <size>0x18</size>
         <input_file_ref idref="fl-57"/>
      </object_component>
      <object_component id="oc-45a">
         <name>.text:UART_Params_init</name>
         <load_address>0xde54</load_address>
         <run_address>0xde54</run_address>
         <size>0x18</size>
         <input_file_ref idref="fl-26"/>
      </object_component>
      <object_component id="oc-f4e">
         <name>.text:WDT_A_holdTimer</name>
         <load_address>0xde6c</load_address>
         <run_address>0xde6c</run_address>
         <size>0x18</size>
         <input_file_ref idref="fl-5f"/>
      </object_component>
      <object_component id="oc-61">
         <name>.text</name>
         <load_address>0xde84</load_address>
         <run_address>0xde84</run_address>
         <size>0x18</size>
         <input_file_ref idref="fl-116"/>
      </object_component>
      <object_component id="oc-10d1">
         <name>.text:ti_sysbios_BIOS_rtsUnlock__I</name>
         <load_address>0xde9c</load_address>
         <run_address>0xde9c</run_address>
         <size>0x18</size>
         <input_file_ref idref="fl-c"/>
      </object_component>
      <object_component id="oc-ec5">
         <name>.text:ti_sysbios_family_arm_m3_Hwi_Handle__label__S</name>
         <load_address>0xdeb4</load_address>
         <run_address>0xdeb4</run_address>
         <size>0x18</size>
         <input_file_ref idref="fl-c"/>
      </object_component>
      <object_component id="oc-1524">
         <name>.text:ti_sysbios_family_arm_m3_Hwi_Module__startupDone__F</name>
         <load_address>0xdecc</load_address>
         <run_address>0xdecc</run_address>
         <size>0x18</size>
         <input_file_ref idref="fl-c"/>
      </object_component>
      <object_component id="oc-107a">
         <name>.text:ti_sysbios_family_arm_m3_TaskSupport_swap__E</name>
         <load_address>0xdee4</load_address>
         <run_address>0xdee4</run_address>
         <size>0x18</size>
         <input_file_ref idref="fl-41"/>
      </object_component>
      <object_component id="oc-14f0">
         <name>.text:ti_sysbios_family_arm_msp432_Timer_Module__startupDone__F</name>
         <load_address>0xdefc</load_address>
         <run_address>0xdefc</run_address>
         <size>0x18</size>
         <input_file_ref idref="fl-c"/>
      </object_component>
      <object_component id="oc-11b8">
         <name>.text:ti_sysbios_gates_GateHwi_Handle__label__S</name>
         <load_address>0xdf14</load_address>
         <run_address>0xdf14</run_address>
         <size>0x18</size>
         <input_file_ref idref="fl-c"/>
      </object_component>
      <object_component id="oc-114a">
         <name>.text:ti_sysbios_gates_GateMutexPri_Handle__label__S</name>
         <load_address>0xdf2c</load_address>
         <run_address>0xdf2c</run_address>
         <size>0x18</size>
         <input_file_ref idref="fl-c"/>
      </object_component>
      <object_component id="oc-10bd">
         <name>.text:ti_sysbios_gates_GateMutex_Handle__label__S</name>
         <load_address>0xdf44</load_address>
         <run_address>0xdf44</run_address>
         <size>0x18</size>
         <input_file_ref idref="fl-c"/>
      </object_component>
      <object_component id="oc-10ab">
         <name>.text:ti_sysbios_gates_GateMutex_leave__E</name>
         <load_address>0xdf60</load_address>
         <run_address>0xdf60</run_address>
         <size>0x18</size>
         <input_file_ref idref="fl-3d"/>
      </object_component>
      <object_component id="oc-14e6">
         <name>.text:ti_sysbios_heaps_HeapMem_Handle__label__S</name>
         <load_address>0xdf78</load_address>
         <run_address>0xdf78</run_address>
         <size>0x18</size>
         <input_file_ref idref="fl-c"/>
      </object_component>
      <object_component id="oc-ebf">
         <name>.text:ti_sysbios_knl_Swi_Handle__label__S</name>
         <load_address>0xdf90</load_address>
         <run_address>0xdf90</run_address>
         <size>0x18</size>
         <input_file_ref idref="fl-c"/>
      </object_component>
      <object_component id="oc-eb9">
         <name>.text:ti_sysbios_knl_Task_Handle__label__S</name>
         <load_address>0xdfa8</load_address>
         <run_address>0xdfa8</run_address>
         <size>0x18</size>
         <input_file_ref idref="fl-c"/>
      </object_component>
      <object_component id="oc-9c9">
         <name>.text:ti_sysbios_knl_Task_sleepTimeout__I</name>
         <load_address>0xdfc0</load_address>
         <run_address>0xdfc0</run_address>
         <size>0x18</size>
         <input_file_ref idref="fl-3d"/>
      </object_component>
      <object_component id="oc-396">
         <name>.text:xdc_runtime_Error_check__E</name>
         <load_address>0xdfd8</load_address>
         <run_address>0xdfd8</run_address>
         <size>0x18</size>
         <input_file_ref idref="fl-47"/>
      </object_component>
      <object_component id="oc-67">
         <name>.text:xdc_runtime_System_exit__E</name>
         <load_address>0xdff0</load_address>
         <run_address>0xdff0</run_address>
         <size>0x18</size>
         <input_file_ref idref="fl-4b"/>
      </object_component>
      <object_component id="oc-b84">
         <name>.text:xdc_runtime_Text_ropeText__E</name>
         <load_address>0xe008</load_address>
         <run_address>0xe008</run_address>
         <size>0x18</size>
         <input_file_ref idref="fl-4d"/>
      </object_component>
      <object_component id="oc-131a">
         <name>.text:ClockP_delete</name>
         <load_address>0xe020</load_address>
         <run_address>0xe020</run_address>
         <size>0x16</size>
         <input_file_ref idref="fl-3a"/>
      </object_component>
      <object_component id="oc-129d">
         <name>.text:HwiP_delete</name>
         <load_address>0xe036</load_address>
         <run_address>0xe036</run_address>
         <size>0x16</size>
         <input_file_ref idref="fl-3b"/>
      </object_component>
      <object_component id="oc-12a3">
         <name>.text:SemaphoreP_delete</name>
         <load_address>0xe04c</load_address>
         <run_address>0xe04c</run_address>
         <size>0x16</size>
         <input_file_ref idref="fl-3c"/>
      </object_component>
      <object_component id="oc-1327">
         <name>.text:UART_enableInterrupt</name>
         <load_address>0xe062</load_address>
         <run_address>0xe062</run_address>
         <size>0x16</size>
         <input_file_ref idref="fl-5e"/>
      </object_component>
      <object_component id="oc-d14">
         <name>.text</name>
         <load_address>0xe078</load_address>
         <run_address>0xe078</run_address>
         <size>0x16</size>
         <input_file_ref idref="fl-13c"/>
      </object_component>
      <object_component id="oc-80c">
         <name>.text:ti_sysbios_BIOS_exitFunc__I</name>
         <load_address>0xe08e</load_address>
         <run_address>0xe08e</run_address>
         <size>0x16</size>
         <input_file_ref idref="fl-c"/>
      </object_component>
      <object_component id="oc-6ea">
         <name>.text:GPIO_setDriveStrengthHigh</name>
         <load_address>0xe0a4</load_address>
         <run_address>0xe0a4</run_address>
         <size>0x14</size>
         <input_file_ref idref="fl-56"/>
      </object_component>
      <object_component id="oc-368">
         <name>.text:GPIO_setOutputHighOnPin</name>
         <load_address>0xe0b8</load_address>
         <run_address>0xe0b8</run_address>
         <size>0x14</size>
         <input_file_ref idref="fl-56"/>
      </object_component>
      <object_component id="oc-1886">
         <name>.text:Power_idleFunc</name>
         <load_address>0xe0cc</load_address>
         <run_address>0xe0cc</run_address>
         <size>0x14</size>
         <input_file_ref idref="fl-2b"/>
      </object_component>
      <object_component id="oc-f5a">
         <name>.text:WDT_A_startTimer</name>
         <load_address>0xe0e0</load_address>
         <run_address>0xe0e0</run_address>
         <size>0x14</size>
         <input_file_ref idref="fl-5f"/>
      </object_component>
      <object_component id="oc-d81">
         <name>.text:bmi160_delay_ms</name>
         <load_address>0xe0f4</load_address>
         <run_address>0xe0f4</run_address>
         <size>0x14</size>
         <input_file_ref idref="fl-5"/>
      </object_component>
      <object_component id="oc-a40">
         <name>.text</name>
         <load_address>0xe108</load_address>
         <run_address>0xe108</run_address>
         <size>0x14</size>
         <input_file_ref idref="fl-115"/>
      </object_component>
      <object_component id="oc-1120">
         <name>.text</name>
         <load_address>0xe11c</load_address>
         <run_address>0xe11c</run_address>
         <size>0x14</size>
         <input_file_ref idref="fl-13e"/>
      </object_component>
      <object_component id="oc-1087">
         <name>.text</name>
         <load_address>0xe130</load_address>
         <run_address>0xe130</run_address>
         <size>0x14</size>
         <input_file_ref idref="fl-13d"/>
      </object_component>
      <object_component id="oc-41b">
         <name>.text</name>
         <load_address>0xe144</load_address>
         <run_address>0xe144</run_address>
         <size>0x14</size>
         <input_file_ref idref="fl-12b"/>
      </object_component>
      <object_component id="oc-151a">
         <name>.text:ti_sysbios_family_arm_m3_Hwi_Object__get__S</name>
         <load_address>0xe158</load_address>
         <run_address>0xe158</run_address>
         <size>0x14</size>
         <input_file_ref idref="fl-c"/>
      </object_component>
      <object_component id="oc-1439">
         <name>.text:ti_sysbios_family_arm_m3_Hwi_switchFromBootStack__E</name>
         <load_address>0xe170</load_address>
         <run_address>0xe170</run_address>
         <size>0x14</size>
         <input_file_ref idref="fl-3d"/>
      </object_component>
      <object_component id="oc-ac1">
         <name>.text:ti_sysbios_heaps_HeapMem_Object__get__S</name>
         <load_address>0xe184</load_address>
         <run_address>0xe184</run_address>
         <size>0x14</size>
         <input_file_ref idref="fl-c"/>
      </object_component>
      <object_component id="oc-14fd">
         <name>.text:ti_sysbios_knl_Swi_Object__get__S</name>
         <load_address>0xe198</load_address>
         <run_address>0xe198</run_address>
         <size>0x14</size>
         <input_file_ref idref="fl-c"/>
      </object_component>
      <object_component id="oc-17b4">
         <name>.text:ClockP_start</name>
         <load_address>0xe1ac</load_address>
         <run_address>0xe1ac</run_address>
         <size>0x12</size>
         <input_file_ref idref="fl-3a"/>
      </object_component>
      <object_component id="oc-1341">
         <name>.text:RingBuf_construct</name>
         <load_address>0xe1be</load_address>
         <run_address>0xe1be</run_address>
         <size>0x12</size>
         <input_file_ref idref="fl-32"/>
      </object_component>
      <object_component id="oc-12e8">
         <name>.text:SemaphoreP_pend</name>
         <load_address>0xe1d0</load_address>
         <run_address>0xe1d0</run_address>
         <size>0x12</size>
         <input_file_ref idref="fl-3c"/>
      </object_component>
      <object_component id="oc-1194">
         <name>.text</name>
         <load_address>0xe1e2</load_address>
         <run_address>0xe1e2</run_address>
         <size>0x12</size>
         <input_file_ref idref="fl-139"/>
      </object_component>
      <object_component id="oc-120b">
         <name>.text:ti_sysbios_hal_Hwi_Module_startup__E</name>
         <load_address>0xe1f8</load_address>
         <run_address>0xe1f8</run_address>
         <size>0x12</size>
         <input_file_ref idref="fl-3d"/>
      </object_component>
      <object_component id="oc-31c">
         <name>.text:xdc_runtime_Startup_exec__I</name>
         <load_address>0xe20a</load_address>
         <run_address>0xe20a</run_address>
         <size>0x12</size>
         <input_file_ref idref="fl-c"/>
      </object_component>
      <object_component id="oc-f85">
         <name>.text:GPIO_getInterruptStatus</name>
         <load_address>0xe21c</load_address>
         <run_address>0xe21c</run_address>
         <size>0x10</size>
         <input_file_ref idref="fl-56"/>
      </object_component>
      <object_component id="oc-442">
         <name>.text:I2C_Params_init</name>
         <load_address>0xe22c</load_address>
         <run_address>0xe22c</run_address>
         <size>0x10</size>
         <input_file_ref idref="fl-22"/>
      </object_component>
      <object_component id="oc-1278">
         <name>.text:I2C_masterReceiveMultiByteStop</name>
         <load_address>0xe23c</load_address>
         <run_address>0xe23c</run_address>
         <size>0x10</size>
         <input_file_ref idref="fl-57"/>
      </object_component>
      <object_component id="oc-15b1">
         <name>.text:I2C_masterReceiveStart</name>
         <load_address>0xe24c</load_address>
         <run_address>0xe24c</run_address>
         <size>0x10</size>
         <input_file_ref idref="fl-57"/>
      </object_component>
      <object_component id="oc-15d8">
         <name>.text:I2C_masterSendStart</name>
         <load_address>0xe25c</load_address>
         <run_address>0xe25c</run_address>
         <size>0x10</size>
         <input_file_ref idref="fl-57"/>
      </object_component>
      <object_component id="oc-f0b">
         <name>.text:PCM_gotoLPM4</name>
         <load_address>0xe26c</load_address>
         <run_address>0xe26c</run_address>
         <size>0x10</size>
         <input_file_ref idref="fl-59"/>
      </object_component>
      <object_component id="oc-1365">
         <name>.text:readBlockingTimeout</name>
         <load_address>0xe27c</load_address>
         <run_address>0xe27c</run_address>
         <size>0x10</size>
         <input_file_ref idref="fl-2f"/>
      </object_component>
      <object_component id="oc-af9">
         <name>.text:ti_sysbios_BIOS_setCpuFreq__E</name>
         <load_address>0xe290</load_address>
         <run_address>0xe290</run_address>
         <size>0x10</size>
         <input_file_ref idref="fl-3d"/>
      </object_component>
      <object_component id="oc-cbe">
         <name>.text:ti_sysbios_BIOS_setThreadType__E</name>
         <load_address>0xe2a0</load_address>
         <run_address>0xe2a0</run_address>
         <size>0x10</size>
         <input_file_ref idref="fl-3d"/>
      </object_component>
      <object_component id="oc-22d">
         <name>.text:ti_sysbios_BIOS_start__E</name>
         <load_address>0xe2b0</load_address>
         <run_address>0xe2b0</run_address>
         <size>0x10</size>
         <input_file_ref idref="fl-3d"/>
      </object_component>
      <object_component id="oc-13bc">
         <name>.text:ti_sysbios_family_arm_m3_TaskSupport_glue</name>
         <load_address>0xe2c0</load_address>
         <run_address>0xe2c0</run_address>
         <size>0x10</size>
         <input_file_ref idref="fl-41"/>
      </object_component>
      <object_component id="oc-cc">
         <name>.text:ti_sysbios_family_arm_msp432_init_Boot_disableWatchdog</name>
         <load_address>0xe2d0</load_address>
         <run_address>0xe2d0</run_address>
         <size>0x10</size>
         <input_file_ref idref="fl-3d"/>
      </object_component>
      <object_component id="oc-146f">
         <name>.text:ti_sysbios_gates_GateMutexPri_Instance_finalize__E</name>
         <load_address>0xe2e0</load_address>
         <run_address>0xe2e0</run_address>
         <size>0x10</size>
         <input_file_ref idref="fl-3d"/>
      </object_component>
      <object_component id="oc-1414">
         <name>.text:ti_sysbios_gates_GateMutex_Instance_finalize__E</name>
         <load_address>0xe2f0</load_address>
         <run_address>0xe2f0</run_address>
         <size>0x10</size>
         <input_file_ref idref="fl-3d"/>
      </object_component>
      <object_component id="oc-183f">
         <name>.text:ti_sysbios_knl_Semaphore_Instance_finalize__E</name>
         <load_address>0xe300</load_address>
         <run_address>0xe300</run_address>
         <size>0x10</size>
         <input_file_ref idref="fl-3d"/>
      </object_component>
      <object_component id="oc-b13">
         <name>.text:ti_sysbios_knl_Swi_disable__E</name>
         <load_address>0xe310</load_address>
         <run_address>0xe310</run_address>
         <size>0x10</size>
         <input_file_ref idref="fl-3d"/>
      </object_component>
      <object_component id="oc-150d">
         <name>.text:ti_sysbios_knl_Task_Object__get__S</name>
         <load_address>0xe320</load_address>
         <run_address>0xe320</run_address>
         <size>0x10</size>
         <input_file_ref idref="fl-c"/>
      </object_component>
      <object_component id="oc-b19">
         <name>.text:ti_sysbios_knl_Task_disable__E</name>
         <load_address>0xe330</load_address>
         <run_address>0xe330</run_address>
         <size>0x10</size>
         <input_file_ref idref="fl-3d"/>
      </object_component>
      <object_component id="oc-3ac">
         <name>.text:xdc_runtime_Gate_leaveSystem__E</name>
         <load_address>0xe340</load_address>
         <run_address>0xe340</run_address>
         <size>0x10</size>
         <input_file_ref idref="fl-48"/>
      </object_component>
      <object_component id="oc-7cf">
         <name>.text:xdc_runtime_Memory_free__E</name>
         <load_address>0xe350</load_address>
         <run_address>0xe350</run_address>
         <size>0x10</size>
         <input_file_ref idref="fl-49"/>
      </object_component>
      <object_component id="oc-1156">
         <name>.text:xdc_runtime_SysMin_ready__E</name>
         <load_address>0xe360</load_address>
         <run_address>0xe360</run_address>
         <size>0x10</size>
         <input_file_ref idref="fl-4c"/>
      </object_component>
      <object_component id="oc-18ea">
         <name>.text:xdc_runtime_System_vsnprintf__E</name>
         <load_address>0xe370</load_address>
         <run_address>0xe370</run_address>
         <size>0x10</size>
         <input_file_ref idref="fl-4b"/>
      </object_component>
      <object_component id="oc-702">
         <name>.text:HwiP_Params_init</name>
         <load_address>0xe380</load_address>
         <run_address>0xe380</run_address>
         <size>0xe</size>
         <input_file_ref idref="fl-3b"/>
      </object_component>
      <object_component id="oc-155f">
         <name>.text:I2C_clearInterruptFlag</name>
         <load_address>0xe38e</load_address>
         <run_address>0xe38e</run_address>
         <size>0xe</size>
         <input_file_ref idref="fl-57"/>
      </object_component>
      <object_component id="oc-1272">
         <name>.text:I2C_disableInterrupt</name>
         <load_address>0xe39c</load_address>
         <run_address>0xe39c</run_address>
         <size>0xe</size>
         <input_file_ref idref="fl-57"/>
      </object_component>
      <object_component id="oc-15ab">
         <name>.text:I2C_setMode</name>
         <load_address>0xe3aa</load_address>
         <run_address>0xe3aa</run_address>
         <size>0xe</size>
         <input_file_ref idref="fl-57"/>
      </object_component>
      <object_component id="oc-130e">
         <name>.text:UART_clearInterruptFlag</name>
         <load_address>0xe3b8</load_address>
         <run_address>0xe3b8</run_address>
         <size>0xe</size>
         <input_file_ref idref="fl-5e"/>
      </object_component>
      <object_component id="oc-19">
         <name>.text:decompress:none</name>
         <load_address>0xe3c6</load_address>
         <run_address>0xe3c6</run_address>
         <size>0xe</size>
         <input_file_ref idref="fl-118"/>
      </object_component>
      <object_component id="oc-13c5">
         <name>.text:ti_sysbios_knl_Idle_loop__E</name>
         <load_address>0xe3d8</load_address>
         <run_address>0xe3d8</run_address>
         <size>0xe</size>
         <input_file_ref idref="fl-3d"/>
      </object_component>
      <object_component id="oc-1447">
         <name>.text:ti_sysbios_knl_Queue_empty__E</name>
         <load_address>0xe3e8</load_address>
         <run_address>0xe3e8</run_address>
         <size>0xe</size>
         <input_file_ref idref="fl-3d"/>
      </object_component>
      <object_component id="oc-70">
         <name>.text:.bootCodeSection:ti_sysbios_family_arm_msp432_init_Boot_init__I</name>
         <load_address>0xe3f6</load_address>
         <run_address>0xe3f6</run_address>
         <size>0xc</size>
         <input_file_ref idref="fl-c"/>
      </object_component>
      <object_component id="oc-b0d">
         <name>.text:CPU_cpsid</name>
         <load_address>0xe402</load_address>
         <run_address>0xe402</run_address>
         <size>0xc</size>
         <input_file_ref idref="fl-52"/>
      </object_component>
      <object_component id="oc-b2b">
         <name>.text:CPU_cpsie</name>
         <load_address>0xe40e</load_address>
         <run_address>0xe40e</run_address>
         <size>0xc</size>
         <input_file_ref idref="fl-52"/>
      </object_component>
      <object_component id="oc-1290">
         <name>.text:I2C_disableModule</name>
         <load_address>0xe41a</load_address>
         <run_address>0xe41a</run_address>
         <size>0xc</size>
         <input_file_ref idref="fl-57"/>
      </object_component>
      <object_component id="oc-1565">
         <name>.text:I2C_enableModule</name>
         <load_address>0xe426</load_address>
         <run_address>0xe426</run_address>
         <size>0xc</size>
         <input_file_ref idref="fl-57"/>
      </object_component>
      <object_component id="oc-eff">
         <name>.text:PCM_getPowerState</name>
         <load_address>0xe434</load_address>
         <run_address>0xe434</run_address>
         <size>0xc</size>
         <input_file_ref idref="fl-59"/>
      </object_component>
      <object_component id="oc-b1f">
         <name>.text:Power_getConstraintMask</name>
         <load_address>0xe440</load_address>
         <run_address>0xe440</run_address>
         <size>0xc</size>
         <input_file_ref idref="fl-2b"/>
      </object_component>
      <object_component id="oc-1284">
         <name>.text:Power_getPerformanceLevel</name>
         <load_address>0xe44c</load_address>
         <run_address>0xe44c</run_address>
         <size>0xc</size>
         <input_file_ref idref="fl-2b"/>
      </object_component>
      <object_component id="oc-fc1">
         <name>.text:UARTMSP432_init</name>
         <load_address>0xe458</load_address>
         <run_address>0xe458</run_address>
         <size>0xc</size>
         <input_file_ref idref="fl-2f"/>
      </object_component>
      <object_component id="oc-1314">
         <name>.text:UART_disableModule</name>
         <load_address>0xe464</load_address>
         <run_address>0xe464</run_address>
         <size>0xc</size>
         <input_file_ref idref="fl-5e"/>
      </object_component>
      <object_component id="oc-160b">
         <name>.text:UART_enableModule</name>
         <load_address>0xe470</load_address>
         <run_address>0xe470</run_address>
         <size>0xc</size>
         <input_file_ref idref="fl-5e"/>
      </object_component>
      <object_component id="oc-1f">
         <name>.text:decompress:ZI</name>
         <load_address>0xe47c</load_address>
         <run_address>0xe47c</run_address>
         <size>0xc</size>
         <input_file_ref idref="fl-119"/>
      </object_component>
      <object_component id="oc-b46">
         <name>.text:ti_sysbios_family_arm_m3_Hwi_Params__init__S</name>
         <load_address>0xe488</load_address>
         <run_address>0xe488</run_address>
         <size>0xc</size>
         <input_file_ref idref="fl-c"/>
      </object_component>
      <object_component id="oc-740">
         <name>.text:ti_sysbios_family_arm_m3_Hwi_disableFxn__E</name>
         <load_address>0xe498</load_address>
         <run_address>0xe498</run_address>
         <size>0xc</size>
         <input_file_ref idref="fl-3d"/>
      </object_component>
      <object_component id="oc-13d7">
         <name>.text:ti_sysbios_family_arm_m3_TaskSupport_checkStack__E</name>
         <load_address>0xe4a8</load_address>
         <run_address>0xe4a8</run_address>
         <size>0xc</size>
         <input_file_ref idref="fl-3d"/>
      </object_component>
      <object_component id="oc-79c">
         <name>.text:ti_sysbios_family_arm_m3_TaskSupport_getStackAlignment__E</name>
         <load_address>0xe4b8</load_address>
         <run_address>0xe4b8</run_address>
         <size>0xc</size>
         <input_file_ref idref="fl-3d"/>
      </object_component>
      <object_component id="oc-1723">
         <name>.text:ti_sysbios_family_arm_msp432_Timer_getMaxTicks__E</name>
         <load_address>0xe4c8</load_address>
         <run_address>0xe4c8</run_address>
         <size>0xc</size>
         <input_file_ref idref="fl-3d"/>
      </object_component>
      <object_component id="oc-a2e">
         <name>.text:ti_sysbios_gates_GateHwi_enter__E</name>
         <load_address>0xe4d8</load_address>
         <run_address>0xe4d8</run_address>
         <size>0xc</size>
         <input_file_ref idref="fl-3d"/>
      </object_component>
      <object_component id="oc-436">
         <name>.text:ti_sysbios_gates_GateMutexPri_Params__init__S</name>
         <load_address>0xe4e4</load_address>
         <run_address>0xe4e4</run_address>
         <size>0xc</size>
         <input_file_ref idref="fl-c"/>
      </object_component>
      <object_component id="oc-15f2">
         <name>.text:ti_sysbios_knl_Clock_Params__init__S</name>
         <load_address>0xe4f0</load_address>
         <run_address>0xe4f0</run_address>
         <size>0xc</size>
         <input_file_ref idref="fl-c"/>
      </object_component>
      <object_component id="oc-47e">
         <name>.text:ti_sysbios_knl_Clock_getTicks__E</name>
         <load_address>0xe500</load_address>
         <run_address>0xe500</run_address>
         <size>0xc</size>
         <input_file_ref idref="fl-3d"/>
      </object_component>
      <object_component id="oc-c11">
         <name>.text:ti_sysbios_knl_Queue_Object__get__S</name>
         <load_address>0xe50c</load_address>
         <run_address>0xe50c</run_address>
         <size>0xc</size>
         <input_file_ref idref="fl-c"/>
      </object_component>
      <object_component id="oc-158c">
         <name>.text:ti_sysbios_knl_Semaphore_Params__init__S</name>
         <load_address>0xe518</load_address>
         <run_address>0xe518</run_address>
         <size>0xc</size>
         <input_file_ref idref="fl-c"/>
      </object_component>
      <object_component id="oc-21b">
         <name>.text:ti_sysbios_knl_Task_Params__init__S</name>
         <load_address>0xe524</load_address>
         <run_address>0xe524</run_address>
         <size>0xc</size>
         <input_file_ref idref="fl-c"/>
      </object_component>
      <object_component id="oc-b40">
         <name>.text:xdc_runtime_Error_init__E</name>
         <load_address>0xe530</load_address>
         <run_address>0xe530</run_address>
         <size>0xc</size>
         <input_file_ref idref="fl-47"/>
      </object_component>
      <object_component id="oc-267">
         <name>.text:xdc_runtime_Gate_enterSystem__E</name>
         <load_address>0xe53c</load_address>
         <run_address>0xe53c</run_address>
         <size>0xc</size>
         <input_file_ref idref="fl-48"/>
      </object_component>
      <object_component id="oc-75b">
         <name>.text:xdc_runtime_Memory_calloc__E</name>
         <load_address>0xe548</load_address>
         <run_address>0xe548</run_address>
         <size>0xc</size>
         <input_file_ref idref="fl-49"/>
      </object_component>
      <object_component id="oc-bf5">
         <name>.text:xdc_runtime_Memory_getMaxDefaultTypeAlign__E</name>
         <load_address>0xe554</load_address>
         <run_address>0xe554</run_address>
         <size>0xc</size>
         <input_file_ref idref="fl-49"/>
      </object_component>
      <object_component id="oc-c81">
         <name>.text:xdc_runtime_Startup_rtsDone__E</name>
         <load_address>0xe560</load_address>
         <run_address>0xe560</run_address>
         <size>0xc</size>
         <input_file_ref idref="fl-4a"/>
      </object_component>
      <object_component id="oc-17ba">
         <name>.text:ClockP_stop</name>
         <load_address>0xe56c</load_address>
         <run_address>0xe56c</run_address>
         <size>0xa</size>
         <input_file_ref idref="fl-3a"/>
      </object_component>
      <object_component id="oc-f9e">
         <name>.text:I2CMSP432_init</name>
         <load_address>0xe576</load_address>
         <run_address>0xe576</run_address>
         <size>0xa</size>
         <input_file_ref idref="fl-2a"/>
      </object_component>
      <object_component id="oc-1163">
         <name>.text:I2C_transfer</name>
         <load_address>0xe580</load_address>
         <run_address>0xe580</run_address>
         <size>0xa</size>
         <input_file_ref idref="fl-22"/>
      </object_component>
      <object_component id="oc-12fa">
         <name>.text:SemaphoreP_post</name>
         <load_address>0xe58a</load_address>
         <run_address>0xe58a</run_address>
         <size>0xa</size>
         <input_file_ref idref="fl-3c"/>
      </object_component>
      <object_component id="oc-421">
         <name>.text:UART_write</name>
         <load_address>0xe594</load_address>
         <run_address>0xe594</run_address>
         <size>0xa</size>
         <input_file_ref idref="fl-26"/>
      </object_component>
      <object_component id="oc-bfb">
         <name>.text:xdc_runtime_IHeap_alloc</name>
         <load_address>0xe59e</load_address>
         <run_address>0xe59e</run_address>
         <size>0xa</size>
         <input_file_ref idref="fl-c"/>
      </object_component>
      <object_component id="oc-c52">
         <name>.text:xdc_runtime_IHeap_free</name>
         <load_address>0xe5a8</load_address>
         <run_address>0xe5a8</run_address>
         <size>0xa</size>
         <input_file_ref idref="fl-c"/>
      </object_component>
      <object_component id="oc-1906">
         <name>.text:xdc_runtime_Text_visitRope__I</name>
         <load_address>0xe5b2</load_address>
         <run_address>0xe5b2</run_address>
         <size>0xa</size>
         <input_file_ref idref="fl-c"/>
      </object_component>
      <object_component id="oc-1335">
         <name>.text:ClockP_Params_init</name>
         <load_address>0xe5bc</load_address>
         <run_address>0xe5bc</run_address>
         <size>0x8</size>
         <input_file_ref idref="fl-3a"/>
      </object_component>
      <object_component id="oc-12f4">
         <name>.text:I2C_enableInterrupt</name>
         <load_address>0xe5c4</load_address>
         <run_address>0xe5c4</run_address>
         <size>0x8</size>
         <input_file_ref idref="fl-57"/>
      </object_component>
      <object_component id="oc-1220">
         <name>.text:PCM_setPowerMode</name>
         <load_address>0xe5cc</load_address>
         <run_address>0xe5cc</run_address>
         <size>0x8</size>
         <input_file_ref idref="fl-59"/>
      </object_component>
      <object_component id="oc-6aa">
         <name>.text:PCM_setPowerState</name>
         <load_address>0xe5d4</load_address>
         <run_address>0xe5d4</run_address>
         <size>0x8</size>
         <input_file_ref idref="fl-59"/>
      </object_component>
      <object_component id="oc-12c4">
         <name>.text:SemaphoreP_Params_init</name>
         <load_address>0xe5dc</load_address>
         <run_address>0xe5dc</run_address>
         <size>0x8</size>
         <input_file_ref idref="fl-3c"/>
      </object_component>
      <object_component id="oc-4ad">
         <name>.text:arm_mat_init_f32</name>
         <load_address>0xe5e4</load_address>
         <run_address>0xe5e4</run_address>
         <size>0x8</size>
         <input_file_ref idref="fl-1c"/>
      </object_component>
      <object_component id="oc-12dc">
         <name>.text:blockingTransferCallback</name>
         <load_address>0xe5ec</load_address>
         <run_address>0xe5ec</run_address>
         <size>0x8</size>
         <input_file_ref idref="fl-2a"/>
      </object_component>
      <object_component id="oc-135f">
         <name>.text:readSemCallback</name>
         <load_address>0xe5f4</load_address>
         <run_address>0xe5f4</run_address>
         <size>0x8</size>
         <input_file_ref idref="fl-2f"/>
      </object_component>
      <object_component id="oc-1742">
         <name>.text:ti_sysbios_family_arm_m3_Hwi_doSwiRestore__I</name>
         <load_address>0xe600</load_address>
         <run_address>0xe600</run_address>
         <size>0x8</size>
         <input_file_ref idref="fl-3d"/>
      </object_component>
      <object_component id="oc-c9f">
         <name>.text:ti_sysbios_family_arm_m3_Hwi_startup__E</name>
         <load_address>0xe608</load_address>
         <run_address>0xe608</run_address>
         <size>0x8</size>
         <input_file_ref idref="fl-3d"/>
      </object_component>
      <object_component id="oc-1359">
         <name>.text:writeSemCallback</name>
         <load_address>0xe610</load_address>
         <run_address>0xe610</run_address>
         <size>0x8</size>
         <input_file_ref idref="fl-2f"/>
      </object_component>
      <object_component id="oc-1772">
         <name>.text:I2C_getInterruptStatus</name>
         <load_address>0xe618</load_address>
         <run_address>0xe618</run_address>
         <size>0x6</size>
         <input_file_ref idref="fl-57"/>
      </object_component>
      <object_component id="oc-15a5">
         <name>.text:I2C_masterReceiveMultiByteNext</name>
         <load_address>0xe61e</load_address>
         <run_address>0xe61e</run_address>
         <size>0x6</size>
         <input_file_ref idref="fl-57"/>
      </object_component>
      <object_component id="oc-1381">
         <name>.text:UART_getInterruptStatus</name>
         <load_address>0xe624</load_address>
         <run_address>0xe624</run_address>
         <size>0x6</size>
         <input_file_ref idref="fl-5e"/>
      </object_component>
      <object_component id="oc-1616">
         <name>.text:UART_queryStatusFlags</name>
         <load_address>0xe62a</load_address>
         <run_address>0xe62a</run_address>
         <size>0x6</size>
         <input_file_ref idref="fl-5e"/>
      </object_component>
      <object_component id="oc-1748">
         <name>.text:ti_sysbios_family_arm_m3_Hwi_doTaskRestore__I</name>
         <load_address>0xe630</load_address>
         <run_address>0xe630</run_address>
         <size>0x6</size>
         <input_file_ref idref="fl-3d"/>
      </object_component>
      <object_component id="oc-36e">
         <name>.text:ti_sysbios_family_arm_m3_Hwi_restoreFxn__E</name>
         <load_address>0xe638</load_address>
         <run_address>0xe638</run_address>
         <size>0x6</size>
         <input_file_ref idref="fl-3d"/>
      </object_component>
      <object_component id="oc-c67">
         <name>.text:ti_sysbios_gates_GateHwi_leave__E</name>
         <load_address>0xe640</load_address>
         <run_address>0xe640</run_address>
         <size>0x6</size>
         <input_file_ref idref="fl-3d"/>
      </object_component>
      <object_component id="oc-14ce">
         <name>.text:ti_sysbios_heaps_HeapMem_isBlocking__E</name>
         <load_address>0xe648</load_address>
         <run_address>0xe648</run_address>
         <size>0x6</size>
         <input_file_ref idref="fl-3d"/>
      </object_component>
      <object_component id="oc-1878">
         <name>.text:ti_sysbios_knl_Clock_stop__E</name>
         <load_address>0xe650</load_address>
         <run_address>0xe650</run_address>
         <size>0x6</size>
         <input_file_ref idref="fl-3d"/>
      </object_component>
      <object_component id="oc-bd5">
         <name>.text:ti_sysbios_knl_Queue_Instance_init__E</name>
         <load_address>0xe658</load_address>
         <run_address>0xe658</run_address>
         <size>0x6</size>
         <input_file_ref idref="fl-3d"/>
      </object_component>
      <object_component id="oc-ca5">
         <name>.text:ti_sysbios_knl_Swi_startup__E</name>
         <load_address>0xe660</load_address>
         <run_address>0xe660</run_address>
         <size>0x6</size>
         <input_file_ref idref="fl-3d"/>
      </object_component>
      <object_component id="oc-11e7">
         <name>.text:xdc_runtime_System_Module_startup__E</name>
         <load_address>0xe666</load_address>
         <run_address>0xe666</run_address>
         <size>0x6</size>
         <input_file_ref idref="fl-4b"/>
      </object_component>
      <object_component id="oc-11a6">
         <name>.text:ti_sysbios_gates_GateHwi_query__E</name>
         <load_address>0xe670</load_address>
         <run_address>0xe670</run_address>
         <size>0x4</size>
         <input_file_ref idref="fl-3d"/>
      </object_component>
      <object_component id="oc-1138">
         <name>.text:ti_sysbios_gates_GateMutexPri_query__E</name>
         <load_address>0xe678</load_address>
         <run_address>0xe678</run_address>
         <size>0x4</size>
         <input_file_ref idref="fl-3d"/>
      </object_component>
      <object_component id="oc-109f">
         <name>.text:ti_sysbios_gates_GateMutex_query__E</name>
         <load_address>0xe680</load_address>
         <run_address>0xe680</run_address>
         <size>0x4</size>
         <input_file_ref idref="fl-3d"/>
      </object_component>
      <object_component id="oc-1871">
         <name>.text:ti_sysbios_knl_Clock_setTimeout__E</name>
         <load_address>0xe688</load_address>
         <run_address>0xe688</run_address>
         <size>0x4</size>
         <input_file_ref idref="fl-3d"/>
      </object_component>
      <object_component id="oc-cab">
         <name>.text:ti_sysbios_knl_Task_startup__E</name>
         <load_address>0xe690</load_address>
         <run_address>0xe690</run_address>
         <size>0x4</size>
         <input_file_ref idref="fl-3d"/>
      </object_component>
      <object_component id="oc-c87">
         <name>.text:ti_sysbios_BIOS_linkedWithIncorrectBootLibrary__E</name>
         <load_address>0xe698</load_address>
         <run_address>0xe698</run_address>
         <size>0x2</size>
         <input_file_ref idref="fl-3d"/>
      </object_component>
      <object_component id="oc-14a2">
         <name>.text:ti_sysbios_gates_GateHwi_Instance_init__E</name>
         <load_address>0xe6a0</load_address>
         <run_address>0xe6a0</run_address>
         <size>0x2</size>
         <input_file_ref idref="fl-3d"/>
      </object_component>
      <object_component id="oc-1441">
         <name>.text:ti_sysbios_knl_Clock_logTick__E</name>
         <load_address>0xe6a8</load_address>
         <run_address>0xe6a8</run_address>
         <size>0x2</size>
         <input_file_ref idref="fl-3d"/>
      </object_component>
      <object_component id="oc-139b">
         <name>.const:xdc_runtime_Text_charTab__A</name>
         <load_address>0xe6ac</load_address>
         <run_address>0xe6ac</run_address>
         <size>0x1703</size>
         <input_file_ref idref="fl-c"/>
      </object_component>
      <object_component id="oc-112a">
         <name>.const:.string:_ctypes_</name>
         <load_address>0xfdaf</load_address>
         <run_address>0xfdaf</run_address>
         <size>0x101</size>
         <input_file_ref idref="fl-132"/>
      </object_component>
      <object_component id="oc-ff4">
         <name>.const:uartMSP432Baudrates</name>
         <load_address>0xfeb0</load_address>
         <run_address>0xfeb0</run_address>
         <size>0x70</size>
         <input_file_ref idref="fl-2"/>
      </object_component>
      <object_component id="oc-16e0">
         <name>.const:.string</name>
         <load_address>0xff20</load_address>
         <run_address>0xff20</run_address>
         <size>0x48</size>
         <input_file_ref idref="fl-c"/>
      </object_component>
      <object_component id="oc-b7a">
         <name>.const:uartMSP432HWAttrs</name>
         <load_address>0xff68</load_address>
         <run_address>0xff68</run_address>
         <size>0x48</size>
         <input_file_ref idref="fl-2"/>
      </object_component>
      <object_component id="oc-a05">
         <name>.const:$P$T0$1</name>
         <load_address>0xffb0</load_address>
         <run_address>0xffb0</run_address>
         <size>0x40</size>
         <input_file_ref idref="fl-8"/>
      </object_component>
      <object_component id="oc-38c">
         <name>.const:ti_sysbios_knl_Task_Object__PARAMS__C</name>
         <load_address>0xfff0</load_address>
         <run_address>0xfff0</run_address>
         <size>0x3c</size>
         <input_file_ref idref="fl-c"/>
      </object_component>
      <object_component id="oc-f71">
         <name>.const:ti_sysbios_family_arm_m3_Hwi_Object__PARAMS__C</name>
         <load_address>0x1002c</load_address>
         <run_address>0x1002c</run_address>
         <size>0x30</size>
         <input_file_ref idref="fl-c"/>
      </object_component>
      <object_component id="oc-b76">
         <name>.const:UARTMSP432_fxnTable</name>
         <load_address>0x1005c</load_address>
         <run_address>0x1005c</run_address>
         <size>0x28</size>
         <input_file_ref idref="fl-2f"/>
      </object_component>
      <object_component id="oc-11df">
         <name>.const:ti_sysbios_heaps_HeapMem_Module__FXNS__C</name>
         <load_address>0x10084</load_address>
         <run_address>0x10084</run_address>
         <size>0x28</size>
         <input_file_ref idref="fl-c"/>
      </object_component>
      <object_component id="oc-73c">
         <name>.const:UART_config</name>
         <load_address>0x100ac</load_address>
         <run_address>0x100ac</run_address>
         <size>0x24</size>
         <input_file_ref idref="fl-2"/>
      </object_component>
      <object_component id="oc-8a9">
         <name>.const:UART_defaultParams</name>
         <load_address>0x100d0</load_address>
         <run_address>0x100d0</run_address>
         <size>0x24</size>
         <input_file_ref idref="fl-26"/>
      </object_component>
      <object_component id="oc-136b">
         <name>.const</name>
         <load_address>0x100f4</load_address>
         <run_address>0x100f4</run_address>
         <size>0x24</size>
         <input_file_ref idref="fl-2f"/>
      </object_component>
      <object_component id="oc-e8a">
         <name>.const:ti_sysbios_gates_GateHwi_Module__FXNS__C</name>
         <load_address>0x10118</load_address>
         <run_address>0x10118</run_address>
         <size>0x24</size>
         <input_file_ref idref="fl-c"/>
      </object_component>
      <object_component id="oc-d4c">
         <name>.const:ti_sysbios_gates_GateMutexPri_Module__FXNS__C</name>
         <load_address>0x1013c</load_address>
         <run_address>0x1013c</run_address>
         <size>0x24</size>
         <input_file_ref idref="fl-c"/>
      </object_component>
      <object_component id="oc-c7c">
         <name>.const:ti_sysbios_gates_GateMutex_Module__FXNS__C</name>
         <load_address>0x10160</load_address>
         <run_address>0x10160</run_address>
         <size>0x24</size>
         <input_file_ref idref="fl-c"/>
      </object_component>
      <object_component id="oc-1829">
         <name>.const:ti_sysbios_heaps_HeapMem_Object__PARAMS__C</name>
         <load_address>0x10184</load_address>
         <run_address>0x10184</run_address>
         <size>0x24</size>
         <input_file_ref idref="fl-c"/>
      </object_component>
      <object_component id="oc-1799">
         <name>.const:ti_sysbios_knl_Clock_Object__PARAMS__C</name>
         <load_address>0x101a8</load_address>
         <run_address>0x101a8</run_address>
         <size>0x24</size>
         <input_file_ref idref="fl-c"/>
      </object_component>
      <object_component id="oc-793">
         <name>.const:ti_sysbios_knl_Semaphore_Object__PARAMS__C</name>
         <load_address>0x101cc</load_address>
         <run_address>0x101cc</run_address>
         <size>0x24</size>
         <input_file_ref idref="fl-c"/>
      </object_component>
      <object_component id="oc-b6b">
         <name>.const</name>
         <load_address>0x101f0</load_address>
         <run_address>0x101f0</run_address>
         <size>0x20</size>
         <input_file_ref idref="fl-2a"/>
      </object_component>
      <object_component id="oc-f7b">
         <name>.const:ti_sysbios_family_arm_m3_Hwi_Object__DESC__C</name>
         <load_address>0x10210</load_address>
         <run_address>0x10210</run_address>
         <size>0x20</size>
         <input_file_ref idref="fl-c"/>
      </object_component>
      <object_component id="oc-14a8">
         <name>.const:ti_sysbios_gates_GateHwi_Object__DESC__C</name>
         <load_address>0x10230</load_address>
         <run_address>0x10230</run_address>
         <size>0x20</size>
         <input_file_ref idref="fl-c"/>
      </object_component>
      <object_component id="oc-889">
         <name>.const:ti_sysbios_gates_GateMutexPri_Object__DESC__C</name>
         <load_address>0x10250</load_address>
         <run_address>0x10250</run_address>
         <size>0x20</size>
         <input_file_ref idref="fl-c"/>
      </object_component>
      <object_component id="oc-1410">
         <name>.const:ti_sysbios_gates_GateMutex_Object__DESC__C</name>
         <load_address>0x10270</load_address>
         <run_address>0x10270</run_address>
         <size>0x20</size>
         <input_file_ref idref="fl-c"/>
      </object_component>
      <object_component id="oc-171c">
         <name>.const:ti_sysbios_heaps_HeapMem_Object__DESC__C</name>
         <load_address>0x10290</load_address>
         <run_address>0x10290</run_address>
         <size>0x20</size>
         <input_file_ref idref="fl-c"/>
      </object_component>
      <object_component id="oc-17a3">
         <name>.const:ti_sysbios_knl_Clock_Object__DESC__C</name>
         <load_address>0x102b0</load_address>
         <run_address>0x102b0</run_address>
         <size>0x20</size>
         <input_file_ref idref="fl-c"/>
      </object_component>
      <object_component id="oc-bdb">
         <name>.const:ti_sysbios_knl_Queue_Object__DESC__C</name>
         <load_address>0x102d0</load_address>
         <run_address>0x102d0</run_address>
         <size>0x20</size>
         <input_file_ref idref="fl-c"/>
      </object_component>
      <object_component id="oc-382">
         <name>.const:ti_sysbios_knl_Semaphore_Object__DESC__C</name>
         <load_address>0x102f0</load_address>
         <run_address>0x102f0</run_address>
         <size>0x20</size>
         <input_file_ref idref="fl-c"/>
      </object_component>
      <object_component id="oc-3a2">
         <name>.const:ti_sysbios_knl_Task_Object__DESC__C</name>
         <load_address>0x10310</load_address>
         <run_address>0x10310</run_address>
         <size>0x20</size>
         <input_file_ref idref="fl-c"/>
      </object_component>
      <object_component id="oc-ee5">
         <name>.const:xdc_runtime_Startup_sfxnTab__A</name>
         <load_address>0x10330</load_address>
         <run_address>0x10330</run_address>
         <size>0x20</size>
         <input_file_ref idref="fl-c"/>
      </object_component>
      <object_component id="oc-e6e">
         <name>.const:$O1$$</name>
         <load_address>0x10350</load_address>
         <run_address>0x10350</run_address>
         <size>0x18</size>
         <input_file_ref idref="fl-11b"/>
      </object_component>
      <object_component id="oc-735">
         <name>.const:I2C_config</name>
         <load_address>0x10368</load_address>
         <run_address>0x10368</run_address>
         <size>0x18</size>
         <input_file_ref idref="fl-2"/>
      </object_component>
      <object_component id="oc-16d7">
         <name>.const:ti_sysbios_gates_GateHwi_Object__PARAMS__C</name>
         <load_address>0x10380</load_address>
         <run_address>0x10380</run_address>
         <size>0x18</size>
         <input_file_ref idref="fl-c"/>
      </object_component>
      <object_component id="oc-87f">
         <name>.const:ti_sysbios_gates_GateMutexPri_Object__PARAMS__C</name>
         <load_address>0x10398</load_address>
         <run_address>0x10398</run_address>
         <size>0x18</size>
         <input_file_ref idref="fl-c"/>
      </object_component>
      <object_component id="oc-169e">
         <name>.const:ti_sysbios_gates_GateMutex_Object__PARAMS__C</name>
         <load_address>0x103b0</load_address>
         <run_address>0x103b0</run_address>
         <size>0x18</size>
         <input_file_ref idref="fl-c"/>
      </object_component>
      <object_component id="oc-1049">
         <name>.const:ti_sysbios_knl_Queue_Object__PARAMS__C</name>
         <load_address>0x103c8</load_address>
         <run_address>0x103c8</run_address>
         <size>0x18</size>
         <input_file_ref idref="fl-c"/>
      </object_component>
      <object_component id="oc-347">
         <name>.const:GPIOMSP432_config</name>
         <load_address>0x103e0</load_address>
         <run_address>0x103e0</run_address>
         <size>0x14</size>
         <input_file_ref idref="fl-2"/>
      </object_component>
      <object_component id="oc-337">
         <name>.const:PowerMSP432_config</name>
         <load_address>0x103f4</load_address>
         <run_address>0x103f4</run_address>
         <size>0x10</size>
         <input_file_ref idref="fl-2"/>
      </object_component>
      <object_component id="oc-88d">
         <name>.const</name>
         <load_address>0x10404</load_address>
         <run_address>0x10404</run_address>
         <size>0x10</size>
         <input_file_ref idref="fl-22"/>
      </object_component>
      <object_component id="oc-b6f">
         <name>.const:i2cMSP432HWAttrs</name>
         <load_address>0x10414</load_address>
         <run_address>0x10414</run_address>
         <size>0x10</size>
         <input_file_ref idref="fl-2"/>
      </object_component>
      <object_component id="oc-ee0">
         <name>.const:xdc_runtime_Startup_sfxnRts__A</name>
         <load_address>0x10424</load_address>
         <run_address>0x10424</run_address>
         <size>0x10</size>
         <input_file_ref idref="fl-c"/>
      </object_component>
      <object_component id="oc-1931">
         <name>.const:xdc_runtime_Text_nodeTab__A</name>
         <load_address>0x10434</load_address>
         <run_address>0x10434</run_address>
         <size>0x10</size>
         <input_file_ref idref="fl-c"/>
      </object_component>
      <object_component id="oc-71d">
         <name>.const:.string</name>
         <load_address>0x10444</load_address>
         <run_address>0x10444</run_address>
         <size>0xc</size>
         <input_file_ref idref="fl-29"/>
      </object_component>
      <object_component id="oc-317">
         <name>.const:xdc_runtime_Startup_firstFxns__A</name>
         <load_address>0x10450</load_address>
         <run_address>0x10450</run_address>
         <size>0xc</size>
         <input_file_ref idref="fl-c"/>
      </object_component>
      <object_component id="oc-ecc">
         <name>.const:ti_sysbios_family_arm_m3_Hwi_excHookFuncs__A</name>
         <load_address>0x1045c</load_address>
         <run_address>0x1045c</run_address>
         <size>0x8</size>
         <input_file_ref idref="fl-c"/>
      </object_component>
      <object_component id="oc-17e0">
         <name>.const:ti_sysbios_knl_Idle_funcList__A</name>
         <load_address>0x10464</load_address>
         <run_address>0x10464</run_address>
         <size>0x8</size>
         <input_file_ref idref="fl-c"/>
      </object_component>
      <object_component id="oc-167b">
         <name>.const:ti_sysbios_knl_Idle_funcList__C</name>
         <load_address>0x1046c</load_address>
         <run_address>0x1046c</run_address>
         <size>0x8</size>
         <input_file_ref idref="fl-c"/>
      </object_component>
      <object_component id="oc-1ea">
         <name>.const:xdc_runtime_Startup_firstFxns__C</name>
         <load_address>0x10474</load_address>
         <run_address>0x10474</run_address>
         <size>0x8</size>
         <input_file_ref idref="fl-c"/>
      </object_component>
      <object_component id="oc-1f0">
         <name>.const:xdc_runtime_Startup_lastFxns__C</name>
         <load_address>0x1047c</load_address>
         <run_address>0x1047c</run_address>
         <size>0x8</size>
         <input_file_ref idref="fl-c"/>
      </object_component>
      <object_component id="oc-1611">
         <name>.const:.string</name>
         <load_address>0x10484</load_address>
         <run_address>0x10484</run_address>
         <size>0x5</size>
         <input_file_ref idref="fl-2f"/>
      </object_component>
      <object_component id="oc-7ca">
         <name>.const:xdc_runtime_Error_policy__C</name>
         <load_address>0x10489</load_address>
         <run_address>0x10489</run_address>
         <size>0x1</size>
         <input_file_ref idref="fl-c"/>
      </object_component>
      <object_component id="oc-e95">
         <name>.const:ti_sysbios_family_arm_m3_Hwi_Module__id__C</name>
         <load_address>0x1048a</load_address>
         <run_address>0x1048a</run_address>
         <size>0x2</size>
         <input_file_ref idref="fl-c"/>
      </object_component>
      <object_component id="oc-eb5">
         <name>.const:ti_sysbios_family_arm_m3_Hwi_E_NMI__C</name>
         <load_address>0x1048c</load_address>
         <run_address>0x1048c</run_address>
         <size>0x4</size>
         <input_file_ref idref="fl-c"/>
      </object_component>
      <object_component id="oc-1267">
         <name>.const:ti_sysbios_family_arm_m3_Hwi_E_alreadyDefined__C</name>
         <load_address>0x10490</load_address>
         <run_address>0x10490</run_address>
         <size>0x4</size>
         <input_file_ref idref="fl-c"/>
      </object_component>
      <object_component id="oc-ea9">
         <name>.const:ti_sysbios_family_arm_m3_Hwi_E_busFault__C</name>
         <load_address>0x10494</load_address>
         <run_address>0x10494</run_address>
         <size>0x4</size>
         <input_file_ref idref="fl-c"/>
      </object_component>
      <object_component id="oc-e9d">
         <name>.const:ti_sysbios_family_arm_m3_Hwi_E_debugMon__C</name>
         <load_address>0x10498</load_address>
         <run_address>0x10498</run_address>
         <size>0x4</size>
         <input_file_ref idref="fl-c"/>
      </object_component>
      <object_component id="oc-eb1">
         <name>.const:ti_sysbios_family_arm_m3_Hwi_E_hardFault__C</name>
         <load_address>0x1049c</load_address>
         <run_address>0x1049c</run_address>
         <size>0x4</size>
         <input_file_ref idref="fl-c"/>
      </object_component>
      <object_component id="oc-ead">
         <name>.const:ti_sysbios_family_arm_m3_Hwi_E_memFault__C</name>
         <load_address>0x104a0</load_address>
         <run_address>0x104a0</run_address>
         <size>0x4</size>
         <input_file_ref idref="fl-c"/>
      </object_component>
      <object_component id="oc-e92">
         <name>.const:ti_sysbios_family_arm_m3_Hwi_E_noIsr__C</name>
         <load_address>0x104a4</load_address>
         <run_address>0x104a4</run_address>
         <size>0x4</size>
         <input_file_ref idref="fl-c"/>
      </object_component>
      <object_component id="oc-e99">
         <name>.const:ti_sysbios_family_arm_m3_Hwi_E_reserved__C</name>
         <load_address>0x104a8</load_address>
         <run_address>0x104a8</run_address>
         <size>0x4</size>
         <input_file_ref idref="fl-c"/>
      </object_component>
      <object_component id="oc-ea1">
         <name>.const:ti_sysbios_family_arm_m3_Hwi_E_svCall__C</name>
         <load_address>0x104ac</load_address>
         <run_address>0x104ac</run_address>
         <size>0x4</size>
         <input_file_ref idref="fl-c"/>
      </object_component>
      <object_component id="oc-ea5">
         <name>.const:ti_sysbios_family_arm_m3_Hwi_E_usageFault__C</name>
         <load_address>0x104b0</load_address>
         <run_address>0x104b0</run_address>
         <size>0x4</size>
         <input_file_ref idref="fl-c"/>
      </object_component>
      <object_component id="oc-acb">
         <name>.const:ti_sysbios_family_arm_m3_Hwi_NUM_INTERRUPTS__C</name>
         <load_address>0x104b4</load_address>
         <run_address>0x104b4</run_address>
         <size>0x4</size>
         <input_file_ref idref="fl-c"/>
      </object_component>
      <object_component id="oc-1520">
         <name>.const:ti_sysbios_family_arm_m3_Hwi_Object__count__C</name>
         <load_address>0x104b8</load_address>
         <run_address>0x104b8</run_address>
         <size>0x4</size>
         <input_file_ref idref="fl-c"/>
      </object_component>
      <object_component id="oc-ad4">
         <name>.const:ti_sysbios_family_arm_m3_Hwi_ccr__C</name>
         <load_address>0x104bc</load_address>
         <run_address>0x104bc</run_address>
         <size>0x4</size>
         <input_file_ref idref="fl-c"/>
      </object_component>
      <object_component id="oc-306">
         <name>.const:ti_sysbios_family_arm_m3_Hwi_excHandlerFunc__C</name>
         <load_address>0x104c0</load_address>
         <run_address>0x104c0</run_address>
         <size>0x4</size>
         <input_file_ref idref="fl-c"/>
      </object_component>
      <object_component id="oc-a9f">
         <name>.const:ti_sysbios_family_arm_m3_Hwi_excHookFuncs__C</name>
         <load_address>0x104c4</load_address>
         <run_address>0x104c4</run_address>
         <size>0x4</size>
         <input_file_ref idref="fl-c"/>
      </object_component>
      <object_component id="oc-ace">
         <name>.const:ti_sysbios_family_arm_m3_Hwi_nullIsrFunc__C</name>
         <load_address>0x104c8</load_address>
         <run_address>0x104c8</run_address>
         <size>0x4</size>
         <input_file_ref idref="fl-c"/>
      </object_component>
      <object_component id="oc-ad1">
         <name>.const:ti_sysbios_family_arm_m3_Hwi_priGroup__C</name>
         <load_address>0x104cc</load_address>
         <run_address>0x104cc</run_address>
         <size>0x4</size>
         <input_file_ref idref="fl-c"/>
      </object_component>
      <object_component id="oc-bf1">
         <name>.const:ti_sysbios_family_arm_m3_TaskSupport_stackAlignment__C</name>
         <load_address>0x104d0</load_address>
         <run_address>0x104d0</run_address>
         <size>0x4</size>
         <input_file_ref idref="fl-c"/>
      </object_component>
      <object_component id="oc-10de">
         <name>.const:ti_sysbios_family_arm_msp432_Timer_numTimerDevices__C</name>
         <load_address>0x104d4</load_address>
         <run_address>0x104d4</run_address>
         <size>0x4</size>
         <input_file_ref idref="fl-c"/>
      </object_component>
      <object_component id="oc-10e1">
         <name>.const:ti_sysbios_family_arm_msp432_Timer_startupNeeded__C</name>
         <load_address>0x104d8</load_address>
         <run_address>0x104d8</run_address>
         <size>0x4</size>
         <input_file_ref idref="fl-c"/>
      </object_component>
      <object_component id="oc-867">
         <name>.const:ti_sysbios_gates_GateMutexPri_A_badContext__C</name>
         <load_address>0x104dc</load_address>
         <run_address>0x104dc</run_address>
         <size>0x4</size>
         <input_file_ref idref="fl-c"/>
      </object_component>
      <object_component id="oc-86d">
         <name>.const:ti_sysbios_gates_GateMutexPri_A_enterTaskDisabled__C</name>
         <load_address>0x104e0</load_address>
         <run_address>0x104e0</run_address>
         <size>0x4</size>
         <input_file_ref idref="fl-c"/>
      </object_component>
      <object_component id="oc-870">
         <name>.const:ti_sysbios_gates_GateMutexPri_Instance_State_pendQ__O</name>
         <load_address>0x104e4</load_address>
         <run_address>0x104e4</run_address>
         <size>0x4</size>
         <input_file_ref idref="fl-c"/>
      </object_component>
      <object_component id="oc-85e">
         <name>.const:ti_sysbios_gates_GateMutexPri_Module__diagsEnabled__C</name>
         <load_address>0x104e8</load_address>
         <run_address>0x104e8</run_address>
         <size>0x4</size>
         <input_file_ref idref="fl-c"/>
      </object_component>
      <object_component id="oc-861">
         <name>.const:ti_sysbios_gates_GateMutexPri_Module__diagsIncluded__C</name>
         <load_address>0x104ec</load_address>
         <run_address>0x104ec</run_address>
         <size>0x4</size>
         <input_file_ref idref="fl-c"/>
      </object_component>
      <object_component id="oc-864">
         <name>.const:ti_sysbios_gates_GateMutexPri_Module__diagsMask__C</name>
         <load_address>0x104f0</load_address>
         <run_address>0x104f0</run_address>
         <size>0x4</size>
         <input_file_ref idref="fl-c"/>
      </object_component>
      <object_component id="oc-13ff">
         <name>.const:ti_sysbios_gates_GateMutex_A_badContext__C</name>
         <load_address>0x104f4</load_address>
         <run_address>0x104f4</run_address>
         <size>0x4</size>
         <input_file_ref idref="fl-c"/>
      </object_component>
      <object_component id="oc-1405">
         <name>.const:ti_sysbios_gates_GateMutex_Instance_State_sem__O</name>
         <load_address>0x104f8</load_address>
         <run_address>0x104f8</run_address>
         <size>0x4</size>
         <input_file_ref idref="fl-c"/>
      </object_component>
      <object_component id="oc-13f6">
         <name>.const:ti_sysbios_gates_GateMutex_Module__diagsEnabled__C</name>
         <load_address>0x104fc</load_address>
         <run_address>0x104fc</run_address>
         <size>0x4</size>
         <input_file_ref idref="fl-c"/>
      </object_component>
      <object_component id="oc-13f9">
         <name>.const:ti_sysbios_gates_GateMutex_Module__diagsIncluded__C</name>
         <load_address>0x10500</load_address>
         <run_address>0x10500</run_address>
         <size>0x4</size>
         <input_file_ref idref="fl-c"/>
      </object_component>
      <object_component id="oc-13fc">
         <name>.const:ti_sysbios_gates_GateMutex_Module__diagsMask__C</name>
         <load_address>0x10504</load_address>
         <run_address>0x10504</run_address>
         <size>0x4</size>
         <input_file_ref idref="fl-c"/>
      </object_component>
      <object_component id="oc-18d0">
         <name>.const:ti_sysbios_hal_Hwi_E_stackOverflow__C</name>
         <load_address>0x10508</load_address>
         <run_address>0x10508</run_address>
         <size>0x4</size>
         <input_file_ref idref="fl-c"/>
      </object_component>
      <object_component id="oc-1700">
         <name>.const:ti_sysbios_heaps_HeapMem_A_align__C</name>
         <load_address>0x1050c</load_address>
         <run_address>0x1050c</run_address>
         <size>0x4</size>
         <input_file_ref idref="fl-c"/>
      </object_component>
      <object_component id="oc-1822">
         <name>.const:ti_sysbios_heaps_HeapMem_A_heapSize__C</name>
         <load_address>0x10510</load_address>
         <run_address>0x10510</run_address>
         <size>0x4</size>
         <input_file_ref idref="fl-c"/>
      </object_component>
      <object_component id="oc-1710">
         <name>.const:ti_sysbios_heaps_HeapMem_A_invalidFree__C</name>
         <load_address>0x10514</load_address>
         <run_address>0x10514</run_address>
         <size>0x4</size>
         <input_file_ref idref="fl-c"/>
      </object_component>
      <object_component id="oc-1706">
         <name>.const:ti_sysbios_heaps_HeapMem_A_zeroBlock__C</name>
         <load_address>0x10518</load_address>
         <run_address>0x10518</run_address>
         <size>0x4</size>
         <input_file_ref idref="fl-c"/>
      </object_component>
      <object_component id="oc-1709">
         <name>.const:ti_sysbios_heaps_HeapMem_E_memory__C</name>
         <load_address>0x1051c</load_address>
         <run_address>0x1051c</run_address>
         <size>0x4</size>
         <input_file_ref idref="fl-c"/>
      </object_component>
      <object_component id="oc-16f7">
         <name>.const:ti_sysbios_heaps_HeapMem_Module__diagsEnabled__C</name>
         <load_address>0x10520</load_address>
         <run_address>0x10520</run_address>
         <size>0x4</size>
         <input_file_ref idref="fl-c"/>
      </object_component>
      <object_component id="oc-16fa">
         <name>.const:ti_sysbios_heaps_HeapMem_Module__diagsIncluded__C</name>
         <load_address>0x10524</load_address>
         <run_address>0x10524</run_address>
         <size>0x4</size>
         <input_file_ref idref="fl-c"/>
      </object_component>
      <object_component id="oc-16fd">
         <name>.const:ti_sysbios_heaps_HeapMem_Module__diagsMask__C</name>
         <load_address>0x10528</load_address>
         <run_address>0x10528</run_address>
         <size>0x4</size>
         <input_file_ref idref="fl-c"/>
      </object_component>
      <object_component id="oc-170c">
         <name>.const:ti_sysbios_heaps_HeapMem_Module__gateObj__C</name>
         <load_address>0x1052c</load_address>
         <run_address>0x1052c</run_address>
         <size>0x4</size>
         <input_file_ref idref="fl-c"/>
      </object_component>
      <object_component id="oc-ac7">
         <name>.const:ti_sysbios_heaps_HeapMem_Object__count__C</name>
         <load_address>0x10530</load_address>
         <run_address>0x10530</run_address>
         <size>0x4</size>
         <input_file_ref idref="fl-c"/>
      </object_component>
      <object_component id="oc-181f">
         <name>.const:ti_sysbios_heaps_HeapMem_reqAlign__C</name>
         <load_address>0x10534</load_address>
         <run_address>0x10534</run_address>
         <size>0x4</size>
         <input_file_ref idref="fl-c"/>
      </object_component>
      <object_component id="oc-185b">
         <name>.const:ti_sysbios_knl_Clock_A_badThreadType__C</name>
         <load_address>0x10538</load_address>
         <run_address>0x10538</run_address>
         <size>0x4</size>
         <input_file_ref idref="fl-c"/>
      </object_component>
      <object_component id="oc-832">
         <name>.const:ti_sysbios_knl_Clock_Module_State_clockQ__O</name>
         <load_address>0x1053c</load_address>
         <run_address>0x1053c</run_address>
         <size>0x4</size>
         <input_file_ref idref="fl-c"/>
      </object_component>
      <object_component id="oc-1864">
         <name>.const:ti_sysbios_knl_Clock_Module__diagsEnabled__C</name>
         <load_address>0x10540</load_address>
         <run_address>0x10540</run_address>
         <size>0x4</size>
         <input_file_ref idref="fl-c"/>
      </object_component>
      <object_component id="oc-1861">
         <name>.const:ti_sysbios_knl_Clock_Module__diagsIncluded__C</name>
         <load_address>0x10544</load_address>
         <run_address>0x10544</run_address>
         <size>0x4</size>
         <input_file_ref idref="fl-c"/>
      </object_component>
      <object_component id="oc-1867">
         <name>.const:ti_sysbios_knl_Clock_Module__diagsMask__C</name>
         <load_address>0x10548</load_address>
         <run_address>0x10548</run_address>
         <size>0x4</size>
         <input_file_ref idref="fl-c"/>
      </object_component>
      <object_component id="oc-835">
         <name>.const:ti_sysbios_knl_Semaphore_A_badContext__C</name>
         <load_address>0x1054c</load_address>
         <run_address>0x1054c</run_address>
         <size>0x4</size>
         <input_file_ref idref="fl-c"/>
      </object_component>
      <object_component id="oc-789">
         <name>.const:ti_sysbios_knl_Semaphore_A_noEvents__C</name>
         <load_address>0x10550</load_address>
         <run_address>0x10550</run_address>
         <size>0x4</size>
         <input_file_ref idref="fl-c"/>
      </object_component>
      <object_component id="oc-9bc">
         <name>.const:ti_sysbios_knl_Semaphore_A_overflow__C</name>
         <load_address>0x10554</load_address>
         <run_address>0x10554</run_address>
         <size>0x4</size>
         <input_file_ref idref="fl-c"/>
      </object_component>
      <object_component id="oc-838">
         <name>.const:ti_sysbios_knl_Semaphore_A_pendTaskDisabled__C</name>
         <load_address>0x10558</load_address>
         <run_address>0x10558</run_address>
         <size>0x4</size>
         <input_file_ref idref="fl-c"/>
      </object_component>
      <object_component id="oc-77d">
         <name>.const:ti_sysbios_knl_Semaphore_Instance_State_pendQ__O</name>
         <load_address>0x1055c</load_address>
         <run_address>0x1055c</run_address>
         <size>0x4</size>
         <input_file_ref idref="fl-c"/>
      </object_component>
      <object_component id="oc-780">
         <name>.const:ti_sysbios_knl_Semaphore_Module__diagsEnabled__C</name>
         <load_address>0x10560</load_address>
         <run_address>0x10560</run_address>
         <size>0x4</size>
         <input_file_ref idref="fl-c"/>
      </object_component>
      <object_component id="oc-783">
         <name>.const:ti_sysbios_knl_Semaphore_Module__diagsIncluded__C</name>
         <load_address>0x10564</load_address>
         <run_address>0x10564</run_address>
         <size>0x4</size>
         <input_file_ref idref="fl-c"/>
      </object_component>
      <object_component id="oc-786">
         <name>.const:ti_sysbios_knl_Semaphore_Module__diagsMask__C</name>
         <load_address>0x10568</load_address>
         <run_address>0x10568</run_address>
         <size>0x4</size>
         <input_file_ref idref="fl-c"/>
      </object_component>
      <object_component id="oc-1503">
         <name>.const:ti_sysbios_knl_Swi_Object__count__C</name>
         <load_address>0x1056c</load_address>
         <run_address>0x1056c</run_address>
         <size>0x4</size>
         <input_file_ref idref="fl-c"/>
      </object_component>
      <object_component id="oc-7bd">
         <name>.const:ti_sysbios_knl_Task_A_badPriority__C</name>
         <load_address>0x10570</load_address>
         <run_address>0x10570</run_address>
         <size>0x4</size>
         <input_file_ref idref="fl-c"/>
      </object_component>
      <object_component id="oc-7e7">
         <name>.const:ti_sysbios_knl_Task_A_badTaskState__C</name>
         <load_address>0x10574</load_address>
         <run_address>0x10574</run_address>
         <size>0x4</size>
         <input_file_ref idref="fl-c"/>
      </object_component>
      <object_component id="oc-7b7">
         <name>.const:ti_sysbios_knl_Task_A_badThreadType__C</name>
         <load_address>0x10578</load_address>
         <run_address>0x10578</run_address>
         <size>0x4</size>
         <input_file_ref idref="fl-c"/>
      </object_component>
      <object_component id="oc-9c6">
         <name>.const:ti_sysbios_knl_Task_A_badTimeout__C</name>
         <load_address>0x1057c</load_address>
         <run_address>0x1057c</run_address>
         <size>0x4</size>
         <input_file_ref idref="fl-c"/>
      </object_component>
      <object_component id="oc-7ea">
         <name>.const:ti_sysbios_knl_Task_A_noPendElem__C</name>
         <load_address>0x10580</load_address>
         <run_address>0x10580</run_address>
         <size>0x4</size>
         <input_file_ref idref="fl-c"/>
      </object_component>
      <object_component id="oc-9cf">
         <name>.const:ti_sysbios_knl_Task_A_sleepTaskDisabled__C</name>
         <load_address>0x10584</load_address>
         <run_address>0x10584</run_address>
         <size>0x4</size>
         <input_file_ref idref="fl-c"/>
      </object_component>
      <object_component id="oc-13e0">
         <name>.const:ti_sysbios_knl_Task_E_spOutOfBounds__C</name>
         <load_address>0x10588</load_address>
         <run_address>0x10588</run_address>
         <size>0x4</size>
         <input_file_ref idref="fl-c"/>
      </object_component>
      <object_component id="oc-13dd">
         <name>.const:ti_sysbios_knl_Task_E_stackOverflow__C</name>
         <load_address>0x1058c</load_address>
         <run_address>0x1058c</run_address>
         <size>0x4</size>
         <input_file_ref idref="fl-c"/>
      </object_component>
      <object_component id="oc-c23">
         <name>.const:ti_sysbios_knl_Task_Module_State_inactiveQ__O</name>
         <load_address>0x10590</load_address>
         <run_address>0x10590</run_address>
         <size>0x4</size>
         <input_file_ref idref="fl-c"/>
      </object_component>
      <object_component id="oc-7ae">
         <name>.const:ti_sysbios_knl_Task_Module__diagsEnabled__C</name>
         <load_address>0x10594</load_address>
         <run_address>0x10594</run_address>
         <size>0x4</size>
         <input_file_ref idref="fl-c"/>
      </object_component>
      <object_component id="oc-7b1">
         <name>.const:ti_sysbios_knl_Task_Module__diagsIncluded__C</name>
         <load_address>0x10598</load_address>
         <run_address>0x10598</run_address>
         <size>0x4</size>
         <input_file_ref idref="fl-c"/>
      </object_component>
      <object_component id="oc-7b4">
         <name>.const:ti_sysbios_knl_Task_Module__diagsMask__C</name>
         <load_address>0x1059c</load_address>
         <run_address>0x1059c</run_address>
         <size>0x4</size>
         <input_file_ref idref="fl-c"/>
      </object_component>
      <object_component id="oc-1513">
         <name>.const:ti_sysbios_knl_Task_Object__count__C</name>
         <load_address>0x105a0</load_address>
         <run_address>0x105a0</run_address>
         <size>0x4</size>
         <input_file_ref idref="fl-c"/>
      </object_component>
      <object_component id="oc-13d3">
         <name>.const:ti_sysbios_knl_Task_allBlockedFunc__C</name>
         <load_address>0x105a4</load_address>
         <run_address>0x105a4</run_address>
         <size>0x4</size>
         <input_file_ref idref="fl-c"/>
      </object_component>
      <object_component id="oc-7c0">
         <name>.const:ti_sysbios_knl_Task_defaultStackHeap__C</name>
         <load_address>0x105a8</load_address>
         <run_address>0x105a8</run_address>
         <size>0x4</size>
         <input_file_ref idref="fl-c"/>
      </object_component>
      <object_component id="oc-7c3">
         <name>.const:ti_sysbios_knl_Task_defaultStackSize__C</name>
         <load_address>0x105ac</load_address>
         <run_address>0x105ac</run_address>
         <size>0x4</size>
         <input_file_ref idref="fl-c"/>
      </object_component>
      <object_component id="oc-1516">
         <name>.const:ti_sysbios_knl_Task_numConstructedTasks__C</name>
         <load_address>0x105b0</load_address>
         <run_address>0x105b0</run_address>
         <size>0x4</size>
         <input_file_ref idref="fl-c"/>
      </object_component>
      <object_component id="oc-b93">
         <name>.const:xdc_runtime_Assert_E_assertFailed__C</name>
         <load_address>0x105b4</load_address>
         <run_address>0x105b4</run_address>
         <size>0x4</size>
         <input_file_ref idref="fl-c"/>
      </object_component>
      <object_component id="oc-76a">
         <name>.const:xdc_runtime_Core_A_initializedParams__C</name>
         <load_address>0x105b8</load_address>
         <run_address>0x105b8</run_address>
         <size>0x4</size>
         <input_file_ref idref="fl-c"/>
      </object_component>
      <object_component id="oc-764">
         <name>.const:xdc_runtime_Core_Module__diagsEnabled__C</name>
         <load_address>0x105bc</load_address>
         <run_address>0x105bc</run_address>
         <size>0x4</size>
         <input_file_ref idref="fl-c"/>
      </object_component>
      <object_component id="oc-761">
         <name>.const:xdc_runtime_Core_Module__diagsIncluded__C</name>
         <load_address>0x105c0</load_address>
         <run_address>0x105c0</run_address>
         <size>0x4</size>
         <input_file_ref idref="fl-c"/>
      </object_component>
      <object_component id="oc-767">
         <name>.const:xdc_runtime_Core_Module__diagsMask__C</name>
         <load_address>0x105c4</load_address>
         <run_address>0x105c4</run_address>
         <size>0x4</size>
         <input_file_ref idref="fl-c"/>
      </object_component>
      <object_component id="oc-c07">
         <name>.const:xdc_runtime_Error_E_memory__C</name>
         <load_address>0x105c8</load_address>
         <run_address>0x105c8</run_address>
         <size>0x4</size>
         <input_file_ref idref="fl-c"/>
      </object_component>
      <object_component id="oc-1661">
         <name>.const:xdc_runtime_Error_Module__diagsEnabled__C</name>
         <load_address>0x105cc</load_address>
         <run_address>0x105cc</run_address>
         <size>0x4</size>
         <input_file_ref idref="fl-c"/>
      </object_component>
      <object_component id="oc-165e">
         <name>.const:xdc_runtime_Error_Module__diagsIncluded__C</name>
         <load_address>0x105d0</load_address>
         <run_address>0x105d0</run_address>
         <size>0x4</size>
         <input_file_ref idref="fl-c"/>
      </object_component>
      <object_component id="oc-1664">
         <name>.const:xdc_runtime_Error_Module__diagsMask__C</name>
         <load_address>0x105d4</load_address>
         <run_address>0x105d4</run_address>
         <size>0x4</size>
         <input_file_ref idref="fl-c"/>
      </object_component>
      <object_component id="oc-166a">
         <name>.const:xdc_runtime_Error_Module__loggerFxn8__C</name>
         <load_address>0x105d8</load_address>
         <run_address>0x105d8</run_address>
         <size>0x4</size>
         <input_file_ref idref="fl-c"/>
      </object_component>
      <object_component id="oc-1667">
         <name>.const:xdc_runtime_Error_Module__loggerObj__C</name>
         <load_address>0x105dc</load_address>
         <run_address>0x105dc</run_address>
         <size>0x4</size>
         <input_file_ref idref="fl-c"/>
      </object_component>
      <object_component id="oc-1004">
         <name>.const:xdc_runtime_Error_policyFxn__C</name>
         <load_address>0x105e0</load_address>
         <run_address>0x105e0</run_address>
         <size>0x4</size>
         <input_file_ref idref="fl-c"/>
      </object_component>
      <object_component id="oc-1670">
         <name>.const:xdc_runtime_Error_raiseHook__C</name>
         <load_address>0x105e4</load_address>
         <run_address>0x105e4</run_address>
         <size>0x4</size>
         <input_file_ref idref="fl-c"/>
      </object_component>
      <object_component id="oc-109c">
         <name>.const:xdc_runtime_IGateProvider_Interface__BASE__C</name>
         <load_address>0x105e8</load_address>
         <run_address>0x105e8</run_address>
         <size>0x4</size>
         <input_file_ref idref="fl-c"/>
      </object_component>
      <object_component id="oc-14bf">
         <name>.const:xdc_runtime_IHeap_Interface__BASE__C</name>
         <load_address>0x105ec</load_address>
         <run_address>0x105ec</run_address>
         <size>0x4</size>
         <input_file_ref idref="fl-c"/>
      </object_component>
      <object_component id="oc-13f0">
         <name>.const:xdc_runtime_IModule_Interface__BASE__C</name>
         <load_address>0x105f0</load_address>
         <run_address>0x105f0</run_address>
         <size>0x4</size>
         <input_file_ref idref="fl-c"/>
      </object_component>
      <object_component id="oc-1658">
         <name>.const:xdc_runtime_Log_L_error__C</name>
         <load_address>0x105f4</load_address>
         <run_address>0x105f4</run_address>
         <size>0x4</size>
         <input_file_ref idref="fl-c"/>
      </object_component>
      <object_component id="oc-c01">
         <name>.const:xdc_runtime_Memory_defaultHeapInstance__C</name>
         <load_address>0x105f8</load_address>
         <run_address>0x105f8</run_address>
         <size>0x4</size>
         <input_file_ref idref="fl-c"/>
      </object_component>
      <object_component id="oc-1ed">
         <name>.const:xdc_runtime_Startup_execImpl__C</name>
         <load_address>0x105fc</load_address>
         <run_address>0x105fc</run_address>
         <size>0x4</size>
         <input_file_ref idref="fl-c"/>
      </object_component>
      <object_component id="oc-ae5">
         <name>.const:xdc_runtime_Startup_maxPasses__C</name>
         <load_address>0x10600</load_address>
         <run_address>0x10600</run_address>
         <size>0x4</size>
         <input_file_ref idref="fl-c"/>
      </object_component>
      <object_component id="oc-adf">
         <name>.const:xdc_runtime_Startup_sfxnRts__C</name>
         <load_address>0x10604</load_address>
         <run_address>0x10604</run_address>
         <size>0x4</size>
         <input_file_ref idref="fl-c"/>
      </object_component>
      <object_component id="oc-ae2">
         <name>.const:xdc_runtime_Startup_sfxnTab__C</name>
         <load_address>0x10608</load_address>
         <run_address>0x10608</run_address>
         <size>0x4</size>
         <input_file_ref idref="fl-c"/>
      </object_component>
      <object_component id="oc-3b8">
         <name>.const:xdc_runtime_SysMin_bufSize__C</name>
         <load_address>0x1060c</load_address>
         <run_address>0x1060c</run_address>
         <size>0x4</size>
         <input_file_ref idref="fl-c"/>
      </object_component>
      <object_component id="oc-3b2">
         <name>.const:xdc_runtime_SysMin_outputFunc__C</name>
         <load_address>0x10610</load_address>
         <run_address>0x10610</run_address>
         <size>0x4</size>
         <input_file_ref idref="fl-c"/>
      </object_component>
      <object_component id="oc-52b">
         <name>.const:xdc_runtime_System_Module__gateObj__C</name>
         <load_address>0x10614</load_address>
         <run_address>0x10614</run_address>
         <size>0x4</size>
         <input_file_ref idref="fl-c"/>
      </object_component>
      <object_component id="oc-89e">
         <name>.const:xdc_runtime_System_abortFxn__C</name>
         <load_address>0x10618</load_address>
         <run_address>0x10618</run_address>
         <size>0x4</size>
         <input_file_ref idref="fl-c"/>
      </object_component>
      <object_component id="oc-ba">
         <name>.const:xdc_runtime_System_exitFxn__C</name>
         <load_address>0x1061c</load_address>
         <run_address>0x1061c</run_address>
         <size>0x4</size>
         <input_file_ref idref="fl-c"/>
      </object_component>
      <object_component id="oc-1490">
         <name>.const:xdc_runtime_System_extendFxn__C</name>
         <load_address>0x10620</load_address>
         <run_address>0x10620</run_address>
         <size>0x4</size>
         <input_file_ref idref="fl-c"/>
      </object_component>
      <object_component id="oc-10c7">
         <name>.const:xdc_runtime_System_maxAtexitHandlers__C</name>
         <load_address>0x10624</load_address>
         <run_address>0x10624</run_address>
         <size>0x4</size>
         <input_file_ref idref="fl-c"/>
      </object_component>
      <object_component id="oc-ffa">
         <name>.const:xdc_runtime_Text_charTab__C</name>
         <load_address>0x10628</load_address>
         <run_address>0x10628</run_address>
         <size>0x4</size>
         <input_file_ref idref="fl-c"/>
      </object_component>
      <object_component id="oc-14b7">
         <name>.const:xdc_runtime_Text_nameEmpty__C</name>
         <load_address>0x1062c</load_address>
         <run_address>0x1062c</run_address>
         <size>0x4</size>
         <input_file_ref idref="fl-c"/>
      </object_component>
      <object_component id="oc-14ba">
         <name>.const:xdc_runtime_Text_nameStatic__C</name>
         <load_address>0x10630</load_address>
         <run_address>0x10630</run_address>
         <size>0x4</size>
         <input_file_ref idref="fl-c"/>
      </object_component>
      <object_component id="oc-14b4">
         <name>.const:xdc_runtime_Text_nameUnknown__C</name>
         <load_address>0x10634</load_address>
         <run_address>0x10634</run_address>
         <size>0x4</size>
         <input_file_ref idref="fl-c"/>
      </object_component>
      <object_component id="oc-192d">
         <name>.const:xdc_runtime_Text_nodeTab__C</name>
         <load_address>0x10638</load_address>
         <run_address>0x10638</run_address>
         <size>0x4</size>
         <input_file_ref idref="fl-c"/>
      </object_component>
      <object_component id="oc-18e0">
         <name>.const:xdc_runtime_Text_visitRopeFxn__C</name>
         <load_address>0x1063c</load_address>
         <run_address>0x1063c</run_address>
         <size>0x4</size>
         <input_file_ref idref="fl-c"/>
      </object_component>
      <object_component id="oc-86a">
         <name>.const:ti_sysbios_gates_GateMutexPri_Module__id__C</name>
         <load_address>0x10640</load_address>
         <run_address>0x10640</run_address>
         <size>0x2</size>
         <input_file_ref idref="fl-c"/>
      </object_component>
      <object_component id="oc-1402">
         <name>.const:ti_sysbios_gates_GateMutex_Module__id__C</name>
         <load_address>0x10642</load_address>
         <run_address>0x10642</run_address>
         <size>0x2</size>
         <input_file_ref idref="fl-c"/>
      </object_component>
      <object_component id="oc-18cd">
         <name>.const:ti_sysbios_hal_Hwi_Module__id__C</name>
         <load_address>0x10644</load_address>
         <run_address>0x10644</run_address>
         <size>0x2</size>
         <input_file_ref idref="fl-c"/>
      </object_component>
      <object_component id="oc-1703">
         <name>.const:ti_sysbios_heaps_HeapMem_Module__id__C</name>
         <load_address>0x10646</load_address>
         <run_address>0x10646</run_address>
         <size>0x2</size>
         <input_file_ref idref="fl-c"/>
      </object_component>
      <object_component id="oc-185e">
         <name>.const:ti_sysbios_knl_Clock_Module__id__C</name>
         <load_address>0x10648</load_address>
         <run_address>0x10648</run_address>
         <size>0x2</size>
         <input_file_ref idref="fl-c"/>
      </object_component>
      <object_component id="oc-78c">
         <name>.const:ti_sysbios_knl_Semaphore_Module__id__C</name>
         <load_address>0x1064a</load_address>
         <run_address>0x1064a</run_address>
         <size>0x2</size>
         <input_file_ref idref="fl-c"/>
      </object_component>
      <object_component id="oc-7ba">
         <name>.const:ti_sysbios_knl_Task_Module__id__C</name>
         <load_address>0x1064c</load_address>
         <run_address>0x1064c</run_address>
         <size>0x2</size>
         <input_file_ref idref="fl-c"/>
      </object_component>
      <object_component id="oc-76d">
         <name>.const:xdc_runtime_Core_Module__id__C</name>
         <load_address>0x1064e</load_address>
         <run_address>0x1064e</run_address>
         <size>0x2</size>
         <input_file_ref idref="fl-c"/>
      </object_component>
      <object_component id="oc-165b">
         <name>.const:xdc_runtime_Error_Module__loggerDefined__C</name>
         <load_address>0x10650</load_address>
         <run_address>0x10650</run_address>
         <size>0x2</size>
         <input_file_ref idref="fl-c"/>
      </object_component>
      <object_component id="oc-1673">
         <name>.const:xdc_runtime_Error_maxDepth__C</name>
         <load_address>0x10652</load_address>
         <run_address>0x10652</run_address>
         <size>0x2</size>
         <input_file_ref idref="fl-c"/>
      </object_component>
      <object_component id="oc-c04">
         <name>.const:xdc_runtime_Memory_Module__id__C</name>
         <load_address>0x10654</load_address>
         <run_address>0x10654</run_address>
         <size>0x2</size>
         <input_file_ref idref="fl-c"/>
      </object_component>
      <object_component id="oc-52f">
         <name>.const:xdc_runtime_SysMin_flushAtExit__C</name>
         <load_address>0x10656</load_address>
         <run_address>0x10656</run_address>
         <size>0x2</size>
         <input_file_ref idref="fl-c"/>
      </object_component>
      <object_component id="oc-16dc">
         <name>.const:xdc_runtime_Text_charCnt__C</name>
         <load_address>0x10658</load_address>
         <run_address>0x10658</run_address>
         <size>0x2</size>
         <input_file_ref idref="fl-c"/>
      </object_component>
      <object_component id="oc-b90">
         <name>.const:xdc_runtime_Text_isLoaded__C</name>
         <load_address>0x1065a</load_address>
         <run_address>0x1065a</run_address>
         <size>0x2</size>
         <input_file_ref idref="fl-c"/>
      </object_component>
      <object_component id="oc-18da">
         <name>.const:xdc_runtime_Text_registryModsLastId__C</name>
         <load_address>0x1065c</load_address>
         <run_address>0x1065c</run_address>
         <size>0x2</size>
         <input_file_ref idref="fl-c"/>
      </object_component>
      <object_component id="oc-18dd">
         <name>.const:xdc_runtime_Text_unnamedModsLastId__C</name>
         <load_address>0x1065e</load_address>
         <run_address>0x1065e</run_address>
         <size>0x2</size>
         <input_file_ref idref="fl-c"/>
      </object_component>
      <object_component id="oc-195b">
         <name>.cinit..data.load</name>
         <load_address>0x10660</load_address>
         <run_address>0x10660</run_address>
         <size>0x26d</size>
      </object_component>
      <object_component id="oc-1959">
         <name>__TI_handler_table</name>
         <load_address>0x108d0</load_address>
         <run_address>0x108d0</run_address>
         <size>0xc</size>
      </object_component>
      <object_component id="oc-195c">
         <name>.cinit..bss.load</name>
         <load_address>0x108e0</load_address>
         <run_address>0x108e0</run_address>
         <size>0x8</size>
      </object_component>
      <object_component id="oc-195d">
         <name>.cinit..vecs.load</name>
         <load_address>0x108e8</load_address>
         <run_address>0x108e8</run_address>
         <size>0x8</size>
      </object_component>
      <object_component id="oc-195a">
         <name>__TI_cinit_table</name>
         <load_address>0x108f0</load_address>
         <run_address>0x108f0</run_address>
         <size>0x18</size>
      </object_component>
      <object_component id="oc-728">
         <name>.data:gpioPinConfigs</name>
         <load_address>0x20004e34</load_address>
         <run_address>0x20004e34</run_address>
         <size>0x10</size>
         <input_file_ref idref="fl-2"/>
      </object_component>
      <object_component id="oc-72b">
         <name>.data:gpioCallbackFunctions</name>
         <load_address>0x20004e94</load_address>
         <run_address>0x20004e94</run_address>
         <size>0x8</size>
         <input_file_ref idref="fl-2"/>
      </object_component>
      <object_component id="oc-e0e">
         <name>.data</name>
         <load_address>0x20004e8c</load_address>
         <run_address>0x20004e8c</run_address>
         <size>0x8</size>
         <input_file_ref idref="fl-4"/>
      </object_component>
      <object_component id="oc-e3a">
         <name>.data:v_fifo_data_u8</name>
         <load_address>0x2000458c</load_address>
         <run_address>0x2000458c</run_address>
         <size>0x400</size>
         <input_file_ref idref="fl-4"/>
      </object_component>
      <object_component id="oc-3bc">
         <name>.data:ti_sysbios_BIOS_Module__state__V</name>
         <load_address>0x20004da4</load_address>
         <run_address>0x20004da4</run_address>
         <size>0x24</size>
         <input_file_ref idref="fl-c"/>
      </object_component>
      <object_component id="oc-126b">
         <name>.data:ti_sysbios_family_arm_m3_Hwi_Module__root__V</name>
         <load_address>0x20004e9c</load_address>
         <run_address>0x20004e9c</run_address>
         <size>0x8</size>
         <input_file_ref idref="fl-c"/>
      </object_component>
      <object_component id="oc-1100">
         <name>.data:ti_sysbios_family_arm_m3_Hwi_Object__table__V</name>
         <load_address>0x20004e04</load_address>
         <run_address>0x20004e04</run_address>
         <size>0x18</size>
         <input_file_ref idref="fl-c"/>
      </object_component>
      <object_component id="oc-5eb">
         <name>.data:ti_sysbios_family_arm_m3_Hwi_Module_State_0_excActive__A</name>
         <load_address>0x20004f28</load_address>
         <run_address>0x20004f28</run_address>
         <size>0x2</size>
         <input_file_ref idref="fl-c"/>
      </object_component>
      <object_component id="oc-5ee">
         <name>.data:ti_sysbios_family_arm_m3_Hwi_Module_State_0_excContext__A</name>
         <load_address>0x20004f14</load_address>
         <run_address>0x20004f14</run_address>
         <size>0x4</size>
         <input_file_ref idref="fl-c"/>
      </object_component>
      <object_component id="oc-5f1">
         <name>.data:ti_sysbios_family_arm_m3_Hwi_Module_State_0_excStack__A</name>
         <load_address>0x20004f18</load_address>
         <run_address>0x20004f18</run_address>
         <size>0x4</size>
         <input_file_ref idref="fl-c"/>
      </object_component>
      <object_component id="oc-303">
         <name>.data:ti_sysbios_family_arm_m3_Hwi_Module__state__V</name>
         <load_address>0x20004cbc</load_address>
         <run_address>0x20004cbc</run_address>
         <size>0x34</size>
         <input_file_ref idref="fl-c"/>
      </object_component>
      <object_component id="oc-f2e">
         <name>.data:ti_sysbios_family_arm_msp432_ClockFreqs_Module__state__V</name>
         <load_address>0x20004e60</load_address>
         <run_address>0x20004e60</run_address>
         <size>0xc</size>
         <input_file_ref idref="fl-c"/>
      </object_component>
      <object_component id="oc-cc7">
         <name>.data:ti_sysbios_family_arm_msp432_Timer_Object__table__V</name>
         <load_address>0x20004ba8</load_address>
         <run_address>0x20004ba8</run_address>
         <size>0x4c</size>
         <input_file_ref idref="fl-c"/>
      </object_component>
      <object_component id="oc-1431">
         <name>.data:ti_sysbios_family_arm_msp432_Timer_Module_State_0_device__A</name>
         <load_address>0x20004dc8</load_address>
         <run_address>0x20004dc8</run_address>
         <size>0x20</size>
         <input_file_ref idref="fl-c"/>
      </object_component>
      <object_component id="oc-1434">
         <name>.data:ti_sysbios_family_arm_msp432_Timer_Module_State_0_handles__A</name>
         <load_address>0x20004e44</load_address>
         <run_address>0x20004e44</run_address>
         <size>0x10</size>
         <input_file_ref idref="fl-c"/>
      </object_component>
      <object_component id="oc-10e4">
         <name>.data:ti_sysbios_family_arm_msp432_Timer_Module__state__V</name>
         <load_address>0x20004e6c</load_address>
         <run_address>0x20004e6c</run_address>
         <size>0xc</size>
         <input_file_ref idref="fl-c"/>
      </object_component>
      <object_component id="oc-16d4">
         <name>.data:ti_sysbios_gates_GateHwi_Module__root__V</name>
         <load_address>0x20004ea4</load_address>
         <run_address>0x20004ea4</run_address>
         <size>0x8</size>
         <input_file_ref idref="fl-c"/>
      </object_component>
      <object_component id="oc-a35">
         <name>.data:ti_sysbios_gates_GateHwi_Object__table__V</name>
         <load_address>0x20004f1c</load_address>
         <run_address>0x20004f1c</run_address>
         <size>0x4</size>
         <input_file_ref idref="fl-c"/>
      </object_component>
      <object_component id="oc-169b">
         <name>.data:ti_sysbios_gates_GateMutex_Module__root__V</name>
         <load_address>0x20004eb4</load_address>
         <run_address>0x20004eb4</run_address>
         <size>0x8</size>
         <input_file_ref idref="fl-c"/>
      </object_component>
      <object_component id="oc-803">
         <name>.data:ti_sysbios_gates_GateMutex_Object__table__V</name>
         <load_address>0x20004c84</load_address>
         <run_address>0x20004c84</run_address>
         <size>0x38</size>
         <input_file_ref idref="fl-c"/>
      </object_component>
      <object_component id="oc-d4f">
         <name>.data:ti_sysbios_gates_GateMutexPri_Module__root__V</name>
         <load_address>0x20004eac</load_address>
         <run_address>0x20004eac</run_address>
         <size>0x8</size>
         <input_file_ref idref="fl-c"/>
      </object_component>
      <object_component id="oc-1826">
         <name>.data:ti_sysbios_heaps_HeapMem_Module__root__V</name>
         <load_address>0x20004ebc</load_address>
         <run_address>0x20004ebc</run_address>
         <size>0x8</size>
         <input_file_ref idref="fl-c"/>
      </object_component>
      <object_component id="oc-ed1">
         <name>.data:ti_sysbios_heaps_HeapMem_Object__table__V</name>
         <load_address>0x20004e1c</load_address>
         <run_address>0x20004e1c</run_address>
         <size>0x18</size>
         <input_file_ref idref="fl-c"/>
      </object_component>
      <object_component id="oc-186b">
         <name>.data:ti_sysbios_knl_Clock_Module__root__V</name>
         <load_address>0x20004ec4</load_address>
         <run_address>0x20004ec4</run_address>
         <size>0x8</size>
         <input_file_ref idref="fl-c"/>
      </object_component>
      <object_component id="oc-82f">
         <name>.data:ti_sysbios_knl_Clock_Module__state__V</name>
         <load_address>0x20004d50</load_address>
         <run_address>0x20004d50</run_address>
         <size>0x2c</size>
         <input_file_ref idref="fl-c"/>
      </object_component>
      <object_component id="oc-1046">
         <name>.data:ti_sysbios_knl_Queue_Module__root__V</name>
         <load_address>0x20004ecc</load_address>
         <run_address>0x20004ecc</run_address>
         <size>0x8</size>
         <input_file_ref idref="fl-c"/>
      </object_component>
      <object_component id="oc-790">
         <name>.data:ti_sysbios_knl_Semaphore_Module__root__V</name>
         <load_address>0x20004ed4</load_address>
         <run_address>0x20004ed4</run_address>
         <size>0x8</size>
         <input_file_ref idref="fl-c"/>
      </object_component>
      <object_component id="oc-cca">
         <name>.data:ti_sysbios_knl_Swi_Object__table__V</name>
         <load_address>0x20004d20</load_address>
         <run_address>0x20004d20</run_address>
         <size>0x30</size>
         <input_file_ref idref="fl-c"/>
      </object_component>
      <object_component id="oc-cd5">
         <name>.data:ti_sysbios_knl_Swi_Module_State_0_readyQ__A</name>
         <load_address>0x20004b28</load_address>
         <run_address>0x20004b28</run_address>
         <size>0x80</size>
         <input_file_ref idref="fl-c"/>
      </object_component>
      <object_component id="oc-83b">
         <name>.data:ti_sysbios_knl_Swi_Module__state__V</name>
         <load_address>0x20004de8</load_address>
         <run_address>0x20004de8</run_address>
         <size>0x1c</size>
         <input_file_ref idref="fl-c"/>
      </object_component>
      <object_component id="oc-7d6">
         <name>.data:ti_sysbios_knl_Task_Module__root__V</name>
         <load_address>0x20004edc</load_address>
         <run_address>0x20004edc</run_address>
         <size>0x8</size>
         <input_file_ref idref="fl-c"/>
      </object_component>
      <object_component id="oc-1068">
         <name>.data:ti_sysbios_knl_Task_Object__table__V</name>
         <load_address>0x20004bf4</load_address>
         <run_address>0x20004bf4</run_address>
         <size>0x4c</size>
         <input_file_ref idref="fl-c"/>
      </object_component>
      <object_component id="oc-c37">
         <name>.data:ti_sysbios_knl_Task_Module_State_0_readyQ__A</name>
         <load_address>0x2000498c</load_address>
         <run_address>0x2000498c</run_address>
         <size>0x100</size>
         <input_file_ref idref="fl-c"/>
      </object_component>
      <object_component id="oc-c3a">
         <name>.data:ti_sysbios_knl_Task_Module_State_0_idleTask__A</name>
         <load_address>0x20004f20</load_address>
         <run_address>0x20004f20</run_address>
         <size>0x4</size>
         <input_file_ref idref="fl-c"/>
      </object_component>
      <object_component id="oc-7c6">
         <name>.data:ti_sysbios_knl_Task_Module__state__V</name>
         <load_address>0x20004c40</load_address>
         <run_address>0x20004c40</run_address>
         <size>0x44</size>
         <input_file_ref idref="fl-c"/>
      </object_component>
      <object_component id="oc-166d">
         <name>.data:xdc_runtime_Error_Module__state__V</name>
         <load_address>0x20004f2a</load_address>
         <run_address>0x20004f2a</run_address>
         <size>0x2</size>
         <input_file_ref idref="fl-c"/>
      </object_component>
      <object_component id="oc-1050">
         <name>.data:xdc_runtime_Memory_Module__state__V</name>
         <load_address>0x20004f24</load_address>
         <run_address>0x20004f24</run_address>
         <size>0x4</size>
         <input_file_ref idref="fl-c"/>
      </object_component>
      <object_component id="oc-18fd">
         <name>.data:xdc_runtime_Registry_Module__state__V</name>
         <load_address>0x20004ee4</load_address>
         <run_address>0x20004ee4</run_address>
         <size>0x8</size>
         <input_file_ref idref="fl-c"/>
      </object_component>
      <object_component id="oc-1f3">
         <name>.data:xdc_runtime_Startup_Module__state__V</name>
         <load_address>0x20004eec</load_address>
         <run_address>0x20004eec</run_address>
         <size>0x8</size>
         <input_file_ref idref="fl-c"/>
      </object_component>
      <object_component id="oc-3b5">
         <name>.data:xdc_runtime_SysMin_Module__state__V</name>
         <load_address>0x20004e78</load_address>
         <run_address>0x20004e78</run_address>
         <size>0xc</size>
         <input_file_ref idref="fl-c"/>
      </object_component>
      <object_component id="oc-533">
         <name>.data:xdc_runtime_System_Module_State_0_atexitHandlers__A</name>
         <load_address>0x20004ef4</load_address>
         <run_address>0x20004ef4</run_address>
         <size>0x8</size>
         <input_file_ref idref="fl-c"/>
      </object_component>
      <object_component id="oc-273">
         <name>.data:xdc_runtime_System_Module__state__V</name>
         <load_address>0x20004efc</load_address>
         <run_address>0x20004efc</run_address>
         <size>0x8</size>
         <input_file_ref idref="fl-c"/>
      </object_component>
      <object_component id="oc-732">
         <name>.data</name>
         <load_address>0x20004f04</load_address>
         <run_address>0x20004f04</run_address>
         <size>0x4</size>
         <input_file_ref idref="fl-22"/>
      </object_component>
      <object_component id="oc-739">
         <name>.data</name>
         <load_address>0x20004f08</load_address>
         <run_address>0x20004f08</run_address>
         <size>0x4</size>
         <input_file_ref idref="fl-26"/>
      </object_component>
      <object_component id="oc-71a">
         <name>.data</name>
         <load_address>0x20004f2c</load_address>
         <run_address>0x20004f2c</run_address>
         <size>0x1</size>
         <input_file_ref idref="fl-29"/>
      </object_component>
      <object_component id="oc-334">
         <name>.data:PowerMSP432_module</name>
         <load_address>0x20004d7c</load_address>
         <run_address>0x20004d7c</run_address>
         <size>0x28</size>
         <input_file_ref idref="fl-2b"/>
      </object_component>
      <object_component id="oc-6c8">
         <name>.data:PowerMSP432_perfLevels</name>
         <load_address>0x20004a8c</load_address>
         <run_address>0x20004a8c</run_address>
         <size>0x9c</size>
         <input_file_ref idref="fl-2b"/>
      </object_component>
      <object_component id="oc-747">
         <name>.data:GPIO_PORT_TO_BASE</name>
         <load_address>0x20004cf0</load_address>
         <run_address>0x20004cf0</run_address>
         <size>0x30</size>
         <input_file_ref idref="fl-56"/>
      </object_component>
      <object_component id="oc-53b">
         <name>.data:$O1$$</name>
         <load_address>0x20004e84</load_address>
         <run_address>0x20004e84</run_address>
         <size>0x8</size>
         <input_file_ref idref="fl-115"/>
      </object_component>
      <object_component id="oc-e6b">
         <name>.data</name>
         <load_address>0x20004f0c</load_address>
         <run_address>0x20004f0c</run_address>
         <size>0x4</size>
         <input_file_ref idref="fl-11e"/>
      </object_component>
      <object_component id="oc-538">
         <name>.data:$O1$$</name>
         <load_address>0x20004e54</load_address>
         <run_address>0x20004e54</run_address>
         <size>0xc</size>
         <input_file_ref idref="fl-11f"/>
      </object_component>
      <object_component id="oc-6d">
         <name>.data</name>
         <load_address>0x20004f10</load_address>
         <run_address>0x20004f10</run_address>
         <size>0x4</size>
         <input_file_ref idref="fl-129"/>
      </object_component>
      <object_component id="oc-981">
         <name>.bss</name>
         <uninitialized>true</uninitialized>
         <run_address>0x20003384</run_address>
         <size>0x4</size>
         <input_file_ref idref="fl-4"/>
      </object_component>
      <object_component id="oc-e4f">
         <name>.bss:mag_trim</name>
         <uninitialized>true</uninitialized>
         <run_address>0x200043e0</run_address>
         <size>0x10</size>
         <input_file_ref idref="fl-4"/>
      </object_component>
      <object_component id="oc-13c2">
         <name>.bss:taskStackSection</name>
         <uninitialized>true</uninitialized>
         <run_address>0x20003388</run_address>
         <size>0x200</size>
         <input_file_ref idref="fl-c"/>
      </object_component>
      <object_component id="oc-34a">
         <name>.bss:gpioCallbackInfo</name>
         <uninitialized>true</uninitialized>
         <run_address>0x20004278</run_address>
         <size>0x30</size>
         <input_file_ref idref="fl-29"/>
      </object_component>
      <object_component id="oc-108d">
         <name>.bss:parmbuf</name>
         <uninitialized>true</uninitialized>
         <run_address>0x20004484</run_address>
         <size>0x8</size>
         <input_file_ref idref="fl-12c"/>
      </object_component>
      <object_component id="oc-13e5">
         <name>.bss:_CIOBUF_</name>
         <uninitialized>true</uninitialized>
         <run_address>0x20003ca0</run_address>
         <size>0x120</size>
         <input_file_ref idref="fl-12d"/>
      </object_component>
      <object_component id="oc-b6e">
         <name>.common:i2cMSP432Objects</name>
         <uninitialized>true</uninitialized>
         <run_address>0x200041b0</run_address>
         <size>0x48</size>
      </object_component>
      <object_component id="oc-b79">
         <name>.common:uartMSP432Objects</name>
         <uninitialized>true</uninitialized>
         <run_address>0x20003dc0</run_address>
         <size>0x100</size>
      </object_component>
      <object_component id="oc-ff7">
         <name>.common:uartMSP432RingBuffer</name>
         <uninitialized>true</uninitialized>
         <run_address>0x20004238</run_address>
         <size>0x40</size>
      </object_component>
      <object_component id="oc-233">
         <name>.common:Kalman_sem</name>
         <uninitialized>true</uninitialized>
         <run_address>0x20004550</run_address>
         <size>0x4</size>
      </object_component>
      <object_component id="oc-23c">
         <name>.common:UART_sem</name>
         <uninitialized>true</uninitialized>
         <run_address>0x2000455c</run_address>
         <size>0x4</size>
      </object_component>
      <object_component id="oc-42e">
         <name>.common:i2cGate</name>
         <uninitialized>true</uninitialized>
         <run_address>0x20004570</run_address>
         <size>0x4</size>
      </object_component>
      <object_component id="oc-4a2">
         <name>.common:gateParams</name>
         <uninitialized>true</uninitialized>
         <run_address>0x2000439c</run_address>
         <size>0x18</size>
      </object_component>
      <object_component id="oc-42d">
         <name>.common:gatekey</name>
         <uninitialized>true</uninitialized>
         <run_address>0x20004564</run_address>
         <size>0x4</size>
      </object_component>
      <object_component id="oc-4a4">
         <name>.common:i2c</name>
         <uninitialized>true</uninitialized>
         <run_address>0x2000456c</run_address>
         <size>0x4</size>
      </object_component>
      <object_component id="oc-4a3">
         <name>.common:i2cParams</name>
         <uninitialized>true</uninitialized>
         <run_address>0x200043f0</run_address>
         <size>0x10</size>
      </object_component>
      <object_component id="oc-116b">
         <name>.common:i2cTransaction</name>
         <uninitialized>true</uninitialized>
         <run_address>0x20004368</run_address>
         <size>0x1c</size>
      </object_component>
      <object_component id="oc-434">
         <name>.common:uart</name>
         <uninitialized>true</uninitialized>
         <run_address>0x2000457c</run_address>
         <size>0x4</size>
      </object_component>
      <object_component id="oc-4a5">
         <name>.common:uartParams</name>
         <uninitialized>true</uninitialized>
         <run_address>0x20004324</run_address>
         <size>0x24</size>
      </object_component>
      <object_component id="oc-116a">
         <name>.common:txBuffer</name>
         <uninitialized>true</uninitialized>
         <run_address>0x20004478</run_address>
         <size>0xc</size>
      </object_component>
      <object_component id="oc-1169">
         <name>.common:rxBuffer</name>
         <uninitialized>true</uninitialized>
         <run_address>0x20004348</run_address>
         <size>0x20</size>
      </object_component>
      <object_component id="oc-42f">
         <name>.common:stringBuffer</name>
         <uninitialized>true</uninitialized>
         <run_address>0x20003b78</run_address>
         <size>0x128</size>
      </object_component>
      <object_component id="oc-4a8">
         <name>.common:accel_off_x</name>
         <uninitialized>true</uninitialized>
         <run_address>0x20004586</run_address>
         <size>0x1</size>
      </object_component>
      <object_component id="oc-4a6">
         <name>.common:accel_off_y</name>
         <uninitialized>true</uninitialized>
         <run_address>0x20004587</run_address>
         <size>0x1</size>
      </object_component>
      <object_component id="oc-4a7">
         <name>.common:accel_off_z</name>
         <uninitialized>true</uninitialized>
         <run_address>0x20004588</run_address>
         <size>0x1</size>
      </object_component>
      <object_component id="oc-4a9">
         <name>.common:gyro_off_x</name>
         <uninitialized>true</uninitialized>
         <run_address>0x20004580</run_address>
         <size>0x2</size>
      </object_component>
      <object_component id="oc-4aa">
         <name>.common:gyro_off_y</name>
         <uninitialized>true</uninitialized>
         <run_address>0x20004582</run_address>
         <size>0x2</size>
      </object_component>
      <object_component id="oc-4ab">
         <name>.common:gyro_off_z</name>
         <uninitialized>true</uninitialized>
         <run_address>0x20004584</run_address>
         <size>0x2</size>
      </object_component>
      <object_component id="oc-430">
         <name>.common:s_gyroXYZ</name>
         <uninitialized>true</uninitialized>
         <run_address>0x20004546</run_address>
         <size>0x6</size>
      </object_component>
      <object_component id="oc-431">
         <name>.common:s_accelXYZ</name>
         <uninitialized>true</uninitialized>
         <run_address>0x20004540</run_address>
         <size>0x6</size>
      </object_component>
      <object_component id="oc-432">
         <name>.common:s_magcompXYZ</name>
         <uninitialized>true</uninitialized>
         <run_address>0x20004430</run_address>
         <size>0xc</size>
      </object_component>
      <object_component id="oc-23e">
         <name>.common:UART_AID</name>
         <uninitialized>true</uninitialized>
         <run_address>0x20004558</run_address>
         <size>0x4</size>
      </object_component>
      <object_component id="oc-246">
         <name>.common:Sensor_AID</name>
         <uninitialized>true</uninitialized>
         <run_address>0x20004554</run_address>
         <size>0x4</size>
      </object_component>
      <object_component id="oc-24e">
         <name>.common:Kalman_AID</name>
         <uninitialized>true</uninitialized>
         <run_address>0x2000454c</run_address>
         <size>0x4</size>
      </object_component>
      <object_component id="oc-9e1">
         <name>.common:xData</name>
         <uninitialized>true</uninitialized>
         <run_address>0x200042d8</run_address>
         <size>0x28</size>
      </object_component>
      <object_component id="oc-9e3">
         <name>.common:OmegaData</name>
         <uninitialized>true</uninitialized>
         <run_address>0x200041f8</run_address>
         <size>0x40</size>
      </object_component>
      <object_component id="oc-9e4">
         <name>.common:PhiData</name>
         <uninitialized>true</uninitialized>
         <run_address>0x20003718</run_address>
         <size>0x190</size>
      </object_component>
      <object_component id="oc-9e5">
         <name>.common:PData</name>
         <uninitialized>true</uninitialized>
         <run_address>0x20003588</run_address>
         <size>0x190</size>
      </object_component>
      <object_component id="oc-9e6">
         <name>.common:QData</name>
         <uninitialized>true</uninitialized>
         <run_address>0x200038a8</run_address>
         <size>0x190</size>
      </object_component>
      <object_component id="oc-9e7">
         <name>.common:RData</name>
         <uninitialized>true</uninitialized>
         <run_address>0x200040a0</run_address>
         <size>0x90</size>
      </object_component>
      <object_component id="oc-9e8">
         <name>.common:KData</name>
         <uninitialized>true</uninitialized>
         <run_address>0x20003fb0</run_address>
         <size>0xf0</size>
      </object_component>
      <object_component id="oc-9e9">
         <name>.common:zData</name>
         <uninitialized>true</uninitialized>
         <run_address>0x200043b4</run_address>
         <size>0x18</size>
      </object_component>
      <object_component id="oc-9ea">
         <name>.common:fData</name>
         <uninitialized>true</uninitialized>
         <run_address>0x20004384</run_address>
         <size>0x18</size>
      </object_component>
      <object_component id="oc-9eb">
         <name>.common:FData</name>
         <uninitialized>true</uninitialized>
         <run_address>0x20003ec0</run_address>
         <size>0xf0</size>
      </object_component>
      <object_component id="oc-9ed">
         <name>.common:gData</name>
         <uninitialized>true</uninitialized>
         <run_address>0x20004400</run_address>
         <size>0xc</size>
      </object_component>
      <object_component id="oc-9ef">
         <name>.common:hData</name>
         <uninitialized>true</uninitialized>
         <run_address>0x20004424</run_address>
         <size>0xc</size>
      </object_component>
      <object_component id="oc-9f1">
         <name>.common:XiData</name>
         <uninitialized>true</uninitialized>
         <run_address>0x200042a8</run_address>
         <size>0x30</size>
      </object_component>
      <object_component id="oc-9f3">
         <name>.common:EgData</name>
         <uninitialized>true</uninitialized>
         <run_address>0x20004300</run_address>
         <size>0x24</size>
      </object_component>
      <object_component id="oc-9f9">
         <name>.common:sigmagData</name>
         <uninitialized>true</uninitialized>
         <run_address>0x20004460</run_address>
         <size>0xc</size>
      </object_component>
      <object_component id="oc-9fb">
         <name>.common:sigmaaData</name>
         <uninitialized>true</uninitialized>
         <run_address>0x20004454</run_address>
         <size>0xc</size>
      </object_component>
      <object_component id="oc-9fd">
         <name>.common:sigmamData</name>
         <uninitialized>true</uninitialized>
         <run_address>0x2000446c</run_address>
         <size>0xc</size>
      </object_component>
      <object_component id="oc-9f5">
         <name>.common:sigmaWaData</name>
         <uninitialized>true</uninitialized>
         <run_address>0x2000443c</run_address>
         <size>0xc</size>
      </object_component>
      <object_component id="oc-9f7">
         <name>.common:sigmaWmData</name>
         <uninitialized>true</uninitialized>
         <run_address>0x20004448</run_address>
         <size>0xc</size>
      </object_component>
      <object_component id="oc-9fe">
         <name>.common:gyro_measData</name>
         <uninitialized>true</uninitialized>
         <run_address>0x2000440c</run_address>
         <size>0xc</size>
      </object_component>
      <object_component id="oc-9ff">
         <name>.common:gyro_meas_nextData</name>
         <uninitialized>true</uninitialized>
         <run_address>0x20004418</run_address>
         <size>0xc</size>
      </object_component>
      <object_component id="oc-433">
         <name>.common:x</name>
         <uninitialized>true</uninitialized>
         <run_address>0x20004524</run_address>
         <size>0x8</size>
      </object_component>
      <object_component id="oc-9e2">
         <name>.common:Omega</name>
         <uninitialized>true</uninitialized>
         <run_address>0x200044a4</run_address>
         <size>0x8</size>
      </object_component>
      <object_component id="oc-501">
         <name>.common:Phi</name>
         <uninitialized>true</uninitialized>
         <run_address>0x200044b4</run_address>
         <size>0x8</size>
      </object_component>
      <object_component id="oc-502">
         <name>.common:P</name>
         <uninitialized>true</uninitialized>
         <run_address>0x200044ac</run_address>
         <size>0x8</size>
      </object_component>
      <object_component id="oc-50a">
         <name>.common:Q</name>
         <uninitialized>true</uninitialized>
         <run_address>0x200044bc</run_address>
         <size>0x8</size>
      </object_component>
      <object_component id="oc-509">
         <name>.common:R</name>
         <uninitialized>true</uninitialized>
         <run_address>0x200044c4</run_address>
         <size>0x8</size>
      </object_component>
      <object_component id="oc-504">
         <name>.common:K</name>
         <uninitialized>true</uninitialized>
         <run_address>0x2000449c</run_address>
         <size>0x8</size>
      </object_component>
      <object_component id="oc-507">
         <name>.common:z</name>
         <uninitialized>true</uninitialized>
         <run_address>0x2000452c</run_address>
         <size>0x8</size>
      </object_component>
      <object_component id="oc-508">
         <name>.common:f</name>
         <uninitialized>true</uninitialized>
         <run_address>0x200044d4</run_address>
         <size>0x8</size>
      </object_component>
      <object_component id="oc-503">
         <name>.common:F</name>
         <uninitialized>true</uninitialized>
         <run_address>0x20004494</run_address>
         <size>0x8</size>
      </object_component>
      <object_component id="oc-9ec">
         <name>.common:g</name>
         <uninitialized>true</uninitialized>
         <run_address>0x200044dc</run_address>
         <size>0x8</size>
      </object_component>
      <object_component id="oc-9ee">
         <name>.common:h</name>
         <uninitialized>true</uninitialized>
         <run_address>0x200044f4</run_address>
         <size>0x8</size>
      </object_component>
      <object_component id="oc-9f0">
         <name>.common:Xi</name>
         <uninitialized>true</uninitialized>
         <run_address>0x200044cc</run_address>
         <size>0x8</size>
      </object_component>
      <object_component id="oc-9f2">
         <name>.common:Eg</name>
         <uninitialized>true</uninitialized>
         <run_address>0x2000448c</run_address>
         <size>0x8</size>
      </object_component>
      <object_component id="oc-9f4">
         <name>.common:sigmaWa</name>
         <uninitialized>true</uninitialized>
         <run_address>0x200044fc</run_address>
         <size>0x8</size>
      </object_component>
      <object_component id="oc-9f6">
         <name>.common:sigmaWm</name>
         <uninitialized>true</uninitialized>
         <run_address>0x20004504</run_address>
         <size>0x8</size>
      </object_component>
      <object_component id="oc-9f8">
         <name>.common:sigmag</name>
         <uninitialized>true</uninitialized>
         <run_address>0x20004514</run_address>
         <size>0x8</size>
      </object_component>
      <object_component id="oc-9fa">
         <name>.common:sigmaa</name>
         <uninitialized>true</uninitialized>
         <run_address>0x2000450c</run_address>
         <size>0x8</size>
      </object_component>
      <object_component id="oc-9fc">
         <name>.common:sigmam</name>
         <uninitialized>true</uninitialized>
         <run_address>0x2000451c</run_address>
         <size>0x8</size>
      </object_component>
      <object_component id="oc-505">
         <name>.common:gyro_meas</name>
         <uninitialized>true</uninitialized>
         <run_address>0x200044e4</run_address>
         <size>0x8</size>
      </object_component>
      <object_component id="oc-506">
         <name>.common:gyro_meas_next</name>
         <uninitialized>true</uninitialized>
         <run_address>0x200044ec</run_address>
         <size>0x8</size>
      </object_component>
      <object_component id="oc-a00">
         <name>.common:magSens</name>
         <uninitialized>true</uninitialized>
         <run_address>0x20004574</run_address>
         <size>0x4</size>
      </object_component>
      <object_component id="oc-a02">
         <name>.common:gyroSens</name>
         <uninitialized>true</uninitialized>
         <run_address>0x20004568</run_address>
         <size>0x4</size>
      </object_component>
      <object_component id="oc-a01">
         <name>.common:accSens</name>
         <uninitialized>true</uninitialized>
         <run_address>0x20004560</run_address>
         <size>0x4</size>
      </object_component>
      <object_component id="oc-a03">
         <name>.common:ts</name>
         <uninitialized>true</uninitialized>
         <run_address>0x20004578</run_address>
         <size>0x4</size>
      </object_component>
      <object_component id="oc-23d">
         <name>.common:UARTSTACK</name>
         <uninitialized>true</uninitialized>
         <run_address>0x20001940</run_address>
         <size>0x800</size>
      </object_component>
      <object_component id="oc-245">
         <name>.common:SENSORSTACK</name>
         <uninitialized>true</uninitialized>
         <run_address>0x20001140</run_address>
         <size>0x800</size>
      </object_component>
      <object_component id="oc-24d">
         <name>.common:KALMANSTACK</name>
         <uninitialized>true</uninitialized>
         <run_address>0x20000140</run_address>
         <size>0x1000</size>
      </object_component>
      <object_component id="oc-e3f">
         <name>.common:accel_fifo</name>
         <uninitialized>true</uninitialized>
         <run_address>0x20002940</run_address>
         <size>0x36c</size>
      </object_component>
      <object_component id="oc-e3e">
         <name>.common:gyro_fifo</name>
         <uninitialized>true</uninitialized>
         <run_address>0x20002cac</run_address>
         <size>0x36c</size>
      </object_component>
      <object_component id="oc-e3d">
         <name>.common:mag_fifo</name>
         <uninitialized>true</uninitialized>
         <run_address>0x20003018</run_address>
         <size>0x36c</size>
      </object_component>
      <object_component id="oc-8ba">
         <name>.common:s_bmi160</name>
         <uninitialized>true</uninitialized>
         <run_address>0x200043cc</run_address>
         <size>0x14</size>
      </object_component>
      <object_component id="oc-900">
         <name>.common:gyroxyz</name>
         <uninitialized>true</uninitialized>
         <run_address>0x2000453a</run_address>
         <size>0x6</size>
      </object_component>
      <object_component id="oc-925">
         <name>.common:accelxyz</name>
         <uninitialized>true</uninitialized>
         <run_address>0x20004534</run_address>
         <size>0x6</size>
      </object_component>
      <object_component id="oc-11e2">
         <name>.common:ti_sysbios_heaps_HeapMem_Instance_State_0_buf__A</name>
         <uninitialized>true</uninitialized>
         <run_address>0x20002140</run_address>
         <size>0x800</size>
      </object_component>
      <object_component id="oc-7fe">
         <name>.common:xdc_runtime_SysMin_Module_State_0_outbuf__A</name>
         <uninitialized>true</uninitialized>
         <run_address>0x20004130</run_address>
         <size>0x80</size>
      </object_component>
      <object_component id="oc-5f4">
         <name>.common:ti_sysbios_family_arm_m3_Hwi_dispatchTable</name>
         <uninitialized>true</uninitialized>
         <run_address>0x20003a38</run_address>
         <size>0x140</size>
      </object_component>
      <object_component id="oc-37">
         <name>.stack</name>
         <uninitialized>true</uninitialized>
         <run_address>0x2000fd00</run_address>
         <size>0x0</size>
         <input_file_ref idref="fl-50"/>
      </object_component>
      <object_component id="oc-195e">
         <name>.stack</name>
         <uninitialized>true</uninitialized>
         <run_address>0x2000fd00</run_address>
         <size>0x0</size>
      </object_component>
      <object_component id="oc-5b">
         <name>.bootVecs</name>
         <load_address>0x0</load_address>
         <run_address>0x0</run_address>
         <size>0x8</size>
         <input_file_ref idref="fl-50"/>
      </object_component>
      <object_component id="oc-34">
         <name>.vecs</name>
         <uninitialized>true</uninitialized>
         <run_address>0x20000000</run_address>
         <size>0x140</size>
         <input_file_ref idref="fl-c"/>
      </object_component>
      <object_component id="oc-31">
         <name>.resetVecs</name>
         <load_address>0x0</load_address>
         <run_address>0x0</run_address>
         <size>0x3c</size>
         <input_file_ref idref="fl-c"/>
      </object_component>
      <object_component id="oc-2e">
         <name>xdc.meta</name>
         <load_address>0x0</load_address>
         <run_address>0x0</run_address>
         <size>0xe0</size>
         <input_file_ref idref="fl-c"/>
      </object_component>
      <object_component id="oc-298">
         <name>.debug_info</name>
         <load_address>0x0</load_address>
         <run_address>0x0</run_address>
         <size>0x19f3</size>
         <input_file_ref idref="fl-2"/>
      </object_component>
      <object_component id="oc-729">
         <name>.debug_info</name>
         <load_address>0x19f3</load_address>
         <run_address>0x19f3</run_address>
         <size>0xe0</size>
         <input_file_ref idref="fl-2"/>
      </object_component>
      <object_component id="oc-72c">
         <name>.debug_info</name>
         <load_address>0x1ad3</load_address>
         <run_address>0x1ad3</run_address>
         <size>0xee</size>
         <input_file_ref idref="fl-2"/>
      </object_component>
      <object_component id="oc-348">
         <name>.debug_info</name>
         <load_address>0x1bc1</load_address>
         <run_address>0x1bc1</run_address>
         <size>0xe6</size>
         <input_file_ref idref="fl-2"/>
      </object_component>
      <object_component id="oc-b70">
         <name>.debug_info</name>
         <load_address>0x1ca7</load_address>
         <run_address>0x1ca7</run_address>
         <size>0xe4</size>
         <input_file_ref idref="fl-2"/>
      </object_component>
      <object_component id="oc-736">
         <name>.debug_info</name>
         <load_address>0x1d8b</load_address>
         <run_address>0x1d8b</run_address>
         <size>0xd8</size>
         <input_file_ref idref="fl-2"/>
      </object_component>
      <object_component id="oc-338">
         <name>.debug_info</name>
         <load_address>0x1e63</load_address>
         <run_address>0x1e63</run_address>
         <size>0xe8</size>
         <input_file_ref idref="fl-2"/>
      </object_component>
      <object_component id="oc-ff5">
         <name>.debug_info</name>
         <load_address>0x1f4b</load_address>
         <run_address>0x1f4b</run_address>
         <size>0xeb</size>
         <input_file_ref idref="fl-2"/>
      </object_component>
      <object_component id="oc-b7b">
         <name>.debug_info</name>
         <load_address>0x2036</load_address>
         <run_address>0x2036</run_address>
         <size>0xe7</size>
         <input_file_ref idref="fl-2"/>
      </object_component>
      <object_component id="oc-73d">
         <name>.debug_info</name>
         <load_address>0x211d</load_address>
         <run_address>0x211d</run_address>
         <size>0xdb</size>
         <input_file_ref idref="fl-2"/>
      </object_component>
      <object_component id="oc-20a">
         <name>.debug_info</name>
         <load_address>0x21f8</load_address>
         <run_address>0x21f8</run_address>
         <size>0x155</size>
         <input_file_ref idref="fl-2"/>
      </object_component>
      <object_component id="oc-204">
         <name>.debug_info</name>
         <load_address>0x234d</load_address>
         <run_address>0x234d</run_address>
         <size>0x148</size>
         <input_file_ref idref="fl-2"/>
      </object_component>
      <object_component id="oc-57d">
         <name>.debug_info</name>
         <load_address>0x2495</load_address>
         <run_address>0x2495</run_address>
         <size>0xeb</size>
         <input_file_ref idref="fl-2"/>
      </object_component>
      <object_component id="oc-587">
         <name>.debug_info</name>
         <load_address>0x2580</load_address>
         <run_address>0x2580</run_address>
         <size>0x4c5</size>
         <input_file_ref idref="fl-2"/>
      </object_component>
      <object_component id="oc-5cd">
         <name>.debug_info</name>
         <load_address>0x2a45</load_address>
         <run_address>0x2a45</run_address>
         <size>0x50c</size>
         <input_file_ref idref="fl-2"/>
      </object_component>
      <object_component id="oc-591">
         <name>.debug_info</name>
         <load_address>0x2f51</load_address>
         <run_address>0x2f51</run_address>
         <size>0x103e</size>
         <input_file_ref idref="fl-2"/>
      </object_component>
      <object_component id="oc-58c">
         <name>.debug_info</name>
         <load_address>0x3f8f</load_address>
         <run_address>0x3f8f</run_address>
         <size>0x37a3</size>
         <input_file_ref idref="fl-2"/>
      </object_component>
      <object_component id="oc-1303">
         <name>.debug_info</name>
         <load_address>0x7732</load_address>
         <run_address>0x7732</run_address>
         <size>0x9a</size>
         <input_file_ref idref="fl-2"/>
      </object_component>
      <object_component id="oc-efa">
         <name>.debug_info</name>
         <load_address>0x77cc</load_address>
         <run_address>0x77cc</run_address>
         <size>0x1b5</size>
         <input_file_ref idref="fl-2"/>
      </object_component>
      <object_component id="oc-56c">
         <name>.debug_info</name>
         <load_address>0x7981</load_address>
         <run_address>0x7981</run_address>
         <size>0x148c</size>
         <input_file_ref idref="fl-2"/>
      </object_component>
      <object_component id="oc-df">
         <name>.debug_info</name>
         <load_address>0x8e0d</load_address>
         <run_address>0x8e0d</run_address>
         <size>0x364</size>
         <input_file_ref idref="fl-2"/>
      </object_component>
      <object_component id="oc-a58">
         <name>.debug_info</name>
         <load_address>0x9171</load_address>
         <run_address>0x9171</run_address>
         <size>0xec</size>
         <input_file_ref idref="fl-2"/>
      </object_component>
      <object_component id="oc-596">
         <name>.debug_info</name>
         <load_address>0x925d</load_address>
         <run_address>0x925d</run_address>
         <size>0x9e</size>
         <input_file_ref idref="fl-2"/>
      </object_component>
      <object_component id="oc-59b">
         <name>.debug_info</name>
         <load_address>0x92fb</load_address>
         <run_address>0x92fb</run_address>
         <size>0xbd</size>
         <input_file_ref idref="fl-2"/>
      </object_component>
      <object_component id="oc-5a0">
         <name>.debug_info</name>
         <load_address>0x93b8</load_address>
         <run_address>0x93b8</run_address>
         <size>0x238</size>
         <input_file_ref idref="fl-2"/>
      </object_component>
      <object_component id="oc-3c7">
         <name>.debug_info</name>
         <load_address>0x95f0</load_address>
         <run_address>0x95f0</run_address>
         <size>0x2fb</size>
         <input_file_ref idref="fl-2"/>
      </object_component>
      <object_component id="oc-5a5">
         <name>.debug_info</name>
         <load_address>0x98eb</load_address>
         <run_address>0x98eb</run_address>
         <size>0xa5</size>
         <input_file_ref idref="fl-2"/>
      </object_component>
      <object_component id="oc-5aa">
         <name>.debug_info</name>
         <load_address>0x9990</load_address>
         <run_address>0x9990</run_address>
         <size>0x1c4</size>
         <input_file_ref idref="fl-2"/>
      </object_component>
      <object_component id="oc-5af">
         <name>.debug_info</name>
         <load_address>0x9b54</load_address>
         <run_address>0x9b54</run_address>
         <size>0x2f2</size>
         <input_file_ref idref="fl-2"/>
      </object_component>
      <object_component id="oc-5b4">
         <name>.debug_info</name>
         <load_address>0x9e46</load_address>
         <run_address>0x9e46</run_address>
         <size>0x30b</size>
         <input_file_ref idref="fl-2"/>
      </object_component>
      <object_component id="oc-a53">
         <name>.debug_info</name>
         <load_address>0xa151</load_address>
         <run_address>0xa151</run_address>
         <size>0xb1</size>
         <input_file_ref idref="fl-2"/>
      </object_component>
      <object_component id="oc-5b9">
         <name>.debug_info</name>
         <load_address>0xa202</load_address>
         <run_address>0xa202</run_address>
         <size>0xbf</size>
         <input_file_ref idref="fl-2"/>
      </object_component>
      <object_component id="oc-5be">
         <name>.debug_info</name>
         <load_address>0xa2c1</load_address>
         <run_address>0xa2c1</run_address>
         <size>0x234</size>
         <input_file_ref idref="fl-2"/>
      </object_component>
      <object_component id="oc-5c3">
         <name>.debug_info</name>
         <load_address>0xa4f5</load_address>
         <run_address>0xa4f5</run_address>
         <size>0x16a</size>
         <input_file_ref idref="fl-2"/>
      </object_component>
      <object_component id="oc-5c8">
         <name>.debug_info</name>
         <load_address>0xa65f</load_address>
         <run_address>0xa65f</run_address>
         <size>0x21a</size>
         <input_file_ref idref="fl-2"/>
      </object_component>
      <object_component id="oc-544">
         <name>.debug_info</name>
         <load_address>0xa879</load_address>
         <run_address>0xa879</run_address>
         <size>0x3f6</size>
         <input_file_ref idref="fl-2"/>
      </object_component>
      <object_component id="oc-a4e">
         <name>.debug_info</name>
         <load_address>0xac6f</load_address>
         <run_address>0xac6f</run_address>
         <size>0xe6</size>
         <input_file_ref idref="fl-2"/>
      </object_component>
      <object_component id="oc-3cc">
         <name>.debug_info</name>
         <load_address>0xad55</load_address>
         <run_address>0xad55</run_address>
         <size>0x4f3</size>
         <input_file_ref idref="fl-2"/>
      </object_component>
      <object_component id="oc-5d2">
         <name>.debug_info</name>
         <load_address>0xb248</load_address>
         <run_address>0xb248</run_address>
         <size>0x12a</size>
         <input_file_ref idref="fl-2"/>
      </object_component>
      <object_component id="oc-5d7">
         <name>.debug_info</name>
         <load_address>0xb372</load_address>
         <run_address>0xb372</run_address>
         <size>0xf5</size>
         <input_file_ref idref="fl-2"/>
      </object_component>
      <object_component id="oc-5dc">
         <name>.debug_info</name>
         <load_address>0xb467</load_address>
         <run_address>0xb467</run_address>
         <size>0x26c</size>
         <input_file_ref idref="fl-2"/>
      </object_component>
      <object_component id="oc-558">
         <name>.debug_info</name>
         <load_address>0xb6d3</load_address>
         <run_address>0xb6d3</run_address>
         <size>0x159</size>
         <input_file_ref idref="fl-2"/>
      </object_component>
      <object_component id="oc-549">
         <name>.debug_info</name>
         <load_address>0xb82c</load_address>
         <run_address>0xb82c</run_address>
         <size>0x191</size>
         <input_file_ref idref="fl-2"/>
      </object_component>
      <object_component id="oc-5e1">
         <name>.debug_info</name>
         <load_address>0xb9bd</load_address>
         <run_address>0xb9bd</run_address>
         <size>0x8a</size>
         <input_file_ref idref="fl-2"/>
      </object_component>
      <object_component id="oc-256">
         <name>.debug_info</name>
         <load_address>0xba47</load_address>
         <run_address>0xba47</run_address>
         <size>0x8b</size>
         <input_file_ref idref="fl-2"/>
      </object_component>
      <object_component id="oc-3ea">
         <name>.debug_info</name>
         <load_address>0xbad2</load_address>
         <run_address>0xbad2</run_address>
         <size>0x2e1</size>
         <input_file_ref idref="fl-2"/>
      </object_component>
      <object_component id="oc-2f9">
         <name>.debug_info</name>
         <load_address>0xbdb3</load_address>
         <run_address>0xbdb3</run_address>
         <size>0x237</size>
         <input_file_ref idref="fl-2"/>
      </object_component>
      <object_component id="oc-198">
         <name>.debug_info</name>
         <load_address>0xbfea</load_address>
         <run_address>0xbfea</run_address>
         <size>0x116</size>
         <input_file_ref idref="fl-2"/>
      </object_component>
      <object_component id="oc-1a7">
         <name>.debug_info</name>
         <load_address>0xc100</load_address>
         <run_address>0xc100</run_address>
         <size>0x1a5</size>
         <input_file_ref idref="fl-2"/>
      </object_component>
      <object_component id="oc-571">
         <name>.debug_info</name>
         <load_address>0xc2a5</load_address>
         <run_address>0xc2a5</run_address>
         <size>0x2a1</size>
         <input_file_ref idref="fl-2"/>
      </object_component>
      <object_component id="oc-1b6">
         <name>.debug_info</name>
         <load_address>0xc546</load_address>
         <run_address>0xc546</run_address>
         <size>0x22a</size>
         <input_file_ref idref="fl-2"/>
      </object_component>
      <object_component id="oc-2e0">
         <name>.debug_info</name>
         <load_address>0xc770</load_address>
         <run_address>0xc770</run_address>
         <size>0x237</size>
         <input_file_ref idref="fl-2"/>
      </object_component>
      <object_component id="oc-1bb">
         <name>.debug_info</name>
         <load_address>0xc9a7</load_address>
         <run_address>0xc9a7</run_address>
         <size>0x109</size>
         <input_file_ref idref="fl-2"/>
      </object_component>
      <object_component id="oc-2e5">
         <name>.debug_info</name>
         <load_address>0xcab0</load_address>
         <run_address>0xcab0</run_address>
         <size>0x24b</size>
         <input_file_ref idref="fl-2"/>
      </object_component>
      <object_component id="oc-576">
         <name>.debug_info</name>
         <load_address>0xccfb</load_address>
         <run_address>0xccfb</run_address>
         <size>0x16d</size>
         <input_file_ref idref="fl-2"/>
      </object_component>
      <object_component id="oc-3e5">
         <name>.debug_info</name>
         <load_address>0xce68</load_address>
         <run_address>0xce68</run_address>
         <size>0x30e</size>
         <input_file_ref idref="fl-2"/>
      </object_component>
      <object_component id="oc-125">
         <name>.debug_info</name>
         <load_address>0xd176</load_address>
         <run_address>0xd176</run_address>
         <size>0x561</size>
         <input_file_ref idref="fl-2"/>
      </object_component>
      <object_component id="oc-e4">
         <name>.debug_info</name>
         <load_address>0xd6d7</load_address>
         <run_address>0xd6d7</run_address>
         <size>0x4f0</size>
         <input_file_ref idref="fl-2"/>
      </object_component>
      <object_component id="oc-2d1">
         <name>.debug_info</name>
         <load_address>0xdbc7</load_address>
         <run_address>0xdbc7</run_address>
         <size>0x14b</size>
         <input_file_ref idref="fl-2"/>
      </object_component>
      <object_component id="oc-5e6">
         <name>.debug_info</name>
         <load_address>0xdd12</load_address>
         <run_address>0xdd12</run_address>
         <size>0x39</size>
         <input_file_ref idref="fl-2"/>
      </object_component>
      <object_component id="oc-2cc">
         <name>.debug_info</name>
         <load_address>0xdd4b</load_address>
         <run_address>0xdd4b</run_address>
         <size>0x12a</size>
         <input_file_ref idref="fl-2"/>
      </object_component>
      <object_component id="oc-29f">
         <name>.debug_info</name>
         <load_address>0xde75</load_address>
         <run_address>0xde75</run_address>
         <size>0x18b</size>
         <input_file_ref idref="fl-2"/>
      </object_component>
      <object_component id="oc-ee">
         <name>.debug_info</name>
         <load_address>0xe000</load_address>
         <run_address>0xe000</run_address>
         <size>0xd5</size>
         <input_file_ref idref="fl-2"/>
      </object_component>
      <object_component id="oc-582">
         <name>.debug_info</name>
         <load_address>0xe0d5</load_address>
         <run_address>0xe0d5</run_address>
         <size>0x87</size>
         <input_file_ref idref="fl-2"/>
      </object_component>
      <object_component id="oc-d5">
         <name>.debug_info</name>
         <load_address>0xe15c</load_address>
         <run_address>0xe15c</run_address>
         <size>0x46</size>
         <input_file_ref idref="fl-2"/>
      </object_component>
      <object_component id="oc-12a">
         <name>.debug_info</name>
         <load_address>0xe1a2</load_address>
         <run_address>0xe1a2</run_address>
         <size>0x2c</size>
         <input_file_ref idref="fl-2"/>
      </object_component>
      <object_component id="oc-134">
         <name>.debug_info</name>
         <load_address>0xe1ce</load_address>
         <run_address>0xe1ce</run_address>
         <size>0x2c</size>
         <input_file_ref idref="fl-2"/>
      </object_component>
      <object_component id="oc-2ae">
         <name>.debug_info</name>
         <load_address>0xe1fa</load_address>
         <run_address>0xe1fa</run_address>
         <size>0x2c</size>
         <input_file_ref idref="fl-2"/>
      </object_component>
      <object_component id="oc-143">
         <name>.debug_info</name>
         <load_address>0xe226</load_address>
         <run_address>0xe226</run_address>
         <size>0x4e</size>
         <input_file_ref idref="fl-2"/>
      </object_component>
      <object_component id="oc-1394">
         <name>.debug_info</name>
         <load_address>0xe274</load_address>
         <run_address>0xe274</run_address>
         <size>0xee</size>
         <input_file_ref idref="fl-2"/>
      </object_component>
      <object_component id="oc-3d6">
         <name>.debug_info</name>
         <load_address>0xe362</load_address>
         <run_address>0xe362</run_address>
         <size>0x76</size>
         <input_file_ref idref="fl-2"/>
      </object_component>
      <object_component id="oc-55d">
         <name>.debug_info</name>
         <load_address>0xe3d8</load_address>
         <run_address>0xe3d8</run_address>
         <size>0x223</size>
         <input_file_ref idref="fl-2"/>
      </object_component>
      <object_component id="oc-567">
         <name>.debug_info</name>
         <load_address>0xe5fb</load_address>
         <run_address>0xe5fb</run_address>
         <size>0x270</size>
         <input_file_ref idref="fl-2"/>
      </object_component>
      <object_component id="oc-29a">
         <name>.debug_info</name>
         <load_address>0xe86b</load_address>
         <run_address>0xe86b</run_address>
         <size>0xb68</size>
         <input_file_ref idref="fl-2"/>
      </object_component>
      <object_component id="oc-2db">
         <name>.debug_info</name>
         <load_address>0xf3d3</load_address>
         <run_address>0xf3d3</run_address>
         <size>0x9f</size>
         <input_file_ref idref="fl-2"/>
      </object_component>
      <object_component id="oc-2c7">
         <name>.debug_info</name>
         <load_address>0xf472</load_address>
         <run_address>0xf472</run_address>
         <size>0x69</size>
         <input_file_ref idref="fl-2"/>
      </object_component>
      <object_component id="oc-234">
         <name>.debug_info</name>
         <load_address>0xf4db</load_address>
         <run_address>0xf4db</run_address>
         <size>0x1f25</size>
         <input_file_ref idref="fl-3"/>
      </object_component>
      <object_component id="oc-ad">
         <name>.debug_info</name>
         <load_address>0x11400</load_address>
         <run_address>0x11400</run_address>
         <size>0x30a</size>
         <input_file_ref idref="fl-3"/>
      </object_component>
      <object_component id="oc-3c2">
         <name>.debug_info</name>
         <load_address>0x1170a</load_address>
         <run_address>0x1170a</run_address>
         <size>0x1ea6</size>
         <input_file_ref idref="fl-3"/>
      </object_component>
      <object_component id="oc-520">
         <name>.debug_info</name>
         <load_address>0x135b0</load_address>
         <run_address>0x135b0</run_address>
         <size>0x4f2</size>
         <input_file_ref idref="fl-3"/>
      </object_component>
      <object_component id="oc-3f9">
         <name>.debug_info</name>
         <load_address>0x13aa2</load_address>
         <run_address>0x13aa2</run_address>
         <size>0xab9</size>
         <input_file_ref idref="fl-3"/>
      </object_component>
      <object_component id="oc-814">
         <name>.debug_info</name>
         <load_address>0x1455b</load_address>
         <run_address>0x1455b</run_address>
         <size>0x2a1</size>
         <input_file_ref idref="fl-3"/>
      </object_component>
      <object_component id="oc-50c">
         <name>.debug_info</name>
         <load_address>0x147fc</load_address>
         <run_address>0x147fc</run_address>
         <size>0x3c6</size>
         <input_file_ref idref="fl-3"/>
      </object_component>
      <object_component id="oc-2b8">
         <name>.debug_info</name>
         <load_address>0x14bc2</load_address>
         <run_address>0x14bc2</run_address>
         <size>0x45f</size>
         <input_file_ref idref="fl-3"/>
      </object_component>
      <object_component id="oc-511">
         <name>.debug_info</name>
         <load_address>0x15021</load_address>
         <run_address>0x15021</run_address>
         <size>0x2e6</size>
         <input_file_ref idref="fl-3"/>
      </object_component>
      <object_component id="oc-516">
         <name>.debug_info</name>
         <load_address>0x15307</load_address>
         <run_address>0x15307</run_address>
         <size>0x1e7</size>
         <input_file_ref idref="fl-3"/>
      </object_component>
      <object_component id="oc-51b">
         <name>.debug_info</name>
         <load_address>0x154ee</load_address>
         <run_address>0x154ee</run_address>
         <size>0x3bf</size>
         <input_file_ref idref="fl-3"/>
      </object_component>
      <object_component id="oc-2c2">
         <name>.debug_info</name>
         <load_address>0x158ad</load_address>
         <run_address>0x158ad</run_address>
         <size>0x206</size>
         <input_file_ref idref="fl-3"/>
      </object_component>
      <object_component id="oc-81e">
         <name>.debug_info</name>
         <load_address>0x15ab3</load_address>
         <run_address>0x15ab3</run_address>
         <size>0x1bb</size>
         <input_file_ref idref="fl-3"/>
      </object_component>
      <object_component id="oc-1b1">
         <name>.debug_info</name>
         <load_address>0x15c6e</load_address>
         <run_address>0x15c6e</run_address>
         <size>0x109</size>
         <input_file_ref idref="fl-3"/>
      </object_component>
      <object_component id="oc-2ef">
         <name>.debug_info</name>
         <load_address>0x15d77</load_address>
         <run_address>0x15d77</run_address>
         <size>0x237</size>
         <input_file_ref idref="fl-3"/>
      </object_component>
      <object_component id="oc-3e0">
         <name>.debug_info</name>
         <load_address>0x15fae</load_address>
         <run_address>0x15fae</run_address>
         <size>0x267</size>
         <input_file_ref idref="fl-3"/>
      </object_component>
      <object_component id="oc-2ea">
         <name>.debug_info</name>
         <load_address>0x16215</load_address>
         <run_address>0x16215</run_address>
         <size>0x1b7</size>
         <input_file_ref idref="fl-3"/>
      </object_component>
      <object_component id="oc-f3">
         <name>.debug_info</name>
         <load_address>0x163cc</load_address>
         <run_address>0x163cc</run_address>
         <size>0x15d</size>
         <input_file_ref idref="fl-3"/>
      </object_component>
      <object_component id="oc-f8">
         <name>.debug_info</name>
         <load_address>0x16529</load_address>
         <run_address>0x16529</run_address>
         <size>0x4b0</size>
         <input_file_ref idref="fl-3"/>
      </object_component>
      <object_component id="oc-2d6">
         <name>.debug_info</name>
         <load_address>0x169d9</load_address>
         <run_address>0x169d9</run_address>
         <size>0x10e</size>
         <input_file_ref idref="fl-3"/>
      </object_component>
      <object_component id="oc-3d1">
         <name>.debug_info</name>
         <load_address>0x16ae7</load_address>
         <run_address>0x16ae7</run_address>
         <size>0x6d1</size>
         <input_file_ref idref="fl-3"/>
      </object_component>
      <object_component id="oc-3db">
         <name>.debug_info</name>
         <load_address>0x171b8</load_address>
         <run_address>0x171b8</run_address>
         <size>0x4ac</size>
         <input_file_ref idref="fl-3"/>
      </object_component>
      <object_component id="oc-3ef">
         <name>.debug_info</name>
         <load_address>0x17664</load_address>
         <run_address>0x17664</run_address>
         <size>0x279</size>
         <input_file_ref idref="fl-3"/>
      </object_component>
      <object_component id="oc-25b">
         <name>.debug_info</name>
         <load_address>0x178dd</load_address>
         <run_address>0x178dd</run_address>
         <size>0x432</size>
         <input_file_ref idref="fl-3"/>
      </object_component>
      <object_component id="oc-3f4">
         <name>.debug_info</name>
         <load_address>0x17d0f</load_address>
         <run_address>0x17d0f</run_address>
         <size>0x314</size>
         <input_file_ref idref="fl-3"/>
      </object_component>
      <object_component id="oc-819">
         <name>.debug_info</name>
         <load_address>0x18023</load_address>
         <run_address>0x18023</run_address>
         <size>0x69</size>
         <input_file_ref idref="fl-3"/>
      </object_component>
      <object_component id="oc-2a4">
         <name>.debug_info</name>
         <load_address>0x1808c</load_address>
         <run_address>0x1808c</run_address>
         <size>0xb38</size>
         <input_file_ref idref="fl-3"/>
      </object_component>
      <object_component id="oc-985">
         <name>.debug_info</name>
         <load_address>0x18bc4</load_address>
         <run_address>0x18bc4</run_address>
         <size>0x368</size>
         <input_file_ref idref="fl-4"/>
      </object_component>
      <object_component id="oc-982">
         <name>.debug_info</name>
         <load_address>0x18f2c</load_address>
         <run_address>0x18f2c</run_address>
         <size>0xdb</size>
         <input_file_ref idref="fl-4"/>
      </object_component>
      <object_component id="oc-e50">
         <name>.debug_info</name>
         <load_address>0x19007</load_address>
         <run_address>0x19007</run_address>
         <size>0xdb</size>
         <input_file_ref idref="fl-4"/>
      </object_component>
      <object_component id="oc-e0f">
         <name>.debug_info</name>
         <load_address>0x190e2</load_address>
         <run_address>0x190e2</run_address>
         <size>0x13b</size>
         <input_file_ref idref="fl-4"/>
      </object_component>
      <object_component id="oc-e3b">
         <name>.debug_info</name>
         <load_address>0x1921d</load_address>
         <run_address>0x1921d</run_address>
         <size>0xe8</size>
         <input_file_ref idref="fl-4"/>
      </object_component>
      <object_component id="oc-d89">
         <name>.debug_info</name>
         <load_address>0x19305</load_address>
         <run_address>0x19305</run_address>
         <size>0x1b7</size>
         <input_file_ref idref="fl-4"/>
      </object_component>
      <object_component id="oc-db5">
         <name>.debug_info</name>
         <load_address>0x194bc</load_address>
         <run_address>0x194bc</run_address>
         <size>0x1e4</size>
         <input_file_ref idref="fl-4"/>
      </object_component>
      <object_component id="oc-dd3">
         <name>.debug_info</name>
         <load_address>0x196a0</load_address>
         <run_address>0x196a0</run_address>
         <size>0x202</size>
         <input_file_ref idref="fl-4"/>
      </object_component>
      <object_component id="oc-dc1">
         <name>.debug_info</name>
         <load_address>0x198a2</load_address>
         <run_address>0x198a2</run_address>
         <size>0x1e8</size>
         <input_file_ref idref="fl-4"/>
      </object_component>
      <object_component id="oc-e21">
         <name>.debug_info</name>
         <load_address>0x19a8a</load_address>
         <run_address>0x19a8a</run_address>
         <size>0x239</size>
         <input_file_ref idref="fl-4"/>
      </object_component>
      <object_component id="oc-dec">
         <name>.debug_info</name>
         <load_address>0x19cc3</load_address>
         <run_address>0x19cc3</run_address>
         <size>0x1c1</size>
         <input_file_ref idref="fl-4"/>
      </object_component>
      <object_component id="oc-df2">
         <name>.debug_info</name>
         <load_address>0x19e84</load_address>
         <run_address>0x19e84</run_address>
         <size>0x1c1</size>
         <input_file_ref idref="fl-4"/>
      </object_component>
      <object_component id="oc-e0a">
         <name>.debug_info</name>
         <load_address>0x1a045</load_address>
         <run_address>0x1a045</run_address>
         <size>0x1bb</size>
         <input_file_ref idref="fl-4"/>
      </object_component>
      <object_component id="oc-e04">
         <name>.debug_info</name>
         <load_address>0x1a200</load_address>
         <run_address>0x1a200</run_address>
         <size>0x20a</size>
         <input_file_ref idref="fl-4"/>
      </object_component>
      <object_component id="oc-da2">
         <name>.debug_info</name>
         <load_address>0x1a40a</load_address>
         <run_address>0x1a40a</run_address>
         <size>0x1ec</size>
         <input_file_ref idref="fl-4"/>
      </object_component>
      <object_component id="oc-e27">
         <name>.debug_info</name>
         <load_address>0x1a5f6</load_address>
         <run_address>0x1a5f6</run_address>
         <size>0x227</size>
         <input_file_ref idref="fl-4"/>
      </object_component>
      <object_component id="oc-94b">
         <name>.debug_info</name>
         <load_address>0x1a81d</load_address>
         <run_address>0x1a81d</run_address>
         <size>0x233</size>
         <input_file_ref idref="fl-4"/>
      </object_component>
      <object_component id="oc-908">
         <name>.debug_info</name>
         <load_address>0x1aa50</load_address>
         <run_address>0x1aa50</run_address>
         <size>0x21d</size>
         <input_file_ref idref="fl-4"/>
      </object_component>
      <object_component id="oc-902">
         <name>.debug_info</name>
         <load_address>0x1ac6d</load_address>
         <run_address>0x1ac6d</run_address>
         <size>0x245</size>
         <input_file_ref idref="fl-4"/>
      </object_component>
      <object_component id="oc-8cb">
         <name>.debug_info</name>
         <load_address>0x1aeb2</load_address>
         <run_address>0x1aeb2</run_address>
         <size>0x1cc</size>
         <input_file_ref idref="fl-4"/>
      </object_component>
      <object_component id="oc-dd9">
         <name>.debug_info</name>
         <load_address>0x1b07e</load_address>
         <run_address>0x1b07e</run_address>
         <size>0x1fc</size>
         <input_file_ref idref="fl-4"/>
      </object_component>
      <object_component id="oc-914">
         <name>.debug_info</name>
         <load_address>0x1b27a</load_address>
         <run_address>0x1b27a</run_address>
         <size>0x214</size>
         <input_file_ref idref="fl-4"/>
      </object_component>
      <object_component id="oc-920">
         <name>.debug_info</name>
         <load_address>0x1b48e</load_address>
         <run_address>0x1b48e</run_address>
         <size>0x202</size>
         <input_file_ref idref="fl-4"/>
      </object_component>
      <object_component id="oc-90e">
         <name>.debug_info</name>
         <load_address>0x1b690</load_address>
         <run_address>0x1b690</run_address>
         <size>0x20e</size>
         <input_file_ref idref="fl-4"/>
      </object_component>
      <object_component id="oc-91a">
         <name>.debug_info</name>
         <load_address>0x1b89e</load_address>
         <run_address>0x1b89e</run_address>
         <size>0x202</size>
         <input_file_ref idref="fl-4"/>
      </object_component>
      <object_component id="oc-8e3">
         <name>.debug_info</name>
         <load_address>0x1baa0</load_address>
         <run_address>0x1baa0</run_address>
         <size>0x1ca</size>
         <input_file_ref idref="fl-4"/>
      </object_component>
      <object_component id="oc-8f5">
         <name>.debug_info</name>
         <load_address>0x1bc6a</load_address>
         <run_address>0x1bc6a</run_address>
         <size>0x20c</size>
         <input_file_ref idref="fl-4"/>
      </object_component>
      <object_component id="oc-988">
         <name>.debug_info</name>
         <load_address>0x1be76</load_address>
         <run_address>0x1be76</run_address>
         <size>0x202</size>
         <input_file_ref idref="fl-4"/>
      </object_component>
      <object_component id="oc-8ef">
         <name>.debug_info</name>
         <load_address>0x1c078</load_address>
         <run_address>0x1c078</run_address>
         <size>0x1b8</size>
         <input_file_ref idref="fl-4"/>
      </object_component>
      <object_component id="oc-8d7">
         <name>.debug_info</name>
         <load_address>0x1c230</load_address>
         <run_address>0x1c230</run_address>
         <size>0x1b9</size>
         <input_file_ref idref="fl-4"/>
      </object_component>
      <object_component id="oc-96a">
         <name>.debug_info</name>
         <load_address>0x1c3e9</load_address>
         <run_address>0x1c3e9</run_address>
         <size>0x1b2</size>
         <input_file_ref idref="fl-4"/>
      </object_component>
      <object_component id="oc-98e">
         <name>.debug_info</name>
         <load_address>0x1c59b</load_address>
         <run_address>0x1c59b</run_address>
         <size>0x234</size>
         <input_file_ref idref="fl-4"/>
      </object_component>
      <object_component id="oc-994">
         <name>.debug_info</name>
         <load_address>0x1c7cf</load_address>
         <run_address>0x1c7cf</run_address>
         <size>0x234</size>
         <input_file_ref idref="fl-4"/>
      </object_component>
      <object_component id="oc-99a">
         <name>.debug_info</name>
         <load_address>0x1ca03</load_address>
         <run_address>0x1ca03</run_address>
         <size>0x234</size>
         <input_file_ref idref="fl-4"/>
      </object_component>
      <object_component id="oc-479">
         <name>.debug_info</name>
         <load_address>0x1cc37</load_address>
         <run_address>0x1cc37</run_address>
         <size>0x46a</size>
         <input_file_ref idref="fl-4"/>
      </object_component>
      <object_component id="oc-951">
         <name>.debug_info</name>
         <load_address>0x1d0a1</load_address>
         <run_address>0x1d0a1</run_address>
         <size>0x197</size>
         <input_file_ref idref="fl-4"/>
      </object_component>
      <object_component id="oc-93f">
         <name>.debug_info</name>
         <load_address>0x1d238</load_address>
         <run_address>0x1d238</run_address>
         <size>0x202</size>
         <input_file_ref idref="fl-4"/>
      </object_component>
      <object_component id="oc-945">
         <name>.debug_info</name>
         <load_address>0x1d43a</load_address>
         <run_address>0x1d43a</run_address>
         <size>0x208</size>
         <input_file_ref idref="fl-4"/>
      </object_component>
      <object_component id="oc-957">
         <name>.debug_info</name>
         <load_address>0x1d642</load_address>
         <run_address>0x1d642</run_address>
         <size>0x1e0</size>
         <input_file_ref idref="fl-4"/>
      </object_component>
      <object_component id="oc-92d">
         <name>.debug_info</name>
         <load_address>0x1d822</load_address>
         <run_address>0x1d822</run_address>
         <size>0x1f2</size>
         <input_file_ref idref="fl-4"/>
      </object_component>
      <object_component id="oc-939">
         <name>.debug_info</name>
         <load_address>0x1da14</load_address>
         <run_address>0x1da14</run_address>
         <size>0x1e6</size>
         <input_file_ref idref="fl-4"/>
      </object_component>
      <object_component id="oc-933">
         <name>.debug_info</name>
         <load_address>0x1dbfa</load_address>
         <run_address>0x1dbfa</run_address>
         <size>0x1ec</size>
         <input_file_ref idref="fl-4"/>
      </object_component>
      <object_component id="oc-117d">
         <name>.debug_info</name>
         <load_address>0x1dde6</load_address>
         <run_address>0x1dde6</run_address>
         <size>0x1ce</size>
         <input_file_ref idref="fl-4"/>
      </object_component>
      <object_component id="oc-dfd">
         <name>.debug_info</name>
         <load_address>0x1dfb4</load_address>
         <run_address>0x1dfb4</run_address>
         <size>0x4dc</size>
         <input_file_ref idref="fl-4"/>
      </object_component>
      <object_component id="oc-de5">
         <name>.debug_info</name>
         <load_address>0x1e490</load_address>
         <run_address>0x1e490</run_address>
         <size>0x232</size>
         <input_file_ref idref="fl-4"/>
      </object_component>
      <object_component id="oc-da7">
         <name>.debug_info</name>
         <load_address>0x1e6c2</load_address>
         <run_address>0x1e6c2</run_address>
         <size>0x32d</size>
         <input_file_ref idref="fl-4"/>
      </object_component>
      <object_component id="oc-8c5">
         <name>.debug_info</name>
         <load_address>0x1e9ef</load_address>
         <run_address>0x1e9ef</run_address>
         <size>0x35e</size>
         <input_file_ref idref="fl-4"/>
      </object_component>
      <object_component id="oc-8dd">
         <name>.debug_info</name>
         <load_address>0x1ed4d</load_address>
         <run_address>0x1ed4d</run_address>
         <size>0x1cc</size>
         <input_file_ref idref="fl-4"/>
      </object_component>
      <object_component id="oc-8fb">
         <name>.debug_info</name>
         <load_address>0x1ef19</load_address>
         <run_address>0x1ef19</run_address>
         <size>0x20e</size>
         <input_file_ref idref="fl-4"/>
      </object_component>
      <object_component id="oc-964">
         <name>.debug_info</name>
         <load_address>0x1f127</load_address>
         <run_address>0x1f127</run_address>
         <size>0x208</size>
         <input_file_ref idref="fl-4"/>
      </object_component>
      <object_component id="oc-97c">
         <name>.debug_info</name>
         <load_address>0x1f32f</load_address>
         <run_address>0x1f32f</run_address>
         <size>0x1f2</size>
         <input_file_ref idref="fl-4"/>
      </object_component>
      <object_component id="oc-976">
         <name>.debug_info</name>
         <load_address>0x1f521</load_address>
         <run_address>0x1f521</run_address>
         <size>0x1f2</size>
         <input_file_ref idref="fl-4"/>
      </object_component>
      <object_component id="oc-970">
         <name>.debug_info</name>
         <load_address>0x1f713</load_address>
         <run_address>0x1f713</run_address>
         <size>0x1f2</size>
         <input_file_ref idref="fl-4"/>
      </object_component>
      <object_component id="oc-8e9">
         <name>.debug_info</name>
         <load_address>0x1f905</load_address>
         <run_address>0x1f905</run_address>
         <size>0x1ba</size>
         <input_file_ref idref="fl-4"/>
      </object_component>
      <object_component id="oc-9a4">
         <name>.debug_info</name>
         <load_address>0x1fabf</load_address>
         <run_address>0x1fabf</run_address>
         <size>0x19f</size>
         <input_file_ref idref="fl-4"/>
      </object_component>
      <object_component id="oc-48b">
         <name>.debug_info</name>
         <load_address>0x1fc5e</load_address>
         <run_address>0x1fc5e</run_address>
         <size>0x1a3</size>
         <input_file_ref idref="fl-4"/>
      </object_component>
      <object_component id="oc-e35">
         <name>.debug_info</name>
         <load_address>0x1fe01</load_address>
         <run_address>0x1fe01</run_address>
         <size>0x19a</size>
         <input_file_ref idref="fl-4"/>
      </object_component>
      <object_component id="oc-9aa">
         <name>.debug_info</name>
         <load_address>0x1ff9b</load_address>
         <run_address>0x1ff9b</run_address>
         <size>0x214</size>
         <input_file_ref idref="fl-4"/>
      </object_component>
      <object_component id="oc-9b0">
         <name>.debug_info</name>
         <load_address>0x201af</load_address>
         <run_address>0x201af</run_address>
         <size>0x214</size>
         <input_file_ref idref="fl-4"/>
      </object_component>
      <object_component id="oc-9b6">
         <name>.debug_info</name>
         <load_address>0x203c3</load_address>
         <run_address>0x203c3</run_address>
         <size>0x20e</size>
         <input_file_ref idref="fl-4"/>
      </object_component>
      <object_component id="oc-95d">
         <name>.debug_info</name>
         <load_address>0x205d1</load_address>
         <run_address>0x205d1</run_address>
         <size>0x4e8</size>
         <input_file_ref idref="fl-4"/>
      </object_component>
      <object_component id="oc-df7">
         <name>.debug_info</name>
         <load_address>0x20ab9</load_address>
         <run_address>0x20ab9</run_address>
         <size>0x5cb</size>
         <input_file_ref idref="fl-4"/>
      </object_component>
      <object_component id="oc-485">
         <name>.debug_info</name>
         <load_address>0x21084</load_address>
         <run_address>0x21084</run_address>
         <size>0x1ab</size>
         <input_file_ref idref="fl-4"/>
      </object_component>
      <object_component id="oc-8b5">
         <name>.debug_info</name>
         <load_address>0x2122f</load_address>
         <run_address>0x2122f</run_address>
         <size>0x1d7</size>
         <input_file_ref idref="fl-4"/>
      </object_component>
      <object_component id="oc-dbb">
         <name>.debug_info</name>
         <load_address>0x21406</load_address>
         <run_address>0x21406</run_address>
         <size>0x1ca</size>
         <input_file_ref idref="fl-4"/>
      </object_component>
      <object_component id="oc-dcd">
         <name>.debug_info</name>
         <load_address>0x215d0</load_address>
         <run_address>0x215d0</run_address>
         <size>0x1e8</size>
         <input_file_ref idref="fl-4"/>
      </object_component>
      <object_component id="oc-dc7">
         <name>.debug_info</name>
         <load_address>0x217b8</load_address>
         <run_address>0x217b8</run_address>
         <size>0x1ce</size>
         <input_file_ref idref="fl-4"/>
      </object_component>
      <object_component id="oc-daf">
         <name>.debug_info</name>
         <load_address>0x21986</load_address>
         <run_address>0x21986</run_address>
         <size>0x1fa</size>
         <input_file_ref idref="fl-4"/>
      </object_component>
      <object_component id="oc-ddf">
         <name>.debug_info</name>
         <load_address>0x21b80</load_address>
         <run_address>0x21b80</run_address>
         <size>0x1d2</size>
         <input_file_ref idref="fl-4"/>
      </object_component>
      <object_component id="oc-8bf">
         <name>.debug_info</name>
         <load_address>0x21d52</load_address>
         <run_address>0x21d52</run_address>
         <size>0x1b2</size>
         <input_file_ref idref="fl-4"/>
      </object_component>
      <object_component id="oc-8d1">
         <name>.debug_info</name>
         <load_address>0x21f04</load_address>
         <run_address>0x21f04</run_address>
         <size>0x610</size>
         <input_file_ref idref="fl-4"/>
      </object_component>
      <object_component id="oc-491">
         <name>.debug_info</name>
         <load_address>0x22514</load_address>
         <run_address>0x22514</run_address>
         <size>0x262</size>
         <input_file_ref idref="fl-4"/>
      </object_component>
      <object_component id="oc-473">
         <name>.debug_info</name>
         <load_address>0x22776</load_address>
         <run_address>0x22776</run_address>
         <size>0x5bc</size>
         <input_file_ref idref="fl-4"/>
      </object_component>
      <object_component id="oc-3e">
         <name>.debug_info</name>
         <load_address>0x22d32</load_address>
         <run_address>0x22d32</run_address>
         <size>0x84</size>
         <input_file_ref idref="fl-4"/>
      </object_component>
      <object_component id="oc-8bb">
         <name>.debug_info</name>
         <load_address>0x22db6</load_address>
         <run_address>0x22db6</run_address>
         <size>0x1b52</size>
         <input_file_ref idref="fl-5"/>
      </object_component>
      <object_component id="oc-8af">
         <name>.debug_info</name>
         <load_address>0x24908</load_address>
         <run_address>0x24908</run_address>
         <size>0x151</size>
         <input_file_ref idref="fl-5"/>
      </object_component>
      <object_component id="oc-d82">
         <name>.debug_info</name>
         <load_address>0x24a59</load_address>
         <run_address>0x24a59</run_address>
         <size>0x19a</size>
         <input_file_ref idref="fl-5"/>
      </object_component>
      <object_component id="oc-d7c">
         <name>.debug_info</name>
         <load_address>0x24bf3</load_address>
         <run_address>0x24bf3</run_address>
         <size>0x22c</size>
         <input_file_ref idref="fl-5"/>
      </object_component>
      <object_component id="oc-d76">
         <name>.debug_info</name>
         <load_address>0x24e1f</load_address>
         <run_address>0x24e1f</run_address>
         <size>0x228</size>
         <input_file_ref idref="fl-5"/>
      </object_component>
      <object_component id="oc-d70">
         <name>.debug_info</name>
         <load_address>0x25047</load_address>
         <run_address>0x25047</run_address>
         <size>0x211</size>
         <input_file_ref idref="fl-5"/>
      </object_component>
      <object_component id="oc-927">
         <name>.debug_info</name>
         <load_address>0x25258</load_address>
         <run_address>0x25258</run_address>
         <size>0x222</size>
         <input_file_ref idref="fl-5"/>
      </object_component>
      <object_component id="oc-46d">
         <name>.debug_info</name>
         <load_address>0x2547a</load_address>
         <run_address>0x2547a</run_address>
         <size>0x10d5</size>
         <input_file_ref idref="fl-5"/>
      </object_component>
      <object_component id="oc-467">
         <name>.debug_info</name>
         <load_address>0x2654f</load_address>
         <run_address>0x2654f</run_address>
         <size>0x1c6</size>
         <input_file_ref idref="fl-5"/>
      </object_component>
      <object_component id="oc-d91">
         <name>.debug_info</name>
         <load_address>0x26715</load_address>
         <run_address>0x26715</run_address>
         <size>0x37a3</size>
         <input_file_ref idref="fl-5"/>
      </object_component>
      <object_component id="oc-d96">
         <name>.debug_info</name>
         <load_address>0x29eb8</load_address>
         <run_address>0x29eb8</run_address>
         <size>0x468</size>
         <input_file_ref idref="fl-5"/>
      </object_component>
      <object_component id="oc-d9b">
         <name>.debug_info</name>
         <load_address>0x2a320</load_address>
         <run_address>0x2a320</run_address>
         <size>0x28</size>
         <input_file_ref idref="fl-5"/>
      </object_component>
      <object_component id="oc-238">
         <name>.debug_info</name>
         <load_address>0x2a348</load_address>
         <run_address>0x2a348</run_address>
         <size>0x2308</size>
         <input_file_ref idref="fl-6"/>
      </object_component>
      <object_component id="oc-240">
         <name>.debug_info</name>
         <load_address>0x2c650</load_address>
         <run_address>0x2c650</run_address>
         <size>0x23f</size>
         <input_file_ref idref="fl-6"/>
      </object_component>
      <object_component id="oc-248">
         <name>.debug_info</name>
         <load_address>0x2c88f</load_address>
         <run_address>0x2c88f</run_address>
         <size>0x50d</size>
         <input_file_ref idref="fl-6"/>
      </object_component>
      <object_component id="oc-236">
         <name>.debug_info</name>
         <load_address>0x2cd9c</load_address>
         <run_address>0x2cd9c</run_address>
         <size>0x1e9c</size>
         <input_file_ref idref="fl-7"/>
      </object_component>
      <object_component id="oc-250">
         <name>.debug_info</name>
         <load_address>0x2ec38</load_address>
         <run_address>0x2ec38</run_address>
         <size>0x707</size>
         <input_file_ref idref="fl-7"/>
      </object_component>
      <object_component id="oc-23a">
         <name>.debug_info</name>
         <load_address>0x2f33f</load_address>
         <run_address>0x2f33f</run_address>
         <size>0x1d38</size>
         <input_file_ref idref="fl-8"/>
      </object_component>
      <object_component id="oc-a06">
         <name>.debug_info</name>
         <load_address>0x31077</load_address>
         <run_address>0x31077</run_address>
         <size>0xea</size>
         <input_file_ref idref="fl-8"/>
      </object_component>
      <object_component id="oc-a0b">
         <name>.debug_info</name>
         <load_address>0x31161</load_address>
         <run_address>0x31161</run_address>
         <size>0x26c</size>
         <input_file_ref idref="fl-8"/>
      </object_component>
      <object_component id="oc-4c6">
         <name>.debug_info</name>
         <load_address>0x313cd</load_address>
         <run_address>0x313cd</run_address>
         <size>0x2a4</size>
         <input_file_ref idref="fl-8"/>
      </object_component>
      <object_component id="oc-4e4">
         <name>.debug_info</name>
         <load_address>0x31671</load_address>
         <run_address>0x31671</run_address>
         <size>0x1a2</size>
         <input_file_ref idref="fl-8"/>
      </object_component>
      <object_component id="oc-4c0">
         <name>.debug_info</name>
         <load_address>0x31813</load_address>
         <run_address>0x31813</run_address>
         <size>0x2e0</size>
         <input_file_ref idref="fl-8"/>
      </object_component>
      <object_component id="oc-4ba">
         <name>.debug_info</name>
         <load_address>0x31af3</load_address>
         <run_address>0x31af3</run_address>
         <size>0x218</size>
         <input_file_ref idref="fl-8"/>
      </object_component>
      <object_component id="oc-4ea">
         <name>.debug_info</name>
         <load_address>0x31d0b</load_address>
         <run_address>0x31d0b</run_address>
         <size>0x430</size>
         <input_file_ref idref="fl-8"/>
      </object_component>
      <object_component id="oc-4de">
         <name>.debug_info</name>
         <load_address>0x3213b</load_address>
         <run_address>0x3213b</run_address>
         <size>0x1d3</size>
         <input_file_ref idref="fl-8"/>
      </object_component>
      <object_component id="oc-4b4">
         <name>.debug_info</name>
         <load_address>0x3230e</load_address>
         <run_address>0x3230e</run_address>
         <size>0x3d5</size>
         <input_file_ref idref="fl-8"/>
      </object_component>
      <object_component id="oc-4fc">
         <name>.debug_info</name>
         <load_address>0x326e3</load_address>
         <run_address>0x326e3</run_address>
         <size>0x16f</size>
         <input_file_ref idref="fl-8"/>
      </object_component>
      <object_component id="oc-79">
         <name>.debug_info</name>
         <load_address>0x32852</load_address>
         <run_address>0x32852</run_address>
         <size>0x662a</size>
         <input_file_ref idref="fl-c"/>
      </object_component>
      <object_component id="oc-14c0">
         <name>.debug_info</name>
         <load_address>0x38e7c</load_address>
         <run_address>0x38e7c</run_address>
         <size>0x11b</size>
         <input_file_ref idref="fl-c"/>
      </object_component>
      <object_component id="oc-109d">
         <name>.debug_info</name>
         <load_address>0x38f97</load_address>
         <run_address>0x38f97</run_address>
         <size>0x12b</size>
         <input_file_ref idref="fl-c"/>
      </object_component>
      <object_component id="oc-13f1">
         <name>.debug_info</name>
         <load_address>0x390c2</load_address>
         <run_address>0x390c2</run_address>
         <size>0x11f</size>
         <input_file_ref idref="fl-c"/>
      </object_component>
      <object_component id="oc-e8b">
         <name>.debug_info</name>
         <load_address>0x391e1</load_address>
         <run_address>0x391e1</run_address>
         <size>0x123</size>
         <input_file_ref idref="fl-c"/>
      </object_component>
      <object_component id="oc-c7d">
         <name>.debug_info</name>
         <load_address>0x39304</load_address>
         <run_address>0x39304</run_address>
         <size>0x127</size>
         <input_file_ref idref="fl-c"/>
      </object_component>
      <object_component id="oc-d4d">
         <name>.debug_info</name>
         <load_address>0x3942b</load_address>
         <run_address>0x3942b</run_address>
         <size>0x12d</size>
         <input_file_ref idref="fl-c"/>
      </object_component>
      <object_component id="oc-11e0">
         <name>.debug_info</name>
         <load_address>0x39558</load_address>
         <run_address>0x39558</run_address>
         <size>0x123</size>
         <input_file_ref idref="fl-c"/>
      </object_component>
      <object_component id="oc-13c3">
         <name>.debug_info</name>
         <load_address>0x3967b</load_address>
         <run_address>0x3967b</run_address>
         <size>0x12d</size>
         <input_file_ref idref="fl-c"/>
      </object_component>
      <object_component id="oc-1406">
         <name>.debug_info</name>
         <load_address>0x397a8</load_address>
         <run_address>0x397a8</run_address>
         <size>0x133</size>
         <input_file_ref idref="fl-c"/>
      </object_component>
      <object_component id="oc-871">
         <name>.debug_info</name>
         <load_address>0x398db</load_address>
         <run_address>0x398db</run_address>
         <size>0x13d</size>
         <input_file_ref idref="fl-c"/>
      </object_component>
      <object_component id="oc-833">
         <name>.debug_info</name>
         <load_address>0x39a18</load_address>
         <run_address>0x39a18</run_address>
         <size>0x129</size>
         <input_file_ref idref="fl-c"/>
      </object_component>
      <object_component id="oc-77e">
         <name>.debug_info</name>
         <load_address>0x39b41</load_address>
         <run_address>0x39b41</run_address>
         <size>0x133</size>
         <input_file_ref idref="fl-c"/>
      </object_component>
      <object_component id="oc-c24">
         <name>.debug_info</name>
         <load_address>0x39c74</load_address>
         <run_address>0x39c74</run_address>
         <size>0x12d</size>
         <input_file_ref idref="fl-c"/>
      </object_component>
      <object_component id="oc-2f">
         <name>.debug_info</name>
         <load_address>0x39da1</load_address>
         <run_address>0x39da1</run_address>
         <size>0x167</size>
         <input_file_ref idref="fl-c"/>
      </object_component>
      <object_component id="oc-32">
         <name>.debug_info</name>
         <load_address>0x39f08</load_address>
         <run_address>0x39f08</run_address>
         <size>0x125</size>
         <input_file_ref idref="fl-c"/>
      </object_component>
      <object_component id="oc-35">
         <name>.debug_info</name>
         <load_address>0x3a02d</load_address>
         <run_address>0x3a02d</run_address>
         <size>0x121</size>
         <input_file_ref idref="fl-c"/>
      </object_component>
      <object_component id="oc-3bd">
         <name>.debug_info</name>
         <load_address>0x3a14e</load_address>
         <run_address>0x3a14e</run_address>
         <size>0x113</size>
         <input_file_ref idref="fl-c"/>
      </object_component>
      <object_component id="oc-f72">
         <name>.debug_info</name>
         <load_address>0x3a261</load_address>
         <run_address>0x3a261</run_address>
         <size>0x12f</size>
         <input_file_ref idref="fl-c"/>
      </object_component>
      <object_component id="oc-126c">
         <name>.debug_info</name>
         <load_address>0x3a390</load_address>
         <run_address>0x3a390</run_address>
         <size>0x12b</size>
         <input_file_ref idref="fl-c"/>
      </object_component>
      <object_component id="oc-1101">
         <name>.debug_info</name>
         <load_address>0x3a4bb</load_address>
         <run_address>0x3a4bb</run_address>
         <size>0x12d</size>
         <input_file_ref idref="fl-c"/>
      </object_component>
      <object_component id="oc-5ec">
         <name>.debug_info</name>
         <load_address>0x3a5e8</load_address>
         <run_address>0x3a5e8</run_address>
         <size>0x143</size>
         <input_file_ref idref="fl-c"/>
      </object_component>
      <object_component id="oc-5ef">
         <name>.debug_info</name>
         <load_address>0x3a72b</load_address>
         <run_address>0x3a72b</run_address>
         <size>0x145</size>
         <input_file_ref idref="fl-c"/>
      </object_component>
      <object_component id="oc-5f2">
         <name>.debug_info</name>
         <load_address>0x3a870</load_address>
         <run_address>0x3a870</run_address>
         <size>0x141</size>
         <input_file_ref idref="fl-c"/>
      </object_component>
      <object_component id="oc-304">
         <name>.debug_info</name>
         <load_address>0x3a9b1</load_address>
         <run_address>0x3a9b1</run_address>
         <size>0x12d</size>
         <input_file_ref idref="fl-c"/>
      </object_component>
      <object_component id="oc-ecd">
         <name>.debug_info</name>
         <load_address>0x3aade</load_address>
         <run_address>0x3aade</run_address>
         <size>0x12b</size>
         <input_file_ref idref="fl-c"/>
      </object_component>
      <object_component id="oc-e96">
         <name>.debug_info</name>
         <load_address>0x3ac09</load_address>
         <run_address>0x3ac09</run_address>
         <size>0x127</size>
         <input_file_ref idref="fl-c"/>
      </object_component>
      <object_component id="oc-1521">
         <name>.debug_info</name>
         <load_address>0x3ad30</load_address>
         <run_address>0x3ad30</run_address>
         <size>0x12d</size>
         <input_file_ref idref="fl-c"/>
      </object_component>
      <object_component id="oc-acc">
         <name>.debug_info</name>
         <load_address>0x3ae5d</load_address>
         <run_address>0x3ae5d</run_address>
         <size>0x12f</size>
         <input_file_ref idref="fl-c"/>
      </object_component>
      <object_component id="oc-1268">
         <name>.debug_info</name>
         <load_address>0x3af8c</load_address>
         <run_address>0x3af8c</run_address>
         <size>0x133</size>
         <input_file_ref idref="fl-c"/>
      </object_component>
      <object_component id="oc-e93">
         <name>.debug_info</name>
         <load_address>0x3b0bf</load_address>
         <run_address>0x3b0bf</run_address>
         <size>0x121</size>
         <input_file_ref idref="fl-c"/>
      </object_component>
      <object_component id="oc-eb6">
         <name>.debug_info</name>
         <load_address>0x3b1e0</load_address>
         <run_address>0x3b1e0</run_address>
         <size>0x11d</size>
         <input_file_ref idref="fl-c"/>
      </object_component>
      <object_component id="oc-eb2">
         <name>.debug_info</name>
         <load_address>0x3b2fd</load_address>
         <run_address>0x3b2fd</run_address>
         <size>0x129</size>
         <input_file_ref idref="fl-c"/>
      </object_component>
      <object_component id="oc-eae">
         <name>.debug_info</name>
         <load_address>0x3b426</load_address>
         <run_address>0x3b426</run_address>
         <size>0x127</size>
         <input_file_ref idref="fl-c"/>
      </object_component>
      <object_component id="oc-eaa">
         <name>.debug_info</name>
         <load_address>0x3b54d</load_address>
         <run_address>0x3b54d</run_address>
         <size>0x127</size>
         <input_file_ref idref="fl-c"/>
      </object_component>
      <object_component id="oc-ea6">
         <name>.debug_info</name>
         <load_address>0x3b674</load_address>
         <run_address>0x3b674</run_address>
         <size>0x12b</size>
         <input_file_ref idref="fl-c"/>
      </object_component>
      <object_component id="oc-ea2">
         <name>.debug_info</name>
         <load_address>0x3b79f</load_address>
         <run_address>0x3b79f</run_address>
         <size>0x123</size>
         <input_file_ref idref="fl-c"/>
      </object_component>
      <object_component id="oc-e9e">
         <name>.debug_info</name>
         <load_address>0x3b8c2</load_address>
         <run_address>0x3b8c2</run_address>
         <size>0x127</size>
         <input_file_ref idref="fl-c"/>
      </object_component>
      <object_component id="oc-e9a">
         <name>.debug_info</name>
         <load_address>0x3b9e9</load_address>
         <run_address>0x3b9e9</run_address>
         <size>0x127</size>
         <input_file_ref idref="fl-c"/>
      </object_component>
      <object_component id="oc-acf">
         <name>.debug_info</name>
         <load_address>0x3bb10</load_address>
         <run_address>0x3bb10</run_address>
         <size>0x129</size>
         <input_file_ref idref="fl-c"/>
      </object_component>
      <object_component id="oc-307">
         <name>.debug_info</name>
         <load_address>0x3bc39</load_address>
         <run_address>0x3bc39</run_address>
         <size>0x12f</size>
         <input_file_ref idref="fl-c"/>
      </object_component>
      <object_component id="oc-aa0">
         <name>.debug_info</name>
         <load_address>0x3bd68</load_address>
         <run_address>0x3bd68</run_address>
         <size>0x12b</size>
         <input_file_ref idref="fl-c"/>
      </object_component>
      <object_component id="oc-ad2">
         <name>.debug_info</name>
         <load_address>0x3be93</load_address>
         <run_address>0x3be93</run_address>
         <size>0x123</size>
         <input_file_ref idref="fl-c"/>
      </object_component>
      <object_component id="oc-ad5">
         <name>.debug_info</name>
         <load_address>0x3bfb6</load_address>
         <run_address>0x3bfb6</run_address>
         <size>0x119</size>
         <input_file_ref idref="fl-c"/>
      </object_component>
      <object_component id="oc-bf2">
         <name>.debug_info</name>
         <load_address>0x3c0cf</load_address>
         <run_address>0x3c0cf</run_address>
         <size>0x13f</size>
         <input_file_ref idref="fl-c"/>
      </object_component>
      <object_component id="oc-f2f">
         <name>.debug_info</name>
         <load_address>0x3c20e</load_address>
         <run_address>0x3c20e</run_address>
         <size>0x143</size>
         <input_file_ref idref="fl-c"/>
      </object_component>
      <object_component id="oc-cc8">
         <name>.debug_info</name>
         <load_address>0x3c351</load_address>
         <run_address>0x3c351</run_address>
         <size>0x139</size>
         <input_file_ref idref="fl-c"/>
      </object_component>
      <object_component id="oc-1432">
         <name>.debug_info</name>
         <load_address>0x3c48a</load_address>
         <run_address>0x3c48a</run_address>
         <size>0x149</size>
         <input_file_ref idref="fl-c"/>
      </object_component>
      <object_component id="oc-1435">
         <name>.debug_info</name>
         <load_address>0x3c5d3</load_address>
         <run_address>0x3c5d3</run_address>
         <size>0x14b</size>
         <input_file_ref idref="fl-c"/>
      </object_component>
      <object_component id="oc-10e5">
         <name>.debug_info</name>
         <load_address>0x3c71e</load_address>
         <run_address>0x3c71e</run_address>
         <size>0x139</size>
         <input_file_ref idref="fl-c"/>
      </object_component>
      <object_component id="oc-10e2">
         <name>.debug_info</name>
         <load_address>0x3c857</load_address>
         <run_address>0x3c857</run_address>
         <size>0x139</size>
         <input_file_ref idref="fl-c"/>
      </object_component>
      <object_component id="oc-10df">
         <name>.debug_info</name>
         <load_address>0x3c990</load_address>
         <run_address>0x3c990</run_address>
         <size>0x13d</size>
         <input_file_ref idref="fl-c"/>
      </object_component>
      <object_component id="oc-16d8">
         <name>.debug_info</name>
         <load_address>0x3cacd</load_address>
         <run_address>0x3cacd</run_address>
         <size>0x127</size>
         <input_file_ref idref="fl-c"/>
      </object_component>
      <object_component id="oc-16d5">
         <name>.debug_info</name>
         <load_address>0x3cbf4</load_address>
         <run_address>0x3cbf4</run_address>
         <size>0x123</size>
         <input_file_ref idref="fl-c"/>
      </object_component>
      <object_component id="oc-a36">
         <name>.debug_info</name>
         <load_address>0x3cd17</load_address>
         <run_address>0x3cd17</run_address>
         <size>0x125</size>
         <input_file_ref idref="fl-c"/>
      </object_component>
      <object_component id="oc-169f">
         <name>.debug_info</name>
         <load_address>0x3ce3c</load_address>
         <run_address>0x3ce3c</run_address>
         <size>0x12b</size>
         <input_file_ref idref="fl-c"/>
      </object_component>
      <object_component id="oc-169c">
         <name>.debug_info</name>
         <load_address>0x3cf67</load_address>
         <run_address>0x3cf67</run_address>
         <size>0x127</size>
         <input_file_ref idref="fl-c"/>
      </object_component>
      <object_component id="oc-804">
         <name>.debug_info</name>
         <load_address>0x3d08e</load_address>
         <run_address>0x3d08e</run_address>
         <size>0x129</size>
         <input_file_ref idref="fl-c"/>
      </object_component>
      <object_component id="oc-13f7">
         <name>.debug_info</name>
         <load_address>0x3d1b7</load_address>
         <run_address>0x3d1b7</run_address>
         <size>0x137</size>
         <input_file_ref idref="fl-c"/>
      </object_component>
      <object_component id="oc-13fa">
         <name>.debug_info</name>
         <load_address>0x3d2ee</load_address>
         <run_address>0x3d2ee</run_address>
         <size>0x139</size>
         <input_file_ref idref="fl-c"/>
      </object_component>
      <object_component id="oc-13fd">
         <name>.debug_info</name>
         <load_address>0x3d427</load_address>
         <run_address>0x3d427</run_address>
         <size>0x131</size>
         <input_file_ref idref="fl-c"/>
      </object_component>
      <object_component id="oc-1403">
         <name>.debug_info</name>
         <load_address>0x3d558</load_address>
         <run_address>0x3d558</run_address>
         <size>0x123</size>
         <input_file_ref idref="fl-c"/>
      </object_component>
      <object_component id="oc-1400">
         <name>.debug_info</name>
         <load_address>0x3d67b</load_address>
         <run_address>0x3d67b</run_address>
         <size>0x127</size>
         <input_file_ref idref="fl-c"/>
      </object_component>
      <object_component id="oc-880">
         <name>.debug_info</name>
         <load_address>0x3d7a2</load_address>
         <run_address>0x3d7a2</run_address>
         <size>0x131</size>
         <input_file_ref idref="fl-c"/>
      </object_component>
      <object_component id="oc-d50">
         <name>.debug_info</name>
         <load_address>0x3d8d3</load_address>
         <run_address>0x3d8d3</run_address>
         <size>0x12d</size>
         <input_file_ref idref="fl-c"/>
      </object_component>
      <object_component id="oc-85f">
         <name>.debug_info</name>
         <load_address>0x3da00</load_address>
         <run_address>0x3da00</run_address>
         <size>0x13d</size>
         <input_file_ref idref="fl-c"/>
      </object_component>
      <object_component id="oc-862">
         <name>.debug_info</name>
         <load_address>0x3db3d</load_address>
         <run_address>0x3db3d</run_address>
         <size>0x13f</size>
         <input_file_ref idref="fl-c"/>
      </object_component>
      <object_component id="oc-865">
         <name>.debug_info</name>
         <load_address>0x3dc7c</load_address>
         <run_address>0x3dc7c</run_address>
         <size>0x137</size>
         <input_file_ref idref="fl-c"/>
      </object_component>
      <object_component id="oc-86b">
         <name>.debug_info</name>
         <load_address>0x3ddb3</load_address>
         <run_address>0x3ddb3</run_address>
         <size>0x129</size>
         <input_file_ref idref="fl-c"/>
      </object_component>
      <object_component id="oc-868">
         <name>.debug_info</name>
         <load_address>0x3dedc</load_address>
         <run_address>0x3dedc</run_address>
         <size>0x12d</size>
         <input_file_ref idref="fl-c"/>
      </object_component>
      <object_component id="oc-86e">
         <name>.debug_info</name>
         <load_address>0x3e009</load_address>
         <run_address>0x3e009</run_address>
         <size>0x13b</size>
         <input_file_ref idref="fl-c"/>
      </object_component>
      <object_component id="oc-18ce">
         <name>.debug_info</name>
         <load_address>0x3e144</load_address>
         <run_address>0x3e144</run_address>
         <size>0x113</size>
         <input_file_ref idref="fl-c"/>
      </object_component>
      <object_component id="oc-18d1">
         <name>.debug_info</name>
         <load_address>0x3e257</load_address>
         <run_address>0x3e257</run_address>
         <size>0x11d</size>
         <input_file_ref idref="fl-c"/>
      </object_component>
      <object_component id="oc-182a">
         <name>.debug_info</name>
         <load_address>0x3e374</load_address>
         <run_address>0x3e374</run_address>
         <size>0x127</size>
         <input_file_ref idref="fl-c"/>
      </object_component>
      <object_component id="oc-1827">
         <name>.debug_info</name>
         <load_address>0x3e49b</load_address>
         <run_address>0x3e49b</run_address>
         <size>0x123</size>
         <input_file_ref idref="fl-c"/>
      </object_component>
      <object_component id="oc-ed2">
         <name>.debug_info</name>
         <load_address>0x3e5be</load_address>
         <run_address>0x3e5be</run_address>
         <size>0x125</size>
         <input_file_ref idref="fl-c"/>
      </object_component>
      <object_component id="oc-16f8">
         <name>.debug_info</name>
         <load_address>0x3e6e3</load_address>
         <run_address>0x3e6e3</run_address>
         <size>0x133</size>
         <input_file_ref idref="fl-c"/>
      </object_component>
      <object_component id="oc-16fb">
         <name>.debug_info</name>
         <load_address>0x3e816</load_address>
         <run_address>0x3e816</run_address>
         <size>0x135</size>
         <input_file_ref idref="fl-c"/>
      </object_component>
      <object_component id="oc-16fe">
         <name>.debug_info</name>
         <load_address>0x3e94b</load_address>
         <run_address>0x3e94b</run_address>
         <size>0x12d</size>
         <input_file_ref idref="fl-c"/>
      </object_component>
      <object_component id="oc-170d">
         <name>.debug_info</name>
         <load_address>0x3ea78</load_address>
         <run_address>0x3ea78</run_address>
         <size>0x129</size>
         <input_file_ref idref="fl-c"/>
      </object_component>
      <object_component id="oc-1704">
         <name>.debug_info</name>
         <load_address>0x3eba1</load_address>
         <run_address>0x3eba1</run_address>
         <size>0x11f</size>
         <input_file_ref idref="fl-c"/>
      </object_component>
      <object_component id="oc-ac8">
         <name>.debug_info</name>
         <load_address>0x3ecc0</load_address>
         <run_address>0x3ecc0</run_address>
         <size>0x125</size>
         <input_file_ref idref="fl-c"/>
      </object_component>
      <object_component id="oc-1707">
         <name>.debug_info</name>
         <load_address>0x3ede5</load_address>
         <run_address>0x3ede5</run_address>
         <size>0x121</size>
         <input_file_ref idref="fl-c"/>
      </object_component>
      <object_component id="oc-1823">
         <name>.debug_info</name>
         <load_address>0x3ef06</load_address>
         <run_address>0x3ef06</run_address>
         <size>0x11f</size>
         <input_file_ref idref="fl-c"/>
      </object_component>
      <object_component id="oc-1701">
         <name>.debug_info</name>
         <load_address>0x3f025</load_address>
         <run_address>0x3f025</run_address>
         <size>0x119</size>
         <input_file_ref idref="fl-c"/>
      </object_component>
      <object_component id="oc-170a">
         <name>.debug_info</name>
         <load_address>0x3f13e</load_address>
         <run_address>0x3f13e</run_address>
         <size>0x11b</size>
         <input_file_ref idref="fl-c"/>
      </object_component>
      <object_component id="oc-1711">
         <name>.debug_info</name>
         <load_address>0x3f259</load_address>
         <run_address>0x3f259</run_address>
         <size>0x125</size>
         <input_file_ref idref="fl-c"/>
      </object_component>
      <object_component id="oc-1820">
         <name>.debug_info</name>
         <load_address>0x3f37e</load_address>
         <run_address>0x3f37e</run_address>
         <size>0x11b</size>
         <input_file_ref idref="fl-c"/>
      </object_component>
      <object_component id="oc-179a">
         <name>.debug_info</name>
         <load_address>0x3f499</load_address>
         <run_address>0x3f499</run_address>
         <size>0x11f</size>
         <input_file_ref idref="fl-c"/>
      </object_component>
      <object_component id="oc-186c">
         <name>.debug_info</name>
         <load_address>0x3f5b8</load_address>
         <run_address>0x3f5b8</run_address>
         <size>0x11b</size>
         <input_file_ref idref="fl-c"/>
      </object_component>
      <object_component id="oc-830">
         <name>.debug_info</name>
         <load_address>0x3f6d3</load_address>
         <run_address>0x3f6d3</run_address>
         <size>0x11d</size>
         <input_file_ref idref="fl-c"/>
      </object_component>
      <object_component id="oc-1865">
         <name>.debug_info</name>
         <load_address>0x3f7f0</load_address>
         <run_address>0x3f7f0</run_address>
         <size>0x12b</size>
         <input_file_ref idref="fl-c"/>
      </object_component>
      <object_component id="oc-1862">
         <name>.debug_info</name>
         <load_address>0x3f91b</load_address>
         <run_address>0x3f91b</run_address>
         <size>0x12d</size>
         <input_file_ref idref="fl-c"/>
      </object_component>
      <object_component id="oc-1868">
         <name>.debug_info</name>
         <load_address>0x3fa48</load_address>
         <run_address>0x3fa48</run_address>
         <size>0x125</size>
         <input_file_ref idref="fl-c"/>
      </object_component>
      <object_component id="oc-185f">
         <name>.debug_info</name>
         <load_address>0x3fb6d</load_address>
         <run_address>0x3fb6d</run_address>
         <size>0x117</size>
         <input_file_ref idref="fl-c"/>
      </object_component>
      <object_component id="oc-185c">
         <name>.debug_info</name>
         <load_address>0x3fc84</load_address>
         <run_address>0x3fc84</run_address>
         <size>0x121</size>
         <input_file_ref idref="fl-c"/>
      </object_component>
      <object_component id="oc-17e1">
         <name>.debug_info</name>
         <load_address>0x3fda5</load_address>
         <run_address>0x3fda5</run_address>
         <size>0x111</size>
         <input_file_ref idref="fl-c"/>
      </object_component>
      <object_component id="oc-167c">
         <name>.debug_info</name>
         <load_address>0x3feb6</load_address>
         <run_address>0x3feb6</run_address>
         <size>0x111</size>
         <input_file_ref idref="fl-c"/>
      </object_component>
      <object_component id="oc-104a">
         <name>.debug_info</name>
         <load_address>0x3ffc7</load_address>
         <run_address>0x3ffc7</run_address>
         <size>0x11f</size>
         <input_file_ref idref="fl-c"/>
      </object_component>
      <object_component id="oc-1047">
         <name>.debug_info</name>
         <load_address>0x400e6</load_address>
         <run_address>0x400e6</run_address>
         <size>0x11b</size>
         <input_file_ref idref="fl-c"/>
      </object_component>
      <object_component id="oc-794">
         <name>.debug_info</name>
         <load_address>0x40201</load_address>
         <run_address>0x40201</run_address>
         <size>0x127</size>
         <input_file_ref idref="fl-c"/>
      </object_component>
      <object_component id="oc-791">
         <name>.debug_info</name>
         <load_address>0x40328</load_address>
         <run_address>0x40328</run_address>
         <size>0x123</size>
         <input_file_ref idref="fl-c"/>
      </object_component>
      <object_component id="oc-781">
         <name>.debug_info</name>
         <load_address>0x4044b</load_address>
         <run_address>0x4044b</run_address>
         <size>0x133</size>
         <input_file_ref idref="fl-c"/>
      </object_component>
      <object_component id="oc-784">
         <name>.debug_info</name>
         <load_address>0x4057e</load_address>
         <run_address>0x4057e</run_address>
         <size>0x135</size>
         <input_file_ref idref="fl-c"/>
      </object_component>
      <object_component id="oc-787">
         <name>.debug_info</name>
         <load_address>0x406b3</load_address>
         <run_address>0x406b3</run_address>
         <size>0x12d</size>
         <input_file_ref idref="fl-c"/>
      </object_component>
      <object_component id="oc-78d">
         <name>.debug_info</name>
         <load_address>0x407e0</load_address>
         <run_address>0x407e0</run_address>
         <size>0x11f</size>
         <input_file_ref idref="fl-c"/>
      </object_component>
      <object_component id="oc-78a">
         <name>.debug_info</name>
         <load_address>0x408ff</load_address>
         <run_address>0x408ff</run_address>
         <size>0x11f</size>
         <input_file_ref idref="fl-c"/>
      </object_component>
      <object_component id="oc-836">
         <name>.debug_info</name>
         <load_address>0x40a1e</load_address>
         <run_address>0x40a1e</run_address>
         <size>0x123</size>
         <input_file_ref idref="fl-c"/>
      </object_component>
      <object_component id="oc-9bd">
         <name>.debug_info</name>
         <load_address>0x40b41</load_address>
         <run_address>0x40b41</run_address>
         <size>0x11f</size>
         <input_file_ref idref="fl-c"/>
      </object_component>
      <object_component id="oc-839">
         <name>.debug_info</name>
         <load_address>0x40c60</load_address>
         <run_address>0x40c60</run_address>
         <size>0x12f</size>
         <input_file_ref idref="fl-c"/>
      </object_component>
      <object_component id="oc-ccb">
         <name>.debug_info</name>
         <load_address>0x40d8f</load_address>
         <run_address>0x40d8f</run_address>
         <size>0x119</size>
         <input_file_ref idref="fl-c"/>
      </object_component>
      <object_component id="oc-cd6">
         <name>.debug_info</name>
         <load_address>0x40ea8</load_address>
         <run_address>0x40ea8</run_address>
         <size>0x129</size>
         <input_file_ref idref="fl-c"/>
      </object_component>
      <object_component id="oc-83c">
         <name>.debug_info</name>
         <load_address>0x40fd1</load_address>
         <run_address>0x40fd1</run_address>
         <size>0x119</size>
         <input_file_ref idref="fl-c"/>
      </object_component>
      <object_component id="oc-1504">
         <name>.debug_info</name>
         <load_address>0x410ea</load_address>
         <run_address>0x410ea</run_address>
         <size>0x119</size>
         <input_file_ref idref="fl-c"/>
      </object_component>
      <object_component id="oc-38d">
         <name>.debug_info</name>
         <load_address>0x41203</load_address>
         <run_address>0x41203</run_address>
         <size>0x11d</size>
         <input_file_ref idref="fl-c"/>
      </object_component>
      <object_component id="oc-7d7">
         <name>.debug_info</name>
         <load_address>0x41320</load_address>
         <run_address>0x41320</run_address>
         <size>0x119</size>
         <input_file_ref idref="fl-c"/>
      </object_component>
      <object_component id="oc-1069">
         <name>.debug_info</name>
         <load_address>0x41439</load_address>
         <run_address>0x41439</run_address>
         <size>0x11b</size>
         <input_file_ref idref="fl-c"/>
      </object_component>
      <object_component id="oc-c38">
         <name>.debug_info</name>
         <load_address>0x41554</load_address>
         <run_address>0x41554</run_address>
         <size>0x12b</size>
         <input_file_ref idref="fl-c"/>
      </object_component>
      <object_component id="oc-c3b">
         <name>.debug_info</name>
         <load_address>0x4167f</load_address>
         <run_address>0x4167f</run_address>
         <size>0x12f</size>
         <input_file_ref idref="fl-c"/>
      </object_component>
      <object_component id="oc-7c7">
         <name>.debug_info</name>
         <load_address>0x417ae</load_address>
         <run_address>0x417ae</run_address>
         <size>0x11b</size>
         <input_file_ref idref="fl-c"/>
      </object_component>
      <object_component id="oc-7af">
         <name>.debug_info</name>
         <load_address>0x418c9</load_address>
         <run_address>0x418c9</run_address>
         <size>0x129</size>
         <input_file_ref idref="fl-c"/>
      </object_component>
      <object_component id="oc-7b2">
         <name>.debug_info</name>
         <load_address>0x419f2</load_address>
         <run_address>0x419f2</run_address>
         <size>0x12b</size>
         <input_file_ref idref="fl-c"/>
      </object_component>
      <object_component id="oc-7b5">
         <name>.debug_info</name>
         <load_address>0x41b1d</load_address>
         <run_address>0x41b1d</run_address>
         <size>0x123</size>
         <input_file_ref idref="fl-c"/>
      </object_component>
      <object_component id="oc-7bb">
         <name>.debug_info</name>
         <load_address>0x41c40</load_address>
         <run_address>0x41c40</run_address>
         <size>0x115</size>
         <input_file_ref idref="fl-c"/>
      </object_component>
      <object_component id="oc-1514">
         <name>.debug_info</name>
         <load_address>0x41d55</load_address>
         <run_address>0x41d55</run_address>
         <size>0x11b</size>
         <input_file_ref idref="fl-c"/>
      </object_component>
      <object_component id="oc-13de">
         <name>.debug_info</name>
         <load_address>0x41e70</load_address>
         <run_address>0x41e70</run_address>
         <size>0x11f</size>
         <input_file_ref idref="fl-c"/>
      </object_component>
      <object_component id="oc-13e1">
         <name>.debug_info</name>
         <load_address>0x41f8f</load_address>
         <run_address>0x41f8f</run_address>
         <size>0x11f</size>
         <input_file_ref idref="fl-c"/>
      </object_component>
      <object_component id="oc-7b8">
         <name>.debug_info</name>
         <load_address>0x420ae</load_address>
         <run_address>0x420ae</run_address>
         <size>0x11f</size>
         <input_file_ref idref="fl-c"/>
      </object_component>
      <object_component id="oc-7e8">
         <name>.debug_info</name>
         <load_address>0x421cd</load_address>
         <run_address>0x421cd</run_address>
         <size>0x11d</size>
         <input_file_ref idref="fl-c"/>
      </object_component>
      <object_component id="oc-7eb">
         <name>.debug_info</name>
         <load_address>0x422ea</load_address>
         <run_address>0x422ea</run_address>
         <size>0x119</size>
         <input_file_ref idref="fl-c"/>
      </object_component>
      <object_component id="oc-7be">
         <name>.debug_info</name>
         <load_address>0x42403</load_address>
         <run_address>0x42403</run_address>
         <size>0x11b</size>
         <input_file_ref idref="fl-c"/>
      </object_component>
      <object_component id="oc-9c7">
         <name>.debug_info</name>
         <load_address>0x4251e</load_address>
         <run_address>0x4251e</run_address>
         <size>0x119</size>
         <input_file_ref idref="fl-c"/>
      </object_component>
      <object_component id="oc-9d0">
         <name>.debug_info</name>
         <load_address>0x42637</load_address>
         <run_address>0x42637</run_address>
         <size>0x127</size>
         <input_file_ref idref="fl-c"/>
      </object_component>
      <object_component id="oc-7c4">
         <name>.debug_info</name>
         <load_address>0x4275e</load_address>
         <run_address>0x4275e</run_address>
         <size>0x121</size>
         <input_file_ref idref="fl-c"/>
      </object_component>
      <object_component id="oc-7c1">
         <name>.debug_info</name>
         <load_address>0x4287f</load_address>
         <run_address>0x4287f</run_address>
         <size>0x121</size>
         <input_file_ref idref="fl-c"/>
      </object_component>
      <object_component id="oc-13d4">
         <name>.debug_info</name>
         <load_address>0x429a0</load_address>
         <run_address>0x429a0</run_address>
         <size>0x11d</size>
         <input_file_ref idref="fl-c"/>
      </object_component>
      <object_component id="oc-1517">
         <name>.debug_info</name>
         <load_address>0x42abd</load_address>
         <run_address>0x42abd</run_address>
         <size>0x127</size>
         <input_file_ref idref="fl-c"/>
      </object_component>
      <object_component id="oc-b94">
         <name>.debug_info</name>
         <load_address>0x42be4</load_address>
         <run_address>0x42be4</run_address>
         <size>0x11b</size>
         <input_file_ref idref="fl-c"/>
      </object_component>
      <object_component id="oc-765">
         <name>.debug_info</name>
         <load_address>0x42cff</load_address>
         <run_address>0x42cff</run_address>
         <size>0x123</size>
         <input_file_ref idref="fl-c"/>
      </object_component>
      <object_component id="oc-762">
         <name>.debug_info</name>
         <load_address>0x42e22</load_address>
         <run_address>0x42e22</run_address>
         <size>0x125</size>
         <input_file_ref idref="fl-c"/>
      </object_component>
      <object_component id="oc-768">
         <name>.debug_info</name>
         <load_address>0x42f47</load_address>
         <run_address>0x42f47</run_address>
         <size>0x11d</size>
         <input_file_ref idref="fl-c"/>
      </object_component>
      <object_component id="oc-76e">
         <name>.debug_info</name>
         <load_address>0x43064</load_address>
         <run_address>0x43064</run_address>
         <size>0x10f</size>
         <input_file_ref idref="fl-c"/>
      </object_component>
      <object_component id="oc-76b">
         <name>.debug_info</name>
         <load_address>0x43173</load_address>
         <run_address>0x43173</run_address>
         <size>0x121</size>
         <input_file_ref idref="fl-c"/>
      </object_component>
      <object_component id="oc-166e">
         <name>.debug_info</name>
         <load_address>0x43294</load_address>
         <run_address>0x43294</run_address>
         <size>0x117</size>
         <input_file_ref idref="fl-c"/>
      </object_component>
      <object_component id="oc-1662">
         <name>.debug_info</name>
         <load_address>0x433ab</load_address>
         <run_address>0x433ab</run_address>
         <size>0x125</size>
         <input_file_ref idref="fl-c"/>
      </object_component>
      <object_component id="oc-165f">
         <name>.debug_info</name>
         <load_address>0x434d0</load_address>
         <run_address>0x434d0</run_address>
         <size>0x127</size>
         <input_file_ref idref="fl-c"/>
      </object_component>
      <object_component id="oc-1665">
         <name>.debug_info</name>
         <load_address>0x435f7</load_address>
         <run_address>0x435f7</run_address>
         <size>0x11f</size>
         <input_file_ref idref="fl-c"/>
      </object_component>
      <object_component id="oc-165c">
         <name>.debug_info</name>
         <load_address>0x43716</load_address>
         <run_address>0x43716</run_address>
         <size>0x127</size>
         <input_file_ref idref="fl-c"/>
      </object_component>
      <object_component id="oc-1668">
         <name>.debug_info</name>
         <load_address>0x4383d</load_address>
         <run_address>0x4383d</run_address>
         <size>0x11f</size>
         <input_file_ref idref="fl-c"/>
      </object_component>
      <object_component id="oc-166b">
         <name>.debug_info</name>
         <load_address>0x4395c</load_address>
         <run_address>0x4395c</run_address>
         <size>0x121</size>
         <input_file_ref idref="fl-c"/>
      </object_component>
      <object_component id="oc-1005">
         <name>.debug_info</name>
         <load_address>0x43a7d</load_address>
         <run_address>0x43a7d</run_address>
         <size>0x10f</size>
         <input_file_ref idref="fl-c"/>
      </object_component>
      <object_component id="oc-c08">
         <name>.debug_info</name>
         <load_address>0x43b8c</load_address>
         <run_address>0x43b8c</run_address>
         <size>0x10d</size>
         <input_file_ref idref="fl-c"/>
      </object_component>
      <object_component id="oc-7cb">
         <name>.debug_info</name>
         <load_address>0x43c99</load_address>
         <run_address>0x43c99</run_address>
         <size>0x109</size>
         <input_file_ref idref="fl-c"/>
      </object_component>
      <object_component id="oc-1671">
         <name>.debug_info</name>
         <load_address>0x43da2</load_address>
         <run_address>0x43da2</run_address>
         <size>0x10f</size>
         <input_file_ref idref="fl-c"/>
      </object_component>
      <object_component id="oc-1674">
         <name>.debug_info</name>
         <load_address>0x43eb1</load_address>
         <run_address>0x43eb1</run_address>
         <size>0x10d</size>
         <input_file_ref idref="fl-c"/>
      </object_component>
      <object_component id="oc-1659">
         <name>.debug_info</name>
         <load_address>0x43fbe</load_address>
         <run_address>0x43fbe</run_address>
         <size>0x107</size>
         <input_file_ref idref="fl-c"/>
      </object_component>
      <object_component id="oc-1051">
         <name>.debug_info</name>
         <load_address>0x440c5</load_address>
         <run_address>0x440c5</run_address>
         <size>0x119</size>
         <input_file_ref idref="fl-c"/>
      </object_component>
      <object_component id="oc-c05">
         <name>.debug_info</name>
         <load_address>0x441de</load_address>
         <run_address>0x441de</run_address>
         <size>0x113</size>
         <input_file_ref idref="fl-c"/>
      </object_component>
      <object_component id="oc-c02">
         <name>.debug_info</name>
         <load_address>0x442f1</load_address>
         <run_address>0x442f1</run_address>
         <size>0x125</size>
         <input_file_ref idref="fl-c"/>
      </object_component>
      <object_component id="oc-18fe">
         <name>.debug_info</name>
         <load_address>0x44416</load_address>
         <run_address>0x44416</run_address>
         <size>0x11d</size>
         <input_file_ref idref="fl-c"/>
      </object_component>
      <object_component id="oc-1f4">
         <name>.debug_info</name>
         <load_address>0x44533</load_address>
         <run_address>0x44533</run_address>
         <size>0x11b</size>
         <input_file_ref idref="fl-c"/>
      </object_component>
      <object_component id="oc-318">
         <name>.debug_info</name>
         <load_address>0x4464e</load_address>
         <run_address>0x4464e</run_address>
         <size>0x113</size>
         <input_file_ref idref="fl-c"/>
      </object_component>
      <object_component id="oc-ee6">
         <name>.debug_info</name>
         <load_address>0x44761</load_address>
         <run_address>0x44761</run_address>
         <size>0x10f</size>
         <input_file_ref idref="fl-c"/>
      </object_component>
      <object_component id="oc-ee1">
         <name>.debug_info</name>
         <load_address>0x44870</load_address>
         <run_address>0x44870</run_address>
         <size>0x10f</size>
         <input_file_ref idref="fl-c"/>
      </object_component>
      <object_component id="oc-ae6">
         <name>.debug_info</name>
         <load_address>0x4497f</load_address>
         <run_address>0x4497f</run_address>
         <size>0x113</size>
         <input_file_ref idref="fl-c"/>
      </object_component>
      <object_component id="oc-1eb">
         <name>.debug_info</name>
         <load_address>0x44a92</load_address>
         <run_address>0x44a92</run_address>
         <size>0x113</size>
         <input_file_ref idref="fl-c"/>
      </object_component>
      <object_component id="oc-1f1">
         <name>.debug_info</name>
         <load_address>0x44ba5</load_address>
         <run_address>0x44ba5</run_address>
         <size>0x111</size>
         <input_file_ref idref="fl-c"/>
      </object_component>
      <object_component id="oc-1ee">
         <name>.debug_info</name>
         <load_address>0x44cb6</load_address>
         <run_address>0x44cb6</run_address>
         <size>0x111</size>
         <input_file_ref idref="fl-c"/>
      </object_component>
      <object_component id="oc-ae3">
         <name>.debug_info</name>
         <load_address>0x44dc7</load_address>
         <run_address>0x44dc7</run_address>
         <size>0x10f</size>
         <input_file_ref idref="fl-c"/>
      </object_component>
      <object_component id="oc-ae0">
         <name>.debug_info</name>
         <load_address>0x44ed6</load_address>
         <run_address>0x44ed6</run_address>
         <size>0x10f</size>
         <input_file_ref idref="fl-c"/>
      </object_component>
      <object_component id="oc-3b6">
         <name>.debug_info</name>
         <load_address>0x44fe5</load_address>
         <run_address>0x44fe5</run_address>
         <size>0x119</size>
         <input_file_ref idref="fl-c"/>
      </object_component>
      <object_component id="oc-3b9">
         <name>.debug_info</name>
         <load_address>0x450fe</load_address>
         <run_address>0x450fe</run_address>
         <size>0x10d</size>
         <input_file_ref idref="fl-c"/>
      </object_component>
      <object_component id="oc-530">
         <name>.debug_info</name>
         <load_address>0x4520b</load_address>
         <run_address>0x4520b</run_address>
         <size>0x115</size>
         <input_file_ref idref="fl-c"/>
      </object_component>
      <object_component id="oc-3b3">
         <name>.debug_info</name>
         <load_address>0x45320</load_address>
         <run_address>0x45320</run_address>
         <size>0x113</size>
         <input_file_ref idref="fl-c"/>
      </object_component>
      <object_component id="oc-534">
         <name>.debug_info</name>
         <load_address>0x45433</load_address>
         <run_address>0x45433</run_address>
         <size>0x139</size>
         <input_file_ref idref="fl-c"/>
      </object_component>
      <object_component id="oc-274">
         <name>.debug_info</name>
         <load_address>0x4556c</load_address>
         <run_address>0x4556c</run_address>
         <size>0x119</size>
         <input_file_ref idref="fl-c"/>
      </object_component>
      <object_component id="oc-52c">
         <name>.debug_info</name>
         <load_address>0x45685</load_address>
         <run_address>0x45685</run_address>
         <size>0x11d</size>
         <input_file_ref idref="fl-c"/>
      </object_component>
      <object_component id="oc-10c8">
         <name>.debug_info</name>
         <load_address>0x457a2</load_address>
         <run_address>0x457a2</run_address>
         <size>0x121</size>
         <input_file_ref idref="fl-c"/>
      </object_component>
      <object_component id="oc-89f">
         <name>.debug_info</name>
         <load_address>0x458c3</load_address>
         <run_address>0x458c3</run_address>
         <size>0x10f</size>
         <input_file_ref idref="fl-c"/>
      </object_component>
      <object_component id="oc-bb">
         <name>.debug_info</name>
         <load_address>0x459d2</load_address>
         <run_address>0x459d2</run_address>
         <size>0x10d</size>
         <input_file_ref idref="fl-c"/>
      </object_component>
      <object_component id="oc-1491">
         <name>.debug_info</name>
         <load_address>0x45adf</load_address>
         <run_address>0x45adf</run_address>
         <size>0x111</size>
         <input_file_ref idref="fl-c"/>
      </object_component>
      <object_component id="oc-139c">
         <name>.debug_info</name>
         <load_address>0x45bf0</load_address>
         <run_address>0x45bf0</run_address>
         <size>0x109</size>
         <input_file_ref idref="fl-c"/>
      </object_component>
      <object_component id="oc-1932">
         <name>.debug_info</name>
         <load_address>0x45cf9</load_address>
         <run_address>0x45cf9</run_address>
         <size>0x109</size>
         <input_file_ref idref="fl-c"/>
      </object_component>
      <object_component id="oc-14b5">
         <name>.debug_info</name>
         <load_address>0x45e02</load_address>
         <run_address>0x45e02</run_address>
         <size>0x111</size>
         <input_file_ref idref="fl-c"/>
      </object_component>
      <object_component id="oc-14b8">
         <name>.debug_info</name>
         <load_address>0x45f13</load_address>
         <run_address>0x45f13</run_address>
         <size>0x10d</size>
         <input_file_ref idref="fl-c"/>
      </object_component>
      <object_component id="oc-14bb">
         <name>.debug_info</name>
         <load_address>0x46020</load_address>
         <run_address>0x46020</run_address>
         <size>0x10f</size>
         <input_file_ref idref="fl-c"/>
      </object_component>
      <object_component id="oc-b91">
         <name>.debug_info</name>
         <load_address>0x4612f</load_address>
         <run_address>0x4612f</run_address>
         <size>0x10b</size>
         <input_file_ref idref="fl-c"/>
      </object_component>
      <object_component id="oc-ffb">
         <name>.debug_info</name>
         <load_address>0x4623a</load_address>
         <run_address>0x4623a</run_address>
         <size>0x109</size>
         <input_file_ref idref="fl-c"/>
      </object_component>
      <object_component id="oc-192e">
         <name>.debug_info</name>
         <load_address>0x46343</load_address>
         <run_address>0x46343</run_address>
         <size>0x109</size>
         <input_file_ref idref="fl-c"/>
      </object_component>
      <object_component id="oc-16dd">
         <name>.debug_info</name>
         <load_address>0x4644c</load_address>
         <run_address>0x4644c</run_address>
         <size>0x109</size>
         <input_file_ref idref="fl-c"/>
      </object_component>
      <object_component id="oc-18de">
         <name>.debug_info</name>
         <load_address>0x46555</load_address>
         <run_address>0x46555</run_address>
         <size>0x11d</size>
         <input_file_ref idref="fl-c"/>
      </object_component>
      <object_component id="oc-18db">
         <name>.debug_info</name>
         <load_address>0x46672</load_address>
         <run_address>0x46672</run_address>
         <size>0x11f</size>
         <input_file_ref idref="fl-c"/>
      </object_component>
      <object_component id="oc-18e1">
         <name>.debug_info</name>
         <load_address>0x46791</load_address>
         <run_address>0x46791</run_address>
         <size>0x113</size>
         <input_file_ref idref="fl-c"/>
      </object_component>
      <object_component id="oc-f7c">
         <name>.debug_info</name>
         <load_address>0x468a4</load_address>
         <run_address>0x468a4</run_address>
         <size>0x12b</size>
         <input_file_ref idref="fl-c"/>
      </object_component>
      <object_component id="oc-14a9">
         <name>.debug_info</name>
         <load_address>0x469cf</load_address>
         <run_address>0x469cf</run_address>
         <size>0x123</size>
         <input_file_ref idref="fl-c"/>
      </object_component>
      <object_component id="oc-1411">
         <name>.debug_info</name>
         <load_address>0x46af2</load_address>
         <run_address>0x46af2</run_address>
         <size>0x127</size>
         <input_file_ref idref="fl-c"/>
      </object_component>
      <object_component id="oc-88a">
         <name>.debug_info</name>
         <load_address>0x46c19</load_address>
         <run_address>0x46c19</run_address>
         <size>0x12d</size>
         <input_file_ref idref="fl-c"/>
      </object_component>
      <object_component id="oc-171d">
         <name>.debug_info</name>
         <load_address>0x46d46</load_address>
         <run_address>0x46d46</run_address>
         <size>0x123</size>
         <input_file_ref idref="fl-c"/>
      </object_component>
      <object_component id="oc-17a4">
         <name>.debug_info</name>
         <load_address>0x46e69</load_address>
         <run_address>0x46e69</run_address>
         <size>0x11b</size>
         <input_file_ref idref="fl-c"/>
      </object_component>
      <object_component id="oc-bdc">
         <name>.debug_info</name>
         <load_address>0x46f84</load_address>
         <run_address>0x46f84</run_address>
         <size>0x11b</size>
         <input_file_ref idref="fl-c"/>
      </object_component>
      <object_component id="oc-383">
         <name>.debug_info</name>
         <load_address>0x4709f</load_address>
         <run_address>0x4709f</run_address>
         <size>0x123</size>
         <input_file_ref idref="fl-c"/>
      </object_component>
      <object_component id="oc-3a3">
         <name>.debug_info</name>
         <load_address>0x471c2</load_address>
         <run_address>0x471c2</run_address>
         <size>0x119</size>
         <input_file_ref idref="fl-c"/>
      </object_component>
      <object_component id="oc-1908">
         <name>.debug_info</name>
         <load_address>0x472db</load_address>
         <run_address>0x472db</run_address>
         <size>0x1cf</size>
         <input_file_ref idref="fl-c"/>
      </object_component>
      <object_component id="oc-456">
         <name>.debug_info</name>
         <load_address>0x474aa</load_address>
         <run_address>0x474aa</run_address>
         <size>0x1a1</size>
         <input_file_ref idref="fl-c"/>
      </object_component>
      <object_component id="oc-16c6">
         <name>.debug_info</name>
         <load_address>0x4764b</load_address>
         <run_address>0x4764b</run_address>
         <size>0x2b1</size>
         <input_file_ref idref="fl-c"/>
      </object_component>
      <object_component id="oc-18c7">
         <name>.debug_info</name>
         <load_address>0x478fc</load_address>
         <run_address>0x478fc</run_address>
         <size>0x1a4</size>
         <input_file_ref idref="fl-c"/>
      </object_component>
      <object_component id="oc-7f0">
         <name>.debug_info</name>
         <load_address>0x47aa0</load_address>
         <run_address>0x47aa0</run_address>
         <size>0x1bc</size>
         <input_file_ref idref="fl-c"/>
      </object_component>
      <object_component id="oc-527">
         <name>.debug_info</name>
         <load_address>0x47c5c</load_address>
         <run_address>0x47c5c</run_address>
         <size>0x1b1</size>
         <input_file_ref idref="fl-c"/>
      </object_component>
      <object_component id="oc-11b4">
         <name>.debug_info</name>
         <load_address>0x47e0d</load_address>
         <run_address>0x47e0d</run_address>
         <size>0x1be</size>
         <input_file_ref idref="fl-c"/>
      </object_component>
      <object_component id="oc-11ae">
         <name>.debug_info</name>
         <load_address>0x47fcb</load_address>
         <run_address>0x47fcb</run_address>
         <size>0x28a</size>
         <input_file_ref idref="fl-c"/>
      </object_component>
      <object_component id="oc-11ba">
         <name>.debug_info</name>
         <load_address>0x48255</load_address>
         <run_address>0x48255</run_address>
         <size>0x1d5</size>
         <input_file_ref idref="fl-c"/>
      </object_component>
      <object_component id="oc-7f8">
         <name>.debug_info</name>
         <load_address>0x4842a</load_address>
         <run_address>0x4842a</run_address>
         <size>0x1c2</size>
         <input_file_ref idref="fl-c"/>
      </object_component>
      <object_component id="oc-72">
         <name>.debug_info</name>
         <load_address>0x485ec</load_address>
         <run_address>0x485ec</run_address>
         <size>0x1f7</size>
         <input_file_ref idref="fl-c"/>
      </object_component>
      <object_component id="oc-31e">
         <name>.debug_info</name>
         <load_address>0x487e3</load_address>
         <run_address>0x487e3</run_address>
         <size>0x18e</size>
         <input_file_ref idref="fl-c"/>
      </object_component>
      <object_component id="oc-10f4">
         <name>.debug_info</name>
         <load_address>0x48971</load_address>
         <run_address>0x48971</run_address>
         <size>0x153</size>
         <input_file_ref idref="fl-c"/>
      </object_component>
      <object_component id="oc-1427">
         <name>.debug_info</name>
         <load_address>0x48ac4</load_address>
         <run_address>0x48ac4</run_address>
         <size>0x1b0</size>
         <input_file_ref idref="fl-c"/>
      </object_component>
      <object_component id="oc-10d3">
         <name>.debug_info</name>
         <load_address>0x48c74</load_address>
         <run_address>0x48c74</run_address>
         <size>0x182</size>
         <input_file_ref idref="fl-c"/>
      </object_component>
      <object_component id="oc-1420">
         <name>.debug_info</name>
         <load_address>0x48df6</load_address>
         <run_address>0x48df6</run_address>
         <size>0x1a5</size>
         <input_file_ref idref="fl-c"/>
      </object_component>
      <object_component id="oc-10cd">
         <name>.debug_info</name>
         <load_address>0x48f9b</load_address>
         <run_address>0x48f9b</run_address>
         <size>0x18c</size>
         <input_file_ref idref="fl-c"/>
      </object_component>
      <object_component id="oc-cb3">
         <name>.debug_info</name>
         <load_address>0x49127</load_address>
         <run_address>0x49127</run_address>
         <size>0x20a</size>
         <input_file_ref idref="fl-c"/>
      </object_component>
      <object_component id="oc-cba">
         <name>.debug_info</name>
         <load_address>0x49331</load_address>
         <run_address>0x49331</run_address>
         <size>0x189</size>
         <input_file_ref idref="fl-c"/>
      </object_component>
      <object_component id="oc-17d8">
         <name>.debug_info</name>
         <load_address>0x494ba</load_address>
         <run_address>0x494ba</run_address>
         <size>0x1e8</size>
         <input_file_ref idref="fl-c"/>
      </object_component>
      <object_component id="oc-10fc">
         <name>.debug_info</name>
         <load_address>0x496a2</load_address>
         <run_address>0x496a2</run_address>
         <size>0x1d3</size>
         <input_file_ref idref="fl-c"/>
      </object_component>
      <object_component id="oc-80e">
         <name>.debug_info</name>
         <load_address>0x49875</load_address>
         <run_address>0x49875</run_address>
         <size>0x1e4</size>
         <input_file_ref idref="fl-c"/>
      </object_component>
      <object_component id="oc-c95">
         <name>.debug_info</name>
         <load_address>0x49a59</load_address>
         <run_address>0x49a59</run_address>
         <size>0x18d</size>
         <input_file_ref idref="fl-c"/>
      </object_component>
      <object_component id="oc-808">
         <name>.debug_info</name>
         <load_address>0x49be6</load_address>
         <run_address>0x49be6</run_address>
         <size>0x29f</size>
         <input_file_ref idref="fl-c"/>
      </object_component>
      <object_component id="oc-14e8">
         <name>.debug_info</name>
         <load_address>0x49e85</load_address>
         <run_address>0x49e85</run_address>
         <size>0x1d5</size>
         <input_file_ref idref="fl-c"/>
      </object_component>
      <object_component id="oc-14e2">
         <name>.debug_info</name>
         <load_address>0x4a05a</load_address>
         <run_address>0x4a05a</run_address>
         <size>0x1be</size>
         <input_file_ref idref="fl-c"/>
      </object_component>
      <object_component id="oc-14dc">
         <name>.debug_info</name>
         <load_address>0x4a218</load_address>
         <run_address>0x4a218</run_address>
         <size>0x28a</size>
         <input_file_ref idref="fl-c"/>
      </object_component>
      <object_component id="oc-114c">
         <name>.debug_info</name>
         <load_address>0x4a4a2</load_address>
         <run_address>0x4a4a2</run_address>
         <size>0x1df</size>
         <input_file_ref idref="fl-c"/>
      </object_component>
      <object_component id="oc-1146">
         <name>.debug_info</name>
         <load_address>0x4a681</load_address>
         <run_address>0x4a681</run_address>
         <size>0x1c8</size>
         <input_file_ref idref="fl-c"/>
      </object_component>
      <object_component id="oc-1140">
         <name>.debug_info</name>
         <load_address>0x4a849</load_address>
         <run_address>0x4a849</run_address>
         <size>0x299</size>
         <input_file_ref idref="fl-c"/>
      </object_component>
      <object_component id="oc-10bf">
         <name>.debug_info</name>
         <load_address>0x4aae2</load_address>
         <run_address>0x4aae2</run_address>
         <size>0x1d9</size>
         <input_file_ref idref="fl-c"/>
      </object_component>
      <object_component id="oc-10b9">
         <name>.debug_info</name>
         <load_address>0x4acbb</load_address>
         <run_address>0x4acbb</run_address>
         <size>0x1c2</size>
         <input_file_ref idref="fl-c"/>
      </object_component>
      <object_component id="oc-10b3">
         <name>.debug_info</name>
         <load_address>0x4ae7d</load_address>
         <run_address>0x4ae7d</run_address>
         <size>0x290</size>
         <input_file_ref idref="fl-c"/>
      </object_component>
      <object_component id="oc-c54">
         <name>.debug_info</name>
         <load_address>0x4b10d</load_address>
         <run_address>0x4b10d</run_address>
         <size>0x1e0</size>
         <input_file_ref idref="fl-c"/>
      </object_component>
      <object_component id="oc-bfd">
         <name>.debug_info</name>
         <load_address>0x4b2ed</load_address>
         <run_address>0x4b2ed</run_address>
         <size>0x1f3</size>
         <input_file_ref idref="fl-c"/>
      </object_component>
      <object_component id="oc-222">
         <name>.debug_info</name>
         <load_address>0x4b4e0</load_address>
         <run_address>0x4b4e0</run_address>
         <size>0x2af</size>
         <input_file_ref idref="fl-c"/>
      </object_component>
      <object_component id="oc-1508">
         <name>.debug_info</name>
         <load_address>0x4b78f</load_address>
         <run_address>0x4b78f</run_address>
         <size>0x197</size>
         <input_file_ref idref="fl-c"/>
      </object_component>
      <object_component id="oc-21c">
         <name>.debug_info</name>
         <load_address>0x4b926</load_address>
         <run_address>0x4b926</run_address>
         <size>0x1d2</size>
         <input_file_ref idref="fl-c"/>
      </object_component>
      <object_component id="oc-150e">
         <name>.debug_info</name>
         <load_address>0x4baf8</load_address>
         <run_address>0x4baf8</run_address>
         <size>0x195</size>
         <input_file_ref idref="fl-c"/>
      </object_component>
      <object_component id="oc-eba">
         <name>.debug_info</name>
         <load_address>0x4bc8d</load_address>
         <run_address>0x4bc8d</run_address>
         <size>0x1cb</size>
         <input_file_ref idref="fl-c"/>
      </object_component>
      <object_component id="oc-14fe">
         <name>.debug_info</name>
         <load_address>0x4be58</load_address>
         <run_address>0x4be58</run_address>
         <size>0x193</size>
         <input_file_ref idref="fl-c"/>
      </object_component>
      <object_component id="oc-ec0">
         <name>.debug_info</name>
         <load_address>0x4bfeb</load_address>
         <run_address>0x4bfeb</run_address>
         <size>0x1c9</size>
         <input_file_ref idref="fl-c"/>
      </object_component>
      <object_component id="oc-175c">
         <name>.debug_info</name>
         <load_address>0x4c1b4</load_address>
         <run_address>0x4c1b4</run_address>
         <size>0x1ba</size>
         <input_file_ref idref="fl-c"/>
      </object_component>
      <object_component id="oc-1574">
         <name>.debug_info</name>
         <load_address>0x4c36e</load_address>
         <run_address>0x4c36e</run_address>
         <size>0x19c</size>
         <input_file_ref idref="fl-c"/>
      </object_component>
      <object_component id="oc-216">
         <name>.debug_info</name>
         <load_address>0x4c50a</load_address>
         <run_address>0x4c50a</run_address>
         <size>0x26b</size>
         <input_file_ref idref="fl-c"/>
      </object_component>
      <object_component id="oc-1593">
         <name>.debug_info</name>
         <load_address>0x4c775</load_address>
         <run_address>0x4c775</run_address>
         <size>0x25b</size>
         <input_file_ref idref="fl-c"/>
      </object_component>
      <object_component id="oc-158d">
         <name>.debug_info</name>
         <load_address>0x4c9d0</load_address>
         <run_address>0x4c9d0</run_address>
         <size>0x1dc</size>
         <input_file_ref idref="fl-c"/>
      </object_component>
      <object_component id="oc-17eb">
         <name>.debug_info</name>
         <load_address>0x4cbac</load_address>
         <run_address>0x4cbac</run_address>
         <size>0x1b2</size>
         <input_file_ref idref="fl-c"/>
      </object_component>
      <object_component id="oc-16b7">
         <name>.debug_info</name>
         <load_address>0x4cd5e</load_address>
         <run_address>0x4cd5e</run_address>
         <size>0x190</size>
         <input_file_ref idref="fl-c"/>
      </object_component>
      <object_component id="oc-778">
         <name>.debug_info</name>
         <load_address>0x4ceee</load_address>
         <run_address>0x4ceee</run_address>
         <size>0x229</size>
         <input_file_ref idref="fl-c"/>
      </object_component>
      <object_component id="oc-c12">
         <name>.debug_info</name>
         <load_address>0x4d117</load_address>
         <run_address>0x4d117</run_address>
         <size>0x197</size>
         <input_file_ref idref="fl-c"/>
      </object_component>
      <object_component id="oc-1785">
         <name>.debug_info</name>
         <load_address>0x4d2ae</load_address>
         <run_address>0x4d2ae</run_address>
         <size>0x1b2</size>
         <input_file_ref idref="fl-c"/>
      </object_component>
      <object_component id="oc-15e6">
         <name>.debug_info</name>
         <load_address>0x4d460</load_address>
         <run_address>0x4d460</run_address>
         <size>0x190</size>
         <input_file_ref idref="fl-c"/>
      </object_component>
      <object_component id="oc-15f9">
         <name>.debug_info</name>
         <load_address>0x4d5f0</load_address>
         <run_address>0x4d5f0</run_address>
         <size>0x26a</size>
         <input_file_ref idref="fl-c"/>
      </object_component>
      <object_component id="oc-14f7">
         <name>.debug_info</name>
         <load_address>0x4d85a</load_address>
         <run_address>0x4d85a</run_address>
         <size>0x1c5</size>
         <input_file_ref idref="fl-c"/>
      </object_component>
      <object_component id="oc-14f1">
         <name>.debug_info</name>
         <load_address>0x4da1f</load_address>
         <run_address>0x4da1f</run_address>
         <size>0x193</size>
         <input_file_ref idref="fl-c"/>
      </object_component>
      <object_component id="oc-15f3">
         <name>.debug_info</name>
         <load_address>0x4dbb2</load_address>
         <run_address>0x4dbb2</run_address>
         <size>0x1d4</size>
         <input_file_ref idref="fl-c"/>
      </object_component>
      <object_component id="oc-ac2">
         <name>.debug_info</name>
         <load_address>0x4dd86</load_address>
         <run_address>0x4dd86</run_address>
         <size>0x19f</size>
         <input_file_ref idref="fl-c"/>
      </object_component>
      <object_component id="oc-16f2">
         <name>.debug_info</name>
         <load_address>0x4df25</load_address>
         <run_address>0x4df25</run_address>
         <size>0x1ca</size>
         <input_file_ref idref="fl-c"/>
      </object_component>
      <object_component id="oc-16ec">
         <name>.debug_info</name>
         <load_address>0x4e0ef</load_address>
         <run_address>0x4e0ef</run_address>
         <size>0x1bf</size>
         <input_file_ref idref="fl-c"/>
      </object_component>
      <object_component id="oc-b47">
         <name>.debug_info</name>
         <load_address>0x4e2ae</load_address>
         <run_address>0x4e2ae</run_address>
         <size>0x1e4</size>
         <input_file_ref idref="fl-c"/>
      </object_component>
      <object_component id="oc-1525">
         <name>.debug_info</name>
         <load_address>0x4e492</load_address>
         <run_address>0x4e492</run_address>
         <size>0x187</size>
         <input_file_ref idref="fl-c"/>
      </object_component>
      <object_component id="oc-ec6">
         <name>.debug_info</name>
         <load_address>0x4e619</load_address>
         <run_address>0x4e619</run_address>
         <size>0x1dd</size>
         <input_file_ref idref="fl-c"/>
      </object_component>
      <object_component id="oc-43d">
         <name>.debug_info</name>
         <load_address>0x4e7f6</load_address>
         <run_address>0x4e7f6</run_address>
         <size>0x254</size>
         <input_file_ref idref="fl-c"/>
      </object_component>
      <object_component id="oc-437">
         <name>.debug_info</name>
         <load_address>0x4ea4a</load_address>
         <run_address>0x4ea4a</run_address>
         <size>0x1e6</size>
         <input_file_ref idref="fl-c"/>
      </object_component>
      <object_component id="oc-1755">
         <name>.debug_info</name>
         <load_address>0x4ec30</load_address>
         <run_address>0x4ec30</run_address>
         <size>0x1c2</size>
         <input_file_ref idref="fl-c"/>
      </object_component>
      <object_component id="oc-156d">
         <name>.debug_info</name>
         <load_address>0x4edf2</load_address>
         <run_address>0x4edf2</run_address>
         <size>0x1a8</size>
         <input_file_ref idref="fl-c"/>
      </object_component>
      <object_component id="oc-b4d">
         <name>.debug_info</name>
         <load_address>0x4ef9a</load_address>
         <run_address>0x4ef9a</run_address>
         <size>0x2f5</size>
         <input_file_ref idref="fl-c"/>
      </object_component>
      <object_component id="oc-151b">
         <name>.debug_info</name>
         <load_address>0x4f28f</load_address>
         <run_address>0x4f28f</run_address>
         <size>0x1a7</size>
         <input_file_ref idref="fl-c"/>
      </object_component>
      <object_component id="oc-148">
         <name>.debug_info</name>
         <load_address>0x4f436</load_address>
         <run_address>0x4f436</run_address>
         <size>0x164e</size>
         <input_file_ref idref="fl-c"/>
      </object_component>
      <object_component id="oc-14d">
         <name>.debug_info</name>
         <load_address>0x50a84</load_address>
         <run_address>0x50a84</run_address>
         <size>0x1e2</size>
         <input_file_ref idref="fl-c"/>
      </object_component>
      <object_component id="oc-11b">
         <name>.debug_info</name>
         <load_address>0x50c66</load_address>
         <run_address>0x50c66</run_address>
         <size>0x68a</size>
         <input_file_ref idref="fl-c"/>
      </object_component>
      <object_component id="oc-120">
         <name>.debug_info</name>
         <load_address>0x512f0</load_address>
         <run_address>0x512f0</run_address>
         <size>0xd77</size>
         <input_file_ref idref="fl-c"/>
      </object_component>
      <object_component id="oc-152">
         <name>.debug_info</name>
         <load_address>0x52067</load_address>
         <run_address>0x52067</run_address>
         <size>0x302</size>
         <input_file_ref idref="fl-c"/>
      </object_component>
      <object_component id="oc-157">
         <name>.debug_info</name>
         <load_address>0x52369</load_address>
         <run_address>0x52369</run_address>
         <size>0x1c69</size>
         <input_file_ref idref="fl-c"/>
      </object_component>
      <object_component id="oc-da">
         <name>.debug_info</name>
         <load_address>0x53fd2</load_address>
         <run_address>0x53fd2</run_address>
         <size>0x398</size>
         <input_file_ref idref="fl-c"/>
      </object_component>
      <object_component id="oc-15c">
         <name>.debug_info</name>
         <load_address>0x5436a</load_address>
         <run_address>0x5436a</run_address>
         <size>0x167</size>
         <input_file_ref idref="fl-c"/>
      </object_component>
      <object_component id="oc-161">
         <name>.debug_info</name>
         <load_address>0x544d1</load_address>
         <run_address>0x544d1</run_address>
         <size>0x206</size>
         <input_file_ref idref="fl-c"/>
      </object_component>
      <object_component id="oc-166">
         <name>.debug_info</name>
         <load_address>0x546d7</load_address>
         <run_address>0x546d7</run_address>
         <size>0x1b4</size>
         <input_file_ref idref="fl-c"/>
      </object_component>
      <object_component id="oc-16b">
         <name>.debug_info</name>
         <load_address>0x5488b</load_address>
         <run_address>0x5488b</run_address>
         <size>0xa72</size>
         <input_file_ref idref="fl-c"/>
      </object_component>
      <object_component id="oc-170">
         <name>.debug_info</name>
         <load_address>0x552fd</load_address>
         <run_address>0x552fd</run_address>
         <size>0x13f</size>
         <input_file_ref idref="fl-c"/>
      </object_component>
      <object_component id="oc-175">
         <name>.debug_info</name>
         <load_address>0x5543c</load_address>
         <run_address>0x5543c</run_address>
         <size>0x25b</size>
         <input_file_ref idref="fl-c"/>
      </object_component>
      <object_component id="oc-17a">
         <name>.debug_info</name>
         <load_address>0x55697</load_address>
         <run_address>0x55697</run_address>
         <size>0x319</size>
         <input_file_ref idref="fl-c"/>
      </object_component>
      <object_component id="oc-17f">
         <name>.debug_info</name>
         <load_address>0x559b0</load_address>
         <run_address>0x559b0</run_address>
         <size>0x2ba</size>
         <input_file_ref idref="fl-c"/>
      </object_component>
      <object_component id="oc-2f4">
         <name>.debug_info</name>
         <load_address>0x55c6a</load_address>
         <run_address>0x55c6a</run_address>
         <size>0x481</size>
         <input_file_ref idref="fl-c"/>
      </object_component>
      <object_component id="oc-107">
         <name>.debug_info</name>
         <load_address>0x560eb</load_address>
         <run_address>0x560eb</run_address>
         <size>0x4f2</size>
         <input_file_ref idref="fl-c"/>
      </object_component>
      <object_component id="oc-2a9">
         <name>.debug_info</name>
         <load_address>0x565dd</load_address>
         <run_address>0x565dd</run_address>
         <size>0x237</size>
         <input_file_ref idref="fl-c"/>
      </object_component>
      <object_component id="oc-184">
         <name>.debug_info</name>
         <load_address>0x56814</load_address>
         <run_address>0x56814</run_address>
         <size>0x44a</size>
         <input_file_ref idref="fl-c"/>
      </object_component>
      <object_component id="oc-111">
         <name>.debug_info</name>
         <load_address>0x56c5e</load_address>
         <run_address>0x56c5e</run_address>
         <size>0x55e</size>
         <input_file_ref idref="fl-c"/>
      </object_component>
      <object_component id="oc-2b3">
         <name>.debug_info</name>
         <load_address>0x571bc</load_address>
         <run_address>0x571bc</run_address>
         <size>0x31f</size>
         <input_file_ref idref="fl-c"/>
      </object_component>
      <object_component id="oc-189">
         <name>.debug_info</name>
         <load_address>0x574db</load_address>
         <run_address>0x574db</run_address>
         <size>0x167</size>
         <input_file_ref idref="fl-c"/>
      </object_component>
      <object_component id="oc-2bd">
         <name>.debug_info</name>
         <load_address>0x57642</load_address>
         <run_address>0x57642</run_address>
         <size>0x167</size>
         <input_file_ref idref="fl-c"/>
      </object_component>
      <object_component id="oc-18e">
         <name>.debug_info</name>
         <load_address>0x577a9</load_address>
         <run_address>0x577a9</run_address>
         <size>0x20b</size>
         <input_file_ref idref="fl-c"/>
      </object_component>
      <object_component id="oc-193">
         <name>.debug_info</name>
         <load_address>0x579b4</load_address>
         <run_address>0x579b4</run_address>
         <size>0x437</size>
         <input_file_ref idref="fl-c"/>
      </object_component>
      <object_component id="oc-19d">
         <name>.debug_info</name>
         <load_address>0x57deb</load_address>
         <run_address>0x57deb</run_address>
         <size>0x1c4</size>
         <input_file_ref idref="fl-c"/>
      </object_component>
      <object_component id="oc-1a2">
         <name>.debug_info</name>
         <load_address>0x57faf</load_address>
         <run_address>0x57faf</run_address>
         <size>0x109</size>
         <input_file_ref idref="fl-c"/>
      </object_component>
      <object_component id="oc-1ac">
         <name>.debug_info</name>
         <load_address>0x580b8</load_address>
         <run_address>0x580b8</run_address>
         <size>0x2c5</size>
         <input_file_ref idref="fl-c"/>
      </object_component>
      <object_component id="oc-1c0">
         <name>.debug_info</name>
         <load_address>0x5837d</load_address>
         <run_address>0x5837d</run_address>
         <size>0x191</size>
         <input_file_ref idref="fl-c"/>
      </object_component>
      <object_component id="oc-1c5">
         <name>.debug_info</name>
         <load_address>0x5850e</load_address>
         <run_address>0x5850e</run_address>
         <size>0x18e</size>
         <input_file_ref idref="fl-c"/>
      </object_component>
      <object_component id="oc-1ca">
         <name>.debug_info</name>
         <load_address>0x5869c</load_address>
         <run_address>0x5869c</run_address>
         <size>0x26d</size>
         <input_file_ref idref="fl-c"/>
      </object_component>
      <object_component id="oc-13e">
         <name>.debug_info</name>
         <load_address>0x58909</load_address>
         <run_address>0x58909</run_address>
         <size>0x2a0</size>
         <input_file_ref idref="fl-c"/>
      </object_component>
      <object_component id="oc-12f">
         <name>.debug_info</name>
         <load_address>0x58ba9</load_address>
         <run_address>0x58ba9</run_address>
         <size>0x347</size>
         <input_file_ref idref="fl-c"/>
      </object_component>
      <object_component id="oc-16cc">
         <name>.debug_info</name>
         <load_address>0x58ef0</load_address>
         <run_address>0x58ef0</run_address>
         <size>0x39</size>
         <input_file_ref idref="fl-c"/>
      </object_component>
      <object_component id="oc-2fe">
         <name>.debug_info</name>
         <load_address>0x58f29</load_address>
         <run_address>0x58f29</run_address>
         <size>0x8a</size>
         <input_file_ref idref="fl-c"/>
      </object_component>
      <object_component id="oc-1d4">
         <name>.debug_info</name>
         <load_address>0x58fb3</load_address>
         <run_address>0x58fb3</run_address>
         <size>0x6d</size>
         <input_file_ref idref="fl-c"/>
      </object_component>
      <object_component id="oc-e9">
         <name>.debug_info</name>
         <load_address>0x59020</load_address>
         <run_address>0x59020</run_address>
         <size>0x1f6</size>
         <input_file_ref idref="fl-c"/>
      </object_component>
      <object_component id="oc-fd">
         <name>.debug_info</name>
         <load_address>0x59216</load_address>
         <run_address>0x59216</run_address>
         <size>0x117</size>
         <input_file_ref idref="fl-c"/>
      </object_component>
      <object_component id="oc-102">
         <name>.debug_info</name>
         <load_address>0x5932d</load_address>
         <run_address>0x5932d</run_address>
         <size>0x440</size>
         <input_file_ref idref="fl-c"/>
      </object_component>
      <object_component id="oc-1cf">
         <name>.debug_info</name>
         <load_address>0x5976d</load_address>
         <run_address>0x5976d</run_address>
         <size>0x408</size>
         <input_file_ref idref="fl-c"/>
      </object_component>
      <object_component id="oc-10c">
         <name>.debug_info</name>
         <load_address>0x59b75</load_address>
         <run_address>0x59b75</run_address>
         <size>0x416</size>
         <input_file_ref idref="fl-c"/>
      </object_component>
      <object_component id="oc-1d9">
         <name>.debug_info</name>
         <load_address>0x59f8b</load_address>
         <run_address>0x59f8b</run_address>
         <size>0x24c</size>
         <input_file_ref idref="fl-c"/>
      </object_component>
      <object_component id="oc-116">
         <name>.debug_info</name>
         <load_address>0x5a1d7</load_address>
         <run_address>0x5a1d7</run_address>
         <size>0x3a2</size>
         <input_file_ref idref="fl-c"/>
      </object_component>
      <object_component id="oc-139">
         <name>.debug_info</name>
         <load_address>0x5a579</load_address>
         <run_address>0x5a579</run_address>
         <size>0xade</size>
         <input_file_ref idref="fl-c"/>
      </object_component>
      <object_component id="oc-541">
         <name>.debug_info</name>
         <load_address>0x5b057</load_address>
         <run_address>0x5b057</run_address>
         <size>0x1d8</size>
         <input_file_ref idref="fl-1b"/>
      </object_component>
      <object_component id="oc-4d8">
         <name>.debug_info</name>
         <load_address>0x5b22f</load_address>
         <run_address>0x5b22f</run_address>
         <size>0x2d0</size>
         <input_file_ref idref="fl-1b"/>
      </object_component>
      <object_component id="oc-a12">
         <name>.debug_info</name>
         <load_address>0x5b4ff</load_address>
         <run_address>0x5b4ff</run_address>
         <size>0x1ea6</size>
         <input_file_ref idref="fl-1b"/>
      </object_component>
      <object_component id="oc-baf">
         <name>.debug_info</name>
         <load_address>0x5d3a5</load_address>
         <run_address>0x5d3a5</run_address>
         <size>0x2c</size>
         <input_file_ref idref="fl-1b"/>
      </object_component>
      <object_component id="oc-27f">
         <name>.debug_info</name>
         <load_address>0x5d3d1</load_address>
         <run_address>0x5d3d1</run_address>
         <size>0x4e</size>
         <input_file_ref idref="fl-1b"/>
      </object_component>
      <object_component id="oc-9d4">
         <name>.debug_info</name>
         <load_address>0x5d41f</load_address>
         <run_address>0x5d41f</run_address>
         <size>0x1ce</size>
         <input_file_ref idref="fl-1c"/>
      </object_component>
      <object_component id="oc-4ae">
         <name>.debug_info</name>
         <load_address>0x5d5ed</load_address>
         <run_address>0x5d5ed</run_address>
         <size>0x235</size>
         <input_file_ref idref="fl-1c"/>
      </object_component>
      <object_component id="oc-a2c">
         <name>.debug_info</name>
         <load_address>0x5d822</load_address>
         <run_address>0x5d822</run_address>
         <size>0x1dc</size>
         <input_file_ref idref="fl-1d"/>
      </object_component>
      <object_component id="oc-4f6">
         <name>.debug_info</name>
         <load_address>0x5d9fe</load_address>
         <run_address>0x5d9fe</run_address>
         <size>0x4c1</size>
         <input_file_ref idref="fl-1d"/>
      </object_component>
      <object_component id="oc-a19">
         <name>.debug_info</name>
         <load_address>0x5debf</load_address>
         <run_address>0x5debf</run_address>
         <size>0x1d9</size>
         <input_file_ref idref="fl-1e"/>
      </object_component>
      <object_component id="oc-4d2">
         <name>.debug_info</name>
         <load_address>0x5e098</load_address>
         <run_address>0x5e098</run_address>
         <size>0x32d</size>
         <input_file_ref idref="fl-1e"/>
      </object_component>
      <object_component id="oc-e7a">
         <name>.debug_info</name>
         <load_address>0x5e3c5</load_address>
         <run_address>0x5e3c5</run_address>
         <size>0x1da</size>
         <input_file_ref idref="fl-1f"/>
      </object_component>
      <object_component id="oc-9dc">
         <name>.debug_info</name>
         <load_address>0x5e59f</load_address>
         <run_address>0x5e59f</run_address>
         <size>0x2b3</size>
         <input_file_ref idref="fl-1f"/>
      </object_component>
      <object_component id="oc-a17">
         <name>.debug_info</name>
         <load_address>0x5e852</load_address>
         <run_address>0x5e852</run_address>
         <size>0x1d8</size>
         <input_file_ref idref="fl-20"/>
      </object_component>
      <object_component id="oc-4cc">
         <name>.debug_info</name>
         <load_address>0x5ea2a</load_address>
         <run_address>0x5ea2a</run_address>
         <size>0x2d0</size>
         <input_file_ref idref="fl-20"/>
      </object_component>
      <object_component id="oc-a2a">
         <name>.debug_info</name>
         <load_address>0x5ecfa</load_address>
         <run_address>0x5ecfa</run_address>
         <size>0x1da</size>
         <input_file_ref idref="fl-21"/>
      </object_component>
      <object_component id="oc-4f0">
         <name>.debug_info</name>
         <load_address>0x5eed4</load_address>
         <run_address>0x5eed4</run_address>
         <size>0x256</size>
         <input_file_ref idref="fl-21"/>
      </object_component>
      <object_component id="oc-891">
         <name>.debug_info</name>
         <load_address>0x5f12a</load_address>
         <run_address>0x5f12a</run_address>
         <size>0x217</size>
         <input_file_ref idref="fl-22"/>
      </object_component>
      <object_component id="oc-733">
         <name>.debug_info</name>
         <load_address>0x5f341</load_address>
         <run_address>0x5f341</run_address>
         <size>0x11e</size>
         <input_file_ref idref="fl-22"/>
      </object_component>
      <object_component id="oc-88e">
         <name>.debug_info</name>
         <load_address>0x5f45f</load_address>
         <run_address>0x5f45f</run_address>
         <size>0x12f</size>
         <input_file_ref idref="fl-22"/>
      </object_component>
      <object_component id="oc-1164">
         <name>.debug_info</name>
         <load_address>0x5f58e</load_address>
         <run_address>0x5f58e</run_address>
         <size>0x19b</size>
         <input_file_ref idref="fl-22"/>
      </object_component>
      <object_component id="oc-449">
         <name>.debug_info</name>
         <load_address>0x5f729</load_address>
         <run_address>0x5f729</run_address>
         <size>0x19a</size>
         <input_file_ref idref="fl-22"/>
      </object_component>
      <object_component id="oc-34f">
         <name>.debug_info</name>
         <load_address>0x5f8c3</load_address>
         <run_address>0x5f8c3</run_address>
         <size>0x146</size>
         <input_file_ref idref="fl-22"/>
      </object_component>
      <object_component id="oc-443">
         <name>.debug_info</name>
         <load_address>0x5fa09</load_address>
         <run_address>0x5fa09</run_address>
         <size>0x162</size>
         <input_file_ref idref="fl-22"/>
      </object_component>
      <object_component id="oc-d58">
         <name>.debug_info</name>
         <load_address>0x5fb6b</load_address>
         <run_address>0x5fb6b</run_address>
         <size>0x110</size>
         <input_file_ref idref="fl-22"/>
      </object_component>
      <object_component id="oc-893">
         <name>.debug_info</name>
         <load_address>0x5fc7b</load_address>
         <run_address>0x5fc7b</run_address>
         <size>0x2fb</size>
         <input_file_ref idref="fl-22"/>
      </object_component>
      <object_component id="oc-877">
         <name>.debug_info</name>
         <load_address>0x5ff76</load_address>
         <run_address>0x5ff76</run_address>
         <size>0x216</size>
         <input_file_ref idref="fl-26"/>
      </object_component>
      <object_component id="oc-73a">
         <name>.debug_info</name>
         <load_address>0x6018c</load_address>
         <run_address>0x6018c</run_address>
         <size>0x121</size>
         <input_file_ref idref="fl-26"/>
      </object_component>
      <object_component id="oc-8aa">
         <name>.debug_info</name>
         <load_address>0x602ad</load_address>
         <run_address>0x602ad</run_address>
         <size>0x132</size>
         <input_file_ref idref="fl-26"/>
      </object_component>
      <object_component id="oc-422">
         <name>.debug_info</name>
         <load_address>0x603df</load_address>
         <run_address>0x603df</run_address>
         <size>0x1a1</size>
         <input_file_ref idref="fl-26"/>
      </object_component>
      <object_component id="oc-461">
         <name>.debug_info</name>
         <load_address>0x60580</load_address>
         <run_address>0x60580</run_address>
         <size>0x19f</size>
         <input_file_ref idref="fl-26"/>
      </object_component>
      <object_component id="oc-356">
         <name>.debug_info</name>
         <load_address>0x6071f</load_address>
         <run_address>0x6071f</run_address>
         <size>0x14b</size>
         <input_file_ref idref="fl-26"/>
      </object_component>
      <object_component id="oc-45b">
         <name>.debug_info</name>
         <load_address>0x6086a</load_address>
         <run_address>0x6086a</run_address>
         <size>0x167</size>
         <input_file_ref idref="fl-26"/>
      </object_component>
      <object_component id="oc-375">
         <name>.debug_info</name>
         <load_address>0x609d1</load_address>
         <run_address>0x609d1</run_address>
         <size>0x9aa</size>
         <input_file_ref idref="fl-29"/>
      </object_component>
      <object_component id="oc-71e">
         <name>.debug_info</name>
         <load_address>0x6137b</load_address>
         <run_address>0x6137b</run_address>
         <size>0x162</size>
         <input_file_ref idref="fl-29"/>
      </object_component>
      <object_component id="oc-34b">
         <name>.debug_info</name>
         <load_address>0x614dd</load_address>
         <run_address>0x614dd</run_address>
         <size>0x138</size>
         <input_file_ref idref="fl-29"/>
      </object_component>
      <object_component id="oc-71b">
         <name>.debug_info</name>
         <load_address>0x61615</load_address>
         <run_address>0x61615</run_address>
         <size>0x142</size>
         <input_file_ref idref="fl-29"/>
      </object_component>
      <object_component id="oc-210">
         <name>.debug_info</name>
         <load_address>0x61757</load_address>
         <run_address>0x61757</run_address>
         <size>0x23b</size>
         <input_file_ref idref="fl-29"/>
      </object_component>
      <object_component id="oc-33c">
         <name>.debug_info</name>
         <load_address>0x61992</load_address>
         <run_address>0x61992</run_address>
         <size>0x449</size>
         <input_file_ref idref="fl-29"/>
      </object_component>
      <object_component id="oc-342">
         <name>.debug_info</name>
         <load_address>0x61ddb</load_address>
         <run_address>0x61ddb</run_address>
         <size>0x224</size>
         <input_file_ref idref="fl-29"/>
      </object_component>
      <object_component id="oc-1fe">
         <name>.debug_info</name>
         <load_address>0x61fff</load_address>
         <run_address>0x61fff</run_address>
         <size>0x1aa</size>
         <input_file_ref idref="fl-29"/>
      </object_component>
      <object_component id="oc-721">
         <name>.debug_info</name>
         <load_address>0x621a9</load_address>
         <run_address>0x621a9</run_address>
         <size>0x23f</size>
         <input_file_ref idref="fl-29"/>
      </object_component>
      <object_component id="oc-553">
         <name>.debug_info</name>
         <load_address>0x623e8</load_address>
         <run_address>0x623e8</run_address>
         <size>0x103e</size>
         <input_file_ref idref="fl-29"/>
      </object_component>
      <object_component id="oc-750">
         <name>.debug_info</name>
         <load_address>0x63426</load_address>
         <run_address>0x63426</run_address>
         <size>0xb3</size>
         <input_file_ref idref="fl-29"/>
      </object_component>
      <object_component id="oc-fb2">
         <name>.debug_info</name>
         <load_address>0x634d9</load_address>
         <run_address>0x634d9</run_address>
         <size>0xd07</size>
         <input_file_ref idref="fl-2a"/>
      </object_component>
      <object_component id="oc-b6c">
         <name>.debug_info</name>
         <load_address>0x641e0</load_address>
         <run_address>0x641e0</run_address>
         <size>0x15b</size>
         <input_file_ref idref="fl-2a"/>
      </object_component>
      <object_component id="oc-1297">
         <name>.debug_info</name>
         <load_address>0x6433b</load_address>
         <run_address>0x6433b</run_address>
         <size>0x28c</size>
         <input_file_ref idref="fl-2a"/>
      </object_component>
      <object_component id="oc-12d1">
         <name>.debug_info</name>
         <load_address>0x645c7</load_address>
         <run_address>0x645c7</run_address>
         <size>0x2c0</size>
         <input_file_ref idref="fl-2a"/>
      </object_component>
      <object_component id="oc-12dd">
         <name>.debug_info</name>
         <load_address>0x64887</load_address>
         <run_address>0x64887</run_address>
         <size>0x1eb</size>
         <input_file_ref idref="fl-2a"/>
      </object_component>
      <object_component id="oc-12ef">
         <name>.debug_info</name>
         <load_address>0x64a72</load_address>
         <run_address>0x64a72</run_address>
         <size>0x2b9</size>
         <input_file_ref idref="fl-2a"/>
      </object_component>
      <object_component id="oc-fab">
         <name>.debug_info</name>
         <load_address>0x64d2b</load_address>
         <run_address>0x64d2b</run_address>
         <size>0x319</size>
         <input_file_ref idref="fl-2a"/>
      </object_component>
      <object_component id="oc-f93">
         <name>.debug_info</name>
         <load_address>0x65044</load_address>
         <run_address>0x65044</run_address>
         <size>0x2bb</size>
         <input_file_ref idref="fl-2a"/>
      </object_component>
      <object_component id="oc-fa5">
         <name>.debug_info</name>
         <load_address>0x652ff</load_address>
         <run_address>0x652ff</run_address>
         <size>0x4bd</size>
         <input_file_ref idref="fl-2a"/>
      </object_component>
      <object_component id="oc-f9f">
         <name>.debug_info</name>
         <load_address>0x657bc</load_address>
         <run_address>0x657bc</run_address>
         <size>0x196</size>
         <input_file_ref idref="fl-2a"/>
      </object_component>
      <object_component id="oc-f99">
         <name>.debug_info</name>
         <load_address>0x65952</load_address>
         <run_address>0x65952</run_address>
         <size>0x1a9</size>
         <input_file_ref idref="fl-2a"/>
      </object_component>
      <object_component id="oc-f8d">
         <name>.debug_info</name>
         <load_address>0x65afb</load_address>
         <run_address>0x65afb</run_address>
         <size>0x31e</size>
         <input_file_ref idref="fl-2a"/>
      </object_component>
      <object_component id="oc-15ca">
         <name>.debug_info</name>
         <load_address>0x65e19</load_address>
         <run_address>0x65e19</run_address>
         <size>0x21f</size>
         <input_file_ref idref="fl-2a"/>
      </object_component>
      <object_component id="oc-12d7">
         <name>.debug_info</name>
         <load_address>0x66038</load_address>
         <run_address>0x66038</run_address>
         <size>0x40a</size>
         <input_file_ref idref="fl-2a"/>
      </object_component>
      <object_component id="oc-12e3">
         <name>.debug_info</name>
         <load_address>0x66442</load_address>
         <run_address>0x66442</run_address>
         <size>0x62</size>
         <input_file_ref idref="fl-2a"/>
      </object_component>
      <object_component id="oc-6cc">
         <name>.debug_info</name>
         <load_address>0x664a4</load_address>
         <run_address>0x664a4</run_address>
         <size>0x8cb</size>
         <input_file_ref idref="fl-2b"/>
      </object_component>
      <object_component id="oc-335">
         <name>.debug_info</name>
         <load_address>0x66d6f</load_address>
         <run_address>0x66d6f</run_address>
         <size>0x13f</size>
         <input_file_ref idref="fl-2b"/>
      </object_component>
      <object_component id="oc-6c9">
         <name>.debug_info</name>
         <load_address>0x66eae</load_address>
         <run_address>0x66eae</run_address>
         <size>0x147</size>
         <input_file_ref idref="fl-2b"/>
      </object_component>
      <object_component id="oc-12ac">
         <name>.debug_info</name>
         <load_address>0x66ff5</load_address>
         <run_address>0x66ff5</run_address>
         <size>0x209</size>
         <input_file_ref idref="fl-2b"/>
      </object_component>
      <object_component id="oc-f45">
         <name>.debug_info</name>
         <load_address>0x671fe</load_address>
         <run_address>0x671fe</run_address>
         <size>0x20b</size>
         <input_file_ref idref="fl-2b"/>
      </object_component>
      <object_component id="oc-b28">
         <name>.debug_info</name>
         <load_address>0x67409</load_address>
         <run_address>0x67409</run_address>
         <size>0x555</size>
         <input_file_ref idref="fl-2b"/>
      </object_component>
      <object_component id="oc-b22">
         <name>.debug_info</name>
         <load_address>0x6795e</load_address>
         <run_address>0x6795e</run_address>
         <size>0x18b</size>
         <input_file_ref idref="fl-2b"/>
      </object_component>
      <object_component id="oc-12b5">
         <name>.debug_info</name>
         <load_address>0x67ae9</load_address>
         <run_address>0x67ae9</run_address>
         <size>0x1ea</size>
         <input_file_ref idref="fl-2b"/>
      </object_component>
      <object_component id="oc-1281">
         <name>.debug_info</name>
         <load_address>0x67cd3</load_address>
         <run_address>0x67cd3</run_address>
         <size>0x205</size>
         <input_file_ref idref="fl-2b"/>
      </object_component>
      <object_component id="oc-12c1">
         <name>.debug_info</name>
         <load_address>0x67ed8</load_address>
         <run_address>0x67ed8</run_address>
         <size>0x277</size>
         <input_file_ref idref="fl-2b"/>
      </object_component>
      <object_component id="oc-32b">
         <name>.debug_info</name>
         <load_address>0x6814f</load_address>
         <run_address>0x6814f</run_address>
         <size>0x43e</size>
         <input_file_ref idref="fl-2b"/>
      </object_component>
      <object_component id="oc-1fa">
         <name>.debug_info</name>
         <load_address>0x6858d</load_address>
         <run_address>0x6858d</run_address>
         <size>0x1a6</size>
         <input_file_ref idref="fl-2b"/>
      </object_component>
      <object_component id="oc-1889">
         <name>.debug_info</name>
         <load_address>0x68733</load_address>
         <run_address>0x68733</run_address>
         <size>0x17f</size>
         <input_file_ref idref="fl-2b"/>
      </object_component>
      <object_component id="oc-1287">
         <name>.debug_info</name>
         <load_address>0x688b2</load_address>
         <run_address>0x688b2</run_address>
         <size>0x18f</size>
         <input_file_ref idref="fl-2b"/>
      </object_component>
      <object_component id="oc-12bc">
         <name>.debug_info</name>
         <load_address>0x68a41</load_address>
         <run_address>0x68a41</run_address>
         <size>0x198</size>
         <input_file_ref idref="fl-2b"/>
      </object_component>
      <object_component id="oc-128e">
         <name>.debug_info</name>
         <load_address>0x68bd9</load_address>
         <run_address>0x68bd9</run_address>
         <size>0x1d0</size>
         <input_file_ref idref="fl-2b"/>
      </object_component>
      <object_component id="oc-ff3">
         <name>.debug_info</name>
         <load_address>0x68da9</load_address>
         <run_address>0x68da9</run_address>
         <size>0xe3b</size>
         <input_file_ref idref="fl-2f"/>
      </object_component>
      <object_component id="oc-b77">
         <name>.debug_info</name>
         <load_address>0x69be4</load_address>
         <run_address>0x69be4</run_address>
         <size>0x13f</size>
         <input_file_ref idref="fl-2f"/>
      </object_component>
      <object_component id="oc-136c">
         <name>.debug_info</name>
         <load_address>0x69d23</load_address>
         <run_address>0x69d23</run_address>
         <size>0x154</size>
         <input_file_ref idref="fl-2f"/>
      </object_component>
      <object_component id="oc-1612">
         <name>.debug_info</name>
         <load_address>0x69e77</load_address>
         <run_address>0x69e77</run_address>
         <size>0x12e</size>
         <input_file_ref idref="fl-2f"/>
      </object_component>
      <object_component id="oc-135a">
         <name>.debug_info</name>
         <load_address>0x69fa5</load_address>
         <run_address>0x69fa5</run_address>
         <size>0x1df</size>
         <input_file_ref idref="fl-2f"/>
      </object_component>
      <object_component id="oc-1366">
         <name>.debug_info</name>
         <load_address>0x6a184</load_address>
         <run_address>0x6a184</run_address>
         <size>0x1c8</size>
         <input_file_ref idref="fl-2f"/>
      </object_component>
      <object_component id="oc-1360">
         <name>.debug_info</name>
         <load_address>0x6a34c</load_address>
         <run_address>0x6a34c</run_address>
         <size>0x1dd</size>
         <input_file_ref idref="fl-2f"/>
      </object_component>
      <object_component id="oc-1330">
         <name>.debug_info</name>
         <load_address>0x6a529</load_address>
         <run_address>0x6a529</run_address>
         <size>0x255</size>
         <input_file_ref idref="fl-2f"/>
      </object_component>
      <object_component id="oc-1348">
         <name>.debug_info</name>
         <load_address>0x6a77e</load_address>
         <run_address>0x6a77e</run_address>
         <size>0x2b3</size>
         <input_file_ref idref="fl-2f"/>
      </object_component>
      <object_component id="oc-134e">
         <name>.debug_info</name>
         <load_address>0x6aa31</load_address>
         <run_address>0x6aa31</run_address>
         <size>0x2c1</size>
         <input_file_ref idref="fl-2f"/>
      </object_component>
      <object_component id="oc-1645">
         <name>.debug_info</name>
         <load_address>0x6acf2</load_address>
         <run_address>0x6acf2</run_address>
         <size>0x2a5</size>
         <input_file_ref idref="fl-2f"/>
      </object_component>
      <object_component id="oc-1639">
         <name>.debug_info</name>
         <load_address>0x6af97</load_address>
         <run_address>0x6af97</run_address>
         <size>0x23d</size>
         <input_file_ref idref="fl-2f"/>
      </object_component>
      <object_component id="oc-162d">
         <name>.debug_info</name>
         <load_address>0x6b1d4</load_address>
         <run_address>0x6b1d4</run_address>
         <size>0x2a0</size>
         <input_file_ref idref="fl-2f"/>
      </object_component>
      <object_component id="oc-fe6">
         <name>.debug_info</name>
         <load_address>0x6b474</load_address>
         <run_address>0x6b474</run_address>
         <size>0x2db</size>
         <input_file_ref idref="fl-2f"/>
      </object_component>
      <object_component id="oc-fe0">
         <name>.debug_info</name>
         <load_address>0x6b74f</load_address>
         <run_address>0x6b74f</run_address>
         <size>0x30f</size>
         <input_file_ref idref="fl-2f"/>
      </object_component>
      <object_component id="oc-fd4">
         <name>.debug_info</name>
         <load_address>0x6ba5e</load_address>
         <run_address>0x6ba5e</run_address>
         <size>0x301</size>
         <input_file_ref idref="fl-2f"/>
      </object_component>
      <object_component id="oc-fb6">
         <name>.debug_info</name>
         <load_address>0x6bd5f</load_address>
         <run_address>0x6bd5f</run_address>
         <size>0x333</size>
         <input_file_ref idref="fl-2f"/>
      </object_component>
      <object_component id="oc-fc8">
         <name>.debug_info</name>
         <load_address>0x6c092</load_address>
         <run_address>0x6c092</run_address>
         <size>0x51c</size>
         <input_file_ref idref="fl-2f"/>
      </object_component>
      <object_component id="oc-fc2">
         <name>.debug_info</name>
         <load_address>0x6c5ae</load_address>
         <run_address>0x6c5ae</run_address>
         <size>0x19e</size>
         <input_file_ref idref="fl-2f"/>
      </object_component>
      <object_component id="oc-fbc">
         <name>.debug_info</name>
         <load_address>0x6c74c</load_address>
         <run_address>0x6c74c</run_address>
         <size>0x2f8</size>
         <input_file_ref idref="fl-2f"/>
      </object_component>
      <object_component id="oc-fcf">
         <name>.debug_info</name>
         <load_address>0x6ca44</load_address>
         <run_address>0x6ca44</run_address>
         <size>0x258</size>
         <input_file_ref idref="fl-2f"/>
      </object_component>
      <object_component id="oc-fdb">
         <name>.debug_info</name>
         <load_address>0x6cc9c</load_address>
         <run_address>0x6cc9c</run_address>
         <size>0x1ec</size>
         <input_file_ref idref="fl-2f"/>
      </object_component>
      <object_component id="oc-fed">
         <name>.debug_info</name>
         <load_address>0x6ce88</load_address>
         <run_address>0x6ce88</run_address>
         <size>0x2ba</size>
         <input_file_ref idref="fl-2f"/>
      </object_component>
      <object_component id="oc-1628">
         <name>.debug_info</name>
         <load_address>0x6d142</load_address>
         <run_address>0x6d142</run_address>
         <size>0x22d</size>
         <input_file_ref idref="fl-2f"/>
      </object_component>
      <object_component id="oc-1634">
         <name>.debug_info</name>
         <load_address>0x6d36f</load_address>
         <run_address>0x6d36f</run_address>
         <size>0x259</size>
         <input_file_ref idref="fl-2f"/>
      </object_component>
      <object_component id="oc-161e">
         <name>.debug_info</name>
         <load_address>0x6d5c8</load_address>
         <run_address>0x6d5c8</run_address>
         <size>0x29b</size>
         <input_file_ref idref="fl-2f"/>
      </object_component>
      <object_component id="oc-1355">
         <name>.debug_info</name>
         <load_address>0x6d863</load_address>
         <run_address>0x6d863</run_address>
         <size>0x24b</size>
         <input_file_ref idref="fl-2f"/>
      </object_component>
      <object_component id="oc-1640">
         <name>.debug_info</name>
         <load_address>0x6daae</load_address>
         <run_address>0x6daae</run_address>
         <size>0x264</size>
         <input_file_ref idref="fl-2f"/>
      </object_component>
      <object_component id="oc-136f">
         <name>.debug_info</name>
         <load_address>0x6dd12</load_address>
         <run_address>0x6dd12</run_address>
         <size>0x77</size>
         <input_file_ref idref="fl-2f"/>
      </object_component>
      <object_component id="oc-1537">
         <name>.debug_info</name>
         <load_address>0x6dd89</load_address>
         <run_address>0x6dd89</run_address>
         <size>0x1b9</size>
         <input_file_ref idref="fl-31"/>
      </object_component>
      <object_component id="oc-157f">
         <name>.debug_info</name>
         <load_address>0x6df42</load_address>
         <run_address>0x6df42</run_address>
         <size>0x19e</size>
         <input_file_ref idref="fl-31"/>
      </object_component>
      <object_component id="oc-1588">
         <name>.debug_info</name>
         <load_address>0x6e0e0</load_address>
         <run_address>0x6e0e0</run_address>
         <size>0x1be</size>
         <input_file_ref idref="fl-31"/>
      </object_component>
      <object_component id="oc-1246">
         <name>.debug_info</name>
         <load_address>0x6e29e</load_address>
         <run_address>0x6e29e</run_address>
         <size>0x17c</size>
         <input_file_ref idref="fl-31"/>
      </object_component>
      <object_component id="oc-1240">
         <name>.debug_info</name>
         <load_address>0x6e41a</load_address>
         <run_address>0x6e41a</run_address>
         <size>0x17c</size>
         <input_file_ref idref="fl-31"/>
      </object_component>
      <object_component id="oc-15ee">
         <name>.debug_info</name>
         <load_address>0x6e596</load_address>
         <run_address>0x6e596</run_address>
         <size>0x192</size>
         <input_file_ref idref="fl-32"/>
      </object_component>
      <object_component id="oc-17ae">
         <name>.debug_info</name>
         <load_address>0x6e728</load_address>
         <run_address>0x6e728</run_address>
         <size>0x203</size>
         <input_file_ref idref="fl-32"/>
      </object_component>
      <object_component id="oc-1322">
         <name>.debug_info</name>
         <load_address>0x6e92b</load_address>
         <run_address>0x6e92b</run_address>
         <size>0x1f4</size>
         <input_file_ref idref="fl-32"/>
      </object_component>
      <object_component id="oc-1376">
         <name>.debug_info</name>
         <load_address>0x6eb1f</load_address>
         <run_address>0x6eb1f</run_address>
         <size>0x1f2</size>
         <input_file_ref idref="fl-32"/>
      </object_component>
      <object_component id="oc-1344">
         <name>.debug_info</name>
         <load_address>0x6ed11</load_address>
         <run_address>0x6ed11</run_address>
         <size>0x1f1</size>
         <input_file_ref idref="fl-32"/>
      </object_component>
      <object_component id="oc-284">
         <name>.debug_info</name>
         <load_address>0x6ef02</load_address>
         <run_address>0x6ef02</run_address>
         <size>0x154c</size>
         <input_file_ref idref="fl-34"/>
      </object_component>
      <object_component id="oc-54e">
         <name>.debug_info</name>
         <load_address>0x7044e</load_address>
         <run_address>0x7044e</run_address>
         <size>0xe4</size>
         <input_file_ref idref="fl-34"/>
      </object_component>
      <object_component id="oc-be">
         <name>.debug_info</name>
         <load_address>0x70532</load_address>
         <run_address>0x70532</run_address>
         <size>0x364</size>
         <input_file_ref idref="fl-34"/>
      </object_component>
      <object_component id="oc-562">
         <name>.debug_info</name>
         <load_address>0x70896</load_address>
         <run_address>0x70896</run_address>
         <size>0x2c</size>
         <input_file_ref idref="fl-34"/>
      </object_component>
      <object_component id="oc-b06">
         <name>.debug_info</name>
         <load_address>0x708c2</load_address>
         <run_address>0x708c2</run_address>
         <size>0x121c</size>
         <input_file_ref idref="fl-36"/>
      </object_component>
      <object_component id="oc-6c3">
         <name>.debug_info</name>
         <load_address>0x71ade</load_address>
         <run_address>0x71ade</run_address>
         <size>0x2b8</size>
         <input_file_ref idref="fl-36"/>
      </object_component>
      <object_component id="oc-6d7">
         <name>.debug_info</name>
         <load_address>0x71d96</load_address>
         <run_address>0x71d96</run_address>
         <size>0x2dc</size>
         <input_file_ref idref="fl-36"/>
      </object_component>
      <object_component id="oc-6d1">
         <name>.debug_info</name>
         <load_address>0x72072</load_address>
         <run_address>0x72072</run_address>
         <size>0x19a</size>
         <input_file_ref idref="fl-36"/>
      </object_component>
      <object_component id="oc-f34">
         <name>.debug_info</name>
         <load_address>0x7220c</load_address>
         <run_address>0x7220c</run_address>
         <size>0x166</size>
         <input_file_ref idref="fl-36"/>
      </object_component>
      <object_component id="oc-f39">
         <name>.debug_info</name>
         <load_address>0x72372</load_address>
         <run_address>0x72372</run_address>
         <size>0x168</size>
         <input_file_ref idref="fl-36"/>
      </object_component>
      <object_component id="oc-15ec">
         <name>.debug_info</name>
         <load_address>0x724da</load_address>
         <run_address>0x724da</run_address>
         <size>0x13b3</size>
         <input_file_ref idref="fl-3a"/>
      </object_component>
      <object_component id="oc-17bb">
         <name>.debug_info</name>
         <load_address>0x7388d</load_address>
         <run_address>0x7388d</run_address>
         <size>0x1ba</size>
         <input_file_ref idref="fl-3a"/>
      </object_component>
      <object_component id="oc-17b5">
         <name>.debug_info</name>
         <load_address>0x73a47</load_address>
         <run_address>0x73a47</run_address>
         <size>0x212</size>
         <input_file_ref idref="fl-3a"/>
      </object_component>
      <object_component id="oc-131b">
         <name>.debug_info</name>
         <load_address>0x73c59</load_address>
         <run_address>0x73c59</run_address>
         <size>0x1f5</size>
         <input_file_ref idref="fl-3a"/>
      </object_component>
      <object_component id="oc-133c">
         <name>.debug_info</name>
         <load_address>0x73e4e</load_address>
         <run_address>0x73e4e</run_address>
         <size>0x2a9</size>
         <input_file_ref idref="fl-3a"/>
      </object_component>
      <object_component id="oc-1336">
         <name>.debug_info</name>
         <load_address>0x740f7</load_address>
         <run_address>0x740f7</run_address>
         <size>0x1b6</size>
         <input_file_ref idref="fl-3a"/>
      </object_component>
      <object_component id="oc-15ff">
         <name>.debug_info</name>
         <load_address>0x742ad</load_address>
         <run_address>0x742ad</run_address>
         <size>0x5e</size>
         <input_file_ref idref="fl-3a"/>
      </object_component>
      <object_component id="oc-1846">
         <name>.debug_info</name>
         <load_address>0x7430b</load_address>
         <run_address>0x7430b</run_address>
         <size>0x4b9</size>
         <input_file_ref idref="fl-3a"/>
      </object_component>
      <object_component id="oc-1764">
         <name>.debug_info</name>
         <load_address>0x747c4</load_address>
         <run_address>0x747c4</run_address>
         <size>0x41a</size>
         <input_file_ref idref="fl-3a"/>
      </object_component>
      <object_component id="oc-1792">
         <name>.debug_info</name>
         <load_address>0x74bde</load_address>
         <run_address>0x74bde</run_address>
         <size>0x25e</size>
         <input_file_ref idref="fl-3a"/>
      </object_component>
      <object_component id="oc-178d">
         <name>.debug_info</name>
         <load_address>0x74e3c</load_address>
         <run_address>0x74e3c</run_address>
         <size>0x4b0</size>
         <input_file_ref idref="fl-3a"/>
      </object_component>
      <object_component id="oc-b3f">
         <name>.debug_info</name>
         <load_address>0x752ec</load_address>
         <run_address>0x752ec</run_address>
         <size>0xfba</size>
         <input_file_ref idref="fl-3b"/>
      </object_component>
      <object_component id="oc-35d">
         <name>.debug_info</name>
         <load_address>0x762a6</load_address>
         <run_address>0x762a6</run_address>
         <size>0x1aa</size>
         <input_file_ref idref="fl-3b"/>
      </object_component>
      <object_component id="oc-129e">
         <name>.debug_info</name>
         <load_address>0x76450</load_address>
         <run_address>0x76450</run_address>
         <size>0x1f3</size>
         <input_file_ref idref="fl-3b"/>
      </object_component>
      <object_component id="oc-709">
         <name>.debug_info</name>
         <load_address>0x76643</load_address>
         <run_address>0x76643</run_address>
         <size>0x2f3</size>
         <input_file_ref idref="fl-3b"/>
      </object_component>
      <object_component id="oc-703">
         <name>.debug_info</name>
         <load_address>0x76936</load_address>
         <run_address>0x76936</run_address>
         <size>0x1ac</size>
         <input_file_ref idref="fl-3b"/>
      </object_component>
      <object_component id="oc-f6b">
         <name>.debug_info</name>
         <load_address>0x76ae2</load_address>
         <run_address>0x76ae2</run_address>
         <size>0x1658</size>
         <input_file_ref idref="fl-3b"/>
      </object_component>
      <object_component id="oc-b53">
         <name>.debug_info</name>
         <load_address>0x7813a</load_address>
         <run_address>0x7813a</run_address>
         <size>0x211</size>
         <input_file_ref idref="fl-3b"/>
      </object_component>
      <object_component id="oc-157a">
         <name>.debug_info</name>
         <load_address>0x7834b</load_address>
         <run_address>0x7834b</run_address>
         <size>0x1425</size>
         <input_file_ref idref="fl-3c"/>
      </object_component>
      <object_component id="oc-12fb">
         <name>.debug_info</name>
         <load_address>0x79770</load_address>
         <run_address>0x79770</run_address>
         <size>0x1d2</size>
         <input_file_ref idref="fl-3c"/>
      </object_component>
      <object_component id="oc-12e9">
         <name>.debug_info</name>
         <load_address>0x79942</load_address>
         <run_address>0x79942</run_address>
         <size>0x1e9</size>
         <input_file_ref idref="fl-3c"/>
      </object_component>
      <object_component id="oc-12a4">
         <name>.debug_info</name>
         <load_address>0x79b2b</load_address>
         <run_address>0x79b2b</run_address>
         <size>0x20d</size>
         <input_file_ref idref="fl-3c"/>
      </object_component>
      <object_component id="oc-12cb">
         <name>.debug_info</name>
         <load_address>0x79d38</load_address>
         <run_address>0x79d38</run_address>
         <size>0x2b9</size>
         <input_file_ref idref="fl-3c"/>
      </object_component>
      <object_component id="oc-12c5">
         <name>.debug_info</name>
         <load_address>0x79ff1</load_address>
         <run_address>0x79ff1</run_address>
         <size>0x1ca</size>
         <input_file_ref idref="fl-3c"/>
      </object_component>
      <object_component id="oc-1599">
         <name>.debug_info</name>
         <load_address>0x7a1bb</load_address>
         <run_address>0x7a1bb</run_address>
         <size>0x5e</size>
         <input_file_ref idref="fl-3c"/>
      </object_component>
      <object_component id="oc-1769">
         <name>.debug_info</name>
         <load_address>0x7a219</load_address>
         <run_address>0x7a219</run_address>
         <size>0x255</size>
         <input_file_ref idref="fl-3c"/>
      </object_component>
      <object_component id="oc-30a">
         <name>.debug_info</name>
         <load_address>0x7a46e</load_address>
         <run_address>0x7a46e</run_address>
         <size>0x983c</size>
         <input_file_ref idref="fl-3d"/>
      </object_component>
      <object_component id="oc-b1b">
         <name>.debug_info</name>
         <load_address>0x83caa</load_address>
         <run_address>0x83caa</run_address>
         <size>0x1cb</size>
         <input_file_ref idref="fl-3d"/>
      </object_component>
      <object_component id="oc-1076">
         <name>.debug_info</name>
         <load_address>0x83e75</load_address>
         <run_address>0x83e75</run_address>
         <size>0x330</size>
         <input_file_ref idref="fl-3d"/>
      </object_component>
      <object_component id="oc-c19">
         <name>.debug_info</name>
         <load_address>0x841a5</load_address>
         <run_address>0x841a5</run_address>
         <size>0x1d7</size>
         <input_file_ref idref="fl-3d"/>
      </object_component>
      <object_component id="oc-1449">
         <name>.debug_info</name>
         <load_address>0x8437c</load_address>
         <run_address>0x8437c</run_address>
         <size>0x1d7</size>
         <input_file_ref idref="fl-3d"/>
      </object_component>
      <object_component id="oc-87a">
         <name>.debug_info</name>
         <load_address>0x84553</load_address>
         <run_address>0x84553</run_address>
         <size>0x248</size>
         <input_file_ref idref="fl-3d"/>
      </object_component>
      <object_component id="oc-9cb">
         <name>.debug_info</name>
         <load_address>0x8479b</load_address>
         <run_address>0x8479b</run_address>
         <size>0x21b</size>
         <input_file_ref idref="fl-3d"/>
      </object_component>
      <object_component id="oc-cc0">
         <name>.debug_info</name>
         <load_address>0x849b6</load_address>
         <run_address>0x849b6</run_address>
         <size>0x200</size>
         <input_file_ref idref="fl-3d"/>
      </object_component>
      <object_component id="oc-82b">
         <name>.debug_info</name>
         <load_address>0x84bb6</load_address>
         <run_address>0x84bb6</run_address>
         <size>0x22a</size>
         <input_file_ref idref="fl-3d"/>
      </object_component>
      <object_component id="oc-153c">
         <name>.debug_info</name>
         <load_address>0x84de0</load_address>
         <run_address>0x84de0</run_address>
         <size>0x27f</size>
         <input_file_ref idref="fl-3d"/>
      </object_component>
      <object_component id="oc-1254">
         <name>.debug_info</name>
         <load_address>0x8505f</load_address>
         <run_address>0x8505f</run_address>
         <size>0x224</size>
         <input_file_ref idref="fl-3d"/>
      </object_component>
      <object_component id="oc-7dd">
         <name>.debug_info</name>
         <load_address>0x85283</load_address>
         <run_address>0x85283</run_address>
         <size>0x20c</size>
         <input_file_ref idref="fl-3d"/>
      </object_component>
      <object_component id="oc-c1f">
         <name>.debug_info</name>
         <load_address>0x8548f</load_address>
         <run_address>0x8548f</run_address>
         <size>0x2ae</size>
         <input_file_ref idref="fl-3d"/>
      </object_component>
      <object_component id="oc-1456">
         <name>.debug_info</name>
         <load_address>0x8573d</load_address>
         <run_address>0x8573d</run_address>
         <size>0x2db</size>
         <input_file_ref idref="fl-3d"/>
      </object_component>
      <object_component id="oc-13cf">
         <name>.debug_info</name>
         <load_address>0x85a18</load_address>
         <run_address>0x85a18</run_address>
         <size>0x1bf</size>
         <input_file_ref idref="fl-3d"/>
      </object_component>
      <object_component id="oc-1070">
         <name>.debug_info</name>
         <load_address>0x85bd7</load_address>
         <run_address>0x85bd7</run_address>
         <size>0x20a</size>
         <input_file_ref idref="fl-3d"/>
      </object_component>
      <object_component id="oc-c5e">
         <name>.debug_info</name>
         <load_address>0x85de1</load_address>
         <run_address>0x85de1</run_address>
         <size>0x269</size>
         <input_file_ref idref="fl-3d"/>
      </object_component>
      <object_component id="oc-7e3">
         <name>.debug_info</name>
         <load_address>0x8604a</load_address>
         <run_address>0x8604a</run_address>
         <size>0x208</size>
         <input_file_ref idref="fl-3d"/>
      </object_component>
      <object_component id="oc-10ec">
         <name>.debug_info</name>
         <load_address>0x86252</load_address>
         <run_address>0x86252</run_address>
         <size>0x294</size>
         <input_file_ref idref="fl-3d"/>
      </object_component>
      <object_component id="oc-cad">
         <name>.debug_info</name>
         <load_address>0x864e6</load_address>
         <run_address>0x864e6</run_address>
         <size>0x1d7</size>
         <input_file_ref idref="fl-3d"/>
      </object_component>
      <object_component id="oc-825">
         <name>.debug_info</name>
         <load_address>0x866bd</load_address>
         <run_address>0x866bd</run_address>
         <size>0x200</size>
         <input_file_ref idref="fl-3d"/>
      </object_component>
      <object_component id="oc-9c2">
         <name>.debug_info</name>
         <load_address>0x868bd</load_address>
         <run_address>0x868bd</run_address>
         <size>0x264</size>
         <input_file_ref idref="fl-3d"/>
      </object_component>
      <object_component id="oc-49e">
         <name>.debug_info</name>
         <load_address>0x86b21</load_address>
         <run_address>0x86b21</run_address>
         <size>0x36e</size>
         <input_file_ref idref="fl-3d"/>
      </object_component>
      <object_component id="oc-85a">
         <name>.debug_info</name>
         <load_address>0x86e8f</load_address>
         <run_address>0x86e8f</run_address>
         <size>0x2d6</size>
         <input_file_ref idref="fl-3d"/>
      </object_component>
      <object_component id="oc-1839">
         <name>.debug_info</name>
         <load_address>0x87165</load_address>
         <run_address>0x87165</run_address>
         <size>0x20e</size>
         <input_file_ref idref="fl-3d"/>
      </object_component>
      <object_component id="oc-7aa">
         <name>.debug_info</name>
         <load_address>0x87373</load_address>
         <run_address>0x87373</run_address>
         <size>0x337</size>
         <input_file_ref idref="fl-3d"/>
      </object_component>
      <object_component id="oc-854">
         <name>.debug_info</name>
         <load_address>0x876aa</load_address>
         <run_address>0x876aa</run_address>
         <size>0x222</size>
         <input_file_ref idref="fl-3d"/>
      </object_component>
      <object_component id="oc-1201">
         <name>.debug_info</name>
         <load_address>0x878cc</load_address>
         <run_address>0x878cc</run_address>
         <size>0x2a3</size>
         <input_file_ref idref="fl-3d"/>
      </object_component>
      <object_component id="oc-392">
         <name>.debug_info</name>
         <load_address>0x87b6f</load_address>
         <run_address>0x87b6f</run_address>
         <size>0x37a</size>
         <input_file_ref idref="fl-3d"/>
      </object_component>
      <object_component id="oc-3a7">
         <name>.debug_info</name>
         <load_address>0x87ee9</load_address>
         <run_address>0x87ee9</run_address>
         <size>0x355</size>
         <input_file_ref idref="fl-3d"/>
      </object_component>
      <object_component id="oc-f64">
         <name>.debug_info</name>
         <load_address>0x8823e</load_address>
         <run_address>0x8823e</run_address>
         <size>0x244</size>
         <input_file_ref idref="fl-3d"/>
      </object_component>
      <object_component id="oc-b33">
         <name>.debug_info</name>
         <load_address>0x88482</load_address>
         <run_address>0x88482</run_address>
         <size>0x24c</size>
         <input_file_ref idref="fl-3d"/>
      </object_component>
      <object_component id="oc-ca7">
         <name>.debug_info</name>
         <load_address>0x886ce</load_address>
         <run_address>0x886ce</run_address>
         <size>0x1d3</size>
         <input_file_ref idref="fl-3d"/>
      </object_component>
      <object_component id="oc-b15">
         <name>.debug_info</name>
         <load_address>0x888a1</load_address>
         <run_address>0x888a1</run_address>
         <size>0x1c7</size>
         <input_file_ref idref="fl-3d"/>
      </object_component>
      <object_component id="oc-1832">
         <name>.debug_info</name>
         <load_address>0x88a68</load_address>
         <run_address>0x88a68</run_address>
         <size>0x257</size>
         <input_file_ref idref="fl-3d"/>
      </object_component>
      <object_component id="oc-144f">
         <name>.debug_info</name>
         <load_address>0x88cbf</load_address>
         <run_address>0x88cbf</run_address>
         <size>0x23b</size>
         <input_file_ref idref="fl-3d"/>
      </object_component>
      <object_component id="oc-11fb">
         <name>.debug_info</name>
         <load_address>0x88efa</load_address>
         <run_address>0x88efa</run_address>
         <size>0x20a</size>
         <input_file_ref idref="fl-3d"/>
      </object_component>
      <object_component id="oc-187a">
         <name>.debug_info</name>
         <load_address>0x89104</load_address>
         <run_address>0x89104</run_address>
         <size>0x1d4</size>
         <input_file_ref idref="fl-3d"/>
      </object_component>
      <object_component id="oc-498">
         <name>.debug_info</name>
         <load_address>0x892d8</load_address>
         <run_address>0x892d8</run_address>
         <size>0x2c3</size>
         <input_file_ref idref="fl-3d"/>
      </object_component>
      <object_component id="oc-406">
         <name>.debug_info</name>
         <load_address>0x8959b</load_address>
         <run_address>0x8959b</run_address>
         <size>0x425</size>
         <input_file_ref idref="fl-3d"/>
      </object_component>
      <object_component id="oc-37e">
         <name>.debug_info</name>
         <load_address>0x899c0</load_address>
         <run_address>0x899c0</run_address>
         <size>0x29d</size>
         <input_file_ref idref="fl-3d"/>
      </object_component>
      <object_component id="oc-1841">
         <name>.debug_info</name>
         <load_address>0x89c5d</load_address>
         <run_address>0x89c5d</run_address>
         <size>0x21a</size>
         <input_file_ref idref="fl-3d"/>
      </object_component>
      <object_component id="oc-bd7">
         <name>.debug_info</name>
         <load_address>0x89e77</load_address>
         <run_address>0x89e77</run_address>
         <size>0x1f8</size>
         <input_file_ref idref="fl-3d"/>
      </object_component>
      <object_component id="oc-13c7">
         <name>.debug_info</name>
         <load_address>0x8a06f</load_address>
         <run_address>0x8a06f</run_address>
         <size>0x1ec</size>
         <input_file_ref idref="fl-3d"/>
      </object_component>
      <object_component id="oc-1107">
         <name>.debug_info</name>
         <load_address>0x8a25b</load_address>
         <run_address>0x8a25b</run_address>
         <size>0x26c</size>
         <input_file_ref idref="fl-3d"/>
      </object_component>
      <object_component id="oc-1856">
         <name>.debug_info</name>
         <load_address>0x8a4c7</load_address>
         <run_address>0x8a4c7</run_address>
         <size>0x207</size>
         <input_file_ref idref="fl-3d"/>
      </object_component>
      <object_component id="oc-1872">
         <name>.debug_info</name>
         <load_address>0x8a6ce</load_address>
         <run_address>0x8a6ce</run_address>
         <size>0x20e</size>
         <input_file_ref idref="fl-3d"/>
      </object_component>
      <object_component id="oc-1442">
         <name>.debug_info</name>
         <load_address>0x8a8dc</load_address>
         <run_address>0x8a8dc</run_address>
         <size>0x1bc</size>
         <input_file_ref idref="fl-3d"/>
      </object_component>
      <object_component id="oc-47f">
         <name>.debug_info</name>
         <load_address>0x8aa98</load_address>
         <run_address>0x8aa98</run_address>
         <size>0x1bf</size>
         <input_file_ref idref="fl-3d"/>
      </object_component>
      <object_component id="oc-11f4">
         <name>.debug_info</name>
         <load_address>0x8ac57</load_address>
         <run_address>0x8ac57</run_address>
         <size>0x256</size>
         <input_file_ref idref="fl-3d"/>
      </object_component>
      <object_component id="oc-179e">
         <name>.debug_info</name>
         <load_address>0x8aead</load_address>
         <run_address>0x8aead</run_address>
         <size>0x2ea</size>
         <input_file_ref idref="fl-3d"/>
      </object_component>
      <object_component id="oc-184d">
         <name>.debug_info</name>
         <load_address>0x8b197</load_address>
         <run_address>0x8b197</run_address>
         <size>0x21f</size>
         <input_file_ref idref="fl-3d"/>
      </object_component>
      <object_component id="oc-14cf">
         <name>.debug_info</name>
         <load_address>0x8b3b6</load_address>
         <run_address>0x8b3b6</run_address>
         <size>0x219</size>
         <input_file_ref idref="fl-3d"/>
      </object_component>
      <object_component id="oc-684">
         <name>.debug_info</name>
         <load_address>0x8b5cf</load_address>
         <run_address>0x8b5cf</run_address>
         <size>0x226</size>
         <input_file_ref idref="fl-3d"/>
      </object_component>
      <object_component id="oc-14d5">
         <name>.debug_info</name>
         <load_address>0x8b7f5</load_address>
         <run_address>0x8b7f5</run_address>
         <size>0x2ae</size>
         <input_file_ref idref="fl-3d"/>
      </object_component>
      <object_component id="oc-14c9">
         <name>.debug_info</name>
         <load_address>0x8baa3</load_address>
         <run_address>0x8baa3</run_address>
         <size>0x386</size>
         <input_file_ref idref="fl-3d"/>
      </object_component>
      <object_component id="oc-14c3">
         <name>.debug_info</name>
         <load_address>0x8be29</load_address>
         <run_address>0x8be29</run_address>
         <size>0x497</size>
         <input_file_ref idref="fl-3d"/>
      </object_component>
      <object_component id="oc-1717">
         <name>.debug_info</name>
         <load_address>0x8c2c0</load_address>
         <run_address>0x8c2c0</run_address>
         <size>0x28f</size>
         <input_file_ref idref="fl-3d"/>
      </object_component>
      <object_component id="oc-690">
         <name>.debug_info</name>
         <load_address>0x8c54f</load_address>
         <run_address>0x8c54f</run_address>
         <size>0x21f</size>
         <input_file_ref idref="fl-3d"/>
      </object_component>
      <object_component id="oc-188d">
         <name>.debug_info</name>
         <load_address>0x8c76e</load_address>
         <run_address>0x8c76e</run_address>
         <size>0x229</size>
         <input_file_ref idref="fl-3d"/>
      </object_component>
      <object_component id="oc-120c">
         <name>.debug_info</name>
         <load_address>0x8c997</load_address>
         <run_address>0x8c997</run_address>
         <size>0x20f</size>
         <input_file_ref idref="fl-3d"/>
      </object_component>
      <object_component id="oc-10a0">
         <name>.debug_info</name>
         <load_address>0x8cba6</load_address>
         <run_address>0x8cba6</run_address>
         <size>0x1e2</size>
         <input_file_ref idref="fl-3d"/>
      </object_component>
      <object_component id="oc-10ac">
         <name>.debug_info</name>
         <load_address>0x8cd88</load_address>
         <run_address>0x8cd88</run_address>
         <size>0x231</size>
         <input_file_ref idref="fl-3d"/>
      </object_component>
      <object_component id="oc-10a6">
         <name>.debug_info</name>
         <load_address>0x8cfb9</load_address>
         <run_address>0x8cfb9</run_address>
         <size>0x23e</size>
         <input_file_ref idref="fl-3d"/>
      </object_component>
      <object_component id="oc-140b">
         <name>.debug_info</name>
         <load_address>0x8d1f7</load_address>
         <run_address>0x8d1f7</run_address>
         <size>0x239</size>
         <input_file_ref idref="fl-3d"/>
      </object_component>
      <object_component id="oc-1415">
         <name>.debug_info</name>
         <load_address>0x8d430</load_address>
         <run_address>0x8d430</run_address>
         <size>0x226</size>
         <input_file_ref idref="fl-3d"/>
      </object_component>
      <object_component id="oc-1139">
         <name>.debug_info</name>
         <load_address>0x8d656</load_address>
         <run_address>0x8d656</run_address>
         <size>0x1f1</size>
         <input_file_ref idref="fl-3d"/>
      </object_component>
      <object_component id="oc-428">
         <name>.debug_info</name>
         <load_address>0x8d847</load_address>
         <run_address>0x8d847</run_address>
         <size>0x31f</size>
         <input_file_ref idref="fl-3d"/>
      </object_component>
      <object_component id="oc-416">
         <name>.debug_info</name>
         <load_address>0x8db66</load_address>
         <run_address>0x8db66</run_address>
         <size>0x398</size>
         <input_file_ref idref="fl-3d"/>
      </object_component>
      <object_component id="oc-884">
         <name>.debug_info</name>
         <load_address>0x8defe</load_address>
         <run_address>0x8defe</run_address>
         <size>0x23c</size>
         <input_file_ref idref="fl-3d"/>
      </object_component>
      <object_component id="oc-1470">
         <name>.debug_info</name>
         <load_address>0x8e13a</load_address>
         <run_address>0x8e13a</run_address>
         <size>0x22e</size>
         <input_file_ref idref="fl-3d"/>
      </object_component>
      <object_component id="oc-11a7">
         <name>.debug_info</name>
         <load_address>0x8e368</load_address>
         <run_address>0x8e368</run_address>
         <size>0x1da</size>
         <input_file_ref idref="fl-3d"/>
      </object_component>
      <object_component id="oc-c68">
         <name>.debug_info</name>
         <load_address>0x8e542</load_address>
         <run_address>0x8e542</run_address>
         <size>0x1f2</size>
         <input_file_ref idref="fl-3d"/>
      </object_component>
      <object_component id="oc-a2f">
         <name>.debug_info</name>
         <load_address>0x8e734</load_address>
         <run_address>0x8e734</run_address>
         <size>0x1d8</size>
         <input_file_ref idref="fl-3d"/>
      </object_component>
      <object_component id="oc-14a3">
         <name>.debug_info</name>
         <load_address>0x8e90c</load_address>
         <run_address>0x8e90c</run_address>
         <size>0x1fb</size>
         <input_file_ref idref="fl-3d"/>
      </object_component>
      <object_component id="oc-cd">
         <name>.debug_info</name>
         <load_address>0x8eb07</load_address>
         <run_address>0x8eb07</run_address>
         <size>0x20b</size>
         <input_file_ref idref="fl-3d"/>
      </object_component>
      <object_component id="oc-c7">
         <name>.debug_info</name>
         <load_address>0x8ed12</load_address>
         <run_address>0x8ed12</run_address>
         <size>0x22b</size>
         <input_file_ref idref="fl-3d"/>
      </object_component>
      <object_component id="oc-10d9">
         <name>.debug_info</name>
         <load_address>0x8ef3d</load_address>
         <run_address>0x8ef3d</run_address>
         <size>0x230</size>
         <input_file_ref idref="fl-3d"/>
      </object_component>
      <object_component id="oc-c9a">
         <name>.debug_info</name>
         <load_address>0x8f16d</load_address>
         <run_address>0x8f16d</run_address>
         <size>0x231</size>
         <input_file_ref idref="fl-3d"/>
      </object_component>
      <object_component id="oc-152c">
         <name>.debug_info</name>
         <load_address>0x8f39e</load_address>
         <run_address>0x8f39e</run_address>
         <size>0x23a</size>
         <input_file_ref idref="fl-3d"/>
      </object_component>
      <object_component id="oc-1724">
         <name>.debug_info</name>
         <load_address>0x8f5d8</load_address>
         <run_address>0x8f5d8</run_address>
         <size>0x21b</size>
         <input_file_ref idref="fl-3d"/>
      </object_component>
      <object_component id="oc-1212">
         <name>.debug_info</name>
         <load_address>0x8f7f3</load_address>
         <run_address>0x8f7f3</run_address>
         <size>0x2a3</size>
         <input_file_ref idref="fl-3d"/>
      </object_component>
      <object_component id="oc-b00">
         <name>.debug_info</name>
         <load_address>0x8fa96</load_address>
         <run_address>0x8fa96</run_address>
         <size>0x264</size>
         <input_file_ref idref="fl-3d"/>
      </object_component>
      <object_component id="oc-c0c">
         <name>.debug_info</name>
         <load_address>0x8fcfa</load_address>
         <run_address>0x8fcfa</run_address>
         <size>0x2ac</size>
         <input_file_ref idref="fl-3d"/>
      </object_component>
      <object_component id="oc-79d">
         <name>.debug_info</name>
         <load_address>0x8ffa6</load_address>
         <run_address>0x8ffa6</run_address>
         <size>0x211</size>
         <input_file_ref idref="fl-3d"/>
      </object_component>
      <object_component id="oc-13d8">
         <name>.debug_info</name>
         <load_address>0x901b7</load_address>
         <run_address>0x901b7</run_address>
         <size>0x23a</size>
         <input_file_ref idref="fl-3d"/>
      </object_component>
      <object_component id="oc-143a">
         <name>.debug_info</name>
         <load_address>0x903f1</load_address>
         <run_address>0x903f1</run_address>
         <size>0x225</size>
         <input_file_ref idref="fl-3d"/>
      </object_component>
      <object_component id="oc-ca0">
         <name>.debug_info</name>
         <load_address>0x90616</load_address>
         <run_address>0x90616</run_address>
         <size>0x1dc</size>
         <input_file_ref idref="fl-3d"/>
      </object_component>
      <object_component id="oc-36f">
         <name>.debug_info</name>
         <load_address>0x907f2</load_address>
         <run_address>0x907f2</run_address>
         <size>0x200</size>
         <input_file_ref idref="fl-3d"/>
      </object_component>
      <object_component id="oc-125c">
         <name>.debug_info</name>
         <load_address>0x909f2</load_address>
         <run_address>0x909f2</run_address>
         <size>0x241</size>
         <input_file_ref idref="fl-3d"/>
      </object_component>
      <object_component id="oc-1543">
         <name>.debug_info</name>
         <load_address>0x90c33</load_address>
         <run_address>0x90c33</run_address>
         <size>0x23f</size>
         <input_file_ref idref="fl-3d"/>
      </object_component>
      <object_component id="oc-1262">
         <name>.debug_info</name>
         <load_address>0x90e72</load_address>
         <run_address>0x90e72</run_address>
         <size>0x26f</size>
         <input_file_ref idref="fl-3d"/>
      </object_component>
      <object_component id="oc-68a">
         <name>.debug_info</name>
         <load_address>0x910e1</load_address>
         <run_address>0x910e1</run_address>
         <size>0x1f3</size>
         <input_file_ref idref="fl-3d"/>
      </object_component>
      <object_component id="oc-ad9">
         <name>.debug_info</name>
         <load_address>0x912d4</load_address>
         <run_address>0x912d4</run_address>
         <size>0x2a4</size>
         <input_file_ref idref="fl-3d"/>
      </object_component>
      <object_component id="oc-a7c">
         <name>.debug_info</name>
         <load_address>0x91578</load_address>
         <run_address>0x91578</run_address>
         <size>0x264</size>
         <input_file_ref idref="fl-3d"/>
      </object_component>
      <object_component id="oc-a76">
         <name>.debug_info</name>
         <load_address>0x917dc</load_address>
         <run_address>0x917dc</run_address>
         <size>0x262</size>
         <input_file_ref idref="fl-3d"/>
      </object_component>
      <object_component id="oc-a6a">
         <name>.debug_info</name>
         <load_address>0x91a3e</load_address>
         <run_address>0x91a3e</run_address>
         <size>0x277</size>
         <input_file_ref idref="fl-3d"/>
      </object_component>
      <object_component id="oc-a64">
         <name>.debug_info</name>
         <load_address>0x91cb5</load_address>
         <run_address>0x91cb5</run_address>
         <size>0x28a</size>
         <input_file_ref idref="fl-3d"/>
      </object_component>
      <object_component id="oc-a94">
         <name>.debug_info</name>
         <load_address>0x91f3f</load_address>
         <run_address>0x91f3f</run_address>
         <size>0x243</size>
         <input_file_ref idref="fl-3d"/>
      </object_component>
      <object_component id="oc-a88">
         <name>.debug_info</name>
         <load_address>0x92182</load_address>
         <run_address>0x92182</run_address>
         <size>0x260</size>
         <input_file_ref idref="fl-3d"/>
      </object_component>
      <object_component id="oc-a70">
         <name>.debug_info</name>
         <load_address>0x923e2</load_address>
         <run_address>0x923e2</run_address>
         <size>0x260</size>
         <input_file_ref idref="fl-3d"/>
      </object_component>
      <object_component id="oc-a82">
         <name>.debug_info</name>
         <load_address>0x92642</load_address>
         <run_address>0x92642</run_address>
         <size>0x260</size>
         <input_file_ref idref="fl-3d"/>
      </object_component>
      <object_component id="oc-a8e">
         <name>.debug_info</name>
         <load_address>0x928a2</load_address>
         <run_address>0x928a2</run_address>
         <size>0x370</size>
         <input_file_ref idref="fl-3d"/>
      </object_component>
      <object_component id="oc-1df">
         <name>.debug_info</name>
         <load_address>0x92c12</load_address>
         <run_address>0x92c12</run_address>
         <size>0x20f</size>
         <input_file_ref idref="fl-3d"/>
      </object_component>
      <object_component id="oc-a9a">
         <name>.debug_info</name>
         <load_address>0x92e21</load_address>
         <run_address>0x92e21</run_address>
         <size>0x611</size>
         <input_file_ref idref="fl-3d"/>
      </object_component>
      <object_component id="oc-5f8">
         <name>.debug_info</name>
         <load_address>0x93432</load_address>
         <run_address>0x93432</run_address>
         <size>0x4ee</size>
         <input_file_ref idref="fl-3d"/>
      </object_component>
      <object_component id="oc-1749">
         <name>.debug_info</name>
         <load_address>0x93920</load_address>
         <run_address>0x93920</run_address>
         <size>0x241</size>
         <input_file_ref idref="fl-3d"/>
      </object_component>
      <object_component id="oc-1743">
         <name>.debug_info</name>
         <load_address>0x93b61</load_address>
         <run_address>0x93b61</run_address>
         <size>0x23e</size>
         <input_file_ref idref="fl-3d"/>
      </object_component>
      <object_component id="oc-173d">
         <name>.debug_info</name>
         <load_address>0x93d9f</load_address>
         <run_address>0x93d9f</run_address>
         <size>0x2ce</size>
         <input_file_ref idref="fl-3d"/>
      </object_component>
      <object_component id="oc-741">
         <name>.debug_info</name>
         <load_address>0x9406d</load_address>
         <run_address>0x9406d</run_address>
         <size>0x1e6</size>
         <input_file_ref idref="fl-3d"/>
      </object_component>
      <object_component id="oc-1206">
         <name>.debug_info</name>
         <load_address>0x94253</load_address>
         <run_address>0x94253</run_address>
         <size>0x26a</size>
         <input_file_ref idref="fl-3d"/>
      </object_component>
      <object_component id="oc-f76">
         <name>.debug_info</name>
         <load_address>0x944bd</load_address>
         <run_address>0x944bd</run_address>
         <size>0x358</size>
         <input_file_ref idref="fl-3d"/>
      </object_component>
      <object_component id="oc-f7f">
         <name>.debug_info</name>
         <load_address>0x94815</load_address>
         <run_address>0x94815</run_address>
         <size>0x26f</size>
         <input_file_ref idref="fl-3d"/>
      </object_component>
      <object_component id="oc-22e">
         <name>.debug_info</name>
         <load_address>0x94a84</load_address>
         <run_address>0x94a84</run_address>
         <size>0x1a8</size>
         <input_file_ref idref="fl-3d"/>
      </object_component>
      <object_component id="oc-afa">
         <name>.debug_info</name>
         <load_address>0x94c2c</load_address>
         <run_address>0x94c2c</run_address>
         <size>0x1bc</size>
         <input_file_ref idref="fl-3d"/>
      </object_component>
      <object_component id="oc-c88">
         <name>.debug_info</name>
         <load_address>0x94de8</load_address>
         <run_address>0x94de8</run_address>
         <size>0x1c8</size>
         <input_file_ref idref="fl-3d"/>
      </object_component>
      <object_component id="oc-61f">
         <name>.debug_info</name>
         <load_address>0x94fb0</load_address>
         <run_address>0x94fb0</run_address>
         <size>0x1612</size>
         <input_file_ref idref="fl-3d"/>
      </object_component>
      <object_component id="oc-629">
         <name>.debug_info</name>
         <load_address>0x965c2</load_address>
         <run_address>0x965c2</run_address>
         <size>0x3e1</size>
         <input_file_ref idref="fl-3d"/>
      </object_component>
      <object_component id="oc-601">
         <name>.debug_info</name>
         <load_address>0x969a3</load_address>
         <run_address>0x969a3</run_address>
         <size>0x1d7</size>
         <input_file_ref idref="fl-3d"/>
      </object_component>
      <object_component id="oc-651">
         <name>.debug_info</name>
         <load_address>0x96b7a</load_address>
         <run_address>0x96b7a</run_address>
         <size>0x8d0</size>
         <input_file_ref idref="fl-3d"/>
      </object_component>
      <object_component id="oc-624">
         <name>.debug_info</name>
         <load_address>0x9744a</load_address>
         <run_address>0x9744a</run_address>
         <size>0x1057</size>
         <input_file_ref idref="fl-3d"/>
      </object_component>
      <object_component id="oc-61a">
         <name>.debug_info</name>
         <load_address>0x984a1</load_address>
         <run_address>0x984a1</run_address>
         <size>0x361</size>
         <input_file_ref idref="fl-3d"/>
      </object_component>
      <object_component id="oc-674">
         <name>.debug_info</name>
         <load_address>0x98802</load_address>
         <run_address>0x98802</run_address>
         <size>0x1be</size>
         <input_file_ref idref="fl-3d"/>
      </object_component>
      <object_component id="oc-642">
         <name>.debug_info</name>
         <load_address>0x989c0</load_address>
         <run_address>0x989c0</run_address>
         <size>0xa7c</size>
         <input_file_ref idref="fl-3d"/>
      </object_component>
      <object_component id="oc-665">
         <name>.debug_info</name>
         <load_address>0x9943c</load_address>
         <run_address>0x9943c</run_address>
         <size>0x319</size>
         <input_file_ref idref="fl-3d"/>
      </object_component>
      <object_component id="oc-66a">
         <name>.debug_info</name>
         <load_address>0x99755</load_address>
         <run_address>0x99755</run_address>
         <size>0x2ba</size>
         <input_file_ref idref="fl-3d"/>
      </object_component>
      <object_component id="oc-aa8">
         <name>.debug_info</name>
         <load_address>0x99a0f</load_address>
         <run_address>0x99a0f</run_address>
         <size>0x1ec</size>
         <input_file_ref idref="fl-3d"/>
      </object_component>
      <object_component id="oc-aa3">
         <name>.debug_info</name>
         <load_address>0x99bfb</load_address>
         <run_address>0x99bfb</run_address>
         <size>0x1df</size>
         <input_file_ref idref="fl-3d"/>
      </object_component>
      <object_component id="oc-aad">
         <name>.debug_info</name>
         <load_address>0x99dda</load_address>
         <run_address>0x99dda</run_address>
         <size>0x62e</size>
         <input_file_ref idref="fl-3d"/>
      </object_component>
      <object_component id="oc-66f">
         <name>.debug_info</name>
         <load_address>0x9a408</load_address>
         <run_address>0x9a408</run_address>
         <size>0x711</size>
         <input_file_ref idref="fl-3d"/>
      </object_component>
      <object_component id="oc-633">
         <name>.debug_info</name>
         <load_address>0x9ab19</load_address>
         <run_address>0x9ab19</run_address>
         <size>0x5c3</size>
         <input_file_ref idref="fl-3d"/>
      </object_component>
      <object_component id="oc-ab7">
         <name>.debug_info</name>
         <load_address>0x9b0dc</load_address>
         <run_address>0x9b0dc</run_address>
         <size>0x45f</size>
         <input_file_ref idref="fl-3d"/>
      </object_component>
      <object_component id="oc-ab2">
         <name>.debug_info</name>
         <load_address>0x9b53b</load_address>
         <run_address>0x9b53b</run_address>
         <size>0x2e6</size>
         <input_file_ref idref="fl-3d"/>
      </object_component>
      <object_component id="oc-660">
         <name>.debug_info</name>
         <load_address>0x9b821</load_address>
         <run_address>0x9b821</run_address>
         <size>0x41d</size>
         <input_file_ref idref="fl-3d"/>
      </object_component>
      <object_component id="oc-65b">
         <name>.debug_info</name>
         <load_address>0x9bc3e</load_address>
         <run_address>0x9bc3e</run_address>
         <size>0x3de</size>
         <input_file_ref idref="fl-3d"/>
      </object_component>
      <object_component id="oc-656">
         <name>.debug_info</name>
         <load_address>0x9c01c</load_address>
         <run_address>0x9c01c</run_address>
         <size>0x769</size>
         <input_file_ref idref="fl-3d"/>
      </object_component>
      <object_component id="oc-abc">
         <name>.debug_info</name>
         <load_address>0x9c785</load_address>
         <run_address>0x9c785</run_address>
         <size>0x150</size>
         <input_file_ref idref="fl-3d"/>
      </object_component>
      <object_component id="oc-679">
         <name>.debug_info</name>
         <load_address>0x9c8d5</load_address>
         <run_address>0x9c8d5</run_address>
         <size>0x1b6</size>
         <input_file_ref idref="fl-3d"/>
      </object_component>
      <object_component id="oc-62e">
         <name>.debug_info</name>
         <load_address>0x9ca8b</load_address>
         <run_address>0x9ca8b</run_address>
         <size>0x146</size>
         <input_file_ref idref="fl-3d"/>
      </object_component>
      <object_component id="oc-606">
         <name>.debug_info</name>
         <load_address>0x9cbd1</load_address>
         <run_address>0x9cbd1</run_address>
         <size>0x1439</size>
         <input_file_ref idref="fl-3d"/>
      </object_component>
      <object_component id="oc-638">
         <name>.debug_info</name>
         <load_address>0x9e00a</load_address>
         <run_address>0x9e00a</run_address>
         <size>0x245</size>
         <input_file_ref idref="fl-3d"/>
      </object_component>
      <object_component id="oc-647">
         <name>.debug_info</name>
         <load_address>0x9e24f</load_address>
         <run_address>0x9e24f</run_address>
         <size>0xb47</size>
         <input_file_ref idref="fl-3d"/>
      </object_component>
      <object_component id="oc-60b">
         <name>.debug_info</name>
         <load_address>0x9ed96</load_address>
         <run_address>0x9ed96</run_address>
         <size>0x22b2</size>
         <input_file_ref idref="fl-3d"/>
      </object_component>
      <object_component id="oc-610">
         <name>.debug_info</name>
         <load_address>0xa1048</load_address>
         <run_address>0xa1048</run_address>
         <size>0x41f</size>
         <input_file_ref idref="fl-3d"/>
      </object_component>
      <object_component id="oc-64c">
         <name>.debug_info</name>
         <load_address>0xa1467</load_address>
         <run_address>0xa1467</run_address>
         <size>0x1419</size>
         <input_file_ref idref="fl-3d"/>
      </object_component>
      <object_component id="oc-63d">
         <name>.debug_info</name>
         <load_address>0xa2880</load_address>
         <run_address>0xa2880</run_address>
         <size>0x1ff4</size>
         <input_file_ref idref="fl-3d"/>
      </object_component>
      <object_component id="oc-615">
         <name>.debug_info</name>
         <load_address>0xa4874</load_address>
         <run_address>0xa4874</run_address>
         <size>0x76df</size>
         <input_file_ref idref="fl-3d"/>
      </object_component>
      <object_component id="oc-154b">
         <name>.debug_info</name>
         <load_address>0xabf53</load_address>
         <run_address>0xabf53</run_address>
         <size>0x19a</size>
         <input_file_ref idref="fl-3e"/>
      </object_component>
      <object_component id="oc-82">
         <name>.debug_info</name>
         <load_address>0xac0ed</load_address>
         <run_address>0xac0ed</run_address>
         <size>0x172</size>
         <input_file_ref idref="fl-3e"/>
      </object_component>
      <object_component id="oc-7c">
         <name>.debug_info</name>
         <load_address>0xac25f</load_address>
         <run_address>0xac25f</run_address>
         <size>0x181</size>
         <input_file_ref idref="fl-3e"/>
      </object_component>
      <object_component id="oc-1250">
         <name>.debug_info</name>
         <load_address>0xac3e0</load_address>
         <run_address>0xac3e0</run_address>
         <size>0x188</size>
         <input_file_ref idref="fl-3f"/>
      </object_component>
      <object_component id="oc-16ad">
         <name>.debug_info</name>
         <load_address>0xac568</load_address>
         <run_address>0xac568</run_address>
         <size>0x18a</size>
         <input_file_ref idref="fl-3f"/>
      </object_component>
      <object_component id="oc-105c">
         <name>.debug_info</name>
         <load_address>0xac6f2</load_address>
         <run_address>0xac6f2</run_address>
         <size>0x194</size>
         <input_file_ref idref="fl-41"/>
      </object_component>
      <object_component id="oc-107c">
         <name>.debug_info</name>
         <load_address>0xac886</load_address>
         <run_address>0xac886</run_address>
         <size>0x183</size>
         <input_file_ref idref="fl-41"/>
      </object_component>
      <object_component id="oc-13bd">
         <name>.debug_info</name>
         <load_address>0xaca09</load_address>
         <run_address>0xaca09</run_address>
         <size>0x18b</size>
         <input_file_ref idref="fl-41"/>
      </object_component>
      <object_component id="oc-b97">
         <name>.debug_info</name>
         <load_address>0xacb94</load_address>
         <run_address>0xacb94</run_address>
         <size>0x898</size>
         <input_file_ref idref="fl-42"/>
      </object_component>
      <object_component id="oc-756">
         <name>.debug_info</name>
         <load_address>0xad42c</load_address>
         <run_address>0xad42c</run_address>
         <size>0x39c</size>
         <input_file_ref idref="fl-42"/>
      </object_component>
      <object_component id="oc-100e">
         <name>.debug_info</name>
         <load_address>0xad7c8</load_address>
         <run_address>0xad7c8</run_address>
         <size>0xb71</size>
         <input_file_ref idref="fl-42"/>
      </object_component>
      <object_component id="oc-776">
         <name>.debug_info</name>
         <load_address>0xae339</load_address>
         <run_address>0xae339</run_address>
         <size>0xba9</size>
         <input_file_ref idref="fl-43"/>
      </object_component>
      <object_component id="oc-39d">
         <name>.debug_info</name>
         <load_address>0xaeee2</load_address>
         <run_address>0xaeee2</run_address>
         <size>0x42a</size>
         <input_file_ref idref="fl-43"/>
      </object_component>
      <object_component id="oc-377">
         <name>.debug_info</name>
         <load_address>0xaf30c</load_address>
         <run_address>0xaf30c</run_address>
         <size>0x4cd</size>
         <input_file_ref idref="fl-43"/>
      </object_component>
      <object_component id="oc-771">
         <name>.debug_info</name>
         <load_address>0xaf7d9</load_address>
         <run_address>0xaf7d9</run_address>
         <size>0x364</size>
         <input_file_ref idref="fl-43"/>
      </object_component>
      <object_component id="oc-bc5">
         <name>.debug_info</name>
         <load_address>0xafb3d</load_address>
         <run_address>0xafb3d</run_address>
         <size>0x1c4</size>
         <input_file_ref idref="fl-43"/>
      </object_component>
      <object_component id="oc-bca">
         <name>.debug_info</name>
         <load_address>0xafd01</load_address>
         <run_address>0xafd01</run_address>
         <size>0x1a5</size>
         <input_file_ref idref="fl-43"/>
      </object_component>
      <object_component id="oc-1020">
         <name>.debug_info</name>
         <load_address>0xafea6</load_address>
         <run_address>0xafea6</run_address>
         <size>0x2a1</size>
         <input_file_ref idref="fl-43"/>
      </object_component>
      <object_component id="oc-1039">
         <name>.debug_info</name>
         <load_address>0xb0147</load_address>
         <run_address>0xb0147</run_address>
         <size>0x237</size>
         <input_file_ref idref="fl-43"/>
      </object_component>
      <object_component id="oc-103e">
         <name>.debug_info</name>
         <load_address>0xb037e</load_address>
         <run_address>0xb037e</run_address>
         <size>0x24b</size>
         <input_file_ref idref="fl-43"/>
      </object_component>
      <object_component id="oc-102a">
         <name>.debug_info</name>
         <load_address>0xb05c9</load_address>
         <run_address>0xb05c9</run_address>
         <size>0x16d</size>
         <input_file_ref idref="fl-43"/>
      </object_component>
      <object_component id="oc-bc0">
         <name>.debug_info</name>
         <load_address>0xb0736</load_address>
         <run_address>0xb0736</run_address>
         <size>0x30e</size>
         <input_file_ref idref="fl-43"/>
      </object_component>
      <object_component id="oc-bb6">
         <name>.debug_info</name>
         <load_address>0xb0a44</load_address>
         <run_address>0xb0a44</run_address>
         <size>0x561</size>
         <input_file_ref idref="fl-43"/>
      </object_component>
      <object_component id="oc-102f">
         <name>.debug_info</name>
         <load_address>0xb0fa5</load_address>
         <run_address>0xb0fa5</run_address>
         <size>0x14b</size>
         <input_file_ref idref="fl-43"/>
      </object_component>
      <object_component id="oc-1025">
         <name>.debug_info</name>
         <load_address>0xb10f0</load_address>
         <run_address>0xb10f0</run_address>
         <size>0x12a</size>
         <input_file_ref idref="fl-43"/>
      </object_component>
      <object_component id="oc-bbb">
         <name>.debug_info</name>
         <load_address>0xb121a</load_address>
         <run_address>0xb121a</run_address>
         <size>0xb68</size>
         <input_file_ref idref="fl-43"/>
      </object_component>
      <object_component id="oc-1034">
         <name>.debug_info</name>
         <load_address>0xb1d82</load_address>
         <run_address>0xb1d82</run_address>
         <size>0x9f</size>
         <input_file_ref idref="fl-43"/>
      </object_component>
      <object_component id="oc-101b">
         <name>.debug_info</name>
         <load_address>0xb1e21</load_address>
         <run_address>0xb1e21</run_address>
         <size>0x69</size>
         <input_file_ref idref="fl-43"/>
      </object_component>
      <object_component id="oc-1044">
         <name>.debug_info</name>
         <load_address>0xb1e8a</load_address>
         <run_address>0xb1e8a</run_address>
         <size>0xa58</size>
         <input_file_ref idref="fl-44"/>
      </object_component>
      <object_component id="oc-bd0">
         <name>.debug_info</name>
         <load_address>0xb28e2</load_address>
         <run_address>0xb28e2</run_address>
         <size>0x43b</size>
         <input_file_ref idref="fl-44"/>
      </object_component>
      <object_component id="oc-14be">
         <name>.debug_info</name>
         <load_address>0xb2d1d</load_address>
         <run_address>0xb2d1d</run_address>
         <size>0x875</size>
         <input_file_ref idref="fl-45"/>
      </object_component>
      <object_component id="oc-11d5">
         <name>.debug_info</name>
         <load_address>0xb3592</load_address>
         <run_address>0xb3592</run_address>
         <size>0x36b</size>
         <input_file_ref idref="fl-45"/>
      </object_component>
      <object_component id="oc-799">
         <name>.debug_info</name>
         <load_address>0xb38fd</load_address>
         <run_address>0xb38fd</run_address>
         <size>0x767</size>
         <input_file_ref idref="fl-46"/>
      </object_component>
      <object_component id="oc-387">
         <name>.debug_info</name>
         <load_address>0xb4064</load_address>
         <run_address>0xb4064</run_address>
         <size>0x3e7</size>
         <input_file_ref idref="fl-46"/>
      </object_component>
      <object_component id="oc-7ce">
         <name>.debug_info</name>
         <load_address>0xb444b</load_address>
         <run_address>0xb444b</run_address>
         <size>0xeb2</size>
         <input_file_ref idref="fl-47"/>
      </object_component>
      <object_component id="oc-b41">
         <name>.debug_info</name>
         <load_address>0xb52fd</load_address>
         <run_address>0xb52fd</run_address>
         <size>0x2de</size>
         <input_file_ref idref="fl-47"/>
      </object_component>
      <object_component id="oc-1653">
         <name>.debug_info</name>
         <load_address>0xb55db</load_address>
         <run_address>0xb55db</run_address>
         <size>0x3b4</size>
         <input_file_ref idref="fl-47"/>
      </object_component>
      <object_component id="oc-b8b">
         <name>.debug_info</name>
         <load_address>0xb598f</load_address>
         <run_address>0xb598f</run_address>
         <size>0x331</size>
         <input_file_ref idref="fl-47"/>
      </object_component>
      <object_component id="oc-18c0">
         <name>.debug_info</name>
         <load_address>0xb5cc0</load_address>
         <run_address>0xb5cc0</run_address>
         <size>0x2da</size>
         <input_file_ref idref="fl-47"/>
      </object_component>
      <object_component id="oc-1880">
         <name>.debug_info</name>
         <load_address>0xb5f9a</load_address>
         <run_address>0xb5f9a</run_address>
         <size>0x382</size>
         <input_file_ref idref="fl-47"/>
      </object_component>
      <object_component id="oc-13ad">
         <name>.debug_info</name>
         <load_address>0xb631c</load_address>
         <run_address>0xb631c</run_address>
         <size>0x4b2</size>
         <input_file_ref idref="fl-47"/>
      </object_component>
      <object_component id="oc-397">
         <name>.debug_info</name>
         <load_address>0xb67ce</load_address>
         <run_address>0xb67ce</run_address>
         <size>0x2d6</size>
         <input_file_ref idref="fl-47"/>
      </object_component>
      <object_component id="oc-c43">
         <name>.debug_info</name>
         <load_address>0xb6aa4</load_address>
         <run_address>0xb6aa4</run_address>
         <size>0x2cf</size>
         <input_file_ref idref="fl-47"/>
      </object_component>
      <object_component id="oc-c4d">
         <name>.debug_info</name>
         <load_address>0xb6d73</load_address>
         <run_address>0xb6d73</run_address>
         <size>0x267</size>
         <input_file_ref idref="fl-47"/>
      </object_component>
      <object_component id="oc-c48">
         <name>.debug_info</name>
         <load_address>0xb6fda</load_address>
         <run_address>0xb6fda</run_address>
         <size>0xb2f</size>
         <input_file_ref idref="fl-47"/>
      </object_component>
      <object_component id="oc-7f5">
         <name>.debug_info</name>
         <load_address>0xb7b09</load_address>
         <run_address>0xb7b09</run_address>
         <size>0x8a6</size>
         <input_file_ref idref="fl-48"/>
      </object_component>
      <object_component id="oc-3ad">
         <name>.debug_info</name>
         <load_address>0xb83af</load_address>
         <run_address>0xb83af</run_address>
         <size>0x30b</size>
         <input_file_ref idref="fl-48"/>
      </object_component>
      <object_component id="oc-268">
         <name>.debug_info</name>
         <load_address>0xb86ba</load_address>
         <run_address>0xb86ba</run_address>
         <size>0x2f1</size>
         <input_file_ref idref="fl-48"/>
      </object_component>
      <object_component id="oc-c70">
         <name>.debug_info</name>
         <load_address>0xb89ab</load_address>
         <run_address>0xb89ab</run_address>
         <size>0xb5c</size>
         <input_file_ref idref="fl-48"/>
      </object_component>
      <object_component id="oc-ba4">
         <name>.debug_info</name>
         <load_address>0xb9507</load_address>
         <run_address>0xb9507</run_address>
         <size>0xa97</size>
         <input_file_ref idref="fl-49"/>
      </object_component>
      <object_component id="oc-bf6">
         <name>.debug_info</name>
         <load_address>0xb9f9e</load_address>
         <run_address>0xb9f9e</run_address>
         <size>0x2e3</size>
         <input_file_ref idref="fl-49"/>
      </object_component>
      <object_component id="oc-7a3">
         <name>.debug_info</name>
         <load_address>0xba281</load_address>
         <run_address>0xba281</run_address>
         <size>0x42e</size>
         <input_file_ref idref="fl-49"/>
      </object_component>
      <object_component id="oc-b99">
         <name>.debug_info</name>
         <load_address>0xba6af</load_address>
         <run_address>0xba6af</run_address>
         <size>0x37f</size>
         <input_file_ref idref="fl-49"/>
      </object_component>
      <object_component id="oc-7d0">
         <name>.debug_info</name>
         <load_address>0xbaa2e</load_address>
         <run_address>0xbaa2e</run_address>
         <size>0x327</size>
         <input_file_ref idref="fl-49"/>
      </object_component>
      <object_component id="oc-75c">
         <name>.debug_info</name>
         <load_address>0xbad55</load_address>
         <run_address>0xbad55</run_address>
         <size>0x335</size>
         <input_file_ref idref="fl-49"/>
      </object_component>
      <object_component id="oc-1014">
         <name>.debug_info</name>
         <load_address>0xbb08a</load_address>
         <run_address>0xbb08a</run_address>
         <size>0x19b</size>
         <input_file_ref idref="fl-49"/>
      </object_component>
      <object_component id="oc-b9f">
         <name>.debug_info</name>
         <load_address>0xbb225</load_address>
         <run_address>0xbb225</run_address>
         <size>0xb8c</size>
         <input_file_ref idref="fl-49"/>
      </object_component>
      <object_component id="oc-ae9">
         <name>.debug_info</name>
         <load_address>0xbbdb1</load_address>
         <run_address>0xbbdb1</run_address>
         <size>0xa37</size>
         <input_file_ref idref="fl-4a"/>
      </object_component>
      <object_component id="oc-698">
         <name>.debug_info</name>
         <load_address>0xbc7e8</load_address>
         <run_address>0xbc7e8</run_address>
         <size>0x372</size>
         <input_file_ref idref="fl-4a"/>
      </object_component>
      <object_component id="oc-c82">
         <name>.debug_info</name>
         <load_address>0xbcb5a</load_address>
         <run_address>0xbcb5a</run_address>
         <size>0x2ca</size>
         <input_file_ref idref="fl-4a"/>
      </object_component>
      <object_component id="oc-a6">
         <name>.debug_info</name>
         <load_address>0xbce24</load_address>
         <run_address>0xbce24</run_address>
         <size>0x2eb</size>
         <input_file_ref idref="fl-4a"/>
      </object_component>
      <object_component id="oc-eee">
         <name>.debug_info</name>
         <load_address>0xbd10f</load_address>
         <run_address>0xbd10f</run_address>
         <size>0x30c</size>
         <input_file_ref idref="fl-4a"/>
      </object_component>
      <object_component id="oc-ef3">
         <name>.debug_info</name>
         <load_address>0xbd41b</load_address>
         <run_address>0xbd41b</run_address>
         <size>0xb4a</size>
         <input_file_ref idref="fl-4a"/>
      </object_component>
      <object_component id="oc-c3">
         <name>.debug_info</name>
         <load_address>0xbdf65</load_address>
         <run_address>0xbdf65</run_address>
         <size>0xc9f</size>
         <input_file_ref idref="fl-4b"/>
      </object_component>
      <object_component id="oc-1485">
         <name>.debug_info</name>
         <load_address>0xbec04</load_address>
         <run_address>0xbec04</run_address>
         <size>0x36e</size>
         <input_file_ref idref="fl-4b"/>
      </object_component>
      <object_component id="oc-148b">
         <name>.debug_info</name>
         <load_address>0xbef72</load_address>
         <run_address>0xbef72</run_address>
         <size>0x376</size>
         <input_file_ref idref="fl-4b"/>
      </object_component>
      <object_component id="oc-115e">
         <name>.debug_info</name>
         <load_address>0xbf2e8</load_address>
         <run_address>0xbf2e8</run_address>
         <size>0x4be</size>
         <input_file_ref idref="fl-4b"/>
      </object_component>
      <object_component id="oc-18ec">
         <name>.debug_info</name>
         <load_address>0xbf7a6</load_address>
         <run_address>0xbf7a6</run_address>
         <size>0x334</size>
         <input_file_ref idref="fl-4b"/>
      </object_component>
      <object_component id="oc-d68">
         <name>.debug_info</name>
         <load_address>0xbfada</load_address>
         <run_address>0xbfada</run_address>
         <size>0x357</size>
         <input_file_ref idref="fl-4b"/>
      </object_component>
      <object_component id="oc-b6">
         <name>.debug_info</name>
         <load_address>0xbfe31</load_address>
         <run_address>0xbfe31</run_address>
         <size>0x355</size>
         <input_file_ref idref="fl-4b"/>
      </object_component>
      <object_component id="oc-8a4">
         <name>.debug_info</name>
         <load_address>0xc0186</load_address>
         <run_address>0xc0186</run_address>
         <size>0x304</size>
         <input_file_ref idref="fl-4b"/>
      </object_component>
      <object_component id="oc-69">
         <name>.debug_info</name>
         <load_address>0xc048a</load_address>
         <run_address>0xc048a</run_address>
         <size>0x30e</size>
         <input_file_ref idref="fl-4b"/>
      </object_component>
      <object_component id="oc-1912">
         <name>.debug_info</name>
         <load_address>0xc0798</load_address>
         <run_address>0xc0798</run_address>
         <size>0x359</size>
         <input_file_ref idref="fl-4b"/>
      </object_component>
      <object_component id="oc-c8f">
         <name>.debug_info</name>
         <load_address>0xc0af1</load_address>
         <run_address>0xc0af1</run_address>
         <size>0x352</size>
         <input_file_ref idref="fl-4b"/>
      </object_component>
      <object_component id="oc-18f4">
         <name>.debug_info</name>
         <load_address>0xc0e43</load_address>
         <run_address>0xc0e43</run_address>
         <size>0x307</size>
         <input_file_ref idref="fl-4b"/>
      </object_component>
      <object_component id="oc-450">
         <name>.debug_info</name>
         <load_address>0xc114a</load_address>
         <run_address>0xc114a</run_address>
         <size>0x337</size>
         <input_file_ref idref="fl-4b"/>
      </object_component>
      <object_component id="oc-11e9">
         <name>.debug_info</name>
         <load_address>0xc1481</load_address>
         <run_address>0xc1481</run_address>
         <size>0x2e4</size>
         <input_file_ref idref="fl-4b"/>
      </object_component>
      <object_component id="oc-28c">
         <name>.debug_info</name>
         <load_address>0xc1765</load_address>
         <run_address>0xc1765</run_address>
         <size>0x2b4</size>
         <input_file_ref idref="fl-4b"/>
      </object_component>
      <object_component id="oc-291">
         <name>.debug_info</name>
         <load_address>0xc1a19</load_address>
         <run_address>0xc1a19</run_address>
         <size>0x2aa</size>
         <input_file_ref idref="fl-4b"/>
      </object_component>
      <object_component id="oc-1494">
         <name>.debug_info</name>
         <load_address>0xc1cc3</load_address>
         <run_address>0xc1cc3</run_address>
         <size>0x47</size>
         <input_file_ref idref="fl-4b"/>
      </object_component>
      <object_component id="oc-287">
         <name>.debug_info</name>
         <load_address>0xc1d0a</load_address>
         <run_address>0xc1d0a</run_address>
         <size>0xb4a</size>
         <input_file_ref idref="fl-4b"/>
      </object_component>
      <object_component id="oc-1155">
         <name>.debug_info</name>
         <load_address>0xc2854</load_address>
         <run_address>0xc2854</run_address>
         <size>0x957</size>
         <input_file_ref idref="fl-4c"/>
      </object_component>
      <object_component id="oc-1157">
         <name>.debug_info</name>
         <load_address>0xc31ab</load_address>
         <run_address>0xc31ab</run_address>
         <size>0x2c1</size>
         <input_file_ref idref="fl-4c"/>
      </object_component>
      <object_component id="oc-d5e">
         <name>.debug_info</name>
         <load_address>0xc346c</load_address>
         <run_address>0xc346c</run_address>
         <size>0x323</size>
         <input_file_ref idref="fl-4c"/>
      </object_component>
      <object_component id="oc-228">
         <name>.debug_info</name>
         <load_address>0xc378f</load_address>
         <run_address>0xc378f</run_address>
         <size>0x326</size>
         <input_file_ref idref="fl-4c"/>
      </object_component>
      <object_component id="oc-26e">
         <name>.debug_info</name>
         <load_address>0xc3ab5</load_address>
         <run_address>0xc3ab5</run_address>
         <size>0x2ef</size>
         <input_file_ref idref="fl-4c"/>
      </object_component>
      <object_component id="oc-899">
         <name>.debug_info</name>
         <load_address>0xc3da4</load_address>
         <run_address>0xc3da4</run_address>
         <size>0x32c</size>
         <input_file_ref idref="fl-4c"/>
      </object_component>
      <object_component id="oc-11ee">
         <name>.debug_info</name>
         <load_address>0xc40d0</load_address>
         <run_address>0xc40d0</run_address>
         <size>0x2f3</size>
         <input_file_ref idref="fl-4c"/>
      </object_component>
      <object_component id="oc-147e">
         <name>.debug_info</name>
         <load_address>0xc43c3</load_address>
         <run_address>0xc43c3</run_address>
         <size>0x277</size>
         <input_file_ref idref="fl-4c"/>
      </object_component>
      <object_component id="oc-1479">
         <name>.debug_info</name>
         <load_address>0xc463a</load_address>
         <run_address>0xc463a</run_address>
         <size>0xb71</size>
         <input_file_ref idref="fl-4c"/>
      </object_component>
      <object_component id="oc-1003">
         <name>.debug_info</name>
         <load_address>0xc51ab</load_address>
         <run_address>0xc51ab</run_address>
         <size>0xb70</size>
         <input_file_ref idref="fl-4d"/>
      </object_component>
      <object_component id="oc-189d">
         <name>.debug_info</name>
         <load_address>0xc5d1b</load_address>
         <run_address>0xc5d1b</run_address>
         <size>0x35c</size>
         <input_file_ref idref="fl-4d"/>
      </object_component>
      <object_component id="oc-b85">
         <name>.debug_info</name>
         <load_address>0xc6077</load_address>
         <run_address>0xc6077</run_address>
         <size>0x2df</size>
         <input_file_ref idref="fl-4d"/>
      </object_component>
      <object_component id="oc-18e4">
         <name>.debug_info</name>
         <load_address>0xc6356</load_address>
         <run_address>0xc6356</run_address>
         <size>0x32e</size>
         <input_file_ref idref="fl-4d"/>
      </object_component>
      <object_component id="oc-1926">
         <name>.debug_info</name>
         <load_address>0xc6684</load_address>
         <run_address>0xc6684</run_address>
         <size>0x3b6</size>
         <input_file_ref idref="fl-4d"/>
      </object_component>
      <object_component id="oc-1897">
         <name>.debug_info</name>
         <load_address>0xc6a3a</load_address>
         <run_address>0xc6a3a</run_address>
         <size>0x39d</size>
         <input_file_ref idref="fl-4d"/>
      </object_component>
      <object_component id="oc-17ff">
         <name>.debug_info</name>
         <load_address>0xc6dd7</load_address>
         <run_address>0xc6dd7</run_address>
         <size>0x3cf</size>
         <input_file_ref idref="fl-4d"/>
      </object_component>
      <object_component id="oc-17f9">
         <name>.debug_info</name>
         <load_address>0xc71a6</load_address>
         <run_address>0xc71a6</run_address>
         <size>0x398</size>
         <input_file_ref idref="fl-4d"/>
      </object_component>
      <object_component id="oc-14af">
         <name>.debug_info</name>
         <load_address>0xc753e</load_address>
         <run_address>0xc753e</run_address>
         <size>0x2df</size>
         <input_file_ref idref="fl-4d"/>
      </object_component>
      <object_component id="oc-13a7">
         <name>.debug_info</name>
         <load_address>0xc781d</load_address>
         <run_address>0xc781d</run_address>
         <size>0x155</size>
         <input_file_ref idref="fl-4d"/>
      </object_component>
      <object_component id="oc-ffe">
         <name>.debug_info</name>
         <load_address>0xc7972</load_address>
         <run_address>0xc7972</run_address>
         <size>0x351</size>
         <input_file_ref idref="fl-4d"/>
      </object_component>
      <object_component id="oc-13a0">
         <name>.debug_info</name>
         <load_address>0xc7cc3</load_address>
         <run_address>0xc7cc3</run_address>
         <size>0xb38</size>
         <input_file_ref idref="fl-4d"/>
      </object_component>
      <object_component id="oc-1901">
         <name>.debug_info</name>
         <load_address>0xc87fb</load_address>
         <run_address>0xc87fb</run_address>
         <size>0x8e1</size>
         <input_file_ref idref="fl-4f"/>
      </object_component>
      <object_component id="oc-18d5">
         <name>.debug_info</name>
         <load_address>0xc90dc</load_address>
         <run_address>0xc90dc</run_address>
         <size>0x2fc</size>
         <input_file_ref idref="fl-4f"/>
      </object_component>
      <object_component id="oc-1920">
         <name>.debug_info</name>
         <load_address>0xc93d8</load_address>
         <run_address>0xc93d8</run_address>
         <size>0x198</size>
         <input_file_ref idref="fl-4f"/>
      </object_component>
      <object_component id="oc-191b">
         <name>.debug_info</name>
         <load_address>0xc9570</load_address>
         <run_address>0xc9570</run_address>
         <size>0xb71</size>
         <input_file_ref idref="fl-4f"/>
      </object_component>
      <object_component id="oc-26">
         <name>.debug_info</name>
         <load_address>0xca0e1</load_address>
         <run_address>0xca0e1</run_address>
         <size>0x175</size>
         <input_file_ref idref="fl-50"/>
      </object_component>
      <object_component id="oc-5d">
         <name>.debug_info</name>
         <load_address>0xca256</load_address>
         <run_address>0xca256</run_address>
         <size>0x19c</size>
         <input_file_ref idref="fl-51"/>
      </object_component>
      <object_component id="oc-1227">
         <name>.debug_info</name>
         <load_address>0xca3f2</load_address>
         <run_address>0xca3f2</run_address>
         <size>0xe1</size>
         <input_file_ref idref="fl-52"/>
      </object_component>
      <object_component id="oc-b2c">
         <name>.debug_info</name>
         <load_address>0xca4d3</load_address>
         <run_address>0xca4d3</run_address>
         <size>0xe7</size>
         <input_file_ref idref="fl-52"/>
      </object_component>
      <object_component id="oc-b0e">
         <name>.debug_info</name>
         <load_address>0xca5ba</load_address>
         <run_address>0xca5ba</run_address>
         <size>0xe6</size>
         <input_file_ref idref="fl-52"/>
      </object_component>
      <object_component id="oc-aeb">
         <name>.debug_info</name>
         <load_address>0xca6a0</load_address>
         <run_address>0xca6a0</run_address>
         <size>0x5ef</size>
         <input_file_ref idref="fl-53"/>
      </object_component>
      <object_component id="oc-69f">
         <name>.debug_info</name>
         <load_address>0xcac8f</load_address>
         <run_address>0xcac8f</run_address>
         <size>0x132</size>
         <input_file_ref idref="fl-53"/>
      </object_component>
      <object_component id="oc-6a5">
         <name>.debug_info</name>
         <load_address>0xcadc1</load_address>
         <run_address>0xcadc1</run_address>
         <size>0x1b9</size>
         <input_file_ref idref="fl-53"/>
      </object_component>
      <object_component id="oc-af6">
         <name>.debug_info</name>
         <load_address>0xcaf7a</load_address>
         <run_address>0xcaf7a</run_address>
         <size>0x5c8</size>
         <input_file_ref idref="fl-55"/>
      </object_component>
      <object_component id="oc-6b1">
         <name>.debug_info</name>
         <load_address>0xcb542</load_address>
         <run_address>0xcb542</run_address>
         <size>0x175</size>
         <input_file_ref idref="fl-55"/>
      </object_component>
      <object_component id="oc-6be">
         <name>.debug_info</name>
         <load_address>0xcb6b7</load_address>
         <run_address>0xcb6b7</run_address>
         <size>0x18d</size>
         <input_file_ref idref="fl-55"/>
      </object_component>
      <object_component id="oc-6b8">
         <name>.debug_info</name>
         <load_address>0xcb844</load_address>
         <run_address>0xcb844</run_address>
         <size>0x18f</size>
         <input_file_ref idref="fl-55"/>
      </object_component>
      <object_component id="oc-74b">
         <name>.debug_info</name>
         <load_address>0xcb9d3</load_address>
         <run_address>0xcb9d3</run_address>
         <size>0x4a4</size>
         <input_file_ref idref="fl-56"/>
      </object_component>
      <object_component id="oc-748">
         <name>.debug_info</name>
         <load_address>0xcbe77</load_address>
         <run_address>0xcbe77</run_address>
         <size>0xd0</size>
         <input_file_ref idref="fl-56"/>
      </object_component>
      <object_component id="oc-363">
         <name>.debug_info</name>
         <load_address>0xcbf47</load_address>
         <run_address>0xcbf47</run_address>
         <size>0x183</size>
         <input_file_ref idref="fl-56"/>
      </object_component>
      <object_component id="oc-369">
         <name>.debug_info</name>
         <load_address>0xcc0ca</load_address>
         <run_address>0xcc0ca</run_address>
         <size>0x185</size>
         <input_file_ref idref="fl-56"/>
      </object_component>
      <object_component id="oc-6e5">
         <name>.debug_info</name>
         <load_address>0xcc24f</load_address>
         <run_address>0xcc24f</run_address>
         <size>0x18a</size>
         <input_file_ref idref="fl-56"/>
      </object_component>
      <object_component id="oc-6ec">
         <name>.debug_info</name>
         <load_address>0xcc3d9</load_address>
         <run_address>0xcc3d9</run_address>
         <size>0x18c</size>
         <input_file_ref idref="fl-56"/>
      </object_component>
      <object_component id="oc-6df">
         <name>.debug_info</name>
         <load_address>0xcc565</load_address>
         <run_address>0xcc565</run_address>
         <size>0x19c</size>
         <input_file_ref idref="fl-56"/>
      </object_component>
      <object_component id="oc-6fd">
         <name>.debug_info</name>
         <load_address>0xcc701</load_address>
         <run_address>0xcc701</run_address>
         <size>0x1be</size>
         <input_file_ref idref="fl-56"/>
      </object_component>
      <object_component id="oc-6f7">
         <name>.debug_info</name>
         <load_address>0xcc8bf</load_address>
         <run_address>0xcc8bf</run_address>
         <size>0x1c2</size>
         <input_file_ref idref="fl-56"/>
      </object_component>
      <object_component id="oc-6f1">
         <name>.debug_info</name>
         <load_address>0xcca81</load_address>
         <run_address>0xcca81</run_address>
         <size>0x19a</size>
         <input_file_ref idref="fl-56"/>
      </object_component>
      <object_component id="oc-70f">
         <name>.debug_info</name>
         <load_address>0xccc1b</load_address>
         <run_address>0xccc1b</run_address>
         <size>0x1e3</size>
         <input_file_ref idref="fl-56"/>
      </object_component>
      <object_component id="oc-f86">
         <name>.debug_info</name>
         <load_address>0xccdfe</load_address>
         <run_address>0xccdfe</run_address>
         <size>0x189</size>
         <input_file_ref idref="fl-56"/>
      </object_component>
      <object_component id="oc-b5f">
         <name>.debug_info</name>
         <load_address>0xccf87</load_address>
         <run_address>0xccf87</run_address>
         <size>0x1ae</size>
         <input_file_ref idref="fl-56"/>
      </object_component>
      <object_component id="oc-715">
         <name>.debug_info</name>
         <load_address>0xcd135</load_address>
         <run_address>0xcd135</run_address>
         <size>0x188</size>
         <input_file_ref idref="fl-56"/>
      </object_component>
      <object_component id="oc-1553">
         <name>.debug_info</name>
         <load_address>0xcd2bd</load_address>
         <run_address>0xcd2bd</run_address>
         <size>0x4ac</size>
         <input_file_ref idref="fl-57"/>
      </object_component>
      <object_component id="oc-15d3">
         <name>.debug_info</name>
         <load_address>0xcd769</load_address>
         <run_address>0xcd769</run_address>
         <size>0x182</size>
         <input_file_ref idref="fl-57"/>
      </object_component>
      <object_component id="oc-15ac">
         <name>.debug_info</name>
         <load_address>0xcd8eb</load_address>
         <run_address>0xcd8eb</run_address>
         <size>0x152</size>
         <input_file_ref idref="fl-57"/>
      </object_component>
      <object_component id="oc-15d9">
         <name>.debug_info</name>
         <load_address>0xcda3d</load_address>
         <run_address>0xcda3d</run_address>
         <size>0x143</size>
         <input_file_ref idref="fl-57"/>
      </object_component>
      <object_component id="oc-15c4">
         <name>.debug_info</name>
         <load_address>0xcdb80</load_address>
         <run_address>0xcdb80</run_address>
         <size>0x17d</size>
         <input_file_ref idref="fl-57"/>
      </object_component>
      <object_component id="oc-15be">
         <name>.debug_info</name>
         <load_address>0xcdcfd</load_address>
         <run_address>0xcdcfd</run_address>
         <size>0x181</size>
         <input_file_ref idref="fl-57"/>
      </object_component>
      <object_component id="oc-15b2">
         <name>.debug_info</name>
         <load_address>0xcde7e</load_address>
         <run_address>0xcde7e</run_address>
         <size>0x149</size>
         <input_file_ref idref="fl-57"/>
      </object_component>
      <object_component id="oc-1279">
         <name>.debug_info</name>
         <load_address>0xcdfc7</load_address>
         <run_address>0xcdfc7</run_address>
         <size>0x159</size>
         <input_file_ref idref="fl-57"/>
      </object_component>
      <object_component id="oc-15a6">
         <name>.debug_info</name>
         <load_address>0xce120</load_address>
         <run_address>0xce120</run_address>
         <size>0x15d</size>
         <input_file_ref idref="fl-57"/>
      </object_component>
      <object_component id="oc-15b8">
         <name>.debug_info</name>
         <load_address>0xce27d</load_address>
         <run_address>0xce27d</run_address>
         <size>0x14b</size>
         <input_file_ref idref="fl-57"/>
      </object_component>
      <object_component id="oc-155a">
         <name>.debug_info</name>
         <load_address>0xce3c8</load_address>
         <run_address>0xce3c8</run_address>
         <size>0x160</size>
         <input_file_ref idref="fl-57"/>
      </object_component>
      <object_component id="oc-1773">
         <name>.debug_info</name>
         <load_address>0xce528</load_address>
         <run_address>0xce528</run_address>
         <size>0x16f</size>
         <input_file_ref idref="fl-57"/>
      </object_component>
      <object_component id="oc-15a0">
         <name>.debug_info</name>
         <load_address>0xce697</load_address>
         <run_address>0xce697</run_address>
         <size>0x173</size>
         <input_file_ref idref="fl-57"/>
      </object_component>
      <object_component id="oc-1566">
         <name>.debug_info</name>
         <load_address>0xce80a</load_address>
         <run_address>0xce80a</run_address>
         <size>0x13a</size>
         <input_file_ref idref="fl-57"/>
      </object_component>
      <object_component id="oc-12f5">
         <name>.debug_info</name>
         <load_address>0xce944</load_address>
         <run_address>0xce944</run_address>
         <size>0x165</size>
         <input_file_ref idref="fl-57"/>
      </object_component>
      <object_component id="oc-1291">
         <name>.debug_info</name>
         <load_address>0xceaa9</load_address>
         <run_address>0xceaa9</run_address>
         <size>0x13c</size>
         <input_file_ref idref="fl-57"/>
      </object_component>
      <object_component id="oc-1273">
         <name>.debug_info</name>
         <load_address>0xcebe5</load_address>
         <run_address>0xcebe5</run_address>
         <size>0x167</size>
         <input_file_ref idref="fl-57"/>
      </object_component>
      <object_component id="oc-1560">
         <name>.debug_info</name>
         <load_address>0xced4c</load_address>
         <run_address>0xced4c</run_address>
         <size>0x16b</size>
         <input_file_ref idref="fl-57"/>
      </object_component>
      <object_component id="oc-f2a">
         <name>.debug_info</name>
         <load_address>0xceeb7</load_address>
         <run_address>0xceeb7</run_address>
         <size>0x560</size>
         <input_file_ref idref="fl-59"/>
      </object_component>
      <object_component id="oc-f12">
         <name>.debug_info</name>
         <load_address>0xcf417</load_address>
         <run_address>0xcf417</run_address>
         <size>0x174</size>
         <input_file_ref idref="fl-59"/>
      </object_component>
      <object_component id="oc-f00">
         <name>.debug_info</name>
         <load_address>0xcf58b</load_address>
         <run_address>0xcf58b</run_address>
         <size>0xf9</size>
         <input_file_ref idref="fl-59"/>
      </object_component>
      <object_component id="oc-121b">
         <name>.debug_info</name>
         <load_address>0xcf684</load_address>
         <run_address>0xcf684</run_address>
         <size>0x112</size>
         <input_file_ref idref="fl-59"/>
      </object_component>
      <object_component id="oc-f1e">
         <name>.debug_info</name>
         <load_address>0xcf796</load_address>
         <run_address>0xcf796</run_address>
         <size>0x291</size>
         <input_file_ref idref="fl-59"/>
      </object_component>
      <object_component id="oc-1221">
         <name>.debug_info</name>
         <load_address>0xcfa27</load_address>
         <run_address>0xcfa27</run_address>
         <size>0x12e</size>
         <input_file_ref idref="fl-59"/>
      </object_component>
      <object_component id="oc-6ab">
         <name>.debug_info</name>
         <load_address>0xcfb55</load_address>
         <run_address>0xcfb55</run_address>
         <size>0x133</size>
         <input_file_ref idref="fl-59"/>
      </object_component>
      <object_component id="oc-f06">
         <name>.debug_info</name>
         <load_address>0xcfc88</load_address>
         <run_address>0xcfc88</run_address>
         <size>0x1b7</size>
         <input_file_ref idref="fl-59"/>
      </object_component>
      <object_component id="oc-f0c">
         <name>.debug_info</name>
         <load_address>0xcfe3f</load_address>
         <run_address>0xcfe3f</run_address>
         <size>0x12e</size>
         <input_file_ref idref="fl-59"/>
      </object_component>
      <object_component id="oc-1230">
         <name>.debug_info</name>
         <load_address>0xcff6d</load_address>
         <run_address>0xcff6d</run_address>
         <size>0x120</size>
         <input_file_ref idref="fl-59"/>
      </object_component>
      <object_component id="oc-f18">
         <name>.debug_info</name>
         <load_address>0xd008d</load_address>
         <run_address>0xd008d</run_address>
         <size>0x311</size>
         <input_file_ref idref="fl-59"/>
      </object_component>
      <object_component id="oc-f24">
         <name>.debug_info</name>
         <load_address>0xd039e</load_address>
         <run_address>0xd039e</run_address>
         <size>0xfd</size>
         <input_file_ref idref="fl-59"/>
      </object_component>
      <object_component id="oc-aef">
         <name>.debug_info</name>
         <load_address>0xd049b</load_address>
         <run_address>0xd049b</run_address>
         <size>0x54c</size>
         <input_file_ref idref="fl-59"/>
      </object_component>
      <object_component id="oc-32f">
         <name>.debug_info</name>
         <load_address>0xd09e7</load_address>
         <run_address>0xd09e7</run_address>
         <size>0xf7</size>
         <input_file_ref idref="fl-59"/>
      </object_component>
      <object_component id="oc-f55">
         <name>.debug_info</name>
         <load_address>0xd0ade</load_address>
         <run_address>0xd0ade</run_address>
         <size>0xf6</size>
         <input_file_ref idref="fl-5a"/>
      </object_component>
      <object_component id="oc-f49">
         <name>.debug_info</name>
         <load_address>0xd0bd4</load_address>
         <run_address>0xd0bd4</run_address>
         <size>0xf4</size>
         <input_file_ref idref="fl-5a"/>
      </object_component>
      <object_component id="oc-15e2">
         <name>.debug_info</name>
         <load_address>0xd0cc8</load_address>
         <run_address>0xd0cc8</run_address>
         <size>0x498</size>
         <input_file_ref idref="fl-5e"/>
      </object_component>
      <object_component id="oc-1389">
         <name>.debug_info</name>
         <load_address>0xd1160</load_address>
         <run_address>0xd1160</run_address>
         <size>0x181</size>
         <input_file_ref idref="fl-5e"/>
      </object_component>
      <object_component id="oc-137c">
         <name>.debug_info</name>
         <load_address>0xd12e1</load_address>
         <run_address>0xd12e1</run_address>
         <size>0x141</size>
         <input_file_ref idref="fl-5e"/>
      </object_component>
      <object_component id="oc-1618">
         <name>.debug_info</name>
         <load_address>0xd1422</load_address>
         <run_address>0xd1422</run_address>
         <size>0x16d</size>
         <input_file_ref idref="fl-5e"/>
      </object_component>
      <object_component id="oc-1606">
         <name>.debug_info</name>
         <load_address>0xd158f</load_address>
         <run_address>0xd158f</run_address>
         <size>0x169</size>
         <input_file_ref idref="fl-5e"/>
      </object_component>
      <object_component id="oc-1382">
         <name>.debug_info</name>
         <load_address>0xd16f8</load_address>
         <run_address>0xd16f8</run_address>
         <size>0x174</size>
         <input_file_ref idref="fl-5e"/>
      </object_component>
      <object_component id="oc-160c">
         <name>.debug_info</name>
         <load_address>0xd186c</load_address>
         <run_address>0xd186c</run_address>
         <size>0x13f</size>
         <input_file_ref idref="fl-5e"/>
      </object_component>
      <object_component id="oc-1328">
         <name>.debug_info</name>
         <load_address>0xd19ab</load_address>
         <run_address>0xd19ab</run_address>
         <size>0x168</size>
         <input_file_ref idref="fl-5e"/>
      </object_component>
      <object_component id="oc-1315">
         <name>.debug_info</name>
         <load_address>0xd1b13</load_address>
         <run_address>0xd1b13</run_address>
         <size>0x141</size>
         <input_file_ref idref="fl-5e"/>
      </object_component>
      <object_component id="oc-1309">
         <name>.debug_info</name>
         <load_address>0xd1c54</load_address>
         <run_address>0xd1c54</run_address>
         <size>0x16c</size>
         <input_file_ref idref="fl-5e"/>
      </object_component>
      <object_component id="oc-130f">
         <name>.debug_info</name>
         <load_address>0xd1dc0</load_address>
         <run_address>0xd1dc0</run_address>
         <size>0x170</size>
         <input_file_ref idref="fl-5e"/>
      </object_component>
      <object_component id="oc-f5b">
         <name>.debug_info</name>
         <load_address>0xd1f30</load_address>
         <run_address>0xd1f30</run_address>
         <size>0x117</size>
         <input_file_ref idref="fl-5f"/>
      </object_component>
      <object_component id="oc-f50">
         <name>.debug_info</name>
         <load_address>0xd2047</load_address>
         <run_address>0xd2047</run_address>
         <size>0x115</size>
         <input_file_ref idref="fl-5f"/>
      </object_component>
      <object_component id="oc-a48">
         <name>.debug_info</name>
         <load_address>0xd215c</load_address>
         <run_address>0xd215c</run_address>
         <size>0x124</size>
         <input_file_ref idref="fl-115"/>
      </object_component>
      <object_component id="oc-53c">
         <name>.debug_info</name>
         <load_address>0xd2280</load_address>
         <run_address>0xd2280</run_address>
         <size>0x113</size>
         <input_file_ref idref="fl-115"/>
      </object_component>
      <object_component id="oc-a41">
         <name>.debug_info</name>
         <load_address>0xd2393</load_address>
         <run_address>0xd2393</run_address>
         <size>0x21f</size>
         <input_file_ref idref="fl-115"/>
      </object_component>
      <object_component id="oc-b3">
         <name>.debug_info</name>
         <load_address>0xd25b2</load_address>
         <run_address>0xd25b2</run_address>
         <size>0x166</size>
         <input_file_ref idref="fl-116"/>
      </object_component>
      <object_component id="oc-62">
         <name>.debug_info</name>
         <load_address>0xd2718</load_address>
         <run_address>0xd2718</run_address>
         <size>0x167</size>
         <input_file_ref idref="fl-116"/>
      </object_component>
      <object_component id="oc-262">
         <name>.debug_info</name>
         <load_address>0xd287f</load_address>
         <run_address>0xd287f</run_address>
         <size>0x5e</size>
         <input_file_ref idref="fl-116"/>
      </object_component>
      <object_component id="oc-8e">
         <name>.debug_info</name>
         <load_address>0xd28dd</load_address>
         <run_address>0xd28dd</run_address>
         <size>0xf9</size>
         <input_file_ref idref="fl-117"/>
      </object_component>
      <object_component id="oc-16">
         <name>.debug_info</name>
         <load_address>0xd29d6</load_address>
         <run_address>0xd29d6</run_address>
         <size>0x245</size>
         <input_file_ref idref="fl-117"/>
      </object_component>
      <object_component id="oc-39">
         <name>.debug_info</name>
         <load_address>0xd2c1b</load_address>
         <run_address>0xd2c1b</run_address>
         <size>0x60</size>
         <input_file_ref idref="fl-117"/>
      </object_component>
      <object_component id="oc-89">
         <name>.debug_info</name>
         <load_address>0xd2c7b</load_address>
         <run_address>0xd2c7b</run_address>
         <size>0x46</size>
         <input_file_ref idref="fl-117"/>
      </object_component>
      <object_component id="oc-4e">
         <name>.debug_info</name>
         <load_address>0xd2cc1</load_address>
         <run_address>0xd2cc1</run_address>
         <size>0x140</size>
         <input_file_ref idref="fl-118"/>
      </object_component>
      <object_component id="oc-1a">
         <name>.debug_info</name>
         <load_address>0xd2e01</load_address>
         <run_address>0xd2e01</run_address>
         <size>0x1df</size>
         <input_file_ref idref="fl-118"/>
      </object_component>
      <object_component id="oc-49">
         <name>.debug_info</name>
         <load_address>0xd2fe0</load_address>
         <run_address>0xd2fe0</run_address>
         <size>0x46</size>
         <input_file_ref idref="fl-118"/>
      </object_component>
      <object_component id="oc-90">
         <name>.debug_info</name>
         <load_address>0xd3026</load_address>
         <run_address>0xd3026</run_address>
         <size>0x2c</size>
         <input_file_ref idref="fl-118"/>
      </object_component>
      <object_component id="oc-5a">
         <name>.debug_info</name>
         <load_address>0xd3052</load_address>
         <run_address>0xd3052</run_address>
         <size>0x12f</size>
         <input_file_ref idref="fl-119"/>
      </object_component>
      <object_component id="oc-22">
         <name>.debug_info</name>
         <load_address>0xd3181</load_address>
         <run_address>0xd3181</run_address>
         <size>0x1aa</size>
         <input_file_ref idref="fl-119"/>
      </object_component>
      <object_component id="oc-55">
         <name>.debug_info</name>
         <load_address>0xd332b</load_address>
         <run_address>0xd332b</run_address>
         <size>0x46</size>
         <input_file_ref idref="fl-119"/>
      </object_component>
      <object_component id="oc-98">
         <name>.debug_info</name>
         <load_address>0xd3371</load_address>
         <run_address>0xd3371</run_address>
         <size>0x2c</size>
         <input_file_ref idref="fl-119"/>
      </object_component>
      <object_component id="oc-1e9">
         <name>.debug_info</name>
         <load_address>0xd339d</load_address>
         <run_address>0xd339d</run_address>
         <size>0x1e0</size>
         <input_file_ref idref="fl-11a"/>
      </object_component>
      <object_component id="oc-a1">
         <name>.debug_info</name>
         <load_address>0xd357d</load_address>
         <run_address>0xd357d</run_address>
         <size>0x183</size>
         <input_file_ref idref="fl-11a"/>
      </object_component>
      <object_component id="oc-30d">
         <name>.debug_info</name>
         <load_address>0xd3700</load_address>
         <run_address>0xd3700</run_address>
         <size>0x2c</size>
         <input_file_ref idref="fl-11a"/>
      </object_component>
      <object_component id="oc-67e">
         <name>.debug_info</name>
         <load_address>0xd372c</load_address>
         <run_address>0xd372c</run_address>
         <size>0x39</size>
         <input_file_ref idref="fl-11a"/>
      </object_component>
      <object_component id="oc-312">
         <name>.debug_info</name>
         <load_address>0xd3765</load_address>
         <run_address>0xd3765</run_address>
         <size>0xcd</size>
         <input_file_ref idref="fl-11a"/>
      </object_component>
      <object_component id="oc-e77">
         <name>.debug_info</name>
         <load_address>0xd3832</load_address>
         <run_address>0xd3832</run_address>
         <size>0x1ee</size>
         <input_file_ref idref="fl-11b"/>
      </object_component>
      <object_component id="oc-e6f">
         <name>.debug_info</name>
         <load_address>0xd3a20</load_address>
         <run_address>0xd3a20</run_address>
         <size>0x11e</size>
         <input_file_ref idref="fl-11b"/>
      </object_component>
      <object_component id="oc-9d6">
         <name>.debug_info</name>
         <load_address>0xd3b3e</load_address>
         <run_address>0xd3b3e</run_address>
         <size>0x2e6</size>
         <input_file_ref idref="fl-11b"/>
      </object_component>
      <object_component id="oc-e72">
         <name>.debug_info</name>
         <load_address>0xd3e24</load_address>
         <run_address>0xd3e24</run_address>
         <size>0x39</size>
         <input_file_ref idref="fl-11b"/>
      </object_component>
      <object_component id="oc-e83">
         <name>.debug_info</name>
         <load_address>0xd3e5d</load_address>
         <run_address>0xd3e5d</run_address>
         <size>0x149</size>
         <input_file_ref idref="fl-11c"/>
      </object_component>
      <object_component id="oc-a1c">
         <name>.debug_info</name>
         <load_address>0xd3fa6</load_address>
         <run_address>0xd3fa6</run_address>
         <size>0x240</size>
         <input_file_ref idref="fl-11c"/>
      </object_component>
      <object_component id="oc-1193">
         <name>.debug_info</name>
         <load_address>0xd41e6</load_address>
         <run_address>0xd41e6</run_address>
         <size>0x117</size>
         <input_file_ref idref="fl-11d"/>
      </object_component>
      <object_component id="oc-e60">
         <name>.debug_info</name>
         <load_address>0xd42fd</load_address>
         <run_address>0xd42fd</run_address>
         <size>0x14d</size>
         <input_file_ref idref="fl-11d"/>
      </object_component>
      <object_component id="oc-e6c">
         <name>.debug_info</name>
         <load_address>0xd444a</load_address>
         <run_address>0xd444a</run_address>
         <size>0xf3</size>
         <input_file_ref idref="fl-11e"/>
      </object_component>
      <object_component id="oc-53f">
         <name>.debug_info</name>
         <load_address>0xd453d</load_address>
         <run_address>0xd453d</run_address>
         <size>0x234</size>
         <input_file_ref idref="fl-11f"/>
      </object_component>
      <object_component id="oc-539">
         <name>.debug_info</name>
         <load_address>0xd4771</load_address>
         <run_address>0xd4771</run_address>
         <size>0x185</size>
         <input_file_ref idref="fl-11f"/>
      </object_component>
      <object_component id="oc-279">
         <name>.debug_info</name>
         <load_address>0xd48f6</load_address>
         <run_address>0xd48f6</run_address>
         <size>0x214</size>
         <input_file_ref idref="fl-11f"/>
      </object_component>
      <object_component id="oc-d04">
         <name>.debug_info</name>
         <load_address>0xd4b0a</load_address>
         <run_address>0xd4b0a</run_address>
         <size>0x144</size>
         <input_file_ref idref="fl-120"/>
      </object_component>
      <object_component id="oc-ce0">
         <name>.debug_info</name>
         <load_address>0xd4c4e</load_address>
         <run_address>0xd4c4e</run_address>
         <size>0x120</size>
         <input_file_ref idref="fl-121"/>
      </object_component>
      <object_component id="oc-cf1">
         <name>.debug_info</name>
         <load_address>0xd4d6e</load_address>
         <run_address>0xd4d6e</run_address>
         <size>0x122</size>
         <input_file_ref idref="fl-121"/>
      </object_component>
      <object_component id="oc-ce5">
         <name>.debug_info</name>
         <load_address>0xd4e90</load_address>
         <run_address>0xd4e90</run_address>
         <size>0x132</size>
         <input_file_ref idref="fl-122"/>
      </object_component>
      <object_component id="oc-a24">
         <name>.debug_info</name>
         <load_address>0xd4fc2</load_address>
         <run_address>0xd4fc2</run_address>
         <size>0x136</size>
         <input_file_ref idref="fl-123"/>
      </object_component>
      <object_component id="oc-40c">
         <name>.debug_info</name>
         <load_address>0xd50f8</load_address>
         <run_address>0xd50f8</run_address>
         <size>0x124</size>
         <input_file_ref idref="fl-124"/>
      </object_component>
      <object_component id="oc-44">
         <name>.debug_info</name>
         <load_address>0xd521c</load_address>
         <run_address>0xd521c</run_address>
         <size>0x111</size>
         <input_file_ref idref="fl-125"/>
      </object_component>
      <object_component id="oc-52">
         <name>.debug_info</name>
         <load_address>0xd532d</load_address>
         <run_address>0xd532d</run_address>
         <size>0x13f</size>
         <input_file_ref idref="fl-126"/>
      </object_component>
      <object_component id="oc-119b">
         <name>.debug_info</name>
         <load_address>0xd546c</load_address>
         <run_address>0xd546c</run_address>
         <size>0x165</size>
         <input_file_ref idref="fl-127"/>
      </object_component>
      <object_component id="oc-e68">
         <name>.debug_info</name>
         <load_address>0xd55d1</load_address>
         <run_address>0xd55d1</run_address>
         <size>0x19f</size>
         <input_file_ref idref="fl-127"/>
      </object_component>
      <object_component id="oc-111b">
         <name>.debug_info</name>
         <load_address>0xd5770</load_address>
         <run_address>0xd5770</run_address>
         <size>0x2c</size>
         <input_file_ref idref="fl-127"/>
      </object_component>
      <object_component id="oc-847">
         <name>.debug_info</name>
         <load_address>0xd579c</load_address>
         <run_address>0xd579c</run_address>
         <size>0x1c2</size>
         <input_file_ref idref="fl-128"/>
      </object_component>
      <object_component id="oc-412">
         <name>.debug_info</name>
         <load_address>0xd595e</load_address>
         <run_address>0xd595e</run_address>
         <size>0x33e</size>
         <input_file_ref idref="fl-128"/>
      </object_component>
      <object_component id="oc-848">
         <name>.debug_info</name>
         <load_address>0xd5c9c</load_address>
         <run_address>0xd5c9c</run_address>
         <size>0x2c</size>
         <input_file_ref idref="fl-128"/>
      </object_component>
      <object_component id="oc-84d">
         <name>.debug_info</name>
         <load_address>0xd5cc8</load_address>
         <run_address>0xd5cc8</run_address>
         <size>0x69</size>
         <input_file_ref idref="fl-128"/>
      </object_component>
      <object_component id="oc-6e">
         <name>.debug_info</name>
         <load_address>0xd5d31</load_address>
         <run_address>0xd5d31</run_address>
         <size>0x109</size>
         <input_file_ref idref="fl-129"/>
      </object_component>
      <object_component id="oc-875">
         <name>.debug_info</name>
         <load_address>0xd5e3a</load_address>
         <run_address>0xd5e3a</run_address>
         <size>0xea</size>
         <input_file_ref idref="fl-12b"/>
      </object_component>
      <object_component id="oc-41d">
         <name>.debug_info</name>
         <load_address>0xd5f24</load_address>
         <run_address>0xd5f24</run_address>
         <size>0x22a</size>
         <input_file_ref idref="fl-12b"/>
      </object_component>
      <object_component id="oc-1091">
         <name>.debug_info</name>
         <load_address>0xd614e</load_address>
         <run_address>0xd614e</run_address>
         <size>0x24f</size>
         <input_file_ref idref="fl-12c"/>
      </object_component>
      <object_component id="oc-108e">
         <name>.debug_info</name>
         <load_address>0xd639d</load_address>
         <run_address>0xd639d</run_address>
         <size>0xf8</size>
         <input_file_ref idref="fl-12c"/>
      </object_component>
      <object_component id="oc-c76">
         <name>.debug_info</name>
         <load_address>0xd6495</load_address>
         <run_address>0xd6495</run_address>
         <size>0xab9</size>
         <input_file_ref idref="fl-12c"/>
      </object_component>
      <object_component id="oc-1097">
         <name>.debug_info</name>
         <load_address>0xd6f4e</load_address>
         <run_address>0xd6f4e</run_address>
         <size>0x53</size>
         <input_file_ref idref="fl-12c"/>
      </object_component>
      <object_component id="oc-1092">
         <name>.debug_info</name>
         <load_address>0xd6fa1</load_address>
         <run_address>0xd6fa1</run_address>
         <size>0x2c</size>
         <input_file_ref idref="fl-12c"/>
      </object_component>
      <object_component id="oc-13e9">
         <name>.debug_info</name>
         <load_address>0xd6fcd</load_address>
         <run_address>0xd6fcd</run_address>
         <size>0x116</size>
         <input_file_ref idref="fl-12d"/>
      </object_component>
      <object_component id="oc-13e6">
         <name>.debug_info</name>
         <load_address>0xd70e3</load_address>
         <run_address>0xd70e3</run_address>
         <size>0xfd</size>
         <input_file_ref idref="fl-12d"/>
      </object_component>
      <object_component id="oc-1082">
         <name>.debug_info</name>
         <load_address>0xd71e0</load_address>
         <run_address>0xd71e0</run_address>
         <size>0x281</size>
         <input_file_ref idref="fl-12d"/>
      </object_component>
      <object_component id="oc-16be">
         <name>.debug_info</name>
         <load_address>0xd7461</load_address>
         <run_address>0xd7461</run_address>
         <size>0x13a</size>
         <input_file_ref idref="fl-12e"/>
      </object_component>
      <object_component id="oc-cdd">
         <name>.debug_info</name>
         <load_address>0xd759b</load_address>
         <run_address>0xd759b</run_address>
         <size>0x17d</size>
         <input_file_ref idref="fl-12f"/>
      </object_component>
      <object_component id="oc-d27">
         <name>.debug_info</name>
         <load_address>0xd7718</load_address>
         <run_address>0xd7718</run_address>
         <size>0x385</size>
         <input_file_ref idref="fl-130"/>
      </object_component>
      <object_component id="oc-841">
         <name>.debug_info</name>
         <load_address>0xd7a9d</load_address>
         <run_address>0xd7a9d</run_address>
         <size>0x1543</size>
         <input_file_ref idref="fl-130"/>
      </object_component>
      <object_component id="oc-d28">
         <name>.debug_info</name>
         <load_address>0xd8fe0</load_address>
         <run_address>0xd8fe0</run_address>
         <size>0x86</size>
         <input_file_ref idref="fl-130"/>
      </object_component>
      <object_component id="oc-1133">
         <name>.debug_info</name>
         <load_address>0xd9066</load_address>
         <run_address>0xd9066</run_address>
         <size>0x46</size>
         <input_file_ref idref="fl-130"/>
      </object_component>
      <object_component id="oc-d2d">
         <name>.debug_info</name>
         <load_address>0xd90ac</load_address>
         <run_address>0xd90ac</run_address>
         <size>0x39</size>
         <input_file_ref idref="fl-130"/>
      </object_component>
      <object_component id="oc-112e">
         <name>.debug_info</name>
         <load_address>0xd90e5</load_address>
         <run_address>0xd90e5</run_address>
         <size>0x114</size>
         <input_file_ref idref="fl-131"/>
      </object_component>
      <object_component id="oc-d1e">
         <name>.debug_info</name>
         <load_address>0xd91f9</load_address>
         <run_address>0xd91f9</run_address>
         <size>0x171</size>
         <input_file_ref idref="fl-131"/>
      </object_component>
      <object_component id="oc-1468">
         <name>.debug_info</name>
         <load_address>0xd936a</load_address>
         <run_address>0xd936a</run_address>
         <size>0xee</size>
         <input_file_ref idref="fl-132"/>
      </object_component>
      <object_component id="oc-112b">
         <name>.debug_info</name>
         <load_address>0xd9458</load_address>
         <run_address>0xd9458</run_address>
         <size>0xfa</size>
         <input_file_ref idref="fl-132"/>
      </object_component>
      <object_component id="oc-ceb">
         <name>.debug_info</name>
         <load_address>0xd9552</load_address>
         <run_address>0xd9552</run_address>
         <size>0x132</size>
         <input_file_ref idref="fl-133"/>
      </object_component>
      <object_component id="oc-cf5">
         <name>.debug_info</name>
         <load_address>0xd9684</load_address>
         <run_address>0xd9684</run_address>
         <size>0x126</size>
         <input_file_ref idref="fl-134"/>
      </object_component>
      <object_component id="oc-17f2">
         <name>.debug_info</name>
         <load_address>0xd97aa</load_address>
         <run_address>0xd97aa</run_address>
         <size>0x147</size>
         <input_file_ref idref="fl-135"/>
      </object_component>
      <object_component id="oc-cff">
         <name>.debug_info</name>
         <load_address>0xd98f1</load_address>
         <run_address>0xd98f1</run_address>
         <size>0x124</size>
         <input_file_ref idref="fl-136"/>
      </object_component>
      <object_component id="oc-1116">
         <name>.debug_info</name>
         <load_address>0xd9a15</load_address>
         <run_address>0xd9a15</run_address>
         <size>0x14c</size>
         <input_file_ref idref="fl-137"/>
      </object_component>
      <object_component id="oc-cf9">
         <name>.debug_info</name>
         <load_address>0xd9b61</load_address>
         <run_address>0xd9b61</run_address>
         <size>0x1c2</size>
         <input_file_ref idref="fl-137"/>
      </object_component>
      <object_component id="oc-1130">
         <name>.debug_info</name>
         <load_address>0xd9d23</load_address>
         <run_address>0xd9d23</run_address>
         <size>0xf1</size>
         <input_file_ref idref="fl-138"/>
      </object_component>
      <object_component id="oc-d23">
         <name>.debug_info</name>
         <load_address>0xd9e14</load_address>
         <run_address>0xd9e14</run_address>
         <size>0x1ab</size>
         <input_file_ref idref="fl-138"/>
      </object_component>
      <object_component id="oc-149e">
         <name>.debug_info</name>
         <load_address>0xd9fbf</load_address>
         <run_address>0xd9fbf</run_address>
         <size>0x11e</size>
         <input_file_ref idref="fl-139"/>
      </object_component>
      <object_component id="oc-1195">
         <name>.debug_info</name>
         <load_address>0xda0dd</load_address>
         <run_address>0xda0dd</run_address>
         <size>0x173</size>
         <input_file_ref idref="fl-139"/>
      </object_component>
      <object_component id="oc-111a">
         <name>.debug_info</name>
         <load_address>0xda250</load_address>
         <run_address>0xda250</run_address>
         <size>0x13f</size>
         <input_file_ref idref="fl-13a"/>
      </object_component>
      <object_component id="oc-d09">
         <name>.debug_info</name>
         <load_address>0xda38f</load_address>
         <run_address>0xda38f</run_address>
         <size>0x18a</size>
         <input_file_ref idref="fl-13a"/>
      </object_component>
      <object_component id="oc-1127">
         <name>.debug_info</name>
         <load_address>0xda519</load_address>
         <run_address>0xda519</run_address>
         <size>0x17c</size>
         <input_file_ref idref="fl-13b"/>
      </object_component>
      <object_component id="oc-d12">
         <name>.debug_info</name>
         <load_address>0xda695</load_address>
         <run_address>0xda695</run_address>
         <size>0x1d5</size>
         <input_file_ref idref="fl-13b"/>
      </object_component>
      <object_component id="oc-1129">
         <name>.debug_info</name>
         <load_address>0xda86a</load_address>
         <run_address>0xda86a</run_address>
         <size>0xf5</size>
         <input_file_ref idref="fl-13c"/>
      </object_component>
      <object_component id="oc-d15">
         <name>.debug_info</name>
         <load_address>0xda95f</load_address>
         <run_address>0xda95f</run_address>
         <size>0x244</size>
         <input_file_ref idref="fl-13c"/>
      </object_component>
      <object_component id="oc-13eb">
         <name>.debug_info</name>
         <load_address>0xdaba3</load_address>
         <run_address>0xdaba3</run_address>
         <size>0xf0</size>
         <input_file_ref idref="fl-13d"/>
      </object_component>
      <object_component id="oc-1088">
         <name>.debug_info</name>
         <load_address>0xdac93</load_address>
         <run_address>0xdac93</run_address>
         <size>0x231</size>
         <input_file_ref idref="fl-13d"/>
      </object_component>
      <object_component id="oc-1122">
         <name>.debug_info</name>
         <load_address>0xdaec4</load_address>
         <run_address>0xdaec4</run_address>
         <size>0x156</size>
         <input_file_ref idref="fl-13e"/>
      </object_component>
      <object_component id="oc-195f">
         <name>.debug_info</name>
         <load_address>0xdb01a</load_address>
         <run_address>0xdb01a</run_address>
         <size>0x9b</size>
      </object_component>
      <object_component id="oc-57c">
         <name>.debug_line</name>
         <load_address>0x0</load_address>
         <run_address>0x0</run_address>
         <size>0x78b</size>
         <input_file_ref idref="fl-2"/>
      </object_component>
      <object_component id="oc-b66">
         <name>.debug_line</name>
         <load_address>0x78b</load_address>
         <run_address>0x78b</run_address>
         <size>0x38</size>
         <input_file_ref idref="fl-2"/>
      </object_component>
      <object_component id="oc-b68">
         <name>.debug_line</name>
         <load_address>0x7c3</load_address>
         <run_address>0x7c3</run_address>
         <size>0x38</size>
         <input_file_ref idref="fl-2"/>
      </object_component>
      <object_component id="oc-72f">
         <name>.debug_line</name>
         <load_address>0x7fb</load_address>
         <run_address>0x7fb</run_address>
         <size>0x38</size>
         <input_file_ref idref="fl-2"/>
      </object_component>
      <object_component id="oc-fb4">
         <name>.debug_line</name>
         <load_address>0x833</load_address>
         <run_address>0x833</run_address>
         <size>0x38</size>
         <input_file_ref idref="fl-2"/>
      </object_component>
      <object_component id="oc-b73">
         <name>.debug_line</name>
         <load_address>0x86b</load_address>
         <run_address>0x86b</run_address>
         <size>0x38</size>
         <input_file_ref idref="fl-2"/>
      </object_component>
      <object_component id="oc-6dd">
         <name>.debug_line</name>
         <load_address>0x8a3</load_address>
         <run_address>0x8a3</run_address>
         <size>0x38</size>
         <input_file_ref idref="fl-2"/>
      </object_component>
      <object_component id="oc-139a">
         <name>.debug_line</name>
         <load_address>0x8db</load_address>
         <run_address>0x8db</run_address>
         <size>0x38</size>
         <input_file_ref idref="fl-2"/>
      </object_component>
      <object_component id="oc-ff9">
         <name>.debug_line</name>
         <load_address>0x913</load_address>
         <run_address>0x913</run_address>
         <size>0x38</size>
         <input_file_ref idref="fl-2"/>
      </object_component>
      <object_component id="oc-b7e">
         <name>.debug_line</name>
         <load_address>0x94b</load_address>
         <run_address>0x94b</run_address>
         <size>0x38</size>
         <input_file_ref idref="fl-2"/>
      </object_component>
      <object_component id="oc-20d">
         <name>.debug_line</name>
         <load_address>0x983</load_address>
         <run_address>0x983</run_address>
         <size>0x4f</size>
         <input_file_ref idref="fl-2"/>
      </object_component>
      <object_component id="oc-207">
         <name>.debug_line</name>
         <load_address>0x9d2</load_address>
         <run_address>0x9d2</run_address>
         <size>0x4e</size>
         <input_file_ref idref="fl-2"/>
      </object_component>
      <object_component id="oc-580">
         <name>.debug_line</name>
         <load_address>0xa20</load_address>
         <run_address>0xa20</run_address>
         <size>0x85</size>
         <input_file_ref idref="fl-2"/>
      </object_component>
      <object_component id="oc-58a">
         <name>.debug_line</name>
         <load_address>0xaa5</load_address>
         <run_address>0xaa5</run_address>
         <size>0x81</size>
         <input_file_ref idref="fl-2"/>
      </object_component>
      <object_component id="oc-5d0">
         <name>.debug_line</name>
         <load_address>0xb26</load_address>
         <run_address>0xb26</run_address>
         <size>0x8d</size>
         <input_file_ref idref="fl-2"/>
      </object_component>
      <object_component id="oc-594">
         <name>.debug_line</name>
         <load_address>0xbb3</load_address>
         <run_address>0xbb3</run_address>
         <size>0x5d</size>
         <input_file_ref idref="fl-2"/>
      </object_component>
      <object_component id="oc-58f">
         <name>.debug_line</name>
         <load_address>0xc10</load_address>
         <run_address>0xc10</run_address>
         <size>0x52</size>
         <input_file_ref idref="fl-2"/>
      </object_component>
      <object_component id="oc-1306">
         <name>.debug_line</name>
         <load_address>0xc62</load_address>
         <run_address>0xc62</run_address>
         <size>0x82</size>
         <input_file_ref idref="fl-2"/>
      </object_component>
      <object_component id="oc-efd">
         <name>.debug_line</name>
         <load_address>0xce4</load_address>
         <run_address>0xce4</run_address>
         <size>0x85</size>
         <input_file_ref idref="fl-2"/>
      </object_component>
      <object_component id="oc-56f">
         <name>.debug_line</name>
         <load_address>0xd69</load_address>
         <run_address>0xd69</run_address>
         <size>0x83</size>
         <input_file_ref idref="fl-2"/>
      </object_component>
      <object_component id="oc-e2">
         <name>.debug_line</name>
         <load_address>0xdec</load_address>
         <run_address>0xdec</run_address>
         <size>0x55</size>
         <input_file_ref idref="fl-2"/>
      </object_component>
      <object_component id="oc-a5b">
         <name>.debug_line</name>
         <load_address>0xe41</load_address>
         <run_address>0xe41</run_address>
         <size>0x8a</size>
         <input_file_ref idref="fl-2"/>
      </object_component>
      <object_component id="oc-599">
         <name>.debug_line</name>
         <load_address>0xecb</load_address>
         <run_address>0xecb</run_address>
         <size>0x8d</size>
         <input_file_ref idref="fl-2"/>
      </object_component>
      <object_component id="oc-59e">
         <name>.debug_line</name>
         <load_address>0xf58</load_address>
         <run_address>0xf58</run_address>
         <size>0x88</size>
         <input_file_ref idref="fl-2"/>
      </object_component>
      <object_component id="oc-5a3">
         <name>.debug_line</name>
         <load_address>0xfe0</load_address>
         <run_address>0xfe0</run_address>
         <size>0x8b</size>
         <input_file_ref idref="fl-2"/>
      </object_component>
      <object_component id="oc-3ca">
         <name>.debug_line</name>
         <load_address>0x106b</load_address>
         <run_address>0x106b</run_address>
         <size>0x81</size>
         <input_file_ref idref="fl-2"/>
      </object_component>
      <object_component id="oc-5a8">
         <name>.debug_line</name>
         <load_address>0x10ec</load_address>
         <run_address>0x10ec</run_address>
         <size>0x88</size>
         <input_file_ref idref="fl-2"/>
      </object_component>
      <object_component id="oc-5ad">
         <name>.debug_line</name>
         <load_address>0x1174</load_address>
         <run_address>0x1174</run_address>
         <size>0x90</size>
         <input_file_ref idref="fl-2"/>
      </object_component>
      <object_component id="oc-5b2">
         <name>.debug_line</name>
         <load_address>0x1204</load_address>
         <run_address>0x1204</run_address>
         <size>0x81</size>
         <input_file_ref idref="fl-2"/>
      </object_component>
      <object_component id="oc-5b7">
         <name>.debug_line</name>
         <load_address>0x1285</load_address>
         <run_address>0x1285</run_address>
         <size>0x8f</size>
         <input_file_ref idref="fl-2"/>
      </object_component>
      <object_component id="oc-a56">
         <name>.debug_line</name>
         <load_address>0x1314</load_address>
         <run_address>0x1314</run_address>
         <size>0x83</size>
         <input_file_ref idref="fl-2"/>
      </object_component>
      <object_component id="oc-5bc">
         <name>.debug_line</name>
         <load_address>0x1397</load_address>
         <run_address>0x1397</run_address>
         <size>0x8b</size>
         <input_file_ref idref="fl-2"/>
      </object_component>
      <object_component id="oc-5c1">
         <name>.debug_line</name>
         <load_address>0x1422</load_address>
         <run_address>0x1422</run_address>
         <size>0x8f</size>
         <input_file_ref idref="fl-2"/>
      </object_component>
      <object_component id="oc-5c6">
         <name>.debug_line</name>
         <load_address>0x14b1</load_address>
         <run_address>0x14b1</run_address>
         <size>0x83</size>
         <input_file_ref idref="fl-2"/>
      </object_component>
      <object_component id="oc-5cb">
         <name>.debug_line</name>
         <load_address>0x1534</load_address>
         <run_address>0x1534</run_address>
         <size>0x8e</size>
         <input_file_ref idref="fl-2"/>
      </object_component>
      <object_component id="oc-547">
         <name>.debug_line</name>
         <load_address>0x15c2</load_address>
         <run_address>0x15c2</run_address>
         <size>0x81</size>
         <input_file_ref idref="fl-2"/>
      </object_component>
      <object_component id="oc-a51">
         <name>.debug_line</name>
         <load_address>0x1643</load_address>
         <run_address>0x1643</run_address>
         <size>0x8e</size>
         <input_file_ref idref="fl-2"/>
      </object_component>
      <object_component id="oc-3cf">
         <name>.debug_line</name>
         <load_address>0x16d1</load_address>
         <run_address>0x16d1</run_address>
         <size>0x82</size>
         <input_file_ref idref="fl-2"/>
      </object_component>
      <object_component id="oc-5d5">
         <name>.debug_line</name>
         <load_address>0x1753</load_address>
         <run_address>0x1753</run_address>
         <size>0x8c</size>
         <input_file_ref idref="fl-2"/>
      </object_component>
      <object_component id="oc-5da">
         <name>.debug_line</name>
         <load_address>0x17df</load_address>
         <run_address>0x17df</run_address>
         <size>0x95</size>
         <input_file_ref idref="fl-2"/>
      </object_component>
      <object_component id="oc-5df">
         <name>.debug_line</name>
         <load_address>0x1874</load_address>
         <run_address>0x1874</run_address>
         <size>0x86</size>
         <input_file_ref idref="fl-2"/>
      </object_component>
      <object_component id="oc-55b">
         <name>.debug_line</name>
         <load_address>0x18fa</load_address>
         <run_address>0x18fa</run_address>
         <size>0x8d</size>
         <input_file_ref idref="fl-2"/>
      </object_component>
      <object_component id="oc-54c">
         <name>.debug_line</name>
         <load_address>0x1987</load_address>
         <run_address>0x1987</run_address>
         <size>0x82</size>
         <input_file_ref idref="fl-2"/>
      </object_component>
      <object_component id="oc-5e4">
         <name>.debug_line</name>
         <load_address>0x1a09</load_address>
         <run_address>0x1a09</run_address>
         <size>0x82</size>
         <input_file_ref idref="fl-2"/>
      </object_component>
      <object_component id="oc-259">
         <name>.debug_line</name>
         <load_address>0x1a8b</load_address>
         <run_address>0x1a8b</run_address>
         <size>0x20</size>
         <input_file_ref idref="fl-2"/>
      </object_component>
      <object_component id="oc-3ed">
         <name>.debug_line</name>
         <load_address>0x1aab</load_address>
         <run_address>0x1aab</run_address>
         <size>0x76</size>
         <input_file_ref idref="fl-2"/>
      </object_component>
      <object_component id="oc-2fc">
         <name>.debug_line</name>
         <load_address>0x1b21</load_address>
         <run_address>0x1b21</run_address>
         <size>0x8b</size>
         <input_file_ref idref="fl-2"/>
      </object_component>
      <object_component id="oc-19b">
         <name>.debug_line</name>
         <load_address>0x1bac</load_address>
         <run_address>0x1bac</run_address>
         <size>0x60</size>
         <input_file_ref idref="fl-2"/>
      </object_component>
      <object_component id="oc-1aa">
         <name>.debug_line</name>
         <load_address>0x1c0c</load_address>
         <run_address>0x1c0c</run_address>
         <size>0x5f</size>
         <input_file_ref idref="fl-2"/>
      </object_component>
      <object_component id="oc-574">
         <name>.debug_line</name>
         <load_address>0x1c6b</load_address>
         <run_address>0x1c6b</run_address>
         <size>0x5f</size>
         <input_file_ref idref="fl-2"/>
      </object_component>
      <object_component id="oc-1b9">
         <name>.debug_line</name>
         <load_address>0x1cca</load_address>
         <run_address>0x1cca</run_address>
         <size>0x5d</size>
         <input_file_ref idref="fl-2"/>
      </object_component>
      <object_component id="oc-2e3">
         <name>.debug_line</name>
         <load_address>0x1d27</load_address>
         <run_address>0x1d27</run_address>
         <size>0x77</size>
         <input_file_ref idref="fl-2"/>
      </object_component>
      <object_component id="oc-1be">
         <name>.debug_line</name>
         <load_address>0x1d9e</load_address>
         <run_address>0x1d9e</run_address>
         <size>0x5e</size>
         <input_file_ref idref="fl-2"/>
      </object_component>
      <object_component id="oc-2e8">
         <name>.debug_line</name>
         <load_address>0x1dfc</load_address>
         <run_address>0x1dfc</run_address>
         <size>0x72</size>
         <input_file_ref idref="fl-2"/>
      </object_component>
      <object_component id="oc-579">
         <name>.debug_line</name>
         <load_address>0x1e6e</load_address>
         <run_address>0x1e6e</run_address>
         <size>0x60</size>
         <input_file_ref idref="fl-2"/>
      </object_component>
      <object_component id="oc-3e8">
         <name>.debug_line</name>
         <load_address>0x1ece</load_address>
         <run_address>0x1ece</run_address>
         <size>0x5e</size>
         <input_file_ref idref="fl-2"/>
      </object_component>
      <object_component id="oc-128">
         <name>.debug_line</name>
         <load_address>0x1f2c</load_address>
         <run_address>0x1f2c</run_address>
         <size>0x5f</size>
         <input_file_ref idref="fl-2"/>
      </object_component>
      <object_component id="oc-e7">
         <name>.debug_line</name>
         <load_address>0x1f8b</load_address>
         <run_address>0x1f8b</run_address>
         <size>0x81</size>
         <input_file_ref idref="fl-2"/>
      </object_component>
      <object_component id="oc-2d4">
         <name>.debug_line</name>
         <load_address>0x200c</load_address>
         <run_address>0x200c</run_address>
         <size>0x5f</size>
         <input_file_ref idref="fl-2"/>
      </object_component>
      <object_component id="oc-5e9">
         <name>.debug_line</name>
         <load_address>0x206b</load_address>
         <run_address>0x206b</run_address>
         <size>0x82</size>
         <input_file_ref idref="fl-2"/>
      </object_component>
      <object_component id="oc-2cf">
         <name>.debug_line</name>
         <load_address>0x20ed</load_address>
         <run_address>0x20ed</run_address>
         <size>0x67</size>
         <input_file_ref idref="fl-2"/>
      </object_component>
      <object_component id="oc-2a2">
         <name>.debug_line</name>
         <load_address>0x2154</load_address>
         <run_address>0x2154</run_address>
         <size>0x65</size>
         <input_file_ref idref="fl-2"/>
      </object_component>
      <object_component id="oc-f1">
         <name>.debug_line</name>
         <load_address>0x21b9</load_address>
         <run_address>0x21b9</run_address>
         <size>0x75</size>
         <input_file_ref idref="fl-2"/>
      </object_component>
      <object_component id="oc-585">
         <name>.debug_line</name>
         <load_address>0x222e</load_address>
         <run_address>0x222e</run_address>
         <size>0x86</size>
         <input_file_ref idref="fl-2"/>
      </object_component>
      <object_component id="oc-d8">
         <name>.debug_line</name>
         <load_address>0x22b4</load_address>
         <run_address>0x22b4</run_address>
         <size>0x65</size>
         <input_file_ref idref="fl-2"/>
      </object_component>
      <object_component id="oc-12d">
         <name>.debug_line</name>
         <load_address>0x2319</load_address>
         <run_address>0x2319</run_address>
         <size>0x6a</size>
         <input_file_ref idref="fl-2"/>
      </object_component>
      <object_component id="oc-137">
         <name>.debug_line</name>
         <load_address>0x2383</load_address>
         <run_address>0x2383</run_address>
         <size>0x69</size>
         <input_file_ref idref="fl-2"/>
      </object_component>
      <object_component id="oc-2b1">
         <name>.debug_line</name>
         <load_address>0x23ec</load_address>
         <run_address>0x23ec</run_address>
         <size>0x67</size>
         <input_file_ref idref="fl-2"/>
      </object_component>
      <object_component id="oc-146">
         <name>.debug_line</name>
         <load_address>0x2453</load_address>
         <run_address>0x2453</run_address>
         <size>0x65</size>
         <input_file_ref idref="fl-2"/>
      </object_component>
      <object_component id="oc-1397">
         <name>.debug_line</name>
         <load_address>0x24b8</load_address>
         <run_address>0x24b8</run_address>
         <size>0x83</size>
         <input_file_ref idref="fl-2"/>
      </object_component>
      <object_component id="oc-3d9">
         <name>.debug_line</name>
         <load_address>0x253b</load_address>
         <run_address>0x253b</run_address>
         <size>0x86</size>
         <input_file_ref idref="fl-2"/>
      </object_component>
      <object_component id="oc-560">
         <name>.debug_line</name>
         <load_address>0x25c1</load_address>
         <run_address>0x25c1</run_address>
         <size>0x94</size>
         <input_file_ref idref="fl-2"/>
      </object_component>
      <object_component id="oc-56a">
         <name>.debug_line</name>
         <load_address>0x2655</load_address>
         <run_address>0x2655</run_address>
         <size>0x91</size>
         <input_file_ref idref="fl-2"/>
      </object_component>
      <object_component id="oc-29d">
         <name>.debug_line</name>
         <load_address>0x26e6</load_address>
         <run_address>0x26e6</run_address>
         <size>0x6e</size>
         <input_file_ref idref="fl-2"/>
      </object_component>
      <object_component id="oc-2de">
         <name>.debug_line</name>
         <load_address>0x2754</load_address>
         <run_address>0x2754</run_address>
         <size>0x63</size>
         <input_file_ref idref="fl-2"/>
      </object_component>
      <object_component id="oc-2ca">
         <name>.debug_line</name>
         <load_address>0x27b7</load_address>
         <run_address>0x27b7</run_address>
         <size>0x61</size>
         <input_file_ref idref="fl-2"/>
      </object_component>
      <object_component id="oc-3c1">
         <name>.debug_line</name>
         <load_address>0x2818</load_address>
         <run_address>0x2818</run_address>
         <size>0x202</size>
         <input_file_ref idref="fl-3"/>
      </object_component>
      <object_component id="oc-b1">
         <name>.debug_line</name>
         <load_address>0x2a1a</load_address>
         <run_address>0x2a1a</run_address>
         <size>0x119</size>
         <input_file_ref idref="fl-3"/>
      </object_component>
      <object_component id="oc-3c5">
         <name>.debug_line</name>
         <load_address>0x2b33</load_address>
         <run_address>0x2b33</run_address>
         <size>0x5d</size>
         <input_file_ref idref="fl-3"/>
      </object_component>
      <object_component id="oc-523">
         <name>.debug_line</name>
         <load_address>0x2b90</load_address>
         <run_address>0x2b90</run_address>
         <size>0x79</size>
         <input_file_ref idref="fl-3"/>
      </object_component>
      <object_component id="oc-3fc">
         <name>.debug_line</name>
         <load_address>0x2c09</load_address>
         <run_address>0x2c09</run_address>
         <size>0x7a</size>
         <input_file_ref idref="fl-3"/>
      </object_component>
      <object_component id="oc-817">
         <name>.debug_line</name>
         <load_address>0x2c83</load_address>
         <run_address>0x2c83</run_address>
         <size>0x84</size>
         <input_file_ref idref="fl-3"/>
      </object_component>
      <object_component id="oc-50f">
         <name>.debug_line</name>
         <load_address>0x2d07</load_address>
         <run_address>0x2d07</run_address>
         <size>0x7b</size>
         <input_file_ref idref="fl-3"/>
      </object_component>
      <object_component id="oc-2bb">
         <name>.debug_line</name>
         <load_address>0x2d82</load_address>
         <run_address>0x2d82</run_address>
         <size>0x8e</size>
         <input_file_ref idref="fl-3"/>
      </object_component>
      <object_component id="oc-514">
         <name>.debug_line</name>
         <load_address>0x2e10</load_address>
         <run_address>0x2e10</run_address>
         <size>0x7b</size>
         <input_file_ref idref="fl-3"/>
      </object_component>
      <object_component id="oc-519">
         <name>.debug_line</name>
         <load_address>0x2e8b</load_address>
         <run_address>0x2e8b</run_address>
         <size>0x7b</size>
         <input_file_ref idref="fl-3"/>
      </object_component>
      <object_component id="oc-51e">
         <name>.debug_line</name>
         <load_address>0x2f06</load_address>
         <run_address>0x2f06</run_address>
         <size>0x7f</size>
         <input_file_ref idref="fl-3"/>
      </object_component>
      <object_component id="oc-2c5">
         <name>.debug_line</name>
         <load_address>0x2f85</load_address>
         <run_address>0x2f85</run_address>
         <size>0x8f</size>
         <input_file_ref idref="fl-3"/>
      </object_component>
      <object_component id="oc-821">
         <name>.debug_line</name>
         <load_address>0x3014</load_address>
         <run_address>0x3014</run_address>
         <size>0x80</size>
         <input_file_ref idref="fl-3"/>
      </object_component>
      <object_component id="oc-1b4">
         <name>.debug_line</name>
         <load_address>0x3094</load_address>
         <run_address>0x3094</run_address>
         <size>0x5e</size>
         <input_file_ref idref="fl-3"/>
      </object_component>
      <object_component id="oc-2f2">
         <name>.debug_line</name>
         <load_address>0x30f2</load_address>
         <run_address>0x30f2</run_address>
         <size>0x79</size>
         <input_file_ref idref="fl-3"/>
      </object_component>
      <object_component id="oc-3e3">
         <name>.debug_line</name>
         <load_address>0x316b</load_address>
         <run_address>0x316b</run_address>
         <size>0x60</size>
         <input_file_ref idref="fl-3"/>
      </object_component>
      <object_component id="oc-2ed">
         <name>.debug_line</name>
         <load_address>0x31cb</load_address>
         <run_address>0x31cb</run_address>
         <size>0x75</size>
         <input_file_ref idref="fl-3"/>
      </object_component>
      <object_component id="oc-f6">
         <name>.debug_line</name>
         <load_address>0x3240</load_address>
         <run_address>0x3240</run_address>
         <size>0x89</size>
         <input_file_ref idref="fl-3"/>
      </object_component>
      <object_component id="oc-fb">
         <name>.debug_line</name>
         <load_address>0x32c9</load_address>
         <run_address>0x32c9</run_address>
         <size>0x83</size>
         <input_file_ref idref="fl-3"/>
      </object_component>
      <object_component id="oc-2d9">
         <name>.debug_line</name>
         <load_address>0x334c</load_address>
         <run_address>0x334c</run_address>
         <size>0x68</size>
         <input_file_ref idref="fl-3"/>
      </object_component>
      <object_component id="oc-3d4">
         <name>.debug_line</name>
         <load_address>0x33b4</load_address>
         <run_address>0x33b4</run_address>
         <size>0x6e</size>
         <input_file_ref idref="fl-3"/>
      </object_component>
      <object_component id="oc-3de">
         <name>.debug_line</name>
         <load_address>0x3422</load_address>
         <run_address>0x3422</run_address>
         <size>0x8c</size>
         <input_file_ref idref="fl-3"/>
      </object_component>
      <object_component id="oc-3f2">
         <name>.debug_line</name>
         <load_address>0x34ae</load_address>
         <run_address>0x34ae</run_address>
         <size>0x91</size>
         <input_file_ref idref="fl-3"/>
      </object_component>
      <object_component id="oc-25e">
         <name>.debug_line</name>
         <load_address>0x353f</load_address>
         <run_address>0x353f</run_address>
         <size>0x8a</size>
         <input_file_ref idref="fl-3"/>
      </object_component>
      <object_component id="oc-3f7">
         <name>.debug_line</name>
         <load_address>0x35c9</load_address>
         <run_address>0x35c9</run_address>
         <size>0x88</size>
         <input_file_ref idref="fl-3"/>
      </object_component>
      <object_component id="oc-81c">
         <name>.debug_line</name>
         <load_address>0x3651</load_address>
         <run_address>0x3651</run_address>
         <size>0x7d</size>
         <input_file_ref idref="fl-3"/>
      </object_component>
      <object_component id="oc-2a7">
         <name>.debug_line</name>
         <load_address>0x36ce</load_address>
         <run_address>0x36ce</run_address>
         <size>0x6e</size>
         <input_file_ref idref="fl-3"/>
      </object_component>
      <object_component id="oc-e49">
         <name>.debug_line</name>
         <load_address>0x373c</load_address>
         <run_address>0x373c</run_address>
         <size>0x40</size>
         <input_file_ref idref="fl-4"/>
      </object_component>
      <object_component id="oc-e47">
         <name>.debug_line</name>
         <load_address>0x377c</load_address>
         <run_address>0x377c</run_address>
         <size>0x40</size>
         <input_file_ref idref="fl-4"/>
      </object_component>
      <object_component id="oc-1191">
         <name>.debug_line</name>
         <load_address>0x37bc</load_address>
         <run_address>0x37bc</run_address>
         <size>0x40</size>
         <input_file_ref idref="fl-4"/>
      </object_component>
      <object_component id="oc-118a">
         <name>.debug_line</name>
         <load_address>0x37fc</load_address>
         <run_address>0x37fc</run_address>
         <size>0x40</size>
         <input_file_ref idref="fl-4"/>
      </object_component>
      <object_component id="oc-118f">
         <name>.debug_line</name>
         <load_address>0x383c</load_address>
         <run_address>0x383c</run_address>
         <size>0x40</size>
         <input_file_ref idref="fl-4"/>
      </object_component>
      <object_component id="oc-d8c">
         <name>.debug_line</name>
         <load_address>0x387c</load_address>
         <run_address>0x387c</run_address>
         <size>0x61</size>
         <input_file_ref idref="fl-4"/>
      </object_component>
      <object_component id="oc-db8">
         <name>.debug_line</name>
         <load_address>0x38dd</load_address>
         <run_address>0x38dd</run_address>
         <size>0x7f</size>
         <input_file_ref idref="fl-4"/>
      </object_component>
      <object_component id="oc-dd6">
         <name>.debug_line</name>
         <load_address>0x395c</load_address>
         <run_address>0x395c</run_address>
         <size>0x7f</size>
         <input_file_ref idref="fl-4"/>
      </object_component>
      <object_component id="oc-dc4">
         <name>.debug_line</name>
         <load_address>0x39db</load_address>
         <run_address>0x39db</run_address>
         <size>0x7f</size>
         <input_file_ref idref="fl-4"/>
      </object_component>
      <object_component id="oc-e20">
         <name>.debug_line</name>
         <load_address>0x3a5a</load_address>
         <run_address>0x3a5a</run_address>
         <size>0x93</size>
         <input_file_ref idref="fl-4"/>
      </object_component>
      <object_component id="oc-deb">
         <name>.debug_line</name>
         <load_address>0x3aed</load_address>
         <run_address>0x3aed</run_address>
         <size>0x61</size>
         <input_file_ref idref="fl-4"/>
      </object_component>
      <object_component id="oc-df1">
         <name>.debug_line</name>
         <load_address>0x3b4e</load_address>
         <run_address>0x3b4e</run_address>
         <size>0x61</size>
         <input_file_ref idref="fl-4"/>
      </object_component>
      <object_component id="oc-e09">
         <name>.debug_line</name>
         <load_address>0x3baf</load_address>
         <run_address>0x3baf</run_address>
         <size>0x61</size>
         <input_file_ref idref="fl-4"/>
      </object_component>
      <object_component id="oc-e03">
         <name>.debug_line</name>
         <load_address>0x3c10</load_address>
         <run_address>0x3c10</run_address>
         <size>0x7e</size>
         <input_file_ref idref="fl-4"/>
      </object_component>
      <object_component id="oc-da1">
         <name>.debug_line</name>
         <load_address>0x3c8e</load_address>
         <run_address>0x3c8e</run_address>
         <size>0x75</size>
         <input_file_ref idref="fl-4"/>
      </object_component>
      <object_component id="oc-e26">
         <name>.debug_line</name>
         <load_address>0x3d03</load_address>
         <run_address>0x3d03</run_address>
         <size>0x93</size>
         <input_file_ref idref="fl-4"/>
      </object_component>
      <object_component id="oc-94f">
         <name>.debug_line</name>
         <load_address>0x3d96</load_address>
         <run_address>0x3d96</run_address>
         <size>0x96</size>
         <input_file_ref idref="fl-4"/>
      </object_component>
      <object_component id="oc-90c">
         <name>.debug_line</name>
         <load_address>0x3e2c</load_address>
         <run_address>0x3e2c</run_address>
         <size>0x95</size>
         <input_file_ref idref="fl-4"/>
      </object_component>
      <object_component id="oc-906">
         <name>.debug_line</name>
         <load_address>0x3ec1</load_address>
         <run_address>0x3ec1</run_address>
         <size>0xd7</size>
         <input_file_ref idref="fl-4"/>
      </object_component>
      <object_component id="oc-8cf">
         <name>.debug_line</name>
         <load_address>0x3f98</load_address>
         <run_address>0x3f98</run_address>
         <size>0x7f</size>
         <input_file_ref idref="fl-4"/>
      </object_component>
      <object_component id="oc-ddd">
         <name>.debug_line</name>
         <load_address>0x4017</load_address>
         <run_address>0x4017</run_address>
         <size>0x7a</size>
         <input_file_ref idref="fl-4"/>
      </object_component>
      <object_component id="oc-918">
         <name>.debug_line</name>
         <load_address>0x4091</load_address>
         <run_address>0x4091</run_address>
         <size>0x7f</size>
         <input_file_ref idref="fl-4"/>
      </object_component>
      <object_component id="oc-924">
         <name>.debug_line</name>
         <load_address>0x4110</load_address>
         <run_address>0x4110</run_address>
         <size>0x7f</size>
         <input_file_ref idref="fl-4"/>
      </object_component>
      <object_component id="oc-912">
         <name>.debug_line</name>
         <load_address>0x418f</load_address>
         <run_address>0x418f</run_address>
         <size>0x7f</size>
         <input_file_ref idref="fl-4"/>
      </object_component>
      <object_component id="oc-91e">
         <name>.debug_line</name>
         <load_address>0x420e</load_address>
         <run_address>0x420e</run_address>
         <size>0x7f</size>
         <input_file_ref idref="fl-4"/>
      </object_component>
      <object_component id="oc-8e7">
         <name>.debug_line</name>
         <load_address>0x428d</load_address>
         <run_address>0x428d</run_address>
         <size>0x7e</size>
         <input_file_ref idref="fl-4"/>
      </object_component>
      <object_component id="oc-8f9">
         <name>.debug_line</name>
         <load_address>0x430b</load_address>
         <run_address>0x430b</run_address>
         <size>0x7e</size>
         <input_file_ref idref="fl-4"/>
      </object_component>
      <object_component id="oc-98c">
         <name>.debug_line</name>
         <load_address>0x4389</load_address>
         <run_address>0x4389</run_address>
         <size>0x7b</size>
         <input_file_ref idref="fl-4"/>
      </object_component>
      <object_component id="oc-8f3">
         <name>.debug_line</name>
         <load_address>0x4404</load_address>
         <run_address>0x4404</run_address>
         <size>0x7e</size>
         <input_file_ref idref="fl-4"/>
      </object_component>
      <object_component id="oc-8db">
         <name>.debug_line</name>
         <load_address>0x4482</load_address>
         <run_address>0x4482</run_address>
         <size>0x62</size>
         <input_file_ref idref="fl-4"/>
      </object_component>
      <object_component id="oc-96e">
         <name>.debug_line</name>
         <load_address>0x44e4</load_address>
         <run_address>0x44e4</run_address>
         <size>0x68</size>
         <input_file_ref idref="fl-4"/>
      </object_component>
      <object_component id="oc-992">
         <name>.debug_line</name>
         <load_address>0x454c</load_address>
         <run_address>0x454c</run_address>
         <size>0x7b</size>
         <input_file_ref idref="fl-4"/>
      </object_component>
      <object_component id="oc-998">
         <name>.debug_line</name>
         <load_address>0x45c7</load_address>
         <run_address>0x45c7</run_address>
         <size>0x7d</size>
         <input_file_ref idref="fl-4"/>
      </object_component>
      <object_component id="oc-99e">
         <name>.debug_line</name>
         <load_address>0x4644</load_address>
         <run_address>0x4644</run_address>
         <size>0x7d</size>
         <input_file_ref idref="fl-4"/>
      </object_component>
      <object_component id="oc-47d">
         <name>.debug_line</name>
         <load_address>0x46c1</load_address>
         <run_address>0x46c1</run_address>
         <size>0xd5</size>
         <input_file_ref idref="fl-4"/>
      </object_component>
      <object_component id="oc-955">
         <name>.debug_line</name>
         <load_address>0x4796</load_address>
         <run_address>0x4796</run_address>
         <size>0x61</size>
         <input_file_ref idref="fl-4"/>
      </object_component>
      <object_component id="oc-943">
         <name>.debug_line</name>
         <load_address>0x47f7</load_address>
         <run_address>0x47f7</run_address>
         <size>0x7e</size>
         <input_file_ref idref="fl-4"/>
      </object_component>
      <object_component id="oc-949">
         <name>.debug_line</name>
         <load_address>0x4875</load_address>
         <run_address>0x4875</run_address>
         <size>0x7e</size>
         <input_file_ref idref="fl-4"/>
      </object_component>
      <object_component id="oc-95b">
         <name>.debug_line</name>
         <load_address>0x48f3</load_address>
         <run_address>0x48f3</run_address>
         <size>0x80</size>
         <input_file_ref idref="fl-4"/>
      </object_component>
      <object_component id="oc-931">
         <name>.debug_line</name>
         <load_address>0x4973</load_address>
         <run_address>0x4973</run_address>
         <size>0x7e</size>
         <input_file_ref idref="fl-4"/>
      </object_component>
      <object_component id="oc-93d">
         <name>.debug_line</name>
         <load_address>0x49f1</load_address>
         <run_address>0x49f1</run_address>
         <size>0x7e</size>
         <input_file_ref idref="fl-4"/>
      </object_component>
      <object_component id="oc-937">
         <name>.debug_line</name>
         <load_address>0x4a6f</load_address>
         <run_address>0x4a6f</run_address>
         <size>0x7e</size>
         <input_file_ref idref="fl-4"/>
      </object_component>
      <object_component id="oc-1180">
         <name>.debug_line</name>
         <load_address>0x4aed</load_address>
         <run_address>0x4aed</run_address>
         <size>0x61</size>
         <input_file_ref idref="fl-4"/>
      </object_component>
      <object_component id="oc-e00">
         <name>.debug_line</name>
         <load_address>0x4b4e</load_address>
         <run_address>0x4b4e</run_address>
         <size>0x136</size>
         <input_file_ref idref="fl-4"/>
      </object_component>
      <object_component id="oc-de8">
         <name>.debug_line</name>
         <load_address>0x4c84</load_address>
         <run_address>0x4c84</run_address>
         <size>0x72</size>
         <input_file_ref idref="fl-4"/>
      </object_component>
      <object_component id="oc-daa">
         <name>.debug_line</name>
         <load_address>0x4cf6</load_address>
         <run_address>0x4cf6</run_address>
         <size>0xc1</size>
         <input_file_ref idref="fl-4"/>
      </object_component>
      <object_component id="oc-8c8">
         <name>.debug_line</name>
         <load_address>0x4db7</load_address>
         <run_address>0x4db7</run_address>
         <size>0x9c</size>
         <input_file_ref idref="fl-4"/>
      </object_component>
      <object_component id="oc-8e0">
         <name>.debug_line</name>
         <load_address>0x4e53</load_address>
         <run_address>0x4e53</run_address>
         <size>0x7e</size>
         <input_file_ref idref="fl-4"/>
      </object_component>
      <object_component id="oc-8fe">
         <name>.debug_line</name>
         <load_address>0x4ed1</load_address>
         <run_address>0x4ed1</run_address>
         <size>0x7e</size>
         <input_file_ref idref="fl-4"/>
      </object_component>
      <object_component id="oc-967">
         <name>.debug_line</name>
         <load_address>0x4f4f</load_address>
         <run_address>0x4f4f</run_address>
         <size>0x7b</size>
         <input_file_ref idref="fl-4"/>
      </object_component>
      <object_component id="oc-97f">
         <name>.debug_line</name>
         <load_address>0x4fca</load_address>
         <run_address>0x4fca</run_address>
         <size>0x69</size>
         <input_file_ref idref="fl-4"/>
      </object_component>
      <object_component id="oc-979">
         <name>.debug_line</name>
         <load_address>0x5033</load_address>
         <run_address>0x5033</run_address>
         <size>0x69</size>
         <input_file_ref idref="fl-4"/>
      </object_component>
      <object_component id="oc-973">
         <name>.debug_line</name>
         <load_address>0x509c</load_address>
         <run_address>0x509c</run_address>
         <size>0x69</size>
         <input_file_ref idref="fl-4"/>
      </object_component>
      <object_component id="oc-8ec">
         <name>.debug_line</name>
         <load_address>0x5105</load_address>
         <run_address>0x5105</run_address>
         <size>0x7e</size>
         <input_file_ref idref="fl-4"/>
      </object_component>
      <object_component id="oc-9a7">
         <name>.debug_line</name>
         <load_address>0x5183</load_address>
         <run_address>0x5183</run_address>
         <size>0x88</size>
         <input_file_ref idref="fl-4"/>
      </object_component>
      <object_component id="oc-48e">
         <name>.debug_line</name>
         <load_address>0x520b</load_address>
         <run_address>0x520b</run_address>
         <size>0x68</size>
         <input_file_ref idref="fl-4"/>
      </object_component>
      <object_component id="oc-e38">
         <name>.debug_line</name>
         <load_address>0x5273</load_address>
         <run_address>0x5273</run_address>
         <size>0x5b</size>
         <input_file_ref idref="fl-4"/>
      </object_component>
      <object_component id="oc-9ad">
         <name>.debug_line</name>
         <load_address>0x52ce</load_address>
         <run_address>0x52ce</run_address>
         <size>0x64</size>
         <input_file_ref idref="fl-4"/>
      </object_component>
      <object_component id="oc-9b3">
         <name>.debug_line</name>
         <load_address>0x5332</load_address>
         <run_address>0x5332</run_address>
         <size>0x64</size>
         <input_file_ref idref="fl-4"/>
      </object_component>
      <object_component id="oc-9b9">
         <name>.debug_line</name>
         <load_address>0x5396</load_address>
         <run_address>0x5396</run_address>
         <size>0x68</size>
         <input_file_ref idref="fl-4"/>
      </object_component>
      <object_component id="oc-960">
         <name>.debug_line</name>
         <load_address>0x53fe</load_address>
         <run_address>0x53fe</run_address>
         <size>0x2bd</size>
         <input_file_ref idref="fl-4"/>
      </object_component>
      <object_component id="oc-dfa">
         <name>.debug_line</name>
         <load_address>0x56bb</load_address>
         <run_address>0x56bb</run_address>
         <size>0x106</size>
         <input_file_ref idref="fl-4"/>
      </object_component>
      <object_component id="oc-488">
         <name>.debug_line</name>
         <load_address>0x57c1</load_address>
         <run_address>0x57c1</run_address>
         <size>0x64</size>
         <input_file_ref idref="fl-4"/>
      </object_component>
      <object_component id="oc-8b8">
         <name>.debug_line</name>
         <load_address>0x5825</load_address>
         <run_address>0x5825</run_address>
         <size>0x6b</size>
         <input_file_ref idref="fl-4"/>
      </object_component>
      <object_component id="oc-dbe">
         <name>.debug_line</name>
         <load_address>0x5890</load_address>
         <run_address>0x5890</run_address>
         <size>0x69</size>
         <input_file_ref idref="fl-4"/>
      </object_component>
      <object_component id="oc-dd0">
         <name>.debug_line</name>
         <load_address>0x58f9</load_address>
         <run_address>0x58f9</run_address>
         <size>0x67</size>
         <input_file_ref idref="fl-4"/>
      </object_component>
      <object_component id="oc-dca">
         <name>.debug_line</name>
         <load_address>0x5960</load_address>
         <run_address>0x5960</run_address>
         <size>0x67</size>
         <input_file_ref idref="fl-4"/>
      </object_component>
      <object_component id="oc-db2">
         <name>.debug_line</name>
         <load_address>0x59c7</load_address>
         <run_address>0x59c7</run_address>
         <size>0x68</size>
         <input_file_ref idref="fl-4"/>
      </object_component>
      <object_component id="oc-de2">
         <name>.debug_line</name>
         <load_address>0x5a2f</load_address>
         <run_address>0x5a2f</run_address>
         <size>0x68</size>
         <input_file_ref idref="fl-4"/>
      </object_component>
      <object_component id="oc-8c2">
         <name>.debug_line</name>
         <load_address>0x5a97</load_address>
         <run_address>0x5a97</run_address>
         <size>0x69</size>
         <input_file_ref idref="fl-4"/>
      </object_component>
      <object_component id="oc-8d4">
         <name>.debug_line</name>
         <load_address>0x5b00</load_address>
         <run_address>0x5b00</run_address>
         <size>0x118</size>
         <input_file_ref idref="fl-4"/>
      </object_component>
      <object_component id="oc-494">
         <name>.debug_line</name>
         <load_address>0x5c18</load_address>
         <run_address>0x5c18</run_address>
         <size>0x5f</size>
         <input_file_ref idref="fl-4"/>
      </object_component>
      <object_component id="oc-476">
         <name>.debug_line</name>
         <load_address>0x5c77</load_address>
         <run_address>0x5c77</run_address>
         <size>0x121</size>
         <input_file_ref idref="fl-4"/>
      </object_component>
      <object_component id="oc-41">
         <name>.debug_line</name>
         <load_address>0x5d98</load_address>
         <run_address>0x5d98</run_address>
         <size>0x20</size>
         <input_file_ref idref="fl-4"/>
      </object_component>
      <object_component id="oc-d90">
         <name>.debug_line</name>
         <load_address>0x5db8</load_address>
         <run_address>0x5db8</run_address>
         <size>0x193</size>
         <input_file_ref idref="fl-5"/>
      </object_component>
      <object_component id="oc-8b2">
         <name>.debug_line</name>
         <load_address>0x5f4b</load_address>
         <run_address>0x5f4b</run_address>
         <size>0x63</size>
         <input_file_ref idref="fl-5"/>
      </object_component>
      <object_component id="oc-d85">
         <name>.debug_line</name>
         <load_address>0x5fae</load_address>
         <run_address>0x5fae</run_address>
         <size>0x63</size>
         <input_file_ref idref="fl-5"/>
      </object_component>
      <object_component id="oc-d7f">
         <name>.debug_line</name>
         <load_address>0x6011</load_address>
         <run_address>0x6011</run_address>
         <size>0x68</size>
         <input_file_ref idref="fl-5"/>
      </object_component>
      <object_component id="oc-d79">
         <name>.debug_line</name>
         <load_address>0x6079</load_address>
         <run_address>0x6079</run_address>
         <size>0x6d</size>
         <input_file_ref idref="fl-5"/>
      </object_component>
      <object_component id="oc-d73">
         <name>.debug_line</name>
         <load_address>0x60e6</load_address>
         <run_address>0x60e6</run_address>
         <size>0x87</size>
         <input_file_ref idref="fl-5"/>
      </object_component>
      <object_component id="oc-92a">
         <name>.debug_line</name>
         <load_address>0x616d</load_address>
         <run_address>0x616d</run_address>
         <size>0x69</size>
         <input_file_ref idref="fl-5"/>
      </object_component>
      <object_component id="oc-470">
         <name>.debug_line</name>
         <load_address>0x61d6</load_address>
         <run_address>0x61d6</run_address>
         <size>0x37e</size>
         <input_file_ref idref="fl-5"/>
      </object_component>
      <object_component id="oc-46a">
         <name>.debug_line</name>
         <load_address>0x6554</load_address>
         <run_address>0x6554</run_address>
         <size>0x61</size>
         <input_file_ref idref="fl-5"/>
      </object_component>
      <object_component id="oc-d94">
         <name>.debug_line</name>
         <load_address>0x65b5</load_address>
         <run_address>0x65b5</run_address>
         <size>0x52</size>
         <input_file_ref idref="fl-5"/>
      </object_component>
      <object_component id="oc-d99">
         <name>.debug_line</name>
         <load_address>0x6607</load_address>
         <run_address>0x6607</run_address>
         <size>0x8a</size>
         <input_file_ref idref="fl-5"/>
      </object_component>
      <object_component id="oc-d9d">
         <name>.debug_line</name>
         <load_address>0x6691</load_address>
         <run_address>0x6691</run_address>
         <size>0x48</size>
         <input_file_ref idref="fl-5"/>
      </object_component>
      <object_component id="oc-401">
         <name>.debug_line</name>
         <load_address>0x66d9</load_address>
         <run_address>0x66d9</run_address>
         <size>0x3ee</size>
         <input_file_ref idref="fl-6"/>
      </object_component>
      <object_component id="oc-243">
         <name>.debug_line</name>
         <load_address>0x6ac7</load_address>
         <run_address>0x6ac7</run_address>
         <size>0x61</size>
         <input_file_ref idref="fl-6"/>
      </object_component>
      <object_component id="oc-24b">
         <name>.debug_line</name>
         <load_address>0x6b28</load_address>
         <run_address>0x6b28</run_address>
         <size>0x118</size>
         <input_file_ref idref="fl-6"/>
      </object_component>
      <object_component id="oc-3ff">
         <name>.debug_line</name>
         <load_address>0x6c40</load_address>
         <run_address>0x6c40</run_address>
         <size>0xec</size>
         <input_file_ref idref="fl-7"/>
      </object_component>
      <object_component id="oc-253">
         <name>.debug_line</name>
         <load_address>0x6d2c</load_address>
         <run_address>0x6d2c</run_address>
         <size>0xe6</size>
         <input_file_ref idref="fl-7"/>
      </object_component>
      <object_component id="oc-403">
         <name>.debug_line</name>
         <load_address>0x6e12</load_address>
         <run_address>0x6e12</run_address>
         <size>0xd0</size>
         <input_file_ref idref="fl-8"/>
      </object_component>
      <object_component id="oc-e7c">
         <name>.debug_line</name>
         <load_address>0x6ee2</load_address>
         <run_address>0x6ee2</run_address>
         <size>0x51</size>
         <input_file_ref idref="fl-8"/>
      </object_component>
      <object_component id="oc-a0e">
         <name>.debug_line</name>
         <load_address>0x6f33</load_address>
         <run_address>0x6f33</run_address>
         <size>0x91</size>
         <input_file_ref idref="fl-8"/>
      </object_component>
      <object_component id="oc-4c9">
         <name>.debug_line</name>
         <load_address>0x6fc4</load_address>
         <run_address>0x6fc4</run_address>
         <size>0x7f</size>
         <input_file_ref idref="fl-8"/>
      </object_component>
      <object_component id="oc-4e7">
         <name>.debug_line</name>
         <load_address>0x7043</load_address>
         <run_address>0x7043</run_address>
         <size>0x6d</size>
         <input_file_ref idref="fl-8"/>
      </object_component>
      <object_component id="oc-4c3">
         <name>.debug_line</name>
         <load_address>0x70b0</load_address>
         <run_address>0x70b0</run_address>
         <size>0x95</size>
         <input_file_ref idref="fl-8"/>
      </object_component>
      <object_component id="oc-4bd">
         <name>.debug_line</name>
         <load_address>0x7145</load_address>
         <run_address>0x7145</run_address>
         <size>0x8c</size>
         <input_file_ref idref="fl-8"/>
      </object_component>
      <object_component id="oc-4ed">
         <name>.debug_line</name>
         <load_address>0x71d1</load_address>
         <run_address>0x71d1</run_address>
         <size>0xf2</size>
         <input_file_ref idref="fl-8"/>
      </object_component>
      <object_component id="oc-4e1">
         <name>.debug_line</name>
         <load_address>0x72c3</load_address>
         <run_address>0x72c3</run_address>
         <size>0x6a</size>
         <input_file_ref idref="fl-8"/>
      </object_component>
      <object_component id="oc-4b7">
         <name>.debug_line</name>
         <load_address>0x732d</load_address>
         <run_address>0x732d</run_address>
         <size>0x175</size>
         <input_file_ref idref="fl-8"/>
      </object_component>
      <object_component id="oc-4ff">
         <name>.debug_line</name>
         <load_address>0x74a2</load_address>
         <run_address>0x74a2</run_address>
         <size>0x80</size>
         <input_file_ref idref="fl-8"/>
      </object_component>
      <object_component id="oc-d4">
         <name>.debug_line</name>
         <load_address>0x7522</load_address>
         <run_address>0x7522</run_address>
         <size>0x8bd</size>
         <input_file_ref idref="fl-c"/>
      </object_component>
      <object_component id="oc-16ea">
         <name>.debug_line</name>
         <load_address>0x7ddf</load_address>
         <run_address>0x7ddf</run_address>
         <size>0x3c</size>
         <input_file_ref idref="fl-c"/>
      </object_component>
      <object_component id="oc-13f4">
         <name>.debug_line</name>
         <load_address>0x7e1b</load_address>
         <run_address>0x7e1b</run_address>
         <size>0x3c</size>
         <input_file_ref idref="fl-c"/>
      </object_component>
      <object_component id="oc-168d">
         <name>.debug_line</name>
         <load_address>0x7e57</load_address>
         <run_address>0x7e57</run_address>
         <size>0x3c</size>
         <input_file_ref idref="fl-c"/>
      </object_component>
      <object_component id="oc-11bf">
         <name>.debug_line</name>
         <load_address>0x7e93</load_address>
         <run_address>0x7e93</run_address>
         <size>0x3c</size>
         <input_file_ref idref="fl-c"/>
      </object_component>
      <object_component id="oc-10c4">
         <name>.debug_line</name>
         <load_address>0x7ecf</load_address>
         <run_address>0x7ecf</run_address>
         <size>0x3c</size>
         <input_file_ref idref="fl-c"/>
      </object_component>
      <object_component id="oc-1151">
         <name>.debug_line</name>
         <load_address>0x7f0b</load_address>
         <run_address>0x7f0b</run_address>
         <size>0x3c</size>
         <input_file_ref idref="fl-c"/>
      </object_component>
      <object_component id="oc-14ed">
         <name>.debug_line</name>
         <load_address>0x7f47</load_address>
         <run_address>0x7f47</run_address>
         <size>0x3c</size>
         <input_file_ref idref="fl-c"/>
      </object_component>
      <object_component id="oc-1679">
         <name>.debug_line</name>
         <load_address>0x7f83</load_address>
         <run_address>0x7f83</run_address>
         <size>0x3c</size>
         <input_file_ref idref="fl-c"/>
      </object_component>
      <object_component id="oc-1699">
         <name>.debug_line</name>
         <load_address>0x7fbf</load_address>
         <run_address>0x7fbf</run_address>
         <size>0x3c</size>
         <input_file_ref idref="fl-c"/>
      </object_component>
      <object_component id="oc-d43">
         <name>.debug_line</name>
         <load_address>0x7ffb</load_address>
         <run_address>0x7ffb</run_address>
         <size>0x3c</size>
         <input_file_ref idref="fl-c"/>
      </object_component>
      <object_component id="oc-cd0">
         <name>.debug_line</name>
         <load_address>0x8037</load_address>
         <run_address>0x8037</run_address>
         <size>0x3c</size>
         <input_file_ref idref="fl-c"/>
      </object_component>
      <object_component id="oc-be0">
         <name>.debug_line</name>
         <load_address>0x8073</load_address>
         <run_address>0x8073</run_address>
         <size>0x3c</size>
         <input_file_ref idref="fl-c"/>
      </object_component>
      <object_component id="oc-1065">
         <name>.debug_line</name>
         <load_address>0x80af</load_address>
         <run_address>0x80af</run_address>
         <size>0x3c</size>
         <input_file_ref idref="fl-c"/>
      </object_component>
      <object_component id="oc-78">
         <name>.debug_line</name>
         <load_address>0x80eb</load_address>
         <run_address>0x80eb</run_address>
         <size>0x3c</size>
         <input_file_ref idref="fl-c"/>
      </object_component>
      <object_component id="oc-86">
         <name>.debug_line</name>
         <load_address>0x8127</load_address>
         <run_address>0x8127</run_address>
         <size>0x3c</size>
         <input_file_ref idref="fl-c"/>
      </object_component>
      <object_component id="oc-88">
         <name>.debug_line</name>
         <load_address>0x8163</load_address>
         <run_address>0x8163</run_address>
         <size>0x3c</size>
         <input_file_ref idref="fl-c"/>
      </object_component>
      <object_component id="oc-813">
         <name>.debug_line</name>
         <load_address>0x819f</load_address>
         <run_address>0x819f</run_address>
         <size>0x3c</size>
         <input_file_ref idref="fl-c"/>
      </object_component>
      <object_component id="oc-125a">
         <name>.debug_line</name>
         <load_address>0x81db</load_address>
         <run_address>0x81db</run_address>
         <size>0x3c</size>
         <input_file_ref idref="fl-c"/>
      </object_component>
      <object_component id="oc-1551">
         <name>.debug_line</name>
         <load_address>0x8217</load_address>
         <run_address>0x8217</run_address>
         <size>0x3c</size>
         <input_file_ref idref="fl-c"/>
      </object_component>
      <object_component id="oc-145b">
         <name>.debug_line</name>
         <load_address>0x8253</load_address>
         <run_address>0x8253</run_address>
         <size>0x3c</size>
         <input_file_ref idref="fl-c"/>
      </object_component>
      <object_component id="oc-a5e">
         <name>.debug_line</name>
         <load_address>0x828f</load_address>
         <run_address>0x828f</run_address>
         <size>0x3c</size>
         <input_file_ref idref="fl-c"/>
      </object_component>
      <object_component id="oc-a60">
         <name>.debug_line</name>
         <load_address>0x82cb</load_address>
         <run_address>0x82cb</run_address>
         <size>0x3c</size>
         <input_file_ref idref="fl-c"/>
      </object_component>
      <object_component id="oc-a62">
         <name>.debug_line</name>
         <load_address>0x8307</load_address>
         <run_address>0x8307</run_address>
         <size>0x3c</size>
         <input_file_ref idref="fl-c"/>
      </object_component>
      <object_component id="oc-5f6">
         <name>.debug_line</name>
         <load_address>0x8343</load_address>
         <run_address>0x8343</run_address>
         <size>0x3c</size>
         <input_file_ref idref="fl-c"/>
      </object_component>
      <object_component id="oc-11de">
         <name>.debug_line</name>
         <load_address>0x837f</load_address>
         <run_address>0x837f</run_address>
         <size>0x3c</size>
         <input_file_ref idref="fl-c"/>
      </object_component>
      <object_component id="oc-11c3">
         <name>.debug_line</name>
         <load_address>0x83bb</load_address>
         <run_address>0x83bb</run_address>
         <size>0x3c</size>
         <input_file_ref idref="fl-c"/>
      </object_component>
      <object_component id="oc-1735">
         <name>.debug_line</name>
         <load_address>0x83f7</load_address>
         <run_address>0x83f7</run_address>
         <size>0x3c</size>
         <input_file_ref idref="fl-c"/>
      </object_component>
      <object_component id="oc-ed8">
         <name>.debug_line</name>
         <load_address>0x8433</load_address>
         <run_address>0x8433</run_address>
         <size>0x3c</size>
         <input_file_ref idref="fl-c"/>
      </object_component>
      <object_component id="oc-154f">
         <name>.debug_line</name>
         <load_address>0x846f</load_address>
         <run_address>0x846f</run_address>
         <size>0x3c</size>
         <input_file_ref idref="fl-c"/>
      </object_component>
      <object_component id="oc-11c1">
         <name>.debug_line</name>
         <load_address>0x84ab</load_address>
         <run_address>0x84ab</run_address>
         <size>0x3c</size>
         <input_file_ref idref="fl-c"/>
      </object_component>
      <object_component id="oc-11d3">
         <name>.debug_line</name>
         <load_address>0x84e7</load_address>
         <run_address>0x84e7</run_address>
         <size>0x3c</size>
         <input_file_ref idref="fl-c"/>
      </object_component>
      <object_component id="oc-11d1">
         <name>.debug_line</name>
         <load_address>0x8523</load_address>
         <run_address>0x8523</run_address>
         <size>0x3c</size>
         <input_file_ref idref="fl-c"/>
      </object_component>
      <object_component id="oc-11cf">
         <name>.debug_line</name>
         <load_address>0x855f</load_address>
         <run_address>0x855f</run_address>
         <size>0x3c</size>
         <input_file_ref idref="fl-c"/>
      </object_component>
      <object_component id="oc-11cd">
         <name>.debug_line</name>
         <load_address>0x859b</load_address>
         <run_address>0x859b</run_address>
         <size>0x3c</size>
         <input_file_ref idref="fl-c"/>
      </object_component>
      <object_component id="oc-11cb">
         <name>.debug_line</name>
         <load_address>0x85d7</load_address>
         <run_address>0x85d7</run_address>
         <size>0x3c</size>
         <input_file_ref idref="fl-c"/>
      </object_component>
      <object_component id="oc-11c9">
         <name>.debug_line</name>
         <load_address>0x8613</load_address>
         <run_address>0x8613</run_address>
         <size>0x3c</size>
         <input_file_ref idref="fl-c"/>
      </object_component>
      <object_component id="oc-11c7">
         <name>.debug_line</name>
         <load_address>0x864f</load_address>
         <run_address>0x864f</run_address>
         <size>0x3c</size>
         <input_file_ref idref="fl-c"/>
      </object_component>
      <object_component id="oc-11c5">
         <name>.debug_line</name>
         <load_address>0x868b</load_address>
         <run_address>0x868b</run_address>
         <size>0x3c</size>
         <input_file_ref idref="fl-c"/>
      </object_component>
      <object_component id="oc-eda">
         <name>.debug_line</name>
         <load_address>0x86c7</load_address>
         <run_address>0x86c7</run_address>
         <size>0x3c</size>
         <input_file_ref idref="fl-c"/>
      </object_component>
      <object_component id="oc-5fe">
         <name>.debug_line</name>
         <load_address>0x8703</load_address>
         <run_address>0x8703</run_address>
         <size>0x3c</size>
         <input_file_ref idref="fl-c"/>
      </object_component>
      <object_component id="oc-ed0">
         <name>.debug_line</name>
         <load_address>0x873f</load_address>
         <run_address>0x873f</run_address>
         <size>0x3c</size>
         <input_file_ref idref="fl-c"/>
      </object_component>
      <object_component id="oc-edc">
         <name>.debug_line</name>
         <load_address>0x877b</load_address>
         <run_address>0x877b</run_address>
         <size>0x3c</size>
         <input_file_ref idref="fl-c"/>
      </object_component>
      <object_component id="oc-ede">
         <name>.debug_line</name>
         <load_address>0x87b7</load_address>
         <run_address>0x87b7</run_address>
         <size>0x3c</size>
         <input_file_ref idref="fl-c"/>
      </object_component>
      <object_component id="oc-104f">
         <name>.debug_line</name>
         <load_address>0x87f3</load_address>
         <run_address>0x87f3</run_address>
         <size>0x3c</size>
         <input_file_ref idref="fl-c"/>
      </object_component>
      <object_component id="oc-123b">
         <name>.debug_line</name>
         <load_address>0x882f</load_address>
         <run_address>0x882f</run_address>
         <size>0x3c</size>
         <input_file_ref idref="fl-c"/>
      </object_component>
      <object_component id="oc-1104">
         <name>.debug_line</name>
         <load_address>0x886b</load_address>
         <run_address>0x886b</run_address>
         <size>0x3c</size>
         <input_file_ref idref="fl-c"/>
      </object_component>
      <object_component id="oc-16a7">
         <name>.debug_line</name>
         <load_address>0x88a7</load_address>
         <run_address>0x88a7</run_address>
         <size>0x3c</size>
         <input_file_ref idref="fl-c"/>
      </object_component>
      <object_component id="oc-16a9">
         <name>.debug_line</name>
         <load_address>0x88e3</load_address>
         <run_address>0x88e3</run_address>
         <size>0x3c</size>
         <input_file_ref idref="fl-c"/>
      </object_component>
      <object_component id="oc-1438">
         <name>.debug_line</name>
         <load_address>0x891f</load_address>
         <run_address>0x891f</run_address>
         <size>0x3c</size>
         <input_file_ref idref="fl-c"/>
      </object_component>
      <object_component id="oc-1430">
         <name>.debug_line</name>
         <load_address>0x895b</load_address>
         <run_address>0x895b</run_address>
         <size>0x3c</size>
         <input_file_ref idref="fl-c"/>
      </object_component>
      <object_component id="oc-142e">
         <name>.debug_line</name>
         <load_address>0x8997</load_address>
         <run_address>0x8997</run_address>
         <size>0x3c</size>
         <input_file_ref idref="fl-c"/>
      </object_component>
      <object_component id="oc-1808">
         <name>.debug_line</name>
         <load_address>0x89d3</load_address>
         <run_address>0x89d3</run_address>
         <size>0x3c</size>
         <input_file_ref idref="fl-c"/>
      </object_component>
      <object_component id="oc-1806">
         <name>.debug_line</name>
         <load_address>0x8a0f</load_address>
         <run_address>0x8a0f</run_address>
         <size>0x3c</size>
         <input_file_ref idref="fl-c"/>
      </object_component>
      <object_component id="oc-e8e">
         <name>.debug_line</name>
         <load_address>0x8a4b</load_address>
         <run_address>0x8a4b</run_address>
         <size>0x3c</size>
         <input_file_ref idref="fl-c"/>
      </object_component>
      <object_component id="oc-17e8">
         <name>.debug_line</name>
         <load_address>0x8a87</load_address>
         <run_address>0x8a87</run_address>
         <size>0x3c</size>
         <input_file_ref idref="fl-c"/>
      </object_component>
      <object_component id="oc-17e6">
         <name>.debug_line</name>
         <load_address>0x8ac3</load_address>
         <run_address>0x8ac3</run_address>
         <size>0x3c</size>
         <input_file_ref idref="fl-c"/>
      </object_component>
      <object_component id="oc-c80">
         <name>.debug_line</name>
         <load_address>0x8aff</load_address>
         <run_address>0x8aff</run_address>
         <size>0x3c</size>
         <input_file_ref idref="fl-c"/>
      </object_component>
      <object_component id="oc-168f">
         <name>.debug_line</name>
         <load_address>0x8b3b</load_address>
         <run_address>0x8b3b</run_address>
         <size>0x3c</size>
         <input_file_ref idref="fl-c"/>
      </object_component>
      <object_component id="oc-1691">
         <name>.debug_line</name>
         <load_address>0x8b77</load_address>
         <run_address>0x8b77</run_address>
         <size>0x3c</size>
         <input_file_ref idref="fl-c"/>
      </object_component>
      <object_component id="oc-1693">
         <name>.debug_line</name>
         <load_address>0x8bb3</load_address>
         <run_address>0x8bb3</run_address>
         <size>0x3c</size>
         <input_file_ref idref="fl-c"/>
      </object_component>
      <object_component id="oc-1697">
         <name>.debug_line</name>
         <load_address>0x8bef</load_address>
         <run_address>0x8bef</run_address>
         <size>0x3c</size>
         <input_file_ref idref="fl-c"/>
      </object_component>
      <object_component id="oc-1695">
         <name>.debug_line</name>
         <load_address>0x8c2b</load_address>
         <run_address>0x8c2b</run_address>
         <size>0x3c</size>
         <input_file_ref idref="fl-c"/>
      </object_component>
      <object_component id="oc-d4a">
         <name>.debug_line</name>
         <load_address>0x8c67</load_address>
         <run_address>0x8c67</run_address>
         <size>0x3c</size>
         <input_file_ref idref="fl-c"/>
      </object_component>
      <object_component id="oc-1153">
         <name>.debug_line</name>
         <load_address>0x8ca3</load_address>
         <run_address>0x8ca3</run_address>
         <size>0x3c</size>
         <input_file_ref idref="fl-c"/>
      </object_component>
      <object_component id="oc-d37">
         <name>.debug_line</name>
         <load_address>0x8cdf</load_address>
         <run_address>0x8cdf</run_address>
         <size>0x3c</size>
         <input_file_ref idref="fl-c"/>
      </object_component>
      <object_component id="oc-d39">
         <name>.debug_line</name>
         <load_address>0x8d1b</load_address>
         <run_address>0x8d1b</run_address>
         <size>0x3c</size>
         <input_file_ref idref="fl-c"/>
      </object_component>
      <object_component id="oc-d3b">
         <name>.debug_line</name>
         <load_address>0x8d57</load_address>
         <run_address>0x8d57</run_address>
         <size>0x3c</size>
         <input_file_ref idref="fl-c"/>
      </object_component>
      <object_component id="oc-d3f">
         <name>.debug_line</name>
         <load_address>0x8d93</load_address>
         <run_address>0x8d93</run_address>
         <size>0x3c</size>
         <input_file_ref idref="fl-c"/>
      </object_component>
      <object_component id="oc-d3d">
         <name>.debug_line</name>
         <load_address>0x8dcf</load_address>
         <run_address>0x8dcf</run_address>
         <size>0x3c</size>
         <input_file_ref idref="fl-c"/>
      </object_component>
      <object_component id="oc-d41">
         <name>.debug_line</name>
         <load_address>0x8e0b</load_address>
         <run_address>0x8e0b</run_address>
         <size>0x3c</size>
         <input_file_ref idref="fl-c"/>
      </object_component>
      <object_component id="oc-18fa">
         <name>.debug_line</name>
         <load_address>0x8e47</load_address>
         <run_address>0x8e47</run_address>
         <size>0x3c</size>
         <input_file_ref idref="fl-c"/>
      </object_component>
      <object_component id="oc-18fc">
         <name>.debug_line</name>
         <load_address>0x8e83</load_address>
         <run_address>0x8e83</run_address>
         <size>0x3c</size>
         <input_file_ref idref="fl-c"/>
      </object_component>
      <object_component id="oc-18ab">
         <name>.debug_line</name>
         <load_address>0x8ebf</load_address>
         <run_address>0x8ebf</run_address>
         <size>0x3c</size>
         <input_file_ref idref="fl-c"/>
      </object_component>
      <object_component id="oc-18a9">
         <name>.debug_line</name>
         <load_address>0x8efb</load_address>
         <run_address>0x8efb</run_address>
         <size>0x3c</size>
         <input_file_ref idref="fl-c"/>
      </object_component>
      <object_component id="oc-11e4">
         <name>.debug_line</name>
         <load_address>0x8f37</load_address>
         <run_address>0x8f37</run_address>
         <size>0x3c</size>
         <input_file_ref idref="fl-c"/>
      </object_component>
      <object_component id="oc-180e">
         <name>.debug_line</name>
         <load_address>0x8f73</load_address>
         <run_address>0x8f73</run_address>
         <size>0x3c</size>
         <input_file_ref idref="fl-c"/>
      </object_component>
      <object_component id="oc-1810">
         <name>.debug_line</name>
         <load_address>0x8faf</load_address>
         <run_address>0x8faf</run_address>
         <size>0x3c</size>
         <input_file_ref idref="fl-c"/>
      </object_component>
      <object_component id="oc-1812">
         <name>.debug_line</name>
         <load_address>0x8feb</load_address>
         <run_address>0x8feb</run_address>
         <size>0x3c</size>
         <input_file_ref idref="fl-c"/>
      </object_component>
      <object_component id="oc-181c">
         <name>.debug_line</name>
         <load_address>0x9027</load_address>
         <run_address>0x9027</run_address>
         <size>0x3c</size>
         <input_file_ref idref="fl-c"/>
      </object_component>
      <object_component id="oc-1816">
         <name>.debug_line</name>
         <load_address>0x9063</load_address>
         <run_address>0x9063</run_address>
         <size>0x3c</size>
         <input_file_ref idref="fl-c"/>
      </object_component>
      <object_component id="oc-ed6">
         <name>.debug_line</name>
         <load_address>0x909f</load_address>
         <run_address>0x909f</run_address>
         <size>0x3c</size>
         <input_file_ref idref="fl-c"/>
      </object_component>
      <object_component id="oc-1818">
         <name>.debug_line</name>
         <load_address>0x90db</load_address>
         <run_address>0x90db</run_address>
         <size>0x3c</size>
         <input_file_ref idref="fl-c"/>
      </object_component>
      <object_component id="oc-18a7">
         <name>.debug_line</name>
         <load_address>0x9117</load_address>
         <run_address>0x9117</run_address>
         <size>0x3c</size>
         <input_file_ref idref="fl-c"/>
      </object_component>
      <object_component id="oc-1814">
         <name>.debug_line</name>
         <load_address>0x9153</load_address>
         <run_address>0x9153</run_address>
         <size>0x3c</size>
         <input_file_ref idref="fl-c"/>
      </object_component>
      <object_component id="oc-181a">
         <name>.debug_line</name>
         <load_address>0x918f</load_address>
         <run_address>0x918f</run_address>
         <size>0x3c</size>
         <input_file_ref idref="fl-c"/>
      </object_component>
      <object_component id="oc-181e">
         <name>.debug_line</name>
         <load_address>0x91cb</load_address>
         <run_address>0x91cb</run_address>
         <size>0x3c</size>
         <input_file_ref idref="fl-c"/>
      </object_component>
      <object_component id="oc-18a5">
         <name>.debug_line</name>
         <load_address>0x9207</load_address>
         <run_address>0x9207</run_address>
         <size>0x3c</size>
         <input_file_ref idref="fl-c"/>
      </object_component>
      <object_component id="oc-1854">
         <name>.debug_line</name>
         <load_address>0x9243</load_address>
         <run_address>0x9243</run_address>
         <size>0x3c</size>
         <input_file_ref idref="fl-c"/>
      </object_component>
      <object_component id="oc-18bc">
         <name>.debug_line</name>
         <load_address>0x927f</load_address>
         <run_address>0x927f</run_address>
         <size>0x3c</size>
         <input_file_ref idref="fl-c"/>
      </object_component>
      <object_component id="oc-cce">
         <name>.debug_line</name>
         <load_address>0x92bb</load_address>
         <run_address>0x92bb</run_address>
         <size>0x3c</size>
         <input_file_ref idref="fl-c"/>
      </object_component>
      <object_component id="oc-18b8">
         <name>.debug_line</name>
         <load_address>0x92f7</load_address>
         <run_address>0x92f7</run_address>
         <size>0x3c</size>
         <input_file_ref idref="fl-c"/>
      </object_component>
      <object_component id="oc-18b6">
         <name>.debug_line</name>
         <load_address>0x9333</load_address>
         <run_address>0x9333</run_address>
         <size>0x3c</size>
         <input_file_ref idref="fl-c"/>
      </object_component>
      <object_component id="oc-18ba">
         <name>.debug_line</name>
         <load_address>0x936f</load_address>
         <run_address>0x936f</run_address>
         <size>0x3c</size>
         <input_file_ref idref="fl-c"/>
      </object_component>
      <object_component id="oc-18b4">
         <name>.debug_line</name>
         <load_address>0x93ab</load_address>
         <run_address>0x93ab</run_address>
         <size>0x3c</size>
         <input_file_ref idref="fl-c"/>
      </object_component>
      <object_component id="oc-18b2">
         <name>.debug_line</name>
         <load_address>0x93e7</load_address>
         <run_address>0x93e7</run_address>
         <size>0x3c</size>
         <input_file_ref idref="fl-c"/>
      </object_component>
      <object_component id="oc-1893">
         <name>.debug_line</name>
         <load_address>0x9423</load_address>
         <run_address>0x9423</run_address>
         <size>0x3c</size>
         <input_file_ref idref="fl-c"/>
      </object_component>
      <object_component id="oc-17e4">
         <name>.debug_line</name>
         <load_address>0x945f</load_address>
         <run_address>0x945f</run_address>
         <size>0x3c</size>
         <input_file_ref idref="fl-c"/>
      </object_component>
      <object_component id="oc-13b9">
         <name>.debug_line</name>
         <load_address>0x949b</load_address>
         <run_address>0x949b</run_address>
         <size>0x3c</size>
         <input_file_ref idref="fl-c"/>
      </object_component>
      <object_component id="oc-13b7">
         <name>.debug_line</name>
         <load_address>0x94d7</load_address>
         <run_address>0x94d7</run_address>
         <size>0x3c</size>
         <input_file_ref idref="fl-c"/>
      </object_component>
      <object_component id="oc-bee">
         <name>.debug_line</name>
         <load_address>0x9513</load_address>
         <run_address>0x9513</run_address>
         <size>0x3c</size>
         <input_file_ref idref="fl-c"/>
      </object_component>
      <object_component id="oc-bec">
         <name>.debug_line</name>
         <load_address>0x954f</load_address>
         <run_address>0x954f</run_address>
         <size>0x3c</size>
         <input_file_ref idref="fl-c"/>
      </object_component>
      <object_component id="oc-be2">
         <name>.debug_line</name>
         <load_address>0x958b</load_address>
         <run_address>0x958b</run_address>
         <size>0x3c</size>
         <input_file_ref idref="fl-c"/>
      </object_component>
      <object_component id="oc-be4">
         <name>.debug_line</name>
         <load_address>0x95c7</load_address>
         <run_address>0x95c7</run_address>
         <size>0x3c</size>
         <input_file_ref idref="fl-c"/>
      </object_component>
      <object_component id="oc-be6">
         <name>.debug_line</name>
         <load_address>0x9603</load_address>
         <run_address>0x9603</run_address>
         <size>0x3c</size>
         <input_file_ref idref="fl-c"/>
      </object_component>
      <object_component id="oc-bea">
         <name>.debug_line</name>
         <load_address>0x963f</load_address>
         <run_address>0x963f</run_address>
         <size>0x3c</size>
         <input_file_ref idref="fl-c"/>
      </object_component>
      <object_component id="oc-be8">
         <name>.debug_line</name>
         <load_address>0x967b</load_address>
         <run_address>0x967b</run_address>
         <size>0x3c</size>
         <input_file_ref idref="fl-c"/>
      </object_component>
      <object_component id="oc-cd2">
         <name>.debug_line</name>
         <load_address>0x96b7</load_address>
         <run_address>0x96b7</run_address>
         <size>0x3c</size>
         <input_file_ref idref="fl-c"/>
      </object_component>
      <object_component id="oc-e56">
         <name>.debug_line</name>
         <load_address>0x96f3</load_address>
         <run_address>0x96f3</run_address>
         <size>0x3c</size>
         <input_file_ref idref="fl-c"/>
      </object_component>
      <object_component id="oc-cd4">
         <name>.debug_line</name>
         <load_address>0x972f</load_address>
         <run_address>0x972f</run_address>
         <size>0x3c</size>
         <input_file_ref idref="fl-c"/>
      </object_component>
      <object_component id="oc-110c">
         <name>.debug_line</name>
         <load_address>0x976b</load_address>
         <run_address>0x976b</run_address>
         <size>0x3c</size>
         <input_file_ref idref="fl-c"/>
      </object_component>
      <object_component id="oc-110e">
         <name>.debug_line</name>
         <load_address>0x97a7</load_address>
         <run_address>0x97a7</run_address>
         <size>0x3c</size>
         <input_file_ref idref="fl-c"/>
      </object_component>
      <object_component id="oc-cd9">
         <name>.debug_line</name>
         <load_address>0x97e3</load_address>
         <run_address>0x97e3</run_address>
         <size>0x3c</size>
         <input_file_ref idref="fl-c"/>
      </object_component>
      <object_component id="oc-172c">
         <name>.debug_line</name>
         <load_address>0x981f</load_address>
         <run_address>0x981f</run_address>
         <size>0x3c</size>
         <input_file_ref idref="fl-c"/>
      </object_component>
      <object_component id="oc-79b">
         <name>.debug_line</name>
         <load_address>0x985b</load_address>
         <run_address>0x985b</run_address>
         <size>0x3c</size>
         <input_file_ref idref="fl-c"/>
      </object_component>
      <object_component id="oc-c5a">
         <name>.debug_line</name>
         <load_address>0x9897</load_address>
         <run_address>0x9897</run_address>
         <size>0x3c</size>
         <input_file_ref idref="fl-c"/>
      </object_component>
      <object_component id="oc-13cc">
         <name>.debug_line</name>
         <load_address>0x98d3</load_address>
         <run_address>0x98d3</run_address>
         <size>0x3c</size>
         <input_file_ref idref="fl-c"/>
      </object_component>
      <object_component id="oc-1067">
         <name>.debug_line</name>
         <load_address>0x990f</load_address>
         <run_address>0x990f</run_address>
         <size>0x3c</size>
         <input_file_ref idref="fl-c"/>
      </object_component>
      <object_component id="oc-106c">
         <name>.debug_line</name>
         <load_address>0x994b</load_address>
         <run_address>0x994b</run_address>
         <size>0x3c</size>
         <input_file_ref idref="fl-c"/>
      </object_component>
      <object_component id="oc-c3e">
         <name>.debug_line</name>
         <load_address>0x9987</load_address>
         <run_address>0x9987</run_address>
         <size>0x3c</size>
         <input_file_ref idref="fl-c"/>
      </object_component>
      <object_component id="oc-c28">
         <name>.debug_line</name>
         <load_address>0x99c3</load_address>
         <run_address>0x99c3</run_address>
         <size>0x3c</size>
         <input_file_ref idref="fl-c"/>
      </object_component>
      <object_component id="oc-c2a">
         <name>.debug_line</name>
         <load_address>0x99ff</load_address>
         <run_address>0x99ff</run_address>
         <size>0x3c</size>
         <input_file_ref idref="fl-c"/>
      </object_component>
      <object_component id="oc-c2c">
         <name>.debug_line</name>
         <load_address>0x9a3b</load_address>
         <run_address>0x9a3b</run_address>
         <size>0x3c</size>
         <input_file_ref idref="fl-c"/>
      </object_component>
      <object_component id="oc-c30">
         <name>.debug_line</name>
         <load_address>0x9a77</load_address>
         <run_address>0x9a77</run_address>
         <size>0x3c</size>
         <input_file_ref idref="fl-c"/>
      </object_component>
      <object_component id="oc-1730">
         <name>.debug_line</name>
         <load_address>0x9ab3</load_address>
         <run_address>0x9ab3</run_address>
         <size>0x3c</size>
         <input_file_ref idref="fl-c"/>
      </object_component>
      <object_component id="oc-1683">
         <name>.debug_line</name>
         <load_address>0x9aef</load_address>
         <run_address>0x9aef</run_address>
         <size>0x3c</size>
         <input_file_ref idref="fl-c"/>
      </object_component>
      <object_component id="oc-1685">
         <name>.debug_line</name>
         <load_address>0x9b2b</load_address>
         <run_address>0x9b2b</run_address>
         <size>0x3c</size>
         <input_file_ref idref="fl-c"/>
      </object_component>
      <object_component id="oc-c2e">
         <name>.debug_line</name>
         <load_address>0x9b67</load_address>
         <run_address>0x9b67</run_address>
         <size>0x3c</size>
         <input_file_ref idref="fl-c"/>
      </object_component>
      <object_component id="oc-c64">
         <name>.debug_line</name>
         <load_address>0x9ba3</load_address>
         <run_address>0x9ba3</run_address>
         <size>0x3c</size>
         <input_file_ref idref="fl-c"/>
      </object_component>
      <object_component id="oc-c66">
         <name>.debug_line</name>
         <load_address>0x9bdf</load_address>
         <run_address>0x9bdf</run_address>
         <size>0x3c</size>
         <input_file_ref idref="fl-c"/>
      </object_component>
      <object_component id="oc-c32">
         <name>.debug_line</name>
         <load_address>0x9c1b</load_address>
         <run_address>0x9c1b</run_address>
         <size>0x3c</size>
         <input_file_ref idref="fl-c"/>
      </object_component>
      <object_component id="oc-e59">
         <name>.debug_line</name>
         <load_address>0x9c57</load_address>
         <run_address>0x9c57</run_address>
         <size>0x3c</size>
         <input_file_ref idref="fl-c"/>
      </object_component>
      <object_component id="oc-e5c">
         <name>.debug_line</name>
         <load_address>0x9c93</load_address>
         <run_address>0x9c93</run_address>
         <size>0x3c</size>
         <input_file_ref idref="fl-c"/>
      </object_component>
      <object_component id="oc-c36">
         <name>.debug_line</name>
         <load_address>0x9ccf</load_address>
         <run_address>0x9ccf</run_address>
         <size>0x3c</size>
         <input_file_ref idref="fl-c"/>
      </object_component>
      <object_component id="oc-c34">
         <name>.debug_line</name>
         <load_address>0x9d0b</load_address>
         <run_address>0x9d0b</run_address>
         <size>0x3c</size>
         <input_file_ref idref="fl-c"/>
      </object_component>
      <object_component id="oc-1680">
         <name>.debug_line</name>
         <load_address>0x9d47</load_address>
         <run_address>0x9d47</run_address>
         <size>0x3c</size>
         <input_file_ref idref="fl-c"/>
      </object_component>
      <object_component id="oc-1732">
         <name>.debug_line</name>
         <load_address>0x9d83</load_address>
         <run_address>0x9d83</run_address>
         <size>0x3c</size>
         <input_file_ref idref="fl-c"/>
      </object_component>
      <object_component id="oc-100b">
         <name>.debug_line</name>
         <load_address>0x9dbf</load_address>
         <run_address>0x9dbf</run_address>
         <size>0x3c</size>
         <input_file_ref idref="fl-c"/>
      </object_component>
      <object_component id="oc-ba8">
         <name>.debug_line</name>
         <load_address>0x9dfb</load_address>
         <run_address>0x9dfb</run_address>
         <size>0x3c</size>
         <input_file_ref idref="fl-c"/>
      </object_component>
      <object_component id="oc-ba6">
         <name>.debug_line</name>
         <load_address>0x9e37</load_address>
         <run_address>0x9e37</run_address>
         <size>0x3c</size>
         <input_file_ref idref="fl-c"/>
      </object_component>
      <object_component id="oc-baa">
         <name>.debug_line</name>
         <load_address>0x9e73</load_address>
         <run_address>0x9e73</run_address>
         <size>0x3c</size>
         <input_file_ref idref="fl-c"/>
      </object_component>
      <object_component id="oc-bae">
         <name>.debug_line</name>
         <load_address>0x9eaf</load_address>
         <run_address>0x9eaf</run_address>
         <size>0x3c</size>
         <input_file_ref idref="fl-c"/>
      </object_component>
      <object_component id="oc-bac">
         <name>.debug_line</name>
         <load_address>0x9eeb</load_address>
         <run_address>0x9eeb</run_address>
         <size>0x3c</size>
         <input_file_ref idref="fl-c"/>
      </object_component>
      <object_component id="oc-17d5">
         <name>.debug_line</name>
         <load_address>0x9f27</load_address>
         <run_address>0x9f27</run_address>
         <size>0x3c</size>
         <input_file_ref idref="fl-c"/>
      </object_component>
      <object_component id="oc-17cd">
         <name>.debug_line</name>
         <load_address>0x9f63</load_address>
         <run_address>0x9f63</run_address>
         <size>0x3c</size>
         <input_file_ref idref="fl-c"/>
      </object_component>
      <object_component id="oc-17cb">
         <name>.debug_line</name>
         <load_address>0x9f9f</load_address>
         <run_address>0x9f9f</run_address>
         <size>0x3c</size>
         <input_file_ref idref="fl-c"/>
      </object_component>
      <object_component id="oc-17cf">
         <name>.debug_line</name>
         <load_address>0x9fdb</load_address>
         <run_address>0x9fdb</run_address>
         <size>0x3c</size>
         <input_file_ref idref="fl-c"/>
      </object_component>
      <object_component id="oc-17c9">
         <name>.debug_line</name>
         <load_address>0xa017</load_address>
         <run_address>0xa017</run_address>
         <size>0x3c</size>
         <input_file_ref idref="fl-c"/>
      </object_component>
      <object_component id="oc-17d1">
         <name>.debug_line</name>
         <load_address>0xa053</load_address>
         <run_address>0xa053</run_address>
         <size>0x3c</size>
         <input_file_ref idref="fl-c"/>
      </object_component>
      <object_component id="oc-17d3">
         <name>.debug_line</name>
         <load_address>0xa08f</load_address>
         <run_address>0xa08f</run_address>
         <size>0x3c</size>
         <input_file_ref idref="fl-c"/>
      </object_component>
      <object_component id="oc-13b3">
         <name>.debug_line</name>
         <load_address>0xa0cb</load_address>
         <run_address>0xa0cb</run_address>
         <size>0x3c</size>
         <input_file_ref idref="fl-c"/>
      </object_component>
      <object_component id="oc-105a">
         <name>.debug_line</name>
         <load_address>0xa107</load_address>
         <run_address>0xa107</run_address>
         <size>0x3c</size>
         <input_file_ref idref="fl-c"/>
      </object_component>
      <object_component id="oc-c40">
         <name>.debug_line</name>
         <load_address>0xa143</load_address>
         <run_address>0xa143</run_address>
         <size>0x3c</size>
         <input_file_ref idref="fl-c"/>
      </object_component>
      <object_component id="oc-17dd">
         <name>.debug_line</name>
         <load_address>0xa17f</load_address>
         <run_address>0xa17f</run_address>
         <size>0x3c</size>
         <input_file_ref idref="fl-c"/>
      </object_component>
      <object_component id="oc-17df">
         <name>.debug_line</name>
         <load_address>0xa1bb</load_address>
         <run_address>0xa1bb</run_address>
         <size>0x3c</size>
         <input_file_ref idref="fl-c"/>
      </object_component>
      <object_component id="oc-17c7">
         <name>.debug_line</name>
         <load_address>0xa1f7</load_address>
         <run_address>0xa1f7</run_address>
         <size>0x3c</size>
         <input_file_ref idref="fl-c"/>
      </object_component>
      <object_component id="oc-13bb">
         <name>.debug_line</name>
         <load_address>0xa233</load_address>
         <run_address>0xa233</run_address>
         <size>0x3c</size>
         <input_file_ref idref="fl-c"/>
      </object_component>
      <object_component id="oc-1058">
         <name>.debug_line</name>
         <load_address>0xa26f</load_address>
         <run_address>0xa26f</run_address>
         <size>0x3c</size>
         <input_file_ref idref="fl-c"/>
      </object_component>
      <object_component id="oc-1056">
         <name>.debug_line</name>
         <load_address>0xa2ab</load_address>
         <run_address>0xa2ab</run_address>
         <size>0x3c</size>
         <input_file_ref idref="fl-c"/>
      </object_component>
      <object_component id="oc-1918">
         <name>.debug_line</name>
         <load_address>0xa2e7</load_address>
         <run_address>0xa2e7</run_address>
         <size>0x3c</size>
         <input_file_ref idref="fl-c"/>
      </object_component>
      <object_component id="oc-327">
         <name>.debug_line</name>
         <load_address>0xa323</load_address>
         <run_address>0xa323</run_address>
         <size>0x3c</size>
         <input_file_ref idref="fl-c"/>
      </object_component>
      <object_component id="oc-696">
         <name>.debug_line</name>
         <load_address>0xa35f</load_address>
         <run_address>0xa35f</run_address>
         <size>0x3c</size>
         <input_file_ref idref="fl-c"/>
      </object_component>
      <object_component id="oc-1218">
         <name>.debug_line</name>
         <load_address>0xa39b</load_address>
         <run_address>0xa39b</run_address>
         <size>0x3c</size>
         <input_file_ref idref="fl-c"/>
      </object_component>
      <object_component id="oc-11e6">
         <name>.debug_line</name>
         <load_address>0xa3d7</load_address>
         <run_address>0xa3d7</run_address>
         <size>0x3c</size>
         <input_file_ref idref="fl-c"/>
      </object_component>
      <object_component id="oc-eeb">
         <name>.debug_line</name>
         <load_address>0xa413</load_address>
         <run_address>0xa413</run_address>
         <size>0x3c</size>
         <input_file_ref idref="fl-c"/>
      </object_component>
      <object_component id="oc-31b">
         <name>.debug_line</name>
         <load_address>0xa44f</load_address>
         <run_address>0xa44f</run_address>
         <size>0x3c</size>
         <input_file_ref idref="fl-c"/>
      </object_component>
      <object_component id="oc-325">
         <name>.debug_line</name>
         <load_address>0xa48b</load_address>
         <run_address>0xa48b</run_address>
         <size>0x3c</size>
         <input_file_ref idref="fl-c"/>
      </object_component>
      <object_component id="oc-323">
         <name>.debug_line</name>
         <load_address>0xa4c7</load_address>
         <run_address>0xa4c7</run_address>
         <size>0x3c</size>
         <input_file_ref idref="fl-c"/>
      </object_component>
      <object_component id="oc-ee9">
         <name>.debug_line</name>
         <load_address>0xa503</load_address>
         <run_address>0xa503</run_address>
         <size>0x3c</size>
         <input_file_ref idref="fl-c"/>
      </object_component>
      <object_component id="oc-ee4">
         <name>.debug_line</name>
         <load_address>0xa53f</load_address>
         <run_address>0xa53f</run_address>
         <size>0x3c</size>
         <input_file_ref idref="fl-c"/>
      </object_component>
      <object_component id="oc-800">
         <name>.debug_line</name>
         <load_address>0xa57b</load_address>
         <run_address>0xa57b</run_address>
         <size>0x3c</size>
         <input_file_ref idref="fl-c"/>
      </object_component>
      <object_component id="oc-802">
         <name>.debug_line</name>
         <load_address>0xa5b7</load_address>
         <run_address>0xa5b7</run_address>
         <size>0x3c</size>
         <input_file_ref idref="fl-c"/>
      </object_component>
      <object_component id="oc-a3b">
         <name>.debug_line</name>
         <load_address>0xa5f3</load_address>
         <run_address>0xa5f3</run_address>
         <size>0x3c</size>
         <input_file_ref idref="fl-c"/>
      </object_component>
      <object_component id="oc-7fd">
         <name>.debug_line</name>
         <load_address>0xa62f</load_address>
         <run_address>0xa62f</run_address>
         <size>0x3c</size>
         <input_file_ref idref="fl-c"/>
      </object_component>
      <object_component id="oc-a3d">
         <name>.debug_line</name>
         <load_address>0xa66b</load_address>
         <run_address>0xa66b</run_address>
         <size>0x3c</size>
         <input_file_ref idref="fl-c"/>
      </object_component>
      <object_component id="oc-537">
         <name>.debug_line</name>
         <load_address>0xa6a7</load_address>
         <run_address>0xa6a7</run_address>
         <size>0x3c</size>
         <input_file_ref idref="fl-c"/>
      </object_component>
      <object_component id="oc-a39">
         <name>.debug_line</name>
         <load_address>0xa6e3</load_address>
         <run_address>0xa6e3</run_address>
         <size>0x3c</size>
         <input_file_ref idref="fl-c"/>
      </object_component>
      <object_component id="oc-141d">
         <name>.debug_line</name>
         <load_address>0xa71f</load_address>
         <run_address>0xa71f</run_address>
         <size>0x3c</size>
         <input_file_ref idref="fl-c"/>
      </object_component>
      <object_component id="oc-d65">
         <name>.debug_line</name>
         <load_address>0xa75b</load_address>
         <run_address>0xa75b</run_address>
         <size>0x3c</size>
         <input_file_ref idref="fl-c"/>
      </object_component>
      <object_component id="oc-27e">
         <name>.debug_line</name>
         <load_address>0xa797</load_address>
         <run_address>0xa797</run_address>
         <size>0x3c</size>
         <input_file_ref idref="fl-c"/>
      </object_component>
      <object_component id="oc-16cb">
         <name>.debug_line</name>
         <load_address>0xa7d3</load_address>
         <run_address>0xa7d3</run_address>
         <size>0x3c</size>
         <input_file_ref idref="fl-c"/>
      </object_component>
      <object_component id="oc-1651">
         <name>.debug_line</name>
         <load_address>0xa80f</load_address>
         <run_address>0xa80f</run_address>
         <size>0x3c</size>
         <input_file_ref idref="fl-c"/>
      </object_component>
      <object_component id="oc-1937">
         <name>.debug_line</name>
         <load_address>0xa84b</load_address>
         <run_address>0xa84b</run_address>
         <size>0x3c</size>
         <input_file_ref idref="fl-c"/>
      </object_component>
      <object_component id="oc-16e2">
         <name>.debug_line</name>
         <load_address>0xa887</load_address>
         <run_address>0xa887</run_address>
         <size>0x3c</size>
         <input_file_ref idref="fl-c"/>
      </object_component>
      <object_component id="oc-16e4">
         <name>.debug_line</name>
         <load_address>0xa8c3</load_address>
         <run_address>0xa8c3</run_address>
         <size>0x3c</size>
         <input_file_ref idref="fl-c"/>
      </object_component>
      <object_component id="oc-16e6">
         <name>.debug_line</name>
         <load_address>0xa8ff</load_address>
         <run_address>0xa8ff</run_address>
         <size>0x3c</size>
         <input_file_ref idref="fl-c"/>
      </object_component>
      <object_component id="oc-1009">
         <name>.debug_line</name>
         <load_address>0xa93b</load_address>
         <run_address>0xa93b</run_address>
         <size>0x3c</size>
         <input_file_ref idref="fl-c"/>
      </object_component>
      <object_component id="oc-139f">
         <name>.debug_line</name>
         <load_address>0xa977</load_address>
         <run_address>0xa977</run_address>
         <size>0x3c</size>
         <input_file_ref idref="fl-c"/>
      </object_component>
      <object_component id="oc-1935">
         <name>.debug_line</name>
         <load_address>0xa9b3</load_address>
         <run_address>0xa9b3</run_address>
         <size>0x3c</size>
         <input_file_ref idref="fl-c"/>
      </object_component>
      <object_component id="oc-180a">
         <name>.debug_line</name>
         <load_address>0xa9ef</load_address>
         <run_address>0xa9ef</run_address>
         <size>0x3c</size>
         <input_file_ref idref="fl-c"/>
      </object_component>
      <object_component id="oc-1905">
         <name>.debug_line</name>
         <load_address>0xaa2b</load_address>
         <run_address>0xaa2b</run_address>
         <size>0x3c</size>
         <input_file_ref idref="fl-c"/>
      </object_component>
      <object_component id="oc-1903">
         <name>.debug_line</name>
         <load_address>0xaa67</load_address>
         <run_address>0xaa67</run_address>
         <size>0x3c</size>
         <input_file_ref idref="fl-c"/>
      </object_component>
      <object_component id="oc-190d">
         <name>.debug_line</name>
         <load_address>0xaaa3</load_address>
         <run_address>0xaaa3</run_address>
         <size>0x3c</size>
         <input_file_ref idref="fl-c"/>
      </object_component>
      <object_component id="oc-126f">
         <name>.debug_line</name>
         <load_address>0xaadf</load_address>
         <run_address>0xaadf</run_address>
         <size>0x3c</size>
         <input_file_ref idref="fl-c"/>
      </object_component>
      <object_component id="oc-16db">
         <name>.debug_line</name>
         <load_address>0xab1b</load_address>
         <run_address>0xab1b</run_address>
         <size>0x3c</size>
         <input_file_ref idref="fl-c"/>
      </object_component>
      <object_component id="oc-16a2">
         <name>.debug_line</name>
         <load_address>0xab57</load_address>
         <run_address>0xab57</run_address>
         <size>0x3c</size>
         <input_file_ref idref="fl-c"/>
      </object_component>
      <object_component id="oc-d53">
         <name>.debug_line</name>
         <load_address>0xab93</load_address>
         <run_address>0xab93</run_address>
         <size>0x3c</size>
         <input_file_ref idref="fl-c"/>
      </object_component>
      <object_component id="oc-182d">
         <name>.debug_line</name>
         <load_address>0xabcf</load_address>
         <run_address>0xabcf</run_address>
         <size>0x3c</size>
         <input_file_ref idref="fl-c"/>
      </object_component>
      <object_component id="oc-186f">
         <name>.debug_line</name>
         <load_address>0xac0b</load_address>
         <run_address>0xac0b</run_address>
         <size>0x3c</size>
         <input_file_ref idref="fl-c"/>
      </object_component>
      <object_component id="oc-104d">
         <name>.debug_line</name>
         <load_address>0xac47</load_address>
         <run_address>0xac47</run_address>
         <size>0x3c</size>
         <input_file_ref idref="fl-c"/>
      </object_component>
      <object_component id="oc-797">
         <name>.debug_line</name>
         <load_address>0xac83</load_address>
         <run_address>0xac83</run_address>
         <size>0x3c</size>
         <input_file_ref idref="fl-c"/>
      </object_component>
      <object_component id="oc-7da">
         <name>.debug_line</name>
         <load_address>0xacbf</load_address>
         <run_address>0xacbf</run_address>
         <size>0x3c</size>
         <input_file_ref idref="fl-c"/>
      </object_component>
      <object_component id="oc-1907">
         <name>.debug_line</name>
         <load_address>0xacfb</load_address>
         <run_address>0xacfb</run_address>
         <size>0x51</size>
         <input_file_ref idref="fl-c"/>
      </object_component>
      <object_component id="oc-455">
         <name>.debug_line</name>
         <load_address>0xad4c</load_address>
         <run_address>0xad4c</run_address>
         <size>0x58</size>
         <input_file_ref idref="fl-c"/>
      </object_component>
      <object_component id="oc-16c5">
         <name>.debug_line</name>
         <load_address>0xada4</load_address>
         <run_address>0xada4</run_address>
         <size>0x11c</size>
         <input_file_ref idref="fl-c"/>
      </object_component>
      <object_component id="oc-18c6">
         <name>.debug_line</name>
         <load_address>0xaec0</load_address>
         <run_address>0xaec0</run_address>
         <size>0x58</size>
         <input_file_ref idref="fl-c"/>
      </object_component>
      <object_component id="oc-7ef">
         <name>.debug_line</name>
         <load_address>0xaf18</load_address>
         <run_address>0xaf18</run_address>
         <size>0x52</size>
         <input_file_ref idref="fl-c"/>
      </object_component>
      <object_component id="oc-526">
         <name>.debug_line</name>
         <load_address>0xaf6a</load_address>
         <run_address>0xaf6a</run_address>
         <size>0x52</size>
         <input_file_ref idref="fl-c"/>
      </object_component>
      <object_component id="oc-11b3">
         <name>.debug_line</name>
         <load_address>0xafbc</load_address>
         <run_address>0xafbc</run_address>
         <size>0x59</size>
         <input_file_ref idref="fl-c"/>
      </object_component>
      <object_component id="oc-11ad">
         <name>.debug_line</name>
         <load_address>0xb015</load_address>
         <run_address>0xb015</run_address>
         <size>0x5e</size>
         <input_file_ref idref="fl-c"/>
      </object_component>
      <object_component id="oc-11b9">
         <name>.debug_line</name>
         <load_address>0xb073</load_address>
         <run_address>0xb073</run_address>
         <size>0x58</size>
         <input_file_ref idref="fl-c"/>
      </object_component>
      <object_component id="oc-7f7">
         <name>.debug_line</name>
         <load_address>0xb0cb</load_address>
         <run_address>0xb0cb</run_address>
         <size>0x5b</size>
         <input_file_ref idref="fl-c"/>
      </object_component>
      <object_component id="oc-71">
         <name>.debug_line</name>
         <load_address>0xb126</load_address>
         <run_address>0xb126</run_address>
         <size>0x52</size>
         <input_file_ref idref="fl-c"/>
      </object_component>
      <object_component id="oc-31d">
         <name>.debug_line</name>
         <load_address>0xb178</load_address>
         <run_address>0xb178</run_address>
         <size>0x51</size>
         <input_file_ref idref="fl-c"/>
      </object_component>
      <object_component id="oc-10f3">
         <name>.debug_line</name>
         <load_address>0xb1c9</load_address>
         <run_address>0xb1c9</run_address>
         <size>0x4e</size>
         <input_file_ref idref="fl-c"/>
      </object_component>
      <object_component id="oc-1426">
         <name>.debug_line</name>
         <load_address>0xb217</load_address>
         <run_address>0xb217</run_address>
         <size>0x52</size>
         <input_file_ref idref="fl-c"/>
      </object_component>
      <object_component id="oc-10d2">
         <name>.debug_line</name>
         <load_address>0xb269</load_address>
         <run_address>0xb269</run_address>
         <size>0x54</size>
         <input_file_ref idref="fl-c"/>
      </object_component>
      <object_component id="oc-141f">
         <name>.debug_line</name>
         <load_address>0xb2bd</load_address>
         <run_address>0xb2bd</run_address>
         <size>0x52</size>
         <input_file_ref idref="fl-c"/>
      </object_component>
      <object_component id="oc-10cc">
         <name>.debug_line</name>
         <load_address>0xb30f</load_address>
         <run_address>0xb30f</run_address>
         <size>0x58</size>
         <input_file_ref idref="fl-c"/>
      </object_component>
      <object_component id="oc-cb2">
         <name>.debug_line</name>
         <load_address>0xb367</load_address>
         <run_address>0xb367</run_address>
         <size>0x58</size>
         <input_file_ref idref="fl-c"/>
      </object_component>
      <object_component id="oc-cb9">
         <name>.debug_line</name>
         <load_address>0xb3bf</load_address>
         <run_address>0xb3bf</run_address>
         <size>0x55</size>
         <input_file_ref idref="fl-c"/>
      </object_component>
      <object_component id="oc-17d7">
         <name>.debug_line</name>
         <load_address>0xb414</load_address>
         <run_address>0xb414</run_address>
         <size>0x58</size>
         <input_file_ref idref="fl-c"/>
      </object_component>
      <object_component id="oc-10fb">
         <name>.debug_line</name>
         <load_address>0xb46c</load_address>
         <run_address>0xb46c</run_address>
         <size>0x57</size>
         <input_file_ref idref="fl-c"/>
      </object_component>
      <object_component id="oc-80d">
         <name>.debug_line</name>
         <load_address>0xb4c3</load_address>
         <run_address>0xb4c3</run_address>
         <size>0x53</size>
         <input_file_ref idref="fl-c"/>
      </object_component>
      <object_component id="oc-c94">
         <name>.debug_line</name>
         <load_address>0xb516</load_address>
         <run_address>0xb516</run_address>
         <size>0x55</size>
         <input_file_ref idref="fl-c"/>
      </object_component>
      <object_component id="oc-807">
         <name>.debug_line</name>
         <load_address>0xb56b</load_address>
         <run_address>0xb56b</run_address>
         <size>0x5c</size>
         <input_file_ref idref="fl-c"/>
      </object_component>
      <object_component id="oc-14e7">
         <name>.debug_line</name>
         <load_address>0xb5c7</load_address>
         <run_address>0xb5c7</run_address>
         <size>0x58</size>
         <input_file_ref idref="fl-c"/>
      </object_component>
      <object_component id="oc-14e1">
         <name>.debug_line</name>
         <load_address>0xb61f</load_address>
         <run_address>0xb61f</run_address>
         <size>0x59</size>
         <input_file_ref idref="fl-c"/>
      </object_component>
      <object_component id="oc-14db">
         <name>.debug_line</name>
         <load_address>0xb678</load_address>
         <run_address>0xb678</run_address>
         <size>0x5e</size>
         <input_file_ref idref="fl-c"/>
      </object_component>
      <object_component id="oc-114b">
         <name>.debug_line</name>
         <load_address>0xb6d6</load_address>
         <run_address>0xb6d6</run_address>
         <size>0x58</size>
         <input_file_ref idref="fl-c"/>
      </object_component>
      <object_component id="oc-1145">
         <name>.debug_line</name>
         <load_address>0xb72e</load_address>
         <run_address>0xb72e</run_address>
         <size>0x53</size>
         <input_file_ref idref="fl-c"/>
      </object_component>
      <object_component id="oc-113f">
         <name>.debug_line</name>
         <load_address>0xb781</load_address>
         <run_address>0xb781</run_address>
         <size>0x5e</size>
         <input_file_ref idref="fl-c"/>
      </object_component>
      <object_component id="oc-10be">
         <name>.debug_line</name>
         <load_address>0xb7df</load_address>
         <run_address>0xb7df</run_address>
         <size>0x58</size>
         <input_file_ref idref="fl-c"/>
      </object_component>
      <object_component id="oc-10b8">
         <name>.debug_line</name>
         <load_address>0xb837</load_address>
         <run_address>0xb837</run_address>
         <size>0x53</size>
         <input_file_ref idref="fl-c"/>
      </object_component>
      <object_component id="oc-10b2">
         <name>.debug_line</name>
         <load_address>0xb88a</load_address>
         <run_address>0xb88a</run_address>
         <size>0x5e</size>
         <input_file_ref idref="fl-c"/>
      </object_component>
      <object_component id="oc-c53">
         <name>.debug_line</name>
         <load_address>0xb8e8</load_address>
         <run_address>0xb8e8</run_address>
         <size>0x74</size>
         <input_file_ref idref="fl-c"/>
      </object_component>
      <object_component id="oc-bfc">
         <name>.debug_line</name>
         <load_address>0xb95c</load_address>
         <run_address>0xb95c</run_address>
         <size>0x74</size>
         <input_file_ref idref="fl-c"/>
      </object_component>
      <object_component id="oc-225">
         <name>.debug_line</name>
         <load_address>0xb9d0</load_address>
         <run_address>0xb9d0</run_address>
         <size>0x71</size>
         <input_file_ref idref="fl-c"/>
      </object_component>
      <object_component id="oc-150b">
         <name>.debug_line</name>
         <load_address>0xba41</load_address>
         <run_address>0xba41</run_address>
         <size>0x52</size>
         <input_file_ref idref="fl-c"/>
      </object_component>
      <object_component id="oc-21f">
         <name>.debug_line</name>
         <load_address>0xba93</load_address>
         <run_address>0xba93</run_address>
         <size>0x52</size>
         <input_file_ref idref="fl-c"/>
      </object_component>
      <object_component id="oc-1511">
         <name>.debug_line</name>
         <load_address>0xbae5</load_address>
         <run_address>0xbae5</run_address>
         <size>0x52</size>
         <input_file_ref idref="fl-c"/>
      </object_component>
      <object_component id="oc-ebd">
         <name>.debug_line</name>
         <load_address>0xbb37</load_address>
         <run_address>0xbb37</run_address>
         <size>0x58</size>
         <input_file_ref idref="fl-c"/>
      </object_component>
      <object_component id="oc-1501">
         <name>.debug_line</name>
         <load_address>0xbb8f</load_address>
         <run_address>0xbb8f</run_address>
         <size>0x52</size>
         <input_file_ref idref="fl-c"/>
      </object_component>
      <object_component id="oc-ec3">
         <name>.debug_line</name>
         <load_address>0xbbe1</load_address>
         <run_address>0xbbe1</run_address>
         <size>0x58</size>
         <input_file_ref idref="fl-c"/>
      </object_component>
      <object_component id="oc-175f">
         <name>.debug_line</name>
         <load_address>0xbc39</load_address>
         <run_address>0xbc39</run_address>
         <size>0x52</size>
         <input_file_ref idref="fl-c"/>
      </object_component>
      <object_component id="oc-1577">
         <name>.debug_line</name>
         <load_address>0xbc8b</load_address>
         <run_address>0xbc8b</run_address>
         <size>0x52</size>
         <input_file_ref idref="fl-c"/>
      </object_component>
      <object_component id="oc-219">
         <name>.debug_line</name>
         <load_address>0xbcdd</load_address>
         <run_address>0xbcdd</run_address>
         <size>0x5d</size>
         <input_file_ref idref="fl-c"/>
      </object_component>
      <object_component id="oc-1596">
         <name>.debug_line</name>
         <load_address>0xbd3a</load_address>
         <run_address>0xbd3a</run_address>
         <size>0x64</size>
         <input_file_ref idref="fl-c"/>
      </object_component>
      <object_component id="oc-1590">
         <name>.debug_line</name>
         <load_address>0xbd9e</load_address>
         <run_address>0xbd9e</run_address>
         <size>0x52</size>
         <input_file_ref idref="fl-c"/>
      </object_component>
      <object_component id="oc-17ee">
         <name>.debug_line</name>
         <load_address>0xbdf0</load_address>
         <run_address>0xbdf0</run_address>
         <size>0x52</size>
         <input_file_ref idref="fl-c"/>
      </object_component>
      <object_component id="oc-16ba">
         <name>.debug_line</name>
         <load_address>0xbe42</load_address>
         <run_address>0xbe42</run_address>
         <size>0x52</size>
         <input_file_ref idref="fl-c"/>
      </object_component>
      <object_component id="oc-77b">
         <name>.debug_line</name>
         <load_address>0xbe94</load_address>
         <run_address>0xbe94</run_address>
         <size>0x59</size>
         <input_file_ref idref="fl-c"/>
      </object_component>
      <object_component id="oc-c15">
         <name>.debug_line</name>
         <load_address>0xbeed</load_address>
         <run_address>0xbeed</run_address>
         <size>0x52</size>
         <input_file_ref idref="fl-c"/>
      </object_component>
      <object_component id="oc-1789">
         <name>.debug_line</name>
         <load_address>0xbf3f</load_address>
         <run_address>0xbf3f</run_address>
         <size>0x52</size>
         <input_file_ref idref="fl-c"/>
      </object_component>
      <object_component id="oc-15ea">
         <name>.debug_line</name>
         <load_address>0xbf91</load_address>
         <run_address>0xbf91</run_address>
         <size>0x52</size>
         <input_file_ref idref="fl-c"/>
      </object_component>
      <object_component id="oc-15fd">
         <name>.debug_line</name>
         <load_address>0xbfe3</load_address>
         <run_address>0xbfe3</run_address>
         <size>0x5e</size>
         <input_file_ref idref="fl-c"/>
      </object_component>
      <object_component id="oc-14fb">
         <name>.debug_line</name>
         <load_address>0xc041</load_address>
         <run_address>0xc041</run_address>
         <size>0x52</size>
         <input_file_ref idref="fl-c"/>
      </object_component>
      <object_component id="oc-14f5">
         <name>.debug_line</name>
         <load_address>0xc093</load_address>
         <run_address>0xc093</run_address>
         <size>0x51</size>
         <input_file_ref idref="fl-c"/>
      </object_component>
      <object_component id="oc-15f7">
         <name>.debug_line</name>
         <load_address>0xc0e4</load_address>
         <run_address>0xc0e4</run_address>
         <size>0x52</size>
         <input_file_ref idref="fl-c"/>
      </object_component>
      <object_component id="oc-ac6">
         <name>.debug_line</name>
         <load_address>0xc136</load_address>
         <run_address>0xc136</run_address>
         <size>0x52</size>
         <input_file_ref idref="fl-c"/>
      </object_component>
      <object_component id="oc-16f6">
         <name>.debug_line</name>
         <load_address>0xc188</load_address>
         <run_address>0xc188</run_address>
         <size>0x52</size>
         <input_file_ref idref="fl-c"/>
      </object_component>
      <object_component id="oc-16f0">
         <name>.debug_line</name>
         <load_address>0xc1da</load_address>
         <run_address>0xc1da</run_address>
         <size>0x52</size>
         <input_file_ref idref="fl-c"/>
      </object_component>
      <object_component id="oc-b4b">
         <name>.debug_line</name>
         <load_address>0xc22c</load_address>
         <run_address>0xc22c</run_address>
         <size>0x52</size>
         <input_file_ref idref="fl-c"/>
      </object_component>
      <object_component id="oc-1529">
         <name>.debug_line</name>
         <load_address>0xc27e</load_address>
         <run_address>0xc27e</run_address>
         <size>0x51</size>
         <input_file_ref idref="fl-c"/>
      </object_component>
      <object_component id="oc-eca">
         <name>.debug_line</name>
         <load_address>0xc2cf</load_address>
         <run_address>0xc2cf</run_address>
         <size>0x58</size>
         <input_file_ref idref="fl-c"/>
      </object_component>
      <object_component id="oc-441">
         <name>.debug_line</name>
         <load_address>0xc327</load_address>
         <run_address>0xc327</run_address>
         <size>0x5e</size>
         <input_file_ref idref="fl-c"/>
      </object_component>
      <object_component id="oc-43b">
         <name>.debug_line</name>
         <load_address>0xc385</load_address>
         <run_address>0xc385</run_address>
         <size>0x52</size>
         <input_file_ref idref="fl-c"/>
      </object_component>
      <object_component id="oc-1759">
         <name>.debug_line</name>
         <load_address>0xc3d7</load_address>
         <run_address>0xc3d7</run_address>
         <size>0x52</size>
         <input_file_ref idref="fl-c"/>
      </object_component>
      <object_component id="oc-1571">
         <name>.debug_line</name>
         <load_address>0xc429</load_address>
         <run_address>0xc429</run_address>
         <size>0x52</size>
         <input_file_ref idref="fl-c"/>
      </object_component>
      <object_component id="oc-b51">
         <name>.debug_line</name>
         <load_address>0xc47b</load_address>
         <run_address>0xc47b</run_address>
         <size>0x68</size>
         <input_file_ref idref="fl-c"/>
      </object_component>
      <object_component id="oc-151f">
         <name>.debug_line</name>
         <load_address>0xc4e3</load_address>
         <run_address>0xc4e3</run_address>
         <size>0x52</size>
         <input_file_ref idref="fl-c"/>
      </object_component>
      <object_component id="oc-14b">
         <name>.debug_line</name>
         <load_address>0xc535</load_address>
         <run_address>0xc535</run_address>
         <size>0x83</size>
         <input_file_ref idref="fl-c"/>
      </object_component>
      <object_component id="oc-150">
         <name>.debug_line</name>
         <load_address>0xc5b8</load_address>
         <run_address>0xc5b8</run_address>
         <size>0x7a</size>
         <input_file_ref idref="fl-c"/>
      </object_component>
      <object_component id="oc-11e">
         <name>.debug_line</name>
         <load_address>0xc632</load_address>
         <run_address>0xc632</run_address>
         <size>0x79</size>
         <input_file_ref idref="fl-c"/>
      </object_component>
      <object_component id="oc-123">
         <name>.debug_line</name>
         <load_address>0xc6ab</load_address>
         <run_address>0xc6ab</run_address>
         <size>0x7a</size>
         <input_file_ref idref="fl-c"/>
      </object_component>
      <object_component id="oc-155">
         <name>.debug_line</name>
         <load_address>0xc725</load_address>
         <run_address>0xc725</run_address>
         <size>0x61</size>
         <input_file_ref idref="fl-c"/>
      </object_component>
      <object_component id="oc-15a">
         <name>.debug_line</name>
         <load_address>0xc786</load_address>
         <run_address>0xc786</run_address>
         <size>0x3c</size>
         <input_file_ref idref="fl-c"/>
      </object_component>
      <object_component id="oc-dd">
         <name>.debug_line</name>
         <load_address>0xc7c2</load_address>
         <run_address>0xc7c2</run_address>
         <size>0x76</size>
         <input_file_ref idref="fl-c"/>
      </object_component>
      <object_component id="oc-15f">
         <name>.debug_line</name>
         <load_address>0xc838</load_address>
         <run_address>0xc838</run_address>
         <size>0x91</size>
         <input_file_ref idref="fl-c"/>
      </object_component>
      <object_component id="oc-164">
         <name>.debug_line</name>
         <load_address>0xc8c9</load_address>
         <run_address>0xc8c9</run_address>
         <size>0x8b</size>
         <input_file_ref idref="fl-c"/>
      </object_component>
      <object_component id="oc-169">
         <name>.debug_line</name>
         <load_address>0xc954</load_address>
         <run_address>0xc954</run_address>
         <size>0x8e</size>
         <input_file_ref idref="fl-c"/>
      </object_component>
      <object_component id="oc-16e">
         <name>.debug_line</name>
         <load_address>0xc9e2</load_address>
         <run_address>0xc9e2</run_address>
         <size>0x89</size>
         <input_file_ref idref="fl-c"/>
      </object_component>
      <object_component id="oc-173">
         <name>.debug_line</name>
         <load_address>0xca6b</load_address>
         <run_address>0xca6b</run_address>
         <size>0x8d</size>
         <input_file_ref idref="fl-c"/>
      </object_component>
      <object_component id="oc-178">
         <name>.debug_line</name>
         <load_address>0xcaf8</load_address>
         <run_address>0xcaf8</run_address>
         <size>0x7f</size>
         <input_file_ref idref="fl-c"/>
      </object_component>
      <object_component id="oc-17d">
         <name>.debug_line</name>
         <load_address>0xcb77</load_address>
         <run_address>0xcb77</run_address>
         <size>0x84</size>
         <input_file_ref idref="fl-c"/>
      </object_component>
      <object_component id="oc-182">
         <name>.debug_line</name>
         <load_address>0xcbfb</load_address>
         <run_address>0xcbfb</run_address>
         <size>0x81</size>
         <input_file_ref idref="fl-c"/>
      </object_component>
      <object_component id="oc-2f7">
         <name>.debug_line</name>
         <load_address>0xcc7c</load_address>
         <run_address>0xcc7c</run_address>
         <size>0x8a</size>
         <input_file_ref idref="fl-c"/>
      </object_component>
      <object_component id="oc-10a">
         <name>.debug_line</name>
         <load_address>0xcd06</load_address>
         <run_address>0xcd06</run_address>
         <size>0x79</size>
         <input_file_ref idref="fl-c"/>
      </object_component>
      <object_component id="oc-2ac">
         <name>.debug_line</name>
         <load_address>0xcd7f</load_address>
         <run_address>0xcd7f</run_address>
         <size>0x98</size>
         <input_file_ref idref="fl-c"/>
      </object_component>
      <object_component id="oc-187">
         <name>.debug_line</name>
         <load_address>0xce17</load_address>
         <run_address>0xce17</run_address>
         <size>0x7f</size>
         <input_file_ref idref="fl-c"/>
      </object_component>
      <object_component id="oc-114">
         <name>.debug_line</name>
         <load_address>0xce96</load_address>
         <run_address>0xce96</run_address>
         <size>0x7b</size>
         <input_file_ref idref="fl-c"/>
      </object_component>
      <object_component id="oc-2b6">
         <name>.debug_line</name>
         <load_address>0xcf11</load_address>
         <run_address>0xcf11</run_address>
         <size>0x7b</size>
         <input_file_ref idref="fl-c"/>
      </object_component>
      <object_component id="oc-18c">
         <name>.debug_line</name>
         <load_address>0xcf8c</load_address>
         <run_address>0xcf8c</run_address>
         <size>0x80</size>
         <input_file_ref idref="fl-c"/>
      </object_component>
      <object_component id="oc-2c0">
         <name>.debug_line</name>
         <load_address>0xd00c</load_address>
         <run_address>0xd00c</run_address>
         <size>0x95</size>
         <input_file_ref idref="fl-c"/>
      </object_component>
      <object_component id="oc-191">
         <name>.debug_line</name>
         <load_address>0xd0a1</load_address>
         <run_address>0xd0a1</run_address>
         <size>0x7b</size>
         <input_file_ref idref="fl-c"/>
      </object_component>
      <object_component id="oc-196">
         <name>.debug_line</name>
         <load_address>0xd11c</load_address>
         <run_address>0xd11c</run_address>
         <size>0x7f</size>
         <input_file_ref idref="fl-c"/>
      </object_component>
      <object_component id="oc-1a0">
         <name>.debug_line</name>
         <load_address>0xd19b</load_address>
         <run_address>0xd19b</run_address>
         <size>0x5e</size>
         <input_file_ref idref="fl-c"/>
      </object_component>
      <object_component id="oc-1a5">
         <name>.debug_line</name>
         <load_address>0xd1f9</load_address>
         <run_address>0xd1f9</run_address>
         <size>0x62</size>
         <input_file_ref idref="fl-c"/>
      </object_component>
      <object_component id="oc-1af">
         <name>.debug_line</name>
         <load_address>0xd25b</load_address>
         <run_address>0xd25b</run_address>
         <size>0x5f</size>
         <input_file_ref idref="fl-c"/>
      </object_component>
      <object_component id="oc-1c3">
         <name>.debug_line</name>
         <load_address>0xd2ba</load_address>
         <run_address>0xd2ba</run_address>
         <size>0x60</size>
         <input_file_ref idref="fl-c"/>
      </object_component>
      <object_component id="oc-1c8">
         <name>.debug_line</name>
         <load_address>0xd31a</load_address>
         <run_address>0xd31a</run_address>
         <size>0x62</size>
         <input_file_ref idref="fl-c"/>
      </object_component>
      <object_component id="oc-1cd">
         <name>.debug_line</name>
         <load_address>0xd37c</load_address>
         <run_address>0xd37c</run_address>
         <size>0x60</size>
         <input_file_ref idref="fl-c"/>
      </object_component>
      <object_component id="oc-141">
         <name>.debug_line</name>
         <load_address>0xd3dc</load_address>
         <run_address>0xd3dc</run_address>
         <size>0x60</size>
         <input_file_ref idref="fl-c"/>
      </object_component>
      <object_component id="oc-132">
         <name>.debug_line</name>
         <load_address>0xd43c</load_address>
         <run_address>0xd43c</run_address>
         <size>0x5e</size>
         <input_file_ref idref="fl-c"/>
      </object_component>
      <object_component id="oc-16cf">
         <name>.debug_line</name>
         <load_address>0xd49a</load_address>
         <run_address>0xd49a</run_address>
         <size>0x6a</size>
         <input_file_ref idref="fl-c"/>
      </object_component>
      <object_component id="oc-301">
         <name>.debug_line</name>
         <load_address>0xd504</load_address>
         <run_address>0xd504</run_address>
         <size>0x8f</size>
         <input_file_ref idref="fl-c"/>
      </object_component>
      <object_component id="oc-1d7">
         <name>.debug_line</name>
         <load_address>0xd593</load_address>
         <run_address>0xd593</run_address>
         <size>0x86</size>
         <input_file_ref idref="fl-c"/>
      </object_component>
      <object_component id="oc-ec">
         <name>.debug_line</name>
         <load_address>0xd619</load_address>
         <run_address>0xd619</run_address>
         <size>0x94</size>
         <input_file_ref idref="fl-c"/>
      </object_component>
      <object_component id="oc-100">
         <name>.debug_line</name>
         <load_address>0xd6ad</load_address>
         <run_address>0xd6ad</run_address>
         <size>0x98</size>
         <input_file_ref idref="fl-c"/>
      </object_component>
      <object_component id="oc-105">
         <name>.debug_line</name>
         <load_address>0xd745</load_address>
         <run_address>0xd745</run_address>
         <size>0x8c</size>
         <input_file_ref idref="fl-c"/>
      </object_component>
      <object_component id="oc-1d2">
         <name>.debug_line</name>
         <load_address>0xd7d1</load_address>
         <run_address>0xd7d1</run_address>
         <size>0x8a</size>
         <input_file_ref idref="fl-c"/>
      </object_component>
      <object_component id="oc-10f">
         <name>.debug_line</name>
         <load_address>0xd85b</load_address>
         <run_address>0xd85b</run_address>
         <size>0x8c</size>
         <input_file_ref idref="fl-c"/>
      </object_component>
      <object_component id="oc-1dc">
         <name>.debug_line</name>
         <load_address>0xd8e7</load_address>
         <run_address>0xd8e7</run_address>
         <size>0x91</size>
         <input_file_ref idref="fl-c"/>
      </object_component>
      <object_component id="oc-119">
         <name>.debug_line</name>
         <load_address>0xd978</load_address>
         <run_address>0xd978</run_address>
         <size>0x8a</size>
         <input_file_ref idref="fl-c"/>
      </object_component>
      <object_component id="oc-13c">
         <name>.debug_line</name>
         <load_address>0xda02</load_address>
         <run_address>0xda02</run_address>
         <size>0x6e</size>
         <input_file_ref idref="fl-c"/>
      </object_component>
      <object_component id="oc-a4d">
         <name>.debug_line</name>
         <load_address>0xda70</load_address>
         <run_address>0xda70</run_address>
         <size>0x20</size>
         <input_file_ref idref="fl-1b"/>
      </object_component>
      <object_component id="oc-4db">
         <name>.debug_line</name>
         <load_address>0xda90</load_address>
         <run_address>0xda90</run_address>
         <size>0xce</size>
         <input_file_ref idref="fl-1b"/>
      </object_component>
      <object_component id="oc-a15">
         <name>.debug_line</name>
         <load_address>0xdb5e</load_address>
         <run_address>0xdb5e</run_address>
         <size>0x73</size>
         <input_file_ref idref="fl-1b"/>
      </object_component>
      <object_component id="oc-bb2">
         <name>.debug_line</name>
         <load_address>0xdbd1</load_address>
         <run_address>0xdbd1</run_address>
         <size>0x6f</size>
         <input_file_ref idref="fl-1b"/>
      </object_component>
      <object_component id="oc-282">
         <name>.debug_line</name>
         <load_address>0xdc40</load_address>
         <run_address>0xdc40</run_address>
         <size>0x6f</size>
         <input_file_ref idref="fl-1b"/>
      </object_component>
      <object_component id="oc-e5e">
         <name>.debug_line</name>
         <load_address>0xdcaf</load_address>
         <run_address>0xdcaf</run_address>
         <size>0x20</size>
         <input_file_ref idref="fl-1c"/>
      </object_component>
      <object_component id="oc-4b1">
         <name>.debug_line</name>
         <load_address>0xdccf</load_address>
         <run_address>0xdccf</run_address>
         <size>0x72</size>
         <input_file_ref idref="fl-1c"/>
      </object_component>
      <object_component id="oc-e88">
         <name>.debug_line</name>
         <load_address>0xdd41</load_address>
         <run_address>0xdd41</run_address>
         <size>0x20</size>
         <input_file_ref idref="fl-1d"/>
      </object_component>
      <object_component id="oc-4f9">
         <name>.debug_line</name>
         <load_address>0xdd61</load_address>
         <run_address>0xdd61</run_address>
         <size>0x269</size>
         <input_file_ref idref="fl-1d"/>
      </object_component>
      <object_component id="oc-e81">
         <name>.debug_line</name>
         <load_address>0xdfca</load_address>
         <run_address>0xdfca</run_address>
         <size>0x20</size>
         <input_file_ref idref="fl-1e"/>
      </object_component>
      <object_component id="oc-4d5">
         <name>.debug_line</name>
         <load_address>0xdfea</load_address>
         <run_address>0xdfea</run_address>
         <size>0x103</size>
         <input_file_ref idref="fl-1e"/>
      </object_component>
      <object_component id="oc-11a3">
         <name>.debug_line</name>
         <load_address>0xe0ed</load_address>
         <run_address>0xe0ed</run_address>
         <size>0x20</size>
         <input_file_ref idref="fl-1f"/>
      </object_component>
      <object_component id="oc-9df">
         <name>.debug_line</name>
         <load_address>0xe10d</load_address>
         <run_address>0xe10d</run_address>
         <size>0xbd</size>
         <input_file_ref idref="fl-1f"/>
      </object_component>
      <object_component id="oc-e7f">
         <name>.debug_line</name>
         <load_address>0xe1ca</load_address>
         <run_address>0xe1ca</run_address>
         <size>0x20</size>
         <input_file_ref idref="fl-20"/>
      </object_component>
      <object_component id="oc-4cf">
         <name>.debug_line</name>
         <load_address>0xe1ea</load_address>
         <run_address>0xe1ea</run_address>
         <size>0xce</size>
         <input_file_ref idref="fl-20"/>
      </object_component>
      <object_component id="oc-e86">
         <name>.debug_line</name>
         <load_address>0xe2b8</load_address>
         <run_address>0xe2b8</run_address>
         <size>0x20</size>
         <input_file_ref idref="fl-21"/>
      </object_component>
      <object_component id="oc-4f3">
         <name>.debug_line</name>
         <load_address>0xe2d8</load_address>
         <run_address>0xe2d8</run_address>
         <size>0xc7</size>
         <input_file_ref idref="fl-21"/>
      </object_component>
      <object_component id="oc-d57">
         <name>.debug_line</name>
         <load_address>0xe39f</load_address>
         <run_address>0xe39f</run_address>
         <size>0x29</size>
         <input_file_ref idref="fl-22"/>
      </object_component>
      <object_component id="oc-b6a">
         <name>.debug_line</name>
         <load_address>0xe3c8</load_address>
         <run_address>0xe3c8</run_address>
         <size>0x29</size>
         <input_file_ref idref="fl-22"/>
      </object_component>
      <object_component id="oc-d55">
         <name>.debug_line</name>
         <load_address>0xe3f1</load_address>
         <run_address>0xe3f1</run_address>
         <size>0x29</size>
         <input_file_ref idref="fl-22"/>
      </object_component>
      <object_component id="oc-1167">
         <name>.debug_line</name>
         <load_address>0xe41a</load_address>
         <run_address>0xe41a</run_address>
         <size>0x3e</size>
         <input_file_ref idref="fl-22"/>
      </object_component>
      <object_component id="oc-44c">
         <name>.debug_line</name>
         <load_address>0xe458</load_address>
         <run_address>0xe458</run_address>
         <size>0x45</size>
         <input_file_ref idref="fl-22"/>
      </object_component>
      <object_component id="oc-352">
         <name>.debug_line</name>
         <load_address>0xe49d</load_address>
         <run_address>0xe49d</run_address>
         <size>0x50</size>
         <input_file_ref idref="fl-22"/>
      </object_component>
      <object_component id="oc-446">
         <name>.debug_line</name>
         <load_address>0xe4ed</load_address>
         <run_address>0xe4ed</run_address>
         <size>0x3b</size>
         <input_file_ref idref="fl-22"/>
      </object_component>
      <object_component id="oc-d5b">
         <name>.debug_line</name>
         <load_address>0xe528</load_address>
         <run_address>0xe528</run_address>
         <size>0x53</size>
         <input_file_ref idref="fl-22"/>
      </object_component>
      <object_component id="oc-896">
         <name>.debug_line</name>
         <load_address>0xe57b</load_address>
         <run_address>0xe57b</run_address>
         <size>0x3a</size>
         <input_file_ref idref="fl-22"/>
      </object_component>
      <object_component id="oc-d47">
         <name>.debug_line</name>
         <load_address>0xe5b5</load_address>
         <run_address>0xe5b5</run_address>
         <size>0x2a</size>
         <input_file_ref idref="fl-26"/>
      </object_component>
      <object_component id="oc-b75">
         <name>.debug_line</name>
         <load_address>0xe5df</load_address>
         <run_address>0xe5df</run_address>
         <size>0x2a</size>
         <input_file_ref idref="fl-26"/>
      </object_component>
      <object_component id="oc-d6e">
         <name>.debug_line</name>
         <load_address>0xe609</load_address>
         <run_address>0xe609</run_address>
         <size>0x2a</size>
         <input_file_ref idref="fl-26"/>
      </object_component>
      <object_component id="oc-425">
         <name>.debug_line</name>
         <load_address>0xe633</load_address>
         <run_address>0xe633</run_address>
         <size>0x3f</size>
         <input_file_ref idref="fl-26"/>
      </object_component>
      <object_component id="oc-464">
         <name>.debug_line</name>
         <load_address>0xe672</load_address>
         <run_address>0xe672</run_address>
         <size>0x46</size>
         <input_file_ref idref="fl-26"/>
      </object_component>
      <object_component id="oc-359">
         <name>.debug_line</name>
         <load_address>0xe6b8</load_address>
         <run_address>0xe6b8</run_address>
         <size>0x51</size>
         <input_file_ref idref="fl-26"/>
      </object_component>
      <object_component id="oc-45e">
         <name>.debug_line</name>
         <load_address>0xe709</load_address>
         <run_address>0xe709</run_address>
         <size>0x3f</size>
         <input_file_ref idref="fl-26"/>
      </object_component>
      <object_component id="oc-74f">
         <name>.debug_line</name>
         <load_address>0xe748</load_address>
         <run_address>0xe748</run_address>
         <size>0xe9</size>
         <input_file_ref idref="fl-29"/>
      </object_component>
      <object_component id="oc-b5d">
         <name>.debug_line</name>
         <load_address>0xe831</load_address>
         <run_address>0xe831</run_address>
         <size>0x35</size>
         <input_file_ref idref="fl-29"/>
      </object_component>
      <object_component id="oc-731">
         <name>.debug_line</name>
         <load_address>0xe866</load_address>
         <run_address>0xe866</run_address>
         <size>0x35</size>
         <input_file_ref idref="fl-29"/>
      </object_component>
      <object_component id="oc-b5b">
         <name>.debug_line</name>
         <load_address>0xe89b</load_address>
         <run_address>0xe89b</run_address>
         <size>0x35</size>
         <input_file_ref idref="fl-29"/>
      </object_component>
      <object_component id="oc-213">
         <name>.debug_line</name>
         <load_address>0xe8d0</load_address>
         <run_address>0xe8d0</run_address>
         <size>0x6a</size>
         <input_file_ref idref="fl-29"/>
      </object_component>
      <object_component id="oc-33f">
         <name>.debug_line</name>
         <load_address>0xe93a</load_address>
         <run_address>0xe93a</run_address>
         <size>0x111</size>
         <input_file_ref idref="fl-29"/>
      </object_component>
      <object_component id="oc-345">
         <name>.debug_line</name>
         <load_address>0xea4b</load_address>
         <run_address>0xea4b</run_address>
         <size>0x88</size>
         <input_file_ref idref="fl-29"/>
      </object_component>
      <object_component id="oc-201">
         <name>.debug_line</name>
         <load_address>0xead3</load_address>
         <run_address>0xead3</run_address>
         <size>0x77</size>
         <input_file_ref idref="fl-29"/>
      </object_component>
      <object_component id="oc-724">
         <name>.debug_line</name>
         <load_address>0xeb4a</load_address>
         <run_address>0xeb4a</run_address>
         <size>0x7c</size>
         <input_file_ref idref="fl-29"/>
      </object_component>
      <object_component id="oc-556">
         <name>.debug_line</name>
         <load_address>0xebc6</load_address>
         <run_address>0xebc6</run_address>
         <size>0xac</size>
         <input_file_ref idref="fl-29"/>
      </object_component>
      <object_component id="oc-753">
         <name>.debug_line</name>
         <load_address>0xec72</load_address>
         <run_address>0xec72</run_address>
         <size>0x35</size>
         <input_file_ref idref="fl-29"/>
      </object_component>
      <object_component id="oc-1302">
         <name>.debug_line</name>
         <load_address>0xeca7</load_address>
         <run_address>0xeca7</run_address>
         <size>0x13e</size>
         <input_file_ref idref="fl-2a"/>
      </object_component>
      <object_component id="oc-fb1">
         <name>.debug_line</name>
         <load_address>0xede5</load_address>
         <run_address>0xede5</run_address>
         <size>0x33</size>
         <input_file_ref idref="fl-2a"/>
      </object_component>
      <object_component id="oc-129a">
         <name>.debug_line</name>
         <load_address>0xee18</load_address>
         <run_address>0xee18</run_address>
         <size>0x5e</size>
         <input_file_ref idref="fl-2a"/>
      </object_component>
      <object_component id="oc-12d4">
         <name>.debug_line</name>
         <load_address>0xee76</load_address>
         <run_address>0xee76</run_address>
         <size>0x57</size>
         <input_file_ref idref="fl-2a"/>
      </object_component>
      <object_component id="oc-12e0">
         <name>.debug_line</name>
         <load_address>0xeecd</load_address>
         <run_address>0xeecd</run_address>
         <size>0x45</size>
         <input_file_ref idref="fl-2a"/>
      </object_component>
      <object_component id="oc-12f2">
         <name>.debug_line</name>
         <load_address>0xef12</load_address>
         <run_address>0xef12</run_address>
         <size>0x65</size>
         <input_file_ref idref="fl-2a"/>
      </object_component>
      <object_component id="oc-fae">
         <name>.debug_line</name>
         <load_address>0xef77</load_address>
         <run_address>0xef77</run_address>
         <size>0x76</size>
         <input_file_ref idref="fl-2a"/>
      </object_component>
      <object_component id="oc-f96">
         <name>.debug_line</name>
         <load_address>0xefed</load_address>
         <run_address>0xefed</run_address>
         <size>0x7a</size>
         <input_file_ref idref="fl-2a"/>
      </object_component>
      <object_component id="oc-fa8">
         <name>.debug_line</name>
         <load_address>0xf067</load_address>
         <run_address>0xf067</run_address>
         <size>0xc0</size>
         <input_file_ref idref="fl-2a"/>
      </object_component>
      <object_component id="oc-fa2">
         <name>.debug_line</name>
         <load_address>0xf127</load_address>
         <run_address>0xf127</run_address>
         <size>0x48</size>
         <input_file_ref idref="fl-2a"/>
      </object_component>
      <object_component id="oc-f9c">
         <name>.debug_line</name>
         <load_address>0xf16f</load_address>
         <run_address>0xf16f</run_address>
         <size>0x48</size>
         <input_file_ref idref="fl-2a"/>
      </object_component>
      <object_component id="oc-f90">
         <name>.debug_line</name>
         <load_address>0xf1b7</load_address>
         <run_address>0xf1b7</run_address>
         <size>0x67</size>
         <input_file_ref idref="fl-2a"/>
      </object_component>
      <object_component id="oc-15cd">
         <name>.debug_line</name>
         <load_address>0xf21e</load_address>
         <run_address>0xf21e</run_address>
         <size>0x5b</size>
         <input_file_ref idref="fl-2a"/>
      </object_component>
      <object_component id="oc-12da">
         <name>.debug_line</name>
         <load_address>0xf279</load_address>
         <run_address>0xf279</run_address>
         <size>0xe3</size>
         <input_file_ref idref="fl-2a"/>
      </object_component>
      <object_component id="oc-12e6">
         <name>.debug_line</name>
         <load_address>0xf35c</load_address>
         <run_address>0xf35c</run_address>
         <size>0x33</size>
         <input_file_ref idref="fl-2a"/>
      </object_component>
      <object_component id="oc-b0b">
         <name>.debug_line</name>
         <load_address>0xf38f</load_address>
         <run_address>0xf38f</run_address>
         <size>0x380</size>
         <input_file_ref idref="fl-2b"/>
      </object_component>
      <object_component id="oc-6cf">
         <name>.debug_line</name>
         <load_address>0xf70f</load_address>
         <run_address>0xf70f</run_address>
         <size>0x37</size>
         <input_file_ref idref="fl-2b"/>
      </object_component>
      <object_component id="oc-b09">
         <name>.debug_line</name>
         <load_address>0xf746</load_address>
         <run_address>0xf746</run_address>
         <size>0x37</size>
         <input_file_ref idref="fl-2b"/>
      </object_component>
      <object_component id="oc-12ae">
         <name>.debug_line</name>
         <load_address>0xf77d</load_address>
         <run_address>0xf77d</run_address>
         <size>0x4e</size>
         <input_file_ref idref="fl-2b"/>
      </object_component>
      <object_component id="oc-f47">
         <name>.debug_line</name>
         <load_address>0xf7cb</load_address>
         <run_address>0xf7cb</run_address>
         <size>0x6f</size>
         <input_file_ref idref="fl-2b"/>
      </object_component>
      <object_component id="oc-b2a">
         <name>.debug_line</name>
         <load_address>0xf83a</load_address>
         <run_address>0xf83a</run_address>
         <size>0x19f</size>
         <input_file_ref idref="fl-2b"/>
      </object_component>
      <object_component id="oc-b24">
         <name>.debug_line</name>
         <load_address>0xf9d9</load_address>
         <run_address>0xf9d9</run_address>
         <size>0x4c</size>
         <input_file_ref idref="fl-2b"/>
      </object_component>
      <object_component id="oc-12b7">
         <name>.debug_line</name>
         <load_address>0xfa25</load_address>
         <run_address>0xfa25</run_address>
         <size>0x51</size>
         <input_file_ref idref="fl-2b"/>
      </object_component>
      <object_component id="oc-1283">
         <name>.debug_line</name>
         <load_address>0xfa76</load_address>
         <run_address>0xfa76</run_address>
         <size>0x55</size>
         <input_file_ref idref="fl-2b"/>
      </object_component>
      <object_component id="oc-12c3">
         <name>.debug_line</name>
         <load_address>0xfacb</load_address>
         <run_address>0xfacb</run_address>
         <size>0x51</size>
         <input_file_ref idref="fl-2b"/>
      </object_component>
      <object_component id="oc-32d">
         <name>.debug_line</name>
         <load_address>0xfb1c</load_address>
         <run_address>0xfb1c</run_address>
         <size>0x7a</size>
         <input_file_ref idref="fl-2b"/>
      </object_component>
      <object_component id="oc-1fc">
         <name>.debug_line</name>
         <load_address>0xfb96</load_address>
         <run_address>0xfb96</run_address>
         <size>0x62</size>
         <input_file_ref idref="fl-2b"/>
      </object_component>
      <object_component id="oc-188b">
         <name>.debug_line</name>
         <load_address>0xfbf8</load_address>
         <run_address>0xfbf8</run_address>
         <size>0x52</size>
         <input_file_ref idref="fl-2b"/>
      </object_component>
      <object_component id="oc-1289">
         <name>.debug_line</name>
         <load_address>0xfc4a</load_address>
         <run_address>0xfc4a</run_address>
         <size>0x4c</size>
         <input_file_ref idref="fl-2b"/>
      </object_component>
      <object_component id="oc-12b9">
         <name>.debug_line</name>
         <load_address>0xfc96</load_address>
         <run_address>0xfc96</run_address>
         <size>0x4c</size>
         <input_file_ref idref="fl-2b"/>
      </object_component>
      <object_component id="oc-128b">
         <name>.debug_line</name>
         <load_address>0xfce2</load_address>
         <run_address>0xfce2</run_address>
         <size>0x4f</size>
         <input_file_ref idref="fl-2b"/>
      </object_component>
      <object_component id="oc-1393">
         <name>.debug_line</name>
         <load_address>0xfd31</load_address>
         <run_address>0xfd31</run_address>
         <size>0x186</size>
         <input_file_ref idref="fl-2f"/>
      </object_component>
      <object_component id="oc-ff2">
         <name>.debug_line</name>
         <load_address>0xfeb7</load_address>
         <run_address>0xfeb7</run_address>
         <size>0x35</size>
         <input_file_ref idref="fl-2f"/>
      </object_component>
      <object_component id="oc-164b">
         <name>.debug_line</name>
         <load_address>0xfeec</load_address>
         <run_address>0xfeec</run_address>
         <size>0x35</size>
         <input_file_ref idref="fl-2f"/>
      </object_component>
      <object_component id="oc-17aa">
         <name>.debug_line</name>
         <load_address>0xff21</load_address>
         <run_address>0xff21</run_address>
         <size>0x35</size>
         <input_file_ref idref="fl-2f"/>
      </object_component>
      <object_component id="oc-135d">
         <name>.debug_line</name>
         <load_address>0xff56</load_address>
         <run_address>0xff56</run_address>
         <size>0x4a</size>
         <input_file_ref idref="fl-2f"/>
      </object_component>
      <object_component id="oc-1369">
         <name>.debug_line</name>
         <load_address>0xffa0</load_address>
         <run_address>0xffa0</run_address>
         <size>0x4e</size>
         <input_file_ref idref="fl-2f"/>
      </object_component>
      <object_component id="oc-1363">
         <name>.debug_line</name>
         <load_address>0xffee</load_address>
         <run_address>0xffee</run_address>
         <size>0x4a</size>
         <input_file_ref idref="fl-2f"/>
      </object_component>
      <object_component id="oc-1333">
         <name>.debug_line</name>
         <load_address>0x10038</load_address>
         <run_address>0x10038</run_address>
         <size>0x62</size>
         <input_file_ref idref="fl-2f"/>
      </object_component>
      <object_component id="oc-134b">
         <name>.debug_line</name>
         <load_address>0x1009a</load_address>
         <run_address>0x1009a</run_address>
         <size>0x68</size>
         <input_file_ref idref="fl-2f"/>
      </object_component>
      <object_component id="oc-1351">
         <name>.debug_line</name>
         <load_address>0x10102</load_address>
         <run_address>0x10102</run_address>
         <size>0x59</size>
         <input_file_ref idref="fl-2f"/>
      </object_component>
      <object_component id="oc-1648">
         <name>.debug_line</name>
         <load_address>0x1015b</load_address>
         <run_address>0x1015b</run_address>
         <size>0x86</size>
         <input_file_ref idref="fl-2f"/>
      </object_component>
      <object_component id="oc-163c">
         <name>.debug_line</name>
         <load_address>0x101e1</load_address>
         <run_address>0x101e1</run_address>
         <size>0x64</size>
         <input_file_ref idref="fl-2f"/>
      </object_component>
      <object_component id="oc-1630">
         <name>.debug_line</name>
         <load_address>0x10245</load_address>
         <run_address>0x10245</run_address>
         <size>0x88</size>
         <input_file_ref idref="fl-2f"/>
      </object_component>
      <object_component id="oc-fe9">
         <name>.debug_line</name>
         <load_address>0x102cd</load_address>
         <run_address>0x102cd</run_address>
         <size>0x75</size>
         <input_file_ref idref="fl-2f"/>
      </object_component>
      <object_component id="oc-fe3">
         <name>.debug_line</name>
         <load_address>0x10342</load_address>
         <run_address>0x10342</run_address>
         <size>0x72</size>
         <input_file_ref idref="fl-2f"/>
      </object_component>
      <object_component id="oc-fd7">
         <name>.debug_line</name>
         <load_address>0x103b4</load_address>
         <run_address>0x103b4</run_address>
         <size>0xb0</size>
         <input_file_ref idref="fl-2f"/>
      </object_component>
      <object_component id="oc-fb9">
         <name>.debug_line</name>
         <load_address>0x10464</load_address>
         <run_address>0x10464</run_address>
         <size>0x88</size>
         <input_file_ref idref="fl-2f"/>
      </object_component>
      <object_component id="oc-fcb">
         <name>.debug_line</name>
         <load_address>0x104ec</load_address>
         <run_address>0x104ec</run_address>
         <size>0x119</size>
         <input_file_ref idref="fl-2f"/>
      </object_component>
      <object_component id="oc-fc5">
         <name>.debug_line</name>
         <load_address>0x10605</load_address>
         <run_address>0x10605</run_address>
         <size>0x4a</size>
         <input_file_ref idref="fl-2f"/>
      </object_component>
      <object_component id="oc-fbf">
         <name>.debug_line</name>
         <load_address>0x1064f</load_address>
         <run_address>0x1064f</run_address>
         <size>0x99</size>
         <input_file_ref idref="fl-2f"/>
      </object_component>
      <object_component id="oc-fd1">
         <name>.debug_line</name>
         <load_address>0x106e8</load_address>
         <run_address>0x106e8</run_address>
         <size>0x63</size>
         <input_file_ref idref="fl-2f"/>
      </object_component>
      <object_component id="oc-fdd">
         <name>.debug_line</name>
         <load_address>0x1074b</load_address>
         <run_address>0x1074b</run_address>
         <size>0x57</size>
         <input_file_ref idref="fl-2f"/>
      </object_component>
      <object_component id="oc-fef">
         <name>.debug_line</name>
         <load_address>0x107a2</load_address>
         <run_address>0x107a2</run_address>
         <size>0x5f</size>
         <input_file_ref idref="fl-2f"/>
      </object_component>
      <object_component id="oc-162a">
         <name>.debug_line</name>
         <load_address>0x10801</load_address>
         <run_address>0x10801</run_address>
         <size>0x68</size>
         <input_file_ref idref="fl-2f"/>
      </object_component>
      <object_component id="oc-1636">
         <name>.debug_line</name>
         <load_address>0x10869</load_address>
         <run_address>0x10869</run_address>
         <size>0x84</size>
         <input_file_ref idref="fl-2f"/>
      </object_component>
      <object_component id="oc-1620">
         <name>.debug_line</name>
         <load_address>0x108ed</load_address>
         <run_address>0x108ed</run_address>
         <size>0x70</size>
         <input_file_ref idref="fl-2f"/>
      </object_component>
      <object_component id="oc-1357">
         <name>.debug_line</name>
         <load_address>0x1095d</load_address>
         <run_address>0x1095d</run_address>
         <size>0x5e</size>
         <input_file_ref idref="fl-2f"/>
      </object_component>
      <object_component id="oc-1642">
         <name>.debug_line</name>
         <load_address>0x109bb</load_address>
         <run_address>0x109bb</run_address>
         <size>0x72</size>
         <input_file_ref idref="fl-2f"/>
      </object_component>
      <object_component id="oc-1372">
         <name>.debug_line</name>
         <load_address>0x10a2d</load_address>
         <run_address>0x10a2d</run_address>
         <size>0x35</size>
         <input_file_ref idref="fl-2f"/>
      </object_component>
      <object_component id="oc-1739">
         <name>.debug_line</name>
         <load_address>0x10a62</load_address>
         <run_address>0x10a62</run_address>
         <size>0x41</size>
         <input_file_ref idref="fl-31"/>
      </object_component>
      <object_component id="oc-157c">
         <name>.debug_line</name>
         <load_address>0x10aa3</load_address>
         <run_address>0x10aa3</run_address>
         <size>0x54</size>
         <input_file_ref idref="fl-31"/>
      </object_component>
      <object_component id="oc-1585">
         <name>.debug_line</name>
         <load_address>0x10af7</load_address>
         <run_address>0x10af7</run_address>
         <size>0x55</size>
         <input_file_ref idref="fl-31"/>
      </object_component>
      <object_component id="oc-1243">
         <name>.debug_line</name>
         <load_address>0x10b4c</load_address>
         <run_address>0x10b4c</run_address>
         <size>0x42</size>
         <input_file_ref idref="fl-31"/>
      </object_component>
      <object_component id="oc-123d">
         <name>.debug_line</name>
         <load_address>0x10b8e</load_address>
         <run_address>0x10b8e</run_address>
         <size>0x42</size>
         <input_file_ref idref="fl-31"/>
      </object_component>
      <object_component id="oc-1798">
         <name>.debug_line</name>
         <load_address>0x10bd0</load_address>
         <run_address>0x10bd0</run_address>
         <size>0x41</size>
         <input_file_ref idref="fl-32"/>
      </object_component>
      <object_component id="oc-17b1">
         <name>.debug_line</name>
         <load_address>0x10c11</load_address>
         <run_address>0x10c11</run_address>
         <size>0x60</size>
         <input_file_ref idref="fl-32"/>
      </object_component>
      <object_component id="oc-1325">
         <name>.debug_line</name>
         <load_address>0x10c71</load_address>
         <run_address>0x10c71</run_address>
         <size>0x57</size>
         <input_file_ref idref="fl-32"/>
      </object_component>
      <object_component id="oc-1379">
         <name>.debug_line</name>
         <load_address>0x10cc8</load_address>
         <run_address>0x10cc8</run_address>
         <size>0x5c</size>
         <input_file_ref idref="fl-32"/>
      </object_component>
      <object_component id="oc-1342">
         <name>.debug_line</name>
         <load_address>0x10d24</load_address>
         <run_address>0x10d24</run_address>
         <size>0x4a</size>
         <input_file_ref idref="fl-32"/>
      </object_component>
      <object_component id="oc-543">
         <name>.debug_line</name>
         <load_address>0x10d6e</load_address>
         <run_address>0x10d6e</run_address>
         <size>0x1a2</size>
         <input_file_ref idref="fl-34"/>
      </object_component>
      <object_component id="oc-551">
         <name>.debug_line</name>
         <load_address>0x10f10</load_address>
         <run_address>0x10f10</run_address>
         <size>0x47</size>
         <input_file_ref idref="fl-34"/>
      </object_component>
      <object_component id="oc-c1">
         <name>.debug_line</name>
         <load_address>0x10f57</load_address>
         <run_address>0x10f57</run_address>
         <size>0x91</size>
         <input_file_ref idref="fl-34"/>
      </object_component>
      <object_component id="oc-565">
         <name>.debug_line</name>
         <load_address>0x10fe8</load_address>
         <run_address>0x10fe8</run_address>
         <size>0x57</size>
         <input_file_ref idref="fl-34"/>
      </object_component>
      <object_component id="oc-f33">
         <name>.debug_line</name>
         <load_address>0x1103f</load_address>
         <run_address>0x1103f</run_address>
         <size>0x323</size>
         <input_file_ref idref="fl-36"/>
      </object_component>
      <object_component id="oc-6c6">
         <name>.debug_line</name>
         <load_address>0x11362</load_address>
         <run_address>0x11362</run_address>
         <size>0x5e</size>
         <input_file_ref idref="fl-36"/>
      </object_component>
      <object_component id="oc-6da">
         <name>.debug_line</name>
         <load_address>0x113c0</load_address>
         <run_address>0x113c0</run_address>
         <size>0x64</size>
         <input_file_ref idref="fl-36"/>
      </object_component>
      <object_component id="oc-6d4">
         <name>.debug_line</name>
         <load_address>0x11424</load_address>
         <run_address>0x11424</run_address>
         <size>0x50</size>
         <input_file_ref idref="fl-36"/>
      </object_component>
      <object_component id="oc-f37">
         <name>.debug_line</name>
         <load_address>0x11474</load_address>
         <run_address>0x11474</run_address>
         <size>0xbe</size>
         <input_file_ref idref="fl-36"/>
      </object_component>
      <object_component id="oc-f3c">
         <name>.debug_line</name>
         <load_address>0x11532</load_address>
         <run_address>0x11532</run_address>
         <size>0xc8</size>
         <input_file_ref idref="fl-36"/>
      </object_component>
      <object_component id="oc-178c">
         <name>.debug_line</name>
         <load_address>0x115fa</load_address>
         <run_address>0x115fa</run_address>
         <size>0x228</size>
         <input_file_ref idref="fl-3a"/>
      </object_component>
      <object_component id="oc-17be">
         <name>.debug_line</name>
         <load_address>0x11822</load_address>
         <run_address>0x11822</run_address>
         <size>0x50</size>
         <input_file_ref idref="fl-3a"/>
      </object_component>
      <object_component id="oc-17b8">
         <name>.debug_line</name>
         <load_address>0x11872</load_address>
         <run_address>0x11872</run_address>
         <size>0x51</size>
         <input_file_ref idref="fl-3a"/>
      </object_component>
      <object_component id="oc-131e">
         <name>.debug_line</name>
         <load_address>0x118c3</load_address>
         <run_address>0x118c3</run_address>
         <size>0x51</size>
         <input_file_ref idref="fl-3a"/>
      </object_component>
      <object_component id="oc-133f">
         <name>.debug_line</name>
         <load_address>0x11914</load_address>
         <run_address>0x11914</run_address>
         <size>0xff</size>
         <input_file_ref idref="fl-3a"/>
      </object_component>
      <object_component id="oc-1339">
         <name>.debug_line</name>
         <load_address>0x11a13</load_address>
         <run_address>0x11a13</run_address>
         <size>0x50</size>
         <input_file_ref idref="fl-3a"/>
      </object_component>
      <object_component id="oc-1602">
         <name>.debug_line</name>
         <load_address>0x11a63</load_address>
         <run_address>0x11a63</run_address>
         <size>0x3a</size>
         <input_file_ref idref="fl-3a"/>
      </object_component>
      <object_component id="oc-1849">
         <name>.debug_line</name>
         <load_address>0x11a9d</load_address>
         <run_address>0x11a9d</run_address>
         <size>0xa9</size>
         <input_file_ref idref="fl-3a"/>
      </object_component>
      <object_component id="oc-1767">
         <name>.debug_line</name>
         <load_address>0x11b46</load_address>
         <run_address>0x11b46</run_address>
         <size>0xba</size>
         <input_file_ref idref="fl-3a"/>
      </object_component>
      <object_component id="oc-1795">
         <name>.debug_line</name>
         <load_address>0x11c00</load_address>
         <run_address>0x11c00</run_address>
         <size>0xc1</size>
         <input_file_ref idref="fl-3a"/>
      </object_component>
      <object_component id="oc-1790">
         <name>.debug_line</name>
         <load_address>0x11cc1</load_address>
         <run_address>0x11cc1</run_address>
         <size>0xba</size>
         <input_file_ref idref="fl-3a"/>
      </object_component>
      <object_component id="oc-f6a">
         <name>.debug_line</name>
         <load_address>0x11d7b</load_address>
         <run_address>0x11d7b</run_address>
         <size>0x1aa</size>
         <input_file_ref idref="fl-3b"/>
      </object_component>
      <object_component id="oc-360">
         <name>.debug_line</name>
         <load_address>0x11f25</load_address>
         <run_address>0x11f25</run_address>
         <size>0x4d</size>
         <input_file_ref idref="fl-3b"/>
      </object_component>
      <object_component id="oc-12a1">
         <name>.debug_line</name>
         <load_address>0x11f72</load_address>
         <run_address>0x11f72</run_address>
         <size>0x4f</size>
         <input_file_ref idref="fl-3b"/>
      </object_component>
      <object_component id="oc-70c">
         <name>.debug_line</name>
         <load_address>0x11fc1</load_address>
         <run_address>0x11fc1</run_address>
         <size>0x105</size>
         <input_file_ref idref="fl-3b"/>
      </object_component>
      <object_component id="oc-706">
         <name>.debug_line</name>
         <load_address>0x120c6</load_address>
         <run_address>0x120c6</run_address>
         <size>0x4f</size>
         <input_file_ref idref="fl-3b"/>
      </object_component>
      <object_component id="oc-f6e">
         <name>.debug_line</name>
         <load_address>0x12115</load_address>
         <run_address>0x12115</run_address>
         <size>0xb3</size>
         <input_file_ref idref="fl-3b"/>
      </object_component>
      <object_component id="oc-b56">
         <name>.debug_line</name>
         <load_address>0x121c8</load_address>
         <run_address>0x121c8</run_address>
         <size>0xc4</size>
         <input_file_ref idref="fl-3b"/>
      </object_component>
      <object_component id="oc-1763">
         <name>.debug_line</name>
         <load_address>0x1228c</load_address>
         <run_address>0x1228c</run_address>
         <size>0x1a6</size>
         <input_file_ref idref="fl-3c"/>
      </object_component>
      <object_component id="oc-12fe">
         <name>.debug_line</name>
         <load_address>0x12432</load_address>
         <run_address>0x12432</run_address>
         <size>0x54</size>
         <input_file_ref idref="fl-3c"/>
      </object_component>
      <object_component id="oc-12ec">
         <name>.debug_line</name>
         <load_address>0x12486</load_address>
         <run_address>0x12486</run_address>
         <size>0x53</size>
         <input_file_ref idref="fl-3c"/>
      </object_component>
      <object_component id="oc-12a7">
         <name>.debug_line</name>
         <load_address>0x124d9</load_address>
         <run_address>0x124d9</run_address>
         <size>0x55</size>
         <input_file_ref idref="fl-3c"/>
      </object_component>
      <object_component id="oc-12ce">
         <name>.debug_line</name>
         <load_address>0x1252e</load_address>
         <run_address>0x1252e</run_address>
         <size>0x108</size>
         <input_file_ref idref="fl-3c"/>
      </object_component>
      <object_component id="oc-12c8">
         <name>.debug_line</name>
         <load_address>0x12636</load_address>
         <run_address>0x12636</run_address>
         <size>0x54</size>
         <input_file_ref idref="fl-3c"/>
      </object_component>
      <object_component id="oc-159c">
         <name>.debug_line</name>
         <load_address>0x1268a</load_address>
         <run_address>0x1268a</run_address>
         <size>0x3e</size>
         <input_file_ref idref="fl-3c"/>
      </object_component>
      <object_component id="oc-176c">
         <name>.debug_line</name>
         <load_address>0x126c8</load_address>
         <run_address>0x126c8</run_address>
         <size>0xc1</size>
         <input_file_ref idref="fl-3c"/>
      </object_component>
      <object_component id="oc-600">
         <name>.debug_line</name>
         <load_address>0x12789</load_address>
         <run_address>0x12789</run_address>
         <size>0xad2</size>
         <input_file_ref idref="fl-3d"/>
      </object_component>
      <object_component id="oc-b1a">
         <name>.debug_line</name>
         <load_address>0x1325b</load_address>
         <run_address>0x1325b</run_address>
         <size>0x98</size>
         <input_file_ref idref="fl-3d"/>
      </object_component>
      <object_component id="oc-1075">
         <name>.debug_line</name>
         <load_address>0x132f3</load_address>
         <run_address>0x132f3</run_address>
         <size>0xc6</size>
         <input_file_ref idref="fl-3d"/>
      </object_component>
      <object_component id="oc-c18">
         <name>.debug_line</name>
         <load_address>0x133b9</load_address>
         <run_address>0x133b9</run_address>
         <size>0x96</size>
         <input_file_ref idref="fl-3d"/>
      </object_component>
      <object_component id="oc-1448">
         <name>.debug_line</name>
         <load_address>0x1344f</load_address>
         <run_address>0x1344f</run_address>
         <size>0x90</size>
         <input_file_ref idref="fl-3d"/>
      </object_component>
      <object_component id="oc-879">
         <name>.debug_line</name>
         <load_address>0x134df</load_address>
         <run_address>0x134df</run_address>
         <size>0x120</size>
         <input_file_ref idref="fl-3d"/>
      </object_component>
      <object_component id="oc-9ca">
         <name>.debug_line</name>
         <load_address>0x135ff</load_address>
         <run_address>0x135ff</run_address>
         <size>0x91</size>
         <input_file_ref idref="fl-3d"/>
      </object_component>
      <object_component id="oc-cbf">
         <name>.debug_line</name>
         <load_address>0x13690</load_address>
         <run_address>0x13690</run_address>
         <size>0x92</size>
         <input_file_ref idref="fl-3d"/>
      </object_component>
      <object_component id="oc-82a">
         <name>.debug_line</name>
         <load_address>0x13722</load_address>
         <run_address>0x13722</run_address>
         <size>0x10c</size>
         <input_file_ref idref="fl-3d"/>
      </object_component>
      <object_component id="oc-153b">
         <name>.debug_line</name>
         <load_address>0x1382e</load_address>
         <run_address>0x1382e</run_address>
         <size>0x140</size>
         <input_file_ref idref="fl-3d"/>
      </object_component>
      <object_component id="oc-1253">
         <name>.debug_line</name>
         <load_address>0x1396e</load_address>
         <run_address>0x1396e</run_address>
         <size>0x111</size>
         <input_file_ref idref="fl-3d"/>
      </object_component>
      <object_component id="oc-7dc">
         <name>.debug_line</name>
         <load_address>0x13a7f</load_address>
         <run_address>0x13a7f</run_address>
         <size>0xfc</size>
         <input_file_ref idref="fl-3d"/>
      </object_component>
      <object_component id="oc-c1e">
         <name>.debug_line</name>
         <load_address>0x13b7b</load_address>
         <run_address>0x13b7b</run_address>
         <size>0x16e</size>
         <input_file_ref idref="fl-3d"/>
      </object_component>
      <object_component id="oc-1455">
         <name>.debug_line</name>
         <load_address>0x13ce9</load_address>
         <run_address>0x13ce9</run_address>
         <size>0x115</size>
         <input_file_ref idref="fl-3d"/>
      </object_component>
      <object_component id="oc-13ce">
         <name>.debug_line</name>
         <load_address>0x13dfe</load_address>
         <run_address>0x13dfe</run_address>
         <size>0x97</size>
         <input_file_ref idref="fl-3d"/>
      </object_component>
      <object_component id="oc-106f">
         <name>.debug_line</name>
         <load_address>0x13e95</load_address>
         <run_address>0x13e95</run_address>
         <size>0xab</size>
         <input_file_ref idref="fl-3d"/>
      </object_component>
      <object_component id="oc-c5d">
         <name>.debug_line</name>
         <load_address>0x13f40</load_address>
         <run_address>0x13f40</run_address>
         <size>0x124</size>
         <input_file_ref idref="fl-3d"/>
      </object_component>
      <object_component id="oc-7e2">
         <name>.debug_line</name>
         <load_address>0x14064</load_address>
         <run_address>0x14064</run_address>
         <size>0xfe</size>
         <input_file_ref idref="fl-3d"/>
      </object_component>
      <object_component id="oc-10eb">
         <name>.debug_line</name>
         <load_address>0x14162</load_address>
         <run_address>0x14162</run_address>
         <size>0x1f7</size>
         <input_file_ref idref="fl-3d"/>
      </object_component>
      <object_component id="oc-cac">
         <name>.debug_line</name>
         <load_address>0x14359</load_address>
         <run_address>0x14359</run_address>
         <size>0x8f</size>
         <input_file_ref idref="fl-3d"/>
      </object_component>
      <object_component id="oc-824">
         <name>.debug_line</name>
         <load_address>0x143e8</load_address>
         <run_address>0x143e8</run_address>
         <size>0x95</size>
         <input_file_ref idref="fl-3d"/>
      </object_component>
      <object_component id="oc-9c1">
         <name>.debug_line</name>
         <load_address>0x1447d</load_address>
         <run_address>0x1447d</run_address>
         <size>0x9a</size>
         <input_file_ref idref="fl-3d"/>
      </object_component>
      <object_component id="oc-49d">
         <name>.debug_line</name>
         <load_address>0x14517</load_address>
         <run_address>0x14517</run_address>
         <size>0x2d3</size>
         <input_file_ref idref="fl-3d"/>
      </object_component>
      <object_component id="oc-859">
         <name>.debug_line</name>
         <load_address>0x147ea</load_address>
         <run_address>0x147ea</run_address>
         <size>0x1d2</size>
         <input_file_ref idref="fl-3d"/>
      </object_component>
      <object_component id="oc-1838">
         <name>.debug_line</name>
         <load_address>0x149bc</load_address>
         <run_address>0x149bc</run_address>
         <size>0xfe</size>
         <input_file_ref idref="fl-3d"/>
      </object_component>
      <object_component id="oc-7a9">
         <name>.debug_line</name>
         <load_address>0x14aba</load_address>
         <run_address>0x14aba</run_address>
         <size>0x15f</size>
         <input_file_ref idref="fl-3d"/>
      </object_component>
      <object_component id="oc-853">
         <name>.debug_line</name>
         <load_address>0x14c19</load_address>
         <run_address>0x14c19</run_address>
         <size>0x12d</size>
         <input_file_ref idref="fl-3d"/>
      </object_component>
      <object_component id="oc-1200">
         <name>.debug_line</name>
         <load_address>0x14d46</load_address>
         <run_address>0x14d46</run_address>
         <size>0x11b</size>
         <input_file_ref idref="fl-3d"/>
      </object_component>
      <object_component id="oc-391">
         <name>.debug_line</name>
         <load_address>0x14e61</load_address>
         <run_address>0x14e61</run_address>
         <size>0xe7</size>
         <input_file_ref idref="fl-3d"/>
      </object_component>
      <object_component id="oc-3a6">
         <name>.debug_line</name>
         <load_address>0x14f48</load_address>
         <run_address>0x14f48</run_address>
         <size>0x1bf</size>
         <input_file_ref idref="fl-3d"/>
      </object_component>
      <object_component id="oc-f63">
         <name>.debug_line</name>
         <load_address>0x15107</load_address>
         <run_address>0x15107</run_address>
         <size>0x115</size>
         <input_file_ref idref="fl-3d"/>
      </object_component>
      <object_component id="oc-b32">
         <name>.debug_line</name>
         <load_address>0x1521c</load_address>
         <run_address>0x1521c</run_address>
         <size>0x10b</size>
         <input_file_ref idref="fl-3d"/>
      </object_component>
      <object_component id="oc-ca6">
         <name>.debug_line</name>
         <load_address>0x15327</load_address>
         <run_address>0x15327</run_address>
         <size>0x8e</size>
         <input_file_ref idref="fl-3d"/>
      </object_component>
      <object_component id="oc-b14">
         <name>.debug_line</name>
         <load_address>0x153b5</load_address>
         <run_address>0x153b5</run_address>
         <size>0x97</size>
         <input_file_ref idref="fl-3d"/>
      </object_component>
      <object_component id="oc-1831">
         <name>.debug_line</name>
         <load_address>0x1544c</load_address>
         <run_address>0x1544c</run_address>
         <size>0x119</size>
         <input_file_ref idref="fl-3d"/>
      </object_component>
      <object_component id="oc-144e">
         <name>.debug_line</name>
         <load_address>0x15565</load_address>
         <run_address>0x15565</run_address>
         <size>0x122</size>
         <input_file_ref idref="fl-3d"/>
      </object_component>
      <object_component id="oc-11fa">
         <name>.debug_line</name>
         <load_address>0x15687</load_address>
         <run_address>0x15687</run_address>
         <size>0xfd</size>
         <input_file_ref idref="fl-3d"/>
      </object_component>
      <object_component id="oc-1879">
         <name>.debug_line</name>
         <load_address>0x15784</load_address>
         <run_address>0x15784</run_address>
         <size>0x90</size>
         <input_file_ref idref="fl-3d"/>
      </object_component>
      <object_component id="oc-497">
         <name>.debug_line</name>
         <load_address>0x15814</load_address>
         <run_address>0x15814</run_address>
         <size>0x1fb</size>
         <input_file_ref idref="fl-3d"/>
      </object_component>
      <object_component id="oc-405">
         <name>.debug_line</name>
         <load_address>0x15a0f</load_address>
         <run_address>0x15a0f</run_address>
         <size>0x46a</size>
         <input_file_ref idref="fl-3d"/>
      </object_component>
      <object_component id="oc-37d">
         <name>.debug_line</name>
         <load_address>0x15e79</load_address>
         <run_address>0x15e79</run_address>
         <size>0x129</size>
         <input_file_ref idref="fl-3d"/>
      </object_component>
      <object_component id="oc-1840">
         <name>.debug_line</name>
         <load_address>0x15fa2</load_address>
         <run_address>0x15fa2</run_address>
         <size>0x94</size>
         <input_file_ref idref="fl-3d"/>
      </object_component>
      <object_component id="oc-bd6">
         <name>.debug_line</name>
         <load_address>0x16036</load_address>
         <run_address>0x16036</run_address>
         <size>0x8d</size>
         <input_file_ref idref="fl-3d"/>
      </object_component>
      <object_component id="oc-13c6">
         <name>.debug_line</name>
         <load_address>0x160c3</load_address>
         <run_address>0x160c3</run_address>
         <size>0x91</size>
         <input_file_ref idref="fl-3d"/>
      </object_component>
      <object_component id="oc-1106">
         <name>.debug_line</name>
         <load_address>0x16154</load_address>
         <run_address>0x16154</run_address>
         <size>0x12c</size>
         <input_file_ref idref="fl-3d"/>
      </object_component>
      <object_component id="oc-1859">
         <name>.debug_line</name>
         <load_address>0x16280</load_address>
         <run_address>0x16280</run_address>
         <size>0xa3</size>
         <input_file_ref idref="fl-3d"/>
      </object_component>
      <object_component id="oc-1875">
         <name>.debug_line</name>
         <load_address>0x16323</load_address>
         <run_address>0x16323</run_address>
         <size>0x90</size>
         <input_file_ref idref="fl-3d"/>
      </object_component>
      <object_component id="oc-1445">
         <name>.debug_line</name>
         <load_address>0x163b3</load_address>
         <run_address>0x163b3</run_address>
         <size>0x8d</size>
         <input_file_ref idref="fl-3d"/>
      </object_component>
      <object_component id="oc-482">
         <name>.debug_line</name>
         <load_address>0x16440</load_address>
         <run_address>0x16440</run_address>
         <size>0x8d</size>
         <input_file_ref idref="fl-3d"/>
      </object_component>
      <object_component id="oc-11f7">
         <name>.debug_line</name>
         <load_address>0x164cd</load_address>
         <run_address>0x164cd</run_address>
         <size>0x9a</size>
         <input_file_ref idref="fl-3d"/>
      </object_component>
      <object_component id="oc-17a1">
         <name>.debug_line</name>
         <load_address>0x16567</load_address>
         <run_address>0x16567</run_address>
         <size>0xbc</size>
         <input_file_ref idref="fl-3d"/>
      </object_component>
      <object_component id="oc-1850">
         <name>.debug_line</name>
         <load_address>0x16623</load_address>
         <run_address>0x16623</run_address>
         <size>0xfb</size>
         <input_file_ref idref="fl-3d"/>
      </object_component>
      <object_component id="oc-14d2">
         <name>.debug_line</name>
         <load_address>0x1671e</load_address>
         <run_address>0x1671e</run_address>
         <size>0x94</size>
         <input_file_ref idref="fl-3d"/>
      </object_component>
      <object_component id="oc-687">
         <name>.debug_line</name>
         <load_address>0x167b2</load_address>
         <run_address>0x167b2</run_address>
         <size>0x12f</size>
         <input_file_ref idref="fl-3d"/>
      </object_component>
      <object_component id="oc-14d8">
         <name>.debug_line</name>
         <load_address>0x168e1</load_address>
         <run_address>0x168e1</run_address>
         <size>0xb6</size>
         <input_file_ref idref="fl-3d"/>
      </object_component>
      <object_component id="oc-14cc">
         <name>.debug_line</name>
         <load_address>0x16997</load_address>
         <run_address>0x16997</run_address>
         <size>0x11d</size>
         <input_file_ref idref="fl-3d"/>
      </object_component>
      <object_component id="oc-14c6">
         <name>.debug_line</name>
         <load_address>0x16ab4</load_address>
         <run_address>0x16ab4</run_address>
         <size>0x1d1</size>
         <input_file_ref idref="fl-3d"/>
      </object_component>
      <object_component id="oc-171a">
         <name>.debug_line</name>
         <load_address>0x16c85</load_address>
         <run_address>0x16c85</run_address>
         <size>0xbb</size>
         <input_file_ref idref="fl-3d"/>
      </object_component>
      <object_component id="oc-693">
         <name>.debug_line</name>
         <load_address>0x16d40</load_address>
         <run_address>0x16d40</run_address>
         <size>0x103</size>
         <input_file_ref idref="fl-3d"/>
      </object_component>
      <object_component id="oc-1890">
         <name>.debug_line</name>
         <load_address>0x16e43</load_address>
         <run_address>0x16e43</run_address>
         <size>0xf8</size>
         <input_file_ref idref="fl-3d"/>
      </object_component>
      <object_component id="oc-120f">
         <name>.debug_line</name>
         <load_address>0x16f3b</load_address>
         <run_address>0x16f3b</run_address>
         <size>0x8d</size>
         <input_file_ref idref="fl-3d"/>
      </object_component>
      <object_component id="oc-10a3">
         <name>.debug_line</name>
         <load_address>0x16fc8</load_address>
         <run_address>0x16fc8</run_address>
         <size>0x96</size>
         <input_file_ref idref="fl-3d"/>
      </object_component>
      <object_component id="oc-10af">
         <name>.debug_line</name>
         <load_address>0x1705e</load_address>
         <run_address>0x1705e</run_address>
         <size>0x9d</size>
         <input_file_ref idref="fl-3d"/>
      </object_component>
      <object_component id="oc-10a9">
         <name>.debug_line</name>
         <load_address>0x170fb</load_address>
         <run_address>0x170fb</run_address>
         <size>0xa4</size>
         <input_file_ref idref="fl-3d"/>
      </object_component>
      <object_component id="oc-140e">
         <name>.debug_line</name>
         <load_address>0x1719f</load_address>
         <run_address>0x1719f</run_address>
         <size>0x96</size>
         <input_file_ref idref="fl-3d"/>
      </object_component>
      <object_component id="oc-1418">
         <name>.debug_line</name>
         <load_address>0x17235</load_address>
         <run_address>0x17235</run_address>
         <size>0x96</size>
         <input_file_ref idref="fl-3d"/>
      </object_component>
      <object_component id="oc-113c">
         <name>.debug_line</name>
         <load_address>0x172cb</load_address>
         <run_address>0x172cb</run_address>
         <size>0x99</size>
         <input_file_ref idref="fl-3d"/>
      </object_component>
      <object_component id="oc-42b">
         <name>.debug_line</name>
         <load_address>0x17364</load_address>
         <run_address>0x17364</run_address>
         <size>0x23e</size>
         <input_file_ref idref="fl-3d"/>
      </object_component>
      <object_component id="oc-419">
         <name>.debug_line</name>
         <load_address>0x175a2</load_address>
         <run_address>0x175a2</run_address>
         <size>0x30e</size>
         <input_file_ref idref="fl-3d"/>
      </object_component>
      <object_component id="oc-887">
         <name>.debug_line</name>
         <load_address>0x178b0</load_address>
         <run_address>0x178b0</run_address>
         <size>0x9e</size>
         <input_file_ref idref="fl-3d"/>
      </object_component>
      <object_component id="oc-1473">
         <name>.debug_line</name>
         <load_address>0x1794e</load_address>
         <run_address>0x1794e</run_address>
         <size>0x99</size>
         <input_file_ref idref="fl-3d"/>
      </object_component>
      <object_component id="oc-11aa">
         <name>.debug_line</name>
         <load_address>0x179e7</load_address>
         <run_address>0x179e7</run_address>
         <size>0x91</size>
         <input_file_ref idref="fl-3d"/>
      </object_component>
      <object_component id="oc-c6b">
         <name>.debug_line</name>
         <load_address>0x17a78</load_address>
         <run_address>0x17a78</run_address>
         <size>0x91</size>
         <input_file_ref idref="fl-3d"/>
      </object_component>
      <object_component id="oc-a32">
         <name>.debug_line</name>
         <load_address>0x17b09</load_address>
         <run_address>0x17b09</run_address>
         <size>0x91</size>
         <input_file_ref idref="fl-3d"/>
      </object_component>
      <object_component id="oc-14a6">
         <name>.debug_line</name>
         <load_address>0x17b9a</load_address>
         <run_address>0x17b9a</run_address>
         <size>0x8e</size>
         <input_file_ref idref="fl-3d"/>
      </object_component>
      <object_component id="oc-d0">
         <name>.debug_line</name>
         <load_address>0x17c28</load_address>
         <run_address>0x17c28</run_address>
         <size>0xa2</size>
         <input_file_ref idref="fl-3d"/>
      </object_component>
      <object_component id="oc-ca">
         <name>.debug_line</name>
         <load_address>0x17cca</load_address>
         <run_address>0x17cca</run_address>
         <size>0xaa</size>
         <input_file_ref idref="fl-3d"/>
      </object_component>
      <object_component id="oc-10dc">
         <name>.debug_line</name>
         <load_address>0x17d74</load_address>
         <run_address>0x17d74</run_address>
         <size>0xa6</size>
         <input_file_ref idref="fl-3d"/>
      </object_component>
      <object_component id="oc-c9d">
         <name>.debug_line</name>
         <load_address>0x17e1a</load_address>
         <run_address>0x17e1a</run_address>
         <size>0xad</size>
         <input_file_ref idref="fl-3d"/>
      </object_component>
      <object_component id="oc-152f">
         <name>.debug_line</name>
         <load_address>0x17ec7</load_address>
         <run_address>0x17ec7</run_address>
         <size>0xa7</size>
         <input_file_ref idref="fl-3d"/>
      </object_component>
      <object_component id="oc-1727">
         <name>.debug_line</name>
         <load_address>0x17f6e</load_address>
         <run_address>0x17f6e</run_address>
         <size>0x9e</size>
         <input_file_ref idref="fl-3d"/>
      </object_component>
      <object_component id="oc-1215">
         <name>.debug_line</name>
         <load_address>0x1800c</load_address>
         <run_address>0x1800c</run_address>
         <size>0xcf</size>
         <input_file_ref idref="fl-3d"/>
      </object_component>
      <object_component id="oc-b03">
         <name>.debug_line</name>
         <load_address>0x180db</load_address>
         <run_address>0x180db</run_address>
         <size>0xab</size>
         <input_file_ref idref="fl-3d"/>
      </object_component>
      <object_component id="oc-c0f">
         <name>.debug_line</name>
         <load_address>0x18186</load_address>
         <run_address>0x18186</run_address>
         <size>0xb0</size>
         <input_file_ref idref="fl-3d"/>
      </object_component>
      <object_component id="oc-7a0">
         <name>.debug_line</name>
         <load_address>0x18236</load_address>
         <run_address>0x18236</run_address>
         <size>0xa0</size>
         <input_file_ref idref="fl-3d"/>
      </object_component>
      <object_component id="oc-13db">
         <name>.debug_line</name>
         <load_address>0x182d6</load_address>
         <run_address>0x182d6</run_address>
         <size>0xa0</size>
         <input_file_ref idref="fl-3d"/>
      </object_component>
      <object_component id="oc-143d">
         <name>.debug_line</name>
         <load_address>0x18376</load_address>
         <run_address>0x18376</run_address>
         <size>0x99</size>
         <input_file_ref idref="fl-3d"/>
      </object_component>
      <object_component id="oc-ca3">
         <name>.debug_line</name>
         <load_address>0x1840f</load_address>
         <run_address>0x1840f</run_address>
         <size>0x98</size>
         <input_file_ref idref="fl-3d"/>
      </object_component>
      <object_component id="oc-372">
         <name>.debug_line</name>
         <load_address>0x184a7</load_address>
         <run_address>0x184a7</run_address>
         <size>0x98</size>
         <input_file_ref idref="fl-3d"/>
      </object_component>
      <object_component id="oc-125f">
         <name>.debug_line</name>
         <load_address>0x1853f</load_address>
         <run_address>0x1853f</run_address>
         <size>0xad</size>
         <input_file_ref idref="fl-3d"/>
      </object_component>
      <object_component id="oc-1546">
         <name>.debug_line</name>
         <load_address>0x185ec</load_address>
         <run_address>0x185ec</run_address>
         <size>0xad</size>
         <input_file_ref idref="fl-3d"/>
      </object_component>
      <object_component id="oc-1265">
         <name>.debug_line</name>
         <load_address>0x18699</load_address>
         <run_address>0x18699</run_address>
         <size>0xe6</size>
         <input_file_ref idref="fl-3d"/>
      </object_component>
      <object_component id="oc-68d">
         <name>.debug_line</name>
         <load_address>0x1877f</load_address>
         <run_address>0x1877f</run_address>
         <size>0xbb</size>
         <input_file_ref idref="fl-3d"/>
      </object_component>
      <object_component id="oc-adc">
         <name>.debug_line</name>
         <load_address>0x1883a</load_address>
         <run_address>0x1883a</run_address>
         <size>0xac</size>
         <input_file_ref idref="fl-3d"/>
      </object_component>
      <object_component id="oc-a7f">
         <name>.debug_line</name>
         <load_address>0x188e6</load_address>
         <run_address>0x188e6</run_address>
         <size>0xd6</size>
         <input_file_ref idref="fl-3d"/>
      </object_component>
      <object_component id="oc-a79">
         <name>.debug_line</name>
         <load_address>0x189bc</load_address>
         <run_address>0x189bc</run_address>
         <size>0x99</size>
         <input_file_ref idref="fl-3d"/>
      </object_component>
      <object_component id="oc-a6d">
         <name>.debug_line</name>
         <load_address>0x18a55</load_address>
         <run_address>0x18a55</run_address>
         <size>0x99</size>
         <input_file_ref idref="fl-3d"/>
      </object_component>
      <object_component id="oc-a67">
         <name>.debug_line</name>
         <load_address>0x18aee</load_address>
         <run_address>0x18aee</run_address>
         <size>0x99</size>
         <input_file_ref idref="fl-3d"/>
      </object_component>
      <object_component id="oc-a97">
         <name>.debug_line</name>
         <load_address>0x18b87</load_address>
         <run_address>0x18b87</run_address>
         <size>0x99</size>
         <input_file_ref idref="fl-3d"/>
      </object_component>
      <object_component id="oc-a8b">
         <name>.debug_line</name>
         <load_address>0x18c20</load_address>
         <run_address>0x18c20</run_address>
         <size>0xc2</size>
         <input_file_ref idref="fl-3d"/>
      </object_component>
      <object_component id="oc-a73">
         <name>.debug_line</name>
         <load_address>0x18ce2</load_address>
         <run_address>0x18ce2</run_address>
         <size>0xcb</size>
         <input_file_ref idref="fl-3d"/>
      </object_component>
      <object_component id="oc-a85">
         <name>.debug_line</name>
         <load_address>0x18dad</load_address>
         <run_address>0x18dad</run_address>
         <size>0xcb</size>
         <input_file_ref idref="fl-3d"/>
      </object_component>
      <object_component id="oc-a91">
         <name>.debug_line</name>
         <load_address>0x18e78</load_address>
         <run_address>0x18e78</run_address>
         <size>0xb0</size>
         <input_file_ref idref="fl-3d"/>
      </object_component>
      <object_component id="oc-1e2">
         <name>.debug_line</name>
         <load_address>0x18f28</load_address>
         <run_address>0x18f28</run_address>
         <size>0xaa</size>
         <input_file_ref idref="fl-3d"/>
      </object_component>
      <object_component id="oc-a9d">
         <name>.debug_line</name>
         <load_address>0x18fd2</load_address>
         <run_address>0x18fd2</run_address>
         <size>0x220</size>
         <input_file_ref idref="fl-3d"/>
      </object_component>
      <object_component id="oc-5fb">
         <name>.debug_line</name>
         <load_address>0x191f2</load_address>
         <run_address>0x191f2</run_address>
         <size>0x1ca</size>
         <input_file_ref idref="fl-3d"/>
      </object_component>
      <object_component id="oc-174c">
         <name>.debug_line</name>
         <load_address>0x193bc</load_address>
         <run_address>0x193bc</run_address>
         <size>0x98</size>
         <input_file_ref idref="fl-3d"/>
      </object_component>
      <object_component id="oc-1746">
         <name>.debug_line</name>
         <load_address>0x19454</load_address>
         <run_address>0x19454</run_address>
         <size>0x98</size>
         <input_file_ref idref="fl-3d"/>
      </object_component>
      <object_component id="oc-1740">
         <name>.debug_line</name>
         <load_address>0x194ec</load_address>
         <run_address>0x194ec</run_address>
         <size>0x222</size>
         <input_file_ref idref="fl-3d"/>
      </object_component>
      <object_component id="oc-744">
         <name>.debug_line</name>
         <load_address>0x1970e</load_address>
         <run_address>0x1970e</run_address>
         <size>0x98</size>
         <input_file_ref idref="fl-3d"/>
      </object_component>
      <object_component id="oc-1209">
         <name>.debug_line</name>
         <load_address>0x197a6</load_address>
         <run_address>0x197a6</run_address>
         <size>0x132</size>
         <input_file_ref idref="fl-3d"/>
      </object_component>
      <object_component id="oc-f79">
         <name>.debug_line</name>
         <load_address>0x198d8</load_address>
         <run_address>0x198d8</run_address>
         <size>0xcc</size>
         <input_file_ref idref="fl-3d"/>
      </object_component>
      <object_component id="oc-f82">
         <name>.debug_line</name>
         <load_address>0x199a4</load_address>
         <run_address>0x199a4</run_address>
         <size>0xa5</size>
         <input_file_ref idref="fl-3d"/>
      </object_component>
      <object_component id="oc-231">
         <name>.debug_line</name>
         <load_address>0x19a49</load_address>
         <run_address>0x19a49</run_address>
         <size>0x88</size>
         <input_file_ref idref="fl-3d"/>
      </object_component>
      <object_component id="oc-afd">
         <name>.debug_line</name>
         <load_address>0x19ad1</load_address>
         <run_address>0x19ad1</run_address>
         <size>0x88</size>
         <input_file_ref idref="fl-3d"/>
      </object_component>
      <object_component id="oc-c8b">
         <name>.debug_line</name>
         <load_address>0x19b59</load_address>
         <run_address>0x19b59</run_address>
         <size>0x88</size>
         <input_file_ref idref="fl-3d"/>
      </object_component>
      <object_component id="oc-622">
         <name>.debug_line</name>
         <load_address>0x19be1</load_address>
         <run_address>0x19be1</run_address>
         <size>0x83</size>
         <input_file_ref idref="fl-3d"/>
      </object_component>
      <object_component id="oc-62c">
         <name>.debug_line</name>
         <load_address>0x19c64</load_address>
         <run_address>0x19c64</run_address>
         <size>0x61</size>
         <input_file_ref idref="fl-3d"/>
      </object_component>
      <object_component id="oc-604">
         <name>.debug_line</name>
         <load_address>0x19cc5</load_address>
         <run_address>0x19cc5</run_address>
         <size>0x7a</size>
         <input_file_ref idref="fl-3d"/>
      </object_component>
      <object_component id="oc-654">
         <name>.debug_line</name>
         <load_address>0x19d3f</load_address>
         <run_address>0x19d3f</run_address>
         <size>0x79</size>
         <input_file_ref idref="fl-3d"/>
      </object_component>
      <object_component id="oc-627">
         <name>.debug_line</name>
         <load_address>0x19db8</load_address>
         <run_address>0x19db8</run_address>
         <size>0x7a</size>
         <input_file_ref idref="fl-3d"/>
      </object_component>
      <object_component id="oc-61d">
         <name>.debug_line</name>
         <load_address>0x19e32</load_address>
         <run_address>0x19e32</run_address>
         <size>0x76</size>
         <input_file_ref idref="fl-3d"/>
      </object_component>
      <object_component id="oc-677">
         <name>.debug_line</name>
         <load_address>0x19ea8</load_address>
         <run_address>0x19ea8</run_address>
         <size>0x8e</size>
         <input_file_ref idref="fl-3d"/>
      </object_component>
      <object_component id="oc-645">
         <name>.debug_line</name>
         <load_address>0x19f36</load_address>
         <run_address>0x19f36</run_address>
         <size>0x89</size>
         <input_file_ref idref="fl-3d"/>
      </object_component>
      <object_component id="oc-668">
         <name>.debug_line</name>
         <load_address>0x19fbf</load_address>
         <run_address>0x19fbf</run_address>
         <size>0x84</size>
         <input_file_ref idref="fl-3d"/>
      </object_component>
      <object_component id="oc-66d">
         <name>.debug_line</name>
         <load_address>0x1a043</load_address>
         <run_address>0x1a043</run_address>
         <size>0x81</size>
         <input_file_ref idref="fl-3d"/>
      </object_component>
      <object_component id="oc-aab">
         <name>.debug_line</name>
         <load_address>0x1a0c4</load_address>
         <run_address>0x1a0c4</run_address>
         <size>0x8c</size>
         <input_file_ref idref="fl-3d"/>
      </object_component>
      <object_component id="oc-aa6">
         <name>.debug_line</name>
         <load_address>0x1a150</load_address>
         <run_address>0x1a150</run_address>
         <size>0x7a</size>
         <input_file_ref idref="fl-3d"/>
      </object_component>
      <object_component id="oc-ab0">
         <name>.debug_line</name>
         <load_address>0x1a1ca</load_address>
         <run_address>0x1a1ca</run_address>
         <size>0x8a</size>
         <input_file_ref idref="fl-3d"/>
      </object_component>
      <object_component id="oc-672">
         <name>.debug_line</name>
         <load_address>0x1a254</load_address>
         <run_address>0x1a254</run_address>
         <size>0x79</size>
         <input_file_ref idref="fl-3d"/>
      </object_component>
      <object_component id="oc-636">
         <name>.debug_line</name>
         <load_address>0x1a2cd</load_address>
         <run_address>0x1a2cd</run_address>
         <size>0x7b</size>
         <input_file_ref idref="fl-3d"/>
      </object_component>
      <object_component id="oc-aba">
         <name>.debug_line</name>
         <load_address>0x1a348</load_address>
         <run_address>0x1a348</run_address>
         <size>0x8e</size>
         <input_file_ref idref="fl-3d"/>
      </object_component>
      <object_component id="oc-ab5">
         <name>.debug_line</name>
         <load_address>0x1a3d6</load_address>
         <run_address>0x1a3d6</run_address>
         <size>0x7b</size>
         <input_file_ref idref="fl-3d"/>
      </object_component>
      <object_component id="oc-663">
         <name>.debug_line</name>
         <load_address>0x1a451</load_address>
         <run_address>0x1a451</run_address>
         <size>0x7f</size>
         <input_file_ref idref="fl-3d"/>
      </object_component>
      <object_component id="oc-65e">
         <name>.debug_line</name>
         <load_address>0x1a4d0</load_address>
         <run_address>0x1a4d0</run_address>
         <size>0x5e</size>
         <input_file_ref idref="fl-3d"/>
      </object_component>
      <object_component id="oc-659">
         <name>.debug_line</name>
         <load_address>0x1a52e</load_address>
         <run_address>0x1a52e</run_address>
         <size>0x5f</size>
         <input_file_ref idref="fl-3d"/>
      </object_component>
      <object_component id="oc-abf">
         <name>.debug_line</name>
         <load_address>0x1a58d</load_address>
         <run_address>0x1a58d</run_address>
         <size>0x82</size>
         <input_file_ref idref="fl-3d"/>
      </object_component>
      <object_component id="oc-67c">
         <name>.debug_line</name>
         <load_address>0x1a60f</load_address>
         <run_address>0x1a60f</run_address>
         <size>0x89</size>
         <input_file_ref idref="fl-3d"/>
      </object_component>
      <object_component id="oc-631">
         <name>.debug_line</name>
         <load_address>0x1a698</load_address>
         <run_address>0x1a698</run_address>
         <size>0x86</size>
         <input_file_ref idref="fl-3d"/>
      </object_component>
      <object_component id="oc-609">
         <name>.debug_line</name>
         <load_address>0x1a71e</load_address>
         <run_address>0x1a71e</run_address>
         <size>0x94</size>
         <input_file_ref idref="fl-3d"/>
      </object_component>
      <object_component id="oc-63b">
         <name>.debug_line</name>
         <load_address>0x1a7b2</load_address>
         <run_address>0x1a7b2</run_address>
         <size>0x98</size>
         <input_file_ref idref="fl-3d"/>
      </object_component>
      <object_component id="oc-64a">
         <name>.debug_line</name>
         <load_address>0x1a84a</load_address>
         <run_address>0x1a84a</run_address>
         <size>0x8c</size>
         <input_file_ref idref="fl-3d"/>
      </object_component>
      <object_component id="oc-60e">
         <name>.debug_line</name>
         <load_address>0x1a8d6</load_address>
         <run_address>0x1a8d6</run_address>
         <size>0x8a</size>
         <input_file_ref idref="fl-3d"/>
      </object_component>
      <object_component id="oc-613">
         <name>.debug_line</name>
         <load_address>0x1a960</load_address>
         <run_address>0x1a960</run_address>
         <size>0x8c</size>
         <input_file_ref idref="fl-3d"/>
      </object_component>
      <object_component id="oc-64f">
         <name>.debug_line</name>
         <load_address>0x1a9ec</load_address>
         <run_address>0x1a9ec</run_address>
         <size>0x91</size>
         <input_file_ref idref="fl-3d"/>
      </object_component>
      <object_component id="oc-640">
         <name>.debug_line</name>
         <load_address>0x1aa7d</load_address>
         <run_address>0x1aa7d</run_address>
         <size>0x8a</size>
         <input_file_ref idref="fl-3d"/>
      </object_component>
      <object_component id="oc-618">
         <name>.debug_line</name>
         <load_address>0x1ab07</load_address>
         <run_address>0x1ab07</run_address>
         <size>0x6e</size>
         <input_file_ref idref="fl-3d"/>
      </object_component>
      <object_component id="oc-1549">
         <name>.debug_line</name>
         <load_address>0x1ab75</load_address>
         <run_address>0x1ab75</run_address>
         <size>0xe1</size>
         <input_file_ref idref="fl-3e"/>
      </object_component>
      <object_component id="oc-81">
         <name>.debug_line</name>
         <load_address>0x1ac56</load_address>
         <run_address>0x1ac56</run_address>
         <size>0xa3</size>
         <input_file_ref idref="fl-3e"/>
      </object_component>
      <object_component id="oc-7f">
         <name>.debug_line</name>
         <load_address>0x1acf9</load_address>
         <run_address>0x1acf9</run_address>
         <size>0xa0</size>
         <input_file_ref idref="fl-3e"/>
      </object_component>
      <object_component id="oc-124e">
         <name>.debug_line</name>
         <load_address>0x1ad99</load_address>
         <run_address>0x1ad99</run_address>
         <size>0xaa</size>
         <input_file_ref idref="fl-3f"/>
      </object_component>
      <object_component id="oc-16ac">
         <name>.debug_line</name>
         <load_address>0x1ae43</load_address>
         <run_address>0x1ae43</run_address>
         <size>0xb8</size>
         <input_file_ref idref="fl-3f"/>
      </object_component>
      <object_component id="oc-105f">
         <name>.debug_line</name>
         <load_address>0x1aefb</load_address>
         <run_address>0x1aefb</run_address>
         <size>0xc3</size>
         <input_file_ref idref="fl-41"/>
      </object_component>
      <object_component id="oc-107b">
         <name>.debug_line</name>
         <load_address>0x1afbe</load_address>
         <run_address>0x1afbe</run_address>
         <size>0xa5</size>
         <input_file_ref idref="fl-41"/>
      </object_component>
      <object_component id="oc-13c0">
         <name>.debug_line</name>
         <load_address>0x1b063</load_address>
         <run_address>0x1b063</run_address>
         <size>0xa6</size>
         <input_file_ref idref="fl-41"/>
      </object_component>
      <object_component id="oc-100d">
         <name>.debug_line</name>
         <load_address>0x1b109</load_address>
         <run_address>0x1b109</run_address>
         <size>0x191</size>
         <input_file_ref idref="fl-42"/>
      </object_component>
      <object_component id="oc-759">
         <name>.debug_line</name>
         <load_address>0x1b29a</load_address>
         <run_address>0x1b29a</run_address>
         <size>0xbb</size>
         <input_file_ref idref="fl-42"/>
      </object_component>
      <object_component id="oc-1011">
         <name>.debug_line</name>
         <load_address>0x1b355</load_address>
         <run_address>0x1b355</run_address>
         <size>0xaa</size>
         <input_file_ref idref="fl-42"/>
      </object_component>
      <object_component id="oc-bb5">
         <name>.debug_line</name>
         <load_address>0x1b3ff</load_address>
         <run_address>0x1b3ff</run_address>
         <size>0x23f</size>
         <input_file_ref idref="fl-43"/>
      </object_component>
      <object_component id="oc-3a0">
         <name>.debug_line</name>
         <load_address>0x1b63e</load_address>
         <run_address>0x1b63e</run_address>
         <size>0xd1</size>
         <input_file_ref idref="fl-43"/>
      </object_component>
      <object_component id="oc-37a">
         <name>.debug_line</name>
         <load_address>0x1b70f</load_address>
         <run_address>0x1b70f</run_address>
         <size>0xf5</size>
         <input_file_ref idref="fl-43"/>
      </object_component>
      <object_component id="oc-774">
         <name>.debug_line</name>
         <load_address>0x1b804</load_address>
         <run_address>0x1b804</run_address>
         <size>0x91</size>
         <input_file_ref idref="fl-43"/>
      </object_component>
      <object_component id="oc-bc8">
         <name>.debug_line</name>
         <load_address>0x1b895</load_address>
         <run_address>0x1b895</run_address>
         <size>0x9a</size>
         <input_file_ref idref="fl-43"/>
      </object_component>
      <object_component id="oc-bcd">
         <name>.debug_line</name>
         <load_address>0x1b92f</load_address>
         <run_address>0x1b92f</run_address>
         <size>0x9b</size>
         <input_file_ref idref="fl-43"/>
      </object_component>
      <object_component id="oc-1023">
         <name>.debug_line</name>
         <load_address>0x1b9ca</load_address>
         <run_address>0x1b9ca</run_address>
         <size>0x9b</size>
         <input_file_ref idref="fl-43"/>
      </object_component>
      <object_component id="oc-103c">
         <name>.debug_line</name>
         <load_address>0x1ba65</load_address>
         <run_address>0x1ba65</run_address>
         <size>0xb3</size>
         <input_file_ref idref="fl-43"/>
      </object_component>
      <object_component id="oc-1041">
         <name>.debug_line</name>
         <load_address>0x1bb18</load_address>
         <run_address>0x1bb18</run_address>
         <size>0xae</size>
         <input_file_ref idref="fl-43"/>
      </object_component>
      <object_component id="oc-102d">
         <name>.debug_line</name>
         <load_address>0x1bbc6</load_address>
         <run_address>0x1bbc6</run_address>
         <size>0x9c</size>
         <input_file_ref idref="fl-43"/>
      </object_component>
      <object_component id="oc-bc3">
         <name>.debug_line</name>
         <load_address>0x1bc62</load_address>
         <run_address>0x1bc62</run_address>
         <size>0x9a</size>
         <input_file_ref idref="fl-43"/>
      </object_component>
      <object_component id="oc-bb9">
         <name>.debug_line</name>
         <load_address>0x1bcfc</load_address>
         <run_address>0x1bcfc</run_address>
         <size>0x9b</size>
         <input_file_ref idref="fl-43"/>
      </object_component>
      <object_component id="oc-1032">
         <name>.debug_line</name>
         <load_address>0x1bd97</load_address>
         <run_address>0x1bd97</run_address>
         <size>0x9b</size>
         <input_file_ref idref="fl-43"/>
      </object_component>
      <object_component id="oc-1028">
         <name>.debug_line</name>
         <load_address>0x1be32</load_address>
         <run_address>0x1be32</run_address>
         <size>0xa3</size>
         <input_file_ref idref="fl-43"/>
      </object_component>
      <object_component id="oc-bbe">
         <name>.debug_line</name>
         <load_address>0x1bed5</load_address>
         <run_address>0x1bed5</run_address>
         <size>0xaa</size>
         <input_file_ref idref="fl-43"/>
      </object_component>
      <object_component id="oc-1037">
         <name>.debug_line</name>
         <load_address>0x1bf7f</load_address>
         <run_address>0x1bf7f</run_address>
         <size>0x9f</size>
         <input_file_ref idref="fl-43"/>
      </object_component>
      <object_component id="oc-101e">
         <name>.debug_line</name>
         <load_address>0x1c01e</load_address>
         <run_address>0x1c01e</run_address>
         <size>0x9d</size>
         <input_file_ref idref="fl-43"/>
      </object_component>
      <object_component id="oc-13b5">
         <name>.debug_line</name>
         <load_address>0x1c0bb</load_address>
         <run_address>0x1c0bb</run_address>
         <size>0x149</size>
         <input_file_ref idref="fl-44"/>
      </object_component>
      <object_component id="oc-bd3">
         <name>.debug_line</name>
         <load_address>0x1c204</load_address>
         <run_address>0x1c204</run_address>
         <size>0xda</size>
         <input_file_ref idref="fl-44"/>
      </object_component>
      <object_component id="oc-16e8">
         <name>.debug_line</name>
         <load_address>0x1c2de</load_address>
         <run_address>0x1c2de</run_address>
         <size>0x9a</size>
         <input_file_ref idref="fl-45"/>
      </object_component>
      <object_component id="oc-11d8">
         <name>.debug_line</name>
         <load_address>0x1c378</load_address>
         <run_address>0x1c378</run_address>
         <size>0xc3</size>
         <input_file_ref idref="fl-45"/>
      </object_component>
      <object_component id="oc-bf0">
         <name>.debug_line</name>
         <load_address>0x1c43b</load_address>
         <run_address>0x1c43b</run_address>
         <size>0x53</size>
         <input_file_ref idref="fl-46"/>
      </object_component>
      <object_component id="oc-38a">
         <name>.debug_line</name>
         <load_address>0x1c48e</load_address>
         <run_address>0x1c48e</run_address>
         <size>0xc6</size>
         <input_file_ref idref="fl-46"/>
      </object_component>
      <object_component id="oc-c42">
         <name>.debug_line</name>
         <load_address>0x1c554</load_address>
         <run_address>0x1c554</run_address>
         <size>0x2b7</size>
         <input_file_ref idref="fl-47"/>
      </object_component>
      <object_component id="oc-b44">
         <name>.debug_line</name>
         <load_address>0x1c80b</load_address>
         <run_address>0x1c80b</run_address>
         <size>0xb0</size>
         <input_file_ref idref="fl-47"/>
      </object_component>
      <object_component id="oc-1656">
         <name>.debug_line</name>
         <load_address>0x1c8bb</load_address>
         <run_address>0x1c8bb</run_address>
         <size>0xbc</size>
         <input_file_ref idref="fl-47"/>
      </object_component>
      <object_component id="oc-b8e">
         <name>.debug_line</name>
         <load_address>0x1c977</load_address>
         <run_address>0x1c977</run_address>
         <size>0xb0</size>
         <input_file_ref idref="fl-47"/>
      </object_component>
      <object_component id="oc-18c3">
         <name>.debug_line</name>
         <load_address>0x1ca27</load_address>
         <run_address>0x1ca27</run_address>
         <size>0xad</size>
         <input_file_ref idref="fl-47"/>
      </object_component>
      <object_component id="oc-1883">
         <name>.debug_line</name>
         <load_address>0x1cad4</load_address>
         <run_address>0x1cad4</run_address>
         <size>0xbc</size>
         <input_file_ref idref="fl-47"/>
      </object_component>
      <object_component id="oc-13b0">
         <name>.debug_line</name>
         <load_address>0x1cb90</load_address>
         <run_address>0x1cb90</run_address>
         <size>0xd1</size>
         <input_file_ref idref="fl-47"/>
      </object_component>
      <object_component id="oc-39a">
         <name>.debug_line</name>
         <load_address>0x1cc61</load_address>
         <run_address>0x1cc61</run_address>
         <size>0xad</size>
         <input_file_ref idref="fl-47"/>
      </object_component>
      <object_component id="oc-c46">
         <name>.debug_line</name>
         <load_address>0x1cd0e</load_address>
         <run_address>0x1cd0e</run_address>
         <size>0x9b</size>
         <input_file_ref idref="fl-47"/>
      </object_component>
      <object_component id="oc-c50">
         <name>.debug_line</name>
         <load_address>0x1cda9</load_address>
         <run_address>0x1cda9</run_address>
         <size>0x9c</size>
         <input_file_ref idref="fl-47"/>
      </object_component>
      <object_component id="oc-c4b">
         <name>.debug_line</name>
         <load_address>0x1ce45</load_address>
         <run_address>0x1ce45</run_address>
         <size>0xaa</size>
         <input_file_ref idref="fl-47"/>
      </object_component>
      <object_component id="oc-c6f">
         <name>.debug_line</name>
         <load_address>0x1ceef</load_address>
         <run_address>0x1ceef</run_address>
         <size>0x131</size>
         <input_file_ref idref="fl-48"/>
      </object_component>
      <object_component id="oc-3b0">
         <name>.debug_line</name>
         <load_address>0x1d020</load_address>
         <run_address>0x1d020</run_address>
         <size>0xac</size>
         <input_file_ref idref="fl-48"/>
      </object_component>
      <object_component id="oc-26b">
         <name>.debug_line</name>
         <load_address>0x1d0cc</load_address>
         <run_address>0x1d0cc</run_address>
         <size>0xac</size>
         <input_file_ref idref="fl-48"/>
      </object_component>
      <object_component id="oc-c73">
         <name>.debug_line</name>
         <load_address>0x1d178</load_address>
         <run_address>0x1d178</run_address>
         <size>0xaa</size>
         <input_file_ref idref="fl-48"/>
      </object_component>
      <object_component id="oc-101a">
         <name>.debug_line</name>
         <load_address>0x1d222</load_address>
         <run_address>0x1d222</run_address>
         <size>0x1d8</size>
         <input_file_ref idref="fl-49"/>
      </object_component>
      <object_component id="oc-bf9">
         <name>.debug_line</name>
         <load_address>0x1d3fa</load_address>
         <run_address>0x1d3fa</run_address>
         <size>0xae</size>
         <input_file_ref idref="fl-49"/>
      </object_component>
      <object_component id="oc-7a6">
         <name>.debug_line</name>
         <load_address>0x1d4a8</load_address>
         <run_address>0x1d4a8</run_address>
         <size>0xc0</size>
         <input_file_ref idref="fl-49"/>
      </object_component>
      <object_component id="oc-b9c">
         <name>.debug_line</name>
         <load_address>0x1d568</load_address>
         <run_address>0x1d568</run_address>
         <size>0xc3</size>
         <input_file_ref idref="fl-49"/>
      </object_component>
      <object_component id="oc-7d3">
         <name>.debug_line</name>
         <load_address>0x1d62b</load_address>
         <run_address>0x1d62b</run_address>
         <size>0xb1</size>
         <input_file_ref idref="fl-49"/>
      </object_component>
      <object_component id="oc-75f">
         <name>.debug_line</name>
         <load_address>0x1d6dc</load_address>
         <run_address>0x1d6dc</run_address>
         <size>0xb0</size>
         <input_file_ref idref="fl-49"/>
      </object_component>
      <object_component id="oc-1017">
         <name>.debug_line</name>
         <load_address>0x1d78c</load_address>
         <run_address>0x1d78c</run_address>
         <size>0x9c</size>
         <input_file_ref idref="fl-49"/>
      </object_component>
      <object_component id="oc-ba2">
         <name>.debug_line</name>
         <load_address>0x1d828</load_address>
         <run_address>0x1d828</run_address>
         <size>0xaa</size>
         <input_file_ref idref="fl-49"/>
      </object_component>
      <object_component id="oc-eed">
         <name>.debug_line</name>
         <load_address>0x1d8d2</load_address>
         <run_address>0x1d8d2</run_address>
         <size>0x119</size>
         <input_file_ref idref="fl-4a"/>
      </object_component>
      <object_component id="oc-69b">
         <name>.debug_line</name>
         <load_address>0x1d9eb</load_address>
         <run_address>0x1d9eb</run_address>
         <size>0x12d</size>
         <input_file_ref idref="fl-4a"/>
      </object_component>
      <object_component id="oc-c85">
         <name>.debug_line</name>
         <load_address>0x1db18</load_address>
         <run_address>0x1db18</run_address>
         <size>0xaf</size>
         <input_file_ref idref="fl-4a"/>
      </object_component>
      <object_component id="oc-a9">
         <name>.debug_line</name>
         <load_address>0x1dbc7</load_address>
         <run_address>0x1dbc7</run_address>
         <size>0xd1</size>
         <input_file_ref idref="fl-4a"/>
      </object_component>
      <object_component id="oc-ef1">
         <name>.debug_line</name>
         <load_address>0x1dc98</load_address>
         <run_address>0x1dc98</run_address>
         <size>0x9d</size>
         <input_file_ref idref="fl-4a"/>
      </object_component>
      <object_component id="oc-ef6">
         <name>.debug_line</name>
         <load_address>0x1dd35</load_address>
         <run_address>0x1dd35</run_address>
         <size>0xaa</size>
         <input_file_ref idref="fl-4a"/>
      </object_component>
      <object_component id="oc-286">
         <name>.debug_line</name>
         <load_address>0x1dddf</load_address>
         <run_address>0x1dddf</run_address>
         <size>0x20d</size>
         <input_file_ref idref="fl-4b"/>
      </object_component>
      <object_component id="oc-1488">
         <name>.debug_line</name>
         <load_address>0x1dfec</load_address>
         <run_address>0x1dfec</run_address>
         <size>0xea</size>
         <input_file_ref idref="fl-4b"/>
      </object_component>
      <object_component id="oc-148e">
         <name>.debug_line</name>
         <load_address>0x1e0d6</load_address>
         <run_address>0x1e0d6</run_address>
         <size>0xba</size>
         <input_file_ref idref="fl-4b"/>
      </object_component>
      <object_component id="oc-1160">
         <name>.debug_line</name>
         <load_address>0x1e190</load_address>
         <run_address>0x1e190</run_address>
         <size>0x2ca</size>
         <input_file_ref idref="fl-4b"/>
      </object_component>
      <object_component id="oc-18ee">
         <name>.debug_line</name>
         <load_address>0x1e45a</load_address>
         <run_address>0x1e45a</run_address>
         <size>0xb7</size>
         <input_file_ref idref="fl-4b"/>
      </object_component>
      <object_component id="oc-d6a">
         <name>.debug_line</name>
         <load_address>0x1e511</load_address>
         <run_address>0x1e511</run_address>
         <size>0xb7</size>
         <input_file_ref idref="fl-4b"/>
      </object_component>
      <object_component id="oc-b8">
         <name>.debug_line</name>
         <load_address>0x1e5c8</load_address>
         <run_address>0x1e5c8</run_address>
         <size>0xbd</size>
         <input_file_ref idref="fl-4b"/>
      </object_component>
      <object_component id="oc-8a6">
         <name>.debug_line</name>
         <load_address>0x1e685</load_address>
         <run_address>0x1e685</run_address>
         <size>0xb1</size>
         <input_file_ref idref="fl-4b"/>
      </object_component>
      <object_component id="oc-6b">
         <name>.debug_line</name>
         <load_address>0x1e736</load_address>
         <run_address>0x1e736</run_address>
         <size>0xb2</size>
         <input_file_ref idref="fl-4b"/>
      </object_component>
      <object_component id="oc-1914">
         <name>.debug_line</name>
         <load_address>0x1e7e8</load_address>
         <run_address>0x1e7e8</run_address>
         <size>0xb7</size>
         <input_file_ref idref="fl-4b"/>
      </object_component>
      <object_component id="oc-c91">
         <name>.debug_line</name>
         <load_address>0x1e89f</load_address>
         <run_address>0x1e89f</run_address>
         <size>0xc2</size>
         <input_file_ref idref="fl-4b"/>
      </object_component>
      <object_component id="oc-18f6">
         <name>.debug_line</name>
         <load_address>0x1e961</load_address>
         <run_address>0x1e961</run_address>
         <size>0xb1</size>
         <input_file_ref idref="fl-4b"/>
      </object_component>
      <object_component id="oc-452">
         <name>.debug_line</name>
         <load_address>0x1ea12</load_address>
         <run_address>0x1ea12</run_address>
         <size>0xb3</size>
         <input_file_ref idref="fl-4b"/>
      </object_component>
      <object_component id="oc-11eb">
         <name>.debug_line</name>
         <load_address>0x1eac5</load_address>
         <run_address>0x1eac5</run_address>
         <size>0xae</size>
         <input_file_ref idref="fl-4b"/>
      </object_component>
      <object_component id="oc-28f">
         <name>.debug_line</name>
         <load_address>0x1eb73</load_address>
         <run_address>0x1eb73</run_address>
         <size>0x9d</size>
         <input_file_ref idref="fl-4b"/>
      </object_component>
      <object_component id="oc-294">
         <name>.debug_line</name>
         <load_address>0x1ec10</load_address>
         <run_address>0x1ec10</run_address>
         <size>0x9c</size>
         <input_file_ref idref="fl-4b"/>
      </object_component>
      <object_component id="oc-1497">
         <name>.debug_line</name>
         <load_address>0x1ecac</load_address>
         <run_address>0x1ecac</run_address>
         <size>0x9c</size>
         <input_file_ref idref="fl-4b"/>
      </object_component>
      <object_component id="oc-28a">
         <name>.debug_line</name>
         <load_address>0x1ed48</load_address>
         <run_address>0x1ed48</run_address>
         <size>0xaa</size>
         <input_file_ref idref="fl-4b"/>
      </object_component>
      <object_component id="oc-1478">
         <name>.debug_line</name>
         <load_address>0x1edf2</load_address>
         <run_address>0x1edf2</run_address>
         <size>0x149</size>
         <input_file_ref idref="fl-4c"/>
      </object_component>
      <object_component id="oc-115a">
         <name>.debug_line</name>
         <load_address>0x1ef3b</load_address>
         <run_address>0x1ef3b</run_address>
         <size>0xae</size>
         <input_file_ref idref="fl-4c"/>
      </object_component>
      <object_component id="oc-d61">
         <name>.debug_line</name>
         <load_address>0x1efe9</load_address>
         <run_address>0x1efe9</run_address>
         <size>0xbd</size>
         <input_file_ref idref="fl-4c"/>
      </object_component>
      <object_component id="oc-22b">
         <name>.debug_line</name>
         <load_address>0x1f0a6</load_address>
         <run_address>0x1f0a6</run_address>
         <size>0xbb</size>
         <input_file_ref idref="fl-4c"/>
      </object_component>
      <object_component id="oc-271">
         <name>.debug_line</name>
         <load_address>0x1f161</load_address>
         <run_address>0x1f161</run_address>
         <size>0xb1</size>
         <input_file_ref idref="fl-4c"/>
      </object_component>
      <object_component id="oc-89c">
         <name>.debug_line</name>
         <load_address>0x1f212</load_address>
         <run_address>0x1f212</run_address>
         <size>0xc0</size>
         <input_file_ref idref="fl-4c"/>
      </object_component>
      <object_component id="oc-11f1">
         <name>.debug_line</name>
         <load_address>0x1f2d2</load_address>
         <run_address>0x1f2d2</run_address>
         <size>0xb4</size>
         <input_file_ref idref="fl-4c"/>
      </object_component>
      <object_component id="oc-1481">
         <name>.debug_line</name>
         <load_address>0x1f386</load_address>
         <run_address>0x1f386</run_address>
         <size>0x9c</size>
         <input_file_ref idref="fl-4c"/>
      </object_component>
      <object_component id="oc-147c">
         <name>.debug_line</name>
         <load_address>0x1f422</load_address>
         <run_address>0x1f422</run_address>
         <size>0xaa</size>
         <input_file_ref idref="fl-4c"/>
      </object_component>
      <object_component id="oc-13a6">
         <name>.debug_line</name>
         <load_address>0x1f4cc</load_address>
         <run_address>0x1f4cc</run_address>
         <size>0x1c7</size>
         <input_file_ref idref="fl-4d"/>
      </object_component>
      <object_component id="oc-18a0">
         <name>.debug_line</name>
         <load_address>0x1f693</load_address>
         <run_address>0x1f693</run_address>
         <size>0xc1</size>
         <input_file_ref idref="fl-4d"/>
      </object_component>
      <object_component id="oc-b88">
         <name>.debug_line</name>
         <load_address>0x1f754</load_address>
         <run_address>0x1f754</run_address>
         <size>0xaf</size>
         <input_file_ref idref="fl-4d"/>
      </object_component>
      <object_component id="oc-18e7">
         <name>.debug_line</name>
         <load_address>0x1f803</load_address>
         <run_address>0x1f803</run_address>
         <size>0xc1</size>
         <input_file_ref idref="fl-4d"/>
      </object_component>
      <object_component id="oc-1929">
         <name>.debug_line</name>
         <load_address>0x1f8c4</load_address>
         <run_address>0x1f8c4</run_address>
         <size>0xc6</size>
         <input_file_ref idref="fl-4d"/>
      </object_component>
      <object_component id="oc-189a">
         <name>.debug_line</name>
         <load_address>0x1f98a</load_address>
         <run_address>0x1f98a</run_address>
         <size>0xc8</size>
         <input_file_ref idref="fl-4d"/>
      </object_component>
      <object_component id="oc-1802">
         <name>.debug_line</name>
         <load_address>0x1fa52</load_address>
         <run_address>0x1fa52</run_address>
         <size>0xdb</size>
         <input_file_ref idref="fl-4d"/>
      </object_component>
      <object_component id="oc-17fc">
         <name>.debug_line</name>
         <load_address>0x1fb2d</load_address>
         <run_address>0x1fb2d</run_address>
         <size>0xc2</size>
         <input_file_ref idref="fl-4d"/>
      </object_component>
      <object_component id="oc-14b2">
         <name>.debug_line</name>
         <load_address>0x1fbef</load_address>
         <run_address>0x1fbef</run_address>
         <size>0xb1</size>
         <input_file_ref idref="fl-4d"/>
      </object_component>
      <object_component id="oc-13aa">
         <name>.debug_line</name>
         <load_address>0x1fca0</load_address>
         <run_address>0x1fca0</run_address>
         <size>0x9e</size>
         <input_file_ref idref="fl-4d"/>
      </object_component>
      <object_component id="oc-1001">
         <name>.debug_line</name>
         <load_address>0x1fd3e</load_address>
         <run_address>0x1fd3e</run_address>
         <size>0x9a</size>
         <input_file_ref idref="fl-4d"/>
      </object_component>
      <object_component id="oc-13a3">
         <name>.debug_line</name>
         <load_address>0x1fdd8</load_address>
         <run_address>0x1fdd8</run_address>
         <size>0xaa</size>
         <input_file_ref idref="fl-4d"/>
      </object_component>
      <object_component id="oc-191a">
         <name>.debug_line</name>
         <load_address>0x1fe82</load_address>
         <run_address>0x1fe82</run_address>
         <size>0x14b</size>
         <input_file_ref idref="fl-4f"/>
      </object_component>
      <object_component id="oc-18d8">
         <name>.debug_line</name>
         <load_address>0x1ffcd</load_address>
         <run_address>0x1ffcd</run_address>
         <size>0xc2</size>
         <input_file_ref idref="fl-4f"/>
      </object_component>
      <object_component id="oc-1923">
         <name>.debug_line</name>
         <load_address>0x2008f</load_address>
         <run_address>0x2008f</run_address>
         <size>0x9e</size>
         <input_file_ref idref="fl-4f"/>
      </object_component>
      <object_component id="oc-191e">
         <name>.debug_line</name>
         <load_address>0x2012d</load_address>
         <run_address>0x2012d</run_address>
         <size>0xaa</size>
         <input_file_ref idref="fl-4f"/>
      </object_component>
      <object_component id="oc-29">
         <name>.debug_line</name>
         <load_address>0x201d7</load_address>
         <run_address>0x201d7</run_address>
         <size>0x55</size>
         <input_file_ref idref="fl-50"/>
      </object_component>
      <object_component id="oc-60">
         <name>.debug_line</name>
         <load_address>0x2022c</load_address>
         <run_address>0x2022c</run_address>
         <size>0x8b</size>
         <input_file_ref idref="fl-51"/>
      </object_component>
      <object_component id="oc-122a">
         <name>.debug_line</name>
         <load_address>0x202b7</load_address>
         <run_address>0x202b7</run_address>
         <size>0x3b</size>
         <input_file_ref idref="fl-52"/>
      </object_component>
      <object_component id="oc-b2f">
         <name>.debug_line</name>
         <load_address>0x202f2</load_address>
         <run_address>0x202f2</run_address>
         <size>0x3e</size>
         <input_file_ref idref="fl-52"/>
      </object_component>
      <object_component id="oc-b11">
         <name>.debug_line</name>
         <load_address>0x20330</load_address>
         <run_address>0x20330</run_address>
         <size>0x3e</size>
         <input_file_ref idref="fl-52"/>
      </object_component>
      <object_component id="oc-ef9">
         <name>.debug_line</name>
         <load_address>0x2036e</load_address>
         <run_address>0x2036e</run_address>
         <size>0x47</size>
         <input_file_ref idref="fl-53"/>
      </object_component>
      <object_component id="oc-6a2">
         <name>.debug_line</name>
         <load_address>0x203b5</load_address>
         <run_address>0x203b5</run_address>
         <size>0x41</size>
         <input_file_ref idref="fl-53"/>
      </object_component>
      <object_component id="oc-6a8">
         <name>.debug_line</name>
         <load_address>0x203f6</load_address>
         <run_address>0x203f6</run_address>
         <size>0x99</size>
         <input_file_ref idref="fl-53"/>
      </object_component>
      <object_component id="oc-f2c">
         <name>.debug_line</name>
         <load_address>0x2048f</load_address>
         <run_address>0x2048f</run_address>
         <size>0x4a</size>
         <input_file_ref idref="fl-55"/>
      </object_component>
      <object_component id="oc-6b4">
         <name>.debug_line</name>
         <load_address>0x204d9</load_address>
         <run_address>0x204d9</run_address>
         <size>0x4a</size>
         <input_file_ref idref="fl-55"/>
      </object_component>
      <object_component id="oc-6c0">
         <name>.debug_line</name>
         <load_address>0x20523</load_address>
         <run_address>0x20523</run_address>
         <size>0x4d</size>
         <input_file_ref idref="fl-55"/>
      </object_component>
      <object_component id="oc-6ba">
         <name>.debug_line</name>
         <load_address>0x20570</load_address>
         <run_address>0x20570</run_address>
         <size>0x51</size>
         <input_file_ref idref="fl-55"/>
      </object_component>
      <object_component id="oc-b83">
         <name>.debug_line</name>
         <load_address>0x205c1</load_address>
         <run_address>0x205c1</run_address>
         <size>0x31</size>
         <input_file_ref idref="fl-56"/>
      </object_component>
      <object_component id="oc-b81">
         <name>.debug_line</name>
         <load_address>0x205f2</load_address>
         <run_address>0x205f2</run_address>
         <size>0x2a</size>
         <input_file_ref idref="fl-56"/>
      </object_component>
      <object_component id="oc-366">
         <name>.debug_line</name>
         <load_address>0x2061c</load_address>
         <run_address>0x2061c</run_address>
         <size>0x3f</size>
         <input_file_ref idref="fl-56"/>
      </object_component>
      <object_component id="oc-36c">
         <name>.debug_line</name>
         <load_address>0x2065b</load_address>
         <run_address>0x2065b</run_address>
         <size>0x3f</size>
         <input_file_ref idref="fl-56"/>
      </object_component>
      <object_component id="oc-6e8">
         <name>.debug_line</name>
         <load_address>0x2069a</load_address>
         <run_address>0x2069a</run_address>
         <size>0x3f</size>
         <input_file_ref idref="fl-56"/>
      </object_component>
      <object_component id="oc-6eb">
         <name>.debug_line</name>
         <load_address>0x206d9</load_address>
         <run_address>0x206d9</run_address>
         <size>0x3f</size>
         <input_file_ref idref="fl-56"/>
      </object_component>
      <object_component id="oc-6e3">
         <name>.debug_line</name>
         <load_address>0x20718</load_address>
         <run_address>0x20718</run_address>
         <size>0x44</size>
         <input_file_ref idref="fl-56"/>
      </object_component>
      <object_component id="oc-701">
         <name>.debug_line</name>
         <load_address>0x2075c</load_address>
         <run_address>0x2075c</run_address>
         <size>0x46</size>
         <input_file_ref idref="fl-56"/>
      </object_component>
      <object_component id="oc-6fb">
         <name>.debug_line</name>
         <load_address>0x207a2</load_address>
         <run_address>0x207a2</run_address>
         <size>0x46</size>
         <input_file_ref idref="fl-56"/>
      </object_component>
      <object_component id="oc-6f5">
         <name>.debug_line</name>
         <load_address>0x207e8</load_address>
         <run_address>0x207e8</run_address>
         <size>0x45</size>
         <input_file_ref idref="fl-56"/>
      </object_component>
      <object_component id="oc-712">
         <name>.debug_line</name>
         <load_address>0x2082d</load_address>
         <run_address>0x2082d</run_address>
         <size>0x46</size>
         <input_file_ref idref="fl-56"/>
      </object_component>
      <object_component id="oc-f89">
         <name>.debug_line</name>
         <load_address>0x20873</load_address>
         <run_address>0x20873</run_address>
         <size>0x3f</size>
         <input_file_ref idref="fl-56"/>
      </object_component>
      <object_component id="oc-b62">
         <name>.debug_line</name>
         <load_address>0x208b2</load_address>
         <run_address>0x208b2</run_address>
         <size>0x4c</size>
         <input_file_ref idref="fl-56"/>
      </object_component>
      <object_component id="oc-718">
         <name>.debug_line</name>
         <load_address>0x208fe</load_address>
         <run_address>0x208fe</run_address>
         <size>0x3f</size>
         <input_file_ref idref="fl-56"/>
      </object_component>
      <object_component id="oc-1750">
         <name>.debug_line</name>
         <load_address>0x2093d</load_address>
         <run_address>0x2093d</run_address>
         <size>0x31</size>
         <input_file_ref idref="fl-57"/>
      </object_component>
      <object_component id="oc-15d6">
         <name>.debug_line</name>
         <load_address>0x2096e</load_address>
         <run_address>0x2096e</run_address>
         <size>0x3e</size>
         <input_file_ref idref="fl-57"/>
      </object_component>
      <object_component id="oc-15af">
         <name>.debug_line</name>
         <load_address>0x209ac</load_address>
         <run_address>0x209ac</run_address>
         <size>0x3e</size>
         <input_file_ref idref="fl-57"/>
      </object_component>
      <object_component id="oc-15dc">
         <name>.debug_line</name>
         <load_address>0x209ea</load_address>
         <run_address>0x209ea</run_address>
         <size>0x3e</size>
         <input_file_ref idref="fl-57"/>
      </object_component>
      <object_component id="oc-15c7">
         <name>.debug_line</name>
         <load_address>0x20a28</load_address>
         <run_address>0x20a28</run_address>
         <size>0x44</size>
         <input_file_ref idref="fl-57"/>
      </object_component>
      <object_component id="oc-15c1">
         <name>.debug_line</name>
         <load_address>0x20a6c</load_address>
         <run_address>0x20a6c</run_address>
         <size>0x4a</size>
         <input_file_ref idref="fl-57"/>
      </object_component>
      <object_component id="oc-15b5">
         <name>.debug_line</name>
         <load_address>0x20ab6</load_address>
         <run_address>0x20ab6</run_address>
         <size>0x3e</size>
         <input_file_ref idref="fl-57"/>
      </object_component>
      <object_component id="oc-127c">
         <name>.debug_line</name>
         <load_address>0x20af4</load_address>
         <run_address>0x20af4</run_address>
         <size>0x3e</size>
         <input_file_ref idref="fl-57"/>
      </object_component>
      <object_component id="oc-15a9">
         <name>.debug_line</name>
         <load_address>0x20b32</load_address>
         <run_address>0x20b32</run_address>
         <size>0x3e</size>
         <input_file_ref idref="fl-57"/>
      </object_component>
      <object_component id="oc-15bb">
         <name>.debug_line</name>
         <load_address>0x20b70</load_address>
         <run_address>0x20b70</run_address>
         <size>0x3e</size>
         <input_file_ref idref="fl-57"/>
      </object_component>
      <object_component id="oc-155d">
         <name>.debug_line</name>
         <load_address>0x20bae</load_address>
         <run_address>0x20bae</run_address>
         <size>0x41</size>
         <input_file_ref idref="fl-57"/>
      </object_component>
      <object_component id="oc-1776">
         <name>.debug_line</name>
         <load_address>0x20bef</load_address>
         <run_address>0x20bef</run_address>
         <size>0x3e</size>
         <input_file_ref idref="fl-57"/>
      </object_component>
      <object_component id="oc-15a3">
         <name>.debug_line</name>
         <load_address>0x20c2d</load_address>
         <run_address>0x20c2d</run_address>
         <size>0x3e</size>
         <input_file_ref idref="fl-57"/>
      </object_component>
      <object_component id="oc-1569">
         <name>.debug_line</name>
         <load_address>0x20c6b</load_address>
         <run_address>0x20c6b</run_address>
         <size>0x3e</size>
         <input_file_ref idref="fl-57"/>
      </object_component>
      <object_component id="oc-12f8">
         <name>.debug_line</name>
         <load_address>0x20ca9</load_address>
         <run_address>0x20ca9</run_address>
         <size>0x3e</size>
         <input_file_ref idref="fl-57"/>
      </object_component>
      <object_component id="oc-1294">
         <name>.debug_line</name>
         <load_address>0x20ce7</load_address>
         <run_address>0x20ce7</run_address>
         <size>0x3e</size>
         <input_file_ref idref="fl-57"/>
      </object_component>
      <object_component id="oc-1276">
         <name>.debug_line</name>
         <load_address>0x20d25</load_address>
         <run_address>0x20d25</run_address>
         <size>0x3e</size>
         <input_file_ref idref="fl-57"/>
      </object_component>
      <object_component id="oc-1563">
         <name>.debug_line</name>
         <load_address>0x20d63</load_address>
         <run_address>0x20d63</run_address>
         <size>0x3e</size>
         <input_file_ref idref="fl-57"/>
      </object_component>
      <object_component id="oc-1239">
         <name>.debug_line</name>
         <load_address>0x20da1</load_address>
         <run_address>0x20da1</run_address>
         <size>0x56</size>
         <input_file_ref idref="fl-59"/>
      </object_component>
      <object_component id="oc-f15">
         <name>.debug_line</name>
         <load_address>0x20df7</load_address>
         <run_address>0x20df7</run_address>
         <size>0x4a</size>
         <input_file_ref idref="fl-59"/>
      </object_component>
      <object_component id="oc-f03">
         <name>.debug_line</name>
         <load_address>0x20e41</load_address>
         <run_address>0x20e41</run_address>
         <size>0x3e</size>
         <input_file_ref idref="fl-59"/>
      </object_component>
      <object_component id="oc-121e">
         <name>.debug_line</name>
         <load_address>0x20e7f</load_address>
         <run_address>0x20e7f</run_address>
         <size>0x4a</size>
         <input_file_ref idref="fl-59"/>
      </object_component>
      <object_component id="oc-f21">
         <name>.debug_line</name>
         <load_address>0x20ec9</load_address>
         <run_address>0x20ec9</run_address>
         <size>0xb3</size>
         <input_file_ref idref="fl-59"/>
      </object_component>
      <object_component id="oc-1224">
         <name>.debug_line</name>
         <load_address>0x20f7c</load_address>
         <run_address>0x20f7c</run_address>
         <size>0x3e</size>
         <input_file_ref idref="fl-59"/>
      </object_component>
      <object_component id="oc-6ae">
         <name>.debug_line</name>
         <load_address>0x20fba</load_address>
         <run_address>0x20fba</run_address>
         <size>0x3e</size>
         <input_file_ref idref="fl-59"/>
      </object_component>
      <object_component id="oc-f09">
         <name>.debug_line</name>
         <load_address>0x20ff8</load_address>
         <run_address>0x20ff8</run_address>
         <size>0x51</size>
         <input_file_ref idref="fl-59"/>
      </object_component>
      <object_component id="oc-f0f">
         <name>.debug_line</name>
         <load_address>0x21049</load_address>
         <run_address>0x21049</run_address>
         <size>0x40</size>
         <input_file_ref idref="fl-59"/>
      </object_component>
      <object_component id="oc-1233">
         <name>.debug_line</name>
         <load_address>0x21089</load_address>
         <run_address>0x21089</run_address>
         <size>0x4e</size>
         <input_file_ref idref="fl-59"/>
      </object_component>
      <object_component id="oc-f1b">
         <name>.debug_line</name>
         <load_address>0x210d7</load_address>
         <run_address>0x210d7</run_address>
         <size>0x78</size>
         <input_file_ref idref="fl-59"/>
      </object_component>
      <object_component id="oc-f27">
         <name>.debug_line</name>
         <load_address>0x2114f</load_address>
         <run_address>0x2114f</run_address>
         <size>0x46</size>
         <input_file_ref idref="fl-59"/>
      </object_component>
      <object_component id="oc-af2">
         <name>.debug_line</name>
         <load_address>0x21195</load_address>
         <run_address>0x21195</run_address>
         <size>0x9c</size>
         <input_file_ref idref="fl-59"/>
      </object_component>
      <object_component id="oc-332">
         <name>.debug_line</name>
         <load_address>0x21231</load_address>
         <run_address>0x21231</run_address>
         <size>0x3e</size>
         <input_file_ref idref="fl-59"/>
      </object_component>
      <object_component id="oc-f58">
         <name>.debug_line</name>
         <load_address>0x2126f</load_address>
         <run_address>0x2126f</run_address>
         <size>0x41</size>
         <input_file_ref idref="fl-5a"/>
      </object_component>
      <object_component id="oc-f4c">
         <name>.debug_line</name>
         <load_address>0x212b0</load_address>
         <run_address>0x212b0</run_address>
         <size>0x41</size>
         <input_file_ref idref="fl-5a"/>
      </object_component>
      <object_component id="oc-1783">
         <name>.debug_line</name>
         <load_address>0x212f1</load_address>
         <run_address>0x212f1</run_address>
         <size>0x31</size>
         <input_file_ref idref="fl-5e"/>
      </object_component>
      <object_component id="oc-1388">
         <name>.debug_line</name>
         <load_address>0x21322</load_address>
         <run_address>0x21322</run_address>
         <size>0x45</size>
         <input_file_ref idref="fl-5e"/>
      </object_component>
      <object_component id="oc-137f">
         <name>.debug_line</name>
         <load_address>0x21367</load_address>
         <run_address>0x21367</run_address>
         <size>0x45</size>
         <input_file_ref idref="fl-5e"/>
      </object_component>
      <object_component id="oc-1617">
         <name>.debug_line</name>
         <load_address>0x213ac</load_address>
         <run_address>0x213ac</run_address>
         <size>0x3f</size>
         <input_file_ref idref="fl-5e"/>
      </object_component>
      <object_component id="oc-160a">
         <name>.debug_line</name>
         <load_address>0x213eb</load_address>
         <run_address>0x213eb</run_address>
         <size>0x75</size>
         <input_file_ref idref="fl-5e"/>
      </object_component>
      <object_component id="oc-1386">
         <name>.debug_line</name>
         <load_address>0x21460</load_address>
         <run_address>0x21460</run_address>
         <size>0x3f</size>
         <input_file_ref idref="fl-5e"/>
      </object_component>
      <object_component id="oc-160f">
         <name>.debug_line</name>
         <load_address>0x2149f</load_address>
         <run_address>0x2149f</run_address>
         <size>0x3f</size>
         <input_file_ref idref="fl-5e"/>
      </object_component>
      <object_component id="oc-132b">
         <name>.debug_line</name>
         <load_address>0x214de</load_address>
         <run_address>0x214de</run_address>
         <size>0x40</size>
         <input_file_ref idref="fl-5e"/>
      </object_component>
      <object_component id="oc-1318">
         <name>.debug_line</name>
         <load_address>0x2151e</load_address>
         <run_address>0x2151e</run_address>
         <size>0x3f</size>
         <input_file_ref idref="fl-5e"/>
      </object_component>
      <object_component id="oc-130c">
         <name>.debug_line</name>
         <load_address>0x2155d</load_address>
         <run_address>0x2155d</run_address>
         <size>0x4a</size>
         <input_file_ref idref="fl-5e"/>
      </object_component>
      <object_component id="oc-1312">
         <name>.debug_line</name>
         <load_address>0x215a7</load_address>
         <run_address>0x215a7</run_address>
         <size>0x3f</size>
         <input_file_ref idref="fl-5e"/>
      </object_component>
      <object_component id="oc-f5f">
         <name>.debug_line</name>
         <load_address>0x215e6</load_address>
         <run_address>0x215e6</run_address>
         <size>0x40</size>
         <input_file_ref idref="fl-5f"/>
      </object_component>
      <object_component id="oc-f4f">
         <name>.debug_line</name>
         <load_address>0x21626</load_address>
         <run_address>0x21626</run_address>
         <size>0x42</size>
         <input_file_ref idref="fl-5f"/>
      </object_component>
      <object_component id="oc-e91">
         <name>.debug_line</name>
         <load_address>0x21668</load_address>
         <run_address>0x21668</run_address>
         <size>0x20</size>
         <input_file_ref idref="fl-115"/>
      </object_component>
      <object_component id="oc-a47">
         <name>.debug_line</name>
         <load_address>0x21688</load_address>
         <run_address>0x21688</run_address>
         <size>0x2b</size>
         <input_file_ref idref="fl-115"/>
      </object_component>
      <object_component id="oc-a44">
         <name>.debug_line</name>
         <load_address>0x216b3</load_address>
         <run_address>0x216b3</run_address>
         <size>0x68</size>
         <input_file_ref idref="fl-115"/>
      </object_component>
      <object_component id="oc-261">
         <name>.debug_line</name>
         <load_address>0x2171b</load_address>
         <run_address>0x2171b</run_address>
         <size>0x2b</size>
         <input_file_ref idref="fl-116"/>
      </object_component>
      <object_component id="oc-65">
         <name>.debug_line</name>
         <load_address>0x21746</load_address>
         <run_address>0x21746</run_address>
         <size>0x4a</size>
         <input_file_ref idref="fl-116"/>
      </object_component>
      <object_component id="oc-265">
         <name>.debug_line</name>
         <load_address>0x21790</load_address>
         <run_address>0x21790</run_address>
         <size>0x2b</size>
         <input_file_ref idref="fl-116"/>
      </object_component>
      <object_component id="oc-1e7">
         <name>.debug_line</name>
         <load_address>0x217bb</load_address>
         <run_address>0x217bb</run_address>
         <size>0x20</size>
         <input_file_ref idref="fl-117"/>
      </object_component>
      <object_component id="oc-18">
         <name>.debug_line</name>
         <load_address>0x217db</load_address>
         <run_address>0x217db</run_address>
         <size>0xa9</size>
         <input_file_ref idref="fl-117"/>
      </object_component>
      <object_component id="oc-3c">
         <name>.debug_line</name>
         <load_address>0x21884</load_address>
         <run_address>0x21884</run_address>
         <size>0x3a</size>
         <input_file_ref idref="fl-117"/>
      </object_component>
      <object_component id="oc-8c">
         <name>.debug_line</name>
         <load_address>0x218be</load_address>
         <run_address>0x218be</run_address>
         <size>0x8a</size>
         <input_file_ref idref="fl-117"/>
      </object_component>
      <object_component id="oc-96">
         <name>.debug_line</name>
         <load_address>0x21948</load_address>
         <run_address>0x21948</run_address>
         <size>0x8a</size>
         <input_file_ref idref="fl-118"/>
      </object_component>
      <object_component id="oc-1d">
         <name>.debug_line</name>
         <load_address>0x219d2</load_address>
         <run_address>0x219d2</run_address>
         <size>0x55</size>
         <input_file_ref idref="fl-118"/>
      </object_component>
      <object_component id="oc-4c">
         <name>.debug_line</name>
         <load_address>0x21a27</load_address>
         <run_address>0x21a27</run_address>
         <size>0x3a</size>
         <input_file_ref idref="fl-118"/>
      </object_component>
      <object_component id="oc-93">
         <name>.debug_line</name>
         <load_address>0x21a61</load_address>
         <run_address>0x21a61</run_address>
         <size>0x8a</size>
         <input_file_ref idref="fl-118"/>
      </object_component>
      <object_component id="oc-9e">
         <name>.debug_line</name>
         <load_address>0x21aeb</load_address>
         <run_address>0x21aeb</run_address>
         <size>0x8a</size>
         <input_file_ref idref="fl-119"/>
      </object_component>
      <object_component id="oc-24">
         <name>.debug_line</name>
         <load_address>0x21b75</load_address>
         <run_address>0x21b75</run_address>
         <size>0x4f</size>
         <input_file_ref idref="fl-119"/>
      </object_component>
      <object_component id="oc-58">
         <name>.debug_line</name>
         <load_address>0x21bc4</load_address>
         <run_address>0x21bc4</run_address>
         <size>0x34</size>
         <input_file_ref idref="fl-119"/>
      </object_component>
      <object_component id="oc-9b">
         <name>.debug_line</name>
         <load_address>0x21bf8</load_address>
         <run_address>0x21bf8</run_address>
         <size>0x8a</size>
         <input_file_ref idref="fl-119"/>
      </object_component>
      <object_component id="oc-30c">
         <name>.debug_line</name>
         <load_address>0x21c82</load_address>
         <run_address>0x21c82</run_address>
         <size>0x98</size>
         <input_file_ref idref="fl-11a"/>
      </object_component>
      <object_component id="oc-a0">
         <name>.debug_line</name>
         <load_address>0x21d1a</load_address>
         <run_address>0x21d1a</run_address>
         <size>0x68</size>
         <input_file_ref idref="fl-11a"/>
      </object_component>
      <object_component id="oc-310">
         <name>.debug_line</name>
         <load_address>0x21d82</load_address>
         <run_address>0x21d82</run_address>
         <size>0x2e</size>
         <input_file_ref idref="fl-11a"/>
      </object_component>
      <object_component id="oc-681">
         <name>.debug_line</name>
         <load_address>0x21db0</load_address>
         <run_address>0x21db0</run_address>
         <size>0x8a</size>
         <input_file_ref idref="fl-11a"/>
      </object_component>
      <object_component id="oc-315">
         <name>.debug_line</name>
         <load_address>0x21e3a</load_address>
         <run_address>0x21e3a</run_address>
         <size>0x8b</size>
         <input_file_ref idref="fl-11a"/>
      </object_component>
      <object_component id="oc-11a1">
         <name>.debug_line</name>
         <load_address>0x21ec5</load_address>
         <run_address>0x21ec5</run_address>
         <size>0x93</size>
         <input_file_ref idref="fl-11b"/>
      </object_component>
      <object_component id="oc-119f">
         <name>.debug_line</name>
         <load_address>0x21f58</load_address>
         <run_address>0x21f58</run_address>
         <size>0x2c</size>
         <input_file_ref idref="fl-11b"/>
      </object_component>
      <object_component id="oc-9d9">
         <name>.debug_line</name>
         <load_address>0x21f84</load_address>
         <run_address>0x21f84</run_address>
         <size>0x1f3</size>
         <input_file_ref idref="fl-11b"/>
      </object_component>
      <object_component id="oc-e75">
         <name>.debug_line</name>
         <load_address>0x22177</load_address>
         <run_address>0x22177</run_address>
         <size>0x8a</size>
         <input_file_ref idref="fl-11b"/>
      </object_component>
      <object_component id="oc-11a5">
         <name>.debug_line</name>
         <load_address>0x22201</load_address>
         <run_address>0x22201</run_address>
         <size>0x89</size>
         <input_file_ref idref="fl-11c"/>
      </object_component>
      <object_component id="oc-a20">
         <name>.debug_line</name>
         <load_address>0x2228a</load_address>
         <run_address>0x2228a</run_address>
         <size>0x132</size>
         <input_file_ref idref="fl-11c"/>
      </object_component>
      <object_component id="oc-149c">
         <name>.debug_line</name>
         <load_address>0x223bc</load_address>
         <run_address>0x223bc</run_address>
         <size>0x89</size>
         <input_file_ref idref="fl-11d"/>
      </object_component>
      <object_component id="oc-e63">
         <name>.debug_line</name>
         <load_address>0x22445</load_address>
         <run_address>0x22445</run_address>
         <size>0x4e</size>
         <input_file_ref idref="fl-11d"/>
      </object_component>
      <object_component id="oc-119d">
         <name>.debug_line</name>
         <load_address>0x22493</load_address>
         <run_address>0x22493</run_address>
         <size>0x2b</size>
         <input_file_ref idref="fl-11e"/>
      </object_component>
      <object_component id="oc-a4b">
         <name>.debug_line</name>
         <load_address>0x224be</load_address>
         <run_address>0x224be</run_address>
         <size>0xf2</size>
         <input_file_ref idref="fl-11f"/>
      </object_component>
      <object_component id="oc-a3f">
         <name>.debug_line</name>
         <load_address>0x225b0</load_address>
         <run_address>0x225b0</run_address>
         <size>0x2a</size>
         <input_file_ref idref="fl-11f"/>
      </object_component>
      <object_component id="oc-278">
         <name>.debug_line</name>
         <load_address>0x225da</load_address>
         <run_address>0x225da</run_address>
         <size>0x86</size>
         <input_file_ref idref="fl-11f"/>
      </object_component>
      <object_component id="oc-d07">
         <name>.debug_line</name>
         <load_address>0x22660</load_address>
         <run_address>0x22660</run_address>
         <size>0xd2</size>
         <input_file_ref idref="fl-120"/>
      </object_component>
      <object_component id="oc-ce3">
         <name>.debug_line</name>
         <load_address>0x22732</load_address>
         <run_address>0x22732</run_address>
         <size>0x77</size>
         <input_file_ref idref="fl-121"/>
      </object_component>
      <object_component id="oc-cf0">
         <name>.debug_line</name>
         <load_address>0x227a9</load_address>
         <run_address>0x227a9</run_address>
         <size>0x77</size>
         <input_file_ref idref="fl-121"/>
      </object_component>
      <object_component id="oc-ce8">
         <name>.debug_line</name>
         <load_address>0x22820</load_address>
         <run_address>0x22820</run_address>
         <size>0x8e</size>
         <input_file_ref idref="fl-122"/>
      </object_component>
      <object_component id="oc-a23">
         <name>.debug_line</name>
         <load_address>0x228ae</load_address>
         <run_address>0x228ae</run_address>
         <size>0x67</size>
         <input_file_ref idref="fl-123"/>
      </object_component>
      <object_component id="oc-40e">
         <name>.debug_line</name>
         <load_address>0x22915</load_address>
         <run_address>0x22915</run_address>
         <size>0x57</size>
         <input_file_ref idref="fl-124"/>
      </object_component>
      <object_component id="oc-47">
         <name>.debug_line</name>
         <load_address>0x2296c</load_address>
         <run_address>0x2296c</run_address>
         <size>0x88</size>
         <input_file_ref idref="fl-125"/>
      </object_component>
      <object_component id="oc-50">
         <name>.debug_line</name>
         <load_address>0x229f4</load_address>
         <run_address>0x229f4</run_address>
         <size>0x79</size>
         <input_file_ref idref="fl-126"/>
      </object_component>
      <object_component id="oc-14a0">
         <name>.debug_line</name>
         <load_address>0x22a6d</load_address>
         <run_address>0x22a6d</run_address>
         <size>0x93</size>
         <input_file_ref idref="fl-127"/>
      </object_component>
      <object_component id="oc-e66">
         <name>.debug_line</name>
         <load_address>0x22b00</load_address>
         <run_address>0x22b00</run_address>
         <size>0x94</size>
         <input_file_ref idref="fl-127"/>
      </object_component>
      <object_component id="oc-111e">
         <name>.debug_line</name>
         <load_address>0x22b94</load_address>
         <run_address>0x22b94</run_address>
         <size>0x8a</size>
         <input_file_ref idref="fl-127"/>
      </object_component>
      <object_component id="oc-d33">
         <name>.debug_line</name>
         <load_address>0x22c1e</load_address>
         <run_address>0x22c1e</run_address>
         <size>0x98</size>
         <input_file_ref idref="fl-128"/>
      </object_component>
      <object_component id="oc-414">
         <name>.debug_line</name>
         <load_address>0x22cb6</load_address>
         <run_address>0x22cb6</run_address>
         <size>0xa9</size>
         <input_file_ref idref="fl-128"/>
      </object_component>
      <object_component id="oc-84b">
         <name>.debug_line</name>
         <load_address>0x22d5f</load_address>
         <run_address>0x22d5f</run_address>
         <size>0x89</size>
         <input_file_ref idref="fl-128"/>
      </object_component>
      <object_component id="oc-850">
         <name>.debug_line</name>
         <load_address>0x22de8</load_address>
         <run_address>0x22de8</run_address>
         <size>0x2e</size>
         <input_file_ref idref="fl-128"/>
      </object_component>
      <object_component id="oc-c5">
         <name>.debug_line</name>
         <load_address>0x22e16</load_address>
         <run_address>0x22e16</run_address>
         <size>0x33</size>
         <input_file_ref idref="fl-129"/>
      </object_component>
      <object_component id="oc-d45">
         <name>.debug_line</name>
         <load_address>0x22e49</load_address>
         <run_address>0x22e49</run_address>
         <size>0x20</size>
         <input_file_ref idref="fl-12b"/>
      </object_component>
      <object_component id="oc-420">
         <name>.debug_line</name>
         <load_address>0x22e69</load_address>
         <run_address>0x22e69</run_address>
         <size>0xaa</size>
         <input_file_ref idref="fl-12b"/>
      </object_component>
      <object_component id="oc-13ef">
         <name>.debug_line</name>
         <load_address>0x22f13</load_address>
         <run_address>0x22f13</run_address>
         <size>0xff</size>
         <input_file_ref idref="fl-12c"/>
      </object_component>
      <object_component id="oc-13ed">
         <name>.debug_line</name>
         <load_address>0x23012</load_address>
         <run_address>0x23012</run_address>
         <size>0x2c</size>
         <input_file_ref idref="fl-12c"/>
      </object_component>
      <object_component id="oc-c79">
         <name>.debug_line</name>
         <load_address>0x2303e</load_address>
         <run_address>0x2303e</run_address>
         <size>0x255</size>
         <input_file_ref idref="fl-12c"/>
      </object_component>
      <object_component id="oc-109a">
         <name>.debug_line</name>
         <load_address>0x23293</load_address>
         <run_address>0x23293</run_address>
         <size>0x88</size>
         <input_file_ref idref="fl-12c"/>
      </object_component>
      <object_component id="oc-1095">
         <name>.debug_line</name>
         <load_address>0x2331b</load_address>
         <run_address>0x2331b</run_address>
         <size>0x2a</size>
         <input_file_ref idref="fl-12c"/>
      </object_component>
      <object_component id="oc-1689">
         <name>.debug_line</name>
         <load_address>0x23345</load_address>
         <run_address>0x23345</run_address>
         <size>0x20</size>
         <input_file_ref idref="fl-12d"/>
      </object_component>
      <object_component id="oc-1687">
         <name>.debug_line</name>
         <load_address>0x23365</load_address>
         <run_address>0x23365</run_address>
         <size>0x2c</size>
         <input_file_ref idref="fl-12d"/>
      </object_component>
      <object_component id="oc-1085">
         <name>.debug_line</name>
         <load_address>0x23391</load_address>
         <run_address>0x23391</run_address>
         <size>0x9d</size>
         <input_file_ref idref="fl-12d"/>
      </object_component>
      <object_component id="oc-16c1">
         <name>.debug_line</name>
         <load_address>0x2342e</load_address>
         <run_address>0x2342e</run_address>
         <size>0x5b</size>
         <input_file_ref idref="fl-12e"/>
      </object_component>
      <object_component id="oc-cdb">
         <name>.debug_line</name>
         <load_address>0x23489</load_address>
         <run_address>0x23489</run_address>
         <size>0x118</size>
         <input_file_ref idref="fl-12f"/>
      </object_component>
      <object_component id="oc-1132">
         <name>.debug_line</name>
         <load_address>0x235a1</load_address>
         <run_address>0x235a1</run_address>
         <size>0x16a</size>
         <input_file_ref idref="fl-130"/>
      </object_component>
      <object_component id="oc-844">
         <name>.debug_line</name>
         <load_address>0x2370b</load_address>
         <run_address>0x2370b</run_address>
         <size>0xc44</size>
         <input_file_ref idref="fl-130"/>
      </object_component>
      <object_component id="oc-d2b">
         <name>.debug_line</name>
         <load_address>0x2434f</load_address>
         <run_address>0x2434f</run_address>
         <size>0x8a</size>
         <input_file_ref idref="fl-130"/>
      </object_component>
      <object_component id="oc-1136">
         <name>.debug_line</name>
         <load_address>0x243d9</load_address>
         <run_address>0x243d9</run_address>
         <size>0x8a</size>
         <input_file_ref idref="fl-130"/>
      </object_component>
      <object_component id="oc-d30">
         <name>.debug_line</name>
         <load_address>0x24463</load_address>
         <run_address>0x24463</run_address>
         <size>0x2e</size>
         <input_file_ref idref="fl-130"/>
      </object_component>
      <object_component id="oc-146a">
         <name>.debug_line</name>
         <load_address>0x24491</load_address>
         <run_address>0x24491</run_address>
         <size>0x89</size>
         <input_file_ref idref="fl-131"/>
      </object_component>
      <object_component id="oc-d1b">
         <name>.debug_line</name>
         <load_address>0x2451a</load_address>
         <run_address>0x2451a</run_address>
         <size>0x63</size>
         <input_file_ref idref="fl-131"/>
      </object_component>
      <object_component id="oc-16b5">
         <name>.debug_line</name>
         <load_address>0x2457d</load_address>
         <run_address>0x2457d</run_address>
         <size>0x20</size>
         <input_file_ref idref="fl-132"/>
      </object_component>
      <object_component id="oc-1467">
         <name>.debug_line</name>
         <load_address>0x2459d</load_address>
         <run_address>0x2459d</run_address>
         <size>0x2b</size>
         <input_file_ref idref="fl-132"/>
      </object_component>
      <object_component id="oc-cea">
         <name>.debug_line</name>
         <load_address>0x245c8</load_address>
         <run_address>0x245c8</run_address>
         <size>0xa8</size>
         <input_file_ref idref="fl-133"/>
      </object_component>
      <object_component id="oc-cf4">
         <name>.debug_line</name>
         <load_address>0x24670</load_address>
         <run_address>0x24670</run_address>
         <size>0x5a</size>
         <input_file_ref idref="fl-134"/>
      </object_component>
      <object_component id="oc-17f5">
         <name>.debug_line</name>
         <load_address>0x246ca</load_address>
         <run_address>0x246ca</run_address>
         <size>0x3b</size>
         <input_file_ref idref="fl-135"/>
      </object_component>
      <object_component id="oc-d02">
         <name>.debug_line</name>
         <load_address>0x24705</load_address>
         <run_address>0x24705</run_address>
         <size>0x50</size>
         <input_file_ref idref="fl-136"/>
      </object_component>
      <object_component id="oc-145e">
         <name>.debug_line</name>
         <load_address>0x24755</load_address>
         <run_address>0x24755</run_address>
         <size>0x8a</size>
         <input_file_ref idref="fl-137"/>
      </object_component>
      <object_component id="oc-cfc">
         <name>.debug_line</name>
         <load_address>0x247df</load_address>
         <run_address>0x247df</run_address>
         <size>0x66</size>
         <input_file_ref idref="fl-137"/>
      </object_component>
      <object_component id="oc-146c">
         <name>.debug_line</name>
         <load_address>0x24845</load_address>
         <run_address>0x24845</run_address>
         <size>0x20</size>
         <input_file_ref idref="fl-138"/>
      </object_component>
      <object_component id="oc-d22">
         <name>.debug_line</name>
         <load_address>0x24865</load_address>
         <run_address>0x24865</run_address>
         <size>0x48</size>
         <input_file_ref idref="fl-138"/>
      </object_component>
      <object_component id="oc-16d2">
         <name>.debug_line</name>
         <load_address>0x248ad</load_address>
         <run_address>0x248ad</run_address>
         <size>0x20</size>
         <input_file_ref idref="fl-139"/>
      </object_component>
      <object_component id="oc-1198">
         <name>.debug_line</name>
         <load_address>0x248cd</load_address>
         <run_address>0x248cd</run_address>
         <size>0x43</size>
         <input_file_ref idref="fl-139"/>
      </object_component>
      <object_component id="oc-1460">
         <name>.debug_line</name>
         <load_address>0x24910</load_address>
         <run_address>0x24910</run_address>
         <size>0x20</size>
         <input_file_ref idref="fl-13a"/>
      </object_component>
      <object_component id="oc-d0c">
         <name>.debug_line</name>
         <load_address>0x24930</load_address>
         <run_address>0x24930</run_address>
         <size>0x5e</size>
         <input_file_ref idref="fl-13a"/>
      </object_component>
      <object_component id="oc-1463">
         <name>.debug_line</name>
         <load_address>0x2498e</load_address>
         <run_address>0x2498e</run_address>
         <size>0x93</size>
         <input_file_ref idref="fl-13b"/>
      </object_component>
      <object_component id="oc-d10">
         <name>.debug_line</name>
         <load_address>0x24a21</load_address>
         <run_address>0x24a21</run_address>
         <size>0xa1</size>
         <input_file_ref idref="fl-13b"/>
      </object_component>
      <object_component id="oc-1465">
         <name>.debug_line</name>
         <load_address>0x24ac2</load_address>
         <run_address>0x24ac2</run_address>
         <size>0x20</size>
         <input_file_ref idref="fl-13c"/>
      </object_component>
      <object_component id="oc-d19">
         <name>.debug_line</name>
         <load_address>0x24ae2</load_address>
         <run_address>0x24ae2</run_address>
         <size>0xa8</size>
         <input_file_ref idref="fl-13c"/>
      </object_component>
      <object_component id="oc-168b">
         <name>.debug_line</name>
         <load_address>0x24b8a</load_address>
         <run_address>0x24b8a</run_address>
         <size>0x20</size>
         <input_file_ref idref="fl-13d"/>
      </object_component>
      <object_component id="oc-108c">
         <name>.debug_line</name>
         <load_address>0x24baa</load_address>
         <run_address>0x24baa</run_address>
         <size>0xa0</size>
         <input_file_ref idref="fl-13d"/>
      </object_component>
      <object_component id="oc-1124">
         <name>.debug_line</name>
         <load_address>0x24c4a</load_address>
         <run_address>0x24c4a</run_address>
         <size>0x45</size>
         <input_file_ref idref="fl-13e"/>
      </object_component>
      <object_component id="oc-20e">
         <name>.debug_frame</name>
         <load_address>0x0</load_address>
         <run_address>0x0</run_address>
         <size>0x58</size>
         <input_file_ref idref="fl-2"/>
      </object_component>
      <object_component id="oc-208">
         <name>.debug_frame</name>
         <load_address>0x58</load_address>
         <run_address>0x58</run_address>
         <size>0x58</size>
         <input_file_ref idref="fl-2"/>
      </object_component>
      <object_component id="oc-b0">
         <name>.debug_frame</name>
         <load_address>0xb0</load_address>
         <run_address>0xb0</run_address>
         <size>0x61</size>
         <input_file_ref idref="fl-3"/>
      </object_component>
      <object_component id="oc-d8d">
         <name>.debug_frame</name>
         <load_address>0x111</load_address>
         <run_address>0x111</run_address>
         <size>0x60</size>
         <input_file_ref idref="fl-4"/>
      </object_component>
      <object_component id="oc-db9">
         <name>.debug_frame</name>
         <load_address>0x171</load_address>
         <run_address>0x171</run_address>
         <size>0x60</size>
         <input_file_ref idref="fl-4"/>
      </object_component>
      <object_component id="oc-dd7">
         <name>.debug_frame</name>
         <load_address>0x1d1</load_address>
         <run_address>0x1d1</run_address>
         <size>0x60</size>
         <input_file_ref idref="fl-4"/>
      </object_component>
      <object_component id="oc-dc5">
         <name>.debug_frame</name>
         <load_address>0x231</load_address>
         <run_address>0x231</run_address>
         <size>0x60</size>
         <input_file_ref idref="fl-4"/>
      </object_component>
      <object_component id="oc-e24">
         <name>.debug_frame</name>
         <load_address>0x291</load_address>
         <run_address>0x291</run_address>
         <size>0x64</size>
         <input_file_ref idref="fl-4"/>
      </object_component>
      <object_component id="oc-def">
         <name>.debug_frame</name>
         <load_address>0x2f5</load_address>
         <run_address>0x2f5</run_address>
         <size>0x60</size>
         <input_file_ref idref="fl-4"/>
      </object_component>
      <object_component id="oc-df5">
         <name>.debug_frame</name>
         <load_address>0x355</load_address>
         <run_address>0x355</run_address>
         <size>0x60</size>
         <input_file_ref idref="fl-4"/>
      </object_component>
      <object_component id="oc-e0d">
         <name>.debug_frame</name>
         <load_address>0x3b5</load_address>
         <run_address>0x3b5</run_address>
         <size>0x60</size>
         <input_file_ref idref="fl-4"/>
      </object_component>
      <object_component id="oc-e07">
         <name>.debug_frame</name>
         <load_address>0x415</load_address>
         <run_address>0x415</run_address>
         <size>0x60</size>
         <input_file_ref idref="fl-4"/>
      </object_component>
      <object_component id="oc-da5">
         <name>.debug_frame</name>
         <load_address>0x475</load_address>
         <run_address>0x475</run_address>
         <size>0x60</size>
         <input_file_ref idref="fl-4"/>
      </object_component>
      <object_component id="oc-e2a">
         <name>.debug_frame</name>
         <load_address>0x4d5</load_address>
         <run_address>0x4d5</run_address>
         <size>0x64</size>
         <input_file_ref idref="fl-4"/>
      </object_component>
      <object_component id="oc-94e">
         <name>.debug_frame</name>
         <load_address>0x539</load_address>
         <run_address>0x539</run_address>
         <size>0x64</size>
         <input_file_ref idref="fl-4"/>
      </object_component>
      <object_component id="oc-90b">
         <name>.debug_frame</name>
         <load_address>0x59d</load_address>
         <run_address>0x59d</run_address>
         <size>0x64</size>
         <input_file_ref idref="fl-4"/>
      </object_component>
      <object_component id="oc-905">
         <name>.debug_frame</name>
         <load_address>0x601</load_address>
         <run_address>0x601</run_address>
         <size>0x65</size>
         <input_file_ref idref="fl-4"/>
      </object_component>
      <object_component id="oc-8ce">
         <name>.debug_frame</name>
         <load_address>0x666</load_address>
         <run_address>0x666</run_address>
         <size>0x60</size>
         <input_file_ref idref="fl-4"/>
      </object_component>
      <object_component id="oc-ddc">
         <name>.debug_frame</name>
         <load_address>0x6c6</load_address>
         <run_address>0x6c6</run_address>
         <size>0x60</size>
         <input_file_ref idref="fl-4"/>
      </object_component>
      <object_component id="oc-917">
         <name>.debug_frame</name>
         <load_address>0x726</load_address>
         <run_address>0x726</run_address>
         <size>0x60</size>
         <input_file_ref idref="fl-4"/>
      </object_component>
      <object_component id="oc-923">
         <name>.debug_frame</name>
         <load_address>0x786</load_address>
         <run_address>0x786</run_address>
         <size>0x60</size>
         <input_file_ref idref="fl-4"/>
      </object_component>
      <object_component id="oc-911">
         <name>.debug_frame</name>
         <load_address>0x7e6</load_address>
         <run_address>0x7e6</run_address>
         <size>0x60</size>
         <input_file_ref idref="fl-4"/>
      </object_component>
      <object_component id="oc-91d">
         <name>.debug_frame</name>
         <load_address>0x846</load_address>
         <run_address>0x846</run_address>
         <size>0x60</size>
         <input_file_ref idref="fl-4"/>
      </object_component>
      <object_component id="oc-8e6">
         <name>.debug_frame</name>
         <load_address>0x8a6</load_address>
         <run_address>0x8a6</run_address>
         <size>0x60</size>
         <input_file_ref idref="fl-4"/>
      </object_component>
      <object_component id="oc-8f8">
         <name>.debug_frame</name>
         <load_address>0x906</load_address>
         <run_address>0x906</run_address>
         <size>0x60</size>
         <input_file_ref idref="fl-4"/>
      </object_component>
      <object_component id="oc-98b">
         <name>.debug_frame</name>
         <load_address>0x966</load_address>
         <run_address>0x966</run_address>
         <size>0x60</size>
         <input_file_ref idref="fl-4"/>
      </object_component>
      <object_component id="oc-8f2">
         <name>.debug_frame</name>
         <load_address>0x9c6</load_address>
         <run_address>0x9c6</run_address>
         <size>0x60</size>
         <input_file_ref idref="fl-4"/>
      </object_component>
      <object_component id="oc-8da">
         <name>.debug_frame</name>
         <load_address>0xa26</load_address>
         <run_address>0xa26</run_address>
         <size>0x60</size>
         <input_file_ref idref="fl-4"/>
      </object_component>
      <object_component id="oc-96d">
         <name>.debug_frame</name>
         <load_address>0xa86</load_address>
         <run_address>0xa86</run_address>
         <size>0x60</size>
         <input_file_ref idref="fl-4"/>
      </object_component>
      <object_component id="oc-991">
         <name>.debug_frame</name>
         <load_address>0xae6</load_address>
         <run_address>0xae6</run_address>
         <size>0x64</size>
         <input_file_ref idref="fl-4"/>
      </object_component>
      <object_component id="oc-997">
         <name>.debug_frame</name>
         <load_address>0xb4a</load_address>
         <run_address>0xb4a</run_address>
         <size>0x64</size>
         <input_file_ref idref="fl-4"/>
      </object_component>
      <object_component id="oc-99d">
         <name>.debug_frame</name>
         <load_address>0xbae</load_address>
         <run_address>0xbae</run_address>
         <size>0x64</size>
         <input_file_ref idref="fl-4"/>
      </object_component>
      <object_component id="oc-47c">
         <name>.debug_frame</name>
         <load_address>0xc12</load_address>
         <run_address>0xc12</run_address>
         <size>0x6d</size>
         <input_file_ref idref="fl-4"/>
      </object_component>
      <object_component id="oc-954">
         <name>.debug_frame</name>
         <load_address>0xc7f</load_address>
         <run_address>0xc7f</run_address>
         <size>0x60</size>
         <input_file_ref idref="fl-4"/>
      </object_component>
      <object_component id="oc-942">
         <name>.debug_frame</name>
         <load_address>0xcdf</load_address>
         <run_address>0xcdf</run_address>
         <size>0x60</size>
         <input_file_ref idref="fl-4"/>
      </object_component>
      <object_component id="oc-948">
         <name>.debug_frame</name>
         <load_address>0xd3f</load_address>
         <run_address>0xd3f</run_address>
         <size>0x60</size>
         <input_file_ref idref="fl-4"/>
      </object_component>
      <object_component id="oc-95a">
         <name>.debug_frame</name>
         <load_address>0xd9f</load_address>
         <run_address>0xd9f</run_address>
         <size>0x60</size>
         <input_file_ref idref="fl-4"/>
      </object_component>
      <object_component id="oc-930">
         <name>.debug_frame</name>
         <load_address>0xdff</load_address>
         <run_address>0xdff</run_address>
         <size>0x60</size>
         <input_file_ref idref="fl-4"/>
      </object_component>
      <object_component id="oc-93c">
         <name>.debug_frame</name>
         <load_address>0xe5f</load_address>
         <run_address>0xe5f</run_address>
         <size>0x60</size>
         <input_file_ref idref="fl-4"/>
      </object_component>
      <object_component id="oc-936">
         <name>.debug_frame</name>
         <load_address>0xebf</load_address>
         <run_address>0xebf</run_address>
         <size>0x60</size>
         <input_file_ref idref="fl-4"/>
      </object_component>
      <object_component id="oc-1181">
         <name>.debug_frame</name>
         <load_address>0xf1f</load_address>
         <run_address>0xf1f</run_address>
         <size>0x60</size>
         <input_file_ref idref="fl-4"/>
      </object_component>
      <object_component id="oc-e01">
         <name>.debug_frame</name>
         <load_address>0xf7f</load_address>
         <run_address>0xf7f</run_address>
         <size>0x61</size>
         <input_file_ref idref="fl-4"/>
      </object_component>
      <object_component id="oc-de9">
         <name>.debug_frame</name>
         <load_address>0xfe0</load_address>
         <run_address>0xfe0</run_address>
         <size>0x64</size>
         <input_file_ref idref="fl-4"/>
      </object_component>
      <object_component id="oc-dab">
         <name>.debug_frame</name>
         <load_address>0x1044</load_address>
         <run_address>0x1044</run_address>
         <size>0x69</size>
         <input_file_ref idref="fl-4"/>
      </object_component>
      <object_component id="oc-8c9">
         <name>.debug_frame</name>
         <load_address>0x10ad</load_address>
         <run_address>0x10ad</run_address>
         <size>0x61</size>
         <input_file_ref idref="fl-4"/>
      </object_component>
      <object_component id="oc-8e1">
         <name>.debug_frame</name>
         <load_address>0x110e</load_address>
         <run_address>0x110e</run_address>
         <size>0x60</size>
         <input_file_ref idref="fl-4"/>
      </object_component>
      <object_component id="oc-8ff">
         <name>.debug_frame</name>
         <load_address>0x116e</load_address>
         <run_address>0x116e</run_address>
         <size>0x60</size>
         <input_file_ref idref="fl-4"/>
      </object_component>
      <object_component id="oc-968">
         <name>.debug_frame</name>
         <load_address>0x11ce</load_address>
         <run_address>0x11ce</run_address>
         <size>0x60</size>
         <input_file_ref idref="fl-4"/>
      </object_component>
      <object_component id="oc-980">
         <name>.debug_frame</name>
         <load_address>0x122e</load_address>
         <run_address>0x122e</run_address>
         <size>0x60</size>
         <input_file_ref idref="fl-4"/>
      </object_component>
      <object_component id="oc-97a">
         <name>.debug_frame</name>
         <load_address>0x128e</load_address>
         <run_address>0x128e</run_address>
         <size>0x60</size>
         <input_file_ref idref="fl-4"/>
      </object_component>
      <object_component id="oc-974">
         <name>.debug_frame</name>
         <load_address>0x12ee</load_address>
         <run_address>0x12ee</run_address>
         <size>0x60</size>
         <input_file_ref idref="fl-4"/>
      </object_component>
      <object_component id="oc-8ed">
         <name>.debug_frame</name>
         <load_address>0x134e</load_address>
         <run_address>0x134e</run_address>
         <size>0x60</size>
         <input_file_ref idref="fl-4"/>
      </object_component>
      <object_component id="oc-9a8">
         <name>.debug_frame</name>
         <load_address>0x13ae</load_address>
         <run_address>0x13ae</run_address>
         <size>0x68</size>
         <input_file_ref idref="fl-4"/>
      </object_component>
      <object_component id="oc-48f">
         <name>.debug_frame</name>
         <load_address>0x1416</load_address>
         <run_address>0x1416</run_address>
         <size>0x68</size>
         <input_file_ref idref="fl-4"/>
      </object_component>
      <object_component id="oc-e39">
         <name>.debug_frame</name>
         <load_address>0x147e</load_address>
         <run_address>0x147e</run_address>
         <size>0x5c</size>
         <input_file_ref idref="fl-4"/>
      </object_component>
      <object_component id="oc-9ae">
         <name>.debug_frame</name>
         <load_address>0x14da</load_address>
         <run_address>0x14da</run_address>
         <size>0x60</size>
         <input_file_ref idref="fl-4"/>
      </object_component>
      <object_component id="oc-9b4">
         <name>.debug_frame</name>
         <load_address>0x153a</load_address>
         <run_address>0x153a</run_address>
         <size>0x60</size>
         <input_file_ref idref="fl-4"/>
      </object_component>
      <object_component id="oc-9ba">
         <name>.debug_frame</name>
         <load_address>0x159a</load_address>
         <run_address>0x159a</run_address>
         <size>0x64</size>
         <input_file_ref idref="fl-4"/>
      </object_component>
      <object_component id="oc-961">
         <name>.debug_frame</name>
         <load_address>0x15fe</load_address>
         <run_address>0x15fe</run_address>
         <size>0x6e</size>
         <input_file_ref idref="fl-4"/>
      </object_component>
      <object_component id="oc-dfb">
         <name>.debug_frame</name>
         <load_address>0x166c</load_address>
         <run_address>0x166c</run_address>
         <size>0x6d</size>
         <input_file_ref idref="fl-4"/>
      </object_component>
      <object_component id="oc-489">
         <name>.debug_frame</name>
         <load_address>0x16d9</load_address>
         <run_address>0x16d9</run_address>
         <size>0x68</size>
         <input_file_ref idref="fl-4"/>
      </object_component>
      <object_component id="oc-8b9">
         <name>.debug_frame</name>
         <load_address>0x1741</load_address>
         <run_address>0x1741</run_address>
         <size>0x5c</size>
         <input_file_ref idref="fl-4"/>
      </object_component>
      <object_component id="oc-dbf">
         <name>.debug_frame</name>
         <load_address>0x179d</load_address>
         <run_address>0x179d</run_address>
         <size>0x60</size>
         <input_file_ref idref="fl-4"/>
      </object_component>
      <object_component id="oc-dd1">
         <name>.debug_frame</name>
         <load_address>0x17fd</load_address>
         <run_address>0x17fd</run_address>
         <size>0x60</size>
         <input_file_ref idref="fl-4"/>
      </object_component>
      <object_component id="oc-dcb">
         <name>.debug_frame</name>
         <load_address>0x185d</load_address>
         <run_address>0x185d</run_address>
         <size>0x60</size>
         <input_file_ref idref="fl-4"/>
      </object_component>
      <object_component id="oc-db3">
         <name>.debug_frame</name>
         <load_address>0x18bd</load_address>
         <run_address>0x18bd</run_address>
         <size>0x60</size>
         <input_file_ref idref="fl-4"/>
      </object_component>
      <object_component id="oc-de3">
         <name>.debug_frame</name>
         <load_address>0x191d</load_address>
         <run_address>0x191d</run_address>
         <size>0x60</size>
         <input_file_ref idref="fl-4"/>
      </object_component>
      <object_component id="oc-8c3">
         <name>.debug_frame</name>
         <load_address>0x197d</load_address>
         <run_address>0x197d</run_address>
         <size>0x60</size>
         <input_file_ref idref="fl-4"/>
      </object_component>
      <object_component id="oc-8d5">
         <name>.debug_frame</name>
         <load_address>0x19dd</load_address>
         <run_address>0x19dd</run_address>
         <size>0x69</size>
         <input_file_ref idref="fl-4"/>
      </object_component>
      <object_component id="oc-495">
         <name>.debug_frame</name>
         <load_address>0x1a46</load_address>
         <run_address>0x1a46</run_address>
         <size>0x60</size>
         <input_file_ref idref="fl-4"/>
      </object_component>
      <object_component id="oc-477">
         <name>.debug_frame</name>
         <load_address>0x1aa6</load_address>
         <run_address>0x1aa6</run_address>
         <size>0x6d</size>
         <input_file_ref idref="fl-4"/>
      </object_component>
      <object_component id="oc-8b3">
         <name>.debug_frame</name>
         <load_address>0x1b13</load_address>
         <run_address>0x1b13</run_address>
         <size>0x51</size>
         <input_file_ref idref="fl-5"/>
      </object_component>
      <object_component id="oc-d86">
         <name>.debug_frame</name>
         <load_address>0x1b64</load_address>
         <run_address>0x1b64</run_address>
         <size>0x5c</size>
         <input_file_ref idref="fl-5"/>
      </object_component>
      <object_component id="oc-d80">
         <name>.debug_frame</name>
         <load_address>0x1bc0</load_address>
         <run_address>0x1bc0</run_address>
         <size>0x5c</size>
         <input_file_ref idref="fl-5"/>
      </object_component>
      <object_component id="oc-d7a">
         <name>.debug_frame</name>
         <load_address>0x1c1c</load_address>
         <run_address>0x1c1c</run_address>
         <size>0x5c</size>
         <input_file_ref idref="fl-5"/>
      </object_component>
      <object_component id="oc-d74">
         <name>.debug_frame</name>
         <load_address>0x1c78</load_address>
         <run_address>0x1c78</run_address>
         <size>0x5c</size>
         <input_file_ref idref="fl-5"/>
      </object_component>
      <object_component id="oc-92b">
         <name>.debug_frame</name>
         <load_address>0x1cd4</load_address>
         <run_address>0x1cd4</run_address>
         <size>0x60</size>
         <input_file_ref idref="fl-5"/>
      </object_component>
      <object_component id="oc-471">
         <name>.debug_frame</name>
         <load_address>0x1d34</load_address>
         <run_address>0x1d34</run_address>
         <size>0x6e</size>
         <input_file_ref idref="fl-5"/>
      </object_component>
      <object_component id="oc-46b">
         <name>.debug_frame</name>
         <load_address>0x1da2</load_address>
         <run_address>0x1da2</run_address>
         <size>0x5c</size>
         <input_file_ref idref="fl-5"/>
      </object_component>
      <object_component id="oc-244">
         <name>.debug_frame</name>
         <load_address>0x1dfe</load_address>
         <run_address>0x1dfe</run_address>
         <size>0x6a</size>
         <input_file_ref idref="fl-6"/>
      </object_component>
      <object_component id="oc-24c">
         <name>.debug_frame</name>
         <load_address>0x1e68</load_address>
         <run_address>0x1e68</run_address>
         <size>0x65</size>
         <input_file_ref idref="fl-6"/>
      </object_component>
      <object_component id="oc-254">
         <name>.debug_frame</name>
         <load_address>0x1ecd</load_address>
         <run_address>0x1ecd</run_address>
         <size>0x6b</size>
         <input_file_ref idref="fl-7"/>
      </object_component>
      <object_component id="oc-a0f">
         <name>.debug_frame</name>
         <load_address>0x1f38</load_address>
         <run_address>0x1f38</run_address>
         <size>0x99</size>
         <input_file_ref idref="fl-8"/>
      </object_component>
      <object_component id="oc-4ca">
         <name>.debug_frame</name>
         <load_address>0x1fd1</load_address>
         <run_address>0x1fd1</run_address>
         <size>0x61</size>
         <input_file_ref idref="fl-8"/>
      </object_component>
      <object_component id="oc-4e8">
         <name>.debug_frame</name>
         <load_address>0x2032</load_address>
         <run_address>0x2032</run_address>
         <size>0x66</size>
         <input_file_ref idref="fl-8"/>
      </object_component>
      <object_component id="oc-4c4">
         <name>.debug_frame</name>
         <load_address>0x2098</load_address>
         <run_address>0x2098</run_address>
         <size>0x66</size>
         <input_file_ref idref="fl-8"/>
      </object_component>
      <object_component id="oc-4be">
         <name>.debug_frame</name>
         <load_address>0x20fe</load_address>
         <run_address>0x20fe</run_address>
         <size>0x61</size>
         <input_file_ref idref="fl-8"/>
      </object_component>
      <object_component id="oc-4ee">
         <name>.debug_frame</name>
         <load_address>0x215f</load_address>
         <run_address>0x215f</run_address>
         <size>0x66</size>
         <input_file_ref idref="fl-8"/>
      </object_component>
      <object_component id="oc-4e2">
         <name>.debug_frame</name>
         <load_address>0x21c5</load_address>
         <run_address>0x21c5</run_address>
         <size>0x7b</size>
         <input_file_ref idref="fl-8"/>
      </object_component>
      <object_component id="oc-4b8">
         <name>.debug_frame</name>
         <load_address>0x2240</load_address>
         <run_address>0x2240</run_address>
         <size>0x81</size>
         <input_file_ref idref="fl-8"/>
      </object_component>
      <object_component id="oc-500">
         <name>.debug_frame</name>
         <load_address>0x22c1</load_address>
         <run_address>0x22c1</run_address>
         <size>0x59</size>
         <input_file_ref idref="fl-8"/>
      </object_component>
      <object_component id="oc-190b">
         <name>.debug_frame</name>
         <load_address>0x231a</load_address>
         <run_address>0x231a</run_address>
         <size>0x5c</size>
         <input_file_ref idref="fl-c"/>
      </object_component>
      <object_component id="oc-459">
         <name>.debug_frame</name>
         <load_address>0x2376</load_address>
         <run_address>0x2376</run_address>
         <size>0x6a</size>
         <input_file_ref idref="fl-c"/>
      </object_component>
      <object_component id="oc-16c9">
         <name>.debug_frame</name>
         <load_address>0x23e0</load_address>
         <run_address>0x23e0</run_address>
         <size>0x69</size>
         <input_file_ref idref="fl-c"/>
      </object_component>
      <object_component id="oc-18ca">
         <name>.debug_frame</name>
         <load_address>0x2449</load_address>
         <run_address>0x2449</run_address>
         <size>0x6a</size>
         <input_file_ref idref="fl-c"/>
      </object_component>
      <object_component id="oc-7f3">
         <name>.debug_frame</name>
         <load_address>0x24b3</load_address>
         <run_address>0x24b3</run_address>
         <size>0x51</size>
         <input_file_ref idref="fl-c"/>
      </object_component>
      <object_component id="oc-52a">
         <name>.debug_frame</name>
         <load_address>0x2504</load_address>
         <run_address>0x2504</run_address>
         <size>0x51</size>
         <input_file_ref idref="fl-c"/>
      </object_component>
      <object_component id="oc-11b7">
         <name>.debug_frame</name>
         <load_address>0x2555</load_address>
         <run_address>0x2555</run_address>
         <size>0x5c</size>
         <input_file_ref idref="fl-c"/>
      </object_component>
      <object_component id="oc-11b1">
         <name>.debug_frame</name>
         <load_address>0x25b1</load_address>
         <run_address>0x25b1</run_address>
         <size>0x5e</size>
         <input_file_ref idref="fl-c"/>
      </object_component>
      <object_component id="oc-11bd">
         <name>.debug_frame</name>
         <load_address>0x260f</load_address>
         <run_address>0x260f</run_address>
         <size>0x58</size>
         <input_file_ref idref="fl-c"/>
      </object_component>
      <object_component id="oc-7fb">
         <name>.debug_frame</name>
         <load_address>0x2667</load_address>
         <run_address>0x2667</run_address>
         <size>0x5c</size>
         <input_file_ref idref="fl-c"/>
      </object_component>
      <object_component id="oc-75">
         <name>.debug_frame</name>
         <load_address>0x26c3</load_address>
         <run_address>0x26c3</run_address>
         <size>0x58</size>
         <input_file_ref idref="fl-c"/>
      </object_component>
      <object_component id="oc-321">
         <name>.debug_frame</name>
         <load_address>0x271b</load_address>
         <run_address>0x271b</run_address>
         <size>0x5c</size>
         <input_file_ref idref="fl-c"/>
      </object_component>
      <object_component id="oc-10f7">
         <name>.debug_frame</name>
         <load_address>0x2777</load_address>
         <run_address>0x2777</run_address>
         <size>0x51</size>
         <input_file_ref idref="fl-c"/>
      </object_component>
      <object_component id="oc-142a">
         <name>.debug_frame</name>
         <load_address>0x27c8</load_address>
         <run_address>0x27c8</run_address>
         <size>0x51</size>
         <input_file_ref idref="fl-c"/>
      </object_component>
      <object_component id="oc-10d6">
         <name>.debug_frame</name>
         <load_address>0x2819</load_address>
         <run_address>0x2819</run_address>
         <size>0x51</size>
         <input_file_ref idref="fl-c"/>
      </object_component>
      <object_component id="oc-1423">
         <name>.debug_frame</name>
         <load_address>0x286a</load_address>
         <run_address>0x286a</run_address>
         <size>0x51</size>
         <input_file_ref idref="fl-c"/>
      </object_component>
      <object_component id="oc-10d0">
         <name>.debug_frame</name>
         <load_address>0x28bb</load_address>
         <run_address>0x28bb</run_address>
         <size>0x58</size>
         <input_file_ref idref="fl-c"/>
      </object_component>
      <object_component id="oc-cb6">
         <name>.debug_frame</name>
         <load_address>0x2913</load_address>
         <run_address>0x2913</run_address>
         <size>0x58</size>
         <input_file_ref idref="fl-c"/>
      </object_component>
      <object_component id="oc-cbd">
         <name>.debug_frame</name>
         <load_address>0x296b</load_address>
         <run_address>0x296b</run_address>
         <size>0x58</size>
         <input_file_ref idref="fl-c"/>
      </object_component>
      <object_component id="oc-17db">
         <name>.debug_frame</name>
         <load_address>0x29c3</load_address>
         <run_address>0x29c3</run_address>
         <size>0x58</size>
         <input_file_ref idref="fl-c"/>
      </object_component>
      <object_component id="oc-10ff">
         <name>.debug_frame</name>
         <load_address>0x2a1b</load_address>
         <run_address>0x2a1b</run_address>
         <size>0x58</size>
         <input_file_ref idref="fl-c"/>
      </object_component>
      <object_component id="oc-811">
         <name>.debug_frame</name>
         <load_address>0x2a73</load_address>
         <run_address>0x2a73</run_address>
         <size>0x58</size>
         <input_file_ref idref="fl-c"/>
      </object_component>
      <object_component id="oc-c98">
         <name>.debug_frame</name>
         <load_address>0x2acb</load_address>
         <run_address>0x2acb</run_address>
         <size>0x58</size>
         <input_file_ref idref="fl-c"/>
      </object_component>
      <object_component id="oc-80b">
         <name>.debug_frame</name>
         <load_address>0x2b23</load_address>
         <run_address>0x2b23</run_address>
         <size>0x58</size>
         <input_file_ref idref="fl-c"/>
      </object_component>
      <object_component id="oc-14eb">
         <name>.debug_frame</name>
         <load_address>0x2b7b</load_address>
         <run_address>0x2b7b</run_address>
         <size>0x58</size>
         <input_file_ref idref="fl-c"/>
      </object_component>
      <object_component id="oc-14e5">
         <name>.debug_frame</name>
         <load_address>0x2bd3</load_address>
         <run_address>0x2bd3</run_address>
         <size>0x5c</size>
         <input_file_ref idref="fl-c"/>
      </object_component>
      <object_component id="oc-14df">
         <name>.debug_frame</name>
         <load_address>0x2c2f</load_address>
         <run_address>0x2c2f</run_address>
         <size>0x5e</size>
         <input_file_ref idref="fl-c"/>
      </object_component>
      <object_component id="oc-114f">
         <name>.debug_frame</name>
         <load_address>0x2c8d</load_address>
         <run_address>0x2c8d</run_address>
         <size>0x58</size>
         <input_file_ref idref="fl-c"/>
      </object_component>
      <object_component id="oc-1149">
         <name>.debug_frame</name>
         <load_address>0x2ce5</load_address>
         <run_address>0x2ce5</run_address>
         <size>0x5c</size>
         <input_file_ref idref="fl-c"/>
      </object_component>
      <object_component id="oc-1143">
         <name>.debug_frame</name>
         <load_address>0x2d41</load_address>
         <run_address>0x2d41</run_address>
         <size>0x5e</size>
         <input_file_ref idref="fl-c"/>
      </object_component>
      <object_component id="oc-10c2">
         <name>.debug_frame</name>
         <load_address>0x2d9f</load_address>
         <run_address>0x2d9f</run_address>
         <size>0x58</size>
         <input_file_ref idref="fl-c"/>
      </object_component>
      <object_component id="oc-10bc">
         <name>.debug_frame</name>
         <load_address>0x2df7</load_address>
         <run_address>0x2df7</run_address>
         <size>0x5c</size>
         <input_file_ref idref="fl-c"/>
      </object_component>
      <object_component id="oc-10b6">
         <name>.debug_frame</name>
         <load_address>0x2e53</load_address>
         <run_address>0x2e53</run_address>
         <size>0x5e</size>
         <input_file_ref idref="fl-c"/>
      </object_component>
      <object_component id="oc-c57">
         <name>.debug_frame</name>
         <load_address>0x2eb1</load_address>
         <run_address>0x2eb1</run_address>
         <size>0x58</size>
         <input_file_ref idref="fl-c"/>
      </object_component>
      <object_component id="oc-c00">
         <name>.debug_frame</name>
         <load_address>0x2f09</load_address>
         <run_address>0x2f09</run_address>
         <size>0x58</size>
         <input_file_ref idref="fl-c"/>
      </object_component>
      <object_component id="oc-226">
         <name>.debug_frame</name>
         <load_address>0x2f61</load_address>
         <run_address>0x2f61</run_address>
         <size>0x64</size>
         <input_file_ref idref="fl-c"/>
      </object_component>
      <object_component id="oc-150c">
         <name>.debug_frame</name>
         <load_address>0x2fc5</load_address>
         <run_address>0x2fc5</run_address>
         <size>0x51</size>
         <input_file_ref idref="fl-c"/>
      </object_component>
      <object_component id="oc-220">
         <name>.debug_frame</name>
         <load_address>0x3016</load_address>
         <run_address>0x3016</run_address>
         <size>0x51</size>
         <input_file_ref idref="fl-c"/>
      </object_component>
      <object_component id="oc-1512">
         <name>.debug_frame</name>
         <load_address>0x3067</load_address>
         <run_address>0x3067</run_address>
         <size>0x51</size>
         <input_file_ref idref="fl-c"/>
      </object_component>
      <object_component id="oc-ebe">
         <name>.debug_frame</name>
         <load_address>0x30b8</load_address>
         <run_address>0x30b8</run_address>
         <size>0x58</size>
         <input_file_ref idref="fl-c"/>
      </object_component>
      <object_component id="oc-1502">
         <name>.debug_frame</name>
         <load_address>0x3110</load_address>
         <run_address>0x3110</run_address>
         <size>0x51</size>
         <input_file_ref idref="fl-c"/>
      </object_component>
      <object_component id="oc-ec4">
         <name>.debug_frame</name>
         <load_address>0x3161</load_address>
         <run_address>0x3161</run_address>
         <size>0x58</size>
         <input_file_ref idref="fl-c"/>
      </object_component>
      <object_component id="oc-1760">
         <name>.debug_frame</name>
         <load_address>0x31b9</load_address>
         <run_address>0x31b9</run_address>
         <size>0x58</size>
         <input_file_ref idref="fl-c"/>
      </object_component>
      <object_component id="oc-1578">
         <name>.debug_frame</name>
         <load_address>0x3211</load_address>
         <run_address>0x3211</run_address>
         <size>0x51</size>
         <input_file_ref idref="fl-c"/>
      </object_component>
      <object_component id="oc-21a">
         <name>.debug_frame</name>
         <load_address>0x3262</load_address>
         <run_address>0x3262</run_address>
         <size>0x60</size>
         <input_file_ref idref="fl-c"/>
      </object_component>
      <object_component id="oc-1597">
         <name>.debug_frame</name>
         <load_address>0x32c2</load_address>
         <run_address>0x32c2</run_address>
         <size>0x60</size>
         <input_file_ref idref="fl-c"/>
      </object_component>
      <object_component id="oc-1591">
         <name>.debug_frame</name>
         <load_address>0x3322</load_address>
         <run_address>0x3322</run_address>
         <size>0x51</size>
         <input_file_ref idref="fl-c"/>
      </object_component>
      <object_component id="oc-17ef">
         <name>.debug_frame</name>
         <load_address>0x3373</load_address>
         <run_address>0x3373</run_address>
         <size>0x58</size>
         <input_file_ref idref="fl-c"/>
      </object_component>
      <object_component id="oc-16bb">
         <name>.debug_frame</name>
         <load_address>0x33cb</load_address>
         <run_address>0x33cb</run_address>
         <size>0x51</size>
         <input_file_ref idref="fl-c"/>
      </object_component>
      <object_component id="oc-77c">
         <name>.debug_frame</name>
         <load_address>0x341c</load_address>
         <run_address>0x341c</run_address>
         <size>0x5e</size>
         <input_file_ref idref="fl-c"/>
      </object_component>
      <object_component id="oc-c16">
         <name>.debug_frame</name>
         <load_address>0x347a</load_address>
         <run_address>0x347a</run_address>
         <size>0x51</size>
         <input_file_ref idref="fl-c"/>
      </object_component>
      <object_component id="oc-1788">
         <name>.debug_frame</name>
         <load_address>0x34cb</load_address>
         <run_address>0x34cb</run_address>
         <size>0x58</size>
         <input_file_ref idref="fl-c"/>
      </object_component>
      <object_component id="oc-15e9">
         <name>.debug_frame</name>
         <load_address>0x3523</load_address>
         <run_address>0x3523</run_address>
         <size>0x51</size>
         <input_file_ref idref="fl-c"/>
      </object_component>
      <object_component id="oc-15fc">
         <name>.debug_frame</name>
         <load_address>0x3574</load_address>
         <run_address>0x3574</run_address>
         <size>0x62</size>
         <input_file_ref idref="fl-c"/>
      </object_component>
      <object_component id="oc-14fa">
         <name>.debug_frame</name>
         <load_address>0x35d6</load_address>
         <run_address>0x35d6</run_address>
         <size>0x51</size>
         <input_file_ref idref="fl-c"/>
      </object_component>
      <object_component id="oc-14f4">
         <name>.debug_frame</name>
         <load_address>0x3627</load_address>
         <run_address>0x3627</run_address>
         <size>0x51</size>
         <input_file_ref idref="fl-c"/>
      </object_component>
      <object_component id="oc-15f6">
         <name>.debug_frame</name>
         <load_address>0x3678</load_address>
         <run_address>0x3678</run_address>
         <size>0x51</size>
         <input_file_ref idref="fl-c"/>
      </object_component>
      <object_component id="oc-ac5">
         <name>.debug_frame</name>
         <load_address>0x36c9</load_address>
         <run_address>0x36c9</run_address>
         <size>0x51</size>
         <input_file_ref idref="fl-c"/>
      </object_component>
      <object_component id="oc-16f5">
         <name>.debug_frame</name>
         <load_address>0x371a</load_address>
         <run_address>0x371a</run_address>
         <size>0x51</size>
         <input_file_ref idref="fl-c"/>
      </object_component>
      <object_component id="oc-16ef">
         <name>.debug_frame</name>
         <load_address>0x376b</load_address>
         <run_address>0x376b</run_address>
         <size>0x51</size>
         <input_file_ref idref="fl-c"/>
      </object_component>
      <object_component id="oc-b4a">
         <name>.debug_frame</name>
         <load_address>0x37bc</load_address>
         <run_address>0x37bc</run_address>
         <size>0x51</size>
         <input_file_ref idref="fl-c"/>
      </object_component>
      <object_component id="oc-1528">
         <name>.debug_frame</name>
         <load_address>0x380d</load_address>
         <run_address>0x380d</run_address>
         <size>0x51</size>
         <input_file_ref idref="fl-c"/>
      </object_component>
      <object_component id="oc-ec9">
         <name>.debug_frame</name>
         <load_address>0x385e</load_address>
         <run_address>0x385e</run_address>
         <size>0x58</size>
         <input_file_ref idref="fl-c"/>
      </object_component>
      <object_component id="oc-440">
         <name>.debug_frame</name>
         <load_address>0x38b6</load_address>
         <run_address>0x38b6</run_address>
         <size>0x5e</size>
         <input_file_ref idref="fl-c"/>
      </object_component>
      <object_component id="oc-43a">
         <name>.debug_frame</name>
         <load_address>0x3914</load_address>
         <run_address>0x3914</run_address>
         <size>0x51</size>
         <input_file_ref idref="fl-c"/>
      </object_component>
      <object_component id="oc-1758">
         <name>.debug_frame</name>
         <load_address>0x3965</load_address>
         <run_address>0x3965</run_address>
         <size>0x58</size>
         <input_file_ref idref="fl-c"/>
      </object_component>
      <object_component id="oc-1570">
         <name>.debug_frame</name>
         <load_address>0x39bd</load_address>
         <run_address>0x39bd</run_address>
         <size>0x51</size>
         <input_file_ref idref="fl-c"/>
      </object_component>
      <object_component id="oc-b50">
         <name>.debug_frame</name>
         <load_address>0x3a0e</load_address>
         <run_address>0x3a0e</run_address>
         <size>0x66</size>
         <input_file_ref idref="fl-c"/>
      </object_component>
      <object_component id="oc-151e">
         <name>.debug_frame</name>
         <load_address>0x3a74</load_address>
         <run_address>0x3a74</run_address>
         <size>0x51</size>
         <input_file_ref idref="fl-c"/>
      </object_component>
      <object_component id="oc-4dc">
         <name>.debug_frame</name>
         <load_address>0x3ac5</load_address>
         <run_address>0x3ac5</run_address>
         <size>0x8b</size>
         <input_file_ref idref="fl-1b"/>
      </object_component>
      <object_component id="oc-4b2">
         <name>.debug_frame</name>
         <load_address>0x3b50</load_address>
         <run_address>0x3b50</run_address>
         <size>0x7f</size>
         <input_file_ref idref="fl-1c"/>
      </object_component>
      <object_component id="oc-4fa">
         <name>.debug_frame</name>
         <load_address>0x3bcf</load_address>
         <run_address>0x3bcf</run_address>
         <size>0x9c</size>
         <input_file_ref idref="fl-1d"/>
      </object_component>
      <object_component id="oc-4d6">
         <name>.debug_frame</name>
         <load_address>0x3c6b</load_address>
         <run_address>0x3c6b</run_address>
         <size>0x9a</size>
         <input_file_ref idref="fl-1e"/>
      </object_component>
      <object_component id="oc-9e0">
         <name>.debug_frame</name>
         <load_address>0x3d05</load_address>
         <run_address>0x3d05</run_address>
         <size>0x8a</size>
         <input_file_ref idref="fl-1f"/>
      </object_component>
      <object_component id="oc-4d0">
         <name>.debug_frame</name>
         <load_address>0x3d8f</load_address>
         <run_address>0x3d8f</run_address>
         <size>0x8b</size>
         <input_file_ref idref="fl-20"/>
      </object_component>
      <object_component id="oc-4f4">
         <name>.debug_frame</name>
         <load_address>0x3e1a</load_address>
         <run_address>0x3e1a</run_address>
         <size>0x8e</size>
         <input_file_ref idref="fl-21"/>
      </object_component>
      <object_component id="oc-1168">
         <name>.debug_frame</name>
         <load_address>0x3ea8</load_address>
         <run_address>0x3ea8</run_address>
         <size>0x86</size>
         <input_file_ref idref="fl-22"/>
      </object_component>
      <object_component id="oc-44d">
         <name>.debug_frame</name>
         <load_address>0x3f2e</load_address>
         <run_address>0x3f2e</run_address>
         <size>0x86</size>
         <input_file_ref idref="fl-22"/>
      </object_component>
      <object_component id="oc-353">
         <name>.debug_frame</name>
         <load_address>0x3fb4</load_address>
         <run_address>0x3fb4</run_address>
         <size>0x8a</size>
         <input_file_ref idref="fl-22"/>
      </object_component>
      <object_component id="oc-447">
         <name>.debug_frame</name>
         <load_address>0x403e</load_address>
         <run_address>0x403e</run_address>
         <size>0x86</size>
         <input_file_ref idref="fl-22"/>
      </object_component>
      <object_component id="oc-426">
         <name>.debug_frame</name>
         <load_address>0x40c4</load_address>
         <run_address>0x40c4</run_address>
         <size>0x86</size>
         <input_file_ref idref="fl-26"/>
      </object_component>
      <object_component id="oc-465">
         <name>.debug_frame</name>
         <load_address>0x414a</load_address>
         <run_address>0x414a</run_address>
         <size>0x86</size>
         <input_file_ref idref="fl-26"/>
      </object_component>
      <object_component id="oc-35a">
         <name>.debug_frame</name>
         <load_address>0x41d0</load_address>
         <run_address>0x41d0</run_address>
         <size>0x8a</size>
         <input_file_ref idref="fl-26"/>
      </object_component>
      <object_component id="oc-45f">
         <name>.debug_frame</name>
         <load_address>0x425a</load_address>
         <run_address>0x425a</run_address>
         <size>0x86</size>
         <input_file_ref idref="fl-26"/>
      </object_component>
      <object_component id="oc-214">
         <name>.debug_frame</name>
         <load_address>0x42e0</load_address>
         <run_address>0x42e0</run_address>
         <size>0x8e</size>
         <input_file_ref idref="fl-29"/>
      </object_component>
      <object_component id="oc-340">
         <name>.debug_frame</name>
         <load_address>0x436e</load_address>
         <run_address>0x436e</run_address>
         <size>0x9b</size>
         <input_file_ref idref="fl-29"/>
      </object_component>
      <object_component id="oc-346">
         <name>.debug_frame</name>
         <load_address>0x4409</load_address>
         <run_address>0x4409</run_address>
         <size>0x92</size>
         <input_file_ref idref="fl-29"/>
      </object_component>
      <object_component id="oc-202">
         <name>.debug_frame</name>
         <load_address>0x449b</load_address>
         <run_address>0x449b</run_address>
         <size>0x8a</size>
         <input_file_ref idref="fl-29"/>
      </object_component>
      <object_component id="oc-725">
         <name>.debug_frame</name>
         <load_address>0x4525</load_address>
         <run_address>0x4525</run_address>
         <size>0x8e</size>
         <input_file_ref idref="fl-29"/>
      </object_component>
      <object_component id="oc-129b">
         <name>.debug_frame</name>
         <load_address>0x45b3</load_address>
         <run_address>0x45b3</run_address>
         <size>0x90</size>
         <input_file_ref idref="fl-2a"/>
      </object_component>
      <object_component id="oc-12d5">
         <name>.debug_frame</name>
         <load_address>0x4643</load_address>
         <run_address>0x4643</run_address>
         <size>0x8e</size>
         <input_file_ref idref="fl-2a"/>
      </object_component>
      <object_component id="oc-12e1">
         <name>.debug_frame</name>
         <load_address>0x46d1</load_address>
         <run_address>0x46d1</run_address>
         <size>0x7f</size>
         <input_file_ref idref="fl-2a"/>
      </object_component>
      <object_component id="oc-12f3">
         <name>.debug_frame</name>
         <load_address>0x4750</load_address>
         <run_address>0x4750</run_address>
         <size>0x8e</size>
         <input_file_ref idref="fl-2a"/>
      </object_component>
      <object_component id="oc-faf">
         <name>.debug_frame</name>
         <load_address>0x47de</load_address>
         <run_address>0x47de</run_address>
         <size>0x92</size>
         <input_file_ref idref="fl-2a"/>
      </object_component>
      <object_component id="oc-f97">
         <name>.debug_frame</name>
         <load_address>0x4870</load_address>
         <run_address>0x4870</run_address>
         <size>0x8a</size>
         <input_file_ref idref="fl-2a"/>
      </object_component>
      <object_component id="oc-fa9">
         <name>.debug_frame</name>
         <load_address>0x48fa</load_address>
         <run_address>0x48fa</run_address>
         <size>0x9b</size>
         <input_file_ref idref="fl-2a"/>
      </object_component>
      <object_component id="oc-fa3">
         <name>.debug_frame</name>
         <load_address>0x4995</load_address>
         <run_address>0x4995</run_address>
         <size>0x7f</size>
         <input_file_ref idref="fl-2a"/>
      </object_component>
      <object_component id="oc-f9d">
         <name>.debug_frame</name>
         <load_address>0x4a14</load_address>
         <run_address>0x4a14</run_address>
         <size>0x7f</size>
         <input_file_ref idref="fl-2a"/>
      </object_component>
      <object_component id="oc-f91">
         <name>.debug_frame</name>
         <load_address>0x4a93</load_address>
         <run_address>0x4a93</run_address>
         <size>0x93</size>
         <input_file_ref idref="fl-2a"/>
      </object_component>
      <object_component id="oc-15ce">
         <name>.debug_frame</name>
         <load_address>0x4b26</load_address>
         <run_address>0x4b26</run_address>
         <size>0x8e</size>
         <input_file_ref idref="fl-2a"/>
      </object_component>
      <object_component id="oc-12db">
         <name>.debug_frame</name>
         <load_address>0x4bb4</load_address>
         <run_address>0x4bb4</run_address>
         <size>0x9e</size>
         <input_file_ref idref="fl-2a"/>
      </object_component>
      <object_component id="oc-12aa">
         <name>.debug_frame</name>
         <load_address>0x4c52</load_address>
         <run_address>0x4c52</run_address>
         <size>0x8a</size>
         <input_file_ref idref="fl-2b"/>
      </object_component>
      <object_component id="oc-f43">
         <name>.debug_frame</name>
         <load_address>0x4cdc</load_address>
         <run_address>0x4cdc</run_address>
         <size>0x8a</size>
         <input_file_ref idref="fl-2b"/>
      </object_component>
      <object_component id="oc-b26">
         <name>.debug_frame</name>
         <load_address>0x4d66</load_address>
         <run_address>0x4d66</run_address>
         <size>0x9f</size>
         <input_file_ref idref="fl-2b"/>
      </object_component>
      <object_component id="oc-b20">
         <name>.debug_frame</name>
         <load_address>0x4e05</load_address>
         <run_address>0x4e05</run_address>
         <size>0x7f</size>
         <input_file_ref idref="fl-2b"/>
      </object_component>
      <object_component id="oc-12b3">
         <name>.debug_frame</name>
         <load_address>0x4e84</load_address>
         <run_address>0x4e84</run_address>
         <size>0x8a</size>
         <input_file_ref idref="fl-2b"/>
      </object_component>
      <object_component id="oc-127f">
         <name>.debug_frame</name>
         <load_address>0x4f0e</load_address>
         <run_address>0x4f0e</run_address>
         <size>0x86</size>
         <input_file_ref idref="fl-2b"/>
      </object_component>
      <object_component id="oc-12bf">
         <name>.debug_frame</name>
         <load_address>0x4f94</load_address>
         <run_address>0x4f94</run_address>
         <size>0x86</size>
         <input_file_ref idref="fl-2b"/>
      </object_component>
      <object_component id="oc-329">
         <name>.debug_frame</name>
         <load_address>0x501a</load_address>
         <run_address>0x501a</run_address>
         <size>0x93</size>
         <input_file_ref idref="fl-2b"/>
      </object_component>
      <object_component id="oc-1f8">
         <name>.debug_frame</name>
         <load_address>0x50ad</load_address>
         <run_address>0x50ad</run_address>
         <size>0x8a</size>
         <input_file_ref idref="fl-2b"/>
      </object_component>
      <object_component id="oc-1887">
         <name>.debug_frame</name>
         <load_address>0x5137</load_address>
         <run_address>0x5137</run_address>
         <size>0x86</size>
         <input_file_ref idref="fl-2b"/>
      </object_component>
      <object_component id="oc-1285">
         <name>.debug_frame</name>
         <load_address>0x51bd</load_address>
         <run_address>0x51bd</run_address>
         <size>0x7f</size>
         <input_file_ref idref="fl-2b"/>
      </object_component>
      <object_component id="oc-12ba">
         <name>.debug_frame</name>
         <load_address>0x523c</load_address>
         <run_address>0x523c</run_address>
         <size>0x7f</size>
         <input_file_ref idref="fl-2b"/>
      </object_component>
      <object_component id="oc-128c">
         <name>.debug_frame</name>
         <load_address>0x52bb</load_address>
         <run_address>0x52bb</run_address>
         <size>0x7f</size>
         <input_file_ref idref="fl-2b"/>
      </object_component>
      <object_component id="oc-135e">
         <name>.debug_frame</name>
         <load_address>0x533a</load_address>
         <run_address>0x533a</run_address>
         <size>0x7f</size>
         <input_file_ref idref="fl-2f"/>
      </object_component>
      <object_component id="oc-136a">
         <name>.debug_frame</name>
         <load_address>0x53b9</load_address>
         <run_address>0x53b9</run_address>
         <size>0x7f</size>
         <input_file_ref idref="fl-2f"/>
      </object_component>
      <object_component id="oc-1364">
         <name>.debug_frame</name>
         <load_address>0x5438</load_address>
         <run_address>0x5438</run_address>
         <size>0x7f</size>
         <input_file_ref idref="fl-2f"/>
      </object_component>
      <object_component id="oc-1334">
         <name>.debug_frame</name>
         <load_address>0x54b7</load_address>
         <run_address>0x54b7</run_address>
         <size>0x8a</size>
         <input_file_ref idref="fl-2f"/>
      </object_component>
      <object_component id="oc-134c">
         <name>.debug_frame</name>
         <load_address>0x5541</load_address>
         <run_address>0x5541</run_address>
         <size>0x92</size>
         <input_file_ref idref="fl-2f"/>
      </object_component>
      <object_component id="oc-1352">
         <name>.debug_frame</name>
         <load_address>0x55d3</load_address>
         <run_address>0x55d3</run_address>
         <size>0x8e</size>
         <input_file_ref idref="fl-2f"/>
      </object_component>
      <object_component id="oc-1649">
         <name>.debug_frame</name>
         <load_address>0x5661</load_address>
         <run_address>0x5661</run_address>
         <size>0x92</size>
         <input_file_ref idref="fl-2f"/>
      </object_component>
      <object_component id="oc-163d">
         <name>.debug_frame</name>
         <load_address>0x56f3</load_address>
         <run_address>0x56f3</run_address>
         <size>0x8e</size>
         <input_file_ref idref="fl-2f"/>
      </object_component>
      <object_component id="oc-1631">
         <name>.debug_frame</name>
         <load_address>0x5781</load_address>
         <run_address>0x5781</run_address>
         <size>0x8f</size>
         <input_file_ref idref="fl-2f"/>
      </object_component>
      <object_component id="oc-fea">
         <name>.debug_frame</name>
         <load_address>0x5810</load_address>
         <run_address>0x5810</run_address>
         <size>0x8e</size>
         <input_file_ref idref="fl-2f"/>
      </object_component>
      <object_component id="oc-fe4">
         <name>.debug_frame</name>
         <load_address>0x589e</load_address>
         <run_address>0x589e</run_address>
         <size>0x96</size>
         <input_file_ref idref="fl-2f"/>
      </object_component>
      <object_component id="oc-fd8">
         <name>.debug_frame</name>
         <load_address>0x5934</load_address>
         <run_address>0x5934</run_address>
         <size>0x92</size>
         <input_file_ref idref="fl-2f"/>
      </object_component>
      <object_component id="oc-fba">
         <name>.debug_frame</name>
         <load_address>0x59c6</load_address>
         <run_address>0x59c6</run_address>
         <size>0x8b</size>
         <input_file_ref idref="fl-2f"/>
      </object_component>
      <object_component id="oc-fcc">
         <name>.debug_frame</name>
         <load_address>0x5a51</load_address>
         <run_address>0x5a51</run_address>
         <size>0x9b</size>
         <input_file_ref idref="fl-2f"/>
      </object_component>
      <object_component id="oc-fc6">
         <name>.debug_frame</name>
         <load_address>0x5aec</load_address>
         <run_address>0x5aec</run_address>
         <size>0x7f</size>
         <input_file_ref idref="fl-2f"/>
      </object_component>
      <object_component id="oc-fc0">
         <name>.debug_frame</name>
         <load_address>0x5b6b</load_address>
         <run_address>0x5b6b</run_address>
         <size>0x96</size>
         <input_file_ref idref="fl-2f"/>
      </object_component>
      <object_component id="oc-fd2">
         <name>.debug_frame</name>
         <load_address>0x5c01</load_address>
         <run_address>0x5c01</run_address>
         <size>0x92</size>
         <input_file_ref idref="fl-2f"/>
      </object_component>
      <object_component id="oc-fde">
         <name>.debug_frame</name>
         <load_address>0x5c93</load_address>
         <run_address>0x5c93</run_address>
         <size>0x8a</size>
         <input_file_ref idref="fl-2f"/>
      </object_component>
      <object_component id="oc-ff0">
         <name>.debug_frame</name>
         <load_address>0x5d1d</load_address>
         <run_address>0x5d1d</run_address>
         <size>0x92</size>
         <input_file_ref idref="fl-2f"/>
      </object_component>
      <object_component id="oc-162b">
         <name>.debug_frame</name>
         <load_address>0x5daf</load_address>
         <run_address>0x5daf</run_address>
         <size>0x8e</size>
         <input_file_ref idref="fl-2f"/>
      </object_component>
      <object_component id="oc-1637">
         <name>.debug_frame</name>
         <load_address>0x5e3d</load_address>
         <run_address>0x5e3d</run_address>
         <size>0x92</size>
         <input_file_ref idref="fl-2f"/>
      </object_component>
      <object_component id="oc-1621">
         <name>.debug_frame</name>
         <load_address>0x5ecf</load_address>
         <run_address>0x5ecf</run_address>
         <size>0x8f</size>
         <input_file_ref idref="fl-2f"/>
      </object_component>
      <object_component id="oc-1358">
         <name>.debug_frame</name>
         <load_address>0x5f5e</load_address>
         <run_address>0x5f5e</run_address>
         <size>0x92</size>
         <input_file_ref idref="fl-2f"/>
      </object_component>
      <object_component id="oc-1643">
         <name>.debug_frame</name>
         <load_address>0x5ff0</load_address>
         <run_address>0x5ff0</run_address>
         <size>0x8e</size>
         <input_file_ref idref="fl-2f"/>
      </object_component>
      <object_component id="oc-157d">
         <name>.debug_frame</name>
         <load_address>0x607e</load_address>
         <run_address>0x607e</run_address>
         <size>0x7f</size>
         <input_file_ref idref="fl-31"/>
      </object_component>
      <object_component id="oc-1586">
         <name>.debug_frame</name>
         <load_address>0x60fd</load_address>
         <run_address>0x60fd</run_address>
         <size>0x8a</size>
         <input_file_ref idref="fl-31"/>
      </object_component>
      <object_component id="oc-1244">
         <name>.debug_frame</name>
         <load_address>0x6187</load_address>
         <run_address>0x6187</run_address>
         <size>0x7f</size>
         <input_file_ref idref="fl-31"/>
      </object_component>
      <object_component id="oc-123e">
         <name>.debug_frame</name>
         <load_address>0x6206</load_address>
         <run_address>0x6206</run_address>
         <size>0x7f</size>
         <input_file_ref idref="fl-31"/>
      </object_component>
      <object_component id="oc-17b2">
         <name>.debug_frame</name>
         <load_address>0x6285</load_address>
         <run_address>0x6285</run_address>
         <size>0x8e</size>
         <input_file_ref idref="fl-32"/>
      </object_component>
      <object_component id="oc-1326">
         <name>.debug_frame</name>
         <load_address>0x6313</load_address>
         <run_address>0x6313</run_address>
         <size>0x8a</size>
         <input_file_ref idref="fl-32"/>
      </object_component>
      <object_component id="oc-137a">
         <name>.debug_frame</name>
         <load_address>0x639d</load_address>
         <run_address>0x639d</run_address>
         <size>0x8e</size>
         <input_file_ref idref="fl-32"/>
      </object_component>
      <object_component id="oc-1343">
         <name>.debug_frame</name>
         <load_address>0x642b</load_address>
         <run_address>0x642b</run_address>
         <size>0x7f</size>
         <input_file_ref idref="fl-32"/>
      </object_component>
      <object_component id="oc-6c7">
         <name>.debug_frame</name>
         <load_address>0x64aa</load_address>
         <run_address>0x64aa</run_address>
         <size>0x8e</size>
         <input_file_ref idref="fl-36"/>
      </object_component>
      <object_component id="oc-6db">
         <name>.debug_frame</name>
         <load_address>0x6538</load_address>
         <run_address>0x6538</run_address>
         <size>0x8a</size>
         <input_file_ref idref="fl-36"/>
      </object_component>
      <object_component id="oc-6d5">
         <name>.debug_frame</name>
         <load_address>0x65c2</load_address>
         <run_address>0x65c2</run_address>
         <size>0x7f</size>
         <input_file_ref idref="fl-36"/>
      </object_component>
      <object_component id="oc-17bf">
         <name>.debug_frame</name>
         <load_address>0x6641</load_address>
         <run_address>0x6641</run_address>
         <size>0x86</size>
         <input_file_ref idref="fl-3a"/>
      </object_component>
      <object_component id="oc-17b9">
         <name>.debug_frame</name>
         <load_address>0x66c7</load_address>
         <run_address>0x66c7</run_address>
         <size>0x86</size>
         <input_file_ref idref="fl-3a"/>
      </object_component>
      <object_component id="oc-131f">
         <name>.debug_frame</name>
         <load_address>0x674d</load_address>
         <run_address>0x674d</run_address>
         <size>0x86</size>
         <input_file_ref idref="fl-3a"/>
      </object_component>
      <object_component id="oc-1340">
         <name>.debug_frame</name>
         <load_address>0x67d3</load_address>
         <run_address>0x67d3</run_address>
         <size>0x90</size>
         <input_file_ref idref="fl-3a"/>
      </object_component>
      <object_component id="oc-133a">
         <name>.debug_frame</name>
         <load_address>0x6863</load_address>
         <run_address>0x6863</run_address>
         <size>0x7f</size>
         <input_file_ref idref="fl-3a"/>
      </object_component>
      <object_component id="oc-361">
         <name>.debug_frame</name>
         <load_address>0x68e2</load_address>
         <run_address>0x68e2</run_address>
         <size>0x7f</size>
         <input_file_ref idref="fl-3b"/>
      </object_component>
      <object_component id="oc-12a2">
         <name>.debug_frame</name>
         <load_address>0x6961</load_address>
         <run_address>0x6961</run_address>
         <size>0x86</size>
         <input_file_ref idref="fl-3b"/>
      </object_component>
      <object_component id="oc-70d">
         <name>.debug_frame</name>
         <load_address>0x69e7</load_address>
         <run_address>0x69e7</run_address>
         <size>0x92</size>
         <input_file_ref idref="fl-3b"/>
      </object_component>
      <object_component id="oc-707">
         <name>.debug_frame</name>
         <load_address>0x6a79</load_address>
         <run_address>0x6a79</run_address>
         <size>0x7f</size>
         <input_file_ref idref="fl-3b"/>
      </object_component>
      <object_component id="oc-12ff">
         <name>.debug_frame</name>
         <load_address>0x6af8</load_address>
         <run_address>0x6af8</run_address>
         <size>0x86</size>
         <input_file_ref idref="fl-3c"/>
      </object_component>
      <object_component id="oc-12ed">
         <name>.debug_frame</name>
         <load_address>0x6b7e</load_address>
         <run_address>0x6b7e</run_address>
         <size>0x86</size>
         <input_file_ref idref="fl-3c"/>
      </object_component>
      <object_component id="oc-12a8">
         <name>.debug_frame</name>
         <load_address>0x6c04</load_address>
         <run_address>0x6c04</run_address>
         <size>0x86</size>
         <input_file_ref idref="fl-3c"/>
      </object_component>
      <object_component id="oc-12cf">
         <name>.debug_frame</name>
         <load_address>0x6c8a</load_address>
         <run_address>0x6c8a</run_address>
         <size>0x90</size>
         <input_file_ref idref="fl-3c"/>
      </object_component>
      <object_component id="oc-12c9">
         <name>.debug_frame</name>
         <load_address>0x6d1a</load_address>
         <run_address>0x6d1a</run_address>
         <size>0x7f</size>
         <input_file_ref idref="fl-3c"/>
      </object_component>
      <object_component id="oc-b1e">
         <name>.debug_frame</name>
         <load_address>0x6d99</load_address>
         <run_address>0x6d99</run_address>
         <size>0x51</size>
         <input_file_ref idref="fl-3d"/>
      </object_component>
      <object_component id="oc-1079">
         <name>.debug_frame</name>
         <load_address>0x6dea</load_address>
         <run_address>0x6dea</run_address>
         <size>0x65</size>
         <input_file_ref idref="fl-3d"/>
      </object_component>
      <object_component id="oc-c1c">
         <name>.debug_frame</name>
         <load_address>0x6e4f</load_address>
         <run_address>0x6e4f</run_address>
         <size>0x58</size>
         <input_file_ref idref="fl-3d"/>
      </object_component>
      <object_component id="oc-144c">
         <name>.debug_frame</name>
         <load_address>0x6ea7</load_address>
         <run_address>0x6ea7</run_address>
         <size>0x51</size>
         <input_file_ref idref="fl-3d"/>
      </object_component>
      <object_component id="oc-87d">
         <name>.debug_frame</name>
         <load_address>0x6ef8</load_address>
         <run_address>0x6ef8</run_address>
         <size>0x5c</size>
         <input_file_ref idref="fl-3d"/>
      </object_component>
      <object_component id="oc-9ce">
         <name>.debug_frame</name>
         <load_address>0x6f54</load_address>
         <run_address>0x6f54</run_address>
         <size>0x58</size>
         <input_file_ref idref="fl-3d"/>
      </object_component>
      <object_component id="oc-cc3">
         <name>.debug_frame</name>
         <load_address>0x6fac</load_address>
         <run_address>0x6fac</run_address>
         <size>0x51</size>
         <input_file_ref idref="fl-3d"/>
      </object_component>
      <object_component id="oc-82e">
         <name>.debug_frame</name>
         <load_address>0x6ffd</load_address>
         <run_address>0x6ffd</run_address>
         <size>0x58</size>
         <input_file_ref idref="fl-3d"/>
      </object_component>
      <object_component id="oc-153f">
         <name>.debug_frame</name>
         <load_address>0x7055</load_address>
         <run_address>0x7055</run_address>
         <size>0x64</size>
         <input_file_ref idref="fl-3d"/>
      </object_component>
      <object_component id="oc-1257">
         <name>.debug_frame</name>
         <load_address>0x70b9</load_address>
         <run_address>0x70b9</run_address>
         <size>0x5c</size>
         <input_file_ref idref="fl-3d"/>
      </object_component>
      <object_component id="oc-7e0">
         <name>.debug_frame</name>
         <load_address>0x7115</load_address>
         <run_address>0x7115</run_address>
         <size>0x58</size>
         <input_file_ref idref="fl-3d"/>
      </object_component>
      <object_component id="oc-c22">
         <name>.debug_frame</name>
         <load_address>0x716d</load_address>
         <run_address>0x716d</run_address>
         <size>0x64</size>
         <input_file_ref idref="fl-3d"/>
      </object_component>
      <object_component id="oc-1459">
         <name>.debug_frame</name>
         <load_address>0x71d1</load_address>
         <run_address>0x71d1</run_address>
         <size>0x60</size>
         <input_file_ref idref="fl-3d"/>
      </object_component>
      <object_component id="oc-13d2">
         <name>.debug_frame</name>
         <load_address>0x7231</load_address>
         <run_address>0x7231</run_address>
         <size>0x5c</size>
         <input_file_ref idref="fl-3d"/>
      </object_component>
      <object_component id="oc-1073">
         <name>.debug_frame</name>
         <load_address>0x728d</load_address>
         <run_address>0x728d</run_address>
         <size>0x58</size>
         <input_file_ref idref="fl-3d"/>
      </object_component>
      <object_component id="oc-c61">
         <name>.debug_frame</name>
         <load_address>0x72e5</load_address>
         <run_address>0x72e5</run_address>
         <size>0x60</size>
         <input_file_ref idref="fl-3d"/>
      </object_component>
      <object_component id="oc-7e6">
         <name>.debug_frame</name>
         <load_address>0x7345</load_address>
         <run_address>0x7345</run_address>
         <size>0x58</size>
         <input_file_ref idref="fl-3d"/>
      </object_component>
      <object_component id="oc-10ef">
         <name>.debug_frame</name>
         <load_address>0x739d</load_address>
         <run_address>0x739d</run_address>
         <size>0x62</size>
         <input_file_ref idref="fl-3d"/>
      </object_component>
      <object_component id="oc-cb0">
         <name>.debug_frame</name>
         <load_address>0x73ff</load_address>
         <run_address>0x73ff</run_address>
         <size>0x51</size>
         <input_file_ref idref="fl-3d"/>
      </object_component>
      <object_component id="oc-828">
         <name>.debug_frame</name>
         <load_address>0x7450</load_address>
         <run_address>0x7450</run_address>
         <size>0x51</size>
         <input_file_ref idref="fl-3d"/>
      </object_component>
      <object_component id="oc-9c5">
         <name>.debug_frame</name>
         <load_address>0x74a1</load_address>
         <run_address>0x74a1</run_address>
         <size>0x5c</size>
         <input_file_ref idref="fl-3d"/>
      </object_component>
      <object_component id="oc-4a1">
         <name>.debug_frame</name>
         <load_address>0x74fd</load_address>
         <run_address>0x74fd</run_address>
         <size>0x6d</size>
         <input_file_ref idref="fl-3d"/>
      </object_component>
      <object_component id="oc-85d">
         <name>.debug_frame</name>
         <load_address>0x756a</load_address>
         <run_address>0x756a</run_address>
         <size>0x61</size>
         <input_file_ref idref="fl-3d"/>
      </object_component>
      <object_component id="oc-183c">
         <name>.debug_frame</name>
         <load_address>0x75cb</load_address>
         <run_address>0x75cb</run_address>
         <size>0x58</size>
         <input_file_ref idref="fl-3d"/>
      </object_component>
      <object_component id="oc-7ad">
         <name>.debug_frame</name>
         <load_address>0x7623</load_address>
         <run_address>0x7623</run_address>
         <size>0x60</size>
         <input_file_ref idref="fl-3d"/>
      </object_component>
      <object_component id="oc-857">
         <name>.debug_frame</name>
         <load_address>0x7683</load_address>
         <run_address>0x7683</run_address>
         <size>0x60</size>
         <input_file_ref idref="fl-3d"/>
      </object_component>
      <object_component id="oc-1204">
         <name>.debug_frame</name>
         <load_address>0x76e3</load_address>
         <run_address>0x76e3</run_address>
         <size>0x5c</size>
         <input_file_ref idref="fl-3d"/>
      </object_component>
      <object_component id="oc-395">
         <name>.debug_frame</name>
         <load_address>0x773f</load_address>
         <run_address>0x773f</run_address>
         <size>0x6d</size>
         <input_file_ref idref="fl-3d"/>
      </object_component>
      <object_component id="oc-3aa">
         <name>.debug_frame</name>
         <load_address>0x77ac</load_address>
         <run_address>0x77ac</run_address>
         <size>0x6d</size>
         <input_file_ref idref="fl-3d"/>
      </object_component>
      <object_component id="oc-f67">
         <name>.debug_frame</name>
         <load_address>0x7819</load_address>
         <run_address>0x7819</run_address>
         <size>0x60</size>
         <input_file_ref idref="fl-3d"/>
      </object_component>
      <object_component id="oc-b36">
         <name>.debug_frame</name>
         <load_address>0x7879</load_address>
         <run_address>0x7879</run_address>
         <size>0x58</size>
         <input_file_ref idref="fl-3d"/>
      </object_component>
      <object_component id="oc-caa">
         <name>.debug_frame</name>
         <load_address>0x78d1</load_address>
         <run_address>0x78d1</run_address>
         <size>0x51</size>
         <input_file_ref idref="fl-3d"/>
      </object_component>
      <object_component id="oc-b18">
         <name>.debug_frame</name>
         <load_address>0x7922</load_address>
         <run_address>0x7922</run_address>
         <size>0x51</size>
         <input_file_ref idref="fl-3d"/>
      </object_component>
      <object_component id="oc-1835">
         <name>.debug_frame</name>
         <load_address>0x7973</load_address>
         <run_address>0x7973</run_address>
         <size>0x5c</size>
         <input_file_ref idref="fl-3d"/>
      </object_component>
      <object_component id="oc-1452">
         <name>.debug_frame</name>
         <load_address>0x79cf</load_address>
         <run_address>0x79cf</run_address>
         <size>0x60</size>
         <input_file_ref idref="fl-3d"/>
      </object_component>
      <object_component id="oc-11fe">
         <name>.debug_frame</name>
         <load_address>0x7a2f</load_address>
         <run_address>0x7a2f</run_address>
         <size>0x5c</size>
         <input_file_ref idref="fl-3d"/>
      </object_component>
      <object_component id="oc-187d">
         <name>.debug_frame</name>
         <load_address>0x7a8b</load_address>
         <run_address>0x7a8b</run_address>
         <size>0x51</size>
         <input_file_ref idref="fl-3d"/>
      </object_component>
      <object_component id="oc-49b">
         <name>.debug_frame</name>
         <load_address>0x7adc</load_address>
         <run_address>0x7adc</run_address>
         <size>0x61</size>
         <input_file_ref idref="fl-3d"/>
      </object_component>
      <object_component id="oc-409">
         <name>.debug_frame</name>
         <load_address>0x7b3d</load_address>
         <run_address>0x7b3d</run_address>
         <size>0x6d</size>
         <input_file_ref idref="fl-3d"/>
      </object_component>
      <object_component id="oc-381">
         <name>.debug_frame</name>
         <load_address>0x7baa</load_address>
         <run_address>0x7baa</run_address>
         <size>0x61</size>
         <input_file_ref idref="fl-3d"/>
      </object_component>
      <object_component id="oc-1844">
         <name>.debug_frame</name>
         <load_address>0x7c0b</load_address>
         <run_address>0x7c0b</run_address>
         <size>0x51</size>
         <input_file_ref idref="fl-3d"/>
      </object_component>
      <object_component id="oc-bda">
         <name>.debug_frame</name>
         <load_address>0x7c5c</load_address>
         <run_address>0x7c5c</run_address>
         <size>0x51</size>
         <input_file_ref idref="fl-3d"/>
      </object_component>
      <object_component id="oc-13ca">
         <name>.debug_frame</name>
         <load_address>0x7cad</load_address>
         <run_address>0x7cad</run_address>
         <size>0x58</size>
         <input_file_ref idref="fl-3d"/>
      </object_component>
      <object_component id="oc-110a">
         <name>.debug_frame</name>
         <load_address>0x7d05</load_address>
         <run_address>0x7d05</run_address>
         <size>0x60</size>
         <input_file_ref idref="fl-3d"/>
      </object_component>
      <object_component id="oc-185a">
         <name>.debug_frame</name>
         <load_address>0x7d65</load_address>
         <run_address>0x7d65</run_address>
         <size>0x58</size>
         <input_file_ref idref="fl-3d"/>
      </object_component>
      <object_component id="oc-1876">
         <name>.debug_frame</name>
         <load_address>0x7dbd</load_address>
         <run_address>0x7dbd</run_address>
         <size>0x51</size>
         <input_file_ref idref="fl-3d"/>
      </object_component>
      <object_component id="oc-1446">
         <name>.debug_frame</name>
         <load_address>0x7e0e</load_address>
         <run_address>0x7e0e</run_address>
         <size>0x51</size>
         <input_file_ref idref="fl-3d"/>
      </object_component>
      <object_component id="oc-483">
         <name>.debug_frame</name>
         <load_address>0x7e5f</load_address>
         <run_address>0x7e5f</run_address>
         <size>0x51</size>
         <input_file_ref idref="fl-3d"/>
      </object_component>
      <object_component id="oc-11f8">
         <name>.debug_frame</name>
         <load_address>0x7eb0</load_address>
         <run_address>0x7eb0</run_address>
         <size>0x5c</size>
         <input_file_ref idref="fl-3d"/>
      </object_component>
      <object_component id="oc-17a2">
         <name>.debug_frame</name>
         <load_address>0x7f0c</load_address>
         <run_address>0x7f0c</run_address>
         <size>0x68</size>
         <input_file_ref idref="fl-3d"/>
      </object_component>
      <object_component id="oc-1851">
         <name>.debug_frame</name>
         <load_address>0x7f74</load_address>
         <run_address>0x7f74</run_address>
         <size>0x5d</size>
         <input_file_ref idref="fl-3d"/>
      </object_component>
      <object_component id="oc-14d3">
         <name>.debug_frame</name>
         <load_address>0x7fd1</load_address>
         <run_address>0x7fd1</run_address>
         <size>0x51</size>
         <input_file_ref idref="fl-3d"/>
      </object_component>
      <object_component id="oc-688">
         <name>.debug_frame</name>
         <load_address>0x8022</load_address>
         <run_address>0x8022</run_address>
         <size>0x5c</size>
         <input_file_ref idref="fl-3d"/>
      </object_component>
      <object_component id="oc-14d9">
         <name>.debug_frame</name>
         <load_address>0x807e</load_address>
         <run_address>0x807e</run_address>
         <size>0x60</size>
         <input_file_ref idref="fl-3d"/>
      </object_component>
      <object_component id="oc-14cd">
         <name>.debug_frame</name>
         <load_address>0x80de</load_address>
         <run_address>0x80de</run_address>
         <size>0x6e</size>
         <input_file_ref idref="fl-3d"/>
      </object_component>
      <object_component id="oc-14c7">
         <name>.debug_frame</name>
         <load_address>0x814c</load_address>
         <run_address>0x814c</run_address>
         <size>0x6d</size>
         <input_file_ref idref="fl-3d"/>
      </object_component>
      <object_component id="oc-171b">
         <name>.debug_frame</name>
         <load_address>0x81b9</load_address>
         <run_address>0x81b9</run_address>
         <size>0x65</size>
         <input_file_ref idref="fl-3d"/>
      </object_component>
      <object_component id="oc-694">
         <name>.debug_frame</name>
         <load_address>0x821e</load_address>
         <run_address>0x821e</run_address>
         <size>0x5c</size>
         <input_file_ref idref="fl-3d"/>
      </object_component>
      <object_component id="oc-1891">
         <name>.debug_frame</name>
         <load_address>0x827a</load_address>
         <run_address>0x827a</run_address>
         <size>0x5c</size>
         <input_file_ref idref="fl-3d"/>
      </object_component>
      <object_component id="oc-1210">
         <name>.debug_frame</name>
         <load_address>0x82d6</load_address>
         <run_address>0x82d6</run_address>
         <size>0x58</size>
         <input_file_ref idref="fl-3d"/>
      </object_component>
      <object_component id="oc-10a4">
         <name>.debug_frame</name>
         <load_address>0x832e</load_address>
         <run_address>0x832e</run_address>
         <size>0x51</size>
         <input_file_ref idref="fl-3d"/>
      </object_component>
      <object_component id="oc-10b0">
         <name>.debug_frame</name>
         <load_address>0x837f</load_address>
         <run_address>0x837f</run_address>
         <size>0x51</size>
         <input_file_ref idref="fl-3d"/>
      </object_component>
      <object_component id="oc-10aa">
         <name>.debug_frame</name>
         <load_address>0x83d0</load_address>
         <run_address>0x83d0</run_address>
         <size>0x60</size>
         <input_file_ref idref="fl-3d"/>
      </object_component>
      <object_component id="oc-140f">
         <name>.debug_frame</name>
         <load_address>0x8430</load_address>
         <run_address>0x8430</run_address>
         <size>0x58</size>
         <input_file_ref idref="fl-3d"/>
      </object_component>
      <object_component id="oc-1419">
         <name>.debug_frame</name>
         <load_address>0x8488</load_address>
         <run_address>0x8488</run_address>
         <size>0x51</size>
         <input_file_ref idref="fl-3d"/>
      </object_component>
      <object_component id="oc-113d">
         <name>.debug_frame</name>
         <load_address>0x84d9</load_address>
         <run_address>0x84d9</run_address>
         <size>0x51</size>
         <input_file_ref idref="fl-3d"/>
      </object_component>
      <object_component id="oc-42c">
         <name>.debug_frame</name>
         <load_address>0x852a</load_address>
         <run_address>0x852a</run_address>
         <size>0x60</size>
         <input_file_ref idref="fl-3d"/>
      </object_component>
      <object_component id="oc-41a">
         <name>.debug_frame</name>
         <load_address>0x858a</load_address>
         <run_address>0x858a</run_address>
         <size>0x6d</size>
         <input_file_ref idref="fl-3d"/>
      </object_component>
      <object_component id="oc-888">
         <name>.debug_frame</name>
         <load_address>0x85f7</load_address>
         <run_address>0x85f7</run_address>
         <size>0x51</size>
         <input_file_ref idref="fl-3d"/>
      </object_component>
      <object_component id="oc-1474">
         <name>.debug_frame</name>
         <load_address>0x8648</load_address>
         <run_address>0x8648</run_address>
         <size>0x51</size>
         <input_file_ref idref="fl-3d"/>
      </object_component>
      <object_component id="oc-11ab">
         <name>.debug_frame</name>
         <load_address>0x8699</load_address>
         <run_address>0x8699</run_address>
         <size>0x51</size>
         <input_file_ref idref="fl-3d"/>
      </object_component>
      <object_component id="oc-c6c">
         <name>.debug_frame</name>
         <load_address>0x86ea</load_address>
         <run_address>0x86ea</run_address>
         <size>0x51</size>
         <input_file_ref idref="fl-3d"/>
      </object_component>
      <object_component id="oc-a33">
         <name>.debug_frame</name>
         <load_address>0x873b</load_address>
         <run_address>0x873b</run_address>
         <size>0x51</size>
         <input_file_ref idref="fl-3d"/>
      </object_component>
      <object_component id="oc-14a7">
         <name>.debug_frame</name>
         <load_address>0x878c</load_address>
         <run_address>0x878c</run_address>
         <size>0x51</size>
         <input_file_ref idref="fl-3d"/>
      </object_component>
      <object_component id="oc-d1">
         <name>.debug_frame</name>
         <load_address>0x87dd</load_address>
         <run_address>0x87dd</run_address>
         <size>0x51</size>
         <input_file_ref idref="fl-3d"/>
      </object_component>
      <object_component id="oc-cb">
         <name>.debug_frame</name>
         <load_address>0x882e</load_address>
         <run_address>0x882e</run_address>
         <size>0x58</size>
         <input_file_ref idref="fl-3d"/>
      </object_component>
      <object_component id="oc-10dd">
         <name>.debug_frame</name>
         <load_address>0x8886</load_address>
         <run_address>0x8886</run_address>
         <size>0x58</size>
         <input_file_ref idref="fl-3d"/>
      </object_component>
      <object_component id="oc-c9e">
         <name>.debug_frame</name>
         <load_address>0x88de</load_address>
         <run_address>0x88de</run_address>
         <size>0x60</size>
         <input_file_ref idref="fl-3d"/>
      </object_component>
      <object_component id="oc-1530">
         <name>.debug_frame</name>
         <load_address>0x893e</load_address>
         <run_address>0x893e</run_address>
         <size>0x58</size>
         <input_file_ref idref="fl-3d"/>
      </object_component>
      <object_component id="oc-1728">
         <name>.debug_frame</name>
         <load_address>0x8996</load_address>
         <run_address>0x8996</run_address>
         <size>0x51</size>
         <input_file_ref idref="fl-3d"/>
      </object_component>
      <object_component id="oc-1216">
         <name>.debug_frame</name>
         <load_address>0x89e7</load_address>
         <run_address>0x89e7</run_address>
         <size>0x64</size>
         <input_file_ref idref="fl-3d"/>
      </object_component>
      <object_component id="oc-b04">
         <name>.debug_frame</name>
         <load_address>0x8a4b</load_address>
         <run_address>0x8a4b</run_address>
         <size>0x57</size>
         <input_file_ref idref="fl-3d"/>
      </object_component>
      <object_component id="oc-c10">
         <name>.debug_frame</name>
         <load_address>0x8aa2</load_address>
         <run_address>0x8aa2</run_address>
         <size>0x60</size>
         <input_file_ref idref="fl-3d"/>
      </object_component>
      <object_component id="oc-7a1">
         <name>.debug_frame</name>
         <load_address>0x8b02</load_address>
         <run_address>0x8b02</run_address>
         <size>0x51</size>
         <input_file_ref idref="fl-3d"/>
      </object_component>
      <object_component id="oc-13dc">
         <name>.debug_frame</name>
         <load_address>0x8b53</load_address>
         <run_address>0x8b53</run_address>
         <size>0x51</size>
         <input_file_ref idref="fl-3d"/>
      </object_component>
      <object_component id="oc-143e">
         <name>.debug_frame</name>
         <load_address>0x8ba4</load_address>
         <run_address>0x8ba4</run_address>
         <size>0x58</size>
         <input_file_ref idref="fl-3d"/>
      </object_component>
      <object_component id="oc-ca4">
         <name>.debug_frame</name>
         <load_address>0x8bfc</load_address>
         <run_address>0x8bfc</run_address>
         <size>0x51</size>
         <input_file_ref idref="fl-3d"/>
      </object_component>
      <object_component id="oc-373">
         <name>.debug_frame</name>
         <load_address>0x8c4d</load_address>
         <run_address>0x8c4d</run_address>
         <size>0x51</size>
         <input_file_ref idref="fl-3d"/>
      </object_component>
      <object_component id="oc-1260">
         <name>.debug_frame</name>
         <load_address>0x8c9e</load_address>
         <run_address>0x8c9e</run_address>
         <size>0x51</size>
         <input_file_ref idref="fl-3d"/>
      </object_component>
      <object_component id="oc-1547">
         <name>.debug_frame</name>
         <load_address>0x8cef</load_address>
         <run_address>0x8cef</run_address>
         <size>0x51</size>
         <input_file_ref idref="fl-3d"/>
      </object_component>
      <object_component id="oc-1266">
         <name>.debug_frame</name>
         <load_address>0x8d40</load_address>
         <run_address>0x8d40</run_address>
         <size>0x5c</size>
         <input_file_ref idref="fl-3d"/>
      </object_component>
      <object_component id="oc-68e">
         <name>.debug_frame</name>
         <load_address>0x8d9c</load_address>
         <run_address>0x8d9c</run_address>
         <size>0x5c</size>
         <input_file_ref idref="fl-3d"/>
      </object_component>
      <object_component id="oc-add">
         <name>.debug_frame</name>
         <load_address>0x8df8</load_address>
         <run_address>0x8df8</run_address>
         <size>0x5c</size>
         <input_file_ref idref="fl-3d"/>
      </object_component>
      <object_component id="oc-a80">
         <name>.debug_frame</name>
         <load_address>0x8e54</load_address>
         <run_address>0x8e54</run_address>
         <size>0x5d</size>
         <input_file_ref idref="fl-3d"/>
      </object_component>
      <object_component id="oc-a7a">
         <name>.debug_frame</name>
         <load_address>0x8eb1</load_address>
         <run_address>0x8eb1</run_address>
         <size>0x5e</size>
         <input_file_ref idref="fl-3d"/>
      </object_component>
      <object_component id="oc-a6e">
         <name>.debug_frame</name>
         <load_address>0x8f0f</load_address>
         <run_address>0x8f0f</run_address>
         <size>0x5e</size>
         <input_file_ref idref="fl-3d"/>
      </object_component>
      <object_component id="oc-a68">
         <name>.debug_frame</name>
         <load_address>0x8f6d</load_address>
         <run_address>0x8f6d</run_address>
         <size>0x60</size>
         <input_file_ref idref="fl-3d"/>
      </object_component>
      <object_component id="oc-a98">
         <name>.debug_frame</name>
         <load_address>0x8fcd</load_address>
         <run_address>0x8fcd</run_address>
         <size>0x5c</size>
         <input_file_ref idref="fl-3d"/>
      </object_component>
      <object_component id="oc-a8c">
         <name>.debug_frame</name>
         <load_address>0x9029</load_address>
         <run_address>0x9029</run_address>
         <size>0x5c</size>
         <input_file_ref idref="fl-3d"/>
      </object_component>
      <object_component id="oc-a74">
         <name>.debug_frame</name>
         <load_address>0x9085</load_address>
         <run_address>0x9085</run_address>
         <size>0x5c</size>
         <input_file_ref idref="fl-3d"/>
      </object_component>
      <object_component id="oc-a86">
         <name>.debug_frame</name>
         <load_address>0x90e1</load_address>
         <run_address>0x90e1</run_address>
         <size>0x5c</size>
         <input_file_ref idref="fl-3d"/>
      </object_component>
      <object_component id="oc-a92">
         <name>.debug_frame</name>
         <load_address>0x913d</load_address>
         <run_address>0x913d</run_address>
         <size>0x5f</size>
         <input_file_ref idref="fl-3d"/>
      </object_component>
      <object_component id="oc-1e3">
         <name>.debug_frame</name>
         <load_address>0x919c</load_address>
         <run_address>0x919c</run_address>
         <size>0x58</size>
         <input_file_ref idref="fl-3d"/>
      </object_component>
      <object_component id="oc-a9e">
         <name>.debug_frame</name>
         <load_address>0x91f4</load_address>
         <run_address>0x91f4</run_address>
         <size>0x66</size>
         <input_file_ref idref="fl-3d"/>
      </object_component>
      <object_component id="oc-5fc">
         <name>.debug_frame</name>
         <load_address>0x925a</load_address>
         <run_address>0x925a</run_address>
         <size>0x68</size>
         <input_file_ref idref="fl-3d"/>
      </object_component>
      <object_component id="oc-174d">
         <name>.debug_frame</name>
         <load_address>0x92c2</load_address>
         <run_address>0x92c2</run_address>
         <size>0x51</size>
         <input_file_ref idref="fl-3d"/>
      </object_component>
      <object_component id="oc-1747">
         <name>.debug_frame</name>
         <load_address>0x9313</load_address>
         <run_address>0x9313</run_address>
         <size>0x51</size>
         <input_file_ref idref="fl-3d"/>
      </object_component>
      <object_component id="oc-1741">
         <name>.debug_frame</name>
         <load_address>0x9364</load_address>
         <run_address>0x9364</run_address>
         <size>0x60</size>
         <input_file_ref idref="fl-3d"/>
      </object_component>
      <object_component id="oc-745">
         <name>.debug_frame</name>
         <load_address>0x93c4</load_address>
         <run_address>0x93c4</run_address>
         <size>0x51</size>
         <input_file_ref idref="fl-3d"/>
      </object_component>
      <object_component id="oc-120a">
         <name>.debug_frame</name>
         <load_address>0x9415</load_address>
         <run_address>0x9415</run_address>
         <size>0x5c</size>
         <input_file_ref idref="fl-3d"/>
      </object_component>
      <object_component id="oc-f7a">
         <name>.debug_frame</name>
         <load_address>0x9471</load_address>
         <run_address>0x9471</run_address>
         <size>0x68</size>
         <input_file_ref idref="fl-3d"/>
      </object_component>
      <object_component id="oc-f83">
         <name>.debug_frame</name>
         <load_address>0x94d9</load_address>
         <run_address>0x94d9</run_address>
         <size>0x58</size>
         <input_file_ref idref="fl-3d"/>
      </object_component>
      <object_component id="oc-232">
         <name>.debug_frame</name>
         <load_address>0x9531</load_address>
         <run_address>0x9531</run_address>
         <size>0x58</size>
         <input_file_ref idref="fl-3d"/>
      </object_component>
      <object_component id="oc-afe">
         <name>.debug_frame</name>
         <load_address>0x9589</load_address>
         <run_address>0x9589</run_address>
         <size>0x51</size>
         <input_file_ref idref="fl-3d"/>
      </object_component>
      <object_component id="oc-c8c">
         <name>.debug_frame</name>
         <load_address>0x95da</load_address>
         <run_address>0x95da</run_address>
         <size>0x51</size>
         <input_file_ref idref="fl-3d"/>
      </object_component>
      <object_component id="oc-75a">
         <name>.debug_frame</name>
         <load_address>0x962b</load_address>
         <run_address>0x962b</run_address>
         <size>0x96</size>
         <input_file_ref idref="fl-42"/>
      </object_component>
      <object_component id="oc-3a1">
         <name>.debug_frame</name>
         <load_address>0x96c1</load_address>
         <run_address>0x96c1</run_address>
         <size>0x92</size>
         <input_file_ref idref="fl-43"/>
      </object_component>
      <object_component id="oc-37b">
         <name>.debug_frame</name>
         <load_address>0x9753</load_address>
         <run_address>0x9753</run_address>
         <size>0x8e</size>
         <input_file_ref idref="fl-43"/>
      </object_component>
      <object_component id="oc-bd4">
         <name>.debug_frame</name>
         <load_address>0x97e1</load_address>
         <run_address>0x97e1</run_address>
         <size>0x8e</size>
         <input_file_ref idref="fl-44"/>
      </object_component>
      <object_component id="oc-11d9">
         <name>.debug_frame</name>
         <load_address>0x986f</load_address>
         <run_address>0x986f</run_address>
         <size>0x86</size>
         <input_file_ref idref="fl-45"/>
      </object_component>
      <object_component id="oc-38b">
         <name>.debug_frame</name>
         <load_address>0x98f5</load_address>
         <run_address>0x98f5</run_address>
         <size>0x92</size>
         <input_file_ref idref="fl-46"/>
      </object_component>
      <object_component id="oc-b45">
         <name>.debug_frame</name>
         <load_address>0x9987</load_address>
         <run_address>0x9987</run_address>
         <size>0x7f</size>
         <input_file_ref idref="fl-47"/>
      </object_component>
      <object_component id="oc-1657">
         <name>.debug_frame</name>
         <load_address>0x9a06</load_address>
         <run_address>0x9a06</run_address>
         <size>0x8e</size>
         <input_file_ref idref="fl-47"/>
      </object_component>
      <object_component id="oc-b8f">
         <name>.debug_frame</name>
         <load_address>0x9a94</load_address>
         <run_address>0x9a94</run_address>
         <size>0x8e</size>
         <input_file_ref idref="fl-47"/>
      </object_component>
      <object_component id="oc-18c4">
         <name>.debug_frame</name>
         <load_address>0x9b22</load_address>
         <run_address>0x9b22</run_address>
         <size>0x7f</size>
         <input_file_ref idref="fl-47"/>
      </object_component>
      <object_component id="oc-1884">
         <name>.debug_frame</name>
         <load_address>0x9ba1</load_address>
         <run_address>0x9ba1</run_address>
         <size>0x86</size>
         <input_file_ref idref="fl-47"/>
      </object_component>
      <object_component id="oc-13b1">
         <name>.debug_frame</name>
         <load_address>0x9c27</load_address>
         <run_address>0x9c27</run_address>
         <size>0x99</size>
         <input_file_ref idref="fl-47"/>
      </object_component>
      <object_component id="oc-39b">
         <name>.debug_frame</name>
         <load_address>0x9cc0</load_address>
         <run_address>0x9cc0</run_address>
         <size>0x7f</size>
         <input_file_ref idref="fl-47"/>
      </object_component>
      <object_component id="oc-3b1">
         <name>.debug_frame</name>
         <load_address>0x9d3f</load_address>
         <run_address>0x9d3f</run_address>
         <size>0x7f</size>
         <input_file_ref idref="fl-48"/>
      </object_component>
      <object_component id="oc-26c">
         <name>.debug_frame</name>
         <load_address>0x9dbe</load_address>
         <run_address>0x9dbe</run_address>
         <size>0x7f</size>
         <input_file_ref idref="fl-48"/>
      </object_component>
      <object_component id="oc-bfa">
         <name>.debug_frame</name>
         <load_address>0x9e3d</load_address>
         <run_address>0x9e3d</run_address>
         <size>0x7f</size>
         <input_file_ref idref="fl-49"/>
      </object_component>
      <object_component id="oc-7a7">
         <name>.debug_frame</name>
         <load_address>0x9ebc</load_address>
         <run_address>0x9ebc</run_address>
         <size>0x96</size>
         <input_file_ref idref="fl-49"/>
      </object_component>
      <object_component id="oc-b9d">
         <name>.debug_frame</name>
         <load_address>0x9f52</load_address>
         <run_address>0x9f52</run_address>
         <size>0x8a</size>
         <input_file_ref idref="fl-49"/>
      </object_component>
      <object_component id="oc-7d4">
         <name>.debug_frame</name>
         <load_address>0x9fdc</load_address>
         <run_address>0x9fdc</run_address>
         <size>0x7f</size>
         <input_file_ref idref="fl-49"/>
      </object_component>
      <object_component id="oc-760">
         <name>.debug_frame</name>
         <load_address>0xa05b</load_address>
         <run_address>0xa05b</run_address>
         <size>0x86</size>
         <input_file_ref idref="fl-49"/>
      </object_component>
      <object_component id="oc-69c">
         <name>.debug_frame</name>
         <load_address>0xa0e1</load_address>
         <run_address>0xa0e1</run_address>
         <size>0x96</size>
         <input_file_ref idref="fl-4a"/>
      </object_component>
      <object_component id="oc-c86">
         <name>.debug_frame</name>
         <load_address>0xa177</load_address>
         <run_address>0xa177</run_address>
         <size>0x7f</size>
         <input_file_ref idref="fl-4a"/>
      </object_component>
      <object_component id="oc-aa">
         <name>.debug_frame</name>
         <load_address>0xa1f6</load_address>
         <run_address>0xa1f6</run_address>
         <size>0x8a</size>
         <input_file_ref idref="fl-4a"/>
      </object_component>
      <object_component id="oc-1489">
         <name>.debug_frame</name>
         <load_address>0xa280</load_address>
         <run_address>0xa280</run_address>
         <size>0x92</size>
         <input_file_ref idref="fl-4b"/>
      </object_component>
      <object_component id="oc-148f">
         <name>.debug_frame</name>
         <load_address>0xa312</load_address>
         <run_address>0xa312</run_address>
         <size>0x8e</size>
         <input_file_ref idref="fl-4b"/>
      </object_component>
      <object_component id="oc-1161">
         <name>.debug_frame</name>
         <load_address>0xa3a0</load_address>
         <run_address>0xa3a0</run_address>
         <size>0x9c</size>
         <input_file_ref idref="fl-4b"/>
      </object_component>
      <object_component id="oc-18ef">
         <name>.debug_frame</name>
         <load_address>0xa43c</load_address>
         <run_address>0xa43c</run_address>
         <size>0x8a</size>
         <input_file_ref idref="fl-4b"/>
      </object_component>
      <object_component id="oc-d6b">
         <name>.debug_frame</name>
         <load_address>0xa4c6</load_address>
         <run_address>0xa4c6</run_address>
         <size>0x8e</size>
         <input_file_ref idref="fl-4b"/>
      </object_component>
      <object_component id="oc-b9">
         <name>.debug_frame</name>
         <load_address>0xa554</load_address>
         <run_address>0xa554</run_address>
         <size>0x8a</size>
         <input_file_ref idref="fl-4b"/>
      </object_component>
      <object_component id="oc-8a7">
         <name>.debug_frame</name>
         <load_address>0xa5de</load_address>
         <run_address>0xa5de</run_address>
         <size>0x7f</size>
         <input_file_ref idref="fl-4b"/>
      </object_component>
      <object_component id="oc-6c">
         <name>.debug_frame</name>
         <load_address>0xa65d</load_address>
         <run_address>0xa65d</run_address>
         <size>0x86</size>
         <input_file_ref idref="fl-4b"/>
      </object_component>
      <object_component id="oc-1915">
         <name>.debug_frame</name>
         <load_address>0xa6e3</load_address>
         <run_address>0xa6e3</run_address>
         <size>0x8e</size>
         <input_file_ref idref="fl-4b"/>
      </object_component>
      <object_component id="oc-c92">
         <name>.debug_frame</name>
         <load_address>0xa771</load_address>
         <run_address>0xa771</run_address>
         <size>0x8a</size>
         <input_file_ref idref="fl-4b"/>
      </object_component>
      <object_component id="oc-18f7">
         <name>.debug_frame</name>
         <load_address>0xa7fb</load_address>
         <run_address>0xa7fb</run_address>
         <size>0x7f</size>
         <input_file_ref idref="fl-4b"/>
      </object_component>
      <object_component id="oc-453">
         <name>.debug_frame</name>
         <load_address>0xa87a</load_address>
         <run_address>0xa87a</run_address>
         <size>0x86</size>
         <input_file_ref idref="fl-4b"/>
      </object_component>
      <object_component id="oc-11ec">
         <name>.debug_frame</name>
         <load_address>0xa900</load_address>
         <run_address>0xa900</run_address>
         <size>0x7f</size>
         <input_file_ref idref="fl-4b"/>
      </object_component>
      <object_component id="oc-115b">
         <name>.debug_frame</name>
         <load_address>0xa97f</load_address>
         <run_address>0xa97f</run_address>
         <size>0x7f</size>
         <input_file_ref idref="fl-4c"/>
      </object_component>
      <object_component id="oc-d62">
         <name>.debug_frame</name>
         <load_address>0xa9fe</load_address>
         <run_address>0xa9fe</run_address>
         <size>0x8a</size>
         <input_file_ref idref="fl-4c"/>
      </object_component>
      <object_component id="oc-22c">
         <name>.debug_frame</name>
         <load_address>0xaa88</load_address>
         <run_address>0xaa88</run_address>
         <size>0x8a</size>
         <input_file_ref idref="fl-4c"/>
      </object_component>
      <object_component id="oc-272">
         <name>.debug_frame</name>
         <load_address>0xab12</load_address>
         <run_address>0xab12</run_address>
         <size>0x7f</size>
         <input_file_ref idref="fl-4c"/>
      </object_component>
      <object_component id="oc-89d">
         <name>.debug_frame</name>
         <load_address>0xab91</load_address>
         <run_address>0xab91</run_address>
         <size>0x86</size>
         <input_file_ref idref="fl-4c"/>
      </object_component>
      <object_component id="oc-11f2">
         <name>.debug_frame</name>
         <load_address>0xac17</load_address>
         <run_address>0xac17</run_address>
         <size>0x86</size>
         <input_file_ref idref="fl-4c"/>
      </object_component>
      <object_component id="oc-18a1">
         <name>.debug_frame</name>
         <load_address>0xac9d</load_address>
         <run_address>0xac9d</run_address>
         <size>0xa4</size>
         <input_file_ref idref="fl-4d"/>
      </object_component>
      <object_component id="oc-b89">
         <name>.debug_frame</name>
         <load_address>0xad41</load_address>
         <run_address>0xad41</run_address>
         <size>0x7f</size>
         <input_file_ref idref="fl-4d"/>
      </object_component>
      <object_component id="oc-18e8">
         <name>.debug_frame</name>
         <load_address>0xadc0</load_address>
         <run_address>0xadc0</run_address>
         <size>0x8a</size>
         <input_file_ref idref="fl-4d"/>
      </object_component>
      <object_component id="oc-192a">
         <name>.debug_frame</name>
         <load_address>0xae4a</load_address>
         <run_address>0xae4a</run_address>
         <size>0x8e</size>
         <input_file_ref idref="fl-4d"/>
      </object_component>
      <object_component id="oc-189b">
         <name>.debug_frame</name>
         <load_address>0xaed8</load_address>
         <run_address>0xaed8</run_address>
         <size>0x92</size>
         <input_file_ref idref="fl-4d"/>
      </object_component>
      <object_component id="oc-1803">
         <name>.debug_frame</name>
         <load_address>0xaf6a</load_address>
         <run_address>0xaf6a</run_address>
         <size>0x92</size>
         <input_file_ref idref="fl-4d"/>
      </object_component>
      <object_component id="oc-17fd">
         <name>.debug_frame</name>
         <load_address>0xaffc</load_address>
         <run_address>0xaffc</run_address>
         <size>0x8e</size>
         <input_file_ref idref="fl-4d"/>
      </object_component>
      <object_component id="oc-14b3">
         <name>.debug_frame</name>
         <load_address>0xb08a</load_address>
         <run_address>0xb08a</run_address>
         <size>0x7f</size>
         <input_file_ref idref="fl-4d"/>
      </object_component>
      <object_component id="oc-18d9">
         <name>.debug_frame</name>
         <load_address>0xb109</load_address>
         <run_address>0xb109</run_address>
         <size>0x7f</size>
         <input_file_ref idref="fl-4f"/>
      </object_component>
      <object_component id="oc-122b">
         <name>.debug_frame</name>
         <load_address>0xb188</load_address>
         <run_address>0xb188</run_address>
         <size>0x7f</size>
         <input_file_ref idref="fl-52"/>
      </object_component>
      <object_component id="oc-b30">
         <name>.debug_frame</name>
         <load_address>0xb207</load_address>
         <run_address>0xb207</run_address>
         <size>0x7f</size>
         <input_file_ref idref="fl-52"/>
      </object_component>
      <object_component id="oc-b12">
         <name>.debug_frame</name>
         <load_address>0xb286</load_address>
         <run_address>0xb286</run_address>
         <size>0x7f</size>
         <input_file_ref idref="fl-52"/>
      </object_component>
      <object_component id="oc-6a3">
         <name>.debug_frame</name>
         <load_address>0xb305</load_address>
         <run_address>0xb305</run_address>
         <size>0x7f</size>
         <input_file_ref idref="fl-53"/>
      </object_component>
      <object_component id="oc-6a9">
         <name>.debug_frame</name>
         <load_address>0xb384</load_address>
         <run_address>0xb384</run_address>
         <size>0x8a</size>
         <input_file_ref idref="fl-53"/>
      </object_component>
      <object_component id="oc-6b5">
         <name>.debug_frame</name>
         <load_address>0xb40e</load_address>
         <run_address>0xb40e</run_address>
         <size>0x83</size>
         <input_file_ref idref="fl-55"/>
      </object_component>
      <object_component id="oc-6c1">
         <name>.debug_frame</name>
         <load_address>0xb491</load_address>
         <run_address>0xb491</run_address>
         <size>0x7f</size>
         <input_file_ref idref="fl-55"/>
      </object_component>
      <object_component id="oc-6bb">
         <name>.debug_frame</name>
         <load_address>0xb510</load_address>
         <run_address>0xb510</run_address>
         <size>0x7f</size>
         <input_file_ref idref="fl-55"/>
      </object_component>
      <object_component id="oc-367">
         <name>.debug_frame</name>
         <load_address>0xb58f</load_address>
         <run_address>0xb58f</run_address>
         <size>0x7f</size>
         <input_file_ref idref="fl-56"/>
      </object_component>
      <object_component id="oc-36d">
         <name>.debug_frame</name>
         <load_address>0xb60e</load_address>
         <run_address>0xb60e</run_address>
         <size>0x7f</size>
         <input_file_ref idref="fl-56"/>
      </object_component>
      <object_component id="oc-6e9">
         <name>.debug_frame</name>
         <load_address>0xb68d</load_address>
         <run_address>0xb68d</run_address>
         <size>0x7f</size>
         <input_file_ref idref="fl-56"/>
      </object_component>
      <object_component id="oc-6ef">
         <name>.debug_frame</name>
         <load_address>0xb70c</load_address>
         <run_address>0xb70c</run_address>
         <size>0x7f</size>
         <input_file_ref idref="fl-56"/>
      </object_component>
      <object_component id="oc-6e2">
         <name>.debug_frame</name>
         <load_address>0xb78b</load_address>
         <run_address>0xb78b</run_address>
         <size>0x7f</size>
         <input_file_ref idref="fl-56"/>
      </object_component>
      <object_component id="oc-700">
         <name>.debug_frame</name>
         <load_address>0xb80a</load_address>
         <run_address>0xb80a</run_address>
         <size>0x7f</size>
         <input_file_ref idref="fl-56"/>
      </object_component>
      <object_component id="oc-6fa">
         <name>.debug_frame</name>
         <load_address>0xb889</load_address>
         <run_address>0xb889</run_address>
         <size>0x7f</size>
         <input_file_ref idref="fl-56"/>
      </object_component>
      <object_component id="oc-6f4">
         <name>.debug_frame</name>
         <load_address>0xb908</load_address>
         <run_address>0xb908</run_address>
         <size>0x7f</size>
         <input_file_ref idref="fl-56"/>
      </object_component>
      <object_component id="oc-713">
         <name>.debug_frame</name>
         <load_address>0xb987</load_address>
         <run_address>0xb987</run_address>
         <size>0x7f</size>
         <input_file_ref idref="fl-56"/>
      </object_component>
      <object_component id="oc-f8a">
         <name>.debug_frame</name>
         <load_address>0xba06</load_address>
         <run_address>0xba06</run_address>
         <size>0x7f</size>
         <input_file_ref idref="fl-56"/>
      </object_component>
      <object_component id="oc-b63">
         <name>.debug_frame</name>
         <load_address>0xba85</load_address>
         <run_address>0xba85</run_address>
         <size>0x86</size>
         <input_file_ref idref="fl-56"/>
      </object_component>
      <object_component id="oc-719">
         <name>.debug_frame</name>
         <load_address>0xbb0b</load_address>
         <run_address>0xbb0b</run_address>
         <size>0x7f</size>
         <input_file_ref idref="fl-56"/>
      </object_component>
      <object_component id="oc-15d7">
         <name>.debug_frame</name>
         <load_address>0xbb8a</load_address>
         <run_address>0xbb8a</run_address>
         <size>0x7f</size>
         <input_file_ref idref="fl-57"/>
      </object_component>
      <object_component id="oc-15b0">
         <name>.debug_frame</name>
         <load_address>0xbc09</load_address>
         <run_address>0xbc09</run_address>
         <size>0x7f</size>
         <input_file_ref idref="fl-57"/>
      </object_component>
      <object_component id="oc-15dd">
         <name>.debug_frame</name>
         <load_address>0xbc88</load_address>
         <run_address>0xbc88</run_address>
         <size>0x7f</size>
         <input_file_ref idref="fl-57"/>
      </object_component>
      <object_component id="oc-15c8">
         <name>.debug_frame</name>
         <load_address>0xbd07</load_address>
         <run_address>0xbd07</run_address>
         <size>0x86</size>
         <input_file_ref idref="fl-57"/>
      </object_component>
      <object_component id="oc-15c2">
         <name>.debug_frame</name>
         <load_address>0xbd8d</load_address>
         <run_address>0xbd8d</run_address>
         <size>0x86</size>
         <input_file_ref idref="fl-57"/>
      </object_component>
      <object_component id="oc-15b6">
         <name>.debug_frame</name>
         <load_address>0xbe13</load_address>
         <run_address>0xbe13</run_address>
         <size>0x7f</size>
         <input_file_ref idref="fl-57"/>
      </object_component>
      <object_component id="oc-127d">
         <name>.debug_frame</name>
         <load_address>0xbe92</load_address>
         <run_address>0xbe92</run_address>
         <size>0x7f</size>
         <input_file_ref idref="fl-57"/>
      </object_component>
      <object_component id="oc-15aa">
         <name>.debug_frame</name>
         <load_address>0xbf11</load_address>
         <run_address>0xbf11</run_address>
         <size>0x7f</size>
         <input_file_ref idref="fl-57"/>
      </object_component>
      <object_component id="oc-15bc">
         <name>.debug_frame</name>
         <load_address>0xbf90</load_address>
         <run_address>0xbf90</run_address>
         <size>0x7f</size>
         <input_file_ref idref="fl-57"/>
      </object_component>
      <object_component id="oc-155e">
         <name>.debug_frame</name>
         <load_address>0xc00f</load_address>
         <run_address>0xc00f</run_address>
         <size>0x86</size>
         <input_file_ref idref="fl-57"/>
      </object_component>
      <object_component id="oc-1777">
         <name>.debug_frame</name>
         <load_address>0xc095</load_address>
         <run_address>0xc095</run_address>
         <size>0x7f</size>
         <input_file_ref idref="fl-57"/>
      </object_component>
      <object_component id="oc-15a4">
         <name>.debug_frame</name>
         <load_address>0xc114</load_address>
         <run_address>0xc114</run_address>
         <size>0x7f</size>
         <input_file_ref idref="fl-57"/>
      </object_component>
      <object_component id="oc-156a">
         <name>.debug_frame</name>
         <load_address>0xc193</load_address>
         <run_address>0xc193</run_address>
         <size>0x7f</size>
         <input_file_ref idref="fl-57"/>
      </object_component>
      <object_component id="oc-12f9">
         <name>.debug_frame</name>
         <load_address>0xc212</load_address>
         <run_address>0xc212</run_address>
         <size>0x7f</size>
         <input_file_ref idref="fl-57"/>
      </object_component>
      <object_component id="oc-1295">
         <name>.debug_frame</name>
         <load_address>0xc291</load_address>
         <run_address>0xc291</run_address>
         <size>0x7f</size>
         <input_file_ref idref="fl-57"/>
      </object_component>
      <object_component id="oc-1277">
         <name>.debug_frame</name>
         <load_address>0xc310</load_address>
         <run_address>0xc310</run_address>
         <size>0x7f</size>
         <input_file_ref idref="fl-57"/>
      </object_component>
      <object_component id="oc-1564">
         <name>.debug_frame</name>
         <load_address>0xc38f</load_address>
         <run_address>0xc38f</run_address>
         <size>0x7f</size>
         <input_file_ref idref="fl-57"/>
      </object_component>
      <object_component id="oc-f16">
         <name>.debug_frame</name>
         <load_address>0xc40e</load_address>
         <run_address>0xc40e</run_address>
         <size>0x86</size>
         <input_file_ref idref="fl-59"/>
      </object_component>
      <object_component id="oc-f04">
         <name>.debug_frame</name>
         <load_address>0xc494</load_address>
         <run_address>0xc494</run_address>
         <size>0x7f</size>
         <input_file_ref idref="fl-59"/>
      </object_component>
      <object_component id="oc-121f">
         <name>.debug_frame</name>
         <load_address>0xc513</load_address>
         <run_address>0xc513</run_address>
         <size>0x8a</size>
         <input_file_ref idref="fl-59"/>
      </object_component>
      <object_component id="oc-f22">
         <name>.debug_frame</name>
         <load_address>0xc59d</load_address>
         <run_address>0xc59d</run_address>
         <size>0x9b</size>
         <input_file_ref idref="fl-59"/>
      </object_component>
      <object_component id="oc-1225">
         <name>.debug_frame</name>
         <load_address>0xc638</load_address>
         <run_address>0xc638</run_address>
         <size>0x7f</size>
         <input_file_ref idref="fl-59"/>
      </object_component>
      <object_component id="oc-6af">
         <name>.debug_frame</name>
         <load_address>0xc6b7</load_address>
         <run_address>0xc6b7</run_address>
         <size>0x7f</size>
         <input_file_ref idref="fl-59"/>
      </object_component>
      <object_component id="oc-f0a">
         <name>.debug_frame</name>
         <load_address>0xc736</load_address>
         <run_address>0xc736</run_address>
         <size>0x8e</size>
         <input_file_ref idref="fl-59"/>
      </object_component>
      <object_component id="oc-f10">
         <name>.debug_frame</name>
         <load_address>0xc7c4</load_address>
         <run_address>0xc7c4</run_address>
         <size>0x86</size>
         <input_file_ref idref="fl-59"/>
      </object_component>
      <object_component id="oc-1234">
         <name>.debug_frame</name>
         <load_address>0xc84a</load_address>
         <run_address>0xc84a</run_address>
         <size>0x8a</size>
         <input_file_ref idref="fl-59"/>
      </object_component>
      <object_component id="oc-f1c">
         <name>.debug_frame</name>
         <load_address>0xc8d4</load_address>
         <run_address>0xc8d4</run_address>
         <size>0x9c</size>
         <input_file_ref idref="fl-59"/>
      </object_component>
      <object_component id="oc-f28">
         <name>.debug_frame</name>
         <load_address>0xc970</load_address>
         <run_address>0xc970</run_address>
         <size>0x86</size>
         <input_file_ref idref="fl-59"/>
      </object_component>
      <object_component id="oc-af3">
         <name>.debug_frame</name>
         <load_address>0xc9f6</load_address>
         <run_address>0xc9f6</run_address>
         <size>0x90</size>
         <input_file_ref idref="fl-59"/>
      </object_component>
      <object_component id="oc-333">
         <name>.debug_frame</name>
         <load_address>0xca86</load_address>
         <run_address>0xca86</run_address>
         <size>0x7f</size>
         <input_file_ref idref="fl-59"/>
      </object_component>
      <object_component id="oc-f59">
         <name>.debug_frame</name>
         <load_address>0xcb05</load_address>
         <run_address>0xcb05</run_address>
         <size>0x7f</size>
         <input_file_ref idref="fl-5a"/>
      </object_component>
      <object_component id="oc-f4d">
         <name>.debug_frame</name>
         <load_address>0xcb84</load_address>
         <run_address>0xcb84</run_address>
         <size>0x7f</size>
         <input_file_ref idref="fl-5a"/>
      </object_component>
      <object_component id="oc-138c">
         <name>.debug_frame</name>
         <load_address>0xcc03</load_address>
         <run_address>0xcc03</run_address>
         <size>0x86</size>
         <input_file_ref idref="fl-5e"/>
      </object_component>
      <object_component id="oc-1380">
         <name>.debug_frame</name>
         <load_address>0xcc89</load_address>
         <run_address>0xcc89</run_address>
         <size>0x86</size>
         <input_file_ref idref="fl-5e"/>
      </object_component>
      <object_component id="oc-161b">
         <name>.debug_frame</name>
         <load_address>0xcd0f</load_address>
         <run_address>0xcd0f</run_address>
         <size>0x7f</size>
         <input_file_ref idref="fl-5e"/>
      </object_component>
      <object_component id="oc-1609">
         <name>.debug_frame</name>
         <load_address>0xcd8e</load_address>
         <run_address>0xcd8e</run_address>
         <size>0x8f</size>
         <input_file_ref idref="fl-5e"/>
      </object_component>
      <object_component id="oc-1385">
         <name>.debug_frame</name>
         <load_address>0xce1d</load_address>
         <run_address>0xce1d</run_address>
         <size>0x7f</size>
         <input_file_ref idref="fl-5e"/>
      </object_component>
      <object_component id="oc-1610">
         <name>.debug_frame</name>
         <load_address>0xce9c</load_address>
         <run_address>0xce9c</run_address>
         <size>0x7f</size>
         <input_file_ref idref="fl-5e"/>
      </object_component>
      <object_component id="oc-132c">
         <name>.debug_frame</name>
         <load_address>0xcf1b</load_address>
         <run_address>0xcf1b</run_address>
         <size>0x7f</size>
         <input_file_ref idref="fl-5e"/>
      </object_component>
      <object_component id="oc-1319">
         <name>.debug_frame</name>
         <load_address>0xcf9a</load_address>
         <run_address>0xcf9a</run_address>
         <size>0x7f</size>
         <input_file_ref idref="fl-5e"/>
      </object_component>
      <object_component id="oc-130d">
         <name>.debug_frame</name>
         <load_address>0xd019</load_address>
         <run_address>0xd019</run_address>
         <size>0x86</size>
         <input_file_ref idref="fl-5e"/>
      </object_component>
      <object_component id="oc-1313">
         <name>.debug_frame</name>
         <load_address>0xd09f</load_address>
         <run_address>0xd09f</run_address>
         <size>0x7f</size>
         <input_file_ref idref="fl-5e"/>
      </object_component>
      <object_component id="oc-f5e">
         <name>.debug_frame</name>
         <load_address>0xd11e</load_address>
         <run_address>0xd11e</run_address>
         <size>0x7f</size>
         <input_file_ref idref="fl-5f"/>
      </object_component>
      <object_component id="oc-f53">
         <name>.debug_frame</name>
         <load_address>0xd19d</load_address>
         <run_address>0xd19d</run_address>
         <size>0x7f</size>
         <input_file_ref idref="fl-5f"/>
      </object_component>
      <object_component id="oc-a45">
         <name>.debug_frame</name>
         <load_address>0xd21c</load_address>
         <run_address>0xd21c</run_address>
         <size>0x73</size>
         <input_file_ref idref="fl-115"/>
      </object_component>
      <object_component id="oc-66">
         <name>.debug_frame</name>
         <load_address>0xd28f</load_address>
         <run_address>0xd28f</run_address>
         <size>0x51</size>
         <input_file_ref idref="fl-116"/>
      </object_component>
      <object_component id="oc-15">
         <name>.debug_frame</name>
         <load_address>0xd2e0</load_address>
         <run_address>0xd2e0</run_address>
         <size>0x60</size>
         <input_file_ref idref="fl-117"/>
      </object_component>
      <object_component id="oc-1e">
         <name>.debug_frame</name>
         <load_address>0xd340</load_address>
         <run_address>0xd340</run_address>
         <size>0x51</size>
         <input_file_ref idref="fl-118"/>
      </object_component>
      <object_component id="oc-20">
         <name>.debug_frame</name>
         <load_address>0xd391</load_address>
         <run_address>0xd391</run_address>
         <size>0x51</size>
         <input_file_ref idref="fl-119"/>
      </object_component>
      <object_component id="oc-a4">
         <name>.debug_frame</name>
         <load_address>0xd3e2</load_address>
         <run_address>0xd3e2</run_address>
         <size>0x60</size>
         <input_file_ref idref="fl-11a"/>
      </object_component>
      <object_component id="oc-9da">
         <name>.debug_frame</name>
         <load_address>0xd442</load_address>
         <run_address>0xd442</run_address>
         <size>0x73</size>
         <input_file_ref idref="fl-11b"/>
      </object_component>
      <object_component id="oc-a1f">
         <name>.debug_frame</name>
         <load_address>0xd4b5</load_address>
         <run_address>0xd4b5</run_address>
         <size>0x61</size>
         <input_file_ref idref="fl-11c"/>
      </object_component>
      <object_component id="oc-e64">
         <name>.debug_frame</name>
         <load_address>0xd516</load_address>
         <run_address>0xd516</run_address>
         <size>0x55</size>
         <input_file_ref idref="fl-11d"/>
      </object_component>
      <object_component id="oc-27c">
         <name>.debug_frame</name>
         <load_address>0xd56b</load_address>
         <run_address>0xd56b</run_address>
         <size>0x85</size>
         <input_file_ref idref="fl-11f"/>
      </object_component>
      <object_component id="oc-e67">
         <name>.debug_frame</name>
         <load_address>0xd5f0</load_address>
         <run_address>0xd5f0</run_address>
         <size>0x6a</size>
         <input_file_ref idref="fl-127"/>
      </object_component>
      <object_component id="oc-410">
         <name>.debug_frame</name>
         <load_address>0xd65a</load_address>
         <run_address>0xd65a</run_address>
         <size>0x9f</size>
         <input_file_ref idref="fl-128"/>
      </object_component>
      <object_component id="oc-41c">
         <name>.debug_frame</name>
         <load_address>0xd6f9</load_address>
         <run_address>0xd6f9</run_address>
         <size>0x51</size>
         <input_file_ref idref="fl-12b"/>
      </object_component>
      <object_component id="oc-c7a">
         <name>.debug_frame</name>
         <load_address>0xd74a</load_address>
         <run_address>0xd74a</run_address>
         <size>0x192</size>
         <input_file_ref idref="fl-12c"/>
      </object_component>
      <object_component id="oc-1086">
         <name>.debug_frame</name>
         <load_address>0xd8dc</load_address>
         <run_address>0xd8dc</run_address>
         <size>0x78</size>
         <input_file_ref idref="fl-12d"/>
      </object_component>
      <object_component id="oc-845">
         <name>.debug_frame</name>
         <load_address>0xd954</load_address>
         <run_address>0xd954</run_address>
         <size>0x1e2</size>
         <input_file_ref idref="fl-130"/>
      </object_component>
      <object_component id="oc-d1d">
         <name>.debug_frame</name>
         <load_address>0xdb36</load_address>
         <run_address>0xdb36</run_address>
         <size>0x5c</size>
         <input_file_ref idref="fl-131"/>
      </object_component>
      <object_component id="oc-17f6">
         <name>.debug_frame</name>
         <load_address>0xdb92</load_address>
         <run_address>0xdb92</run_address>
         <size>0x51</size>
         <input_file_ref idref="fl-135"/>
      </object_component>
      <object_component id="oc-cfd">
         <name>.debug_frame</name>
         <load_address>0xdbe3</load_address>
         <run_address>0xdbe3</run_address>
         <size>0x60</size>
         <input_file_ref idref="fl-137"/>
      </object_component>
      <object_component id="oc-d21">
         <name>.debug_frame</name>
         <load_address>0xdc43</load_address>
         <run_address>0xdc43</run_address>
         <size>0x58</size>
         <input_file_ref idref="fl-138"/>
      </object_component>
      <object_component id="oc-1199">
         <name>.debug_frame</name>
         <load_address>0xdc9b</load_address>
         <run_address>0xdc9b</run_address>
         <size>0x51</size>
         <input_file_ref idref="fl-139"/>
      </object_component>
      <object_component id="oc-d0d">
         <name>.debug_frame</name>
         <load_address>0xdcec</load_address>
         <run_address>0xdcec</run_address>
         <size>0x5c</size>
         <input_file_ref idref="fl-13a"/>
      </object_component>
      <object_component id="oc-d11">
         <name>.debug_frame</name>
         <load_address>0xdd48</load_address>
         <run_address>0xdd48</run_address>
         <size>0x60</size>
         <input_file_ref idref="fl-13b"/>
      </object_component>
      <object_component id="oc-d18">
         <name>.debug_frame</name>
         <load_address>0xdda8</load_address>
         <run_address>0xdda8</run_address>
         <size>0x51</size>
         <input_file_ref idref="fl-13c"/>
      </object_component>
      <object_component id="oc-108b">
         <name>.debug_frame</name>
         <load_address>0xddf9</load_address>
         <run_address>0xddf9</run_address>
         <size>0x51</size>
         <input_file_ref idref="fl-13d"/>
      </object_component>
      <object_component id="oc-1125">
         <name>.debug_frame</name>
         <load_address>0xde4a</load_address>
         <run_address>0xde4a</run_address>
         <size>0x51</size>
         <input_file_ref idref="fl-13e"/>
      </object_component>
      <object_component id="oc-57b">
         <name>.debug_abbrev</name>
         <load_address>0x0</load_address>
         <run_address>0x0</run_address>
         <size>0x14d</size>
         <input_file_ref idref="fl-2"/>
      </object_component>
      <object_component id="oc-b65">
         <name>.debug_abbrev</name>
         <load_address>0x14d</load_address>
         <run_address>0x14d</run_address>
         <size>0x29</size>
         <input_file_ref idref="fl-2"/>
      </object_component>
      <object_component id="oc-b67">
         <name>.debug_abbrev</name>
         <load_address>0x176</load_address>
         <run_address>0x176</run_address>
         <size>0x29</size>
         <input_file_ref idref="fl-2"/>
      </object_component>
      <object_component id="oc-72e">
         <name>.debug_abbrev</name>
         <load_address>0x19f</load_address>
         <run_address>0x19f</run_address>
         <size>0x29</size>
         <input_file_ref idref="fl-2"/>
      </object_component>
      <object_component id="oc-fb3">
         <name>.debug_abbrev</name>
         <load_address>0x1c8</load_address>
         <run_address>0x1c8</run_address>
         <size>0x29</size>
         <input_file_ref idref="fl-2"/>
      </object_component>
      <object_component id="oc-b72">
         <name>.debug_abbrev</name>
         <load_address>0x1f1</load_address>
         <run_address>0x1f1</run_address>
         <size>0x29</size>
         <input_file_ref idref="fl-2"/>
      </object_component>
      <object_component id="oc-6dc">
         <name>.debug_abbrev</name>
         <load_address>0x21a</load_address>
         <run_address>0x21a</run_address>
         <size>0x29</size>
         <input_file_ref idref="fl-2"/>
      </object_component>
      <object_component id="oc-1399">
         <name>.debug_abbrev</name>
         <load_address>0x243</load_address>
         <run_address>0x243</run_address>
         <size>0x29</size>
         <input_file_ref idref="fl-2"/>
      </object_component>
      <object_component id="oc-ff8">
         <name>.debug_abbrev</name>
         <load_address>0x26c</load_address>
         <run_address>0x26c</run_address>
         <size>0x29</size>
         <input_file_ref idref="fl-2"/>
      </object_component>
      <object_component id="oc-b7d">
         <name>.debug_abbrev</name>
         <load_address>0x295</load_address>
         <run_address>0x295</run_address>
         <size>0x29</size>
         <input_file_ref idref="fl-2"/>
      </object_component>
      <object_component id="oc-35b">
         <name>.debug_abbrev</name>
         <load_address>0x2be</load_address>
         <run_address>0x2be</run_address>
         <size>0x6d</size>
         <input_file_ref idref="fl-2"/>
      </object_component>
      <object_component id="oc-354">
         <name>.debug_abbrev</name>
         <load_address>0x32b</load_address>
         <run_address>0x32b</run_address>
         <size>0x6d</size>
         <input_file_ref idref="fl-2"/>
      </object_component>
      <object_component id="oc-57f">
         <name>.debug_abbrev</name>
         <load_address>0x398</load_address>
         <run_address>0x398</run_address>
         <size>0x78</size>
         <input_file_ref idref="fl-2"/>
      </object_component>
      <object_component id="oc-589">
         <name>.debug_abbrev</name>
         <load_address>0x410</load_address>
         <run_address>0x410</run_address>
         <size>0x87</size>
         <input_file_ref idref="fl-2"/>
      </object_component>
      <object_component id="oc-5cf">
         <name>.debug_abbrev</name>
         <load_address>0x497</load_address>
         <run_address>0x497</run_address>
         <size>0xd3</size>
         <input_file_ref idref="fl-2"/>
      </object_component>
      <object_component id="oc-593">
         <name>.debug_abbrev</name>
         <load_address>0x56a</load_address>
         <run_address>0x56a</run_address>
         <size>0x97</size>
         <input_file_ref idref="fl-2"/>
      </object_component>
      <object_component id="oc-58e">
         <name>.debug_abbrev</name>
         <load_address>0x601</load_address>
         <run_address>0x601</run_address>
         <size>0xbd</size>
         <input_file_ref idref="fl-2"/>
      </object_component>
      <object_component id="oc-1305">
         <name>.debug_abbrev</name>
         <load_address>0x6be</load_address>
         <run_address>0x6be</run_address>
         <size>0x49</size>
         <input_file_ref idref="fl-2"/>
      </object_component>
      <object_component id="oc-efc">
         <name>.debug_abbrev</name>
         <load_address>0x707</load_address>
         <run_address>0x707</run_address>
         <size>0x49</size>
         <input_file_ref idref="fl-2"/>
      </object_component>
      <object_component id="oc-56e">
         <name>.debug_abbrev</name>
         <load_address>0x750</load_address>
         <run_address>0x750</run_address>
         <size>0xf1</size>
         <input_file_ref idref="fl-2"/>
      </object_component>
      <object_component id="oc-e1">
         <name>.debug_abbrev</name>
         <load_address>0x841</load_address>
         <run_address>0x841</run_address>
         <size>0x92</size>
         <input_file_ref idref="fl-2"/>
      </object_component>
      <object_component id="oc-a5a">
         <name>.debug_abbrev</name>
         <load_address>0x8d3</load_address>
         <run_address>0x8d3</run_address>
         <size>0x8b</size>
         <input_file_ref idref="fl-2"/>
      </object_component>
      <object_component id="oc-598">
         <name>.debug_abbrev</name>
         <load_address>0x95e</load_address>
         <run_address>0x95e</run_address>
         <size>0x4b</size>
         <input_file_ref idref="fl-2"/>
      </object_component>
      <object_component id="oc-59d">
         <name>.debug_abbrev</name>
         <load_address>0x9a9</load_address>
         <run_address>0x9a9</run_address>
         <size>0x8b</size>
         <input_file_ref idref="fl-2"/>
      </object_component>
      <object_component id="oc-5a2">
         <name>.debug_abbrev</name>
         <load_address>0xa34</load_address>
         <run_address>0xa34</run_address>
         <size>0x6b</size>
         <input_file_ref idref="fl-2"/>
      </object_component>
      <object_component id="oc-3c9">
         <name>.debug_abbrev</name>
         <load_address>0xa9f</load_address>
         <run_address>0xa9f</run_address>
         <size>0xfb</size>
         <input_file_ref idref="fl-2"/>
      </object_component>
      <object_component id="oc-5a7">
         <name>.debug_abbrev</name>
         <load_address>0xb9a</load_address>
         <run_address>0xb9a</run_address>
         <size>0x4b</size>
         <input_file_ref idref="fl-2"/>
      </object_component>
      <object_component id="oc-5ac">
         <name>.debug_abbrev</name>
         <load_address>0xbe5</load_address>
         <run_address>0xbe5</run_address>
         <size>0x4b</size>
         <input_file_ref idref="fl-2"/>
      </object_component>
      <object_component id="oc-5b1">
         <name>.debug_abbrev</name>
         <load_address>0xc30</load_address>
         <run_address>0xc30</run_address>
         <size>0xa3</size>
         <input_file_ref idref="fl-2"/>
      </object_component>
      <object_component id="oc-5b6">
         <name>.debug_abbrev</name>
         <load_address>0xcd3</load_address>
         <run_address>0xcd3</run_address>
         <size>0x4b</size>
         <input_file_ref idref="fl-2"/>
      </object_component>
      <object_component id="oc-a55">
         <name>.debug_abbrev</name>
         <load_address>0xd1e</load_address>
         <run_address>0xd1e</run_address>
         <size>0x72</size>
         <input_file_ref idref="fl-2"/>
      </object_component>
      <object_component id="oc-5bb">
         <name>.debug_abbrev</name>
         <load_address>0xd90</load_address>
         <run_address>0xd90</run_address>
         <size>0x5c</size>
         <input_file_ref idref="fl-2"/>
      </object_component>
      <object_component id="oc-5c0">
         <name>.debug_abbrev</name>
         <load_address>0xdec</load_address>
         <run_address>0xdec</run_address>
         <size>0xa3</size>
         <input_file_ref idref="fl-2"/>
      </object_component>
      <object_component id="oc-5c5">
         <name>.debug_abbrev</name>
         <load_address>0xe8f</load_address>
         <run_address>0xe8f</run_address>
         <size>0xaa</size>
         <input_file_ref idref="fl-2"/>
      </object_component>
      <object_component id="oc-5ca">
         <name>.debug_abbrev</name>
         <load_address>0xf39</load_address>
         <run_address>0xf39</run_address>
         <size>0x5c</size>
         <input_file_ref idref="fl-2"/>
      </object_component>
      <object_component id="oc-546">
         <name>.debug_abbrev</name>
         <load_address>0xf95</load_address>
         <run_address>0xf95</run_address>
         <size>0xd4</size>
         <input_file_ref idref="fl-2"/>
      </object_component>
      <object_component id="oc-a50">
         <name>.debug_abbrev</name>
         <load_address>0x1069</load_address>
         <run_address>0x1069</run_address>
         <size>0xa1</size>
         <input_file_ref idref="fl-2"/>
      </object_component>
      <object_component id="oc-3ce">
         <name>.debug_abbrev</name>
         <load_address>0x110a</load_address>
         <run_address>0x110a</run_address>
         <size>0x92</size>
         <input_file_ref idref="fl-2"/>
      </object_component>
      <object_component id="oc-5d4">
         <name>.debug_abbrev</name>
         <load_address>0x119c</load_address>
         <run_address>0x119c</run_address>
         <size>0x72</size>
         <input_file_ref idref="fl-2"/>
      </object_component>
      <object_component id="oc-5d9">
         <name>.debug_abbrev</name>
         <load_address>0x120e</load_address>
         <run_address>0x120e</run_address>
         <size>0x4b</size>
         <input_file_ref idref="fl-2"/>
      </object_component>
      <object_component id="oc-5de">
         <name>.debug_abbrev</name>
         <load_address>0x1259</load_address>
         <run_address>0x1259</run_address>
         <size>0xf1</size>
         <input_file_ref idref="fl-2"/>
      </object_component>
      <object_component id="oc-55a">
         <name>.debug_abbrev</name>
         <load_address>0x134a</load_address>
         <run_address>0x134a</run_address>
         <size>0x4b</size>
         <input_file_ref idref="fl-2"/>
      </object_component>
      <object_component id="oc-54b">
         <name>.debug_abbrev</name>
         <load_address>0x1395</load_address>
         <run_address>0x1395</run_address>
         <size>0xaa</size>
         <input_file_ref idref="fl-2"/>
      </object_component>
      <object_component id="oc-5e3">
         <name>.debug_abbrev</name>
         <load_address>0x143f</load_address>
         <run_address>0x143f</run_address>
         <size>0x4b</size>
         <input_file_ref idref="fl-2"/>
      </object_component>
      <object_component id="oc-258">
         <name>.debug_abbrev</name>
         <load_address>0x148a</load_address>
         <run_address>0x148a</run_address>
         <size>0x1f</size>
         <input_file_ref idref="fl-2"/>
      </object_component>
      <object_component id="oc-3ec">
         <name>.debug_abbrev</name>
         <load_address>0x14a9</load_address>
         <run_address>0x14a9</run_address>
         <size>0x8d</size>
         <input_file_ref idref="fl-2"/>
      </object_component>
      <object_component id="oc-2fb">
         <name>.debug_abbrev</name>
         <load_address>0x1536</load_address>
         <run_address>0x1536</run_address>
         <size>0x4b</size>
         <input_file_ref idref="fl-2"/>
      </object_component>
      <object_component id="oc-19a">
         <name>.debug_abbrev</name>
         <load_address>0x1581</load_address>
         <run_address>0x1581</run_address>
         <size>0x24</size>
         <input_file_ref idref="fl-2"/>
      </object_component>
      <object_component id="oc-1a9">
         <name>.debug_abbrev</name>
         <load_address>0x15a5</load_address>
         <run_address>0x15a5</run_address>
         <size>0x7c</size>
         <input_file_ref idref="fl-2"/>
      </object_component>
      <object_component id="oc-573">
         <name>.debug_abbrev</name>
         <load_address>0x1621</load_address>
         <run_address>0x1621</run_address>
         <size>0x92</size>
         <input_file_ref idref="fl-2"/>
      </object_component>
      <object_component id="oc-1b8">
         <name>.debug_abbrev</name>
         <load_address>0x16b3</load_address>
         <run_address>0x16b3</run_address>
         <size>0x72</size>
         <input_file_ref idref="fl-2"/>
      </object_component>
      <object_component id="oc-2e2">
         <name>.debug_abbrev</name>
         <load_address>0x1725</load_address>
         <run_address>0x1725</run_address>
         <size>0x4b</size>
         <input_file_ref idref="fl-2"/>
      </object_component>
      <object_component id="oc-1bd">
         <name>.debug_abbrev</name>
         <load_address>0x1770</load_address>
         <run_address>0x1770</run_address>
         <size>0x24</size>
         <input_file_ref idref="fl-2"/>
      </object_component>
      <object_component id="oc-2e7">
         <name>.debug_abbrev</name>
         <load_address>0x1794</load_address>
         <run_address>0x1794</run_address>
         <size>0x4b</size>
         <input_file_ref idref="fl-2"/>
      </object_component>
      <object_component id="oc-578">
         <name>.debug_abbrev</name>
         <load_address>0x17df</load_address>
         <run_address>0x17df</run_address>
         <size>0x4b</size>
         <input_file_ref idref="fl-2"/>
      </object_component>
      <object_component id="oc-3e7">
         <name>.debug_abbrev</name>
         <load_address>0x182a</load_address>
         <run_address>0x182a</run_address>
         <size>0x7e</size>
         <input_file_ref idref="fl-2"/>
      </object_component>
      <object_component id="oc-127">
         <name>.debug_abbrev</name>
         <load_address>0x18a8</load_address>
         <run_address>0x18a8</run_address>
         <size>0xb4</size>
         <input_file_ref idref="fl-2"/>
      </object_component>
      <object_component id="oc-e6">
         <name>.debug_abbrev</name>
         <load_address>0x195c</load_address>
         <run_address>0x195c</run_address>
         <size>0xa3</size>
         <input_file_ref idref="fl-2"/>
      </object_component>
      <object_component id="oc-2d3">
         <name>.debug_abbrev</name>
         <load_address>0x19ff</load_address>
         <run_address>0x19ff</run_address>
         <size>0x4b</size>
         <input_file_ref idref="fl-2"/>
      </object_component>
      <object_component id="oc-5e8">
         <name>.debug_abbrev</name>
         <load_address>0x1a4a</load_address>
         <run_address>0x1a4a</run_address>
         <size>0x24</size>
         <input_file_ref idref="fl-2"/>
      </object_component>
      <object_component id="oc-2ce">
         <name>.debug_abbrev</name>
         <load_address>0x1a6e</load_address>
         <run_address>0x1a6e</run_address>
         <size>0x4b</size>
         <input_file_ref idref="fl-2"/>
      </object_component>
      <object_component id="oc-2a1">
         <name>.debug_abbrev</name>
         <load_address>0x1ab9</load_address>
         <run_address>0x1ab9</run_address>
         <size>0x35</size>
         <input_file_ref idref="fl-2"/>
      </object_component>
      <object_component id="oc-f0">
         <name>.debug_abbrev</name>
         <load_address>0x1aee</load_address>
         <run_address>0x1aee</run_address>
         <size>0x24</size>
         <input_file_ref idref="fl-2"/>
      </object_component>
      <object_component id="oc-584">
         <name>.debug_abbrev</name>
         <load_address>0x1b12</load_address>
         <run_address>0x1b12</run_address>
         <size>0x24</size>
         <input_file_ref idref="fl-2"/>
      </object_component>
      <object_component id="oc-d7">
         <name>.debug_abbrev</name>
         <load_address>0x1b36</load_address>
         <run_address>0x1b36</run_address>
         <size>0x24</size>
         <input_file_ref idref="fl-2"/>
      </object_component>
      <object_component id="oc-12c">
         <name>.debug_abbrev</name>
         <load_address>0x1b5a</load_address>
         <run_address>0x1b5a</run_address>
         <size>0x24</size>
         <input_file_ref idref="fl-2"/>
      </object_component>
      <object_component id="oc-136">
         <name>.debug_abbrev</name>
         <load_address>0x1b7e</load_address>
         <run_address>0x1b7e</run_address>
         <size>0x24</size>
         <input_file_ref idref="fl-2"/>
      </object_component>
      <object_component id="oc-2b0">
         <name>.debug_abbrev</name>
         <load_address>0x1ba2</load_address>
         <run_address>0x1ba2</run_address>
         <size>0x24</size>
         <input_file_ref idref="fl-2"/>
      </object_component>
      <object_component id="oc-145">
         <name>.debug_abbrev</name>
         <load_address>0x1bc6</load_address>
         <run_address>0x1bc6</run_address>
         <size>0x4b</size>
         <input_file_ref idref="fl-2"/>
      </object_component>
      <object_component id="oc-1396">
         <name>.debug_abbrev</name>
         <load_address>0x1c11</load_address>
         <run_address>0x1c11</run_address>
         <size>0x4b</size>
         <input_file_ref idref="fl-2"/>
      </object_component>
      <object_component id="oc-3d8">
         <name>.debug_abbrev</name>
         <load_address>0x1c5c</load_address>
         <run_address>0x1c5c</run_address>
         <size>0x44</size>
         <input_file_ref idref="fl-2"/>
      </object_component>
      <object_component id="oc-55f">
         <name>.debug_abbrev</name>
         <load_address>0x1ca0</load_address>
         <run_address>0x1ca0</run_address>
         <size>0x44</size>
         <input_file_ref idref="fl-2"/>
      </object_component>
      <object_component id="oc-569">
         <name>.debug_abbrev</name>
         <load_address>0x1ce4</load_address>
         <run_address>0x1ce4</run_address>
         <size>0x6b</size>
         <input_file_ref idref="fl-2"/>
      </object_component>
      <object_component id="oc-29c">
         <name>.debug_abbrev</name>
         <load_address>0x1d4f</load_address>
         <run_address>0x1d4f</run_address>
         <size>0xc3</size>
         <input_file_ref idref="fl-2"/>
      </object_component>
      <object_component id="oc-2dd">
         <name>.debug_abbrev</name>
         <load_address>0x1e12</load_address>
         <run_address>0x1e12</run_address>
         <size>0x3a</size>
         <input_file_ref idref="fl-2"/>
      </object_component>
      <object_component id="oc-2c9">
         <name>.debug_abbrev</name>
         <load_address>0x1e4c</load_address>
         <run_address>0x1e4c</run_address>
         <size>0x3a</size>
         <input_file_ref idref="fl-2"/>
      </object_component>
      <object_component id="oc-3c0">
         <name>.debug_abbrev</name>
         <load_address>0x1e86</load_address>
         <run_address>0x1e86</run_address>
         <size>0x149</size>
         <input_file_ref idref="fl-3"/>
      </object_component>
      <object_component id="oc-255">
         <name>.debug_abbrev</name>
         <load_address>0x1fcf</load_address>
         <run_address>0x1fcf</run_address>
         <size>0x6e</size>
         <input_file_ref idref="fl-3"/>
      </object_component>
      <object_component id="oc-3c4">
         <name>.debug_abbrev</name>
         <load_address>0x203d</load_address>
         <run_address>0x203d</run_address>
         <size>0x9d</size>
         <input_file_ref idref="fl-3"/>
      </object_component>
      <object_component id="oc-522">
         <name>.debug_abbrev</name>
         <load_address>0x20da</load_address>
         <run_address>0x20da</run_address>
         <size>0xbe</size>
         <input_file_ref idref="fl-3"/>
      </object_component>
      <object_component id="oc-3fb">
         <name>.debug_abbrev</name>
         <load_address>0x2198</load_address>
         <run_address>0x2198</run_address>
         <size>0x100</size>
         <input_file_ref idref="fl-3"/>
      </object_component>
      <object_component id="oc-816">
         <name>.debug_abbrev</name>
         <load_address>0x2298</load_address>
         <run_address>0x2298</run_address>
         <size>0x4b</size>
         <input_file_ref idref="fl-3"/>
      </object_component>
      <object_component id="oc-50e">
         <name>.debug_abbrev</name>
         <load_address>0x22e3</load_address>
         <run_address>0x22e3</run_address>
         <size>0xcf</size>
         <input_file_ref idref="fl-3"/>
      </object_component>
      <object_component id="oc-2ba">
         <name>.debug_abbrev</name>
         <load_address>0x23b2</load_address>
         <run_address>0x23b2</run_address>
         <size>0x5c</size>
         <input_file_ref idref="fl-3"/>
      </object_component>
      <object_component id="oc-513">
         <name>.debug_abbrev</name>
         <load_address>0x240e</load_address>
         <run_address>0x240e</run_address>
         <size>0xca</size>
         <input_file_ref idref="fl-3"/>
      </object_component>
      <object_component id="oc-518">
         <name>.debug_abbrev</name>
         <load_address>0x24d8</load_address>
         <run_address>0x24d8</run_address>
         <size>0x4b</size>
         <input_file_ref idref="fl-3"/>
      </object_component>
      <object_component id="oc-51d">
         <name>.debug_abbrev</name>
         <load_address>0x2523</load_address>
         <run_address>0x2523</run_address>
         <size>0xcf</size>
         <input_file_ref idref="fl-3"/>
      </object_component>
      <object_component id="oc-2c4">
         <name>.debug_abbrev</name>
         <load_address>0x25f2</load_address>
         <run_address>0x25f2</run_address>
         <size>0x4b</size>
         <input_file_ref idref="fl-3"/>
      </object_component>
      <object_component id="oc-820">
         <name>.debug_abbrev</name>
         <load_address>0x263d</load_address>
         <run_address>0x263d</run_address>
         <size>0x4b</size>
         <input_file_ref idref="fl-3"/>
      </object_component>
      <object_component id="oc-1b3">
         <name>.debug_abbrev</name>
         <load_address>0x2688</load_address>
         <run_address>0x2688</run_address>
         <size>0x24</size>
         <input_file_ref idref="fl-3"/>
      </object_component>
      <object_component id="oc-2f1">
         <name>.debug_abbrev</name>
         <load_address>0x26ac</load_address>
         <run_address>0x26ac</run_address>
         <size>0x4b</size>
         <input_file_ref idref="fl-3"/>
      </object_component>
      <object_component id="oc-3e2">
         <name>.debug_abbrev</name>
         <load_address>0x26f7</load_address>
         <run_address>0x26f7</run_address>
         <size>0x5c</size>
         <input_file_ref idref="fl-3"/>
      </object_component>
      <object_component id="oc-2ec">
         <name>.debug_abbrev</name>
         <load_address>0x2753</load_address>
         <run_address>0x2753</run_address>
         <size>0x4b</size>
         <input_file_ref idref="fl-3"/>
      </object_component>
      <object_component id="oc-f5">
         <name>.debug_abbrev</name>
         <load_address>0x279e</load_address>
         <run_address>0x279e</run_address>
         <size>0x4b</size>
         <input_file_ref idref="fl-3"/>
      </object_component>
      <object_component id="oc-fa">
         <name>.debug_abbrev</name>
         <load_address>0x27e9</load_address>
         <run_address>0x27e9</run_address>
         <size>0xa3</size>
         <input_file_ref idref="fl-3"/>
      </object_component>
      <object_component id="oc-2d8">
         <name>.debug_abbrev</name>
         <load_address>0x288c</load_address>
         <run_address>0x288c</run_address>
         <size>0x4b</size>
         <input_file_ref idref="fl-3"/>
      </object_component>
      <object_component id="oc-3d3">
         <name>.debug_abbrev</name>
         <load_address>0x28d7</load_address>
         <run_address>0x28d7</run_address>
         <size>0x61</size>
         <input_file_ref idref="fl-3"/>
      </object_component>
      <object_component id="oc-3dd">
         <name>.debug_abbrev</name>
         <load_address>0x2938</load_address>
         <run_address>0x2938</run_address>
         <size>0x44</size>
         <input_file_ref idref="fl-3"/>
      </object_component>
      <object_component id="oc-3f1">
         <name>.debug_abbrev</name>
         <load_address>0x297c</load_address>
         <run_address>0x297c</run_address>
         <size>0x6b</size>
         <input_file_ref idref="fl-3"/>
      </object_component>
      <object_component id="oc-25d">
         <name>.debug_abbrev</name>
         <load_address>0x29e7</load_address>
         <run_address>0x29e7</run_address>
         <size>0x44</size>
         <input_file_ref idref="fl-3"/>
      </object_component>
      <object_component id="oc-3f6">
         <name>.debug_abbrev</name>
         <load_address>0x2a2b</load_address>
         <run_address>0x2a2b</run_address>
         <size>0x44</size>
         <input_file_ref idref="fl-3"/>
      </object_component>
      <object_component id="oc-81b">
         <name>.debug_abbrev</name>
         <load_address>0x2a6f</load_address>
         <run_address>0x2a6f</run_address>
         <size>0x3a</size>
         <input_file_ref idref="fl-3"/>
      </object_component>
      <object_component id="oc-2a6">
         <name>.debug_abbrev</name>
         <load_address>0x2aa9</load_address>
         <run_address>0x2aa9</run_address>
         <size>0xc3</size>
         <input_file_ref idref="fl-3"/>
      </object_component>
      <object_component id="oc-e48">
         <name>.debug_abbrev</name>
         <load_address>0x2b6c</load_address>
         <run_address>0x2b6c</run_address>
         <size>0xb0</size>
         <input_file_ref idref="fl-4"/>
      </object_component>
      <object_component id="oc-e46">
         <name>.debug_abbrev</name>
         <load_address>0x2c1c</load_address>
         <run_address>0x2c1c</run_address>
         <size>0x27</size>
         <input_file_ref idref="fl-4"/>
      </object_component>
      <object_component id="oc-1190">
         <name>.debug_abbrev</name>
         <load_address>0x2c43</load_address>
         <run_address>0x2c43</run_address>
         <size>0x27</size>
         <input_file_ref idref="fl-4"/>
      </object_component>
      <object_component id="oc-1189">
         <name>.debug_abbrev</name>
         <load_address>0x2c6a</load_address>
         <run_address>0x2c6a</run_address>
         <size>0x29</size>
         <input_file_ref idref="fl-4"/>
      </object_component>
      <object_component id="oc-118e">
         <name>.debug_abbrev</name>
         <load_address>0x2c93</load_address>
         <run_address>0x2c93</run_address>
         <size>0x29</size>
         <input_file_ref idref="fl-4"/>
      </object_component>
      <object_component id="oc-1170">
         <name>.debug_abbrev</name>
         <load_address>0x2cbc</load_address>
         <run_address>0x2cbc</run_address>
         <size>0x7d</size>
         <input_file_ref idref="fl-4"/>
      </object_component>
      <object_component id="oc-1174">
         <name>.debug_abbrev</name>
         <load_address>0x2d39</load_address>
         <run_address>0x2d39</run_address>
         <size>0x7d</size>
         <input_file_ref idref="fl-4"/>
      </object_component>
      <object_component id="oc-1179">
         <name>.debug_abbrev</name>
         <load_address>0x2db6</load_address>
         <run_address>0x2db6</run_address>
         <size>0x7d</size>
         <input_file_ref idref="fl-4"/>
      </object_component>
      <object_component id="oc-1176">
         <name>.debug_abbrev</name>
         <load_address>0x2e33</load_address>
         <run_address>0x2e33</run_address>
         <size>0x7d</size>
         <input_file_ref idref="fl-4"/>
      </object_component>
      <object_component id="oc-118b">
         <name>.debug_abbrev</name>
         <load_address>0x2eb0</load_address>
         <run_address>0x2eb0</run_address>
         <size>0x7d</size>
         <input_file_ref idref="fl-4"/>
      </object_component>
      <object_component id="oc-1183">
         <name>.debug_abbrev</name>
         <load_address>0x2f2d</load_address>
         <run_address>0x2f2d</run_address>
         <size>0x7d</size>
         <input_file_ref idref="fl-4"/>
      </object_component>
      <object_component id="oc-1184">
         <name>.debug_abbrev</name>
         <load_address>0x2faa</load_address>
         <run_address>0x2faa</run_address>
         <size>0x7d</size>
         <input_file_ref idref="fl-4"/>
      </object_component>
      <object_component id="oc-1188">
         <name>.debug_abbrev</name>
         <load_address>0x3027</load_address>
         <run_address>0x3027</run_address>
         <size>0x7d</size>
         <input_file_ref idref="fl-4"/>
      </object_component>
      <object_component id="oc-1187">
         <name>.debug_abbrev</name>
         <load_address>0x30a4</load_address>
         <run_address>0x30a4</run_address>
         <size>0x7d</size>
         <input_file_ref idref="fl-4"/>
      </object_component>
      <object_component id="oc-1171">
         <name>.debug_abbrev</name>
         <load_address>0x3121</load_address>
         <run_address>0x3121</run_address>
         <size>0x7d</size>
         <input_file_ref idref="fl-4"/>
      </object_component>
      <object_component id="oc-118c">
         <name>.debug_abbrev</name>
         <load_address>0x319e</load_address>
         <run_address>0x319e</run_address>
         <size>0x7d</size>
         <input_file_ref idref="fl-4"/>
      </object_component>
      <object_component id="oc-e31">
         <name>.debug_abbrev</name>
         <load_address>0x321b</load_address>
         <run_address>0x321b</run_address>
         <size>0x7d</size>
         <input_file_ref idref="fl-4"/>
      </object_component>
      <object_component id="oc-e1a">
         <name>.debug_abbrev</name>
         <load_address>0x3298</load_address>
         <run_address>0x3298</run_address>
         <size>0x7d</size>
         <input_file_ref idref="fl-4"/>
      </object_component>
      <object_component id="oc-e19">
         <name>.debug_abbrev</name>
         <load_address>0x3315</load_address>
         <run_address>0x3315</run_address>
         <size>0x7d</size>
         <input_file_ref idref="fl-4"/>
      </object_component>
      <object_component id="oc-dad">
         <name>.debug_abbrev</name>
         <load_address>0x3392</load_address>
         <run_address>0x3392</run_address>
         <size>0x7d</size>
         <input_file_ref idref="fl-4"/>
      </object_component>
      <object_component id="oc-117a">
         <name>.debug_abbrev</name>
         <load_address>0x340f</load_address>
         <run_address>0x340f</run_address>
         <size>0x7d</size>
         <input_file_ref idref="fl-4"/>
      </object_component>
      <object_component id="oc-e1c">
         <name>.debug_abbrev</name>
         <load_address>0x348c</load_address>
         <run_address>0x348c</run_address>
         <size>0x7d</size>
         <input_file_ref idref="fl-4"/>
      </object_component>
      <object_component id="oc-e1e">
         <name>.debug_abbrev</name>
         <load_address>0x3509</load_address>
         <run_address>0x3509</run_address>
         <size>0x7d</size>
         <input_file_ref idref="fl-4"/>
      </object_component>
      <object_component id="oc-e1b">
         <name>.debug_abbrev</name>
         <load_address>0x3586</load_address>
         <run_address>0x3586</run_address>
         <size>0x7d</size>
         <input_file_ref idref="fl-4"/>
      </object_component>
      <object_component id="oc-e1d">
         <name>.debug_abbrev</name>
         <load_address>0x3603</load_address>
         <run_address>0x3603</run_address>
         <size>0x7d</size>
         <input_file_ref idref="fl-4"/>
      </object_component>
      <object_component id="oc-e14">
         <name>.debug_abbrev</name>
         <load_address>0x3680</load_address>
         <run_address>0x3680</run_address>
         <size>0x7d</size>
         <input_file_ref idref="fl-4"/>
      </object_component>
      <object_component id="oc-e17">
         <name>.debug_abbrev</name>
         <load_address>0x36fd</load_address>
         <run_address>0x36fd</run_address>
         <size>0x7d</size>
         <input_file_ref idref="fl-4"/>
      </object_component>
      <object_component id="oc-e4a">
         <name>.debug_abbrev</name>
         <load_address>0x377a</load_address>
         <run_address>0x377a</run_address>
         <size>0x7d</size>
         <input_file_ref idref="fl-4"/>
      </object_component>
      <object_component id="oc-e16">
         <name>.debug_abbrev</name>
         <load_address>0x37f7</load_address>
         <run_address>0x37f7</run_address>
         <size>0x7d</size>
         <input_file_ref idref="fl-4"/>
      </object_component>
      <object_component id="oc-e12">
         <name>.debug_abbrev</name>
         <load_address>0x3874</load_address>
         <run_address>0x3874</run_address>
         <size>0x7d</size>
         <input_file_ref idref="fl-4"/>
      </object_component>
      <object_component id="oc-e42">
         <name>.debug_abbrev</name>
         <load_address>0x38f1</load_address>
         <run_address>0x38f1</run_address>
         <size>0x7d</size>
         <input_file_ref idref="fl-4"/>
      </object_component>
      <object_component id="oc-e4b">
         <name>.debug_abbrev</name>
         <load_address>0x396e</load_address>
         <run_address>0x396e</run_address>
         <size>0x7d</size>
         <input_file_ref idref="fl-4"/>
      </object_component>
      <object_component id="oc-e4c">
         <name>.debug_abbrev</name>
         <load_address>0x39eb</load_address>
         <run_address>0x39eb</run_address>
         <size>0x7d</size>
         <input_file_ref idref="fl-4"/>
      </object_component>
      <object_component id="oc-e4d">
         <name>.debug_abbrev</name>
         <load_address>0x3a68</load_address>
         <run_address>0x3a68</run_address>
         <size>0x7d</size>
         <input_file_ref idref="fl-4"/>
      </object_component>
      <object_component id="oc-99f">
         <name>.debug_abbrev</name>
         <load_address>0x3ae5</load_address>
         <run_address>0x3ae5</run_address>
         <size>0x8b</size>
         <input_file_ref idref="fl-4"/>
      </object_component>
      <object_component id="oc-e32">
         <name>.debug_abbrev</name>
         <load_address>0x3b70</load_address>
         <run_address>0x3b70</run_address>
         <size>0x7d</size>
         <input_file_ref idref="fl-4"/>
      </object_component>
      <object_component id="oc-e2f">
         <name>.debug_abbrev</name>
         <load_address>0x3bed</load_address>
         <run_address>0x3bed</run_address>
         <size>0x7d</size>
         <input_file_ref idref="fl-4"/>
      </object_component>
      <object_component id="oc-e30">
         <name>.debug_abbrev</name>
         <load_address>0x3c6a</load_address>
         <run_address>0x3c6a</run_address>
         <size>0x7d</size>
         <input_file_ref idref="fl-4"/>
      </object_component>
      <object_component id="oc-e33">
         <name>.debug_abbrev</name>
         <load_address>0x3ce7</load_address>
         <run_address>0x3ce7</run_address>
         <size>0x7d</size>
         <input_file_ref idref="fl-4"/>
      </object_component>
      <object_component id="oc-e2c">
         <name>.debug_abbrev</name>
         <load_address>0x3d64</load_address>
         <run_address>0x3d64</run_address>
         <size>0x7d</size>
         <input_file_ref idref="fl-4"/>
      </object_component>
      <object_component id="oc-e2e">
         <name>.debug_abbrev</name>
         <load_address>0x3de1</load_address>
         <run_address>0x3de1</run_address>
         <size>0x7d</size>
         <input_file_ref idref="fl-4"/>
      </object_component>
      <object_component id="oc-e2d">
         <name>.debug_abbrev</name>
         <load_address>0x3e5e</load_address>
         <run_address>0x3e5e</run_address>
         <size>0x7d</size>
         <input_file_ref idref="fl-4"/>
      </object_component>
      <object_component id="oc-149a">
         <name>.debug_abbrev</name>
         <load_address>0x3edb</load_address>
         <run_address>0x3edb</run_address>
         <size>0x7d</size>
         <input_file_ref idref="fl-4"/>
      </object_component>
      <object_component id="oc-1186">
         <name>.debug_abbrev</name>
         <load_address>0x3f58</load_address>
         <run_address>0x3f58</run_address>
         <size>0x8b</size>
         <input_file_ref idref="fl-4"/>
      </object_component>
      <object_component id="oc-1182">
         <name>.debug_abbrev</name>
         <load_address>0x3fe3</load_address>
         <run_address>0x3fe3</run_address>
         <size>0x7d</size>
         <input_file_ref idref="fl-4"/>
      </object_component>
      <object_component id="oc-1172">
         <name>.debug_abbrev</name>
         <load_address>0x4060</load_address>
         <run_address>0x4060</run_address>
         <size>0x8b</size>
         <input_file_ref idref="fl-4"/>
      </object_component>
      <object_component id="oc-dac">
         <name>.debug_abbrev</name>
         <load_address>0x40eb</load_address>
         <run_address>0x40eb</run_address>
         <size>0x8b</size>
         <input_file_ref idref="fl-4"/>
      </object_component>
      <object_component id="oc-e13">
         <name>.debug_abbrev</name>
         <load_address>0x4176</load_address>
         <run_address>0x4176</run_address>
         <size>0x7d</size>
         <input_file_ref idref="fl-4"/>
      </object_component>
      <object_component id="oc-e18">
         <name>.debug_abbrev</name>
         <load_address>0x41f3</load_address>
         <run_address>0x41f3</run_address>
         <size>0x7d</size>
         <input_file_ref idref="fl-4"/>
      </object_component>
      <object_component id="oc-e41">
         <name>.debug_abbrev</name>
         <load_address>0x4270</load_address>
         <run_address>0x4270</run_address>
         <size>0x7d</size>
         <input_file_ref idref="fl-4"/>
      </object_component>
      <object_component id="oc-e45">
         <name>.debug_abbrev</name>
         <load_address>0x42ed</load_address>
         <run_address>0x42ed</run_address>
         <size>0x7d</size>
         <input_file_ref idref="fl-4"/>
      </object_component>
      <object_component id="oc-e44">
         <name>.debug_abbrev</name>
         <load_address>0x436a</load_address>
         <run_address>0x436a</run_address>
         <size>0x7d</size>
         <input_file_ref idref="fl-4"/>
      </object_component>
      <object_component id="oc-e43">
         <name>.debug_abbrev</name>
         <load_address>0x43e7</load_address>
         <run_address>0x43e7</run_address>
         <size>0x7d</size>
         <input_file_ref idref="fl-4"/>
      </object_component>
      <object_component id="oc-e15">
         <name>.debug_abbrev</name>
         <load_address>0x4464</load_address>
         <run_address>0x4464</run_address>
         <size>0x7d</size>
         <input_file_ref idref="fl-4"/>
      </object_component>
      <object_component id="oc-e4e">
         <name>.debug_abbrev</name>
         <load_address>0x44e1</load_address>
         <run_address>0x44e1</run_address>
         <size>0x8b</size>
         <input_file_ref idref="fl-4"/>
      </object_component>
      <object_component id="oc-9a2">
         <name>.debug_abbrev</name>
         <load_address>0x456c</load_address>
         <run_address>0x456c</run_address>
         <size>0x8b</size>
         <input_file_ref idref="fl-4"/>
      </object_component>
      <object_component id="oc-118d">
         <name>.debug_abbrev</name>
         <load_address>0x45f7</load_address>
         <run_address>0x45f7</run_address>
         <size>0x7d</size>
         <input_file_ref idref="fl-4"/>
      </object_component>
      <object_component id="oc-e52">
         <name>.debug_abbrev</name>
         <load_address>0x4674</load_address>
         <run_address>0x4674</run_address>
         <size>0x6e</size>
         <input_file_ref idref="fl-4"/>
      </object_component>
      <object_component id="oc-e53">
         <name>.debug_abbrev</name>
         <load_address>0x46e2</load_address>
         <run_address>0x46e2</run_address>
         <size>0x6e</size>
         <input_file_ref idref="fl-4"/>
      </object_component>
      <object_component id="oc-e54">
         <name>.debug_abbrev</name>
         <load_address>0x4750</load_address>
         <run_address>0x4750</run_address>
         <size>0x6e</size>
         <input_file_ref idref="fl-4"/>
      </object_component>
      <object_component id="oc-e40">
         <name>.debug_abbrev</name>
         <load_address>0x47be</load_address>
         <run_address>0x47be</run_address>
         <size>0x7c</size>
         <input_file_ref idref="fl-4"/>
      </object_component>
      <object_component id="oc-1185">
         <name>.debug_abbrev</name>
         <load_address>0x483a</load_address>
         <run_address>0x483a</run_address>
         <size>0x7d</size>
         <input_file_ref idref="fl-4"/>
      </object_component>
      <object_component id="oc-9a1">
         <name>.debug_abbrev</name>
         <load_address>0x48b7</load_address>
         <run_address>0x48b7</run_address>
         <size>0x8b</size>
         <input_file_ref idref="fl-4"/>
      </object_component>
      <object_component id="oc-d8e">
         <name>.debug_abbrev</name>
         <load_address>0x4942</load_address>
         <run_address>0x4942</run_address>
         <size>0x8b</size>
         <input_file_ref idref="fl-4"/>
      </object_component>
      <object_component id="oc-1175">
         <name>.debug_abbrev</name>
         <load_address>0x49cd</load_address>
         <run_address>0x49cd</run_address>
         <size>0x7d</size>
         <input_file_ref idref="fl-4"/>
      </object_component>
      <object_component id="oc-1178">
         <name>.debug_abbrev</name>
         <load_address>0x4a4a</load_address>
         <run_address>0x4a4a</run_address>
         <size>0x7d</size>
         <input_file_ref idref="fl-4"/>
      </object_component>
      <object_component id="oc-1177">
         <name>.debug_abbrev</name>
         <load_address>0x4ac7</load_address>
         <run_address>0x4ac7</run_address>
         <size>0x7d</size>
         <input_file_ref idref="fl-4"/>
      </object_component>
      <object_component id="oc-1173">
         <name>.debug_abbrev</name>
         <load_address>0x4b44</load_address>
         <run_address>0x4b44</run_address>
         <size>0x7d</size>
         <input_file_ref idref="fl-4"/>
      </object_component>
      <object_component id="oc-117b">
         <name>.debug_abbrev</name>
         <load_address>0x4bc1</load_address>
         <run_address>0x4bc1</run_address>
         <size>0x7d</size>
         <input_file_ref idref="fl-4"/>
      </object_component>
      <object_component id="oc-d9f">
         <name>.debug_abbrev</name>
         <load_address>0x4c3e</load_address>
         <run_address>0x4c3e</run_address>
         <size>0x7d</size>
         <input_file_ref idref="fl-4"/>
      </object_component>
      <object_component id="oc-e11">
         <name>.debug_abbrev</name>
         <load_address>0x4cbb</load_address>
         <run_address>0x4cbb</run_address>
         <size>0x7d</size>
         <input_file_ref idref="fl-4"/>
      </object_component>
      <object_component id="oc-9bb">
         <name>.debug_abbrev</name>
         <load_address>0x4d38</load_address>
         <run_address>0x4d38</run_address>
         <size>0x7c</size>
         <input_file_ref idref="fl-4"/>
      </object_component>
      <object_component id="oc-984">
         <name>.debug_abbrev</name>
         <load_address>0x4db4</load_address>
         <run_address>0x4db4</run_address>
         <size>0x8b</size>
         <input_file_ref idref="fl-4"/>
      </object_component>
      <object_component id="oc-40">
         <name>.debug_abbrev</name>
         <load_address>0x4e3f</load_address>
         <run_address>0x4e3f</run_address>
         <size>0x1f</size>
         <input_file_ref idref="fl-4"/>
      </object_component>
      <object_component id="oc-d8f">
         <name>.debug_abbrev</name>
         <load_address>0x4e5e</load_address>
         <run_address>0x4e5e</run_address>
         <size>0x14f</size>
         <input_file_ref idref="fl-5"/>
      </object_component>
      <object_component id="oc-d87">
         <name>.debug_abbrev</name>
         <load_address>0x4fad</load_address>
         <run_address>0x4fad</run_address>
         <size>0x52</size>
         <input_file_ref idref="fl-5"/>
      </object_component>
      <object_component id="oc-116f">
         <name>.debug_abbrev</name>
         <load_address>0x4fff</load_address>
         <run_address>0x4fff</run_address>
         <size>0x7a</size>
         <input_file_ref idref="fl-5"/>
      </object_component>
      <object_component id="oc-116e">
         <name>.debug_abbrev</name>
         <load_address>0x5079</load_address>
         <run_address>0x5079</run_address>
         <size>0x7c</size>
         <input_file_ref idref="fl-5"/>
      </object_component>
      <object_component id="oc-116d">
         <name>.debug_abbrev</name>
         <load_address>0x50f5</load_address>
         <run_address>0x50f5</run_address>
         <size>0x7c</size>
         <input_file_ref idref="fl-5"/>
      </object_component>
      <object_component id="oc-116c">
         <name>.debug_abbrev</name>
         <load_address>0x5171</load_address>
         <run_address>0x5171</run_address>
         <size>0x7c</size>
         <input_file_ref idref="fl-5"/>
      </object_component>
      <object_component id="oc-e2b">
         <name>.debug_abbrev</name>
         <load_address>0x51ed</load_address>
         <run_address>0x51ed</run_address>
         <size>0x7d</size>
         <input_file_ref idref="fl-5"/>
      </object_component>
      <object_component id="oc-962">
         <name>.debug_abbrev</name>
         <load_address>0x526a</load_address>
         <run_address>0x526a</run_address>
         <size>0x8b</size>
         <input_file_ref idref="fl-5"/>
      </object_component>
      <object_component id="oc-8bd">
         <name>.debug_abbrev</name>
         <load_address>0x52f5</load_address>
         <run_address>0x52f5</run_address>
         <size>0x6e</size>
         <input_file_ref idref="fl-5"/>
      </object_component>
      <object_component id="oc-d93">
         <name>.debug_abbrev</name>
         <load_address>0x5363</load_address>
         <run_address>0x5363</run_address>
         <size>0xbd</size>
         <input_file_ref idref="fl-5"/>
      </object_component>
      <object_component id="oc-d98">
         <name>.debug_abbrev</name>
         <load_address>0x5420</load_address>
         <run_address>0x5420</run_address>
         <size>0x44</size>
         <input_file_ref idref="fl-5"/>
      </object_component>
      <object_component id="oc-d9c">
         <name>.debug_abbrev</name>
         <load_address>0x5464</load_address>
         <run_address>0x5464</run_address>
         <size>0x22</size>
         <input_file_ref idref="fl-5"/>
      </object_component>
      <object_component id="oc-400">
         <name>.debug_abbrev</name>
         <load_address>0x5486</load_address>
         <run_address>0x5486</run_address>
         <size>0x17e</size>
         <input_file_ref idref="fl-6"/>
      </object_component>
      <object_component id="oc-435">
         <name>.debug_abbrev</name>
         <load_address>0x5604</load_address>
         <run_address>0x5604</run_address>
         <size>0x60</size>
         <input_file_ref idref="fl-6"/>
      </object_component>
      <object_component id="oc-4ac">
         <name>.debug_abbrev</name>
         <load_address>0x5664</load_address>
         <run_address>0x5664</run_address>
         <size>0x6e</size>
         <input_file_ref idref="fl-6"/>
      </object_component>
      <object_component id="oc-3fe">
         <name>.debug_abbrev</name>
         <load_address>0x56d2</load_address>
         <run_address>0x56d2</run_address>
         <size>0x11f</size>
         <input_file_ref idref="fl-7"/>
      </object_component>
      <object_component id="oc-50b">
         <name>.debug_abbrev</name>
         <load_address>0x57f1</load_address>
         <run_address>0x57f1</run_address>
         <size>0x6e</size>
         <input_file_ref idref="fl-7"/>
      </object_component>
      <object_component id="oc-402">
         <name>.debug_abbrev</name>
         <load_address>0x585f</load_address>
         <run_address>0x585f</run_address>
         <size>0x118</size>
         <input_file_ref idref="fl-8"/>
      </object_component>
      <object_component id="oc-e7b">
         <name>.debug_abbrev</name>
         <load_address>0x5977</load_address>
         <run_address>0x5977</run_address>
         <size>0x27</size>
         <input_file_ref idref="fl-8"/>
      </object_component>
      <object_component id="oc-e7d">
         <name>.debug_abbrev</name>
         <load_address>0x599e</load_address>
         <run_address>0x599e</run_address>
         <size>0x6e</size>
         <input_file_ref idref="fl-8"/>
      </object_component>
      <object_component id="oc-a10">
         <name>.debug_abbrev</name>
         <load_address>0x5a0c</load_address>
         <run_address>0x5a0c</run_address>
         <size>0x6c</size>
         <input_file_ref idref="fl-8"/>
      </object_component>
      <object_component id="oc-a27">
         <name>.debug_abbrev</name>
         <load_address>0x5a78</load_address>
         <run_address>0x5a78</run_address>
         <size>0x5e</size>
         <input_file_ref idref="fl-8"/>
      </object_component>
      <object_component id="oc-a09">
         <name>.debug_abbrev</name>
         <load_address>0x5ad6</load_address>
         <run_address>0x5ad6</run_address>
         <size>0x6c</size>
         <input_file_ref idref="fl-8"/>
      </object_component>
      <object_component id="oc-a08">
         <name>.debug_abbrev</name>
         <load_address>0x5b42</load_address>
         <run_address>0x5b42</run_address>
         <size>0x6c</size>
         <input_file_ref idref="fl-8"/>
      </object_component>
      <object_component id="oc-a28">
         <name>.debug_abbrev</name>
         <load_address>0x5bae</load_address>
         <run_address>0x5bae</run_address>
         <size>0x6c</size>
         <input_file_ref idref="fl-8"/>
      </object_component>
      <object_component id="oc-a26">
         <name>.debug_abbrev</name>
         <load_address>0x5c1a</load_address>
         <run_address>0x5c1a</run_address>
         <size>0x6c</size>
         <input_file_ref idref="fl-8"/>
      </object_component>
      <object_component id="oc-a04">
         <name>.debug_abbrev</name>
         <load_address>0x5c86</load_address>
         <run_address>0x5c86</run_address>
         <size>0x5e</size>
         <input_file_ref idref="fl-8"/>
      </object_component>
      <object_component id="oc-a2d">
         <name>.debug_abbrev</name>
         <load_address>0x5ce4</load_address>
         <run_address>0x5ce4</run_address>
         <size>0x50</size>
         <input_file_ref idref="fl-8"/>
      </object_component>
      <object_component id="oc-d3">
         <name>.debug_abbrev</name>
         <load_address>0x5d34</load_address>
         <run_address>0x5d34</run_address>
         <size>0x1d3</size>
         <input_file_ref idref="fl-c"/>
      </object_component>
      <object_component id="oc-16e9">
         <name>.debug_abbrev</name>
         <load_address>0x5f07</load_address>
         <run_address>0x5f07</run_address>
         <size>0x29</size>
         <input_file_ref idref="fl-c"/>
      </object_component>
      <object_component id="oc-13f3">
         <name>.debug_abbrev</name>
         <load_address>0x5f30</load_address>
         <run_address>0x5f30</run_address>
         <size>0x29</size>
         <input_file_ref idref="fl-c"/>
      </object_component>
      <object_component id="oc-168c">
         <name>.debug_abbrev</name>
         <load_address>0x5f59</load_address>
         <run_address>0x5f59</run_address>
         <size>0x29</size>
         <input_file_ref idref="fl-c"/>
      </object_component>
      <object_component id="oc-11be">
         <name>.debug_abbrev</name>
         <load_address>0x5f82</load_address>
         <run_address>0x5f82</run_address>
         <size>0x29</size>
         <input_file_ref idref="fl-c"/>
      </object_component>
      <object_component id="oc-10c3">
         <name>.debug_abbrev</name>
         <load_address>0x5fab</load_address>
         <run_address>0x5fab</run_address>
         <size>0x29</size>
         <input_file_ref idref="fl-c"/>
      </object_component>
      <object_component id="oc-1150">
         <name>.debug_abbrev</name>
         <load_address>0x5fd4</load_address>
         <run_address>0x5fd4</run_address>
         <size>0x29</size>
         <input_file_ref idref="fl-c"/>
      </object_component>
      <object_component id="oc-14ec">
         <name>.debug_abbrev</name>
         <load_address>0x5ffd</load_address>
         <run_address>0x5ffd</run_address>
         <size>0x29</size>
         <input_file_ref idref="fl-c"/>
      </object_component>
      <object_component id="oc-1678">
         <name>.debug_abbrev</name>
         <load_address>0x6026</load_address>
         <run_address>0x6026</run_address>
         <size>0x29</size>
         <input_file_ref idref="fl-c"/>
      </object_component>
      <object_component id="oc-1698">
         <name>.debug_abbrev</name>
         <load_address>0x604f</load_address>
         <run_address>0x604f</run_address>
         <size>0x29</size>
         <input_file_ref idref="fl-c"/>
      </object_component>
      <object_component id="oc-d42">
         <name>.debug_abbrev</name>
         <load_address>0x6078</load_address>
         <run_address>0x6078</run_address>
         <size>0x29</size>
         <input_file_ref idref="fl-c"/>
      </object_component>
      <object_component id="oc-ccf">
         <name>.debug_abbrev</name>
         <load_address>0x60a1</load_address>
         <run_address>0x60a1</run_address>
         <size>0x29</size>
         <input_file_ref idref="fl-c"/>
      </object_component>
      <object_component id="oc-bdf">
         <name>.debug_abbrev</name>
         <load_address>0x60ca</load_address>
         <run_address>0x60ca</run_address>
         <size>0x29</size>
         <input_file_ref idref="fl-c"/>
      </object_component>
      <object_component id="oc-1064">
         <name>.debug_abbrev</name>
         <load_address>0x60f3</load_address>
         <run_address>0x60f3</run_address>
         <size>0x29</size>
         <input_file_ref idref="fl-c"/>
      </object_component>
      <object_component id="oc-77">
         <name>.debug_abbrev</name>
         <load_address>0x611c</load_address>
         <run_address>0x611c</run_address>
         <size>0x29</size>
         <input_file_ref idref="fl-c"/>
      </object_component>
      <object_component id="oc-85">
         <name>.debug_abbrev</name>
         <load_address>0x6145</load_address>
         <run_address>0x6145</run_address>
         <size>0x29</size>
         <input_file_ref idref="fl-c"/>
      </object_component>
      <object_component id="oc-87">
         <name>.debug_abbrev</name>
         <load_address>0x616e</load_address>
         <run_address>0x616e</run_address>
         <size>0x29</size>
         <input_file_ref idref="fl-c"/>
      </object_component>
      <object_component id="oc-812">
         <name>.debug_abbrev</name>
         <load_address>0x6197</load_address>
         <run_address>0x6197</run_address>
         <size>0x29</size>
         <input_file_ref idref="fl-c"/>
      </object_component>
      <object_component id="oc-1259">
         <name>.debug_abbrev</name>
         <load_address>0x61c0</load_address>
         <run_address>0x61c0</run_address>
         <size>0x29</size>
         <input_file_ref idref="fl-c"/>
      </object_component>
      <object_component id="oc-1550">
         <name>.debug_abbrev</name>
         <load_address>0x61e9</load_address>
         <run_address>0x61e9</run_address>
         <size>0x29</size>
         <input_file_ref idref="fl-c"/>
      </object_component>
      <object_component id="oc-145a">
         <name>.debug_abbrev</name>
         <load_address>0x6212</load_address>
         <run_address>0x6212</run_address>
         <size>0x29</size>
         <input_file_ref idref="fl-c"/>
      </object_component>
      <object_component id="oc-a5d">
         <name>.debug_abbrev</name>
         <load_address>0x623b</load_address>
         <run_address>0x623b</run_address>
         <size>0x29</size>
         <input_file_ref idref="fl-c"/>
      </object_component>
      <object_component id="oc-a5f">
         <name>.debug_abbrev</name>
         <load_address>0x6264</load_address>
         <run_address>0x6264</run_address>
         <size>0x29</size>
         <input_file_ref idref="fl-c"/>
      </object_component>
      <object_component id="oc-a61">
         <name>.debug_abbrev</name>
         <load_address>0x628d</load_address>
         <run_address>0x628d</run_address>
         <size>0x29</size>
         <input_file_ref idref="fl-c"/>
      </object_component>
      <object_component id="oc-5f5">
         <name>.debug_abbrev</name>
         <load_address>0x62b6</load_address>
         <run_address>0x62b6</run_address>
         <size>0x29</size>
         <input_file_ref idref="fl-c"/>
      </object_component>
      <object_component id="oc-11dd">
         <name>.debug_abbrev</name>
         <load_address>0x62df</load_address>
         <run_address>0x62df</run_address>
         <size>0x29</size>
         <input_file_ref idref="fl-c"/>
      </object_component>
      <object_component id="oc-11c2">
         <name>.debug_abbrev</name>
         <load_address>0x6308</load_address>
         <run_address>0x6308</run_address>
         <size>0x29</size>
         <input_file_ref idref="fl-c"/>
      </object_component>
      <object_component id="oc-1734">
         <name>.debug_abbrev</name>
         <load_address>0x6331</load_address>
         <run_address>0x6331</run_address>
         <size>0x29</size>
         <input_file_ref idref="fl-c"/>
      </object_component>
      <object_component id="oc-ed7">
         <name>.debug_abbrev</name>
         <load_address>0x635a</load_address>
         <run_address>0x635a</run_address>
         <size>0x29</size>
         <input_file_ref idref="fl-c"/>
      </object_component>
      <object_component id="oc-154e">
         <name>.debug_abbrev</name>
         <load_address>0x6383</load_address>
         <run_address>0x6383</run_address>
         <size>0x29</size>
         <input_file_ref idref="fl-c"/>
      </object_component>
      <object_component id="oc-11c0">
         <name>.debug_abbrev</name>
         <load_address>0x63ac</load_address>
         <run_address>0x63ac</run_address>
         <size>0x29</size>
         <input_file_ref idref="fl-c"/>
      </object_component>
      <object_component id="oc-11d2">
         <name>.debug_abbrev</name>
         <load_address>0x63d5</load_address>
         <run_address>0x63d5</run_address>
         <size>0x29</size>
         <input_file_ref idref="fl-c"/>
      </object_component>
      <object_component id="oc-11d0">
         <name>.debug_abbrev</name>
         <load_address>0x63fe</load_address>
         <run_address>0x63fe</run_address>
         <size>0x29</size>
         <input_file_ref idref="fl-c"/>
      </object_component>
      <object_component id="oc-11ce">
         <name>.debug_abbrev</name>
         <load_address>0x6427</load_address>
         <run_address>0x6427</run_address>
         <size>0x29</size>
         <input_file_ref idref="fl-c"/>
      </object_component>
      <object_component id="oc-11cc">
         <name>.debug_abbrev</name>
         <load_address>0x6450</load_address>
         <run_address>0x6450</run_address>
         <size>0x29</size>
         <input_file_ref idref="fl-c"/>
      </object_component>
      <object_component id="oc-11ca">
         <name>.debug_abbrev</name>
         <load_address>0x6479</load_address>
         <run_address>0x6479</run_address>
         <size>0x29</size>
         <input_file_ref idref="fl-c"/>
      </object_component>
      <object_component id="oc-11c8">
         <name>.debug_abbrev</name>
         <load_address>0x64a2</load_address>
         <run_address>0x64a2</run_address>
         <size>0x29</size>
         <input_file_ref idref="fl-c"/>
      </object_component>
      <object_component id="oc-11c6">
         <name>.debug_abbrev</name>
         <load_address>0x64cb</load_address>
         <run_address>0x64cb</run_address>
         <size>0x29</size>
         <input_file_ref idref="fl-c"/>
      </object_component>
      <object_component id="oc-11c4">
         <name>.debug_abbrev</name>
         <load_address>0x64f4</load_address>
         <run_address>0x64f4</run_address>
         <size>0x29</size>
         <input_file_ref idref="fl-c"/>
      </object_component>
      <object_component id="oc-ed9">
         <name>.debug_abbrev</name>
         <load_address>0x651d</load_address>
         <run_address>0x651d</run_address>
         <size>0x29</size>
         <input_file_ref idref="fl-c"/>
      </object_component>
      <object_component id="oc-5fd">
         <name>.debug_abbrev</name>
         <load_address>0x6546</load_address>
         <run_address>0x6546</run_address>
         <size>0x29</size>
         <input_file_ref idref="fl-c"/>
      </object_component>
      <object_component id="oc-ecf">
         <name>.debug_abbrev</name>
         <load_address>0x656f</load_address>
         <run_address>0x656f</run_address>
         <size>0x29</size>
         <input_file_ref idref="fl-c"/>
      </object_component>
      <object_component id="oc-edb">
         <name>.debug_abbrev</name>
         <load_address>0x6598</load_address>
         <run_address>0x6598</run_address>
         <size>0x29</size>
         <input_file_ref idref="fl-c"/>
      </object_component>
      <object_component id="oc-edd">
         <name>.debug_abbrev</name>
         <load_address>0x65c1</load_address>
         <run_address>0x65c1</run_address>
         <size>0x29</size>
         <input_file_ref idref="fl-c"/>
      </object_component>
      <object_component id="oc-104e">
         <name>.debug_abbrev</name>
         <load_address>0x65ea</load_address>
         <run_address>0x65ea</run_address>
         <size>0x29</size>
         <input_file_ref idref="fl-c"/>
      </object_component>
      <object_component id="oc-123a">
         <name>.debug_abbrev</name>
         <load_address>0x6613</load_address>
         <run_address>0x6613</run_address>
         <size>0x29</size>
         <input_file_ref idref="fl-c"/>
      </object_component>
      <object_component id="oc-1103">
         <name>.debug_abbrev</name>
         <load_address>0x663c</load_address>
         <run_address>0x663c</run_address>
         <size>0x29</size>
         <input_file_ref idref="fl-c"/>
      </object_component>
      <object_component id="oc-16a6">
         <name>.debug_abbrev</name>
         <load_address>0x6665</load_address>
         <run_address>0x6665</run_address>
         <size>0x29</size>
         <input_file_ref idref="fl-c"/>
      </object_component>
      <object_component id="oc-16a8">
         <name>.debug_abbrev</name>
         <load_address>0x668e</load_address>
         <run_address>0x668e</run_address>
         <size>0x29</size>
         <input_file_ref idref="fl-c"/>
      </object_component>
      <object_component id="oc-1437">
         <name>.debug_abbrev</name>
         <load_address>0x66b7</load_address>
         <run_address>0x66b7</run_address>
         <size>0x29</size>
         <input_file_ref idref="fl-c"/>
      </object_component>
      <object_component id="oc-142f">
         <name>.debug_abbrev</name>
         <load_address>0x66e0</load_address>
         <run_address>0x66e0</run_address>
         <size>0x29</size>
         <input_file_ref idref="fl-c"/>
      </object_component>
      <object_component id="oc-142d">
         <name>.debug_abbrev</name>
         <load_address>0x6709</load_address>
         <run_address>0x6709</run_address>
         <size>0x29</size>
         <input_file_ref idref="fl-c"/>
      </object_component>
      <object_component id="oc-1807">
         <name>.debug_abbrev</name>
         <load_address>0x6732</load_address>
         <run_address>0x6732</run_address>
         <size>0x29</size>
         <input_file_ref idref="fl-c"/>
      </object_component>
      <object_component id="oc-1805">
         <name>.debug_abbrev</name>
         <load_address>0x675b</load_address>
         <run_address>0x675b</run_address>
         <size>0x29</size>
         <input_file_ref idref="fl-c"/>
      </object_component>
      <object_component id="oc-e8d">
         <name>.debug_abbrev</name>
         <load_address>0x6784</load_address>
         <run_address>0x6784</run_address>
         <size>0x29</size>
         <input_file_ref idref="fl-c"/>
      </object_component>
      <object_component id="oc-17e7">
         <name>.debug_abbrev</name>
         <load_address>0x67ad</load_address>
         <run_address>0x67ad</run_address>
         <size>0x29</size>
         <input_file_ref idref="fl-c"/>
      </object_component>
      <object_component id="oc-17e5">
         <name>.debug_abbrev</name>
         <load_address>0x67d6</load_address>
         <run_address>0x67d6</run_address>
         <size>0x29</size>
         <input_file_ref idref="fl-c"/>
      </object_component>
      <object_component id="oc-c7f">
         <name>.debug_abbrev</name>
         <load_address>0x67ff</load_address>
         <run_address>0x67ff</run_address>
         <size>0x29</size>
         <input_file_ref idref="fl-c"/>
      </object_component>
      <object_component id="oc-168e">
         <name>.debug_abbrev</name>
         <load_address>0x6828</load_address>
         <run_address>0x6828</run_address>
         <size>0x29</size>
         <input_file_ref idref="fl-c"/>
      </object_component>
      <object_component id="oc-1690">
         <name>.debug_abbrev</name>
         <load_address>0x6851</load_address>
         <run_address>0x6851</run_address>
         <size>0x29</size>
         <input_file_ref idref="fl-c"/>
      </object_component>
      <object_component id="oc-1692">
         <name>.debug_abbrev</name>
         <load_address>0x687a</load_address>
         <run_address>0x687a</run_address>
         <size>0x29</size>
         <input_file_ref idref="fl-c"/>
      </object_component>
      <object_component id="oc-1696">
         <name>.debug_abbrev</name>
         <load_address>0x68a3</load_address>
         <run_address>0x68a3</run_address>
         <size>0x29</size>
         <input_file_ref idref="fl-c"/>
      </object_component>
      <object_component id="oc-1694">
         <name>.debug_abbrev</name>
         <load_address>0x68cc</load_address>
         <run_address>0x68cc</run_address>
         <size>0x29</size>
         <input_file_ref idref="fl-c"/>
      </object_component>
      <object_component id="oc-d49">
         <name>.debug_abbrev</name>
         <load_address>0x68f5</load_address>
         <run_address>0x68f5</run_address>
         <size>0x29</size>
         <input_file_ref idref="fl-c"/>
      </object_component>
      <object_component id="oc-1152">
         <name>.debug_abbrev</name>
         <load_address>0x691e</load_address>
         <run_address>0x691e</run_address>
         <size>0x29</size>
         <input_file_ref idref="fl-c"/>
      </object_component>
      <object_component id="oc-d36">
         <name>.debug_abbrev</name>
         <load_address>0x6947</load_address>
         <run_address>0x6947</run_address>
         <size>0x29</size>
         <input_file_ref idref="fl-c"/>
      </object_component>
      <object_component id="oc-d38">
         <name>.debug_abbrev</name>
         <load_address>0x6970</load_address>
         <run_address>0x6970</run_address>
         <size>0x29</size>
         <input_file_ref idref="fl-c"/>
      </object_component>
      <object_component id="oc-d3a">
         <name>.debug_abbrev</name>
         <load_address>0x6999</load_address>
         <run_address>0x6999</run_address>
         <size>0x29</size>
         <input_file_ref idref="fl-c"/>
      </object_component>
      <object_component id="oc-d3e">
         <name>.debug_abbrev</name>
         <load_address>0x69c2</load_address>
         <run_address>0x69c2</run_address>
         <size>0x29</size>
         <input_file_ref idref="fl-c"/>
      </object_component>
      <object_component id="oc-d3c">
         <name>.debug_abbrev</name>
         <load_address>0x69eb</load_address>
         <run_address>0x69eb</run_address>
         <size>0x29</size>
         <input_file_ref idref="fl-c"/>
      </object_component>
      <object_component id="oc-d40">
         <name>.debug_abbrev</name>
         <load_address>0x6a14</load_address>
         <run_address>0x6a14</run_address>
         <size>0x29</size>
         <input_file_ref idref="fl-c"/>
      </object_component>
      <object_component id="oc-18f9">
         <name>.debug_abbrev</name>
         <load_address>0x6a3d</load_address>
         <run_address>0x6a3d</run_address>
         <size>0x29</size>
         <input_file_ref idref="fl-c"/>
      </object_component>
      <object_component id="oc-18fb">
         <name>.debug_abbrev</name>
         <load_address>0x6a66</load_address>
         <run_address>0x6a66</run_address>
         <size>0x29</size>
         <input_file_ref idref="fl-c"/>
      </object_component>
      <object_component id="oc-18aa">
         <name>.debug_abbrev</name>
         <load_address>0x6a8f</load_address>
         <run_address>0x6a8f</run_address>
         <size>0x29</size>
         <input_file_ref idref="fl-c"/>
      </object_component>
      <object_component id="oc-18a8">
         <name>.debug_abbrev</name>
         <load_address>0x6ab8</load_address>
         <run_address>0x6ab8</run_address>
         <size>0x29</size>
         <input_file_ref idref="fl-c"/>
      </object_component>
      <object_component id="oc-11e3">
         <name>.debug_abbrev</name>
         <load_address>0x6ae1</load_address>
         <run_address>0x6ae1</run_address>
         <size>0x29</size>
         <input_file_ref idref="fl-c"/>
      </object_component>
      <object_component id="oc-180d">
         <name>.debug_abbrev</name>
         <load_address>0x6b0a</load_address>
         <run_address>0x6b0a</run_address>
         <size>0x29</size>
         <input_file_ref idref="fl-c"/>
      </object_component>
      <object_component id="oc-180f">
         <name>.debug_abbrev</name>
         <load_address>0x6b33</load_address>
         <run_address>0x6b33</run_address>
         <size>0x29</size>
         <input_file_ref idref="fl-c"/>
      </object_component>
      <object_component id="oc-1811">
         <name>.debug_abbrev</name>
         <load_address>0x6b5c</load_address>
         <run_address>0x6b5c</run_address>
         <size>0x29</size>
         <input_file_ref idref="fl-c"/>
      </object_component>
      <object_component id="oc-181b">
         <name>.debug_abbrev</name>
         <load_address>0x6b85</load_address>
         <run_address>0x6b85</run_address>
         <size>0x29</size>
         <input_file_ref idref="fl-c"/>
      </object_component>
      <object_component id="oc-1815">
         <name>.debug_abbrev</name>
         <load_address>0x6bae</load_address>
         <run_address>0x6bae</run_address>
         <size>0x29</size>
         <input_file_ref idref="fl-c"/>
      </object_component>
      <object_component id="oc-ed5">
         <name>.debug_abbrev</name>
         <load_address>0x6bd7</load_address>
         <run_address>0x6bd7</run_address>
         <size>0x29</size>
         <input_file_ref idref="fl-c"/>
      </object_component>
      <object_component id="oc-1817">
         <name>.debug_abbrev</name>
         <load_address>0x6c00</load_address>
         <run_address>0x6c00</run_address>
         <size>0x29</size>
         <input_file_ref idref="fl-c"/>
      </object_component>
      <object_component id="oc-18a6">
         <name>.debug_abbrev</name>
         <load_address>0x6c29</load_address>
         <run_address>0x6c29</run_address>
         <size>0x29</size>
         <input_file_ref idref="fl-c"/>
      </object_component>
      <object_component id="oc-1813">
         <name>.debug_abbrev</name>
         <load_address>0x6c52</load_address>
         <run_address>0x6c52</run_address>
         <size>0x29</size>
         <input_file_ref idref="fl-c"/>
      </object_component>
      <object_component id="oc-1819">
         <name>.debug_abbrev</name>
         <load_address>0x6c7b</load_address>
         <run_address>0x6c7b</run_address>
         <size>0x29</size>
         <input_file_ref idref="fl-c"/>
      </object_component>
      <object_component id="oc-181d">
         <name>.debug_abbrev</name>
         <load_address>0x6ca4</load_address>
         <run_address>0x6ca4</run_address>
         <size>0x29</size>
         <input_file_ref idref="fl-c"/>
      </object_component>
      <object_component id="oc-18a4">
         <name>.debug_abbrev</name>
         <load_address>0x6ccd</load_address>
         <run_address>0x6ccd</run_address>
         <size>0x29</size>
         <input_file_ref idref="fl-c"/>
      </object_component>
      <object_component id="oc-1853">
         <name>.debug_abbrev</name>
         <load_address>0x6cf6</load_address>
         <run_address>0x6cf6</run_address>
         <size>0x29</size>
         <input_file_ref idref="fl-c"/>
      </object_component>
      <object_component id="oc-18bb">
         <name>.debug_abbrev</name>
         <load_address>0x6d1f</load_address>
         <run_address>0x6d1f</run_address>
         <size>0x29</size>
         <input_file_ref idref="fl-c"/>
      </object_component>
      <object_component id="oc-ccd">
         <name>.debug_abbrev</name>
         <load_address>0x6d48</load_address>
         <run_address>0x6d48</run_address>
         <size>0x29</size>
         <input_file_ref idref="fl-c"/>
      </object_component>
      <object_component id="oc-18b7">
         <name>.debug_abbrev</name>
         <load_address>0x6d71</load_address>
         <run_address>0x6d71</run_address>
         <size>0x29</size>
         <input_file_ref idref="fl-c"/>
      </object_component>
      <object_component id="oc-18b5">
         <name>.debug_abbrev</name>
         <load_address>0x6d9a</load_address>
         <run_address>0x6d9a</run_address>
         <size>0x29</size>
         <input_file_ref idref="fl-c"/>
      </object_component>
      <object_component id="oc-18b9">
         <name>.debug_abbrev</name>
         <load_address>0x6dc3</load_address>
         <run_address>0x6dc3</run_address>
         <size>0x29</size>
         <input_file_ref idref="fl-c"/>
      </object_component>
      <object_component id="oc-18b3">
         <name>.debug_abbrev</name>
         <load_address>0x6dec</load_address>
         <run_address>0x6dec</run_address>
         <size>0x29</size>
         <input_file_ref idref="fl-c"/>
      </object_component>
      <object_component id="oc-18b1">
         <name>.debug_abbrev</name>
         <load_address>0x6e15</load_address>
         <run_address>0x6e15</run_address>
         <size>0x29</size>
         <input_file_ref idref="fl-c"/>
      </object_component>
      <object_component id="oc-1892">
         <name>.debug_abbrev</name>
         <load_address>0x6e3e</load_address>
         <run_address>0x6e3e</run_address>
         <size>0x29</size>
         <input_file_ref idref="fl-c"/>
      </object_component>
      <object_component id="oc-17e3">
         <name>.debug_abbrev</name>
         <load_address>0x6e67</load_address>
         <run_address>0x6e67</run_address>
         <size>0x29</size>
         <input_file_ref idref="fl-c"/>
      </object_component>
      <object_component id="oc-13b8">
         <name>.debug_abbrev</name>
         <load_address>0x6e90</load_address>
         <run_address>0x6e90</run_address>
         <size>0x29</size>
         <input_file_ref idref="fl-c"/>
      </object_component>
      <object_component id="oc-13b6">
         <name>.debug_abbrev</name>
         <load_address>0x6eb9</load_address>
         <run_address>0x6eb9</run_address>
         <size>0x29</size>
         <input_file_ref idref="fl-c"/>
      </object_component>
      <object_component id="oc-bed">
         <name>.debug_abbrev</name>
         <load_address>0x6ee2</load_address>
         <run_address>0x6ee2</run_address>
         <size>0x29</size>
         <input_file_ref idref="fl-c"/>
      </object_component>
      <object_component id="oc-beb">
         <name>.debug_abbrev</name>
         <load_address>0x6f0b</load_address>
         <run_address>0x6f0b</run_address>
         <size>0x29</size>
         <input_file_ref idref="fl-c"/>
      </object_component>
      <object_component id="oc-be1">
         <name>.debug_abbrev</name>
         <load_address>0x6f34</load_address>
         <run_address>0x6f34</run_address>
         <size>0x29</size>
         <input_file_ref idref="fl-c"/>
      </object_component>
      <object_component id="oc-be3">
         <name>.debug_abbrev</name>
         <load_address>0x6f5d</load_address>
         <run_address>0x6f5d</run_address>
         <size>0x29</size>
         <input_file_ref idref="fl-c"/>
      </object_component>
      <object_component id="oc-be5">
         <name>.debug_abbrev</name>
         <load_address>0x6f86</load_address>
         <run_address>0x6f86</run_address>
         <size>0x29</size>
         <input_file_ref idref="fl-c"/>
      </object_component>
      <object_component id="oc-be9">
         <name>.debug_abbrev</name>
         <load_address>0x6faf</load_address>
         <run_address>0x6faf</run_address>
         <size>0x29</size>
         <input_file_ref idref="fl-c"/>
      </object_component>
      <object_component id="oc-be7">
         <name>.debug_abbrev</name>
         <load_address>0x6fd8</load_address>
         <run_address>0x6fd8</run_address>
         <size>0x29</size>
         <input_file_ref idref="fl-c"/>
      </object_component>
      <object_component id="oc-cd1">
         <name>.debug_abbrev</name>
         <load_address>0x7001</load_address>
         <run_address>0x7001</run_address>
         <size>0x29</size>
         <input_file_ref idref="fl-c"/>
      </object_component>
      <object_component id="oc-e55">
         <name>.debug_abbrev</name>
         <load_address>0x702a</load_address>
         <run_address>0x702a</run_address>
         <size>0x29</size>
         <input_file_ref idref="fl-c"/>
      </object_component>
      <object_component id="oc-cd3">
         <name>.debug_abbrev</name>
         <load_address>0x7053</load_address>
         <run_address>0x7053</run_address>
         <size>0x29</size>
         <input_file_ref idref="fl-c"/>
      </object_component>
      <object_component id="oc-110b">
         <name>.debug_abbrev</name>
         <load_address>0x707c</load_address>
         <run_address>0x707c</run_address>
         <size>0x29</size>
         <input_file_ref idref="fl-c"/>
      </object_component>
      <object_component id="oc-110d">
         <name>.debug_abbrev</name>
         <load_address>0x70a5</load_address>
         <run_address>0x70a5</run_address>
         <size>0x29</size>
         <input_file_ref idref="fl-c"/>
      </object_component>
      <object_component id="oc-cd8">
         <name>.debug_abbrev</name>
         <load_address>0x70ce</load_address>
         <run_address>0x70ce</run_address>
         <size>0x29</size>
         <input_file_ref idref="fl-c"/>
      </object_component>
      <object_component id="oc-172b">
         <name>.debug_abbrev</name>
         <load_address>0x70f7</load_address>
         <run_address>0x70f7</run_address>
         <size>0x29</size>
         <input_file_ref idref="fl-c"/>
      </object_component>
      <object_component id="oc-79a">
         <name>.debug_abbrev</name>
         <load_address>0x7120</load_address>
         <run_address>0x7120</run_address>
         <size>0x29</size>
         <input_file_ref idref="fl-c"/>
      </object_component>
      <object_component id="oc-c59">
         <name>.debug_abbrev</name>
         <load_address>0x7149</load_address>
         <run_address>0x7149</run_address>
         <size>0x29</size>
         <input_file_ref idref="fl-c"/>
      </object_component>
      <object_component id="oc-13cb">
         <name>.debug_abbrev</name>
         <load_address>0x7172</load_address>
         <run_address>0x7172</run_address>
         <size>0x29</size>
         <input_file_ref idref="fl-c"/>
      </object_component>
      <object_component id="oc-1066">
         <name>.debug_abbrev</name>
         <load_address>0x719b</load_address>
         <run_address>0x719b</run_address>
         <size>0x29</size>
         <input_file_ref idref="fl-c"/>
      </object_component>
      <object_component id="oc-106b">
         <name>.debug_abbrev</name>
         <load_address>0x71c4</load_address>
         <run_address>0x71c4</run_address>
         <size>0x29</size>
         <input_file_ref idref="fl-c"/>
      </object_component>
      <object_component id="oc-c3d">
         <name>.debug_abbrev</name>
         <load_address>0x71ed</load_address>
         <run_address>0x71ed</run_address>
         <size>0x29</size>
         <input_file_ref idref="fl-c"/>
      </object_component>
      <object_component id="oc-c27">
         <name>.debug_abbrev</name>
         <load_address>0x7216</load_address>
         <run_address>0x7216</run_address>
         <size>0x29</size>
         <input_file_ref idref="fl-c"/>
      </object_component>
      <object_component id="oc-c29">
         <name>.debug_abbrev</name>
         <load_address>0x723f</load_address>
         <run_address>0x723f</run_address>
         <size>0x29</size>
         <input_file_ref idref="fl-c"/>
      </object_component>
      <object_component id="oc-c2b">
         <name>.debug_abbrev</name>
         <load_address>0x7268</load_address>
         <run_address>0x7268</run_address>
         <size>0x29</size>
         <input_file_ref idref="fl-c"/>
      </object_component>
      <object_component id="oc-c2f">
         <name>.debug_abbrev</name>
         <load_address>0x7291</load_address>
         <run_address>0x7291</run_address>
         <size>0x29</size>
         <input_file_ref idref="fl-c"/>
      </object_component>
      <object_component id="oc-172f">
         <name>.debug_abbrev</name>
         <load_address>0x72ba</load_address>
         <run_address>0x72ba</run_address>
         <size>0x29</size>
         <input_file_ref idref="fl-c"/>
      </object_component>
      <object_component id="oc-1682">
         <name>.debug_abbrev</name>
         <load_address>0x72e3</load_address>
         <run_address>0x72e3</run_address>
         <size>0x29</size>
         <input_file_ref idref="fl-c"/>
      </object_component>
      <object_component id="oc-1684">
         <name>.debug_abbrev</name>
         <load_address>0x730c</load_address>
         <run_address>0x730c</run_address>
         <size>0x29</size>
         <input_file_ref idref="fl-c"/>
      </object_component>
      <object_component id="oc-c2d">
         <name>.debug_abbrev</name>
         <load_address>0x7335</load_address>
         <run_address>0x7335</run_address>
         <size>0x29</size>
         <input_file_ref idref="fl-c"/>
      </object_component>
      <object_component id="oc-c63">
         <name>.debug_abbrev</name>
         <load_address>0x735e</load_address>
         <run_address>0x735e</run_address>
         <size>0x29</size>
         <input_file_ref idref="fl-c"/>
      </object_component>
      <object_component id="oc-c65">
         <name>.debug_abbrev</name>
         <load_address>0x7387</load_address>
         <run_address>0x7387</run_address>
         <size>0x29</size>
         <input_file_ref idref="fl-c"/>
      </object_component>
      <object_component id="oc-c31">
         <name>.debug_abbrev</name>
         <load_address>0x73b0</load_address>
         <run_address>0x73b0</run_address>
         <size>0x29</size>
         <input_file_ref idref="fl-c"/>
      </object_component>
      <object_component id="oc-e58">
         <name>.debug_abbrev</name>
         <load_address>0x73d9</load_address>
         <run_address>0x73d9</run_address>
         <size>0x29</size>
         <input_file_ref idref="fl-c"/>
      </object_component>
      <object_component id="oc-e5b">
         <name>.debug_abbrev</name>
         <load_address>0x7402</load_address>
         <run_address>0x7402</run_address>
         <size>0x29</size>
         <input_file_ref idref="fl-c"/>
      </object_component>
      <object_component id="oc-c35">
         <name>.debug_abbrev</name>
         <load_address>0x742b</load_address>
         <run_address>0x742b</run_address>
         <size>0x29</size>
         <input_file_ref idref="fl-c"/>
      </object_component>
      <object_component id="oc-c33">
         <name>.debug_abbrev</name>
         <load_address>0x7454</load_address>
         <run_address>0x7454</run_address>
         <size>0x29</size>
         <input_file_ref idref="fl-c"/>
      </object_component>
      <object_component id="oc-167f">
         <name>.debug_abbrev</name>
         <load_address>0x747d</load_address>
         <run_address>0x747d</run_address>
         <size>0x29</size>
         <input_file_ref idref="fl-c"/>
      </object_component>
      <object_component id="oc-1731">
         <name>.debug_abbrev</name>
         <load_address>0x74a6</load_address>
         <run_address>0x74a6</run_address>
         <size>0x29</size>
         <input_file_ref idref="fl-c"/>
      </object_component>
      <object_component id="oc-100a">
         <name>.debug_abbrev</name>
         <load_address>0x74cf</load_address>
         <run_address>0x74cf</run_address>
         <size>0x29</size>
         <input_file_ref idref="fl-c"/>
      </object_component>
      <object_component id="oc-ba7">
         <name>.debug_abbrev</name>
         <load_address>0x74f8</load_address>
         <run_address>0x74f8</run_address>
         <size>0x29</size>
         <input_file_ref idref="fl-c"/>
      </object_component>
      <object_component id="oc-ba5">
         <name>.debug_abbrev</name>
         <load_address>0x7521</load_address>
         <run_address>0x7521</run_address>
         <size>0x29</size>
         <input_file_ref idref="fl-c"/>
      </object_component>
      <object_component id="oc-ba9">
         <name>.debug_abbrev</name>
         <load_address>0x754a</load_address>
         <run_address>0x754a</run_address>
         <size>0x29</size>
         <input_file_ref idref="fl-c"/>
      </object_component>
      <object_component id="oc-bad">
         <name>.debug_abbrev</name>
         <load_address>0x7573</load_address>
         <run_address>0x7573</run_address>
         <size>0x29</size>
         <input_file_ref idref="fl-c"/>
      </object_component>
      <object_component id="oc-bab">
         <name>.debug_abbrev</name>
         <load_address>0x759c</load_address>
         <run_address>0x759c</run_address>
         <size>0x29</size>
         <input_file_ref idref="fl-c"/>
      </object_component>
      <object_component id="oc-17d4">
         <name>.debug_abbrev</name>
         <load_address>0x75c5</load_address>
         <run_address>0x75c5</run_address>
         <size>0x29</size>
         <input_file_ref idref="fl-c"/>
      </object_component>
      <object_component id="oc-17cc">
         <name>.debug_abbrev</name>
         <load_address>0x75ee</load_address>
         <run_address>0x75ee</run_address>
         <size>0x29</size>
         <input_file_ref idref="fl-c"/>
      </object_component>
      <object_component id="oc-17ca">
         <name>.debug_abbrev</name>
         <load_address>0x7617</load_address>
         <run_address>0x7617</run_address>
         <size>0x29</size>
         <input_file_ref idref="fl-c"/>
      </object_component>
      <object_component id="oc-17ce">
         <name>.debug_abbrev</name>
         <load_address>0x7640</load_address>
         <run_address>0x7640</run_address>
         <size>0x29</size>
         <input_file_ref idref="fl-c"/>
      </object_component>
      <object_component id="oc-17c8">
         <name>.debug_abbrev</name>
         <load_address>0x7669</load_address>
         <run_address>0x7669</run_address>
         <size>0x29</size>
         <input_file_ref idref="fl-c"/>
      </object_component>
      <object_component id="oc-17d0">
         <name>.debug_abbrev</name>
         <load_address>0x7692</load_address>
         <run_address>0x7692</run_address>
         <size>0x29</size>
         <input_file_ref idref="fl-c"/>
      </object_component>
      <object_component id="oc-17d2">
         <name>.debug_abbrev</name>
         <load_address>0x76bb</load_address>
         <run_address>0x76bb</run_address>
         <size>0x29</size>
         <input_file_ref idref="fl-c"/>
      </object_component>
      <object_component id="oc-13b2">
         <name>.debug_abbrev</name>
         <load_address>0x76e4</load_address>
         <run_address>0x76e4</run_address>
         <size>0x29</size>
         <input_file_ref idref="fl-c"/>
      </object_component>
      <object_component id="oc-1059">
         <name>.debug_abbrev</name>
         <load_address>0x770d</load_address>
         <run_address>0x770d</run_address>
         <size>0x29</size>
         <input_file_ref idref="fl-c"/>
      </object_component>
      <object_component id="oc-c3f">
         <name>.debug_abbrev</name>
         <load_address>0x7736</load_address>
         <run_address>0x7736</run_address>
         <size>0x29</size>
         <input_file_ref idref="fl-c"/>
      </object_component>
      <object_component id="oc-17dc">
         <name>.debug_abbrev</name>
         <load_address>0x775f</load_address>
         <run_address>0x775f</run_address>
         <size>0x29</size>
         <input_file_ref idref="fl-c"/>
      </object_component>
      <object_component id="oc-17de">
         <name>.debug_abbrev</name>
         <load_address>0x7788</load_address>
         <run_address>0x7788</run_address>
         <size>0x29</size>
         <input_file_ref idref="fl-c"/>
      </object_component>
      <object_component id="oc-17c6">
         <name>.debug_abbrev</name>
         <load_address>0x77b1</load_address>
         <run_address>0x77b1</run_address>
         <size>0x29</size>
         <input_file_ref idref="fl-c"/>
      </object_component>
      <object_component id="oc-13ba">
         <name>.debug_abbrev</name>
         <load_address>0x77da</load_address>
         <run_address>0x77da</run_address>
         <size>0x29</size>
         <input_file_ref idref="fl-c"/>
      </object_component>
      <object_component id="oc-1057">
         <name>.debug_abbrev</name>
         <load_address>0x7803</load_address>
         <run_address>0x7803</run_address>
         <size>0x29</size>
         <input_file_ref idref="fl-c"/>
      </object_component>
      <object_component id="oc-1055">
         <name>.debug_abbrev</name>
         <load_address>0x782c</load_address>
         <run_address>0x782c</run_address>
         <size>0x29</size>
         <input_file_ref idref="fl-c"/>
      </object_component>
      <object_component id="oc-1917">
         <name>.debug_abbrev</name>
         <load_address>0x7855</load_address>
         <run_address>0x7855</run_address>
         <size>0x29</size>
         <input_file_ref idref="fl-c"/>
      </object_component>
      <object_component id="oc-326">
         <name>.debug_abbrev</name>
         <load_address>0x787e</load_address>
         <run_address>0x787e</run_address>
         <size>0x29</size>
         <input_file_ref idref="fl-c"/>
      </object_component>
      <object_component id="oc-695">
         <name>.debug_abbrev</name>
         <load_address>0x78a7</load_address>
         <run_address>0x78a7</run_address>
         <size>0x29</size>
         <input_file_ref idref="fl-c"/>
      </object_component>
      <object_component id="oc-1217">
         <name>.debug_abbrev</name>
         <load_address>0x78d0</load_address>
         <run_address>0x78d0</run_address>
         <size>0x29</size>
         <input_file_ref idref="fl-c"/>
      </object_component>
      <object_component id="oc-11e5">
         <name>.debug_abbrev</name>
         <load_address>0x78f9</load_address>
         <run_address>0x78f9</run_address>
         <size>0x29</size>
         <input_file_ref idref="fl-c"/>
      </object_component>
      <object_component id="oc-eea">
         <name>.debug_abbrev</name>
         <load_address>0x7922</load_address>
         <run_address>0x7922</run_address>
         <size>0x29</size>
         <input_file_ref idref="fl-c"/>
      </object_component>
      <object_component id="oc-31a">
         <name>.debug_abbrev</name>
         <load_address>0x794b</load_address>
         <run_address>0x794b</run_address>
         <size>0x29</size>
         <input_file_ref idref="fl-c"/>
      </object_component>
      <object_component id="oc-324">
         <name>.debug_abbrev</name>
         <load_address>0x7974</load_address>
         <run_address>0x7974</run_address>
         <size>0x29</size>
         <input_file_ref idref="fl-c"/>
      </object_component>
      <object_component id="oc-322">
         <name>.debug_abbrev</name>
         <load_address>0x799d</load_address>
         <run_address>0x799d</run_address>
         <size>0x29</size>
         <input_file_ref idref="fl-c"/>
      </object_component>
      <object_component id="oc-ee8">
         <name>.debug_abbrev</name>
         <load_address>0x79c6</load_address>
         <run_address>0x79c6</run_address>
         <size>0x29</size>
         <input_file_ref idref="fl-c"/>
      </object_component>
      <object_component id="oc-ee3">
         <name>.debug_abbrev</name>
         <load_address>0x79ef</load_address>
         <run_address>0x79ef</run_address>
         <size>0x29</size>
         <input_file_ref idref="fl-c"/>
      </object_component>
      <object_component id="oc-7ff">
         <name>.debug_abbrev</name>
         <load_address>0x7a18</load_address>
         <run_address>0x7a18</run_address>
         <size>0x29</size>
         <input_file_ref idref="fl-c"/>
      </object_component>
      <object_component id="oc-801">
         <name>.debug_abbrev</name>
         <load_address>0x7a41</load_address>
         <run_address>0x7a41</run_address>
         <size>0x29</size>
         <input_file_ref idref="fl-c"/>
      </object_component>
      <object_component id="oc-a3a">
         <name>.debug_abbrev</name>
         <load_address>0x7a6a</load_address>
         <run_address>0x7a6a</run_address>
         <size>0x29</size>
         <input_file_ref idref="fl-c"/>
      </object_component>
      <object_component id="oc-7fc">
         <name>.debug_abbrev</name>
         <load_address>0x7a93</load_address>
         <run_address>0x7a93</run_address>
         <size>0x29</size>
         <input_file_ref idref="fl-c"/>
      </object_component>
      <object_component id="oc-a3c">
         <name>.debug_abbrev</name>
         <load_address>0x7abc</load_address>
         <run_address>0x7abc</run_address>
         <size>0x29</size>
         <input_file_ref idref="fl-c"/>
      </object_component>
      <object_component id="oc-536">
         <name>.debug_abbrev</name>
         <load_address>0x7ae5</load_address>
         <run_address>0x7ae5</run_address>
         <size>0x29</size>
         <input_file_ref idref="fl-c"/>
      </object_component>
      <object_component id="oc-a38">
         <name>.debug_abbrev</name>
         <load_address>0x7b0e</load_address>
         <run_address>0x7b0e</run_address>
         <size>0x29</size>
         <input_file_ref idref="fl-c"/>
      </object_component>
      <object_component id="oc-141c">
         <name>.debug_abbrev</name>
         <load_address>0x7b37</load_address>
         <run_address>0x7b37</run_address>
         <size>0x29</size>
         <input_file_ref idref="fl-c"/>
      </object_component>
      <object_component id="oc-d64">
         <name>.debug_abbrev</name>
         <load_address>0x7b60</load_address>
         <run_address>0x7b60</run_address>
         <size>0x29</size>
         <input_file_ref idref="fl-c"/>
      </object_component>
      <object_component id="oc-27d">
         <name>.debug_abbrev</name>
         <load_address>0x7b89</load_address>
         <run_address>0x7b89</run_address>
         <size>0x29</size>
         <input_file_ref idref="fl-c"/>
      </object_component>
      <object_component id="oc-16ca">
         <name>.debug_abbrev</name>
         <load_address>0x7bb2</load_address>
         <run_address>0x7bb2</run_address>
         <size>0x29</size>
         <input_file_ref idref="fl-c"/>
      </object_component>
      <object_component id="oc-1650">
         <name>.debug_abbrev</name>
         <load_address>0x7bdb</load_address>
         <run_address>0x7bdb</run_address>
         <size>0x29</size>
         <input_file_ref idref="fl-c"/>
      </object_component>
      <object_component id="oc-1936">
         <name>.debug_abbrev</name>
         <load_address>0x7c04</load_address>
         <run_address>0x7c04</run_address>
         <size>0x29</size>
         <input_file_ref idref="fl-c"/>
      </object_component>
      <object_component id="oc-16e1">
         <name>.debug_abbrev</name>
         <load_address>0x7c2d</load_address>
         <run_address>0x7c2d</run_address>
         <size>0x29</size>
         <input_file_ref idref="fl-c"/>
      </object_component>
      <object_component id="oc-16e3">
         <name>.debug_abbrev</name>
         <load_address>0x7c56</load_address>
         <run_address>0x7c56</run_address>
         <size>0x29</size>
         <input_file_ref idref="fl-c"/>
      </object_component>
      <object_component id="oc-16e5">
         <name>.debug_abbrev</name>
         <load_address>0x7c7f</load_address>
         <run_address>0x7c7f</run_address>
         <size>0x29</size>
         <input_file_ref idref="fl-c"/>
      </object_component>
      <object_component id="oc-1008">
         <name>.debug_abbrev</name>
         <load_address>0x7ca8</load_address>
         <run_address>0x7ca8</run_address>
         <size>0x29</size>
         <input_file_ref idref="fl-c"/>
      </object_component>
      <object_component id="oc-139e">
         <name>.debug_abbrev</name>
         <load_address>0x7cd1</load_address>
         <run_address>0x7cd1</run_address>
         <size>0x29</size>
         <input_file_ref idref="fl-c"/>
      </object_component>
      <object_component id="oc-1934">
         <name>.debug_abbrev</name>
         <load_address>0x7cfa</load_address>
         <run_address>0x7cfa</run_address>
         <size>0x29</size>
         <input_file_ref idref="fl-c"/>
      </object_component>
      <object_component id="oc-1809">
         <name>.debug_abbrev</name>
         <load_address>0x7d23</load_address>
         <run_address>0x7d23</run_address>
         <size>0x29</size>
         <input_file_ref idref="fl-c"/>
      </object_component>
      <object_component id="oc-1904">
         <name>.debug_abbrev</name>
         <load_address>0x7d4c</load_address>
         <run_address>0x7d4c</run_address>
         <size>0x29</size>
         <input_file_ref idref="fl-c"/>
      </object_component>
      <object_component id="oc-1902">
         <name>.debug_abbrev</name>
         <load_address>0x7d75</load_address>
         <run_address>0x7d75</run_address>
         <size>0x29</size>
         <input_file_ref idref="fl-c"/>
      </object_component>
      <object_component id="oc-190c">
         <name>.debug_abbrev</name>
         <load_address>0x7d9e</load_address>
         <run_address>0x7d9e</run_address>
         <size>0x29</size>
         <input_file_ref idref="fl-c"/>
      </object_component>
      <object_component id="oc-126e">
         <name>.debug_abbrev</name>
         <load_address>0x7dc7</load_address>
         <run_address>0x7dc7</run_address>
         <size>0x29</size>
         <input_file_ref idref="fl-c"/>
      </object_component>
      <object_component id="oc-16da">
         <name>.debug_abbrev</name>
         <load_address>0x7df0</load_address>
         <run_address>0x7df0</run_address>
         <size>0x29</size>
         <input_file_ref idref="fl-c"/>
      </object_component>
      <object_component id="oc-16a1">
         <name>.debug_abbrev</name>
         <load_address>0x7e19</load_address>
         <run_address>0x7e19</run_address>
         <size>0x29</size>
         <input_file_ref idref="fl-c"/>
      </object_component>
      <object_component id="oc-d52">
         <name>.debug_abbrev</name>
         <load_address>0x7e42</load_address>
         <run_address>0x7e42</run_address>
         <size>0x29</size>
         <input_file_ref idref="fl-c"/>
      </object_component>
      <object_component id="oc-182c">
         <name>.debug_abbrev</name>
         <load_address>0x7e6b</load_address>
         <run_address>0x7e6b</run_address>
         <size>0x29</size>
         <input_file_ref idref="fl-c"/>
      </object_component>
      <object_component id="oc-186e">
         <name>.debug_abbrev</name>
         <load_address>0x7e94</load_address>
         <run_address>0x7e94</run_address>
         <size>0x29</size>
         <input_file_ref idref="fl-c"/>
      </object_component>
      <object_component id="oc-104c">
         <name>.debug_abbrev</name>
         <load_address>0x7ebd</load_address>
         <run_address>0x7ebd</run_address>
         <size>0x29</size>
         <input_file_ref idref="fl-c"/>
      </object_component>
      <object_component id="oc-796">
         <name>.debug_abbrev</name>
         <load_address>0x7ee6</load_address>
         <run_address>0x7ee6</run_address>
         <size>0x29</size>
         <input_file_ref idref="fl-c"/>
      </object_component>
      <object_component id="oc-7d9">
         <name>.debug_abbrev</name>
         <load_address>0x7f0f</load_address>
         <run_address>0x7f0f</run_address>
         <size>0x29</size>
         <input_file_ref idref="fl-c"/>
      </object_component>
      <object_component id="oc-192b">
         <name>.debug_abbrev</name>
         <load_address>0x7f38</load_address>
         <run_address>0x7f38</run_address>
         <size>0x7a</size>
         <input_file_ref idref="fl-c"/>
      </object_component>
      <object_component id="oc-8a8">
         <name>.debug_abbrev</name>
         <load_address>0x7fb2</load_address>
         <run_address>0x7fb2</run_address>
         <size>0x81</size>
         <input_file_ref idref="fl-c"/>
      </object_component>
      <object_component id="oc-1804">
         <name>.debug_abbrev</name>
         <load_address>0x8033</load_address>
         <run_address>0x8033</run_address>
         <size>0x7c</size>
         <input_file_ref idref="fl-c"/>
      </object_component>
      <object_component id="oc-18f8">
         <name>.debug_abbrev</name>
         <load_address>0x80af</load_address>
         <run_address>0x80af</run_address>
         <size>0x81</size>
         <input_file_ref idref="fl-c"/>
      </object_component>
      <object_component id="oc-c6d">
         <name>.debug_abbrev</name>
         <load_address>0x8130</load_address>
         <run_address>0x8130</run_address>
         <size>0x63</size>
         <input_file_ref idref="fl-c"/>
      </object_component>
      <object_component id="oc-a34">
         <name>.debug_abbrev</name>
         <load_address>0x8193</load_address>
         <run_address>0x8193</run_address>
         <size>0x65</size>
         <input_file_ref idref="fl-c"/>
      </object_component>
      <object_component id="oc-14ac">
         <name>.debug_abbrev</name>
         <load_address>0x81f8</load_address>
         <run_address>0x81f8</run_address>
         <size>0x7a</size>
         <input_file_ref idref="fl-c"/>
      </object_component>
      <object_component id="oc-14ab">
         <name>.debug_abbrev</name>
         <load_address>0x8272</load_address>
         <run_address>0x8272</run_address>
         <size>0x7c</size>
         <input_file_ref idref="fl-c"/>
      </object_component>
      <object_component id="oc-14ad">
         <name>.debug_abbrev</name>
         <load_address>0x82ee</load_address>
         <run_address>0x82ee</run_address>
         <size>0x7c</size>
         <input_file_ref idref="fl-c"/>
      </object_component>
      <object_component id="oc-c7b">
         <name>.debug_abbrev</name>
         <load_address>0x836a</load_address>
         <run_address>0x836a</run_address>
         <size>0x7a</size>
         <input_file_ref idref="fl-c"/>
      </object_component>
      <object_component id="oc-d2">
         <name>.debug_abbrev</name>
         <load_address>0x83e4</load_address>
         <run_address>0x83e4</run_address>
         <size>0x5e</size>
         <input_file_ref idref="fl-c"/>
      </object_component>
      <object_component id="oc-69d">
         <name>.debug_abbrev</name>
         <load_address>0x8442</load_address>
         <run_address>0x8442</run_address>
         <size>0x6c</size>
         <input_file_ref idref="fl-c"/>
      </object_component>
      <object_component id="oc-1440">
         <name>.debug_abbrev</name>
         <load_address>0x84ae</load_address>
         <run_address>0x84ae</run_address>
         <size>0x50</size>
         <input_file_ref idref="fl-c"/>
      </object_component>
      <object_component id="oc-16a5">
         <name>.debug_abbrev</name>
         <load_address>0x84fe</load_address>
         <run_address>0x84fe</run_address>
         <size>0x63</size>
         <input_file_ref idref="fl-c"/>
      </object_component>
      <object_component id="oc-142b">
         <name>.debug_abbrev</name>
         <load_address>0x8561</load_address>
         <run_address>0x8561</run_address>
         <size>0x61</size>
         <input_file_ref idref="fl-c"/>
      </object_component>
      <object_component id="oc-16a4">
         <name>.debug_abbrev</name>
         <load_address>0x85c2</load_address>
         <run_address>0x85c2</run_address>
         <size>0x65</size>
         <input_file_ref idref="fl-c"/>
      </object_component>
      <object_component id="oc-1424">
         <name>.debug_abbrev</name>
         <load_address>0x8627</load_address>
         <run_address>0x8627</run_address>
         <size>0x6c</size>
         <input_file_ref idref="fl-c"/>
      </object_component>
      <object_component id="oc-10f1">
         <name>.debug_abbrev</name>
         <load_address>0x8693</load_address>
         <run_address>0x8693</run_address>
         <size>0x6c</size>
         <input_file_ref idref="fl-c"/>
      </object_component>
      <object_component id="oc-10f8">
         <name>.debug_abbrev</name>
         <load_address>0x86ff</load_address>
         <run_address>0x86ff</run_address>
         <size>0x5e</size>
         <input_file_ref idref="fl-c"/>
      </object_component>
      <object_component id="oc-1885">
         <name>.debug_abbrev</name>
         <load_address>0x875d</load_address>
         <run_address>0x875d</run_address>
         <size>0x7a</size>
         <input_file_ref idref="fl-c"/>
      </object_component>
      <object_component id="oc-1453">
         <name>.debug_abbrev</name>
         <load_address>0x87d7</load_address>
         <run_address>0x87d7</run_address>
         <size>0x6c</size>
         <input_file_ref idref="fl-c"/>
      </object_component>
      <object_component id="oc-cc4">
         <name>.debug_abbrev</name>
         <load_address>0x8843</load_address>
         <run_address>0x8843</run_address>
         <size>0x7a</size>
         <input_file_ref idref="fl-c"/>
      </object_component>
      <object_component id="oc-10d7">
         <name>.debug_abbrev</name>
         <load_address>0x88bd</load_address>
         <run_address>0x88bd</run_address>
         <size>0x5e</size>
         <input_file_ref idref="fl-c"/>
      </object_component>
      <object_component id="oc-cb7">
         <name>.debug_abbrev</name>
         <load_address>0x891b</load_address>
         <run_address>0x891b</run_address>
         <size>0x5e</size>
         <input_file_ref idref="fl-c"/>
      </object_component>
      <object_component id="oc-1721">
         <name>.debug_abbrev</name>
         <load_address>0x8979</load_address>
         <run_address>0x8979</run_address>
         <size>0x7c</size>
         <input_file_ref idref="fl-c"/>
      </object_component>
      <object_component id="oc-1720">
         <name>.debug_abbrev</name>
         <load_address>0x89f5</load_address>
         <run_address>0x89f5</run_address>
         <size>0x7a</size>
         <input_file_ref idref="fl-c"/>
      </object_component>
      <object_component id="oc-171f">
         <name>.debug_abbrev</name>
         <load_address>0x8a6f</load_address>
         <run_address>0x8a6f</run_address>
         <size>0x7c</size>
         <input_file_ref idref="fl-c"/>
      </object_component>
      <object_component id="oc-1476">
         <name>.debug_abbrev</name>
         <load_address>0x8aeb</load_address>
         <run_address>0x8aeb</run_address>
         <size>0x7c</size>
         <input_file_ref idref="fl-c"/>
      </object_component>
      <object_component id="oc-1475">
         <name>.debug_abbrev</name>
         <load_address>0x8b67</load_address>
         <run_address>0x8b67</run_address>
         <size>0x7a</size>
         <input_file_ref idref="fl-c"/>
      </object_component>
      <object_component id="oc-146e">
         <name>.debug_abbrev</name>
         <load_address>0x8be1</load_address>
         <run_address>0x8be1</run_address>
         <size>0x7c</size>
         <input_file_ref idref="fl-c"/>
      </object_component>
      <object_component id="oc-141b">
         <name>.debug_abbrev</name>
         <load_address>0x8c5d</load_address>
         <run_address>0x8c5d</run_address>
         <size>0x7c</size>
         <input_file_ref idref="fl-c"/>
      </object_component>
      <object_component id="oc-141a">
         <name>.debug_abbrev</name>
         <load_address>0x8cd9</load_address>
         <run_address>0x8cd9</run_address>
         <size>0x7a</size>
         <input_file_ref idref="fl-c"/>
      </object_component>
      <object_component id="oc-1413">
         <name>.debug_abbrev</name>
         <load_address>0x8d53</load_address>
         <run_address>0x8d53</run_address>
         <size>0x7c</size>
         <input_file_ref idref="fl-c"/>
      </object_component>
      <object_component id="oc-106d">
         <name>.debug_abbrev</name>
         <load_address>0x8dcf</load_address>
         <run_address>0x8dcf</run_address>
         <size>0x79</size>
         <input_file_ref idref="fl-c"/>
      </object_component>
      <object_component id="oc-1054">
         <name>.debug_abbrev</name>
         <load_address>0x8e48</load_address>
         <run_address>0x8e48</run_address>
         <size>0x7b</size>
         <input_file_ref idref="fl-c"/>
      </object_component>
      <object_component id="oc-3ab">
         <name>.debug_abbrev</name>
         <load_address>0x8ec3</load_address>
         <run_address>0x8ec3</run_address>
         <size>0x7c</size>
         <input_file_ref idref="fl-c"/>
      </object_component>
      <object_component id="oc-172d">
         <name>.debug_abbrev</name>
         <load_address>0x8f3f</load_address>
         <run_address>0x8f3f</run_address>
         <size>0x52</size>
         <input_file_ref idref="fl-c"/>
      </object_component>
      <object_component id="oc-38f">
         <name>.debug_abbrev</name>
         <load_address>0x8f91</load_address>
         <run_address>0x8f91</run_address>
         <size>0x71</size>
         <input_file_ref idref="fl-c"/>
      </object_component>
      <object_component id="oc-172e">
         <name>.debug_abbrev</name>
         <load_address>0x9002</load_address>
         <run_address>0x9002</run_address>
         <size>0x6e</size>
         <input_file_ref idref="fl-c"/>
      </object_component>
      <object_component id="oc-11da">
         <name>.debug_abbrev</name>
         <load_address>0x9070</load_address>
         <run_address>0x9070</run_address>
         <size>0x7c</size>
         <input_file_ref idref="fl-c"/>
      </object_component>
      <object_component id="oc-172a">
         <name>.debug_abbrev</name>
         <load_address>0x90ec</load_address>
         <run_address>0x90ec</run_address>
         <size>0x6e</size>
         <input_file_ref idref="fl-c"/>
      </object_component>
      <object_component id="oc-11db">
         <name>.debug_abbrev</name>
         <load_address>0x915a</load_address>
         <run_address>0x915a</run_address>
         <size>0x7c</size>
         <input_file_ref idref="fl-c"/>
      </object_component>
      <object_component id="oc-1845">
         <name>.debug_abbrev</name>
         <load_address>0x91d6</load_address>
         <run_address>0x91d6</run_address>
         <size>0x7a</size>
         <input_file_ref idref="fl-c"/>
      </object_component>
      <object_component id="oc-1761">
         <name>.debug_abbrev</name>
         <load_address>0x9250</load_address>
         <run_address>0x9250</run_address>
         <size>0x63</size>
         <input_file_ref idref="fl-c"/>
      </object_component>
      <object_component id="oc-385">
         <name>.debug_abbrev</name>
         <load_address>0x92b3</load_address>
         <run_address>0x92b3</run_address>
         <size>0x7c</size>
         <input_file_ref idref="fl-c"/>
      </object_component>
      <object_component id="oc-1771">
         <name>.debug_abbrev</name>
         <load_address>0x932f</load_address>
         <run_address>0x932f</run_address>
         <size>0x7a</size>
         <input_file_ref idref="fl-c"/>
      </object_component>
      <object_component id="oc-1770">
         <name>.debug_abbrev</name>
         <load_address>0x93a9</load_address>
         <run_address>0x93a9</run_address>
         <size>0x71</size>
         <input_file_ref idref="fl-c"/>
      </object_component>
      <object_component id="oc-1894">
         <name>.debug_abbrev</name>
         <load_address>0x941a</load_address>
         <run_address>0x941a</run_address>
         <size>0x7a</size>
         <input_file_ref idref="fl-c"/>
      </object_component>
      <object_component id="oc-17f0">
         <name>.debug_abbrev</name>
         <load_address>0x9494</load_address>
         <run_address>0x9494</run_address>
         <size>0x63</size>
         <input_file_ref idref="fl-c"/>
      </object_component>
      <object_component id="oc-bde">
         <name>.debug_abbrev</name>
         <load_address>0x94f7</load_address>
         <run_address>0x94f7</run_address>
         <size>0x7a</size>
         <input_file_ref idref="fl-c"/>
      </object_component>
      <object_component id="oc-1061">
         <name>.debug_abbrev</name>
         <load_address>0x9571</load_address>
         <run_address>0x9571</run_address>
         <size>0x6e</size>
         <input_file_ref idref="fl-c"/>
      </object_component>
      <object_component id="oc-1852">
         <name>.debug_abbrev</name>
         <load_address>0x95df</load_address>
         <run_address>0x95df</run_address>
         <size>0x7a</size>
         <input_file_ref idref="fl-c"/>
      </object_component>
      <object_component id="oc-178a">
         <name>.debug_abbrev</name>
         <load_address>0x9659</load_address>
         <run_address>0x9659</run_address>
         <size>0x63</size>
         <input_file_ref idref="fl-c"/>
      </object_component>
      <object_component id="oc-17a6">
         <name>.debug_abbrev</name>
         <load_address>0x96bc</load_address>
         <run_address>0x96bc</run_address>
         <size>0x7a</size>
         <input_file_ref idref="fl-c"/>
      </object_component>
      <object_component id="oc-1729">
         <name>.debug_abbrev</name>
         <load_address>0x9736</load_address>
         <run_address>0x9736</run_address>
         <size>0x65</size>
         <input_file_ref idref="fl-c"/>
      </object_component>
      <object_component id="oc-1722">
         <name>.debug_abbrev</name>
         <load_address>0x979b</load_address>
         <run_address>0x979b</run_address>
         <size>0x52</size>
         <input_file_ref idref="fl-c"/>
      </object_component>
      <object_component id="oc-179c">
         <name>.debug_abbrev</name>
         <load_address>0x97ed</load_address>
         <run_address>0x97ed</run_address>
         <size>0x71</size>
         <input_file_ref idref="fl-c"/>
      </object_component>
      <object_component id="oc-ed4">
         <name>.debug_abbrev</name>
         <load_address>0x985e</load_address>
         <run_address>0x985e</run_address>
         <size>0x6e</size>
         <input_file_ref idref="fl-c"/>
      </object_component>
      <object_component id="oc-180c">
         <name>.debug_abbrev</name>
         <load_address>0x98cc</load_address>
         <run_address>0x98cc</run_address>
         <size>0x63</size>
         <input_file_ref idref="fl-c"/>
      </object_component>
      <object_component id="oc-180b">
         <name>.debug_abbrev</name>
         <load_address>0x992f</load_address>
         <run_address>0x992f</run_address>
         <size>0x65</size>
         <input_file_ref idref="fl-c"/>
      </object_component>
      <object_component id="oc-f74">
         <name>.debug_abbrev</name>
         <load_address>0x9994</load_address>
         <run_address>0x9994</run_address>
         <size>0x71</size>
         <input_file_ref idref="fl-c"/>
      </object_component>
      <object_component id="oc-1736">
         <name>.debug_abbrev</name>
         <load_address>0x9a05</load_address>
         <run_address>0x9a05</run_address>
         <size>0x52</size>
         <input_file_ref idref="fl-c"/>
      </object_component>
      <object_component id="oc-11dc">
         <name>.debug_abbrev</name>
         <load_address>0x9a57</load_address>
         <run_address>0x9a57</run_address>
         <size>0x7c</size>
         <input_file_ref idref="fl-c"/>
      </object_component>
      <object_component id="oc-88c">
         <name>.debug_abbrev</name>
         <load_address>0x9ad3</load_address>
         <run_address>0x9ad3</run_address>
         <size>0x7c</size>
         <input_file_ref idref="fl-c"/>
      </object_component>
      <object_component id="oc-882">
         <name>.debug_abbrev</name>
         <load_address>0x9b4f</load_address>
         <run_address>0x9b4f</run_address>
         <size>0x71</size>
         <input_file_ref idref="fl-c"/>
      </object_component>
      <object_component id="oc-183e">
         <name>.debug_abbrev</name>
         <load_address>0x9bc0</load_address>
         <run_address>0x9bc0</run_address>
         <size>0x7a</size>
         <input_file_ref idref="fl-c"/>
      </object_component>
      <object_component id="oc-175a">
         <name>.debug_abbrev</name>
         <load_address>0x9c3a</load_address>
         <run_address>0x9c3a</run_address>
         <size>0x63</size>
         <input_file_ref idref="fl-c"/>
      </object_component>
      <object_component id="oc-f84">
         <name>.debug_abbrev</name>
         <load_address>0x9c9d</load_address>
         <run_address>0x9c9d</run_address>
         <size>0x7a</size>
         <input_file_ref idref="fl-c"/>
      </object_component>
      <object_component id="oc-1733">
         <name>.debug_abbrev</name>
         <load_address>0x9d17</load_address>
         <run_address>0x9d17</run_address>
         <size>0x6e</size>
         <input_file_ref idref="fl-c"/>
      </object_component>
      <object_component id="oc-14a">
         <name>.debug_abbrev</name>
         <load_address>0x9d85</load_address>
         <run_address>0x9d85</run_address>
         <size>0xf1</size>
         <input_file_ref idref="fl-c"/>
      </object_component>
      <object_component id="oc-14f">
         <name>.debug_abbrev</name>
         <load_address>0x9e76</load_address>
         <run_address>0x9e76</run_address>
         <size>0x5a</size>
         <input_file_ref idref="fl-c"/>
      </object_component>
      <object_component id="oc-11d">
         <name>.debug_abbrev</name>
         <load_address>0x9ed0</load_address>
         <run_address>0x9ed0</run_address>
         <size>0xbe</size>
         <input_file_ref idref="fl-c"/>
      </object_component>
      <object_component id="oc-122">
         <name>.debug_abbrev</name>
         <load_address>0x9f8e</load_address>
         <run_address>0x9f8e</run_address>
         <size>0x100</size>
         <input_file_ref idref="fl-c"/>
      </object_component>
      <object_component id="oc-154">
         <name>.debug_abbrev</name>
         <load_address>0xa08e</load_address>
         <run_address>0xa08e</run_address>
         <size>0x92</size>
         <input_file_ref idref="fl-c"/>
      </object_component>
      <object_component id="oc-159">
         <name>.debug_abbrev</name>
         <load_address>0xa120</load_address>
         <run_address>0xa120</run_address>
         <size>0xde</size>
         <input_file_ref idref="fl-c"/>
      </object_component>
      <object_component id="oc-dc">
         <name>.debug_abbrev</name>
         <load_address>0xa1fe</load_address>
         <run_address>0xa1fe</run_address>
         <size>0xca</size>
         <input_file_ref idref="fl-c"/>
      </object_component>
      <object_component id="oc-15e">
         <name>.debug_abbrev</name>
         <load_address>0xa2c8</load_address>
         <run_address>0xa2c8</run_address>
         <size>0x4b</size>
         <input_file_ref idref="fl-c"/>
      </object_component>
      <object_component id="oc-163">
         <name>.debug_abbrev</name>
         <load_address>0xa313</load_address>
         <run_address>0xa313</run_address>
         <size>0x4b</size>
         <input_file_ref idref="fl-c"/>
      </object_component>
      <object_component id="oc-168">
         <name>.debug_abbrev</name>
         <load_address>0xa35e</load_address>
         <run_address>0xa35e</run_address>
         <size>0x7c</size>
         <input_file_ref idref="fl-c"/>
      </object_component>
      <object_component id="oc-16d">
         <name>.debug_abbrev</name>
         <load_address>0xa3da</load_address>
         <run_address>0xa3da</run_address>
         <size>0xd9</size>
         <input_file_ref idref="fl-c"/>
      </object_component>
      <object_component id="oc-172">
         <name>.debug_abbrev</name>
         <load_address>0xa4b3</load_address>
         <run_address>0xa4b3</run_address>
         <size>0x55</size>
         <input_file_ref idref="fl-c"/>
      </object_component>
      <object_component id="oc-177">
         <name>.debug_abbrev</name>
         <load_address>0xa508</load_address>
         <run_address>0xa508</run_address>
         <size>0x72</size>
         <input_file_ref idref="fl-c"/>
      </object_component>
      <object_component id="oc-17c">
         <name>.debug_abbrev</name>
         <load_address>0xa57a</load_address>
         <run_address>0xa57a</run_address>
         <size>0x72</size>
         <input_file_ref idref="fl-c"/>
      </object_component>
      <object_component id="oc-181">
         <name>.debug_abbrev</name>
         <load_address>0xa5ec</load_address>
         <run_address>0xa5ec</run_address>
         <size>0x72</size>
         <input_file_ref idref="fl-c"/>
      </object_component>
      <object_component id="oc-2f6">
         <name>.debug_abbrev</name>
         <load_address>0xa65e</load_address>
         <run_address>0xa65e</run_address>
         <size>0x72</size>
         <input_file_ref idref="fl-c"/>
      </object_component>
      <object_component id="oc-109">
         <name>.debug_abbrev</name>
         <load_address>0xa6d0</load_address>
         <run_address>0xa6d0</run_address>
         <size>0x99</size>
         <input_file_ref idref="fl-c"/>
      </object_component>
      <object_component id="oc-2ab">
         <name>.debug_abbrev</name>
         <load_address>0xa769</load_address>
         <run_address>0xa769</run_address>
         <size>0x4b</size>
         <input_file_ref idref="fl-c"/>
      </object_component>
      <object_component id="oc-186">
         <name>.debug_abbrev</name>
         <load_address>0xa7b4</load_address>
         <run_address>0xa7b4</run_address>
         <size>0xaf</size>
         <input_file_ref idref="fl-c"/>
      </object_component>
      <object_component id="oc-113">
         <name>.debug_abbrev</name>
         <load_address>0xa863</load_address>
         <run_address>0xa863</run_address>
         <size>0xcf</size>
         <input_file_ref idref="fl-c"/>
      </object_component>
      <object_component id="oc-2b5">
         <name>.debug_abbrev</name>
         <load_address>0xa932</load_address>
         <run_address>0xa932</run_address>
         <size>0xca</size>
         <input_file_ref idref="fl-c"/>
      </object_component>
      <object_component id="oc-18b">
         <name>.debug_abbrev</name>
         <load_address>0xa9fc</load_address>
         <run_address>0xa9fc</run_address>
         <size>0x4b</size>
         <input_file_ref idref="fl-c"/>
      </object_component>
      <object_component id="oc-2bf">
         <name>.debug_abbrev</name>
         <load_address>0xaa47</load_address>
         <run_address>0xaa47</run_address>
         <size>0x4b</size>
         <input_file_ref idref="fl-c"/>
      </object_component>
      <object_component id="oc-190">
         <name>.debug_abbrev</name>
         <load_address>0xaa92</load_address>
         <run_address>0xaa92</run_address>
         <size>0x72</size>
         <input_file_ref idref="fl-c"/>
      </object_component>
      <object_component id="oc-195">
         <name>.debug_abbrev</name>
         <load_address>0xab04</load_address>
         <run_address>0xab04</run_address>
         <size>0xcf</size>
         <input_file_ref idref="fl-c"/>
      </object_component>
      <object_component id="oc-19f">
         <name>.debug_abbrev</name>
         <load_address>0xabd3</load_address>
         <run_address>0xabd3</run_address>
         <size>0x4b</size>
         <input_file_ref idref="fl-c"/>
      </object_component>
      <object_component id="oc-1a4">
         <name>.debug_abbrev</name>
         <load_address>0xac1e</load_address>
         <run_address>0xac1e</run_address>
         <size>0x24</size>
         <input_file_ref idref="fl-c"/>
      </object_component>
      <object_component id="oc-1ae">
         <name>.debug_abbrev</name>
         <load_address>0xac42</load_address>
         <run_address>0xac42</run_address>
         <size>0xb9</size>
         <input_file_ref idref="fl-c"/>
      </object_component>
      <object_component id="oc-1c2">
         <name>.debug_abbrev</name>
         <load_address>0xacfb</load_address>
         <run_address>0xacfb</run_address>
         <size>0x72</size>
         <input_file_ref idref="fl-c"/>
      </object_component>
      <object_component id="oc-1c7">
         <name>.debug_abbrev</name>
         <load_address>0xad6d</load_address>
         <run_address>0xad6d</run_address>
         <size>0x7c</size>
         <input_file_ref idref="fl-c"/>
      </object_component>
      <object_component id="oc-1cc">
         <name>.debug_abbrev</name>
         <load_address>0xade9</load_address>
         <run_address>0xade9</run_address>
         <size>0x99</size>
         <input_file_ref idref="fl-c"/>
      </object_component>
      <object_component id="oc-140">
         <name>.debug_abbrev</name>
         <load_address>0xae82</load_address>
         <run_address>0xae82</run_address>
         <size>0x99</size>
         <input_file_ref idref="fl-c"/>
      </object_component>
      <object_component id="oc-131">
         <name>.debug_abbrev</name>
         <load_address>0xaf1b</load_address>
         <run_address>0xaf1b</run_address>
         <size>0xa5</size>
         <input_file_ref idref="fl-c"/>
      </object_component>
      <object_component id="oc-16ce">
         <name>.debug_abbrev</name>
         <load_address>0xafc0</load_address>
         <run_address>0xafc0</run_address>
         <size>0x24</size>
         <input_file_ref idref="fl-c"/>
      </object_component>
      <object_component id="oc-300">
         <name>.debug_abbrev</name>
         <load_address>0xafe4</load_address>
         <run_address>0xafe4</run_address>
         <size>0x4b</size>
         <input_file_ref idref="fl-c"/>
      </object_component>
      <object_component id="oc-1d6">
         <name>.debug_abbrev</name>
         <load_address>0xb02f</load_address>
         <run_address>0xb02f</run_address>
         <size>0x24</size>
         <input_file_ref idref="fl-c"/>
      </object_component>
      <object_component id="oc-eb">
         <name>.debug_abbrev</name>
         <load_address>0xb053</load_address>
         <run_address>0xb053</run_address>
         <size>0x44</size>
         <input_file_ref idref="fl-c"/>
      </object_component>
      <object_component id="oc-ff">
         <name>.debug_abbrev</name>
         <load_address>0xb097</load_address>
         <run_address>0xb097</run_address>
         <size>0x44</size>
         <input_file_ref idref="fl-c"/>
      </object_component>
      <object_component id="oc-104">
         <name>.debug_abbrev</name>
         <load_address>0xb0db</load_address>
         <run_address>0xb0db</run_address>
         <size>0x44</size>
         <input_file_ref idref="fl-c"/>
      </object_component>
      <object_component id="oc-1d1">
         <name>.debug_abbrev</name>
         <load_address>0xb11f</load_address>
         <run_address>0xb11f</run_address>
         <size>0x44</size>
         <input_file_ref idref="fl-c"/>
      </object_component>
      <object_component id="oc-10e">
         <name>.debug_abbrev</name>
         <load_address>0xb163</load_address>
         <run_address>0xb163</run_address>
         <size>0x44</size>
         <input_file_ref idref="fl-c"/>
      </object_component>
      <object_component id="oc-1db">
         <name>.debug_abbrev</name>
         <load_address>0xb1a7</load_address>
         <run_address>0xb1a7</run_address>
         <size>0x6b</size>
         <input_file_ref idref="fl-c"/>
      </object_component>
      <object_component id="oc-118">
         <name>.debug_abbrev</name>
         <load_address>0xb212</load_address>
         <run_address>0xb212</run_address>
         <size>0x44</size>
         <input_file_ref idref="fl-c"/>
      </object_component>
      <object_component id="oc-13b">
         <name>.debug_abbrev</name>
         <load_address>0xb256</load_address>
         <run_address>0xb256</run_address>
         <size>0xc3</size>
         <input_file_ref idref="fl-c"/>
      </object_component>
      <object_component id="oc-a4c">
         <name>.debug_abbrev</name>
         <load_address>0xb319</load_address>
         <run_address>0xb319</run_address>
         <size>0x47</size>
         <input_file_ref idref="fl-1b"/>
      </object_component>
      <object_component id="oc-a1a">
         <name>.debug_abbrev</name>
         <load_address>0xb360</load_address>
         <run_address>0xb360</run_address>
         <size>0x6e</size>
         <input_file_ref idref="fl-1b"/>
      </object_component>
      <object_component id="oc-a14">
         <name>.debug_abbrev</name>
         <load_address>0xb3ce</load_address>
         <run_address>0xb3ce</run_address>
         <size>0x9d</size>
         <input_file_ref idref="fl-1b"/>
      </object_component>
      <object_component id="oc-bb1">
         <name>.debug_abbrev</name>
         <load_address>0xb46b</load_address>
         <run_address>0xb46b</run_address>
         <size>0x24</size>
         <input_file_ref idref="fl-1b"/>
      </object_component>
      <object_component id="oc-281">
         <name>.debug_abbrev</name>
         <load_address>0xb48f</load_address>
         <run_address>0xb48f</run_address>
         <size>0x4b</size>
         <input_file_ref idref="fl-1b"/>
      </object_component>
      <object_component id="oc-e5d">
         <name>.debug_abbrev</name>
         <load_address>0xb4da</load_address>
         <run_address>0xb4da</run_address>
         <size>0x47</size>
         <input_file_ref idref="fl-1c"/>
      </object_component>
      <object_component id="oc-9d3">
         <name>.debug_abbrev</name>
         <load_address>0xb521</load_address>
         <run_address>0xb521</run_address>
         <size>0x6c</size>
         <input_file_ref idref="fl-1c"/>
      </object_component>
      <object_component id="oc-e87">
         <name>.debug_abbrev</name>
         <load_address>0xb58d</load_address>
         <run_address>0xb58d</run_address>
         <size>0x47</size>
         <input_file_ref idref="fl-1d"/>
      </object_component>
      <object_component id="oc-a2b">
         <name>.debug_abbrev</name>
         <load_address>0xb5d4</load_address>
         <run_address>0xb5d4</run_address>
         <size>0x6e</size>
         <input_file_ref idref="fl-1d"/>
      </object_component>
      <object_component id="oc-e80">
         <name>.debug_abbrev</name>
         <load_address>0xb642</load_address>
         <run_address>0xb642</run_address>
         <size>0x47</size>
         <input_file_ref idref="fl-1e"/>
      </object_component>
      <object_component id="oc-a18">
         <name>.debug_abbrev</name>
         <load_address>0xb689</load_address>
         <run_address>0xb689</run_address>
         <size>0x6e</size>
         <input_file_ref idref="fl-1e"/>
      </object_component>
      <object_component id="oc-11a2">
         <name>.debug_abbrev</name>
         <load_address>0xb6f7</load_address>
         <run_address>0xb6f7</run_address>
         <size>0x47</size>
         <input_file_ref idref="fl-1f"/>
      </object_component>
      <object_component id="oc-e79">
         <name>.debug_abbrev</name>
         <load_address>0xb73e</load_address>
         <run_address>0xb73e</run_address>
         <size>0x6e</size>
         <input_file_ref idref="fl-1f"/>
      </object_component>
      <object_component id="oc-e7e">
         <name>.debug_abbrev</name>
         <load_address>0xb7ac</load_address>
         <run_address>0xb7ac</run_address>
         <size>0x47</size>
         <input_file_ref idref="fl-20"/>
      </object_component>
      <object_component id="oc-a11">
         <name>.debug_abbrev</name>
         <load_address>0xb7f3</load_address>
         <run_address>0xb7f3</run_address>
         <size>0x6e</size>
         <input_file_ref idref="fl-20"/>
      </object_component>
      <object_component id="oc-e85">
         <name>.debug_abbrev</name>
         <load_address>0xb861</load_address>
         <run_address>0xb861</run_address>
         <size>0x47</size>
         <input_file_ref idref="fl-21"/>
      </object_component>
      <object_component id="oc-a29">
         <name>.debug_abbrev</name>
         <load_address>0xb8a8</load_address>
         <run_address>0xb8a8</run_address>
         <size>0x6e</size>
         <input_file_ref idref="fl-21"/>
      </object_component>
      <object_component id="oc-d56">
         <name>.debug_abbrev</name>
         <load_address>0xb916</load_address>
         <run_address>0xb916</run_address>
         <size>0x7b</size>
         <input_file_ref idref="fl-22"/>
      </object_component>
      <object_component id="oc-b69">
         <name>.debug_abbrev</name>
         <load_address>0xb991</load_address>
         <run_address>0xb991</run_address>
         <size>0x27</size>
         <input_file_ref idref="fl-22"/>
      </object_component>
      <object_component id="oc-d54">
         <name>.debug_abbrev</name>
         <load_address>0xb9b8</load_address>
         <run_address>0xb9b8</run_address>
         <size>0x29</size>
         <input_file_ref idref="fl-22"/>
      </object_component>
      <object_component id="oc-1499">
         <name>.debug_abbrev</name>
         <load_address>0xb9e1</load_address>
         <run_address>0xb9e1</run_address>
         <size>0x7d</size>
         <input_file_ref idref="fl-22"/>
      </object_component>
      <object_component id="oc-892">
         <name>.debug_abbrev</name>
         <load_address>0xba5e</load_address>
         <run_address>0xba5e</run_address>
         <size>0x7d</size>
         <input_file_ref idref="fl-22"/>
      </object_component>
      <object_component id="oc-738">
         <name>.debug_abbrev</name>
         <load_address>0xbadb</load_address>
         <run_address>0xbadb</run_address>
         <size>0x5f</size>
         <input_file_ref idref="fl-22"/>
      </object_component>
      <object_component id="oc-890">
         <name>.debug_abbrev</name>
         <load_address>0xbb3a</load_address>
         <run_address>0xbb3a</run_address>
         <size>0x5e</size>
         <input_file_ref idref="fl-22"/>
      </object_component>
      <object_component id="oc-d5a">
         <name>.debug_abbrev</name>
         <load_address>0xbb98</load_address>
         <run_address>0xbb98</run_address>
         <size>0x5a</size>
         <input_file_ref idref="fl-22"/>
      </object_component>
      <object_component id="oc-895">
         <name>.debug_abbrev</name>
         <load_address>0xbbf2</load_address>
         <run_address>0xbbf2</run_address>
         <size>0xfb</size>
         <input_file_ref idref="fl-22"/>
      </object_component>
      <object_component id="oc-d46">
         <name>.debug_abbrev</name>
         <load_address>0xbced</load_address>
         <run_address>0xbced</run_address>
         <size>0x74</size>
         <input_file_ref idref="fl-26"/>
      </object_component>
      <object_component id="oc-b74">
         <name>.debug_abbrev</name>
         <load_address>0xbd61</load_address>
         <run_address>0xbd61</run_address>
         <size>0x27</size>
         <input_file_ref idref="fl-26"/>
      </object_component>
      <object_component id="oc-d6d">
         <name>.debug_abbrev</name>
         <load_address>0xbd88</load_address>
         <run_address>0xbd88</run_address>
         <size>0x29</size>
         <input_file_ref idref="fl-26"/>
      </object_component>
      <object_component id="oc-876">
         <name>.debug_abbrev</name>
         <load_address>0xbdb1</load_address>
         <run_address>0xbdb1</run_address>
         <size>0x7d</size>
         <input_file_ref idref="fl-26"/>
      </object_component>
      <object_component id="oc-8ad">
         <name>.debug_abbrev</name>
         <load_address>0xbe2e</load_address>
         <run_address>0xbe2e</run_address>
         <size>0x7d</size>
         <input_file_ref idref="fl-26"/>
      </object_component>
      <object_component id="oc-73f">
         <name>.debug_abbrev</name>
         <load_address>0xbeab</load_address>
         <run_address>0xbeab</run_address>
         <size>0x5f</size>
         <input_file_ref idref="fl-26"/>
      </object_component>
      <object_component id="oc-8ac">
         <name>.debug_abbrev</name>
         <load_address>0xbf0a</load_address>
         <run_address>0xbf0a</run_address>
         <size>0x5e</size>
         <input_file_ref idref="fl-26"/>
      </object_component>
      <object_component id="oc-74e">
         <name>.debug_abbrev</name>
         <load_address>0xbf68</load_address>
         <run_address>0xbf68</run_address>
         <size>0x120</size>
         <input_file_ref idref="fl-29"/>
      </object_component>
      <object_component id="oc-b5c">
         <name>.debug_abbrev</name>
         <load_address>0xc088</load_address>
         <run_address>0xc088</run_address>
         <size>0x27</size>
         <input_file_ref idref="fl-29"/>
      </object_component>
      <object_component id="oc-730">
         <name>.debug_abbrev</name>
         <load_address>0xc0af</load_address>
         <run_address>0xc0af</run_address>
         <size>0x27</size>
         <input_file_ref idref="fl-29"/>
      </object_component>
      <object_component id="oc-b5a">
         <name>.debug_abbrev</name>
         <load_address>0xc0d6</load_address>
         <run_address>0xc0d6</run_address>
         <size>0x27</size>
         <input_file_ref idref="fl-29"/>
      </object_component>
      <object_component id="oc-374">
         <name>.debug_abbrev</name>
         <load_address>0xc0fd</load_address>
         <run_address>0xc0fd</run_address>
         <size>0x7a</size>
         <input_file_ref idref="fl-29"/>
      </object_component>
      <object_component id="oc-726">
         <name>.debug_abbrev</name>
         <load_address>0xc177</load_address>
         <run_address>0xc177</run_address>
         <size>0x7a</size>
         <input_file_ref idref="fl-29"/>
      </object_component>
      <object_component id="oc-727">
         <name>.debug_abbrev</name>
         <load_address>0xc1f1</load_address>
         <run_address>0xc1f1</run_address>
         <size>0x7a</size>
         <input_file_ref idref="fl-29"/>
      </object_component>
      <object_component id="oc-34d">
         <name>.debug_abbrev</name>
         <load_address>0xc26b</load_address>
         <run_address>0xc26b</run_address>
         <size>0x6c</size>
         <input_file_ref idref="fl-29"/>
      </object_component>
      <object_component id="oc-b64">
         <name>.debug_abbrev</name>
         <load_address>0xc2d7</load_address>
         <run_address>0xc2d7</run_address>
         <size>0x89</size>
         <input_file_ref idref="fl-29"/>
      </object_component>
      <object_component id="oc-555">
         <name>.debug_abbrev</name>
         <load_address>0xc360</load_address>
         <run_address>0xc360</run_address>
         <size>0x97</size>
         <input_file_ref idref="fl-29"/>
      </object_component>
      <object_component id="oc-752">
         <name>.debug_abbrev</name>
         <load_address>0xc3f7</load_address>
         <run_address>0xc3f7</run_address>
         <size>0x5c</size>
         <input_file_ref idref="fl-29"/>
      </object_component>
      <object_component id="oc-1301">
         <name>.debug_abbrev</name>
         <load_address>0xc453</load_address>
         <run_address>0xc453</run_address>
         <size>0x111</size>
         <input_file_ref idref="fl-2a"/>
      </object_component>
      <object_component id="oc-fb0">
         <name>.debug_abbrev</name>
         <load_address>0xc564</load_address>
         <run_address>0xc564</run_address>
         <size>0x3d</size>
         <input_file_ref idref="fl-2a"/>
      </object_component>
      <object_component id="oc-156b">
         <name>.debug_abbrev</name>
         <load_address>0xc5a1</load_address>
         <run_address>0xc5a1</run_address>
         <size>0x78</size>
         <input_file_ref idref="fl-2a"/>
      </object_component>
      <object_component id="oc-159e">
         <name>.debug_abbrev</name>
         <load_address>0xc619</load_address>
         <run_address>0xc619</run_address>
         <size>0x7a</size>
         <input_file_ref idref="fl-2a"/>
      </object_component>
      <object_component id="oc-15d0">
         <name>.debug_abbrev</name>
         <load_address>0xc693</load_address>
         <run_address>0xc693</run_address>
         <size>0x6f</size>
         <input_file_ref idref="fl-2a"/>
      </object_component>
      <object_component id="oc-15de">
         <name>.debug_abbrev</name>
         <load_address>0xc702</load_address>
         <run_address>0xc702</run_address>
         <size>0x78</size>
         <input_file_ref idref="fl-2a"/>
      </object_component>
      <object_component id="oc-1300">
         <name>.debug_abbrev</name>
         <load_address>0xc77a</load_address>
         <run_address>0xc77a</run_address>
         <size>0x7c</size>
         <input_file_ref idref="fl-2a"/>
      </object_component>
      <object_component id="oc-12af">
         <name>.debug_abbrev</name>
         <load_address>0xc7f6</load_address>
         <run_address>0xc7f6</run_address>
         <size>0x7a</size>
         <input_file_ref idref="fl-2a"/>
      </object_component>
      <object_component id="oc-12e2">
         <name>.debug_abbrev</name>
         <load_address>0xc870</load_address>
         <run_address>0xc870</run_address>
         <size>0x7c</size>
         <input_file_ref idref="fl-2a"/>
      </object_component>
      <object_component id="oc-12b1">
         <name>.debug_abbrev</name>
         <load_address>0xc8ec</load_address>
         <run_address>0xc8ec</run_address>
         <size>0x6c</size>
         <input_file_ref idref="fl-2a"/>
      </object_component>
      <object_component id="oc-12b0">
         <name>.debug_abbrev</name>
         <load_address>0xc958</load_address>
         <run_address>0xc958</run_address>
         <size>0x60</size>
         <input_file_ref idref="fl-2a"/>
      </object_component>
      <object_component id="oc-129c">
         <name>.debug_abbrev</name>
         <load_address>0xc9b8</load_address>
         <run_address>0xc9b8</run_address>
         <size>0x89</size>
         <input_file_ref idref="fl-2a"/>
      </object_component>
      <object_component id="oc-177f">
         <name>.debug_abbrev</name>
         <load_address>0xca41</load_address>
         <run_address>0xca41</run_address>
         <size>0x87</size>
         <input_file_ref idref="fl-2a"/>
      </object_component>
      <object_component id="oc-15cf">
         <name>.debug_abbrev</name>
         <load_address>0xcac8</load_address>
         <run_address>0xcac8</run_address>
         <size>0x7a</size>
         <input_file_ref idref="fl-2a"/>
      </object_component>
      <object_component id="oc-12e5">
         <name>.debug_abbrev</name>
         <load_address>0xcb42</load_address>
         <run_address>0xcb42</run_address>
         <size>0x49</size>
         <input_file_ref idref="fl-2a"/>
      </object_component>
      <object_component id="oc-b0a">
         <name>.debug_abbrev</name>
         <load_address>0xcb8b</load_address>
         <run_address>0xcb8b</run_address>
         <size>0x165</size>
         <input_file_ref idref="fl-2b"/>
      </object_component>
      <object_component id="oc-6ce">
         <name>.debug_abbrev</name>
         <load_address>0xccf0</load_address>
         <run_address>0xccf0</run_address>
         <size>0x29</size>
         <input_file_ref idref="fl-2b"/>
      </object_component>
      <object_component id="oc-b08">
         <name>.debug_abbrev</name>
         <load_address>0xcd19</load_address>
         <run_address>0xcd19</run_address>
         <size>0x29</size>
         <input_file_ref idref="fl-2b"/>
      </object_component>
      <object_component id="oc-1581">
         <name>.debug_abbrev</name>
         <load_address>0xcd42</load_address>
         <run_address>0xcd42</run_address>
         <size>0x7a</size>
         <input_file_ref idref="fl-2b"/>
      </object_component>
      <object_component id="oc-1248">
         <name>.debug_abbrev</name>
         <load_address>0xcdbc</load_address>
         <run_address>0xcdbc</run_address>
         <size>0x89</size>
         <input_file_ref idref="fl-2b"/>
      </object_component>
      <object_component id="oc-f60">
         <name>.debug_abbrev</name>
         <load_address>0xce45</load_address>
         <run_address>0xce45</run_address>
         <size>0x7c</size>
         <input_file_ref idref="fl-2b"/>
      </object_component>
      <object_component id="oc-f41">
         <name>.debug_abbrev</name>
         <load_address>0xcec1</load_address>
         <run_address>0xcec1</run_address>
         <size>0x52</size>
         <input_file_ref idref="fl-2b"/>
      </object_component>
      <object_component id="oc-1582">
         <name>.debug_abbrev</name>
         <load_address>0xcf13</load_address>
         <run_address>0xcf13</run_address>
         <size>0x7a</size>
         <input_file_ref idref="fl-2b"/>
      </object_component>
      <object_component id="oc-1555">
         <name>.debug_abbrev</name>
         <load_address>0xcf8d</load_address>
         <run_address>0xcf8d</run_address>
         <size>0x7a</size>
         <input_file_ref idref="fl-2b"/>
      </object_component>
      <object_component id="oc-158a">
         <name>.debug_abbrev</name>
         <load_address>0xd007</load_address>
         <run_address>0xd007</run_address>
         <size>0x7c</size>
         <input_file_ref idref="fl-2b"/>
      </object_component>
      <object_component id="oc-6cb">
         <name>.debug_abbrev</name>
         <load_address>0xd083</load_address>
         <run_address>0xd083</run_address>
         <size>0x7a</size>
         <input_file_ref idref="fl-2b"/>
      </object_component>
      <object_component id="oc-33a">
         <name>.debug_abbrev</name>
         <load_address>0xd0fd</load_address>
         <run_address>0xd0fd</run_address>
         <size>0x6d</size>
         <input_file_ref idref="fl-2b"/>
      </object_component>
      <object_component id="oc-18cc">
         <name>.debug_abbrev</name>
         <load_address>0xd16a</load_address>
         <run_address>0xd16a</run_address>
         <size>0x5f</size>
         <input_file_ref idref="fl-2b"/>
      </object_component>
      <object_component id="oc-1556">
         <name>.debug_abbrev</name>
         <load_address>0xd1c9</load_address>
         <run_address>0xd1c9</run_address>
         <size>0x52</size>
         <input_file_ref idref="fl-2b"/>
      </object_component>
      <object_component id="oc-1583">
         <name>.debug_abbrev</name>
         <load_address>0xd21b</load_address>
         <run_address>0xd21b</run_address>
         <size>0x52</size>
         <input_file_ref idref="fl-2b"/>
      </object_component>
      <object_component id="oc-1557">
         <name>.debug_abbrev</name>
         <load_address>0xd26d</load_address>
         <run_address>0xd26d</run_address>
         <size>0x6c</size>
         <input_file_ref idref="fl-2b"/>
      </object_component>
      <object_component id="oc-1392">
         <name>.debug_abbrev</name>
         <load_address>0xd2d9</load_address>
         <run_address>0xd2d9</run_address>
         <size>0x111</size>
         <input_file_ref idref="fl-2f"/>
      </object_component>
      <object_component id="oc-ff1">
         <name>.debug_abbrev</name>
         <load_address>0xd3ea</load_address>
         <run_address>0xd3ea</run_address>
         <size>0x29</size>
         <input_file_ref idref="fl-2f"/>
      </object_component>
      <object_component id="oc-164a">
         <name>.debug_abbrev</name>
         <load_address>0xd413</load_address>
         <run_address>0xd413</run_address>
         <size>0x27</size>
         <input_file_ref idref="fl-2f"/>
      </object_component>
      <object_component id="oc-17a9">
         <name>.debug_abbrev</name>
         <load_address>0xd43a</load_address>
         <run_address>0xd43a</run_address>
         <size>0x27</size>
         <input_file_ref idref="fl-2f"/>
      </object_component>
      <object_component id="oc-1623">
         <name>.debug_abbrev</name>
         <load_address>0xd461</load_address>
         <run_address>0xd461</run_address>
         <size>0x6f</size>
         <input_file_ref idref="fl-2f"/>
      </object_component>
      <object_component id="oc-1625">
         <name>.debug_abbrev</name>
         <load_address>0xd4d0</load_address>
         <run_address>0xd4d0</run_address>
         <size>0x6f</size>
         <input_file_ref idref="fl-2f"/>
      </object_component>
      <object_component id="oc-1624">
         <name>.debug_abbrev</name>
         <load_address>0xd53f</load_address>
         <run_address>0xd53f</run_address>
         <size>0x6f</size>
         <input_file_ref idref="fl-2f"/>
      </object_component>
      <object_component id="oc-15f0">
         <name>.debug_abbrev</name>
         <load_address>0xd5ae</load_address>
         <run_address>0xd5ae</run_address>
         <size>0x6c</size>
         <input_file_ref idref="fl-2f"/>
      </object_component>
      <object_component id="oc-1614">
         <name>.debug_abbrev</name>
         <load_address>0xd61a</load_address>
         <run_address>0xd61a</run_address>
         <size>0x78</size>
         <input_file_ref idref="fl-2f"/>
      </object_component>
      <object_component id="oc-1615">
         <name>.debug_abbrev</name>
         <load_address>0xd692</load_address>
         <run_address>0xd692</run_address>
         <size>0x7a</size>
         <input_file_ref idref="fl-2f"/>
      </object_component>
      <object_component id="oc-17c4">
         <name>.debug_abbrev</name>
         <load_address>0xd70c</load_address>
         <run_address>0xd70c</run_address>
         <size>0x7a</size>
         <input_file_ref idref="fl-2f"/>
      </object_component>
      <object_component id="oc-17c2">
         <name>.debug_abbrev</name>
         <load_address>0xd786</load_address>
         <run_address>0xd786</run_address>
         <size>0x7a</size>
         <input_file_ref idref="fl-2f"/>
      </object_component>
      <object_component id="oc-17c0">
         <name>.debug_abbrev</name>
         <load_address>0xd800</load_address>
         <run_address>0xd800</run_address>
         <size>0x7a</size>
         <input_file_ref idref="fl-2f"/>
      </object_component>
      <object_component id="oc-1390">
         <name>.debug_abbrev</name>
         <load_address>0xd87a</load_address>
         <run_address>0xd87a</run_address>
         <size>0x7c</size>
         <input_file_ref idref="fl-2f"/>
      </object_component>
      <object_component id="oc-138f">
         <name>.debug_abbrev</name>
         <load_address>0xd8f6</load_address>
         <run_address>0xd8f6</run_address>
         <size>0x7c</size>
         <input_file_ref idref="fl-2f"/>
      </object_component>
      <object_component id="oc-138d">
         <name>.debug_abbrev</name>
         <load_address>0xd972</load_address>
         <run_address>0xd972</run_address>
         <size>0x7c</size>
         <input_file_ref idref="fl-2f"/>
      </object_component>
      <object_component id="oc-1320">
         <name>.debug_abbrev</name>
         <load_address>0xd9ee</load_address>
         <run_address>0xd9ee</run_address>
         <size>0x7a</size>
         <input_file_ref idref="fl-2f"/>
      </object_component>
      <object_component id="oc-136e">
         <name>.debug_abbrev</name>
         <load_address>0xda68</load_address>
         <run_address>0xda68</run_address>
         <size>0x7c</size>
         <input_file_ref idref="fl-2f"/>
      </object_component>
      <object_component id="oc-132e">
         <name>.debug_abbrev</name>
         <load_address>0xdae4</load_address>
         <run_address>0xdae4</run_address>
         <size>0x6c</size>
         <input_file_ref idref="fl-2f"/>
      </object_component>
      <object_component id="oc-132d">
         <name>.debug_abbrev</name>
         <load_address>0xdb50</load_address>
         <run_address>0xdb50</run_address>
         <size>0x7c</size>
         <input_file_ref idref="fl-2f"/>
      </object_component>
      <object_component id="oc-1374">
         <name>.debug_abbrev</name>
         <load_address>0xdbcc</load_address>
         <run_address>0xdbcc</run_address>
         <size>0x8b</size>
         <input_file_ref idref="fl-2f"/>
      </object_component>
      <object_component id="oc-138e">
         <name>.debug_abbrev</name>
         <load_address>0xdc57</load_address>
         <run_address>0xdc57</run_address>
         <size>0x89</size>
         <input_file_ref idref="fl-2f"/>
      </object_component>
      <object_component id="oc-1391">
         <name>.debug_abbrev</name>
         <load_address>0xdce0</load_address>
         <run_address>0xdce0</run_address>
         <size>0x89</size>
         <input_file_ref idref="fl-2f"/>
      </object_component>
      <object_component id="oc-17b3">
         <name>.debug_abbrev</name>
         <load_address>0xdd69</load_address>
         <run_address>0xdd69</run_address>
         <size>0x89</size>
         <input_file_ref idref="fl-2f"/>
      </object_component>
      <object_component id="oc-17c1">
         <name>.debug_abbrev</name>
         <load_address>0xddf2</load_address>
         <run_address>0xddf2</run_address>
         <size>0x89</size>
         <input_file_ref idref="fl-2f"/>
      </object_component>
      <object_component id="oc-17ac">
         <name>.debug_abbrev</name>
         <load_address>0xde7b</load_address>
         <run_address>0xde7b</run_address>
         <size>0x87</size>
         <input_file_ref idref="fl-2f"/>
      </object_component>
      <object_component id="oc-1622">
         <name>.debug_abbrev</name>
         <load_address>0xdf02</load_address>
         <run_address>0xdf02</run_address>
         <size>0x89</size>
         <input_file_ref idref="fl-2f"/>
      </object_component>
      <object_component id="oc-17c3">
         <name>.debug_abbrev</name>
         <load_address>0xdf8b</load_address>
         <run_address>0xdf8b</run_address>
         <size>0x89</size>
         <input_file_ref idref="fl-2f"/>
      </object_component>
      <object_component id="oc-1371">
         <name>.debug_abbrev</name>
         <load_address>0xe014</load_address>
         <run_address>0xe014</run_address>
         <size>0x49</size>
         <input_file_ref idref="fl-2f"/>
      </object_component>
      <object_component id="oc-1738">
         <name>.debug_abbrev</name>
         <load_address>0xe05d</load_address>
         <run_address>0xe05d</run_address>
         <size>0x88</size>
         <input_file_ref idref="fl-31"/>
      </object_component>
      <object_component id="oc-176e">
         <name>.debug_abbrev</name>
         <load_address>0xe0e5</load_address>
         <run_address>0xe0e5</run_address>
         <size>0x6c</size>
         <input_file_ref idref="fl-31"/>
      </object_component>
      <object_component id="oc-176f">
         <name>.debug_abbrev</name>
         <load_address>0xe151</load_address>
         <run_address>0xe151</run_address>
         <size>0x7a</size>
         <input_file_ref idref="fl-31"/>
      </object_component>
      <object_component id="oc-1538">
         <name>.debug_abbrev</name>
         <load_address>0xe1cb</load_address>
         <run_address>0xe1cb</run_address>
         <size>0x6e</size>
         <input_file_ref idref="fl-31"/>
      </object_component>
      <object_component id="oc-1536">
         <name>.debug_abbrev</name>
         <load_address>0xe239</load_address>
         <run_address>0xe239</run_address>
         <size>0x6e</size>
         <input_file_ref idref="fl-31"/>
      </object_component>
      <object_component id="oc-1797">
         <name>.debug_abbrev</name>
         <load_address>0xe2a7</load_address>
         <run_address>0xe2a7</run_address>
         <size>0x6f</size>
         <input_file_ref idref="fl-32"/>
      </object_component>
      <object_component id="oc-1870">
         <name>.debug_abbrev</name>
         <load_address>0xe316</load_address>
         <run_address>0xe316</run_address>
         <size>0x7c</size>
         <input_file_ref idref="fl-32"/>
      </object_component>
      <object_component id="oc-15ed">
         <name>.debug_abbrev</name>
         <load_address>0xe392</load_address>
         <run_address>0xe392</run_address>
         <size>0x7c</size>
         <input_file_ref idref="fl-32"/>
      </object_component>
      <object_component id="oc-164c">
         <name>.debug_abbrev</name>
         <load_address>0xe40e</load_address>
         <run_address>0xe40e</run_address>
         <size>0x7c</size>
         <input_file_ref idref="fl-32"/>
      </object_component>
      <object_component id="oc-1604">
         <name>.debug_abbrev</name>
         <load_address>0xe48a</load_address>
         <run_address>0xe48a</run_address>
         <size>0x6c</size>
         <input_file_ref idref="fl-32"/>
      </object_component>
      <object_component id="oc-542">
         <name>.debug_abbrev</name>
         <load_address>0xe4f6</load_address>
         <run_address>0xe4f6</run_address>
         <size>0x114</size>
         <input_file_ref idref="fl-34"/>
      </object_component>
      <object_component id="oc-550">
         <name>.debug_abbrev</name>
         <load_address>0xe60a</load_address>
         <run_address>0xe60a</run_address>
         <size>0x70</size>
         <input_file_ref idref="fl-34"/>
      </object_component>
      <object_component id="oc-c0">
         <name>.debug_abbrev</name>
         <load_address>0xe67a</load_address>
         <run_address>0xe67a</run_address>
         <size>0x92</size>
         <input_file_ref idref="fl-34"/>
      </object_component>
      <object_component id="oc-564">
         <name>.debug_abbrev</name>
         <load_address>0xe70c</load_address>
         <run_address>0xe70c</run_address>
         <size>0x24</size>
         <input_file_ref idref="fl-34"/>
      </object_component>
      <object_component id="oc-f32">
         <name>.debug_abbrev</name>
         <load_address>0xe730</load_address>
         <run_address>0xe730</run_address>
         <size>0x139</size>
         <input_file_ref idref="fl-36"/>
      </object_component>
      <object_component id="oc-b05">
         <name>.debug_abbrev</name>
         <load_address>0xe869</load_address>
         <run_address>0xe869</run_address>
         <size>0x7a</size>
         <input_file_ref idref="fl-36"/>
      </object_component>
      <object_component id="oc-b37">
         <name>.debug_abbrev</name>
         <load_address>0xe8e3</load_address>
         <run_address>0xe8e3</run_address>
         <size>0x6c</size>
         <input_file_ref idref="fl-36"/>
      </object_component>
      <object_component id="oc-b0c">
         <name>.debug_abbrev</name>
         <load_address>0xe94f</load_address>
         <run_address>0xe94f</run_address>
         <size>0x50</size>
         <input_file_ref idref="fl-36"/>
      </object_component>
      <object_component id="oc-f36">
         <name>.debug_abbrev</name>
         <load_address>0xe99f</load_address>
         <run_address>0xe99f</run_address>
         <size>0x55</size>
         <input_file_ref idref="fl-36"/>
      </object_component>
      <object_component id="oc-f3b">
         <name>.debug_abbrev</name>
         <load_address>0xe9f4</load_address>
         <run_address>0xe9f4</run_address>
         <size>0x44</size>
         <input_file_ref idref="fl-36"/>
      </object_component>
      <object_component id="oc-178b">
         <name>.debug_abbrev</name>
         <load_address>0xea38</load_address>
         <run_address>0xea38</run_address>
         <size>0x11f</size>
         <input_file_ref idref="fl-3a"/>
      </object_component>
      <object_component id="oc-187e">
         <name>.debug_abbrev</name>
         <load_address>0xeb57</load_address>
         <run_address>0xeb57</run_address>
         <size>0x6e</size>
         <input_file_ref idref="fl-3a"/>
      </object_component>
      <object_component id="oc-1877">
         <name>.debug_abbrev</name>
         <load_address>0xebc5</load_address>
         <run_address>0xebc5</run_address>
         <size>0x7c</size>
         <input_file_ref idref="fl-3a"/>
      </object_component>
      <object_component id="oc-15eb">
         <name>.debug_abbrev</name>
         <load_address>0xec41</load_address>
         <run_address>0xec41</run_address>
         <size>0x7c</size>
         <input_file_ref idref="fl-3a"/>
      </object_component>
      <object_component id="oc-15fe">
         <name>.debug_abbrev</name>
         <load_address>0xecbd</load_address>
         <run_address>0xecbd</run_address>
         <size>0x7c</size>
         <input_file_ref idref="fl-3a"/>
      </object_component>
      <object_component id="oc-15f1">
         <name>.debug_abbrev</name>
         <load_address>0xed39</load_address>
         <run_address>0xed39</run_address>
         <size>0x6c</size>
         <input_file_ref idref="fl-3a"/>
      </object_component>
      <object_component id="oc-1601">
         <name>.debug_abbrev</name>
         <load_address>0xeda5</load_address>
         <run_address>0xeda5</run_address>
         <size>0x49</size>
         <input_file_ref idref="fl-3a"/>
      </object_component>
      <object_component id="oc-1848">
         <name>.debug_abbrev</name>
         <load_address>0xedee</load_address>
         <run_address>0xedee</run_address>
         <size>0x99</size>
         <input_file_ref idref="fl-3a"/>
      </object_component>
      <object_component id="oc-1766">
         <name>.debug_abbrev</name>
         <load_address>0xee87</load_address>
         <run_address>0xee87</run_address>
         <size>0x44</size>
         <input_file_ref idref="fl-3a"/>
      </object_component>
      <object_component id="oc-1794">
         <name>.debug_abbrev</name>
         <load_address>0xeecb</load_address>
         <run_address>0xeecb</run_address>
         <size>0x6b</size>
         <input_file_ref idref="fl-3a"/>
      </object_component>
      <object_component id="oc-178f">
         <name>.debug_abbrev</name>
         <load_address>0xef36</load_address>
         <run_address>0xef36</run_address>
         <size>0x44</size>
         <input_file_ref idref="fl-3a"/>
      </object_component>
      <object_component id="oc-f69">
         <name>.debug_abbrev</name>
         <load_address>0xef7a</load_address>
         <run_address>0xef7a</run_address>
         <size>0x11a</size>
         <input_file_ref idref="fl-3b"/>
      </object_component>
      <object_component id="oc-746">
         <name>.debug_abbrev</name>
         <load_address>0xf094</load_address>
         <run_address>0xf094</run_address>
         <size>0x57</size>
         <input_file_ref idref="fl-3b"/>
      </object_component>
      <object_component id="oc-1572">
         <name>.debug_abbrev</name>
         <load_address>0xf0eb</load_address>
         <run_address>0xf0eb</run_address>
         <size>0x7c</size>
         <input_file_ref idref="fl-3b"/>
      </object_component>
      <object_component id="oc-b52">
         <name>.debug_abbrev</name>
         <load_address>0xf167</load_address>
         <run_address>0xf167</run_address>
         <size>0x7c</size>
         <input_file_ref idref="fl-3b"/>
      </object_component>
      <object_component id="oc-b3e">
         <name>.debug_abbrev</name>
         <load_address>0xf1e3</load_address>
         <run_address>0xf1e3</run_address>
         <size>0x6c</size>
         <input_file_ref idref="fl-3b"/>
      </object_component>
      <object_component id="oc-f6d">
         <name>.debug_abbrev</name>
         <load_address>0xf24f</load_address>
         <run_address>0xf24f</run_address>
         <size>0x100</size>
         <input_file_ref idref="fl-3b"/>
      </object_component>
      <object_component id="oc-b55">
         <name>.debug_abbrev</name>
         <load_address>0xf34f</load_address>
         <run_address>0xf34f</run_address>
         <size>0x44</size>
         <input_file_ref idref="fl-3b"/>
      </object_component>
      <object_component id="oc-1762">
         <name>.debug_abbrev</name>
         <load_address>0xf393</load_address>
         <run_address>0xf393</run_address>
         <size>0x10b</size>
         <input_file_ref idref="fl-3c"/>
      </object_component>
      <object_component id="oc-15e0">
         <name>.debug_abbrev</name>
         <load_address>0xf49e</load_address>
         <run_address>0xf49e</run_address>
         <size>0x6e</size>
         <input_file_ref idref="fl-3c"/>
      </object_component>
      <object_component id="oc-15d1">
         <name>.debug_abbrev</name>
         <load_address>0xf50c</load_address>
         <run_address>0xf50c</run_address>
         <size>0x6e</size>
         <input_file_ref idref="fl-3c"/>
      </object_component>
      <object_component id="oc-1579">
         <name>.debug_abbrev</name>
         <load_address>0xf57a</load_address>
         <run_address>0xf57a</run_address>
         <size>0x7c</size>
         <input_file_ref idref="fl-3c"/>
      </object_component>
      <object_component id="oc-1598">
         <name>.debug_abbrev</name>
         <load_address>0xf5f6</load_address>
         <run_address>0xf5f6</run_address>
         <size>0x7c</size>
         <input_file_ref idref="fl-3c"/>
      </object_component>
      <object_component id="oc-158b">
         <name>.debug_abbrev</name>
         <load_address>0xf672</load_address>
         <run_address>0xf672</run_address>
         <size>0x6c</size>
         <input_file_ref idref="fl-3c"/>
      </object_component>
      <object_component id="oc-159b">
         <name>.debug_abbrev</name>
         <load_address>0xf6de</load_address>
         <run_address>0xf6de</run_address>
         <size>0x49</size>
         <input_file_ref idref="fl-3c"/>
      </object_component>
      <object_component id="oc-176b">
         <name>.debug_abbrev</name>
         <load_address>0xf727</load_address>
         <run_address>0xf727</run_address>
         <size>0x6b</size>
         <input_file_ref idref="fl-3c"/>
      </object_component>
      <object_component id="oc-5ff">
         <name>.debug_abbrev</name>
         <load_address>0xf792</load_address>
         <run_address>0xf792</run_address>
         <size>0x1f6</size>
         <input_file_ref idref="fl-3d"/>
      </object_component>
      <object_component id="oc-f40">
         <name>.debug_abbrev</name>
         <load_address>0xf988</load_address>
         <run_address>0xf988</run_address>
         <size>0x5e</size>
         <input_file_ref idref="fl-3d"/>
      </object_component>
      <object_component id="oc-13e3">
         <name>.debug_abbrev</name>
         <load_address>0xf9e6</load_address>
         <run_address>0xf9e6</run_address>
         <size>0x78</size>
         <input_file_ref idref="fl-3d"/>
      </object_component>
      <object_component id="oc-1062">
         <name>.debug_abbrev</name>
         <load_address>0xfa5e</load_address>
         <run_address>0xfa5e</run_address>
         <size>0x5c</size>
         <input_file_ref idref="fl-3d"/>
      </object_component>
      <object_component id="oc-16b1">
         <name>.debug_abbrev</name>
         <load_address>0xfaba</load_address>
         <run_address>0xfaba</run_address>
         <size>0x6c</size>
         <input_file_ref idref="fl-3d"/>
      </object_component>
      <object_component id="oc-d48">
         <name>.debug_abbrev</name>
         <load_address>0xfb26</load_address>
         <run_address>0xfb26</run_address>
         <size>0x6a</size>
         <input_file_ref idref="fl-3d"/>
      </object_component>
      <object_component id="oc-e5a">
         <name>.debug_abbrev</name>
         <load_address>0xfb90</load_address>
         <run_address>0xfb90</run_address>
         <size>0x78</size>
         <input_file_ref idref="fl-3d"/>
      </object_component>
      <object_component id="oc-10f9">
         <name>.debug_abbrev</name>
         <load_address>0xfc08</load_address>
         <run_address>0xfc08</run_address>
         <size>0x6c</size>
         <input_file_ref idref="fl-3d"/>
      </object_component>
      <object_component id="oc-cc6">
         <name>.debug_abbrev</name>
         <load_address>0xfc74</load_address>
         <run_address>0xfc74</run_address>
         <size>0x78</size>
         <input_file_ref idref="fl-3d"/>
      </object_component>
      <object_component id="oc-173a">
         <name>.debug_abbrev</name>
         <load_address>0xfcec</load_address>
         <run_address>0xfcec</run_address>
         <size>0x79</size>
         <input_file_ref idref="fl-3d"/>
      </object_component>
      <object_component id="oc-1540">
         <name>.debug_abbrev</name>
         <load_address>0xfd65</load_address>
         <run_address>0xfd65</run_address>
         <size>0x6a</size>
         <input_file_ref idref="fl-3d"/>
      </object_component>
      <object_component id="oc-c5b">
         <name>.debug_abbrev</name>
         <load_address>0xfdcf</load_address>
         <run_address>0xfdcf</run_address>
         <size>0x79</size>
         <input_file_ref idref="fl-3d"/>
      </object_component>
      <object_component id="oc-1063">
         <name>.debug_abbrev</name>
         <load_address>0xfe48</load_address>
         <run_address>0xfe48</run_address>
         <size>0x6a</size>
         <input_file_ref idref="fl-3d"/>
      </object_component>
      <object_component id="oc-16b3">
         <name>.debug_abbrev</name>
         <load_address>0xfeb2</load_address>
         <run_address>0xfeb2</run_address>
         <size>0x79</size>
         <input_file_ref idref="fl-3d"/>
      </object_component>
      <object_component id="oc-167e">
         <name>.debug_abbrev</name>
         <load_address>0xff2b</load_address>
         <run_address>0xff2b</run_address>
         <size>0x6b</size>
         <input_file_ref idref="fl-3d"/>
      </object_component>
      <object_component id="oc-13d6">
         <name>.debug_abbrev</name>
         <load_address>0xff96</load_address>
         <run_address>0xff96</run_address>
         <size>0x79</size>
         <input_file_ref idref="fl-3d"/>
      </object_component>
      <object_component id="oc-107f">
         <name>.debug_abbrev</name>
         <load_address>0x1000f</load_address>
         <run_address>0x1000f</run_address>
         <size>0x6a</size>
         <input_file_ref idref="fl-3d"/>
      </object_component>
      <object_component id="oc-c62">
         <name>.debug_abbrev</name>
         <load_address>0x10079</load_address>
         <run_address>0x10079</run_address>
         <size>0x78</size>
         <input_file_ref idref="fl-3d"/>
      </object_component>
      <object_component id="oc-143f">
         <name>.debug_abbrev</name>
         <load_address>0x100f1</load_address>
         <run_address>0x100f1</run_address>
         <size>0x78</size>
         <input_file_ref idref="fl-3d"/>
      </object_component>
      <object_component id="oc-10f0">
         <name>.debug_abbrev</name>
         <load_address>0x10169</load_address>
         <run_address>0x10169</run_address>
         <size>0x53</size>
         <input_file_ref idref="fl-3d"/>
      </object_component>
      <object_component id="oc-cc5">
         <name>.debug_abbrev</name>
         <load_address>0x101bc</load_address>
         <run_address>0x101bc</run_address>
         <size>0x6a</size>
         <input_file_ref idref="fl-3d"/>
      </object_component>
      <object_component id="oc-e57">
         <name>.debug_abbrev</name>
         <load_address>0x10226</load_address>
         <run_address>0x10226</run_address>
         <size>0x78</size>
         <input_file_ref idref="fl-3d"/>
      </object_component>
      <object_component id="oc-9d2">
         <name>.debug_abbrev</name>
         <load_address>0x1029e</load_address>
         <run_address>0x1029e</run_address>
         <size>0x78</size>
         <input_file_ref idref="fl-3d"/>
      </object_component>
      <object_component id="oc-d35">
         <name>.debug_abbrev</name>
         <load_address>0x10316</load_address>
         <run_address>0x10316</run_address>
         <size>0x7a</size>
         <input_file_ref idref="fl-3d"/>
      </object_component>
      <object_component id="oc-18ad">
         <name>.debug_abbrev</name>
         <load_address>0x10390</load_address>
         <run_address>0x10390</run_address>
         <size>0x78</size>
         <input_file_ref idref="fl-3d"/>
      </object_component>
      <object_component id="oc-c26">
         <name>.debug_abbrev</name>
         <load_address>0x10408</load_address>
         <run_address>0x10408</run_address>
         <size>0x7a</size>
         <input_file_ref idref="fl-3d"/>
      </object_component>
      <object_component id="oc-d34">
         <name>.debug_abbrev</name>
         <load_address>0x10482</load_address>
         <run_address>0x10482</run_address>
         <size>0x6a</size>
         <input_file_ref idref="fl-3d"/>
      </object_component>
      <object_component id="oc-1519">
         <name>.debug_abbrev</name>
         <load_address>0x104ec</load_address>
         <run_address>0x104ec</run_address>
         <size>0x7a</size>
         <input_file_ref idref="fl-3d"/>
      </object_component>
      <object_component id="oc-7c9">
         <name>.debug_abbrev</name>
         <load_address>0x10566</load_address>
         <run_address>0x10566</run_address>
         <size>0x7a</size>
         <input_file_ref idref="fl-3d"/>
      </object_component>
      <object_component id="oc-7ed">
         <name>.debug_abbrev</name>
         <load_address>0x105e0</load_address>
         <run_address>0x105e0</run_address>
         <size>0x78</size>
         <input_file_ref idref="fl-3d"/>
      </object_component>
      <object_component id="oc-1258">
         <name>.debug_abbrev</name>
         <load_address>0x10658</load_address>
         <run_address>0x10658</run_address>
         <size>0x6a</size>
         <input_file_ref idref="fl-3d"/>
      </object_component>
      <object_component id="oc-f68">
         <name>.debug_abbrev</name>
         <load_address>0x106c2</load_address>
         <run_address>0x106c2</run_address>
         <size>0x78</size>
         <input_file_ref idref="fl-3d"/>
      </object_component>
      <object_component id="oc-10e9">
         <name>.debug_abbrev</name>
         <load_address>0x1073a</load_address>
         <run_address>0x1073a</run_address>
         <size>0x53</size>
         <input_file_ref idref="fl-3d"/>
      </object_component>
      <object_component id="oc-f3f">
         <name>.debug_abbrev</name>
         <load_address>0x1078d</load_address>
         <run_address>0x1078d</run_address>
         <size>0x5e</size>
         <input_file_ref idref="fl-3d"/>
      </object_component>
      <object_component id="oc-18ac">
         <name>.debug_abbrev</name>
         <load_address>0x107eb</load_address>
         <run_address>0x107eb</run_address>
         <size>0x78</size>
         <input_file_ref idref="fl-3d"/>
      </object_component>
      <object_component id="oc-16b2">
         <name>.debug_abbrev</name>
         <load_address>0x10863</load_address>
         <run_address>0x10863</run_address>
         <size>0x78</size>
         <input_file_ref idref="fl-3d"/>
      </object_component>
      <object_component id="oc-1506">
         <name>.debug_abbrev</name>
         <load_address>0x108db</load_address>
         <run_address>0x108db</run_address>
         <size>0x7a</size>
         <input_file_ref idref="fl-3d"/>
      </object_component>
      <object_component id="oc-18be">
         <name>.debug_abbrev</name>
         <load_address>0x10955</load_address>
         <run_address>0x10955</run_address>
         <size>0x6a</size>
         <input_file_ref idref="fl-3d"/>
      </object_component>
      <object_component id="oc-9bf">
         <name>.debug_abbrev</name>
         <load_address>0x109bf</load_address>
         <run_address>0x109bf</run_address>
         <size>0x78</size>
         <input_file_ref idref="fl-3d"/>
      </object_component>
      <object_component id="oc-83e">
         <name>.debug_abbrev</name>
         <load_address>0x10a37</load_address>
         <run_address>0x10a37</run_address>
         <size>0x7a</size>
         <input_file_ref idref="fl-3d"/>
      </object_component>
      <object_component id="oc-78f">
         <name>.debug_abbrev</name>
         <load_address>0x10ab1</load_address>
         <run_address>0x10ab1</run_address>
         <size>0x78</size>
         <input_file_ref idref="fl-3d"/>
      </object_component>
      <object_component id="oc-18ae">
         <name>.debug_abbrev</name>
         <load_address>0x10b29</load_address>
         <run_address>0x10b29</run_address>
         <size>0x6f</size>
         <input_file_ref idref="fl-3d"/>
      </object_component>
      <object_component id="oc-1045">
         <name>.debug_abbrev</name>
         <load_address>0x10b98</load_address>
         <run_address>0x10b98</run_address>
         <size>0x6a</size>
         <input_file_ref idref="fl-3d"/>
      </object_component>
      <object_component id="oc-167a">
         <name>.debug_abbrev</name>
         <load_address>0x10c02</load_address>
         <run_address>0x10c02</run_address>
         <size>0x5e</size>
         <input_file_ref idref="fl-3d"/>
      </object_component>
      <object_component id="oc-145c">
         <name>.debug_abbrev</name>
         <load_address>0x10c60</load_address>
         <run_address>0x10c60</run_address>
         <size>0x79</size>
         <input_file_ref idref="fl-3d"/>
      </object_component>
      <object_component id="oc-18b0">
         <name>.debug_abbrev</name>
         <load_address>0x10cd9</load_address>
         <run_address>0x10cd9</run_address>
         <size>0x78</size>
         <input_file_ref idref="fl-3d"/>
      </object_component>
      <object_component id="oc-18bd">
         <name>.debug_abbrev</name>
         <load_address>0x10d51</load_address>
         <run_address>0x10d51</run_address>
         <size>0x6a</size>
         <input_file_ref idref="fl-3d"/>
      </object_component>
      <object_component id="oc-16b0">
         <name>.debug_abbrev</name>
         <load_address>0x10dbb</load_address>
         <run_address>0x10dbb</run_address>
         <size>0x4e</size>
         <input_file_ref idref="fl-3d"/>
      </object_component>
      <object_component id="oc-9a0">
         <name>.debug_abbrev</name>
         <load_address>0x10e09</load_address>
         <run_address>0x10e09</run_address>
         <size>0x50</size>
         <input_file_ref idref="fl-3d"/>
      </object_component>
      <object_component id="oc-14fc">
         <name>.debug_abbrev</name>
         <load_address>0x10e59</load_address>
         <run_address>0x10e59</run_address>
         <size>0x6c</size>
         <input_file_ref idref="fl-3d"/>
      </object_component>
      <object_component id="oc-186a">
         <name>.debug_abbrev</name>
         <load_address>0x10ec5</load_address>
         <run_address>0x10ec5</run_address>
         <size>0x78</size>
         <input_file_ref idref="fl-3d"/>
      </object_component>
      <object_component id="oc-18af">
         <name>.debug_abbrev</name>
         <load_address>0x10f3d</load_address>
         <run_address>0x10f3d</run_address>
         <size>0x78</size>
         <input_file_ref idref="fl-3d"/>
      </object_component>
      <object_component id="oc-1714">
         <name>.debug_abbrev</name>
         <load_address>0x10fb5</load_address>
         <run_address>0x10fb5</run_address>
         <size>0x63</size>
         <input_file_ref idref="fl-3d"/>
      </object_component>
      <object_component id="oc-aca">
         <name>.debug_abbrev</name>
         <load_address>0x11018</load_address>
         <run_address>0x11018</run_address>
         <size>0x6a</size>
         <input_file_ref idref="fl-3d"/>
      </object_component>
      <object_component id="oc-1715">
         <name>.debug_abbrev</name>
         <load_address>0x11082</load_address>
         <run_address>0x11082</run_address>
         <size>0x78</size>
         <input_file_ref idref="fl-3d"/>
      </object_component>
      <object_component id="oc-1713">
         <name>.debug_abbrev</name>
         <load_address>0x110fa</load_address>
         <run_address>0x110fa</run_address>
         <size>0x78</size>
         <input_file_ref idref="fl-3d"/>
      </object_component>
      <object_component id="oc-170f">
         <name>.debug_abbrev</name>
         <load_address>0x11172</load_address>
         <run_address>0x11172</run_address>
         <size>0x7a</size>
         <input_file_ref idref="fl-3d"/>
      </object_component>
      <object_component id="oc-1825">
         <name>.debug_abbrev</name>
         <load_address>0x111ec</load_address>
         <run_address>0x111ec</run_address>
         <size>0x78</size>
         <input_file_ref idref="fl-3d"/>
      </object_component>
      <object_component id="oc-ade">
         <name>.debug_abbrev</name>
         <load_address>0x11264</load_address>
         <run_address>0x11264</run_address>
         <size>0x6a</size>
         <input_file_ref idref="fl-3d"/>
      </object_component>
      <object_component id="oc-18d3">
         <name>.debug_abbrev</name>
         <load_address>0x112ce</load_address>
         <run_address>0x112ce</run_address>
         <size>0x6a</size>
         <input_file_ref idref="fl-3d"/>
      </object_component>
      <object_component id="oc-152a">
         <name>.debug_abbrev</name>
         <load_address>0x11338</load_address>
         <run_address>0x11338</run_address>
         <size>0x6c</size>
         <input_file_ref idref="fl-3d"/>
      </object_component>
      <object_component id="oc-13f5">
         <name>.debug_abbrev</name>
         <load_address>0x113a4</load_address>
         <run_address>0x113a4</run_address>
         <size>0x5e</size>
         <input_file_ref idref="fl-3d"/>
      </object_component>
      <object_component id="oc-1409">
         <name>.debug_abbrev</name>
         <load_address>0x11402</load_address>
         <run_address>0x11402</run_address>
         <size>0x7b</size>
         <input_file_ref idref="fl-3d"/>
      </object_component>
      <object_component id="oc-1408">
         <name>.debug_abbrev</name>
         <load_address>0x1147d</load_address>
         <run_address>0x1147d</run_address>
         <size>0x7a</size>
         <input_file_ref idref="fl-3d"/>
      </object_component>
      <object_component id="oc-169a">
         <name>.debug_abbrev</name>
         <load_address>0x114f7</load_address>
         <run_address>0x114f7</run_address>
         <size>0x78</size>
         <input_file_ref idref="fl-3d"/>
      </object_component>
      <object_component id="oc-16a3">
         <name>.debug_abbrev</name>
         <load_address>0x1156f</load_address>
         <run_address>0x1156f</run_address>
         <size>0x6f</size>
         <input_file_ref idref="fl-3d"/>
      </object_component>
      <object_component id="oc-146d">
         <name>.debug_abbrev</name>
         <load_address>0x115de</load_address>
         <run_address>0x115de</run_address>
         <size>0x5e</size>
         <input_file_ref idref="fl-3d"/>
      </object_component>
      <object_component id="oc-87e">
         <name>.debug_abbrev</name>
         <load_address>0x1163c</load_address>
         <run_address>0x1163c</run_address>
         <size>0x78</size>
         <input_file_ref idref="fl-3d"/>
      </object_component>
      <object_component id="oc-873">
         <name>.debug_abbrev</name>
         <load_address>0x116b4</load_address>
         <run_address>0x116b4</run_address>
         <size>0x7a</size>
         <input_file_ref idref="fl-3d"/>
      </object_component>
      <object_component id="oc-d4b">
         <name>.debug_abbrev</name>
         <load_address>0x1172e</load_address>
         <run_address>0x1172e</run_address>
         <size>0x6f</size>
         <input_file_ref idref="fl-3d"/>
      </object_component>
      <object_component id="oc-16bc">
         <name>.debug_abbrev</name>
         <load_address>0x1179d</load_address>
         <run_address>0x1179d</run_address>
         <size>0x6f</size>
         <input_file_ref idref="fl-3d"/>
      </object_component>
      <object_component id="oc-14a1">
         <name>.debug_abbrev</name>
         <load_address>0x1180c</load_address>
         <run_address>0x1180c</run_address>
         <size>0x5e</size>
         <input_file_ref idref="fl-3d"/>
      </object_component>
      <object_component id="oc-1080">
         <name>.debug_abbrev</name>
         <load_address>0x1186a</load_address>
         <run_address>0x1186a</run_address>
         <size>0x6a</size>
         <input_file_ref idref="fl-3d"/>
      </object_component>
      <object_component id="oc-e89">
         <name>.debug_abbrev</name>
         <load_address>0x118d4</load_address>
         <run_address>0x118d4</run_address>
         <size>0x5e</size>
         <input_file_ref idref="fl-3d"/>
      </object_component>
      <object_component id="oc-16d3">
         <name>.debug_abbrev</name>
         <load_address>0x11932</load_address>
         <run_address>0x11932</run_address>
         <size>0x5c</size>
         <input_file_ref idref="fl-3d"/>
      </object_component>
      <object_component id="oc-297">
         <name>.debug_abbrev</name>
         <load_address>0x1198e</load_address>
         <run_address>0x1198e</run_address>
         <size>0x4e</size>
         <input_file_ref idref="fl-3d"/>
      </object_component>
      <object_component id="oc-296">
         <name>.debug_abbrev</name>
         <load_address>0x119dc</load_address>
         <run_address>0x119dc</run_address>
         <size>0x6b</size>
         <input_file_ref idref="fl-3d"/>
      </object_component>
      <object_component id="oc-142c">
         <name>.debug_abbrev</name>
         <load_address>0x11a47</load_address>
         <run_address>0x11a47</run_address>
         <size>0x6a</size>
         <input_file_ref idref="fl-3d"/>
      </object_component>
      <object_component id="oc-10e7">
         <name>.debug_abbrev</name>
         <load_address>0x11ab1</load_address>
         <run_address>0x11ab1</run_address>
         <size>0x6a</size>
         <input_file_ref idref="fl-3d"/>
      </object_component>
      <object_component id="oc-1737">
         <name>.debug_abbrev</name>
         <load_address>0x11b1b</load_address>
         <run_address>0x11b1b</run_address>
         <size>0x6a</size>
         <input_file_ref idref="fl-3d"/>
      </object_component>
      <object_component id="oc-182e">
         <name>.debug_abbrev</name>
         <load_address>0x11b85</load_address>
         <run_address>0x11b85</run_address>
         <size>0x6c</size>
         <input_file_ref idref="fl-3d"/>
      </object_component>
      <object_component id="oc-1531">
         <name>.debug_abbrev</name>
         <load_address>0x11bf1</load_address>
         <run_address>0x11bf1</run_address>
         <size>0x7a</size>
         <input_file_ref idref="fl-3d"/>
      </object_component>
      <object_component id="oc-f31">
         <name>.debug_abbrev</name>
         <load_address>0x11c6b</load_address>
         <run_address>0x11c6b</run_address>
         <size>0x6a</size>
         <input_file_ref idref="fl-3d"/>
      </object_component>
      <object_component id="oc-1060">
         <name>.debug_abbrev</name>
         <load_address>0x11cd5</load_address>
         <run_address>0x11cd5</run_address>
         <size>0x7a</size>
         <input_file_ref idref="fl-3d"/>
      </object_component>
      <object_component id="oc-bf4">
         <name>.debug_abbrev</name>
         <load_address>0x11d4f</load_address>
         <run_address>0x11d4f</run_address>
         <size>0x50</size>
         <input_file_ref idref="fl-3d"/>
      </object_component>
      <object_component id="oc-1681">
         <name>.debug_abbrev</name>
         <load_address>0x11d9f</load_address>
         <run_address>0x11d9f</run_address>
         <size>0x6c</size>
         <input_file_ref idref="fl-3d"/>
      </object_component>
      <object_component id="oc-16af">
         <name>.debug_abbrev</name>
         <load_address>0x11e0b</load_address>
         <run_address>0x11e0b</run_address>
         <size>0x5c</size>
         <input_file_ref idref="fl-3d"/>
      </object_component>
      <object_component id="oc-10e8">
         <name>.debug_abbrev</name>
         <load_address>0x11e67</load_address>
         <run_address>0x11e67</run_address>
         <size>0x4e</size>
         <input_file_ref idref="fl-3d"/>
      </object_component>
      <object_component id="oc-74d">
         <name>.debug_abbrev</name>
         <load_address>0x11eb5</load_address>
         <run_address>0x11eb5</run_address>
         <size>0x6a</size>
         <input_file_ref idref="fl-3d"/>
      </object_component>
      <object_component id="oc-1541">
         <name>.debug_abbrev</name>
         <load_address>0x11f1f</load_address>
         <run_address>0x11f1f</run_address>
         <size>0x6c</size>
         <input_file_ref idref="fl-3d"/>
      </object_component>
      <object_component id="oc-173b">
         <name>.debug_abbrev</name>
         <load_address>0x11f8b</load_address>
         <run_address>0x11f8b</run_address>
         <size>0x6c</size>
         <input_file_ref idref="fl-3d"/>
      </object_component>
      <object_component id="oc-154d">
         <name>.debug_abbrev</name>
         <load_address>0x11ff7</load_address>
         <run_address>0x11ff7</run_address>
         <size>0x7a</size>
         <input_file_ref idref="fl-3d"/>
      </object_component>
      <object_component id="oc-ad7">
         <name>.debug_abbrev</name>
         <load_address>0x12071</load_address>
         <run_address>0x12071</run_address>
         <size>0x5c</size>
         <input_file_ref idref="fl-3d"/>
      </object_component>
      <object_component id="oc-edf">
         <name>.debug_abbrev</name>
         <load_address>0x120cd</load_address>
         <run_address>0x120cd</run_address>
         <size>0x6c</size>
         <input_file_ref idref="fl-3d"/>
      </object_component>
      <object_component id="oc-ea8">
         <name>.debug_abbrev</name>
         <load_address>0x12139</load_address>
         <run_address>0x12139</run_address>
         <size>0x78</size>
         <input_file_ref idref="fl-3d"/>
      </object_component>
      <object_component id="oc-ea4">
         <name>.debug_abbrev</name>
         <load_address>0x121b1</load_address>
         <run_address>0x121b1</run_address>
         <size>0x78</size>
         <input_file_ref idref="fl-3d"/>
      </object_component>
      <object_component id="oc-e9c">
         <name>.debug_abbrev</name>
         <load_address>0x12229</load_address>
         <run_address>0x12229</run_address>
         <size>0x78</size>
         <input_file_ref idref="fl-3d"/>
      </object_component>
      <object_component id="oc-e98">
         <name>.debug_abbrev</name>
         <load_address>0x122a1</load_address>
         <run_address>0x122a1</run_address>
         <size>0x78</size>
         <input_file_ref idref="fl-3d"/>
      </object_component>
      <object_component id="oc-eb8">
         <name>.debug_abbrev</name>
         <load_address>0x12319</load_address>
         <run_address>0x12319</run_address>
         <size>0x78</size>
         <input_file_ref idref="fl-3d"/>
      </object_component>
      <object_component id="oc-eb0">
         <name>.debug_abbrev</name>
         <load_address>0x12391</load_address>
         <run_address>0x12391</run_address>
         <size>0x78</size>
         <input_file_ref idref="fl-3d"/>
      </object_component>
      <object_component id="oc-ea0">
         <name>.debug_abbrev</name>
         <load_address>0x12409</load_address>
         <run_address>0x12409</run_address>
         <size>0x78</size>
         <input_file_ref idref="fl-3d"/>
      </object_component>
      <object_component id="oc-eac">
         <name>.debug_abbrev</name>
         <load_address>0x12481</load_address>
         <run_address>0x12481</run_address>
         <size>0x78</size>
         <input_file_ref idref="fl-3d"/>
      </object_component>
      <object_component id="oc-eb4">
         <name>.debug_abbrev</name>
         <load_address>0x124f9</load_address>
         <run_address>0x124f9</run_address>
         <size>0x78</size>
         <input_file_ref idref="fl-3d"/>
      </object_component>
      <object_component id="oc-309">
         <name>.debug_abbrev</name>
         <load_address>0x12571</load_address>
         <run_address>0x12571</run_address>
         <size>0x6b</size>
         <input_file_ref idref="fl-3d"/>
      </object_component>
      <object_component id="oc-ecb">
         <name>.debug_abbrev</name>
         <load_address>0x125dc</load_address>
         <run_address>0x125dc</run_address>
         <size>0x78</size>
         <input_file_ref idref="fl-3d"/>
      </object_component>
      <object_component id="oc-aa2">
         <name>.debug_abbrev</name>
         <load_address>0x12654</load_address>
         <run_address>0x12654</run_address>
         <size>0x87</size>
         <input_file_ref idref="fl-3d"/>
      </object_component>
      <object_component id="oc-183d">
         <name>.debug_abbrev</name>
         <load_address>0x126db</load_address>
         <run_address>0x126db</run_address>
         <size>0x6f</size>
         <input_file_ref idref="fl-3d"/>
      </object_component>
      <object_component id="oc-1836">
         <name>.debug_abbrev</name>
         <load_address>0x1274a</load_address>
         <run_address>0x1274a</run_address>
         <size>0x6f</size>
         <input_file_ref idref="fl-3d"/>
      </object_component>
      <object_component id="oc-182f">
         <name>.debug_abbrev</name>
         <load_address>0x127b9</load_address>
         <run_address>0x127b9</run_address>
         <size>0x7b</size>
         <input_file_ref idref="fl-3d"/>
      </object_component>
      <object_component id="oc-b7f">
         <name>.debug_abbrev</name>
         <load_address>0x12834</load_address>
         <run_address>0x12834</run_address>
         <size>0x50</size>
         <input_file_ref idref="fl-3d"/>
      </object_component>
      <object_component id="oc-1523">
         <name>.debug_abbrev</name>
         <load_address>0x12884</load_address>
         <run_address>0x12884</run_address>
         <size>0x7a</size>
         <input_file_ref idref="fl-3d"/>
      </object_component>
      <object_component id="oc-126a">
         <name>.debug_abbrev</name>
         <load_address>0x128fe</load_address>
         <run_address>0x128fe</run_address>
         <size>0x7a</size>
         <input_file_ref idref="fl-3d"/>
      </object_component>
      <object_component id="oc-1270">
         <name>.debug_abbrev</name>
         <load_address>0x12978</load_address>
         <run_address>0x12978</run_address>
         <size>0x78</size>
         <input_file_ref idref="fl-3d"/>
      </object_component>
      <object_component id="oc-3bf">
         <name>.debug_abbrev</name>
         <load_address>0x129f0</load_address>
         <run_address>0x129f0</run_address>
         <size>0x5d</size>
         <input_file_ref idref="fl-3d"/>
      </object_component>
      <object_component id="oc-f2d">
         <name>.debug_abbrev</name>
         <load_address>0x12a4d</load_address>
         <run_address>0x12a4d</run_address>
         <size>0x5c</size>
         <input_file_ref idref="fl-3d"/>
      </object_component>
      <object_component id="oc-10c6">
         <name>.debug_abbrev</name>
         <load_address>0x12aa9</load_address>
         <run_address>0x12aa9</run_address>
         <size>0x40</size>
         <input_file_ref idref="fl-3d"/>
      </object_component>
      <object_component id="oc-621">
         <name>.debug_abbrev</name>
         <load_address>0x12ae9</load_address>
         <run_address>0x12ae9</run_address>
         <size>0x100</size>
         <input_file_ref idref="fl-3d"/>
      </object_component>
      <object_component id="oc-62b">
         <name>.debug_abbrev</name>
         <load_address>0x12be9</load_address>
         <run_address>0x12be9</run_address>
         <size>0x6b</size>
         <input_file_ref idref="fl-3d"/>
      </object_component>
      <object_component id="oc-603">
         <name>.debug_abbrev</name>
         <load_address>0x12c54</load_address>
         <run_address>0x12c54</run_address>
         <size>0x5a</size>
         <input_file_ref idref="fl-3d"/>
      </object_component>
      <object_component id="oc-653">
         <name>.debug_abbrev</name>
         <load_address>0x12cae</load_address>
         <run_address>0x12cae</run_address>
         <size>0xcd</size>
         <input_file_ref idref="fl-3d"/>
      </object_component>
      <object_component id="oc-626">
         <name>.debug_abbrev</name>
         <load_address>0x12d7b</load_address>
         <run_address>0x12d7b</run_address>
         <size>0x10f</size>
         <input_file_ref idref="fl-3d"/>
      </object_component>
      <object_component id="oc-61c">
         <name>.debug_abbrev</name>
         <load_address>0x12e8a</load_address>
         <run_address>0x12e8a</run_address>
         <size>0xd9</size>
         <input_file_ref idref="fl-3d"/>
      </object_component>
      <object_component id="oc-676">
         <name>.debug_abbrev</name>
         <load_address>0x12f63</load_address>
         <run_address>0x12f63</run_address>
         <size>0x8b</size>
         <input_file_ref idref="fl-3d"/>
      </object_component>
      <object_component id="oc-644">
         <name>.debug_abbrev</name>
         <load_address>0x12fee</load_address>
         <run_address>0x12fee</run_address>
         <size>0xe8</size>
         <input_file_ref idref="fl-3d"/>
      </object_component>
      <object_component id="oc-667">
         <name>.debug_abbrev</name>
         <load_address>0x130d6</load_address>
         <run_address>0x130d6</run_address>
         <size>0x72</size>
         <input_file_ref idref="fl-3d"/>
      </object_component>
      <object_component id="oc-66c">
         <name>.debug_abbrev</name>
         <load_address>0x13148</load_address>
         <run_address>0x13148</run_address>
         <size>0x72</size>
         <input_file_ref idref="fl-3d"/>
      </object_component>
      <object_component id="oc-aaa">
         <name>.debug_abbrev</name>
         <load_address>0x131ba</load_address>
         <run_address>0x131ba</run_address>
         <size>0x4b</size>
         <input_file_ref idref="fl-3d"/>
      </object_component>
      <object_component id="oc-aa5">
         <name>.debug_abbrev</name>
         <load_address>0x13205</load_address>
         <run_address>0x13205</run_address>
         <size>0x4b</size>
         <input_file_ref idref="fl-3d"/>
      </object_component>
      <object_component id="oc-aaf">
         <name>.debug_abbrev</name>
         <load_address>0x13250</load_address>
         <run_address>0x13250</run_address>
         <size>0x72</size>
         <input_file_ref idref="fl-3d"/>
      </object_component>
      <object_component id="oc-671">
         <name>.debug_abbrev</name>
         <load_address>0x132c2</load_address>
         <run_address>0x132c2</run_address>
         <size>0x99</size>
         <input_file_ref idref="fl-3d"/>
      </object_component>
      <object_component id="oc-635">
         <name>.debug_abbrev</name>
         <load_address>0x1335b</load_address>
         <run_address>0x1335b</run_address>
         <size>0xde</size>
         <input_file_ref idref="fl-3d"/>
      </object_component>
      <object_component id="oc-ab9">
         <name>.debug_abbrev</name>
         <load_address>0x13439</load_address>
         <run_address>0x13439</run_address>
         <size>0x5c</size>
         <input_file_ref idref="fl-3d"/>
      </object_component>
      <object_component id="oc-ab4">
         <name>.debug_abbrev</name>
         <load_address>0x13495</load_address>
         <run_address>0x13495</run_address>
         <size>0xca</size>
         <input_file_ref idref="fl-3d"/>
      </object_component>
      <object_component id="oc-662">
         <name>.debug_abbrev</name>
         <load_address>0x1355f</load_address>
         <run_address>0x1355f</run_address>
         <size>0xcf</size>
         <input_file_ref idref="fl-3d"/>
      </object_component>
      <object_component id="oc-65d">
         <name>.debug_abbrev</name>
         <load_address>0x1362e</load_address>
         <run_address>0x1362e</run_address>
         <size>0x7e</size>
         <input_file_ref idref="fl-3d"/>
      </object_component>
      <object_component id="oc-658">
         <name>.debug_abbrev</name>
         <load_address>0x136ac</load_address>
         <run_address>0x136ac</run_address>
         <size>0xb4</size>
         <input_file_ref idref="fl-3d"/>
      </object_component>
      <object_component id="oc-abe">
         <name>.debug_abbrev</name>
         <load_address>0x13760</load_address>
         <run_address>0x13760</run_address>
         <size>0x4b</size>
         <input_file_ref idref="fl-3d"/>
      </object_component>
      <object_component id="oc-67b">
         <name>.debug_abbrev</name>
         <load_address>0x137ab</load_address>
         <run_address>0x137ab</run_address>
         <size>0x4b</size>
         <input_file_ref idref="fl-3d"/>
      </object_component>
      <object_component id="oc-630">
         <name>.debug_abbrev</name>
         <load_address>0x137f6</load_address>
         <run_address>0x137f6</run_address>
         <size>0x44</size>
         <input_file_ref idref="fl-3d"/>
      </object_component>
      <object_component id="oc-608">
         <name>.debug_abbrev</name>
         <load_address>0x1383a</load_address>
         <run_address>0x1383a</run_address>
         <size>0x44</size>
         <input_file_ref idref="fl-3d"/>
      </object_component>
      <object_component id="oc-63a">
         <name>.debug_abbrev</name>
         <load_address>0x1387e</load_address>
         <run_address>0x1387e</run_address>
         <size>0x44</size>
         <input_file_ref idref="fl-3d"/>
      </object_component>
      <object_component id="oc-649">
         <name>.debug_abbrev</name>
         <load_address>0x138c2</load_address>
         <run_address>0x138c2</run_address>
         <size>0x44</size>
         <input_file_ref idref="fl-3d"/>
      </object_component>
      <object_component id="oc-60d">
         <name>.debug_abbrev</name>
         <load_address>0x13906</load_address>
         <run_address>0x13906</run_address>
         <size>0x44</size>
         <input_file_ref idref="fl-3d"/>
      </object_component>
      <object_component id="oc-612">
         <name>.debug_abbrev</name>
         <load_address>0x1394a</load_address>
         <run_address>0x1394a</run_address>
         <size>0x44</size>
         <input_file_ref idref="fl-3d"/>
      </object_component>
      <object_component id="oc-64e">
         <name>.debug_abbrev</name>
         <load_address>0x1398e</load_address>
         <run_address>0x1398e</run_address>
         <size>0x6b</size>
         <input_file_ref idref="fl-3d"/>
      </object_component>
      <object_component id="oc-63f">
         <name>.debug_abbrev</name>
         <load_address>0x139f9</load_address>
         <run_address>0x139f9</run_address>
         <size>0x44</size>
         <input_file_ref idref="fl-3d"/>
      </object_component>
      <object_component id="oc-617">
         <name>.debug_abbrev</name>
         <load_address>0x13a3d</load_address>
         <run_address>0x13a3d</run_address>
         <size>0xc3</size>
         <input_file_ref idref="fl-3d"/>
      </object_component>
      <object_component id="oc-174e">
         <name>.debug_abbrev</name>
         <load_address>0x13b00</load_address>
         <run_address>0x13b00</run_address>
         <size>0x3b</size>
         <input_file_ref idref="fl-3e"/>
      </object_component>
      <object_component id="oc-1e5">
         <name>.debug_abbrev</name>
         <load_address>0x13b3b</load_address>
         <run_address>0x13b3b</run_address>
         <size>0x3b</size>
         <input_file_ref idref="fl-3e"/>
      </object_component>
      <object_component id="oc-1e4">
         <name>.debug_abbrev</name>
         <load_address>0x13b76</load_address>
         <run_address>0x13b76</run_address>
         <size>0x3e</size>
         <input_file_ref idref="fl-3e"/>
      </object_component>
      <object_component id="oc-1539">
         <name>.debug_abbrev</name>
         <load_address>0x13bb4</load_address>
         <run_address>0x13bb4</run_address>
         <size>0x4a</size>
         <input_file_ref idref="fl-3f"/>
      </object_component>
      <object_component id="oc-17e9">
         <name>.debug_abbrev</name>
         <load_address>0x13bfe</load_address>
         <run_address>0x13bfe</run_address>
         <size>0x3b</size>
         <input_file_ref idref="fl-3f"/>
      </object_component>
      <object_component id="oc-13c1">
         <name>.debug_abbrev</name>
         <load_address>0x13c39</load_address>
         <run_address>0x13c39</run_address>
         <size>0x3b</size>
         <input_file_ref idref="fl-41"/>
      </object_component>
      <object_component id="oc-13e4">
         <name>.debug_abbrev</name>
         <load_address>0x13c74</load_address>
         <run_address>0x13c74</run_address>
         <size>0x39</size>
         <input_file_ref idref="fl-41"/>
      </object_component>
      <object_component id="oc-1677">
         <name>.debug_abbrev</name>
         <load_address>0x13cad</load_address>
         <run_address>0x13cad</run_address>
         <size>0x3e</size>
         <input_file_ref idref="fl-41"/>
      </object_component>
      <object_component id="oc-100c">
         <name>.debug_abbrev</name>
         <load_address>0x13ceb</load_address>
         <run_address>0x13ceb</run_address>
         <size>0xba</size>
         <input_file_ref idref="fl-42"/>
      </object_component>
      <object_component id="oc-b96">
         <name>.debug_abbrev</name>
         <load_address>0x13da5</load_address>
         <run_address>0x13da5</run_address>
         <size>0x7a</size>
         <input_file_ref idref="fl-42"/>
      </object_component>
      <object_component id="oc-1010">
         <name>.debug_abbrev</name>
         <load_address>0x13e1f</load_address>
         <run_address>0x13e1f</run_address>
         <size>0xc3</size>
         <input_file_ref idref="fl-42"/>
      </object_component>
      <object_component id="oc-bb4">
         <name>.debug_abbrev</name>
         <load_address>0x13ee2</load_address>
         <run_address>0x13ee2</run_address>
         <size>0xef</size>
         <input_file_ref idref="fl-43"/>
      </object_component>
      <object_component id="oc-7d5">
         <name>.debug_abbrev</name>
         <load_address>0x13fd1</load_address>
         <run_address>0x13fd1</run_address>
         <size>0x89</size>
         <input_file_ref idref="fl-43"/>
      </object_component>
      <object_component id="oc-770">
         <name>.debug_abbrev</name>
         <load_address>0x1405a</load_address>
         <run_address>0x1405a</run_address>
         <size>0x7c</size>
         <input_file_ref idref="fl-43"/>
      </object_component>
      <object_component id="oc-773">
         <name>.debug_abbrev</name>
         <load_address>0x140d6</load_address>
         <run_address>0x140d6</run_address>
         <size>0x92</size>
         <input_file_ref idref="fl-43"/>
      </object_component>
      <object_component id="oc-bc7">
         <name>.debug_abbrev</name>
         <load_address>0x14168</load_address>
         <run_address>0x14168</run_address>
         <size>0x4b</size>
         <input_file_ref idref="fl-43"/>
      </object_component>
      <object_component id="oc-bcc">
         <name>.debug_abbrev</name>
         <load_address>0x141b3</load_address>
         <run_address>0x141b3</run_address>
         <size>0x7c</size>
         <input_file_ref idref="fl-43"/>
      </object_component>
      <object_component id="oc-1022">
         <name>.debug_abbrev</name>
         <load_address>0x1422f</load_address>
         <run_address>0x1422f</run_address>
         <size>0x92</size>
         <input_file_ref idref="fl-43"/>
      </object_component>
      <object_component id="oc-103b">
         <name>.debug_abbrev</name>
         <load_address>0x142c1</load_address>
         <run_address>0x142c1</run_address>
         <size>0x4b</size>
         <input_file_ref idref="fl-43"/>
      </object_component>
      <object_component id="oc-1040">
         <name>.debug_abbrev</name>
         <load_address>0x1430c</load_address>
         <run_address>0x1430c</run_address>
         <size>0x4b</size>
         <input_file_ref idref="fl-43"/>
      </object_component>
      <object_component id="oc-102c">
         <name>.debug_abbrev</name>
         <load_address>0x14357</load_address>
         <run_address>0x14357</run_address>
         <size>0x4b</size>
         <input_file_ref idref="fl-43"/>
      </object_component>
      <object_component id="oc-bc2">
         <name>.debug_abbrev</name>
         <load_address>0x143a2</load_address>
         <run_address>0x143a2</run_address>
         <size>0x7e</size>
         <input_file_ref idref="fl-43"/>
      </object_component>
      <object_component id="oc-bb8">
         <name>.debug_abbrev</name>
         <load_address>0x14420</load_address>
         <run_address>0x14420</run_address>
         <size>0xb4</size>
         <input_file_ref idref="fl-43"/>
      </object_component>
      <object_component id="oc-1031">
         <name>.debug_abbrev</name>
         <load_address>0x144d4</load_address>
         <run_address>0x144d4</run_address>
         <size>0x4b</size>
         <input_file_ref idref="fl-43"/>
      </object_component>
      <object_component id="oc-1027">
         <name>.debug_abbrev</name>
         <load_address>0x1451f</load_address>
         <run_address>0x1451f</run_address>
         <size>0x4b</size>
         <input_file_ref idref="fl-43"/>
      </object_component>
      <object_component id="oc-bbd">
         <name>.debug_abbrev</name>
         <load_address>0x1456a</load_address>
         <run_address>0x1456a</run_address>
         <size>0xc3</size>
         <input_file_ref idref="fl-43"/>
      </object_component>
      <object_component id="oc-1036">
         <name>.debug_abbrev</name>
         <load_address>0x1462d</load_address>
         <run_address>0x1462d</run_address>
         <size>0x3a</size>
         <input_file_ref idref="fl-43"/>
      </object_component>
      <object_component id="oc-101d">
         <name>.debug_abbrev</name>
         <load_address>0x14667</load_address>
         <run_address>0x14667</run_address>
         <size>0x3a</size>
         <input_file_ref idref="fl-43"/>
      </object_component>
      <object_component id="oc-13b4">
         <name>.debug_abbrev</name>
         <load_address>0x146a1</load_address>
         <run_address>0x146a1</run_address>
         <size>0xc1</size>
         <input_file_ref idref="fl-44"/>
      </object_component>
      <object_component id="oc-1043">
         <name>.debug_abbrev</name>
         <load_address>0x14762</load_address>
         <run_address>0x14762</run_address>
         <size>0x7c</size>
         <input_file_ref idref="fl-44"/>
      </object_component>
      <object_component id="oc-16e7">
         <name>.debug_abbrev</name>
         <load_address>0x147de</load_address>
         <run_address>0x147de</run_address>
         <size>0xab</size>
         <input_file_ref idref="fl-45"/>
      </object_component>
      <object_component id="oc-14bd">
         <name>.debug_abbrev</name>
         <load_address>0x14889</load_address>
         <run_address>0x14889</run_address>
         <size>0x7a</size>
         <input_file_ref idref="fl-45"/>
      </object_component>
      <object_component id="oc-bef">
         <name>.debug_abbrev</name>
         <load_address>0x14903</load_address>
         <run_address>0x14903</run_address>
         <size>0x8e</size>
         <input_file_ref idref="fl-46"/>
      </object_component>
      <object_component id="oc-798">
         <name>.debug_abbrev</name>
         <load_address>0x14991</load_address>
         <run_address>0x14991</run_address>
         <size>0x7a</size>
         <input_file_ref idref="fl-46"/>
      </object_component>
      <object_component id="oc-c41">
         <name>.debug_abbrev</name>
         <load_address>0x14a0b</load_address>
         <run_address>0x14a0b</run_address>
         <size>0x111</size>
         <input_file_ref idref="fl-47"/>
      </object_component>
      <object_component id="oc-f70">
         <name>.debug_abbrev</name>
         <load_address>0x14b1c</load_address>
         <run_address>0x14b1c</run_address>
         <size>0x7d</size>
         <input_file_ref idref="fl-47"/>
      </object_component>
      <object_component id="oc-17c5">
         <name>.debug_abbrev</name>
         <load_address>0x14b99</load_address>
         <run_address>0x14b99</run_address>
         <size>0x7a</size>
         <input_file_ref idref="fl-47"/>
      </object_component>
      <object_component id="oc-1007">
         <name>.debug_abbrev</name>
         <load_address>0x14c13</load_address>
         <run_address>0x14c13</run_address>
         <size>0x6d</size>
         <input_file_ref idref="fl-47"/>
      </object_component>
      <object_component id="oc-18f1">
         <name>.debug_abbrev</name>
         <load_address>0x14c80</load_address>
         <run_address>0x14c80</run_address>
         <size>0x6e</size>
         <input_file_ref idref="fl-47"/>
      </object_component>
      <object_component id="oc-18cb">
         <name>.debug_abbrev</name>
         <load_address>0x14cee</load_address>
         <run_address>0x14cee</run_address>
         <size>0x7a</size>
         <input_file_ref idref="fl-47"/>
      </object_component>
      <object_component id="oc-1676">
         <name>.debug_abbrev</name>
         <load_address>0x14d68</load_address>
         <run_address>0x14d68</run_address>
         <size>0x89</size>
         <input_file_ref idref="fl-47"/>
      </object_component>
      <object_component id="oc-7cd">
         <name>.debug_abbrev</name>
         <load_address>0x14df1</load_address>
         <run_address>0x14df1</run_address>
         <size>0x6e</size>
         <input_file_ref idref="fl-47"/>
      </object_component>
      <object_component id="oc-c45">
         <name>.debug_abbrev</name>
         <load_address>0x14e5f</load_address>
         <run_address>0x14e5f</run_address>
         <size>0xc8</size>
         <input_file_ref idref="fl-47"/>
      </object_component>
      <object_component id="oc-c4f">
         <name>.debug_abbrev</name>
         <load_address>0x14f27</load_address>
         <run_address>0x14f27</run_address>
         <size>0x5c</size>
         <input_file_ref idref="fl-47"/>
      </object_component>
      <object_component id="oc-c4a">
         <name>.debug_abbrev</name>
         <load_address>0x14f83</load_address>
         <run_address>0x14f83</run_address>
         <size>0xc3</size>
         <input_file_ref idref="fl-47"/>
      </object_component>
      <object_component id="oc-c6e">
         <name>.debug_abbrev</name>
         <load_address>0x15046</load_address>
         <run_address>0x15046</run_address>
         <size>0xc1</size>
         <input_file_ref idref="fl-48"/>
      </object_component>
      <object_component id="oc-7f4">
         <name>.debug_abbrev</name>
         <load_address>0x15107</load_address>
         <run_address>0x15107</run_address>
         <size>0x71</size>
         <input_file_ref idref="fl-48"/>
      </object_component>
      <object_component id="oc-52e">
         <name>.debug_abbrev</name>
         <load_address>0x15178</load_address>
         <run_address>0x15178</run_address>
         <size>0x57</size>
         <input_file_ref idref="fl-48"/>
      </object_component>
      <object_component id="oc-c72">
         <name>.debug_abbrev</name>
         <load_address>0x151cf</load_address>
         <run_address>0x151cf</run_address>
         <size>0xc3</size>
         <input_file_ref idref="fl-48"/>
      </object_component>
      <object_component id="oc-1019">
         <name>.debug_abbrev</name>
         <load_address>0x15292</load_address>
         <run_address>0x15292</run_address>
         <size>0x105</size>
         <input_file_ref idref="fl-49"/>
      </object_component>
      <object_component id="oc-1053">
         <name>.debug_abbrev</name>
         <load_address>0x15397</load_address>
         <run_address>0x15397</run_address>
         <size>0x52</size>
         <input_file_ref idref="fl-49"/>
      </object_component>
      <object_component id="oc-c0a">
         <name>.debug_abbrev</name>
         <load_address>0x153e9</load_address>
         <run_address>0x153e9</run_address>
         <size>0x7c</size>
         <input_file_ref idref="fl-49"/>
      </object_component>
      <object_component id="oc-1013">
         <name>.debug_abbrev</name>
         <load_address>0x15465</load_address>
         <run_address>0x15465</run_address>
         <size>0x7c</size>
         <input_file_ref idref="fl-49"/>
      </object_component>
      <object_component id="oc-c58">
         <name>.debug_abbrev</name>
         <load_address>0x154e1</load_address>
         <run_address>0x154e1</run_address>
         <size>0x71</size>
         <input_file_ref idref="fl-49"/>
      </object_component>
      <object_component id="oc-b9e">
         <name>.debug_abbrev</name>
         <load_address>0x15552</load_address>
         <run_address>0x15552</run_address>
         <size>0x7c</size>
         <input_file_ref idref="fl-49"/>
      </object_component>
      <object_component id="oc-1016">
         <name>.debug_abbrev</name>
         <load_address>0x155ce</load_address>
         <run_address>0x155ce</run_address>
         <size>0x81</size>
         <input_file_ref idref="fl-49"/>
      </object_component>
      <object_component id="oc-ba1">
         <name>.debug_abbrev</name>
         <load_address>0x1564f</load_address>
         <run_address>0x1564f</run_address>
         <size>0xc3</size>
         <input_file_ref idref="fl-49"/>
      </object_component>
      <object_component id="oc-eec">
         <name>.debug_abbrev</name>
         <load_address>0x15712</load_address>
         <run_address>0x15712</run_address>
         <size>0xc6</size>
         <input_file_ref idref="fl-4a"/>
      </object_component>
      <object_component id="oc-ae8">
         <name>.debug_abbrev</name>
         <load_address>0x157d8</load_address>
         <run_address>0x157d8</run_address>
         <size>0x89</size>
         <input_file_ref idref="fl-4a"/>
      </object_component>
      <object_component id="oc-10c5">
         <name>.debug_abbrev</name>
         <load_address>0x15861</load_address>
         <run_address>0x15861</run_address>
         <size>0x52</size>
         <input_file_ref idref="fl-4a"/>
      </object_component>
      <object_component id="oc-1f6">
         <name>.debug_abbrev</name>
         <load_address>0x158b3</load_address>
         <run_address>0x158b3</run_address>
         <size>0x6d</size>
         <input_file_ref idref="fl-4a"/>
      </object_component>
      <object_component id="oc-ef0">
         <name>.debug_abbrev</name>
         <load_address>0x15920</load_address>
         <run_address>0x15920</run_address>
         <size>0xa1</size>
         <input_file_ref idref="fl-4a"/>
      </object_component>
      <object_component id="oc-ef5">
         <name>.debug_abbrev</name>
         <load_address>0x159c1</load_address>
         <run_address>0x159c1</run_address>
         <size>0xc3</size>
         <input_file_ref idref="fl-4a"/>
      </object_component>
      <object_component id="oc-285">
         <name>.debug_abbrev</name>
         <load_address>0x15a84</load_address>
         <run_address>0x15a84</run_address>
         <size>0x11a</size>
         <input_file_ref idref="fl-4b"/>
      </object_component>
      <object_component id="oc-16c2">
         <name>.debug_abbrev</name>
         <load_address>0x15b9e</load_address>
         <run_address>0x15b9e</run_address>
         <size>0x7c</size>
         <input_file_ref idref="fl-4b"/>
      </object_component>
      <object_component id="oc-16c3">
         <name>.debug_abbrev</name>
         <load_address>0x15c1a</load_address>
         <run_address>0x15c1a</run_address>
         <size>0x7a</size>
         <input_file_ref idref="fl-4b"/>
      </object_component>
      <object_component id="oc-1493">
         <name>.debug_abbrev</name>
         <load_address>0x15c94</load_address>
         <run_address>0x15c94</run_address>
         <size>0x8b</size>
         <input_file_ref idref="fl-4b"/>
      </object_component>
      <object_component id="oc-190f">
         <name>.debug_abbrev</name>
         <load_address>0x15d1f</load_address>
         <run_address>0x15d1f</run_address>
         <size>0x7c</size>
         <input_file_ref idref="fl-4b"/>
      </object_component>
      <object_component id="oc-1162">
         <name>.debug_abbrev</name>
         <load_address>0x15d9b</load_address>
         <run_address>0x15d9b</run_address>
         <size>0x7c</size>
         <input_file_ref idref="fl-4b"/>
      </object_component>
      <object_component id="oc-276">
         <name>.debug_abbrev</name>
         <load_address>0x15e17</load_address>
         <run_address>0x15e17</run_address>
         <size>0x89</size>
         <input_file_ref idref="fl-4b"/>
      </object_component>
      <object_component id="oc-d6c">
         <name>.debug_abbrev</name>
         <load_address>0x15ea0</load_address>
         <run_address>0x15ea0</run_address>
         <size>0x65</size>
         <input_file_ref idref="fl-4b"/>
      </object_component>
      <object_component id="oc-bd">
         <name>.debug_abbrev</name>
         <load_address>0x15f05</load_address>
         <run_address>0x15f05</run_address>
         <size>0x89</size>
         <input_file_ref idref="fl-4b"/>
      </object_component>
      <object_component id="oc-192c">
         <name>.debug_abbrev</name>
         <load_address>0x15f8e</load_address>
         <run_address>0x15f8e</run_address>
         <size>0x7c</size>
         <input_file_ref idref="fl-4b"/>
      </object_component>
      <object_component id="oc-10ca">
         <name>.debug_abbrev</name>
         <load_address>0x1600a</load_address>
         <run_address>0x1600a</run_address>
         <size>0x7c</size>
         <input_file_ref idref="fl-4b"/>
      </object_component>
      <object_component id="oc-1916">
         <name>.debug_abbrev</name>
         <load_address>0x16086</load_address>
         <run_address>0x16086</run_address>
         <size>0x65</size>
         <input_file_ref idref="fl-4b"/>
      </object_component>
      <object_component id="oc-8a1">
         <name>.debug_abbrev</name>
         <load_address>0x160eb</load_address>
         <run_address>0x160eb</run_address>
         <size>0x89</size>
         <input_file_ref idref="fl-4b"/>
      </object_component>
      <object_component id="oc-14ee">
         <name>.debug_abbrev</name>
         <load_address>0x16174</load_address>
         <run_address>0x16174</run_address>
         <size>0x60</size>
         <input_file_ref idref="fl-4b"/>
      </object_component>
      <object_component id="oc-28e">
         <name>.debug_abbrev</name>
         <load_address>0x161d4</load_address>
         <run_address>0x161d4</run_address>
         <size>0x6b</size>
         <input_file_ref idref="fl-4b"/>
      </object_component>
      <object_component id="oc-293">
         <name>.debug_abbrev</name>
         <load_address>0x1623f</load_address>
         <run_address>0x1623f</run_address>
         <size>0xa8</size>
         <input_file_ref idref="fl-4b"/>
      </object_component>
      <object_component id="oc-1496">
         <name>.debug_abbrev</name>
         <load_address>0x162e7</load_address>
         <run_address>0x162e7</run_address>
         <size>0x35</size>
         <input_file_ref idref="fl-4b"/>
      </object_component>
      <object_component id="oc-289">
         <name>.debug_abbrev</name>
         <load_address>0x1631c</load_address>
         <run_address>0x1631c</run_address>
         <size>0xc3</size>
         <input_file_ref idref="fl-4b"/>
      </object_component>
      <object_component id="oc-1477">
         <name>.debug_abbrev</name>
         <load_address>0x163df</load_address>
         <run_address>0x163df</run_address>
         <size>0xed</size>
         <input_file_ref idref="fl-4c"/>
      </object_component>
      <object_component id="oc-1483">
         <name>.debug_abbrev</name>
         <load_address>0x164cc</load_address>
         <run_address>0x164cc</run_address>
         <size>0x52</size>
         <input_file_ref idref="fl-4c"/>
      </object_component>
      <object_component id="oc-1154">
         <name>.debug_abbrev</name>
         <load_address>0x1651e</load_address>
         <run_address>0x1651e</run_address>
         <size>0x7a</size>
         <input_file_ref idref="fl-4c"/>
      </object_component>
      <object_component id="oc-3bb">
         <name>.debug_abbrev</name>
         <load_address>0x16598</load_address>
         <run_address>0x16598</run_address>
         <size>0x7b</size>
         <input_file_ref idref="fl-4c"/>
      </object_component>
      <object_component id="oc-532">
         <name>.debug_abbrev</name>
         <load_address>0x16613</load_address>
         <run_address>0x16613</run_address>
         <size>0x6f</size>
         <input_file_ref idref="fl-4c"/>
      </object_component>
      <object_component id="oc-d63">
         <name>.debug_abbrev</name>
         <load_address>0x16682</load_address>
         <run_address>0x16682</run_address>
         <size>0x7a</size>
         <input_file_ref idref="fl-4c"/>
      </object_component>
      <object_component id="oc-14ef">
         <name>.debug_abbrev</name>
         <load_address>0x166fc</load_address>
         <run_address>0x166fc</run_address>
         <size>0x6e</size>
         <input_file_ref idref="fl-4c"/>
      </object_component>
      <object_component id="oc-1480">
         <name>.debug_abbrev</name>
         <load_address>0x1676a</load_address>
         <run_address>0x1676a</run_address>
         <size>0xa8</size>
         <input_file_ref idref="fl-4c"/>
      </object_component>
      <object_component id="oc-147b">
         <name>.debug_abbrev</name>
         <load_address>0x16812</load_address>
         <run_address>0x16812</run_address>
         <size>0xc3</size>
         <input_file_ref idref="fl-4c"/>
      </object_component>
      <object_component id="oc-13a5">
         <name>.debug_abbrev</name>
         <load_address>0x168d5</load_address>
         <run_address>0x168d5</run_address>
         <size>0x10a</size>
         <input_file_ref idref="fl-4d"/>
      </object_component>
      <object_component id="oc-18f0">
         <name>.debug_abbrev</name>
         <load_address>0x169df</load_address>
         <run_address>0x169df</run_address>
         <size>0x81</size>
         <input_file_ref idref="fl-4d"/>
      </object_component>
      <object_component id="oc-ffd">
         <name>.debug_abbrev</name>
         <load_address>0x16a60</load_address>
         <run_address>0x16a60</run_address>
         <size>0x6e</size>
         <input_file_ref idref="fl-4d"/>
      </object_component>
      <object_component id="oc-190e">
         <name>.debug_abbrev</name>
         <load_address>0x16ace</load_address>
         <run_address>0x16ace</run_address>
         <size>0x7c</size>
         <input_file_ref idref="fl-4d"/>
      </object_component>
      <object_component id="oc-1930">
         <name>.debug_abbrev</name>
         <load_address>0x16b4a</load_address>
         <run_address>0x16b4a</run_address>
         <size>0x89</size>
         <input_file_ref idref="fl-4d"/>
      </object_component>
      <object_component id="oc-18e9">
         <name>.debug_abbrev</name>
         <load_address>0x16bd3</load_address>
         <run_address>0x16bd3</run_address>
         <size>0x8b</size>
         <input_file_ref idref="fl-4d"/>
      </object_component>
      <object_component id="oc-18a3">
         <name>.debug_abbrev</name>
         <load_address>0x16c5e</load_address>
         <run_address>0x16c5e</run_address>
         <size>0x7c</size>
         <input_file_ref idref="fl-4d"/>
      </object_component>
      <object_component id="oc-18a2">
         <name>.debug_abbrev</name>
         <load_address>0x16cda</load_address>
         <run_address>0x16cda</run_address>
         <size>0x7c</size>
         <input_file_ref idref="fl-4d"/>
      </object_component>
      <object_component id="oc-16df">
         <name>.debug_abbrev</name>
         <load_address>0x16d56</load_address>
         <run_address>0x16d56</run_address>
         <size>0x6e</size>
         <input_file_ref idref="fl-4d"/>
      </object_component>
      <object_component id="oc-13a9">
         <name>.debug_abbrev</name>
         <load_address>0x16dc4</load_address>
         <run_address>0x16dc4</run_address>
         <size>0x55</size>
         <input_file_ref idref="fl-4d"/>
      </object_component>
      <object_component id="oc-1000">
         <name>.debug_abbrev</name>
         <load_address>0x16e19</load_address>
         <run_address>0x16e19</run_address>
         <size>0xb4</size>
         <input_file_ref idref="fl-4d"/>
      </object_component>
      <object_component id="oc-13a2">
         <name>.debug_abbrev</name>
         <load_address>0x16ecd</load_address>
         <run_address>0x16ecd</run_address>
         <size>0xc3</size>
         <input_file_ref idref="fl-4d"/>
      </object_component>
      <object_component id="oc-1919">
         <name>.debug_abbrev</name>
         <load_address>0x16f90</load_address>
         <run_address>0x16f90</run_address>
         <size>0xd7</size>
         <input_file_ref idref="fl-4f"/>
      </object_component>
      <object_component id="oc-1900">
         <name>.debug_abbrev</name>
         <load_address>0x17067</load_address>
         <run_address>0x17067</run_address>
         <size>0x6e</size>
         <input_file_ref idref="fl-4f"/>
      </object_component>
      <object_component id="oc-1922">
         <name>.debug_abbrev</name>
         <load_address>0x170d5</load_address>
         <run_address>0x170d5</run_address>
         <size>0x8b</size>
         <input_file_ref idref="fl-4f"/>
      </object_component>
      <object_component id="oc-191d">
         <name>.debug_abbrev</name>
         <load_address>0x17160</load_address>
         <run_address>0x17160</run_address>
         <size>0xc3</size>
         <input_file_ref idref="fl-4f"/>
      </object_component>
      <object_component id="oc-76">
         <name>.debug_abbrev</name>
         <load_address>0x17223</load_address>
         <run_address>0x17223</run_address>
         <size>0x4c</size>
         <input_file_ref idref="fl-50"/>
      </object_component>
      <object_component id="oc-ab">
         <name>.debug_abbrev</name>
         <load_address>0x1726f</load_address>
         <run_address>0x1726f</run_address>
         <size>0x7c</size>
         <input_file_ref idref="fl-51"/>
      </object_component>
      <object_component id="oc-1534">
         <name>.debug_abbrev</name>
         <load_address>0x172eb</load_address>
         <run_address>0x172eb</run_address>
         <size>0x50</size>
         <input_file_ref idref="fl-52"/>
      </object_component>
      <object_component id="oc-f61">
         <name>.debug_abbrev</name>
         <load_address>0x1733b</load_address>
         <run_address>0x1733b</run_address>
         <size>0x52</size>
         <input_file_ref idref="fl-52"/>
      </object_component>
      <object_component id="oc-f3e">
         <name>.debug_abbrev</name>
         <load_address>0x1738d</load_address>
         <run_address>0x1738d</run_address>
         <size>0x52</size>
         <input_file_ref idref="fl-52"/>
      </object_component>
      <object_component id="oc-ef8">
         <name>.debug_abbrev</name>
         <load_address>0x173df</load_address>
         <run_address>0x173df</run_address>
         <size>0xe1</size>
         <input_file_ref idref="fl-53"/>
      </object_component>
      <object_component id="oc-aea">
         <name>.debug_abbrev</name>
         <load_address>0x174c0</load_address>
         <run_address>0x174c0</run_address>
         <size>0x6c</size>
         <input_file_ref idref="fl-53"/>
      </object_component>
      <object_component id="oc-aed">
         <name>.debug_abbrev</name>
         <load_address>0x1752c</load_address>
         <run_address>0x1752c</run_address>
         <size>0x6c</size>
         <input_file_ref idref="fl-53"/>
      </object_component>
      <object_component id="oc-f2b">
         <name>.debug_abbrev</name>
         <load_address>0x17598</load_address>
         <run_address>0x17598</run_address>
         <size>0xcd</size>
         <input_file_ref idref="fl-55"/>
      </object_component>
      <object_component id="oc-af5">
         <name>.debug_abbrev</name>
         <load_address>0x17665</load_address>
         <run_address>0x17665</run_address>
         <size>0x6c</size>
         <input_file_ref idref="fl-55"/>
      </object_component>
      <object_component id="oc-af8">
         <name>.debug_abbrev</name>
         <load_address>0x176d1</load_address>
         <run_address>0x176d1</run_address>
         <size>0x6c</size>
         <input_file_ref idref="fl-55"/>
      </object_component>
      <object_component id="oc-af7">
         <name>.debug_abbrev</name>
         <load_address>0x1773d</load_address>
         <run_address>0x1773d</run_address>
         <size>0x6c</size>
         <input_file_ref idref="fl-55"/>
      </object_component>
      <object_component id="oc-b82">
         <name>.debug_abbrev</name>
         <load_address>0x177a9</load_address>
         <run_address>0x177a9</run_address>
         <size>0xb0</size>
         <input_file_ref idref="fl-56"/>
      </object_component>
      <object_component id="oc-b80">
         <name>.debug_abbrev</name>
         <load_address>0x17859</load_address>
         <run_address>0x17859</run_address>
         <size>0x27</size>
         <input_file_ref idref="fl-56"/>
      </object_component>
      <object_component id="oc-74a">
         <name>.debug_abbrev</name>
         <load_address>0x17880</load_address>
         <run_address>0x17880</run_address>
         <size>0x6c</size>
         <input_file_ref idref="fl-56"/>
      </object_component>
      <object_component id="oc-74c">
         <name>.debug_abbrev</name>
         <load_address>0x178ec</load_address>
         <run_address>0x178ec</run_address>
         <size>0x6c</size>
         <input_file_ref idref="fl-56"/>
      </object_component>
      <object_component id="oc-b39">
         <name>.debug_abbrev</name>
         <load_address>0x17958</load_address>
         <run_address>0x17958</run_address>
         <size>0x6c</size>
         <input_file_ref idref="fl-56"/>
      </object_component>
      <object_component id="oc-b3a">
         <name>.debug_abbrev</name>
         <load_address>0x179c4</load_address>
         <run_address>0x179c4</run_address>
         <size>0x6c</size>
         <input_file_ref idref="fl-56"/>
      </object_component>
      <object_component id="oc-b38">
         <name>.debug_abbrev</name>
         <load_address>0x17a30</load_address>
         <run_address>0x17a30</run_address>
         <size>0x6c</size>
         <input_file_ref idref="fl-56"/>
      </object_component>
      <object_component id="oc-b3d">
         <name>.debug_abbrev</name>
         <load_address>0x17a9c</load_address>
         <run_address>0x17a9c</run_address>
         <size>0x6c</size>
         <input_file_ref idref="fl-56"/>
      </object_component>
      <object_component id="oc-b3c">
         <name>.debug_abbrev</name>
         <load_address>0x17b08</load_address>
         <run_address>0x17b08</run_address>
         <size>0x6c</size>
         <input_file_ref idref="fl-56"/>
      </object_component>
      <object_component id="oc-b3b">
         <name>.debug_abbrev</name>
         <load_address>0x17b74</load_address>
         <run_address>0x17b74</run_address>
         <size>0x6c</size>
         <input_file_ref idref="fl-56"/>
      </object_component>
      <object_component id="oc-b58">
         <name>.debug_abbrev</name>
         <load_address>0x17be0</load_address>
         <run_address>0x17be0</run_address>
         <size>0x6c</size>
         <input_file_ref idref="fl-56"/>
      </object_component>
      <object_component id="oc-1271">
         <name>.debug_abbrev</name>
         <load_address>0x17c4c</load_address>
         <run_address>0x17c4c</run_address>
         <size>0x6e</size>
         <input_file_ref idref="fl-56"/>
      </object_component>
      <object_component id="oc-f8b">
         <name>.debug_abbrev</name>
         <load_address>0x17cba</load_address>
         <run_address>0x17cba</run_address>
         <size>0x7c</size>
         <input_file_ref idref="fl-56"/>
      </object_component>
      <object_component id="oc-b59">
         <name>.debug_abbrev</name>
         <load_address>0x17d36</load_address>
         <run_address>0x17d36</run_address>
         <size>0x6c</size>
         <input_file_ref idref="fl-56"/>
      </object_component>
      <object_component id="oc-174f">
         <name>.debug_abbrev</name>
         <load_address>0x17da2</load_address>
         <run_address>0x17da2</run_address>
         <size>0xb7</size>
         <input_file_ref idref="fl-57"/>
      </object_component>
      <object_component id="oc-1780">
         <name>.debug_abbrev</name>
         <load_address>0x17e59</load_address>
         <run_address>0x17e59</run_address>
         <size>0x6c</size>
         <input_file_ref idref="fl-57"/>
      </object_component>
      <object_component id="oc-177a">
         <name>.debug_abbrev</name>
         <load_address>0x17ec5</load_address>
         <run_address>0x17ec5</run_address>
         <size>0x6c</size>
         <input_file_ref idref="fl-57"/>
      </object_component>
      <object_component id="oc-1781">
         <name>.debug_abbrev</name>
         <load_address>0x17f31</load_address>
         <run_address>0x17f31</run_address>
         <size>0x6c</size>
         <input_file_ref idref="fl-57"/>
      </object_component>
      <object_component id="oc-177e">
         <name>.debug_abbrev</name>
         <load_address>0x17f9d</load_address>
         <run_address>0x17f9d</run_address>
         <size>0x6c</size>
         <input_file_ref idref="fl-57"/>
      </object_component>
      <object_component id="oc-177d">
         <name>.debug_abbrev</name>
         <load_address>0x18009</load_address>
         <run_address>0x18009</run_address>
         <size>0x6c</size>
         <input_file_ref idref="fl-57"/>
      </object_component>
      <object_component id="oc-177b">
         <name>.debug_abbrev</name>
         <load_address>0x18075</load_address>
         <run_address>0x18075</run_address>
         <size>0x6c</size>
         <input_file_ref idref="fl-57"/>
      </object_component>
      <object_component id="oc-1554">
         <name>.debug_abbrev</name>
         <load_address>0x180e1</load_address>
         <run_address>0x180e1</run_address>
         <size>0x6c</size>
         <input_file_ref idref="fl-57"/>
      </object_component>
      <object_component id="oc-1779">
         <name>.debug_abbrev</name>
         <load_address>0x1814d</load_address>
         <run_address>0x1814d</run_address>
         <size>0x6e</size>
         <input_file_ref idref="fl-57"/>
      </object_component>
      <object_component id="oc-177c">
         <name>.debug_abbrev</name>
         <load_address>0x181bb</load_address>
         <run_address>0x181bb</run_address>
         <size>0x6e</size>
         <input_file_ref idref="fl-57"/>
      </object_component>
      <object_component id="oc-1751">
         <name>.debug_abbrev</name>
         <load_address>0x18229</load_address>
         <run_address>0x18229</run_address>
         <size>0x6c</size>
         <input_file_ref idref="fl-57"/>
      </object_component>
      <object_component id="oc-184b">
         <name>.debug_abbrev</name>
         <load_address>0x18295</load_address>
         <run_address>0x18295</run_address>
         <size>0x6e</size>
         <input_file_ref idref="fl-57"/>
      </object_component>
      <object_component id="oc-1778">
         <name>.debug_abbrev</name>
         <load_address>0x18303</load_address>
         <run_address>0x18303</run_address>
         <size>0x73</size>
         <input_file_ref idref="fl-57"/>
      </object_component>
      <object_component id="oc-1753">
         <name>.debug_abbrev</name>
         <load_address>0x18376</load_address>
         <run_address>0x18376</run_address>
         <size>0x6c</size>
         <input_file_ref idref="fl-57"/>
      </object_component>
      <object_component id="oc-15df">
         <name>.debug_abbrev</name>
         <load_address>0x183e2</load_address>
         <run_address>0x183e2</run_address>
         <size>0x6c</size>
         <input_file_ref idref="fl-57"/>
      </object_component>
      <object_component id="oc-1558">
         <name>.debug_abbrev</name>
         <load_address>0x1844e</load_address>
         <run_address>0x1844e</run_address>
         <size>0x6c</size>
         <input_file_ref idref="fl-57"/>
      </object_component>
      <object_component id="oc-1552">
         <name>.debug_abbrev</name>
         <load_address>0x184ba</load_address>
         <run_address>0x184ba</run_address>
         <size>0x6c</size>
         <input_file_ref idref="fl-57"/>
      </object_component>
      <object_component id="oc-1752">
         <name>.debug_abbrev</name>
         <load_address>0x18526</load_address>
         <run_address>0x18526</run_address>
         <size>0x6c</size>
         <input_file_ref idref="fl-57"/>
      </object_component>
      <object_component id="oc-1238">
         <name>.debug_abbrev</name>
         <load_address>0x18592</load_address>
         <run_address>0x18592</run_address>
         <size>0xe1</size>
         <input_file_ref idref="fl-59"/>
      </object_component>
      <object_component id="oc-122e">
         <name>.debug_abbrev</name>
         <load_address>0x18673</load_address>
         <run_address>0x18673</run_address>
         <size>0x7c</size>
         <input_file_ref idref="fl-59"/>
      </object_component>
      <object_component id="oc-1219">
         <name>.debug_abbrev</name>
         <load_address>0x186ef</load_address>
         <run_address>0x186ef</run_address>
         <size>0x52</size>
         <input_file_ref idref="fl-59"/>
      </object_component>
      <object_component id="oc-1532">
         <name>.debug_abbrev</name>
         <load_address>0x18741</load_address>
         <run_address>0x18741</run_address>
         <size>0x60</size>
         <input_file_ref idref="fl-59"/>
      </object_component>
      <object_component id="oc-1236">
         <name>.debug_abbrev</name>
         <load_address>0x187a1</load_address>
         <run_address>0x187a1</run_address>
         <size>0x7a</size>
         <input_file_ref idref="fl-59"/>
      </object_component>
      <object_component id="oc-1533">
         <name>.debug_abbrev</name>
         <load_address>0x1881b</load_address>
         <run_address>0x1881b</run_address>
         <size>0x65</size>
         <input_file_ref idref="fl-59"/>
      </object_component>
      <object_component id="oc-af4">
         <name>.debug_abbrev</name>
         <load_address>0x18880</load_address>
         <run_address>0x18880</run_address>
         <size>0x65</size>
         <input_file_ref idref="fl-59"/>
      </object_component>
      <object_component id="oc-122c">
         <name>.debug_abbrev</name>
         <load_address>0x188e5</load_address>
         <run_address>0x188e5</run_address>
         <size>0x6e</size>
         <input_file_ref idref="fl-59"/>
      </object_component>
      <object_component id="oc-122d">
         <name>.debug_abbrev</name>
         <load_address>0x18953</load_address>
         <run_address>0x18953</run_address>
         <size>0x60</size>
         <input_file_ref idref="fl-59"/>
      </object_component>
      <object_component id="oc-1535">
         <name>.debug_abbrev</name>
         <load_address>0x189b3</load_address>
         <run_address>0x189b3</run_address>
         <size>0x60</size>
         <input_file_ref idref="fl-59"/>
      </object_component>
      <object_component id="oc-1235">
         <name>.debug_abbrev</name>
         <load_address>0x18a13</load_address>
         <run_address>0x18a13</run_address>
         <size>0x7a</size>
         <input_file_ref idref="fl-59"/>
      </object_component>
      <object_component id="oc-1237">
         <name>.debug_abbrev</name>
         <load_address>0x18a8d</load_address>
         <run_address>0x18a8d</run_address>
         <size>0x60</size>
         <input_file_ref idref="fl-59"/>
      </object_component>
      <object_component id="oc-f29">
         <name>.debug_abbrev</name>
         <load_address>0x18aed</load_address>
         <run_address>0x18aed</run_address>
         <size>0x7a</size>
         <input_file_ref idref="fl-59"/>
      </object_component>
      <object_component id="oc-6cd">
         <name>.debug_abbrev</name>
         <load_address>0x18b67</load_address>
         <run_address>0x18b67</run_address>
         <size>0x50</size>
         <input_file_ref idref="fl-59"/>
      </object_component>
      <object_component id="oc-124b">
         <name>.debug_abbrev</name>
         <load_address>0x18bb7</load_address>
         <run_address>0x18bb7</run_address>
         <size>0x50</size>
         <input_file_ref idref="fl-5a"/>
      </object_component>
      <object_component id="oc-1249">
         <name>.debug_abbrev</name>
         <load_address>0x18c07</load_address>
         <run_address>0x18c07</run_address>
         <size>0x50</size>
         <input_file_ref idref="fl-5a"/>
      </object_component>
      <object_component id="oc-1782">
         <name>.debug_abbrev</name>
         <load_address>0x18c57</load_address>
         <run_address>0x18c57</run_address>
         <size>0xb7</size>
         <input_file_ref idref="fl-5e"/>
      </object_component>
      <object_component id="oc-164f">
         <name>.debug_abbrev</name>
         <load_address>0x18d0e</load_address>
         <run_address>0x18d0e</run_address>
         <size>0x6c</size>
         <input_file_ref idref="fl-5e"/>
      </object_component>
      <object_component id="oc-164d">
         <name>.debug_abbrev</name>
         <load_address>0x18d7a</load_address>
         <run_address>0x18d7a</run_address>
         <size>0x6e</size>
         <input_file_ref idref="fl-5e"/>
      </object_component>
      <object_component id="oc-17ab">
         <name>.debug_abbrev</name>
         <load_address>0x18de8</load_address>
         <run_address>0x18de8</run_address>
         <size>0x6e</size>
         <input_file_ref idref="fl-5e"/>
      </object_component>
      <object_component id="oc-17a7">
         <name>.debug_abbrev</name>
         <load_address>0x18e56</load_address>
         <run_address>0x18e56</run_address>
         <size>0x6e</size>
         <input_file_ref idref="fl-5e"/>
      </object_component>
      <object_component id="oc-164e">
         <name>.debug_abbrev</name>
         <load_address>0x18ec4</load_address>
         <run_address>0x18ec4</run_address>
         <size>0x6e</size>
         <input_file_ref idref="fl-5e"/>
      </object_component>
      <object_component id="oc-17a8">
         <name>.debug_abbrev</name>
         <load_address>0x18f32</load_address>
         <run_address>0x18f32</run_address>
         <size>0x6c</size>
         <input_file_ref idref="fl-5e"/>
      </object_component>
      <object_component id="oc-15ef">
         <name>.debug_abbrev</name>
         <load_address>0x18f9e</load_address>
         <run_address>0x18f9e</run_address>
         <size>0x6c</size>
         <input_file_ref idref="fl-5e"/>
      </object_component>
      <object_component id="oc-15e4">
         <name>.debug_abbrev</name>
         <load_address>0x1900a</load_address>
         <run_address>0x1900a</run_address>
         <size>0x6c</size>
         <input_file_ref idref="fl-5e"/>
      </object_component>
      <object_component id="oc-15e1">
         <name>.debug_abbrev</name>
         <load_address>0x19076</load_address>
         <run_address>0x19076</run_address>
         <size>0x6c</size>
         <input_file_ref idref="fl-5e"/>
      </object_component>
      <object_component id="oc-15e3">
         <name>.debug_abbrev</name>
         <load_address>0x190e2</load_address>
         <run_address>0x190e2</run_address>
         <size>0x6c</size>
         <input_file_ref idref="fl-5e"/>
      </object_component>
      <object_component id="oc-124c">
         <name>.debug_abbrev</name>
         <load_address>0x1914e</load_address>
         <run_address>0x1914e</run_address>
         <size>0x5e</size>
         <input_file_ref idref="fl-5f"/>
      </object_component>
      <object_component id="oc-124a">
         <name>.debug_abbrev</name>
         <load_address>0x191ac</load_address>
         <run_address>0x191ac</run_address>
         <size>0x5e</size>
         <input_file_ref idref="fl-5f"/>
      </object_component>
      <object_component id="oc-e90">
         <name>.debug_abbrev</name>
         <load_address>0x1920a</load_address>
         <run_address>0x1920a</run_address>
         <size>0x45</size>
         <input_file_ref idref="fl-115"/>
      </object_component>
      <object_component id="oc-a46">
         <name>.debug_abbrev</name>
         <load_address>0x1924f</load_address>
         <run_address>0x1924f</run_address>
         <size>0x29</size>
         <input_file_ref idref="fl-115"/>
      </object_component>
      <object_component id="oc-e8f">
         <name>.debug_abbrev</name>
         <load_address>0x19278</load_address>
         <run_address>0x19278</run_address>
         <size>0x6f</size>
         <input_file_ref idref="fl-115"/>
      </object_component>
      <object_component id="oc-260">
         <name>.debug_abbrev</name>
         <load_address>0x192e7</load_address>
         <run_address>0x192e7</run_address>
         <size>0x8e</size>
         <input_file_ref idref="fl-116"/>
      </object_component>
      <object_component id="oc-b2">
         <name>.debug_abbrev</name>
         <load_address>0x19375</load_address>
         <run_address>0x19375</run_address>
         <size>0x68</size>
         <input_file_ref idref="fl-116"/>
      </object_component>
      <object_component id="oc-264">
         <name>.debug_abbrev</name>
         <load_address>0x193dd</load_address>
         <run_address>0x193dd</run_address>
         <size>0x49</size>
         <input_file_ref idref="fl-116"/>
      </object_component>
      <object_component id="oc-1e6">
         <name>.debug_abbrev</name>
         <load_address>0x19426</load_address>
         <run_address>0x19426</run_address>
         <size>0x2c</size>
         <input_file_ref idref="fl-117"/>
      </object_component>
      <object_component id="oc-38">
         <name>.debug_abbrev</name>
         <load_address>0x19452</load_address>
         <run_address>0x19452</run_address>
         <size>0x6f</size>
         <input_file_ref idref="fl-117"/>
      </object_component>
      <object_component id="oc-3b">
         <name>.debug_abbrev</name>
         <load_address>0x194c1</load_address>
         <run_address>0x194c1</run_address>
         <size>0x24</size>
         <input_file_ref idref="fl-117"/>
      </object_component>
      <object_component id="oc-8b">
         <name>.debug_abbrev</name>
         <load_address>0x194e5</load_address>
         <run_address>0x194e5</run_address>
         <size>0x35</size>
         <input_file_ref idref="fl-117"/>
      </object_component>
      <object_component id="oc-95">
         <name>.debug_abbrev</name>
         <load_address>0x1951a</load_address>
         <run_address>0x1951a</run_address>
         <size>0x52</size>
         <input_file_ref idref="fl-118"/>
      </object_component>
      <object_component id="oc-48">
         <name>.debug_abbrev</name>
         <load_address>0x1956c</load_address>
         <run_address>0x1956c</run_address>
         <size>0x74</size>
         <input_file_ref idref="fl-118"/>
      </object_component>
      <object_component id="oc-4b">
         <name>.debug_abbrev</name>
         <load_address>0x195e0</load_address>
         <run_address>0x195e0</run_address>
         <size>0x24</size>
         <input_file_ref idref="fl-118"/>
      </object_component>
      <object_component id="oc-92">
         <name>.debug_abbrev</name>
         <load_address>0x19604</load_address>
         <run_address>0x19604</run_address>
         <size>0x24</size>
         <input_file_ref idref="fl-118"/>
      </object_component>
      <object_component id="oc-9d">
         <name>.debug_abbrev</name>
         <load_address>0x19628</load_address>
         <run_address>0x19628</run_address>
         <size>0x52</size>
         <input_file_ref idref="fl-119"/>
      </object_component>
      <object_component id="oc-54">
         <name>.debug_abbrev</name>
         <load_address>0x1967a</load_address>
         <run_address>0x1967a</run_address>
         <size>0x74</size>
         <input_file_ref idref="fl-119"/>
      </object_component>
      <object_component id="oc-57">
         <name>.debug_abbrev</name>
         <load_address>0x196ee</load_address>
         <run_address>0x196ee</run_address>
         <size>0x24</size>
         <input_file_ref idref="fl-119"/>
      </object_component>
      <object_component id="oc-9a">
         <name>.debug_abbrev</name>
         <load_address>0x19712</load_address>
         <run_address>0x19712</run_address>
         <size>0x24</size>
         <input_file_ref idref="fl-119"/>
      </object_component>
      <object_component id="oc-30b">
         <name>.debug_abbrev</name>
         <load_address>0x19736</load_address>
         <run_address>0x19736</run_address>
         <size>0x9c</size>
         <input_file_ref idref="fl-11a"/>
      </object_component>
      <object_component id="oc-1e8">
         <name>.debug_abbrev</name>
         <load_address>0x197d2</load_address>
         <run_address>0x197d2</run_address>
         <size>0x8c</size>
         <input_file_ref idref="fl-11a"/>
      </object_component>
      <object_component id="oc-30f">
         <name>.debug_abbrev</name>
         <load_address>0x1985e</load_address>
         <run_address>0x1985e</run_address>
         <size>0x24</size>
         <input_file_ref idref="fl-11a"/>
      </object_component>
      <object_component id="oc-680">
         <name>.debug_abbrev</name>
         <load_address>0x19882</load_address>
         <run_address>0x19882</run_address>
         <size>0x24</size>
         <input_file_ref idref="fl-11a"/>
      </object_component>
      <object_component id="oc-314">
         <name>.debug_abbrev</name>
         <load_address>0x198a6</load_address>
         <run_address>0x198a6</run_address>
         <size>0x4b</size>
         <input_file_ref idref="fl-11a"/>
      </object_component>
      <object_component id="oc-11a0">
         <name>.debug_abbrev</name>
         <load_address>0x198f1</load_address>
         <run_address>0x198f1</run_address>
         <size>0x90</size>
         <input_file_ref idref="fl-11b"/>
      </object_component>
      <object_component id="oc-119e">
         <name>.debug_abbrev</name>
         <load_address>0x19981</load_address>
         <run_address>0x19981</run_address>
         <size>0x27</size>
         <input_file_ref idref="fl-11b"/>
      </object_component>
      <object_component id="oc-e71">
         <name>.debug_abbrev</name>
         <load_address>0x199a8</load_address>
         <run_address>0x199a8</run_address>
         <size>0x7f</size>
         <input_file_ref idref="fl-11b"/>
      </object_component>
      <object_component id="oc-e74">
         <name>.debug_abbrev</name>
         <load_address>0x19a27</load_address>
         <run_address>0x19a27</run_address>
         <size>0x24</size>
         <input_file_ref idref="fl-11b"/>
      </object_component>
      <object_component id="oc-11a4">
         <name>.debug_abbrev</name>
         <load_address>0x19a4b</load_address>
         <run_address>0x19a4b</run_address>
         <size>0x49</size>
         <input_file_ref idref="fl-11c"/>
      </object_component>
      <object_component id="oc-e82">
         <name>.debug_abbrev</name>
         <load_address>0x19a94</load_address>
         <run_address>0x19a94</run_address>
         <size>0x7f</size>
         <input_file_ref idref="fl-11c"/>
      </object_component>
      <object_component id="oc-149b">
         <name>.debug_abbrev</name>
         <load_address>0x19b13</load_address>
         <run_address>0x19b13</run_address>
         <size>0x49</size>
         <input_file_ref idref="fl-11d"/>
      </object_component>
      <object_component id="oc-1192">
         <name>.debug_abbrev</name>
         <load_address>0x19b5c</load_address>
         <run_address>0x19b5c</run_address>
         <size>0x71</size>
         <input_file_ref idref="fl-11d"/>
      </object_component>
      <object_component id="oc-119c">
         <name>.debug_abbrev</name>
         <load_address>0x19bcd</load_address>
         <run_address>0x19bcd</run_address>
         <size>0x27</size>
         <input_file_ref idref="fl-11e"/>
      </object_component>
      <object_component id="oc-a4a">
         <name>.debug_abbrev</name>
         <load_address>0x19bf4</load_address>
         <run_address>0x19bf4</run_address>
         <size>0xa8</size>
         <input_file_ref idref="fl-11f"/>
      </object_component>
      <object_component id="oc-a3e">
         <name>.debug_abbrev</name>
         <load_address>0x19c9c</load_address>
         <run_address>0x19c9c</run_address>
         <size>0x29</size>
         <input_file_ref idref="fl-11f"/>
      </object_component>
      <object_component id="oc-53e">
         <name>.debug_abbrev</name>
         <load_address>0x19cc5</load_address>
         <run_address>0x19cc5</run_address>
         <size>0xba</size>
         <input_file_ref idref="fl-11f"/>
      </object_component>
      <object_component id="oc-1118">
         <name>.debug_abbrev</name>
         <load_address>0x19d7f</load_address>
         <run_address>0x19d7f</run_address>
         <size>0x3c</size>
         <input_file_ref idref="fl-120"/>
      </object_component>
      <object_component id="oc-1110">
         <name>.debug_abbrev</name>
         <load_address>0x19dbb</load_address>
         <run_address>0x19dbb</run_address>
         <size>0x3c</size>
         <input_file_ref idref="fl-121"/>
      </object_component>
      <object_component id="oc-1113">
         <name>.debug_abbrev</name>
         <load_address>0x19df7</load_address>
         <run_address>0x19df7</run_address>
         <size>0x3c</size>
         <input_file_ref idref="fl-121"/>
      </object_component>
      <object_component id="oc-1111">
         <name>.debug_abbrev</name>
         <load_address>0x19e33</load_address>
         <run_address>0x19e33</run_address>
         <size>0x3c</size>
         <input_file_ref idref="fl-122"/>
      </object_component>
      <object_component id="oc-e84">
         <name>.debug_abbrev</name>
         <load_address>0x19e6f</load_address>
         <run_address>0x19e6f</run_address>
         <size>0x3e</size>
         <input_file_ref idref="fl-123"/>
      </object_component>
      <object_component id="oc-83f">
         <name>.debug_abbrev</name>
         <load_address>0x19ead</load_address>
         <run_address>0x19ead</run_address>
         <size>0x3c</size>
         <input_file_ref idref="fl-124"/>
      </object_component>
      <object_component id="oc-8f">
         <name>.debug_abbrev</name>
         <load_address>0x19ee9</load_address>
         <run_address>0x19ee9</run_address>
         <size>0x3e</size>
         <input_file_ref idref="fl-125"/>
      </object_component>
      <object_component id="oc-97">
         <name>.debug_abbrev</name>
         <load_address>0x19f27</load_address>
         <run_address>0x19f27</run_address>
         <size>0x4f</size>
         <input_file_ref idref="fl-126"/>
      </object_component>
      <object_component id="oc-149f">
         <name>.debug_abbrev</name>
         <load_address>0x19f76</load_address>
         <run_address>0x19f76</run_address>
         <size>0x61</size>
         <input_file_ref idref="fl-127"/>
      </object_component>
      <object_component id="oc-119a">
         <name>.debug_abbrev</name>
         <load_address>0x19fd7</load_address>
         <run_address>0x19fd7</run_address>
         <size>0x7f</size>
         <input_file_ref idref="fl-127"/>
      </object_component>
      <object_component id="oc-111d">
         <name>.debug_abbrev</name>
         <load_address>0x1a056</load_address>
         <run_address>0x1a056</run_address>
         <size>0x24</size>
         <input_file_ref idref="fl-127"/>
      </object_component>
      <object_component id="oc-d32">
         <name>.debug_abbrev</name>
         <load_address>0x1a07a</load_address>
         <run_address>0x1a07a</run_address>
         <size>0x7c</size>
         <input_file_ref idref="fl-128"/>
      </object_component>
      <object_component id="oc-846">
         <name>.debug_abbrev</name>
         <load_address>0x1a0f6</load_address>
         <run_address>0x1a0f6</run_address>
         <size>0xb4</size>
         <input_file_ref idref="fl-128"/>
      </object_component>
      <object_component id="oc-84a">
         <name>.debug_abbrev</name>
         <load_address>0x1a1aa</load_address>
         <run_address>0x1a1aa</run_address>
         <size>0x24</size>
         <input_file_ref idref="fl-128"/>
      </object_component>
      <object_component id="oc-84f">
         <name>.debug_abbrev</name>
         <load_address>0x1a1ce</load_address>
         <run_address>0x1a1ce</run_address>
         <size>0x3a</size>
         <input_file_ref idref="fl-128"/>
      </object_component>
      <object_component id="oc-c4">
         <name>.debug_abbrev</name>
         <load_address>0x1a208</load_address>
         <run_address>0x1a208</run_address>
         <size>0x27</size>
         <input_file_ref idref="fl-129"/>
      </object_component>
      <object_component id="oc-d44">
         <name>.debug_abbrev</name>
         <load_address>0x1a22f</load_address>
         <run_address>0x1a22f</run_address>
         <size>0x2a</size>
         <input_file_ref idref="fl-12b"/>
      </object_component>
      <object_component id="oc-874">
         <name>.debug_abbrev</name>
         <load_address>0x1a259</load_address>
         <run_address>0x1a259</run_address>
         <size>0x71</size>
         <input_file_ref idref="fl-12b"/>
      </object_component>
      <object_component id="oc-13ee">
         <name>.debug_abbrev</name>
         <load_address>0x1a2ca</load_address>
         <run_address>0x1a2ca</run_address>
         <size>0xca</size>
         <input_file_ref idref="fl-12c"/>
      </object_component>
      <object_component id="oc-13ec">
         <name>.debug_abbrev</name>
         <load_address>0x1a394</load_address>
         <run_address>0x1a394</run_address>
         <size>0x27</size>
         <input_file_ref idref="fl-12c"/>
      </object_component>
      <object_component id="oc-1090">
         <name>.debug_abbrev</name>
         <load_address>0x1a3bb</load_address>
         <run_address>0x1a3bb</run_address>
         <size>0xf2</size>
         <input_file_ref idref="fl-12c"/>
      </object_component>
      <object_component id="oc-1099">
         <name>.debug_abbrev</name>
         <load_address>0x1a4ad</load_address>
         <run_address>0x1a4ad</run_address>
         <size>0x35</size>
         <input_file_ref idref="fl-12c"/>
      </object_component>
      <object_component id="oc-1094">
         <name>.debug_abbrev</name>
         <load_address>0x1a4e2</load_address>
         <run_address>0x1a4e2</run_address>
         <size>0x24</size>
         <input_file_ref idref="fl-12c"/>
      </object_component>
      <object_component id="oc-1688">
         <name>.debug_abbrev</name>
         <load_address>0x1a506</load_address>
         <run_address>0x1a506</run_address>
         <size>0x47</size>
         <input_file_ref idref="fl-12d"/>
      </object_component>
      <object_component id="oc-1686">
         <name>.debug_abbrev</name>
         <load_address>0x1a54d</load_address>
         <run_address>0x1a54d</run_address>
         <size>0x29</size>
         <input_file_ref idref="fl-12d"/>
      </object_component>
      <object_component id="oc-13e8">
         <name>.debug_abbrev</name>
         <load_address>0x1a576</load_address>
         <run_address>0x1a576</run_address>
         <size>0x6f</size>
         <input_file_ref idref="fl-12d"/>
      </object_component>
      <object_component id="oc-17f7">
         <name>.debug_abbrev</name>
         <load_address>0x1a5e5</load_address>
         <run_address>0x1a5e5</run_address>
         <size>0x4a</size>
         <input_file_ref idref="fl-12e"/>
      </object_component>
      <object_component id="oc-110f">
         <name>.debug_abbrev</name>
         <load_address>0x1a62f</load_address>
         <run_address>0x1a62f</run_address>
         <size>0x71</size>
         <input_file_ref idref="fl-12f"/>
      </object_component>
      <object_component id="oc-1131">
         <name>.debug_abbrev</name>
         <load_address>0x1a6a0</load_address>
         <run_address>0x1a6a0</run_address>
         <size>0xce</size>
         <input_file_ref idref="fl-130"/>
      </object_component>
      <object_component id="oc-d26">
         <name>.debug_abbrev</name>
         <load_address>0x1a76e</load_address>
         <run_address>0x1a76e</run_address>
         <size>0x11a</size>
         <input_file_ref idref="fl-130"/>
      </object_component>
      <object_component id="oc-d2a">
         <name>.debug_abbrev</name>
         <load_address>0x1a888</load_address>
         <run_address>0x1a888</run_address>
         <size>0x49</size>
         <input_file_ref idref="fl-130"/>
      </object_component>
      <object_component id="oc-1135">
         <name>.debug_abbrev</name>
         <load_address>0x1a8d1</load_address>
         <run_address>0x1a8d1</run_address>
         <size>0x24</size>
         <input_file_ref idref="fl-130"/>
      </object_component>
      <object_component id="oc-d2f">
         <name>.debug_abbrev</name>
         <load_address>0x1a8f5</load_address>
         <run_address>0x1a8f5</run_address>
         <size>0x24</size>
         <input_file_ref idref="fl-130"/>
      </object_component>
      <object_component id="oc-1469">
         <name>.debug_abbrev</name>
         <load_address>0x1a919</load_address>
         <run_address>0x1a919</run_address>
         <size>0x4d</size>
         <input_file_ref idref="fl-131"/>
      </object_component>
      <object_component id="oc-112d">
         <name>.debug_abbrev</name>
         <load_address>0x1a966</load_address>
         <run_address>0x1a966</run_address>
         <size>0x71</size>
         <input_file_ref idref="fl-131"/>
      </object_component>
      <object_component id="oc-16b4">
         <name>.debug_abbrev</name>
         <load_address>0x1a9d7</load_address>
         <run_address>0x1a9d7</run_address>
         <size>0x2e</size>
         <input_file_ref idref="fl-132"/>
      </object_component>
      <object_component id="oc-1466">
         <name>.debug_abbrev</name>
         <load_address>0x1aa05</load_address>
         <run_address>0x1aa05</run_address>
         <size>0x29</size>
         <input_file_ref idref="fl-132"/>
      </object_component>
      <object_component id="oc-1112">
         <name>.debug_abbrev</name>
         <load_address>0x1aa2e</load_address>
         <run_address>0x1aa2e</run_address>
         <size>0x3c</size>
         <input_file_ref idref="fl-133"/>
      </object_component>
      <object_component id="oc-1114">
         <name>.debug_abbrev</name>
         <load_address>0x1aa6a</load_address>
         <run_address>0x1aa6a</run_address>
         <size>0x3c</size>
         <input_file_ref idref="fl-134"/>
      </object_component>
      <object_component id="oc-1895">
         <name>.debug_abbrev</name>
         <load_address>0x1aaa6</load_address>
         <run_address>0x1aaa6</run_address>
         <size>0x63</size>
         <input_file_ref idref="fl-135"/>
      </object_component>
      <object_component id="oc-1117">
         <name>.debug_abbrev</name>
         <load_address>0x1ab09</load_address>
         <run_address>0x1ab09</run_address>
         <size>0x3e</size>
         <input_file_ref idref="fl-136"/>
      </object_component>
      <object_component id="oc-145d">
         <name>.debug_abbrev</name>
         <load_address>0x1ab47</load_address>
         <run_address>0x1ab47</run_address>
         <size>0x7f</size>
         <input_file_ref idref="fl-137"/>
      </object_component>
      <object_component id="oc-1115">
         <name>.debug_abbrev</name>
         <load_address>0x1abc6</load_address>
         <run_address>0x1abc6</run_address>
         <size>0x7f</size>
         <input_file_ref idref="fl-137"/>
      </object_component>
      <object_component id="oc-146b">
         <name>.debug_abbrev</name>
         <load_address>0x1ac45</load_address>
         <run_address>0x1ac45</run_address>
         <size>0x2c</size>
         <input_file_ref idref="fl-138"/>
      </object_component>
      <object_component id="oc-112f">
         <name>.debug_abbrev</name>
         <load_address>0x1ac71</load_address>
         <run_address>0x1ac71</run_address>
         <size>0x71</size>
         <input_file_ref idref="fl-138"/>
      </object_component>
      <object_component id="oc-16d1">
         <name>.debug_abbrev</name>
         <load_address>0x1ace2</load_address>
         <run_address>0x1ace2</run_address>
         <size>0x33</size>
         <input_file_ref idref="fl-139"/>
      </object_component>
      <object_component id="oc-149d">
         <name>.debug_abbrev</name>
         <load_address>0x1ad15</load_address>
         <run_address>0x1ad15</run_address>
         <size>0x71</size>
         <input_file_ref idref="fl-139"/>
      </object_component>
      <object_component id="oc-145f">
         <name>.debug_abbrev</name>
         <load_address>0x1ad86</load_address>
         <run_address>0x1ad86</run_address>
         <size>0x43</size>
         <input_file_ref idref="fl-13a"/>
      </object_component>
      <object_component id="oc-1119">
         <name>.debug_abbrev</name>
         <load_address>0x1adc9</load_address>
         <run_address>0x1adc9</run_address>
         <size>0x7f</size>
         <input_file_ref idref="fl-13a"/>
      </object_component>
      <object_component id="oc-1462">
         <name>.debug_abbrev</name>
         <load_address>0x1ae48</load_address>
         <run_address>0x1ae48</run_address>
         <size>0x61</size>
         <input_file_ref idref="fl-13b"/>
      </object_component>
      <object_component id="oc-1126">
         <name>.debug_abbrev</name>
         <load_address>0x1aea9</load_address>
         <run_address>0x1aea9</run_address>
         <size>0x7f</size>
         <input_file_ref idref="fl-13b"/>
      </object_component>
      <object_component id="oc-1464">
         <name>.debug_abbrev</name>
         <load_address>0x1af28</load_address>
         <run_address>0x1af28</run_address>
         <size>0x33</size>
         <input_file_ref idref="fl-13c"/>
      </object_component>
      <object_component id="oc-1128">
         <name>.debug_abbrev</name>
         <load_address>0x1af5b</load_address>
         <run_address>0x1af5b</run_address>
         <size>0x71</size>
         <input_file_ref idref="fl-13c"/>
      </object_component>
      <object_component id="oc-168a">
         <name>.debug_abbrev</name>
         <load_address>0x1afcc</load_address>
         <run_address>0x1afcc</run_address>
         <size>0x33</size>
         <input_file_ref idref="fl-13d"/>
      </object_component>
      <object_component id="oc-13ea">
         <name>.debug_abbrev</name>
         <load_address>0x1afff</load_address>
         <run_address>0x1afff</run_address>
         <size>0x71</size>
         <input_file_ref idref="fl-13d"/>
      </object_component>
      <object_component id="oc-1461">
         <name>.debug_abbrev</name>
         <load_address>0x1b070</load_address>
         <run_address>0x1b070</run_address>
         <size>0x63</size>
         <input_file_ref idref="fl-13e"/>
      </object_component>
      <object_component id="oc-1960">
         <name>.debug_abbrev</name>
         <load_address>0x1b0d3</load_address>
         <run_address>0x1b0d3</run_address>
         <size>0xf</size>
      </object_component>
      <object_component id="oc-581">
         <name>.debug_str</name>
         <load_address>0x0</load_address>
         <run_address>0x0</run_address>
         <size>0x162</size>
         <input_file_ref idref="fl-2"/>
      </object_component>
      <object_component id="oc-58b">
         <name>.debug_str</name>
         <load_address>0x162</load_address>
         <run_address>0x162</run_address>
         <size>0x31c</size>
         <input_file_ref idref="fl-2"/>
      </object_component>
      <object_component id="oc-5d1">
         <name>.debug_str</name>
         <load_address>0x47e</load_address>
         <run_address>0x47e</run_address>
         <size>0x3b3</size>
         <input_file_ref idref="fl-2"/>
      </object_component>
      <object_component id="oc-595">
         <name>.debug_str</name>
         <load_address>0x831</load_address>
         <run_address>0x831</run_address>
         <size>0x471</size>
         <input_file_ref idref="fl-2"/>
      </object_component>
      <object_component id="oc-590">
         <name>.debug_str</name>
         <load_address>0xca2</load_address>
         <run_address>0xca2</run_address>
         <size>0x15bd</size>
         <input_file_ref idref="fl-2"/>
      </object_component>
      <object_component id="oc-1307">
         <name>.debug_str</name>
         <load_address>0x225f</load_address>
         <run_address>0x225f</run_address>
         <size>0x14c</size>
         <input_file_ref idref="fl-2"/>
      </object_component>
      <object_component id="oc-efe">
         <name>.debug_str</name>
         <load_address>0x23ab</load_address>
         <run_address>0x23ab</run_address>
         <size>0x298</size>
         <input_file_ref idref="fl-2"/>
      </object_component>
      <object_component id="oc-570">
         <name>.debug_str</name>
         <load_address>0x2643</load_address>
         <run_address>0x2643</run_address>
         <size>0x2111</size>
         <input_file_ref idref="fl-2"/>
      </object_component>
      <object_component id="oc-e3">
         <name>.debug_str</name>
         <load_address>0x4754</load_address>
         <run_address>0x4754</run_address>
         <size>0x286</size>
         <input_file_ref idref="fl-2"/>
      </object_component>
      <object_component id="oc-a5c">
         <name>.debug_str</name>
         <load_address>0x49da</load_address>
         <run_address>0x49da</run_address>
         <size>0x15e</size>
         <input_file_ref idref="fl-2"/>
      </object_component>
      <object_component id="oc-59a">
         <name>.debug_str</name>
         <load_address>0x4b38</load_address>
         <run_address>0x4b38</run_address>
         <size>0x14e</size>
         <input_file_ref idref="fl-2"/>
      </object_component>
      <object_component id="oc-59f">
         <name>.debug_str</name>
         <load_address>0x4c86</load_address>
         <run_address>0x4c86</run_address>
         <size>0x145</size>
         <input_file_ref idref="fl-2"/>
      </object_component>
      <object_component id="oc-5a4">
         <name>.debug_str</name>
         <load_address>0x4dcb</load_address>
         <run_address>0x4dcb</run_address>
         <size>0x26a</size>
         <input_file_ref idref="fl-2"/>
      </object_component>
      <object_component id="oc-3cb">
         <name>.debug_str</name>
         <load_address>0x5035</load_address>
         <run_address>0x5035</run_address>
         <size>0x2a5</size>
         <input_file_ref idref="fl-2"/>
      </object_component>
      <object_component id="oc-5a9">
         <name>.debug_str</name>
         <load_address>0x52da</load_address>
         <run_address>0x52da</run_address>
         <size>0x119</size>
         <input_file_ref idref="fl-2"/>
      </object_component>
      <object_component id="oc-5ae">
         <name>.debug_str</name>
         <load_address>0x53f3</load_address>
         <run_address>0x53f3</run_address>
         <size>0x205</size>
         <input_file_ref idref="fl-2"/>
      </object_component>
      <object_component id="oc-5b3">
         <name>.debug_str</name>
         <load_address>0x55f8</load_address>
         <run_address>0x55f8</run_address>
         <size>0x2cf</size>
         <input_file_ref idref="fl-2"/>
      </object_component>
      <object_component id="oc-5b8">
         <name>.debug_str</name>
         <load_address>0x58c7</load_address>
         <run_address>0x58c7</run_address>
         <size>0x26a</size>
         <input_file_ref idref="fl-2"/>
      </object_component>
      <object_component id="oc-a57">
         <name>.debug_str</name>
         <load_address>0x5b31</load_address>
         <run_address>0x5b31</run_address>
         <size>0x154</size>
         <input_file_ref idref="fl-2"/>
      </object_component>
      <object_component id="oc-5bd">
         <name>.debug_str</name>
         <load_address>0x5c85</load_address>
         <run_address>0x5c85</run_address>
         <size>0x139</size>
         <input_file_ref idref="fl-2"/>
      </object_component>
      <object_component id="oc-5c2">
         <name>.debug_str</name>
         <load_address>0x5dbe</load_address>
         <run_address>0x5dbe</run_address>
         <size>0x24f</size>
         <input_file_ref idref="fl-2"/>
      </object_component>
      <object_component id="oc-5c7">
         <name>.debug_str</name>
         <load_address>0x600d</load_address>
         <run_address>0x600d</run_address>
         <size>0x1ac</size>
         <input_file_ref idref="fl-2"/>
      </object_component>
      <object_component id="oc-5cc">
         <name>.debug_str</name>
         <load_address>0x61b9</load_address>
         <run_address>0x61b9</run_address>
         <size>0x252</size>
         <input_file_ref idref="fl-2"/>
      </object_component>
      <object_component id="oc-548">
         <name>.debug_str</name>
         <load_address>0x640b</load_address>
         <run_address>0x640b</run_address>
         <size>0x3aa</size>
         <input_file_ref idref="fl-2"/>
      </object_component>
      <object_component id="oc-a52">
         <name>.debug_str</name>
         <load_address>0x67b5</load_address>
         <run_address>0x67b5</run_address>
         <size>0x1b4</size>
         <input_file_ref idref="fl-2"/>
      </object_component>
      <object_component id="oc-3d0">
         <name>.debug_str</name>
         <load_address>0x6969</load_address>
         <run_address>0x6969</run_address>
         <size>0x463</size>
         <input_file_ref idref="fl-2"/>
      </object_component>
      <object_component id="oc-5d6">
         <name>.debug_str</name>
         <load_address>0x6dcc</load_address>
         <run_address>0x6dcc</run_address>
         <size>0x1a1</size>
         <input_file_ref idref="fl-2"/>
      </object_component>
      <object_component id="oc-5db">
         <name>.debug_str</name>
         <load_address>0x6f6d</load_address>
         <run_address>0x6f6d</run_address>
         <size>0x17b</size>
         <input_file_ref idref="fl-2"/>
      </object_component>
      <object_component id="oc-5e0">
         <name>.debug_str</name>
         <load_address>0x70e8</load_address>
         <run_address>0x70e8</run_address>
         <size>0x304</size>
         <input_file_ref idref="fl-2"/>
      </object_component>
      <object_component id="oc-55c">
         <name>.debug_str</name>
         <load_address>0x73ec</load_address>
         <run_address>0x73ec</run_address>
         <size>0x183</size>
         <input_file_ref idref="fl-2"/>
      </object_component>
      <object_component id="oc-54d">
         <name>.debug_str</name>
         <load_address>0x756f</load_address>
         <run_address>0x756f</run_address>
         <size>0x1c2</size>
         <input_file_ref idref="fl-2"/>
      </object_component>
      <object_component id="oc-5e5">
         <name>.debug_str</name>
         <load_address>0x7731</load_address>
         <run_address>0x7731</run_address>
         <size>0x132</size>
         <input_file_ref idref="fl-2"/>
      </object_component>
      <object_component id="oc-25a">
         <name>.debug_str</name>
         <load_address>0x7863</load_address>
         <run_address>0x7863</run_address>
         <size>0xfa</size>
         <input_file_ref idref="fl-2"/>
      </object_component>
      <object_component id="oc-3ee">
         <name>.debug_str</name>
         <load_address>0x795d</load_address>
         <run_address>0x795d</run_address>
         <size>0x7fc</size>
         <input_file_ref idref="fl-2"/>
      </object_component>
      <object_component id="oc-2fd">
         <name>.debug_str</name>
         <load_address>0x8159</load_address>
         <run_address>0x8159</run_address>
         <size>0x546</size>
         <input_file_ref idref="fl-2"/>
      </object_component>
      <object_component id="oc-19c">
         <name>.debug_str</name>
         <load_address>0x869f</load_address>
         <run_address>0x869f</run_address>
         <size>0x3cc</size>
         <input_file_ref idref="fl-2"/>
      </object_component>
      <object_component id="oc-1ab">
         <name>.debug_str</name>
         <load_address>0x8a6b</load_address>
         <run_address>0x8a6b</run_address>
         <size>0x499</size>
         <input_file_ref idref="fl-2"/>
      </object_component>
      <object_component id="oc-575">
         <name>.debug_str</name>
         <load_address>0x8f04</load_address>
         <run_address>0x8f04</run_address>
         <size>0x616</size>
         <input_file_ref idref="fl-2"/>
      </object_component>
      <object_component id="oc-1ba">
         <name>.debug_str</name>
         <load_address>0x951a</load_address>
         <run_address>0x951a</run_address>
         <size>0x56d</size>
         <input_file_ref idref="fl-2"/>
      </object_component>
      <object_component id="oc-2e4">
         <name>.debug_str</name>
         <load_address>0x9a87</load_address>
         <run_address>0x9a87</run_address>
         <size>0x59b</size>
         <input_file_ref idref="fl-2"/>
      </object_component>
      <object_component id="oc-1bf">
         <name>.debug_str</name>
         <load_address>0xa022</load_address>
         <run_address>0xa022</run_address>
         <size>0x380</size>
         <input_file_ref idref="fl-2"/>
      </object_component>
      <object_component id="oc-2e9">
         <name>.debug_str</name>
         <load_address>0xa3a2</load_address>
         <run_address>0xa3a2</run_address>
         <size>0x53a</size>
         <input_file_ref idref="fl-2"/>
      </object_component>
      <object_component id="oc-57a">
         <name>.debug_str</name>
         <load_address>0xa8dc</load_address>
         <run_address>0xa8dc</run_address>
         <size>0x42a</size>
         <input_file_ref idref="fl-2"/>
      </object_component>
      <object_component id="oc-3e9">
         <name>.debug_str</name>
         <load_address>0xad06</load_address>
         <run_address>0xad06</run_address>
         <size>0x6da</size>
         <input_file_ref idref="fl-2"/>
      </object_component>
      <object_component id="oc-129">
         <name>.debug_str</name>
         <load_address>0xb3e0</load_address>
         <run_address>0xb3e0</run_address>
         <size>0x7ad</size>
         <input_file_ref idref="fl-2"/>
      </object_component>
      <object_component id="oc-e8">
         <name>.debug_str</name>
         <load_address>0xbb8d</load_address>
         <run_address>0xbb8d</run_address>
         <size>0x7a2</size>
         <input_file_ref idref="fl-2"/>
      </object_component>
      <object_component id="oc-2d5">
         <name>.debug_str</name>
         <load_address>0xc32f</load_address>
         <run_address>0xc32f</run_address>
         <size>0x1c8</size>
         <input_file_ref idref="fl-2"/>
      </object_component>
      <object_component id="oc-5ea">
         <name>.debug_str</name>
         <load_address>0xc4f7</load_address>
         <run_address>0xc4f7</run_address>
         <size>0x10b</size>
         <input_file_ref idref="fl-2"/>
      </object_component>
      <object_component id="oc-2d0">
         <name>.debug_str</name>
         <load_address>0xc602</load_address>
         <run_address>0xc602</run_address>
         <size>0x1c7</size>
         <input_file_ref idref="fl-2"/>
      </object_component>
      <object_component id="oc-2a3">
         <name>.debug_str</name>
         <load_address>0xc7c9</load_address>
         <run_address>0xc7c9</run_address>
         <size>0x212</size>
         <input_file_ref idref="fl-2"/>
      </object_component>
      <object_component id="oc-f2">
         <name>.debug_str</name>
         <load_address>0xc9db</load_address>
         <run_address>0xc9db</run_address>
         <size>0x16d</size>
         <input_file_ref idref="fl-2"/>
      </object_component>
      <object_component id="oc-586">
         <name>.debug_str</name>
         <load_address>0xcb48</load_address>
         <run_address>0xcb48</run_address>
         <size>0x119</size>
         <input_file_ref idref="fl-2"/>
      </object_component>
      <object_component id="oc-d9">
         <name>.debug_str</name>
         <load_address>0xcc61</load_address>
         <run_address>0xcc61</run_address>
         <size>0xe7</size>
         <input_file_ref idref="fl-2"/>
      </object_component>
      <object_component id="oc-12e">
         <name>.debug_str</name>
         <load_address>0xcd48</load_address>
         <run_address>0xcd48</run_address>
         <size>0xe9</size>
         <input_file_ref idref="fl-2"/>
      </object_component>
      <object_component id="oc-138">
         <name>.debug_str</name>
         <load_address>0xce31</load_address>
         <run_address>0xce31</run_address>
         <size>0xe7</size>
         <input_file_ref idref="fl-2"/>
      </object_component>
      <object_component id="oc-2b2">
         <name>.debug_str</name>
         <load_address>0xcf18</load_address>
         <run_address>0xcf18</run_address>
         <size>0xe6</size>
         <input_file_ref idref="fl-2"/>
      </object_component>
      <object_component id="oc-147">
         <name>.debug_str</name>
         <load_address>0xcffe</load_address>
         <run_address>0xcffe</run_address>
         <size>0xe5</size>
         <input_file_ref idref="fl-2"/>
      </object_component>
      <object_component id="oc-1398">
         <name>.debug_str</name>
         <load_address>0xd0e3</load_address>
         <run_address>0xd0e3</run_address>
         <size>0x18d</size>
         <input_file_ref idref="fl-2"/>
      </object_component>
      <object_component id="oc-3da">
         <name>.debug_str</name>
         <load_address>0xd270</load_address>
         <run_address>0xd270</run_address>
         <size>0x1b4</size>
         <input_file_ref idref="fl-2"/>
      </object_component>
      <object_component id="oc-561">
         <name>.debug_str</name>
         <load_address>0xd424</load_address>
         <run_address>0xd424</run_address>
         <size>0x614</size>
         <input_file_ref idref="fl-2"/>
      </object_component>
      <object_component id="oc-56b">
         <name>.debug_str</name>
         <load_address>0xda38</load_address>
         <run_address>0xda38</run_address>
         <size>0x5a3</size>
         <input_file_ref idref="fl-2"/>
      </object_component>
      <object_component id="oc-29e">
         <name>.debug_str</name>
         <load_address>0xdfdb</load_address>
         <run_address>0xdfdb</run_address>
         <size>0x1492</size>
         <input_file_ref idref="fl-2"/>
      </object_component>
      <object_component id="oc-2df">
         <name>.debug_str</name>
         <load_address>0xf46d</load_address>
         <run_address>0xf46d</run_address>
         <size>0x128</size>
         <input_file_ref idref="fl-2"/>
      </object_component>
      <object_component id="oc-2cb">
         <name>.debug_str</name>
         <load_address>0xf595</load_address>
         <run_address>0xf595</run_address>
         <size>0xfb</size>
         <input_file_ref idref="fl-2"/>
      </object_component>
      <object_component id="oc-3c6">
         <name>.debug_str</name>
         <load_address>0xf690</load_address>
         <run_address>0xf690</run_address>
         <size>0x9dc</size>
         <input_file_ref idref="fl-3"/>
      </object_component>
      <object_component id="oc-524">
         <name>.debug_str</name>
         <load_address>0x1006c</load_address>
         <run_address>0x1006c</run_address>
         <size>0x891</size>
         <input_file_ref idref="fl-3"/>
      </object_component>
      <object_component id="oc-3fd">
         <name>.debug_str</name>
         <load_address>0x108fd</load_address>
         <run_address>0x108fd</run_address>
         <size>0x1434</size>
         <input_file_ref idref="fl-3"/>
      </object_component>
      <object_component id="oc-818">
         <name>.debug_str</name>
         <load_address>0x11d31</load_address>
         <run_address>0x11d31</run_address>
         <size>0x5cd</size>
         <input_file_ref idref="fl-3"/>
      </object_component>
      <object_component id="oc-510">
         <name>.debug_str</name>
         <load_address>0x122fe</load_address>
         <run_address>0x122fe</run_address>
         <size>0x782</size>
         <input_file_ref idref="fl-3"/>
      </object_component>
      <object_component id="oc-2bc">
         <name>.debug_str</name>
         <load_address>0x12a80</load_address>
         <run_address>0x12a80</run_address>
         <size>0x76c</size>
         <input_file_ref idref="fl-3"/>
      </object_component>
      <object_component id="oc-515">
         <name>.debug_str</name>
         <load_address>0x131ec</load_address>
         <run_address>0x131ec</run_address>
         <size>0x66e</size>
         <input_file_ref idref="fl-3"/>
      </object_component>
      <object_component id="oc-51a">
         <name>.debug_str</name>
         <load_address>0x1385a</load_address>
         <run_address>0x1385a</run_address>
         <size>0x473</size>
         <input_file_ref idref="fl-3"/>
      </object_component>
      <object_component id="oc-51f">
         <name>.debug_str</name>
         <load_address>0x13ccd</load_address>
         <run_address>0x13ccd</run_address>
         <size>0x88d</size>
         <input_file_ref idref="fl-3"/>
      </object_component>
      <object_component id="oc-2c6">
         <name>.debug_str</name>
         <load_address>0x1455a</load_address>
         <run_address>0x1455a</run_address>
         <size>0x5fa</size>
         <input_file_ref idref="fl-3"/>
      </object_component>
      <object_component id="oc-822">
         <name>.debug_str</name>
         <load_address>0x14b54</load_address>
         <run_address>0x14b54</run_address>
         <size>0x600</size>
         <input_file_ref idref="fl-3"/>
      </object_component>
      <object_component id="oc-1b5">
         <name>.debug_str</name>
         <load_address>0x15154</load_address>
         <run_address>0x15154</run_address>
         <size>0x380</size>
         <input_file_ref idref="fl-3"/>
      </object_component>
      <object_component id="oc-2f3">
         <name>.debug_str</name>
         <load_address>0x154d4</load_address>
         <run_address>0x154d4</run_address>
         <size>0x5c7</size>
         <input_file_ref idref="fl-3"/>
      </object_component>
      <object_component id="oc-3e4">
         <name>.debug_str</name>
         <load_address>0x15a9b</load_address>
         <run_address>0x15a9b</run_address>
         <size>0x5be</size>
         <input_file_ref idref="fl-3"/>
      </object_component>
      <object_component id="oc-2ee">
         <name>.debug_str</name>
         <load_address>0x16059</load_address>
         <run_address>0x16059</run_address>
         <size>0x4ff</size>
         <input_file_ref idref="fl-3"/>
      </object_component>
      <object_component id="oc-f7">
         <name>.debug_str</name>
         <load_address>0x16558</load_address>
         <run_address>0x16558</run_address>
         <size>0x325</size>
         <input_file_ref idref="fl-3"/>
      </object_component>
      <object_component id="oc-fc">
         <name>.debug_str</name>
         <load_address>0x1687d</load_address>
         <run_address>0x1687d</run_address>
         <size>0x808</size>
         <input_file_ref idref="fl-3"/>
      </object_component>
      <object_component id="oc-2da">
         <name>.debug_str</name>
         <load_address>0x17085</load_address>
         <run_address>0x17085</run_address>
         <size>0x1e3</size>
         <input_file_ref idref="fl-3"/>
      </object_component>
      <object_component id="oc-3d5">
         <name>.debug_str</name>
         <load_address>0x17268</load_address>
         <run_address>0x17268</run_address>
         <size>0x32f</size>
         <input_file_ref idref="fl-3"/>
      </object_component>
      <object_component id="oc-3df">
         <name>.debug_str</name>
         <load_address>0x17597</load_address>
         <run_address>0x17597</run_address>
         <size>0xad3</size>
         <input_file_ref idref="fl-3"/>
      </object_component>
      <object_component id="oc-3f3">
         <name>.debug_str</name>
         <load_address>0x1806a</load_address>
         <run_address>0x1806a</run_address>
         <size>0x5a3</size>
         <input_file_ref idref="fl-3"/>
      </object_component>
      <object_component id="oc-25f">
         <name>.debug_str</name>
         <load_address>0x1860d</load_address>
         <run_address>0x1860d</run_address>
         <size>0x9cd</size>
         <input_file_ref idref="fl-3"/>
      </object_component>
      <object_component id="oc-3f8">
         <name>.debug_str</name>
         <load_address>0x18fda</load_address>
         <run_address>0x18fda</run_address>
         <size>0x66d</size>
         <input_file_ref idref="fl-3"/>
      </object_component>
      <object_component id="oc-81d">
         <name>.debug_str</name>
         <load_address>0x19647</load_address>
         <run_address>0x19647</run_address>
         <size>0x11b</size>
         <input_file_ref idref="fl-3"/>
      </object_component>
      <object_component id="oc-2a8">
         <name>.debug_str</name>
         <load_address>0x19762</load_address>
         <run_address>0x19762</run_address>
         <size>0x1492</size>
         <input_file_ref idref="fl-3"/>
      </object_component>
      <object_component id="oc-42">
         <name>.debug_str</name>
         <load_address>0x1abf4</load_address>
         <run_address>0x1abf4</run_address>
         <size>0xfa</size>
         <input_file_ref idref="fl-4"/>
      </object_component>
      <object_component id="oc-d95">
         <name>.debug_str</name>
         <load_address>0x1acee</load_address>
         <run_address>0x1acee</run_address>
         <size>0x15bc</size>
         <input_file_ref idref="fl-5"/>
      </object_component>
      <object_component id="oc-d9a">
         <name>.debug_str</name>
         <load_address>0x1c2aa</load_address>
         <run_address>0x1c2aa</run_address>
         <size>0x9cd</size>
         <input_file_ref idref="fl-5"/>
      </object_component>
      <object_component id="oc-d9e">
         <name>.debug_str</name>
         <load_address>0x1cc77</load_address>
         <run_address>0x1cc77</run_address>
         <size>0xbb</size>
         <input_file_ref idref="fl-5"/>
      </object_component>
      <object_component id="oc-14c">
         <name>.debug_str</name>
         <load_address>0x1cd32</load_address>
         <run_address>0x1cd32</run_address>
         <size>0x221b</size>
         <input_file_ref idref="fl-c"/>
      </object_component>
      <object_component id="oc-151">
         <name>.debug_str</name>
         <load_address>0x1ef4d</load_address>
         <run_address>0x1ef4d</run_address>
         <size>0x51a</size>
         <input_file_ref idref="fl-c"/>
      </object_component>
      <object_component id="oc-11f">
         <name>.debug_str</name>
         <load_address>0x1f467</load_address>
         <run_address>0x1f467</run_address>
         <size>0x93b</size>
         <input_file_ref idref="fl-c"/>
      </object_component>
      <object_component id="oc-124">
         <name>.debug_str</name>
         <load_address>0x1fda2</load_address>
         <run_address>0x1fda2</run_address>
         <size>0x1524</size>
         <input_file_ref idref="fl-c"/>
      </object_component>
      <object_component id="oc-156">
         <name>.debug_str</name>
         <load_address>0x212c6</load_address>
         <run_address>0x212c6</run_address>
         <size>0x6f7</size>
         <input_file_ref idref="fl-c"/>
      </object_component>
      <object_component id="oc-15b">
         <name>.debug_str</name>
         <load_address>0x219bd</load_address>
         <run_address>0x219bd</run_address>
         <size>0x1170</size>
         <input_file_ref idref="fl-c"/>
      </object_component>
      <object_component id="oc-de">
         <name>.debug_str</name>
         <load_address>0x22b2d</load_address>
         <run_address>0x22b2d</run_address>
         <size>0x877</size>
         <input_file_ref idref="fl-c"/>
      </object_component>
      <object_component id="oc-160">
         <name>.debug_str</name>
         <load_address>0x233a4</load_address>
         <run_address>0x233a4</run_address>
         <size>0x5e0</size>
         <input_file_ref idref="fl-c"/>
      </object_component>
      <object_component id="oc-165">
         <name>.debug_str</name>
         <load_address>0x23984</load_address>
         <run_address>0x23984</run_address>
         <size>0x658</size>
         <input_file_ref idref="fl-c"/>
      </object_component>
      <object_component id="oc-16a">
         <name>.debug_str</name>
         <load_address>0x23fdc</load_address>
         <run_address>0x23fdc</run_address>
         <size>0x6ff</size>
         <input_file_ref idref="fl-c"/>
      </object_component>
      <object_component id="oc-16f">
         <name>.debug_str</name>
         <load_address>0x246db</load_address>
         <run_address>0x246db</run_address>
         <size>0xf8b</size>
         <input_file_ref idref="fl-c"/>
      </object_component>
      <object_component id="oc-174">
         <name>.debug_str</name>
         <load_address>0x25666</load_address>
         <run_address>0x25666</run_address>
         <size>0x615</size>
         <input_file_ref idref="fl-c"/>
      </object_component>
      <object_component id="oc-179">
         <name>.debug_str</name>
         <load_address>0x25c7b</load_address>
         <run_address>0x25c7b</run_address>
         <size>0x510</size>
         <input_file_ref idref="fl-c"/>
      </object_component>
      <object_component id="oc-17e">
         <name>.debug_str</name>
         <load_address>0x2618b</load_address>
         <run_address>0x2618b</run_address>
         <size>0x620</size>
         <input_file_ref idref="fl-c"/>
      </object_component>
      <object_component id="oc-183">
         <name>.debug_str</name>
         <load_address>0x267ab</load_address>
         <run_address>0x267ab</run_address>
         <size>0x582</size>
         <input_file_ref idref="fl-c"/>
      </object_component>
      <object_component id="oc-2f8">
         <name>.debug_str</name>
         <load_address>0x26d2d</load_address>
         <run_address>0x26d2d</run_address>
         <size>0x7fd</size>
         <input_file_ref idref="fl-c"/>
      </object_component>
      <object_component id="oc-10b">
         <name>.debug_str</name>
         <load_address>0x2752a</load_address>
         <run_address>0x2752a</run_address>
         <size>0x71e</size>
         <input_file_ref idref="fl-c"/>
      </object_component>
      <object_component id="oc-2ad">
         <name>.debug_str</name>
         <load_address>0x27c48</load_address>
         <run_address>0x27c48</run_address>
         <size>0x66e</size>
         <input_file_ref idref="fl-c"/>
      </object_component>
      <object_component id="oc-188">
         <name>.debug_str</name>
         <load_address>0x282b6</load_address>
         <run_address>0x282b6</run_address>
         <size>0x787</size>
         <input_file_ref idref="fl-c"/>
      </object_component>
      <object_component id="oc-115">
         <name>.debug_str</name>
         <load_address>0x28a3d</load_address>
         <run_address>0x28a3d</run_address>
         <size>0x859</size>
         <input_file_ref idref="fl-c"/>
      </object_component>
      <object_component id="oc-2b7">
         <name>.debug_str</name>
         <load_address>0x29296</load_address>
         <run_address>0x29296</run_address>
         <size>0x6a9</size>
         <input_file_ref idref="fl-c"/>
      </object_component>
      <object_component id="oc-18d">
         <name>.debug_str</name>
         <load_address>0x2993f</load_address>
         <run_address>0x2993f</run_address>
         <size>0x48c</size>
         <input_file_ref idref="fl-c"/>
      </object_component>
      <object_component id="oc-2c1">
         <name>.debug_str</name>
         <load_address>0x29dcb</load_address>
         <run_address>0x29dcb</run_address>
         <size>0x598</size>
         <input_file_ref idref="fl-c"/>
      </object_component>
      <object_component id="oc-192">
         <name>.debug_str</name>
         <load_address>0x2a363</load_address>
         <run_address>0x2a363</run_address>
         <size>0x49e</size>
         <input_file_ref idref="fl-c"/>
      </object_component>
      <object_component id="oc-197">
         <name>.debug_str</name>
         <load_address>0x2a801</load_address>
         <run_address>0x2a801</run_address>
         <size>0x8bf</size>
         <input_file_ref idref="fl-c"/>
      </object_component>
      <object_component id="oc-1a1">
         <name>.debug_str</name>
         <load_address>0x2b0c0</load_address>
         <run_address>0x2b0c0</run_address>
         <size>0x40e</size>
         <input_file_ref idref="fl-c"/>
      </object_component>
      <object_component id="oc-1a6">
         <name>.debug_str</name>
         <load_address>0x2b4ce</load_address>
         <run_address>0x2b4ce</run_address>
         <size>0x3d6</size>
         <input_file_ref idref="fl-c"/>
      </object_component>
      <object_component id="oc-1b0">
         <name>.debug_str</name>
         <load_address>0x2b8a4</load_address>
         <run_address>0x2b8a4</run_address>
         <size>0x645</size>
         <input_file_ref idref="fl-c"/>
      </object_component>
      <object_component id="oc-1c4">
         <name>.debug_str</name>
         <load_address>0x2bee9</load_address>
         <run_address>0x2bee9</run_address>
         <size>0x468</size>
         <input_file_ref idref="fl-c"/>
      </object_component>
      <object_component id="oc-1c9">
         <name>.debug_str</name>
         <load_address>0x2c351</load_address>
         <run_address>0x2c351</run_address>
         <size>0x4c1</size>
         <input_file_ref idref="fl-c"/>
      </object_component>
      <object_component id="oc-1ce">
         <name>.debug_str</name>
         <load_address>0x2c812</load_address>
         <run_address>0x2c812</run_address>
         <size>0x560</size>
         <input_file_ref idref="fl-c"/>
      </object_component>
      <object_component id="oc-142">
         <name>.debug_str</name>
         <load_address>0x2cd72</load_address>
         <run_address>0x2cd72</run_address>
         <size>0x609</size>
         <input_file_ref idref="fl-c"/>
      </object_component>
      <object_component id="oc-133">
         <name>.debug_str</name>
         <load_address>0x2d37b</load_address>
         <run_address>0x2d37b</run_address>
         <size>0x714</size>
         <input_file_ref idref="fl-c"/>
      </object_component>
      <object_component id="oc-16d0">
         <name>.debug_str</name>
         <load_address>0x2da8f</load_address>
         <run_address>0x2da8f</run_address>
         <size>0x10d</size>
         <input_file_ref idref="fl-c"/>
      </object_component>
      <object_component id="oc-302">
         <name>.debug_str</name>
         <load_address>0x2db9c</load_address>
         <run_address>0x2db9c</run_address>
         <size>0x184</size>
         <input_file_ref idref="fl-c"/>
      </object_component>
      <object_component id="oc-1d8">
         <name>.debug_str</name>
         <load_address>0x2dd20</load_address>
         <run_address>0x2dd20</run_address>
         <size>0x1be</size>
         <input_file_ref idref="fl-c"/>
      </object_component>
      <object_component id="oc-ed">
         <name>.debug_str</name>
         <load_address>0x2dede</load_address>
         <run_address>0x2dede</run_address>
         <size>0x5f8</size>
         <input_file_ref idref="fl-c"/>
      </object_component>
      <object_component id="oc-101">
         <name>.debug_str</name>
         <load_address>0x2e4d6</load_address>
         <run_address>0x2e4d6</run_address>
         <size>0x424</size>
         <input_file_ref idref="fl-c"/>
      </object_component>
      <object_component id="oc-106">
         <name>.debug_str</name>
         <load_address>0x2e8fa</load_address>
         <run_address>0x2e8fa</run_address>
         <size>0xa70</size>
         <input_file_ref idref="fl-c"/>
      </object_component>
      <object_component id="oc-1d3">
         <name>.debug_str</name>
         <load_address>0x2f36a</load_address>
         <run_address>0x2f36a</run_address>
         <size>0x8ca</size>
         <input_file_ref idref="fl-c"/>
      </object_component>
      <object_component id="oc-110">
         <name>.debug_str</name>
         <load_address>0x2fc34</load_address>
         <run_address>0x2fc34</run_address>
         <size>0x9fc</size>
         <input_file_ref idref="fl-c"/>
      </object_component>
      <object_component id="oc-1dd">
         <name>.debug_str</name>
         <load_address>0x30630</load_address>
         <run_address>0x30630</run_address>
         <size>0x5ad</size>
         <input_file_ref idref="fl-c"/>
      </object_component>
      <object_component id="oc-11a">
         <name>.debug_str</name>
         <load_address>0x30bdd</load_address>
         <run_address>0x30bdd</run_address>
         <size>0x940</size>
         <input_file_ref idref="fl-c"/>
      </object_component>
      <object_component id="oc-13d">
         <name>.debug_str</name>
         <load_address>0x3151d</load_address>
         <run_address>0x3151d</run_address>
         <size>0x149c</size>
         <input_file_ref idref="fl-c"/>
      </object_component>
      <object_component id="oc-a16">
         <name>.debug_str</name>
         <load_address>0x329b9</load_address>
         <run_address>0x329b9</run_address>
         <size>0x9fd</size>
         <input_file_ref idref="fl-1b"/>
      </object_component>
      <object_component id="oc-bb3">
         <name>.debug_str</name>
         <load_address>0x333b6</load_address>
         <run_address>0x333b6</run_address>
         <size>0xea</size>
         <input_file_ref idref="fl-1b"/>
      </object_component>
      <object_component id="oc-283">
         <name>.debug_str</name>
         <load_address>0x334a0</load_address>
         <run_address>0x334a0</run_address>
         <size>0xfa</size>
         <input_file_ref idref="fl-1b"/>
      </object_component>
      <object_component id="oc-d5c">
         <name>.debug_str</name>
         <load_address>0x3359a</load_address>
         <run_address>0x3359a</run_address>
         <size>0x15f</size>
         <input_file_ref idref="fl-22"/>
      </object_component>
      <object_component id="oc-897">
         <name>.debug_str</name>
         <load_address>0x336f9</load_address>
         <run_address>0x336f9</run_address>
         <size>0x2b6</size>
         <input_file_ref idref="fl-22"/>
      </object_component>
      <object_component id="oc-557">
         <name>.debug_str</name>
         <load_address>0x339af</load_address>
         <run_address>0x339af</run_address>
         <size>0x518</size>
         <input_file_ref idref="fl-29"/>
      </object_component>
      <object_component id="oc-754">
         <name>.debug_str</name>
         <load_address>0x33ec7</load_address>
         <run_address>0x33ec7</run_address>
         <size>0x13c</size>
         <input_file_ref idref="fl-29"/>
      </object_component>
      <object_component id="oc-12e7">
         <name>.debug_str</name>
         <load_address>0x34003</load_address>
         <run_address>0x34003</run_address>
         <size>0x11a</size>
         <input_file_ref idref="fl-2a"/>
      </object_component>
      <object_component id="oc-1373">
         <name>.debug_str</name>
         <load_address>0x3411d</load_address>
         <run_address>0x3411d</run_address>
         <size>0x128</size>
         <input_file_ref idref="fl-2f"/>
      </object_component>
      <object_component id="oc-552">
         <name>.debug_str</name>
         <load_address>0x34245</load_address>
         <run_address>0x34245</run_address>
         <size>0x1bd</size>
         <input_file_ref idref="fl-34"/>
      </object_component>
      <object_component id="oc-c2">
         <name>.debug_str</name>
         <load_address>0x34402</load_address>
         <run_address>0x34402</run_address>
         <size>0x31a</size>
         <input_file_ref idref="fl-34"/>
      </object_component>
      <object_component id="oc-566">
         <name>.debug_str</name>
         <load_address>0x3471c</load_address>
         <run_address>0x3471c</run_address>
         <size>0x128</size>
         <input_file_ref idref="fl-34"/>
      </object_component>
      <object_component id="oc-f38">
         <name>.debug_str</name>
         <load_address>0x34844</load_address>
         <run_address>0x34844</run_address>
         <size>0x736</size>
         <input_file_ref idref="fl-36"/>
      </object_component>
      <object_component id="oc-f3d">
         <name>.debug_str</name>
         <load_address>0x34f7a</load_address>
         <run_address>0x34f7a</run_address>
         <size>0x4ce</size>
         <input_file_ref idref="fl-36"/>
      </object_component>
      <object_component id="oc-1603">
         <name>.debug_str</name>
         <load_address>0x35448</load_address>
         <run_address>0x35448</run_address>
         <size>0x122</size>
         <input_file_ref idref="fl-3a"/>
      </object_component>
      <object_component id="oc-184a">
         <name>.debug_str</name>
         <load_address>0x3556a</load_address>
         <run_address>0x3556a</run_address>
         <size>0x785</size>
         <input_file_ref idref="fl-3a"/>
      </object_component>
      <object_component id="oc-1768">
         <name>.debug_str</name>
         <load_address>0x35cef</load_address>
         <run_address>0x35cef</run_address>
         <size>0x96a</size>
         <input_file_ref idref="fl-3a"/>
      </object_component>
      <object_component id="oc-1796">
         <name>.debug_str</name>
         <load_address>0x36659</load_address>
         <run_address>0x36659</run_address>
         <size>0x631</size>
         <input_file_ref idref="fl-3a"/>
      </object_component>
      <object_component id="oc-1791">
         <name>.debug_str</name>
         <load_address>0x36c8a</load_address>
         <run_address>0x36c8a</run_address>
         <size>0xa5b</size>
         <input_file_ref idref="fl-3a"/>
      </object_component>
      <object_component id="oc-f6f">
         <name>.debug_str</name>
         <load_address>0x376e5</load_address>
         <run_address>0x376e5</run_address>
         <size>0x22cb</size>
         <input_file_ref idref="fl-3b"/>
      </object_component>
      <object_component id="oc-b57">
         <name>.debug_str</name>
         <load_address>0x399b0</load_address>
         <run_address>0x399b0</run_address>
         <size>0x6a2</size>
         <input_file_ref idref="fl-3b"/>
      </object_component>
      <object_component id="oc-159d">
         <name>.debug_str</name>
         <load_address>0x3a052</load_address>
         <run_address>0x3a052</run_address>
         <size>0x12a</size>
         <input_file_ref idref="fl-3c"/>
      </object_component>
      <object_component id="oc-176d">
         <name>.debug_str</name>
         <load_address>0x3a17c</load_address>
         <run_address>0x3a17c</run_address>
         <size>0x631</size>
         <input_file_ref idref="fl-3c"/>
      </object_component>
      <object_component id="oc-623">
         <name>.debug_str</name>
         <load_address>0x3a7ad</load_address>
         <run_address>0x3a7ad</run_address>
         <size>0x20f4</size>
         <input_file_ref idref="fl-3d"/>
      </object_component>
      <object_component id="oc-62d">
         <name>.debug_str</name>
         <load_address>0x3c8a1</load_address>
         <run_address>0x3c8a1</run_address>
         <size>0x6b4</size>
         <input_file_ref idref="fl-3d"/>
      </object_component>
      <object_component id="oc-605">
         <name>.debug_str</name>
         <load_address>0x3cf55</load_address>
         <run_address>0x3cf55</run_address>
         <size>0x516</size>
         <input_file_ref idref="fl-3d"/>
      </object_component>
      <object_component id="oc-655">
         <name>.debug_str</name>
         <load_address>0x3d46b</load_address>
         <run_address>0x3d46b</run_address>
         <size>0x934</size>
         <input_file_ref idref="fl-3d"/>
      </object_component>
      <object_component id="oc-628">
         <name>.debug_str</name>
         <load_address>0x3dd9f</load_address>
         <run_address>0x3dd9f</run_address>
         <size>0x144d</size>
         <input_file_ref idref="fl-3d"/>
      </object_component>
      <object_component id="oc-61e">
         <name>.debug_str</name>
         <load_address>0x3f1ec</load_address>
         <run_address>0x3f1ec</run_address>
         <size>0x7e9</size>
         <input_file_ref idref="fl-3d"/>
      </object_component>
      <object_component id="oc-678">
         <name>.debug_str</name>
         <load_address>0x3f9d5</load_address>
         <run_address>0x3f9d5</run_address>
         <size>0x732</size>
         <input_file_ref idref="fl-3d"/>
      </object_component>
      <object_component id="oc-646">
         <name>.debug_str</name>
         <load_address>0x40107</load_address>
         <run_address>0x40107</run_address>
         <size>0xfb9</size>
         <input_file_ref idref="fl-3d"/>
      </object_component>
      <object_component id="oc-669">
         <name>.debug_str</name>
         <load_address>0x410c0</load_address>
         <run_address>0x410c0</run_address>
         <size>0x61c</size>
         <input_file_ref idref="fl-3d"/>
      </object_component>
      <object_component id="oc-66e">
         <name>.debug_str</name>
         <load_address>0x416dc</load_address>
         <run_address>0x416dc</run_address>
         <size>0x57e</size>
         <input_file_ref idref="fl-3d"/>
      </object_component>
      <object_component id="oc-aac">
         <name>.debug_str</name>
         <load_address>0x41c5a</load_address>
         <run_address>0x41c5a</run_address>
         <size>0x544</size>
         <input_file_ref idref="fl-3d"/>
      </object_component>
      <object_component id="oc-aa7">
         <name>.debug_str</name>
         <load_address>0x4219e</load_address>
         <run_address>0x4219e</run_address>
         <size>0x449</size>
         <input_file_ref idref="fl-3d"/>
      </object_component>
      <object_component id="oc-ab1">
         <name>.debug_str</name>
         <load_address>0x425e7</load_address>
         <run_address>0x425e7</run_address>
         <size>0x7f9</size>
         <input_file_ref idref="fl-3d"/>
      </object_component>
      <object_component id="oc-673">
         <name>.debug_str</name>
         <load_address>0x42de0</load_address>
         <run_address>0x42de0</run_address>
         <size>0x71a</size>
         <input_file_ref idref="fl-3d"/>
      </object_component>
      <object_component id="oc-637">
         <name>.debug_str</name>
         <load_address>0x434fa</load_address>
         <run_address>0x434fa</run_address>
         <size>0x879</size>
         <input_file_ref idref="fl-3d"/>
      </object_component>
      <object_component id="oc-abb">
         <name>.debug_str</name>
         <load_address>0x43d73</load_address>
         <run_address>0x43d73</run_address>
         <size>0x772</size>
         <input_file_ref idref="fl-3d"/>
      </object_component>
      <object_component id="oc-ab6">
         <name>.debug_str</name>
         <load_address>0x444e5</load_address>
         <run_address>0x444e5</run_address>
         <size>0x674</size>
         <input_file_ref idref="fl-3d"/>
      </object_component>
      <object_component id="oc-664">
         <name>.debug_str</name>
         <load_address>0x44b59</load_address>
         <run_address>0x44b59</run_address>
         <size>0x861</size>
         <input_file_ref idref="fl-3d"/>
      </object_component>
      <object_component id="oc-65f">
         <name>.debug_str</name>
         <load_address>0x453ba</load_address>
         <run_address>0x453ba</run_address>
         <size>0x6e0</size>
         <input_file_ref idref="fl-3d"/>
      </object_component>
      <object_component id="oc-65a">
         <name>.debug_str</name>
         <load_address>0x45a9a</load_address>
         <run_address>0x45a9a</run_address>
         <size>0x7b3</size>
         <input_file_ref idref="fl-3d"/>
      </object_component>
      <object_component id="oc-ac0">
         <name>.debug_str</name>
         <load_address>0x4624d</load_address>
         <run_address>0x4624d</run_address>
         <size>0x291</size>
         <input_file_ref idref="fl-3d"/>
      </object_component>
      <object_component id="oc-67d">
         <name>.debug_str</name>
         <load_address>0x464de</load_address>
         <run_address>0x464de</run_address>
         <size>0x1db</size>
         <input_file_ref idref="fl-3d"/>
      </object_component>
      <object_component id="oc-632">
         <name>.debug_str</name>
         <load_address>0x466b9</load_address>
         <run_address>0x466b9</run_address>
         <size>0x1ba</size>
         <input_file_ref idref="fl-3d"/>
      </object_component>
      <object_component id="oc-60a">
         <name>.debug_str</name>
         <load_address>0x46873</load_address>
         <run_address>0x46873</run_address>
         <size>0x61a</size>
         <input_file_ref idref="fl-3d"/>
      </object_component>
      <object_component id="oc-63c">
         <name>.debug_str</name>
         <load_address>0x46e8d</load_address>
         <run_address>0x46e8d</run_address>
         <size>0x44c</size>
         <input_file_ref idref="fl-3d"/>
      </object_component>
      <object_component id="oc-64b">
         <name>.debug_str</name>
         <load_address>0x472d9</load_address>
         <run_address>0x472d9</run_address>
         <size>0xad9</size>
         <input_file_ref idref="fl-3d"/>
      </object_component>
      <object_component id="oc-60f">
         <name>.debug_str</name>
         <load_address>0x47db2</load_address>
         <run_address>0x47db2</run_address>
         <size>0x8e2</size>
         <input_file_ref idref="fl-3d"/>
      </object_component>
      <object_component id="oc-614">
         <name>.debug_str</name>
         <load_address>0x48694</load_address>
         <run_address>0x48694</run_address>
         <size>0xa1a</size>
         <input_file_ref idref="fl-3d"/>
      </object_component>
      <object_component id="oc-650">
         <name>.debug_str</name>
         <load_address>0x490ae</load_address>
         <run_address>0x490ae</run_address>
         <size>0x5a9</size>
         <input_file_ref idref="fl-3d"/>
      </object_component>
      <object_component id="oc-641">
         <name>.debug_str</name>
         <load_address>0x49657</load_address>
         <run_address>0x49657</run_address>
         <size>0x9d3</size>
         <input_file_ref idref="fl-3d"/>
      </object_component>
      <object_component id="oc-619">
         <name>.debug_str</name>
         <load_address>0x4a02a</load_address>
         <run_address>0x4a02a</run_address>
         <size>0x1498</size>
         <input_file_ref idref="fl-3d"/>
      </object_component>
      <object_component id="oc-1012">
         <name>.debug_str</name>
         <load_address>0x4b4c2</load_address>
         <run_address>0x4b4c2</run_address>
         <size>0x1525</size>
         <input_file_ref idref="fl-42"/>
      </object_component>
      <object_component id="oc-775">
         <name>.debug_str</name>
         <load_address>0x4c9e7</load_address>
         <run_address>0x4c9e7</run_address>
         <size>0x319</size>
         <input_file_ref idref="fl-43"/>
      </object_component>
      <object_component id="oc-bc9">
         <name>.debug_str</name>
         <load_address>0x4cd00</load_address>
         <run_address>0x4cd00</run_address>
         <size>0x497</size>
         <input_file_ref idref="fl-43"/>
      </object_component>
      <object_component id="oc-bce">
         <name>.debug_str</name>
         <load_address>0x4d197</load_address>
         <run_address>0x4d197</run_address>
         <size>0x52c</size>
         <input_file_ref idref="fl-43"/>
      </object_component>
      <object_component id="oc-1024">
         <name>.debug_str</name>
         <load_address>0x4d6c3</load_address>
         <run_address>0x4d6c3</run_address>
         <size>0x6a9</size>
         <input_file_ref idref="fl-43"/>
      </object_component>
      <object_component id="oc-103d">
         <name>.debug_str</name>
         <load_address>0x4dd6c</load_address>
         <run_address>0x4dd6c</run_address>
         <size>0x62e</size>
         <input_file_ref idref="fl-43"/>
      </object_component>
      <object_component id="oc-1042">
         <name>.debug_str</name>
         <load_address>0x4e39a</load_address>
         <run_address>0x4e39a</run_address>
         <size>0x5cd</size>
         <input_file_ref idref="fl-43"/>
      </object_component>
      <object_component id="oc-102e">
         <name>.debug_str</name>
         <load_address>0x4e967</load_address>
         <run_address>0x4e967</run_address>
         <size>0x4bd</size>
         <input_file_ref idref="fl-43"/>
      </object_component>
      <object_component id="oc-bc4">
         <name>.debug_str</name>
         <load_address>0x4ee24</load_address>
         <run_address>0x4ee24</run_address>
         <size>0x76d</size>
         <input_file_ref idref="fl-43"/>
      </object_component>
      <object_component id="oc-bba">
         <name>.debug_str</name>
         <load_address>0x4f591</load_address>
         <run_address>0x4f591</run_address>
         <size>0x840</size>
         <input_file_ref idref="fl-43"/>
      </object_component>
      <object_component id="oc-1033">
         <name>.debug_str</name>
         <load_address>0x4fdd1</load_address>
         <run_address>0x4fdd1</run_address>
         <size>0x25b</size>
         <input_file_ref idref="fl-43"/>
      </object_component>
      <object_component id="oc-1029">
         <name>.debug_str</name>
         <load_address>0x5002c</load_address>
         <run_address>0x5002c</run_address>
         <size>0x25a</size>
         <input_file_ref idref="fl-43"/>
      </object_component>
      <object_component id="oc-bbf">
         <name>.debug_str</name>
         <load_address>0x50286</load_address>
         <run_address>0x50286</run_address>
         <size>0x1525</size>
         <input_file_ref idref="fl-43"/>
      </object_component>
      <object_component id="oc-1038">
         <name>.debug_str</name>
         <load_address>0x517ab</load_address>
         <run_address>0x517ab</run_address>
         <size>0x1bb</size>
         <input_file_ref idref="fl-43"/>
      </object_component>
      <object_component id="oc-101f">
         <name>.debug_str</name>
         <load_address>0x51966</load_address>
         <run_address>0x51966</run_address>
         <size>0x18e</size>
         <input_file_ref idref="fl-43"/>
      </object_component>
      <object_component id="oc-c47">
         <name>.debug_str</name>
         <load_address>0x51af4</load_address>
         <run_address>0x51af4</run_address>
         <size>0x6ef</size>
         <input_file_ref idref="fl-47"/>
      </object_component>
      <object_component id="oc-c51">
         <name>.debug_str</name>
         <load_address>0x521e3</load_address>
         <run_address>0x521e3</run_address>
         <size>0x651</size>
         <input_file_ref idref="fl-47"/>
      </object_component>
      <object_component id="oc-c4c">
         <name>.debug_str</name>
         <load_address>0x52834</load_address>
         <run_address>0x52834</run_address>
         <size>0x1525</size>
         <input_file_ref idref="fl-47"/>
      </object_component>
      <object_component id="oc-c74">
         <name>.debug_str</name>
         <load_address>0x53d59</load_address>
         <run_address>0x53d59</run_address>
         <size>0x1525</size>
         <input_file_ref idref="fl-48"/>
      </object_component>
      <object_component id="oc-1018">
         <name>.debug_str</name>
         <load_address>0x5527e</load_address>
         <run_address>0x5527e</run_address>
         <size>0x513</size>
         <input_file_ref idref="fl-49"/>
      </object_component>
      <object_component id="oc-ba3">
         <name>.debug_str</name>
         <load_address>0x55791</load_address>
         <run_address>0x55791</run_address>
         <size>0x1525</size>
         <input_file_ref idref="fl-49"/>
      </object_component>
      <object_component id="oc-ef2">
         <name>.debug_str</name>
         <load_address>0x56cb6</load_address>
         <run_address>0x56cb6</run_address>
         <size>0x7a3</size>
         <input_file_ref idref="fl-4a"/>
      </object_component>
      <object_component id="oc-ef7">
         <name>.debug_str</name>
         <load_address>0x57459</load_address>
         <run_address>0x57459</run_address>
         <size>0x1525</size>
         <input_file_ref idref="fl-4a"/>
      </object_component>
      <object_component id="oc-290">
         <name>.debug_str</name>
         <load_address>0x5897e</load_address>
         <run_address>0x5897e</run_address>
         <size>0x741</size>
         <input_file_ref idref="fl-4b"/>
      </object_component>
      <object_component id="oc-295">
         <name>.debug_str</name>
         <load_address>0x590bf</load_address>
         <run_address>0x590bf</run_address>
         <size>0x6b4</size>
         <input_file_ref idref="fl-4b"/>
      </object_component>
      <object_component id="oc-1498">
         <name>.debug_str</name>
         <load_address>0x59773</load_address>
         <run_address>0x59773</run_address>
         <size>0x17d</size>
         <input_file_ref idref="fl-4b"/>
      </object_component>
      <object_component id="oc-28b">
         <name>.debug_str</name>
         <load_address>0x598f0</load_address>
         <run_address>0x598f0</run_address>
         <size>0x1525</size>
         <input_file_ref idref="fl-4b"/>
      </object_component>
      <object_component id="oc-1482">
         <name>.debug_str</name>
         <load_address>0x5ae15</load_address>
         <run_address>0x5ae15</run_address>
         <size>0x60b</size>
         <input_file_ref idref="fl-4c"/>
      </object_component>
      <object_component id="oc-147d">
         <name>.debug_str</name>
         <load_address>0x5b420</load_address>
         <run_address>0x5b420</run_address>
         <size>0x1525</size>
         <input_file_ref idref="fl-4c"/>
      </object_component>
      <object_component id="oc-13ab">
         <name>.debug_str</name>
         <load_address>0x5c945</load_address>
         <run_address>0x5c945</run_address>
         <size>0x519</size>
         <input_file_ref idref="fl-4d"/>
      </object_component>
      <object_component id="oc-1002">
         <name>.debug_str</name>
         <load_address>0x5ce5e</load_address>
         <run_address>0x5ce5e</run_address>
         <size>0x7bd</size>
         <input_file_ref idref="fl-4d"/>
      </object_component>
      <object_component id="oc-13a4">
         <name>.debug_str</name>
         <load_address>0x5d61b</load_address>
         <run_address>0x5d61b</run_address>
         <size>0x1525</size>
         <input_file_ref idref="fl-4d"/>
      </object_component>
      <object_component id="oc-1924">
         <name>.debug_str</name>
         <load_address>0x5eb40</load_address>
         <run_address>0x5eb40</run_address>
         <size>0x56e</size>
         <input_file_ref idref="fl-4f"/>
      </object_component>
      <object_component id="oc-191f">
         <name>.debug_str</name>
         <load_address>0x5f0ae</load_address>
         <run_address>0x5f0ae</run_address>
         <size>0x1525</size>
         <input_file_ref idref="fl-4f"/>
      </object_component>
      <object_component id="oc-266">
         <name>.debug_str</name>
         <load_address>0x605d3</load_address>
         <run_address>0x605d3</run_address>
         <size>0xd6</size>
         <input_file_ref idref="fl-116"/>
      </object_component>
      <object_component id="oc-3d">
         <name>.debug_str</name>
         <load_address>0x606a9</load_address>
         <run_address>0x606a9</run_address>
         <size>0x10d</size>
         <input_file_ref idref="fl-117"/>
      </object_component>
      <object_component id="oc-8d">
         <name>.debug_str</name>
         <load_address>0x607b6</load_address>
         <run_address>0x607b6</run_address>
         <size>0x14a</size>
         <input_file_ref idref="fl-117"/>
      </object_component>
      <object_component id="oc-4d">
         <name>.debug_str</name>
         <load_address>0x60900</load_address>
         <run_address>0x60900</run_address>
         <size>0x100</size>
         <input_file_ref idref="fl-118"/>
      </object_component>
      <object_component id="oc-94">
         <name>.debug_str</name>
         <load_address>0x60a00</load_address>
         <run_address>0x60a00</run_address>
         <size>0x12d</size>
         <input_file_ref idref="fl-118"/>
      </object_component>
      <object_component id="oc-59">
         <name>.debug_str</name>
         <load_address>0x60b2d</load_address>
         <run_address>0x60b2d</run_address>
         <size>0xfa</size>
         <input_file_ref idref="fl-119"/>
      </object_component>
      <object_component id="oc-9c">
         <name>.debug_str</name>
         <load_address>0x60c27</load_address>
         <run_address>0x60c27</run_address>
         <size>0x12d</size>
         <input_file_ref idref="fl-119"/>
      </object_component>
      <object_component id="oc-311">
         <name>.debug_str</name>
         <load_address>0x60d54</load_address>
         <run_address>0x60d54</run_address>
         <size>0xd7</size>
         <input_file_ref idref="fl-11a"/>
      </object_component>
      <object_component id="oc-682">
         <name>.debug_str</name>
         <load_address>0x60e2b</load_address>
         <run_address>0x60e2b</run_address>
         <size>0x138</size>
         <input_file_ref idref="fl-11a"/>
      </object_component>
      <object_component id="oc-316">
         <name>.debug_str</name>
         <load_address>0x60f63</load_address>
         <run_address>0x60f63</run_address>
         <size>0x184</size>
         <input_file_ref idref="fl-11a"/>
      </object_component>
      <object_component id="oc-e76">
         <name>.debug_str</name>
         <load_address>0x610e7</load_address>
         <run_address>0x610e7</run_address>
         <size>0x137</size>
         <input_file_ref idref="fl-11b"/>
      </object_component>
      <object_component id="oc-111f">
         <name>.debug_str</name>
         <load_address>0x6121e</load_address>
         <run_address>0x6121e</run_address>
         <size>0x12e</size>
         <input_file_ref idref="fl-127"/>
      </object_component>
      <object_component id="oc-84c">
         <name>.debug_str</name>
         <load_address>0x6134c</load_address>
         <run_address>0x6134c</run_address>
         <size>0x12c</size>
         <input_file_ref idref="fl-128"/>
      </object_component>
      <object_component id="oc-851">
         <name>.debug_str</name>
         <load_address>0x61478</load_address>
         <run_address>0x61478</run_address>
         <size>0xe3</size>
         <input_file_ref idref="fl-128"/>
      </object_component>
      <object_component id="oc-109b">
         <name>.debug_str</name>
         <load_address>0x6155b</load_address>
         <run_address>0x6155b</run_address>
         <size>0x149</size>
         <input_file_ref idref="fl-12c"/>
      </object_component>
      <object_component id="oc-1096">
         <name>.debug_str</name>
         <load_address>0x616a4</load_address>
         <run_address>0x616a4</run_address>
         <size>0xcc</size>
         <input_file_ref idref="fl-12c"/>
      </object_component>
      <object_component id="oc-d2c">
         <name>.debug_str</name>
         <load_address>0x61770</load_address>
         <run_address>0x61770</run_address>
         <size>0x14a</size>
         <input_file_ref idref="fl-130"/>
      </object_component>
      <object_component id="oc-1137">
         <name>.debug_str</name>
         <load_address>0x618ba</load_address>
         <run_address>0x618ba</run_address>
         <size>0x143</size>
         <input_file_ref idref="fl-130"/>
      </object_component>
      <object_component id="oc-d31">
         <name>.debug_str</name>
         <load_address>0x619fd</load_address>
         <run_address>0x619fd</run_address>
         <size>0xd7</size>
         <input_file_ref idref="fl-130"/>
      </object_component>
      <object_component id="oc-20b">
         <name>.debug_aranges</name>
         <load_address>0x0</load_address>
         <run_address>0x0</run_address>
         <size>0x20</size>
         <input_file_ref idref="fl-2"/>
      </object_component>
      <object_component id="oc-205">
         <name>.debug_aranges</name>
         <load_address>0x20</load_address>
         <run_address>0x20</run_address>
         <size>0x20</size>
         <input_file_ref idref="fl-2"/>
      </object_component>
      <object_component id="oc-ae">
         <name>.debug_aranges</name>
         <load_address>0x40</load_address>
         <run_address>0x40</run_address>
         <size>0x20</size>
         <input_file_ref idref="fl-3"/>
      </object_component>
      <object_component id="oc-d8a">
         <name>.debug_aranges</name>
         <load_address>0x60</load_address>
         <run_address>0x60</run_address>
         <size>0x20</size>
         <input_file_ref idref="fl-4"/>
      </object_component>
      <object_component id="oc-db6">
         <name>.debug_aranges</name>
         <load_address>0x80</load_address>
         <run_address>0x80</run_address>
         <size>0x20</size>
         <input_file_ref idref="fl-4"/>
      </object_component>
      <object_component id="oc-dd4">
         <name>.debug_aranges</name>
         <load_address>0xa0</load_address>
         <run_address>0xa0</run_address>
         <size>0x20</size>
         <input_file_ref idref="fl-4"/>
      </object_component>
      <object_component id="oc-dc2">
         <name>.debug_aranges</name>
         <load_address>0xc0</load_address>
         <run_address>0xc0</run_address>
         <size>0x20</size>
         <input_file_ref idref="fl-4"/>
      </object_component>
      <object_component id="oc-e22">
         <name>.debug_aranges</name>
         <load_address>0xe0</load_address>
         <run_address>0xe0</run_address>
         <size>0x20</size>
         <input_file_ref idref="fl-4"/>
      </object_component>
      <object_component id="oc-ded">
         <name>.debug_aranges</name>
         <load_address>0x100</load_address>
         <run_address>0x100</run_address>
         <size>0x20</size>
         <input_file_ref idref="fl-4"/>
      </object_component>
      <object_component id="oc-df3">
         <name>.debug_aranges</name>
         <load_address>0x120</load_address>
         <run_address>0x120</run_address>
         <size>0x20</size>
         <input_file_ref idref="fl-4"/>
      </object_component>
      <object_component id="oc-e0b">
         <name>.debug_aranges</name>
         <load_address>0x140</load_address>
         <run_address>0x140</run_address>
         <size>0x20</size>
         <input_file_ref idref="fl-4"/>
      </object_component>
      <object_component id="oc-e05">
         <name>.debug_aranges</name>
         <load_address>0x160</load_address>
         <run_address>0x160</run_address>
         <size>0x20</size>
         <input_file_ref idref="fl-4"/>
      </object_component>
      <object_component id="oc-da3">
         <name>.debug_aranges</name>
         <load_address>0x180</load_address>
         <run_address>0x180</run_address>
         <size>0x20</size>
         <input_file_ref idref="fl-4"/>
      </object_component>
      <object_component id="oc-e28">
         <name>.debug_aranges</name>
         <load_address>0x1a0</load_address>
         <run_address>0x1a0</run_address>
         <size>0x20</size>
         <input_file_ref idref="fl-4"/>
      </object_component>
      <object_component id="oc-94c">
         <name>.debug_aranges</name>
         <load_address>0x1c0</load_address>
         <run_address>0x1c0</run_address>
         <size>0x20</size>
         <input_file_ref idref="fl-4"/>
      </object_component>
      <object_component id="oc-909">
         <name>.debug_aranges</name>
         <load_address>0x1e0</load_address>
         <run_address>0x1e0</run_address>
         <size>0x20</size>
         <input_file_ref idref="fl-4"/>
      </object_component>
      <object_component id="oc-903">
         <name>.debug_aranges</name>
         <load_address>0x200</load_address>
         <run_address>0x200</run_address>
         <size>0x20</size>
         <input_file_ref idref="fl-4"/>
      </object_component>
      <object_component id="oc-8cc">
         <name>.debug_aranges</name>
         <load_address>0x220</load_address>
         <run_address>0x220</run_address>
         <size>0x20</size>
         <input_file_ref idref="fl-4"/>
      </object_component>
      <object_component id="oc-dda">
         <name>.debug_aranges</name>
         <load_address>0x240</load_address>
         <run_address>0x240</run_address>
         <size>0x20</size>
         <input_file_ref idref="fl-4"/>
      </object_component>
      <object_component id="oc-915">
         <name>.debug_aranges</name>
         <load_address>0x260</load_address>
         <run_address>0x260</run_address>
         <size>0x20</size>
         <input_file_ref idref="fl-4"/>
      </object_component>
      <object_component id="oc-921">
         <name>.debug_aranges</name>
         <load_address>0x280</load_address>
         <run_address>0x280</run_address>
         <size>0x20</size>
         <input_file_ref idref="fl-4"/>
      </object_component>
      <object_component id="oc-90f">
         <name>.debug_aranges</name>
         <load_address>0x2a0</load_address>
         <run_address>0x2a0</run_address>
         <size>0x20</size>
         <input_file_ref idref="fl-4"/>
      </object_component>
      <object_component id="oc-91b">
         <name>.debug_aranges</name>
         <load_address>0x2c0</load_address>
         <run_address>0x2c0</run_address>
         <size>0x20</size>
         <input_file_ref idref="fl-4"/>
      </object_component>
      <object_component id="oc-8e4">
         <name>.debug_aranges</name>
         <load_address>0x2e0</load_address>
         <run_address>0x2e0</run_address>
         <size>0x20</size>
         <input_file_ref idref="fl-4"/>
      </object_component>
      <object_component id="oc-8f6">
         <name>.debug_aranges</name>
         <load_address>0x300</load_address>
         <run_address>0x300</run_address>
         <size>0x20</size>
         <input_file_ref idref="fl-4"/>
      </object_component>
      <object_component id="oc-989">
         <name>.debug_aranges</name>
         <load_address>0x320</load_address>
         <run_address>0x320</run_address>
         <size>0x20</size>
         <input_file_ref idref="fl-4"/>
      </object_component>
      <object_component id="oc-8f0">
         <name>.debug_aranges</name>
         <load_address>0x340</load_address>
         <run_address>0x340</run_address>
         <size>0x20</size>
         <input_file_ref idref="fl-4"/>
      </object_component>
      <object_component id="oc-8d8">
         <name>.debug_aranges</name>
         <load_address>0x360</load_address>
         <run_address>0x360</run_address>
         <size>0x20</size>
         <input_file_ref idref="fl-4"/>
      </object_component>
      <object_component id="oc-96b">
         <name>.debug_aranges</name>
         <load_address>0x380</load_address>
         <run_address>0x380</run_address>
         <size>0x20</size>
         <input_file_ref idref="fl-4"/>
      </object_component>
      <object_component id="oc-98f">
         <name>.debug_aranges</name>
         <load_address>0x3a0</load_address>
         <run_address>0x3a0</run_address>
         <size>0x20</size>
         <input_file_ref idref="fl-4"/>
      </object_component>
      <object_component id="oc-995">
         <name>.debug_aranges</name>
         <load_address>0x3c0</load_address>
         <run_address>0x3c0</run_address>
         <size>0x20</size>
         <input_file_ref idref="fl-4"/>
      </object_component>
      <object_component id="oc-99b">
         <name>.debug_aranges</name>
         <load_address>0x3e0</load_address>
         <run_address>0x3e0</run_address>
         <size>0x20</size>
         <input_file_ref idref="fl-4"/>
      </object_component>
      <object_component id="oc-47a">
         <name>.debug_aranges</name>
         <load_address>0x400</load_address>
         <run_address>0x400</run_address>
         <size>0x20</size>
         <input_file_ref idref="fl-4"/>
      </object_component>
      <object_component id="oc-952">
         <name>.debug_aranges</name>
         <load_address>0x420</load_address>
         <run_address>0x420</run_address>
         <size>0x20</size>
         <input_file_ref idref="fl-4"/>
      </object_component>
      <object_component id="oc-940">
         <name>.debug_aranges</name>
         <load_address>0x440</load_address>
         <run_address>0x440</run_address>
         <size>0x20</size>
         <input_file_ref idref="fl-4"/>
      </object_component>
      <object_component id="oc-946">
         <name>.debug_aranges</name>
         <load_address>0x460</load_address>
         <run_address>0x460</run_address>
         <size>0x20</size>
         <input_file_ref idref="fl-4"/>
      </object_component>
      <object_component id="oc-958">
         <name>.debug_aranges</name>
         <load_address>0x480</load_address>
         <run_address>0x480</run_address>
         <size>0x20</size>
         <input_file_ref idref="fl-4"/>
      </object_component>
      <object_component id="oc-92e">
         <name>.debug_aranges</name>
         <load_address>0x4a0</load_address>
         <run_address>0x4a0</run_address>
         <size>0x20</size>
         <input_file_ref idref="fl-4"/>
      </object_component>
      <object_component id="oc-93a">
         <name>.debug_aranges</name>
         <load_address>0x4c0</load_address>
         <run_address>0x4c0</run_address>
         <size>0x20</size>
         <input_file_ref idref="fl-4"/>
      </object_component>
      <object_component id="oc-934">
         <name>.debug_aranges</name>
         <load_address>0x4e0</load_address>
         <run_address>0x4e0</run_address>
         <size>0x20</size>
         <input_file_ref idref="fl-4"/>
      </object_component>
      <object_component id="oc-117e">
         <name>.debug_aranges</name>
         <load_address>0x500</load_address>
         <run_address>0x500</run_address>
         <size>0x20</size>
         <input_file_ref idref="fl-4"/>
      </object_component>
      <object_component id="oc-dfe">
         <name>.debug_aranges</name>
         <load_address>0x520</load_address>
         <run_address>0x520</run_address>
         <size>0x20</size>
         <input_file_ref idref="fl-4"/>
      </object_component>
      <object_component id="oc-de6">
         <name>.debug_aranges</name>
         <load_address>0x540</load_address>
         <run_address>0x540</run_address>
         <size>0x20</size>
         <input_file_ref idref="fl-4"/>
      </object_component>
      <object_component id="oc-da8">
         <name>.debug_aranges</name>
         <load_address>0x560</load_address>
         <run_address>0x560</run_address>
         <size>0x20</size>
         <input_file_ref idref="fl-4"/>
      </object_component>
      <object_component id="oc-8c6">
         <name>.debug_aranges</name>
         <load_address>0x580</load_address>
         <run_address>0x580</run_address>
         <size>0x20</size>
         <input_file_ref idref="fl-4"/>
      </object_component>
      <object_component id="oc-8de">
         <name>.debug_aranges</name>
         <load_address>0x5a0</load_address>
         <run_address>0x5a0</run_address>
         <size>0x20</size>
         <input_file_ref idref="fl-4"/>
      </object_component>
      <object_component id="oc-8fc">
         <name>.debug_aranges</name>
         <load_address>0x5c0</load_address>
         <run_address>0x5c0</run_address>
         <size>0x20</size>
         <input_file_ref idref="fl-4"/>
      </object_component>
      <object_component id="oc-965">
         <name>.debug_aranges</name>
         <load_address>0x5e0</load_address>
         <run_address>0x5e0</run_address>
         <size>0x20</size>
         <input_file_ref idref="fl-4"/>
      </object_component>
      <object_component id="oc-97d">
         <name>.debug_aranges</name>
         <load_address>0x600</load_address>
         <run_address>0x600</run_address>
         <size>0x20</size>
         <input_file_ref idref="fl-4"/>
      </object_component>
      <object_component id="oc-977">
         <name>.debug_aranges</name>
         <load_address>0x620</load_address>
         <run_address>0x620</run_address>
         <size>0x20</size>
         <input_file_ref idref="fl-4"/>
      </object_component>
      <object_component id="oc-971">
         <name>.debug_aranges</name>
         <load_address>0x640</load_address>
         <run_address>0x640</run_address>
         <size>0x20</size>
         <input_file_ref idref="fl-4"/>
      </object_component>
      <object_component id="oc-8ea">
         <name>.debug_aranges</name>
         <load_address>0x660</load_address>
         <run_address>0x660</run_address>
         <size>0x20</size>
         <input_file_ref idref="fl-4"/>
      </object_component>
      <object_component id="oc-9a5">
         <name>.debug_aranges</name>
         <load_address>0x680</load_address>
         <run_address>0x680</run_address>
         <size>0x20</size>
         <input_file_ref idref="fl-4"/>
      </object_component>
      <object_component id="oc-48c">
         <name>.debug_aranges</name>
         <load_address>0x6a0</load_address>
         <run_address>0x6a0</run_address>
         <size>0x20</size>
         <input_file_ref idref="fl-4"/>
      </object_component>
      <object_component id="oc-e36">
         <name>.debug_aranges</name>
         <load_address>0x6c0</load_address>
         <run_address>0x6c0</run_address>
         <size>0x20</size>
         <input_file_ref idref="fl-4"/>
      </object_component>
      <object_component id="oc-9ab">
         <name>.debug_aranges</name>
         <load_address>0x6e0</load_address>
         <run_address>0x6e0</run_address>
         <size>0x20</size>
         <input_file_ref idref="fl-4"/>
      </object_component>
      <object_component id="oc-9b1">
         <name>.debug_aranges</name>
         <load_address>0x700</load_address>
         <run_address>0x700</run_address>
         <size>0x20</size>
         <input_file_ref idref="fl-4"/>
      </object_component>
      <object_component id="oc-9b7">
         <name>.debug_aranges</name>
         <load_address>0x720</load_address>
         <run_address>0x720</run_address>
         <size>0x20</size>
         <input_file_ref idref="fl-4"/>
      </object_component>
      <object_component id="oc-95e">
         <name>.debug_aranges</name>
         <load_address>0x740</load_address>
         <run_address>0x740</run_address>
         <size>0x20</size>
         <input_file_ref idref="fl-4"/>
      </object_component>
      <object_component id="oc-df8">
         <name>.debug_aranges</name>
         <load_address>0x760</load_address>
         <run_address>0x760</run_address>
         <size>0x20</size>
         <input_file_ref idref="fl-4"/>
      </object_component>
      <object_component id="oc-486">
         <name>.debug_aranges</name>
         <load_address>0x780</load_address>
         <run_address>0x780</run_address>
         <size>0x20</size>
         <input_file_ref idref="fl-4"/>
      </object_component>
      <object_component id="oc-8b6">
         <name>.debug_aranges</name>
         <load_address>0x7a0</load_address>
         <run_address>0x7a0</run_address>
         <size>0x20</size>
         <input_file_ref idref="fl-4"/>
      </object_component>
      <object_component id="oc-dbc">
         <name>.debug_aranges</name>
         <load_address>0x7c0</load_address>
         <run_address>0x7c0</run_address>
         <size>0x20</size>
         <input_file_ref idref="fl-4"/>
      </object_component>
      <object_component id="oc-dce">
         <name>.debug_aranges</name>
         <load_address>0x7e0</load_address>
         <run_address>0x7e0</run_address>
         <size>0x20</size>
         <input_file_ref idref="fl-4"/>
      </object_component>
      <object_component id="oc-dc8">
         <name>.debug_aranges</name>
         <load_address>0x800</load_address>
         <run_address>0x800</run_address>
         <size>0x20</size>
         <input_file_ref idref="fl-4"/>
      </object_component>
      <object_component id="oc-db0">
         <name>.debug_aranges</name>
         <load_address>0x820</load_address>
         <run_address>0x820</run_address>
         <size>0x20</size>
         <input_file_ref idref="fl-4"/>
      </object_component>
      <object_component id="oc-de0">
         <name>.debug_aranges</name>
         <load_address>0x840</load_address>
         <run_address>0x840</run_address>
         <size>0x20</size>
         <input_file_ref idref="fl-4"/>
      </object_component>
      <object_component id="oc-8c0">
         <name>.debug_aranges</name>
         <load_address>0x860</load_address>
         <run_address>0x860</run_address>
         <size>0x20</size>
         <input_file_ref idref="fl-4"/>
      </object_component>
      <object_component id="oc-8d2">
         <name>.debug_aranges</name>
         <load_address>0x880</load_address>
         <run_address>0x880</run_address>
         <size>0x20</size>
         <input_file_ref idref="fl-4"/>
      </object_component>
      <object_component id="oc-492">
         <name>.debug_aranges</name>
         <load_address>0x8a0</load_address>
         <run_address>0x8a0</run_address>
         <size>0x20</size>
         <input_file_ref idref="fl-4"/>
      </object_component>
      <object_component id="oc-474">
         <name>.debug_aranges</name>
         <load_address>0x8c0</load_address>
         <run_address>0x8c0</run_address>
         <size>0x20</size>
         <input_file_ref idref="fl-4"/>
      </object_component>
      <object_component id="oc-8b0">
         <name>.debug_aranges</name>
         <load_address>0x8e0</load_address>
         <run_address>0x8e0</run_address>
         <size>0x20</size>
         <input_file_ref idref="fl-5"/>
      </object_component>
      <object_component id="oc-d83">
         <name>.debug_aranges</name>
         <load_address>0x900</load_address>
         <run_address>0x900</run_address>
         <size>0x20</size>
         <input_file_ref idref="fl-5"/>
      </object_component>
      <object_component id="oc-d7d">
         <name>.debug_aranges</name>
         <load_address>0x920</load_address>
         <run_address>0x920</run_address>
         <size>0x20</size>
         <input_file_ref idref="fl-5"/>
      </object_component>
      <object_component id="oc-d77">
         <name>.debug_aranges</name>
         <load_address>0x940</load_address>
         <run_address>0x940</run_address>
         <size>0x20</size>
         <input_file_ref idref="fl-5"/>
      </object_component>
      <object_component id="oc-d71">
         <name>.debug_aranges</name>
         <load_address>0x960</load_address>
         <run_address>0x960</run_address>
         <size>0x20</size>
         <input_file_ref idref="fl-5"/>
      </object_component>
      <object_component id="oc-928">
         <name>.debug_aranges</name>
         <load_address>0x980</load_address>
         <run_address>0x980</run_address>
         <size>0x20</size>
         <input_file_ref idref="fl-5"/>
      </object_component>
      <object_component id="oc-46e">
         <name>.debug_aranges</name>
         <load_address>0x9a0</load_address>
         <run_address>0x9a0</run_address>
         <size>0x20</size>
         <input_file_ref idref="fl-5"/>
      </object_component>
      <object_component id="oc-468">
         <name>.debug_aranges</name>
         <load_address>0x9c0</load_address>
         <run_address>0x9c0</run_address>
         <size>0x20</size>
         <input_file_ref idref="fl-5"/>
      </object_component>
      <object_component id="oc-242">
         <name>.debug_aranges</name>
         <load_address>0x9e0</load_address>
         <run_address>0x9e0</run_address>
         <size>0x20</size>
         <input_file_ref idref="fl-6"/>
      </object_component>
      <object_component id="oc-249">
         <name>.debug_aranges</name>
         <load_address>0xa00</load_address>
         <run_address>0xa00</run_address>
         <size>0x20</size>
         <input_file_ref idref="fl-6"/>
      </object_component>
      <object_component id="oc-251">
         <name>.debug_aranges</name>
         <load_address>0xa20</load_address>
         <run_address>0xa20</run_address>
         <size>0x20</size>
         <input_file_ref idref="fl-7"/>
      </object_component>
      <object_component id="oc-a0c">
         <name>.debug_aranges</name>
         <load_address>0xa40</load_address>
         <run_address>0xa40</run_address>
         <size>0x20</size>
         <input_file_ref idref="fl-8"/>
      </object_component>
      <object_component id="oc-4c7">
         <name>.debug_aranges</name>
         <load_address>0xa60</load_address>
         <run_address>0xa60</run_address>
         <size>0x20</size>
         <input_file_ref idref="fl-8"/>
      </object_component>
      <object_component id="oc-4e5">
         <name>.debug_aranges</name>
         <load_address>0xa80</load_address>
         <run_address>0xa80</run_address>
         <size>0x20</size>
         <input_file_ref idref="fl-8"/>
      </object_component>
      <object_component id="oc-4c1">
         <name>.debug_aranges</name>
         <load_address>0xaa0</load_address>
         <run_address>0xaa0</run_address>
         <size>0x20</size>
         <input_file_ref idref="fl-8"/>
      </object_component>
      <object_component id="oc-4bb">
         <name>.debug_aranges</name>
         <load_address>0xac0</load_address>
         <run_address>0xac0</run_address>
         <size>0x20</size>
         <input_file_ref idref="fl-8"/>
      </object_component>
      <object_component id="oc-4eb">
         <name>.debug_aranges</name>
         <load_address>0xae0</load_address>
         <run_address>0xae0</run_address>
         <size>0x20</size>
         <input_file_ref idref="fl-8"/>
      </object_component>
      <object_component id="oc-4df">
         <name>.debug_aranges</name>
         <load_address>0xb00</load_address>
         <run_address>0xb00</run_address>
         <size>0x20</size>
         <input_file_ref idref="fl-8"/>
      </object_component>
      <object_component id="oc-4b5">
         <name>.debug_aranges</name>
         <load_address>0xb20</load_address>
         <run_address>0xb20</run_address>
         <size>0x20</size>
         <input_file_ref idref="fl-8"/>
      </object_component>
      <object_component id="oc-4fd">
         <name>.debug_aranges</name>
         <load_address>0xb40</load_address>
         <run_address>0xb40</run_address>
         <size>0x20</size>
         <input_file_ref idref="fl-8"/>
      </object_component>
      <object_component id="oc-1909">
         <name>.debug_aranges</name>
         <load_address>0xb60</load_address>
         <run_address>0xb60</run_address>
         <size>0x20</size>
         <input_file_ref idref="fl-c"/>
      </object_component>
      <object_component id="oc-457">
         <name>.debug_aranges</name>
         <load_address>0xb80</load_address>
         <run_address>0xb80</run_address>
         <size>0x20</size>
         <input_file_ref idref="fl-c"/>
      </object_component>
      <object_component id="oc-16c7">
         <name>.debug_aranges</name>
         <load_address>0xba0</load_address>
         <run_address>0xba0</run_address>
         <size>0x20</size>
         <input_file_ref idref="fl-c"/>
      </object_component>
      <object_component id="oc-18c8">
         <name>.debug_aranges</name>
         <load_address>0xbc0</load_address>
         <run_address>0xbc0</run_address>
         <size>0x20</size>
         <input_file_ref idref="fl-c"/>
      </object_component>
      <object_component id="oc-7f1">
         <name>.debug_aranges</name>
         <load_address>0xbe0</load_address>
         <run_address>0xbe0</run_address>
         <size>0x20</size>
         <input_file_ref idref="fl-c"/>
      </object_component>
      <object_component id="oc-528">
         <name>.debug_aranges</name>
         <load_address>0xc00</load_address>
         <run_address>0xc00</run_address>
         <size>0x20</size>
         <input_file_ref idref="fl-c"/>
      </object_component>
      <object_component id="oc-11b5">
         <name>.debug_aranges</name>
         <load_address>0xc20</load_address>
         <run_address>0xc20</run_address>
         <size>0x20</size>
         <input_file_ref idref="fl-c"/>
      </object_component>
      <object_component id="oc-11af">
         <name>.debug_aranges</name>
         <load_address>0xc40</load_address>
         <run_address>0xc40</run_address>
         <size>0x20</size>
         <input_file_ref idref="fl-c"/>
      </object_component>
      <object_component id="oc-11bb">
         <name>.debug_aranges</name>
         <load_address>0xc60</load_address>
         <run_address>0xc60</run_address>
         <size>0x20</size>
         <input_file_ref idref="fl-c"/>
      </object_component>
      <object_component id="oc-7f9">
         <name>.debug_aranges</name>
         <load_address>0xc80</load_address>
         <run_address>0xc80</run_address>
         <size>0x20</size>
         <input_file_ref idref="fl-c"/>
      </object_component>
      <object_component id="oc-73">
         <name>.debug_aranges</name>
         <load_address>0xca0</load_address>
         <run_address>0xca0</run_address>
         <size>0x20</size>
         <input_file_ref idref="fl-c"/>
      </object_component>
      <object_component id="oc-31f">
         <name>.debug_aranges</name>
         <load_address>0xcc0</load_address>
         <run_address>0xcc0</run_address>
         <size>0x20</size>
         <input_file_ref idref="fl-c"/>
      </object_component>
      <object_component id="oc-10f5">
         <name>.debug_aranges</name>
         <load_address>0xce0</load_address>
         <run_address>0xce0</run_address>
         <size>0x20</size>
         <input_file_ref idref="fl-c"/>
      </object_component>
      <object_component id="oc-1428">
         <name>.debug_aranges</name>
         <load_address>0xd00</load_address>
         <run_address>0xd00</run_address>
         <size>0x20</size>
         <input_file_ref idref="fl-c"/>
      </object_component>
      <object_component id="oc-10d4">
         <name>.debug_aranges</name>
         <load_address>0xd20</load_address>
         <run_address>0xd20</run_address>
         <size>0x20</size>
         <input_file_ref idref="fl-c"/>
      </object_component>
      <object_component id="oc-1421">
         <name>.debug_aranges</name>
         <load_address>0xd40</load_address>
         <run_address>0xd40</run_address>
         <size>0x20</size>
         <input_file_ref idref="fl-c"/>
      </object_component>
      <object_component id="oc-10ce">
         <name>.debug_aranges</name>
         <load_address>0xd60</load_address>
         <run_address>0xd60</run_address>
         <size>0x20</size>
         <input_file_ref idref="fl-c"/>
      </object_component>
      <object_component id="oc-cb4">
         <name>.debug_aranges</name>
         <load_address>0xd80</load_address>
         <run_address>0xd80</run_address>
         <size>0x20</size>
         <input_file_ref idref="fl-c"/>
      </object_component>
      <object_component id="oc-cbb">
         <name>.debug_aranges</name>
         <load_address>0xda0</load_address>
         <run_address>0xda0</run_address>
         <size>0x20</size>
         <input_file_ref idref="fl-c"/>
      </object_component>
      <object_component id="oc-17d9">
         <name>.debug_aranges</name>
         <load_address>0xdc0</load_address>
         <run_address>0xdc0</run_address>
         <size>0x20</size>
         <input_file_ref idref="fl-c"/>
      </object_component>
      <object_component id="oc-10fd">
         <name>.debug_aranges</name>
         <load_address>0xde0</load_address>
         <run_address>0xde0</run_address>
         <size>0x20</size>
         <input_file_ref idref="fl-c"/>
      </object_component>
      <object_component id="oc-80f">
         <name>.debug_aranges</name>
         <load_address>0xe00</load_address>
         <run_address>0xe00</run_address>
         <size>0x20</size>
         <input_file_ref idref="fl-c"/>
      </object_component>
      <object_component id="oc-c96">
         <name>.debug_aranges</name>
         <load_address>0xe20</load_address>
         <run_address>0xe20</run_address>
         <size>0x20</size>
         <input_file_ref idref="fl-c"/>
      </object_component>
      <object_component id="oc-809">
         <name>.debug_aranges</name>
         <load_address>0xe40</load_address>
         <run_address>0xe40</run_address>
         <size>0x20</size>
         <input_file_ref idref="fl-c"/>
      </object_component>
      <object_component id="oc-14e9">
         <name>.debug_aranges</name>
         <load_address>0xe60</load_address>
         <run_address>0xe60</run_address>
         <size>0x20</size>
         <input_file_ref idref="fl-c"/>
      </object_component>
      <object_component id="oc-14e3">
         <name>.debug_aranges</name>
         <load_address>0xe80</load_address>
         <run_address>0xe80</run_address>
         <size>0x20</size>
         <input_file_ref idref="fl-c"/>
      </object_component>
      <object_component id="oc-14dd">
         <name>.debug_aranges</name>
         <load_address>0xea0</load_address>
         <run_address>0xea0</run_address>
         <size>0x20</size>
         <input_file_ref idref="fl-c"/>
      </object_component>
      <object_component id="oc-114d">
         <name>.debug_aranges</name>
         <load_address>0xec0</load_address>
         <run_address>0xec0</run_address>
         <size>0x20</size>
         <input_file_ref idref="fl-c"/>
      </object_component>
      <object_component id="oc-1147">
         <name>.debug_aranges</name>
         <load_address>0xee0</load_address>
         <run_address>0xee0</run_address>
         <size>0x20</size>
         <input_file_ref idref="fl-c"/>
      </object_component>
      <object_component id="oc-1141">
         <name>.debug_aranges</name>
         <load_address>0xf00</load_address>
         <run_address>0xf00</run_address>
         <size>0x20</size>
         <input_file_ref idref="fl-c"/>
      </object_component>
      <object_component id="oc-10c0">
         <name>.debug_aranges</name>
         <load_address>0xf20</load_address>
         <run_address>0xf20</run_address>
         <size>0x20</size>
         <input_file_ref idref="fl-c"/>
      </object_component>
      <object_component id="oc-10ba">
         <name>.debug_aranges</name>
         <load_address>0xf40</load_address>
         <run_address>0xf40</run_address>
         <size>0x20</size>
         <input_file_ref idref="fl-c"/>
      </object_component>
      <object_component id="oc-10b4">
         <name>.debug_aranges</name>
         <load_address>0xf60</load_address>
         <run_address>0xf60</run_address>
         <size>0x20</size>
         <input_file_ref idref="fl-c"/>
      </object_component>
      <object_component id="oc-c55">
         <name>.debug_aranges</name>
         <load_address>0xf80</load_address>
         <run_address>0xf80</run_address>
         <size>0x20</size>
         <input_file_ref idref="fl-c"/>
      </object_component>
      <object_component id="oc-bfe">
         <name>.debug_aranges</name>
         <load_address>0xfa0</load_address>
         <run_address>0xfa0</run_address>
         <size>0x20</size>
         <input_file_ref idref="fl-c"/>
      </object_component>
      <object_component id="oc-223">
         <name>.debug_aranges</name>
         <load_address>0xfc0</load_address>
         <run_address>0xfc0</run_address>
         <size>0x20</size>
         <input_file_ref idref="fl-c"/>
      </object_component>
      <object_component id="oc-1509">
         <name>.debug_aranges</name>
         <load_address>0xfe0</load_address>
         <run_address>0xfe0</run_address>
         <size>0x20</size>
         <input_file_ref idref="fl-c"/>
      </object_component>
      <object_component id="oc-21d">
         <name>.debug_aranges</name>
         <load_address>0x1000</load_address>
         <run_address>0x1000</run_address>
         <size>0x20</size>
         <input_file_ref idref="fl-c"/>
      </object_component>
      <object_component id="oc-150f">
         <name>.debug_aranges</name>
         <load_address>0x1020</load_address>
         <run_address>0x1020</run_address>
         <size>0x20</size>
         <input_file_ref idref="fl-c"/>
      </object_component>
      <object_component id="oc-ebb">
         <name>.debug_aranges</name>
         <load_address>0x1040</load_address>
         <run_address>0x1040</run_address>
         <size>0x20</size>
         <input_file_ref idref="fl-c"/>
      </object_component>
      <object_component id="oc-14ff">
         <name>.debug_aranges</name>
         <load_address>0x1060</load_address>
         <run_address>0x1060</run_address>
         <size>0x20</size>
         <input_file_ref idref="fl-c"/>
      </object_component>
      <object_component id="oc-ec1">
         <name>.debug_aranges</name>
         <load_address>0x1080</load_address>
         <run_address>0x1080</run_address>
         <size>0x20</size>
         <input_file_ref idref="fl-c"/>
      </object_component>
      <object_component id="oc-175d">
         <name>.debug_aranges</name>
         <load_address>0x10a0</load_address>
         <run_address>0x10a0</run_address>
         <size>0x20</size>
         <input_file_ref idref="fl-c"/>
      </object_component>
      <object_component id="oc-1575">
         <name>.debug_aranges</name>
         <load_address>0x10c0</load_address>
         <run_address>0x10c0</run_address>
         <size>0x20</size>
         <input_file_ref idref="fl-c"/>
      </object_component>
      <object_component id="oc-217">
         <name>.debug_aranges</name>
         <load_address>0x10e0</load_address>
         <run_address>0x10e0</run_address>
         <size>0x20</size>
         <input_file_ref idref="fl-c"/>
      </object_component>
      <object_component id="oc-1594">
         <name>.debug_aranges</name>
         <load_address>0x1100</load_address>
         <run_address>0x1100</run_address>
         <size>0x20</size>
         <input_file_ref idref="fl-c"/>
      </object_component>
      <object_component id="oc-158e">
         <name>.debug_aranges</name>
         <load_address>0x1120</load_address>
         <run_address>0x1120</run_address>
         <size>0x20</size>
         <input_file_ref idref="fl-c"/>
      </object_component>
      <object_component id="oc-17ec">
         <name>.debug_aranges</name>
         <load_address>0x1140</load_address>
         <run_address>0x1140</run_address>
         <size>0x20</size>
         <input_file_ref idref="fl-c"/>
      </object_component>
      <object_component id="oc-16b8">
         <name>.debug_aranges</name>
         <load_address>0x1160</load_address>
         <run_address>0x1160</run_address>
         <size>0x20</size>
         <input_file_ref idref="fl-c"/>
      </object_component>
      <object_component id="oc-779">
         <name>.debug_aranges</name>
         <load_address>0x1180</load_address>
         <run_address>0x1180</run_address>
         <size>0x20</size>
         <input_file_ref idref="fl-c"/>
      </object_component>
      <object_component id="oc-c13">
         <name>.debug_aranges</name>
         <load_address>0x11a0</load_address>
         <run_address>0x11a0</run_address>
         <size>0x20</size>
         <input_file_ref idref="fl-c"/>
      </object_component>
      <object_component id="oc-1786">
         <name>.debug_aranges</name>
         <load_address>0x11c0</load_address>
         <run_address>0x11c0</run_address>
         <size>0x20</size>
         <input_file_ref idref="fl-c"/>
      </object_component>
      <object_component id="oc-15e7">
         <name>.debug_aranges</name>
         <load_address>0x11e0</load_address>
         <run_address>0x11e0</run_address>
         <size>0x20</size>
         <input_file_ref idref="fl-c"/>
      </object_component>
      <object_component id="oc-15fa">
         <name>.debug_aranges</name>
         <load_address>0x1200</load_address>
         <run_address>0x1200</run_address>
         <size>0x20</size>
         <input_file_ref idref="fl-c"/>
      </object_component>
      <object_component id="oc-14f8">
         <name>.debug_aranges</name>
         <load_address>0x1220</load_address>
         <run_address>0x1220</run_address>
         <size>0x20</size>
         <input_file_ref idref="fl-c"/>
      </object_component>
      <object_component id="oc-14f2">
         <name>.debug_aranges</name>
         <load_address>0x1240</load_address>
         <run_address>0x1240</run_address>
         <size>0x20</size>
         <input_file_ref idref="fl-c"/>
      </object_component>
      <object_component id="oc-15f4">
         <name>.debug_aranges</name>
         <load_address>0x1260</load_address>
         <run_address>0x1260</run_address>
         <size>0x20</size>
         <input_file_ref idref="fl-c"/>
      </object_component>
      <object_component id="oc-ac3">
         <name>.debug_aranges</name>
         <load_address>0x1280</load_address>
         <run_address>0x1280</run_address>
         <size>0x20</size>
         <input_file_ref idref="fl-c"/>
      </object_component>
      <object_component id="oc-16f3">
         <name>.debug_aranges</name>
         <load_address>0x12a0</load_address>
         <run_address>0x12a0</run_address>
         <size>0x20</size>
         <input_file_ref idref="fl-c"/>
      </object_component>
      <object_component id="oc-16ed">
         <name>.debug_aranges</name>
         <load_address>0x12c0</load_address>
         <run_address>0x12c0</run_address>
         <size>0x20</size>
         <input_file_ref idref="fl-c"/>
      </object_component>
      <object_component id="oc-b48">
         <name>.debug_aranges</name>
         <load_address>0x12e0</load_address>
         <run_address>0x12e0</run_address>
         <size>0x20</size>
         <input_file_ref idref="fl-c"/>
      </object_component>
      <object_component id="oc-1526">
         <name>.debug_aranges</name>
         <load_address>0x1300</load_address>
         <run_address>0x1300</run_address>
         <size>0x20</size>
         <input_file_ref idref="fl-c"/>
      </object_component>
      <object_component id="oc-ec7">
         <name>.debug_aranges</name>
         <load_address>0x1320</load_address>
         <run_address>0x1320</run_address>
         <size>0x20</size>
         <input_file_ref idref="fl-c"/>
      </object_component>
      <object_component id="oc-43e">
         <name>.debug_aranges</name>
         <load_address>0x1340</load_address>
         <run_address>0x1340</run_address>
         <size>0x20</size>
         <input_file_ref idref="fl-c"/>
      </object_component>
      <object_component id="oc-438">
         <name>.debug_aranges</name>
         <load_address>0x1360</load_address>
         <run_address>0x1360</run_address>
         <size>0x20</size>
         <input_file_ref idref="fl-c"/>
      </object_component>
      <object_component id="oc-1756">
         <name>.debug_aranges</name>
         <load_address>0x1380</load_address>
         <run_address>0x1380</run_address>
         <size>0x20</size>
         <input_file_ref idref="fl-c"/>
      </object_component>
      <object_component id="oc-156e">
         <name>.debug_aranges</name>
         <load_address>0x13a0</load_address>
         <run_address>0x13a0</run_address>
         <size>0x20</size>
         <input_file_ref idref="fl-c"/>
      </object_component>
      <object_component id="oc-b4e">
         <name>.debug_aranges</name>
         <load_address>0x13c0</load_address>
         <run_address>0x13c0</run_address>
         <size>0x20</size>
         <input_file_ref idref="fl-c"/>
      </object_component>
      <object_component id="oc-151c">
         <name>.debug_aranges</name>
         <load_address>0x13e0</load_address>
         <run_address>0x13e0</run_address>
         <size>0x20</size>
         <input_file_ref idref="fl-c"/>
      </object_component>
      <object_component id="oc-4d9">
         <name>.debug_aranges</name>
         <load_address>0x1400</load_address>
         <run_address>0x1400</run_address>
         <size>0x20</size>
         <input_file_ref idref="fl-1b"/>
      </object_component>
      <object_component id="oc-4b0">
         <name>.debug_aranges</name>
         <load_address>0x1420</load_address>
         <run_address>0x1420</run_address>
         <size>0x20</size>
         <input_file_ref idref="fl-1c"/>
      </object_component>
      <object_component id="oc-4f7">
         <name>.debug_aranges</name>
         <load_address>0x1440</load_address>
         <run_address>0x1440</run_address>
         <size>0x20</size>
         <input_file_ref idref="fl-1d"/>
      </object_component>
      <object_component id="oc-4d4">
         <name>.debug_aranges</name>
         <load_address>0x1460</load_address>
         <run_address>0x1460</run_address>
         <size>0x20</size>
         <input_file_ref idref="fl-1e"/>
      </object_component>
      <object_component id="oc-9dd">
         <name>.debug_aranges</name>
         <load_address>0x1480</load_address>
         <run_address>0x1480</run_address>
         <size>0x20</size>
         <input_file_ref idref="fl-1f"/>
      </object_component>
      <object_component id="oc-4cd">
         <name>.debug_aranges</name>
         <load_address>0x14a0</load_address>
         <run_address>0x14a0</run_address>
         <size>0x20</size>
         <input_file_ref idref="fl-20"/>
      </object_component>
      <object_component id="oc-4f1">
         <name>.debug_aranges</name>
         <load_address>0x14c0</load_address>
         <run_address>0x14c0</run_address>
         <size>0x20</size>
         <input_file_ref idref="fl-21"/>
      </object_component>
      <object_component id="oc-1166">
         <name>.debug_aranges</name>
         <load_address>0x14e0</load_address>
         <run_address>0x14e0</run_address>
         <size>0x20</size>
         <input_file_ref idref="fl-22"/>
      </object_component>
      <object_component id="oc-44a">
         <name>.debug_aranges</name>
         <load_address>0x1500</load_address>
         <run_address>0x1500</run_address>
         <size>0x20</size>
         <input_file_ref idref="fl-22"/>
      </object_component>
      <object_component id="oc-350">
         <name>.debug_aranges</name>
         <load_address>0x1520</load_address>
         <run_address>0x1520</run_address>
         <size>0x20</size>
         <input_file_ref idref="fl-22"/>
      </object_component>
      <object_component id="oc-444">
         <name>.debug_aranges</name>
         <load_address>0x1540</load_address>
         <run_address>0x1540</run_address>
         <size>0x20</size>
         <input_file_ref idref="fl-22"/>
      </object_component>
      <object_component id="oc-423">
         <name>.debug_aranges</name>
         <load_address>0x1560</load_address>
         <run_address>0x1560</run_address>
         <size>0x20</size>
         <input_file_ref idref="fl-26"/>
      </object_component>
      <object_component id="oc-462">
         <name>.debug_aranges</name>
         <load_address>0x1580</load_address>
         <run_address>0x1580</run_address>
         <size>0x20</size>
         <input_file_ref idref="fl-26"/>
      </object_component>
      <object_component id="oc-357">
         <name>.debug_aranges</name>
         <load_address>0x15a0</load_address>
         <run_address>0x15a0</run_address>
         <size>0x20</size>
         <input_file_ref idref="fl-26"/>
      </object_component>
      <object_component id="oc-45c">
         <name>.debug_aranges</name>
         <load_address>0x15c0</load_address>
         <run_address>0x15c0</run_address>
         <size>0x20</size>
         <input_file_ref idref="fl-26"/>
      </object_component>
      <object_component id="oc-211">
         <name>.debug_aranges</name>
         <load_address>0x15e0</load_address>
         <run_address>0x15e0</run_address>
         <size>0x20</size>
         <input_file_ref idref="fl-29"/>
      </object_component>
      <object_component id="oc-33d">
         <name>.debug_aranges</name>
         <load_address>0x1600</load_address>
         <run_address>0x1600</run_address>
         <size>0x20</size>
         <input_file_ref idref="fl-29"/>
      </object_component>
      <object_component id="oc-343">
         <name>.debug_aranges</name>
         <load_address>0x1620</load_address>
         <run_address>0x1620</run_address>
         <size>0x20</size>
         <input_file_ref idref="fl-29"/>
      </object_component>
      <object_component id="oc-1ff">
         <name>.debug_aranges</name>
         <load_address>0x1640</load_address>
         <run_address>0x1640</run_address>
         <size>0x20</size>
         <input_file_ref idref="fl-29"/>
      </object_component>
      <object_component id="oc-723">
         <name>.debug_aranges</name>
         <load_address>0x1660</load_address>
         <run_address>0x1660</run_address>
         <size>0x20</size>
         <input_file_ref idref="fl-29"/>
      </object_component>
      <object_component id="oc-1299">
         <name>.debug_aranges</name>
         <load_address>0x1680</load_address>
         <run_address>0x1680</run_address>
         <size>0x20</size>
         <input_file_ref idref="fl-2a"/>
      </object_component>
      <object_component id="oc-12d3">
         <name>.debug_aranges</name>
         <load_address>0x16a0</load_address>
         <run_address>0x16a0</run_address>
         <size>0x20</size>
         <input_file_ref idref="fl-2a"/>
      </object_component>
      <object_component id="oc-12de">
         <name>.debug_aranges</name>
         <load_address>0x16c0</load_address>
         <run_address>0x16c0</run_address>
         <size>0x20</size>
         <input_file_ref idref="fl-2a"/>
      </object_component>
      <object_component id="oc-12f0">
         <name>.debug_aranges</name>
         <load_address>0x16e0</load_address>
         <run_address>0x16e0</run_address>
         <size>0x20</size>
         <input_file_ref idref="fl-2a"/>
      </object_component>
      <object_component id="oc-fad">
         <name>.debug_aranges</name>
         <load_address>0x1700</load_address>
         <run_address>0x1700</run_address>
         <size>0x20</size>
         <input_file_ref idref="fl-2a"/>
      </object_component>
      <object_component id="oc-f94">
         <name>.debug_aranges</name>
         <load_address>0x1720</load_address>
         <run_address>0x1720</run_address>
         <size>0x20</size>
         <input_file_ref idref="fl-2a"/>
      </object_component>
      <object_component id="oc-fa7">
         <name>.debug_aranges</name>
         <load_address>0x1740</load_address>
         <run_address>0x1740</run_address>
         <size>0x20</size>
         <input_file_ref idref="fl-2a"/>
      </object_component>
      <object_component id="oc-fa1">
         <name>.debug_aranges</name>
         <load_address>0x1760</load_address>
         <run_address>0x1760</run_address>
         <size>0x20</size>
         <input_file_ref idref="fl-2a"/>
      </object_component>
      <object_component id="oc-f9a">
         <name>.debug_aranges</name>
         <load_address>0x1780</load_address>
         <run_address>0x1780</run_address>
         <size>0x20</size>
         <input_file_ref idref="fl-2a"/>
      </object_component>
      <object_component id="oc-f8e">
         <name>.debug_aranges</name>
         <load_address>0x17a0</load_address>
         <run_address>0x17a0</run_address>
         <size>0x20</size>
         <input_file_ref idref="fl-2a"/>
      </object_component>
      <object_component id="oc-15cc">
         <name>.debug_aranges</name>
         <load_address>0x17c0</load_address>
         <run_address>0x17c0</run_address>
         <size>0x20</size>
         <input_file_ref idref="fl-2a"/>
      </object_component>
      <object_component id="oc-12d9">
         <name>.debug_aranges</name>
         <load_address>0x17e0</load_address>
         <run_address>0x17e0</run_address>
         <size>0x20</size>
         <input_file_ref idref="fl-2a"/>
      </object_component>
      <object_component id="oc-12ab">
         <name>.debug_aranges</name>
         <load_address>0x1800</load_address>
         <run_address>0x1800</run_address>
         <size>0x20</size>
         <input_file_ref idref="fl-2b"/>
      </object_component>
      <object_component id="oc-f44">
         <name>.debug_aranges</name>
         <load_address>0x1820</load_address>
         <run_address>0x1820</run_address>
         <size>0x20</size>
         <input_file_ref idref="fl-2b"/>
      </object_component>
      <object_component id="oc-b27">
         <name>.debug_aranges</name>
         <load_address>0x1840</load_address>
         <run_address>0x1840</run_address>
         <size>0x20</size>
         <input_file_ref idref="fl-2b"/>
      </object_component>
      <object_component id="oc-b21">
         <name>.debug_aranges</name>
         <load_address>0x1860</load_address>
         <run_address>0x1860</run_address>
         <size>0x20</size>
         <input_file_ref idref="fl-2b"/>
      </object_component>
      <object_component id="oc-12b4">
         <name>.debug_aranges</name>
         <load_address>0x1880</load_address>
         <run_address>0x1880</run_address>
         <size>0x20</size>
         <input_file_ref idref="fl-2b"/>
      </object_component>
      <object_component id="oc-1280">
         <name>.debug_aranges</name>
         <load_address>0x18a0</load_address>
         <run_address>0x18a0</run_address>
         <size>0x20</size>
         <input_file_ref idref="fl-2b"/>
      </object_component>
      <object_component id="oc-12c0">
         <name>.debug_aranges</name>
         <load_address>0x18c0</load_address>
         <run_address>0x18c0</run_address>
         <size>0x20</size>
         <input_file_ref idref="fl-2b"/>
      </object_component>
      <object_component id="oc-32a">
         <name>.debug_aranges</name>
         <load_address>0x18e0</load_address>
         <run_address>0x18e0</run_address>
         <size>0x20</size>
         <input_file_ref idref="fl-2b"/>
      </object_component>
      <object_component id="oc-1f9">
         <name>.debug_aranges</name>
         <load_address>0x1900</load_address>
         <run_address>0x1900</run_address>
         <size>0x20</size>
         <input_file_ref idref="fl-2b"/>
      </object_component>
      <object_component id="oc-1888">
         <name>.debug_aranges</name>
         <load_address>0x1920</load_address>
         <run_address>0x1920</run_address>
         <size>0x20</size>
         <input_file_ref idref="fl-2b"/>
      </object_component>
      <object_component id="oc-1286">
         <name>.debug_aranges</name>
         <load_address>0x1940</load_address>
         <run_address>0x1940</run_address>
         <size>0x20</size>
         <input_file_ref idref="fl-2b"/>
      </object_component>
      <object_component id="oc-12bb">
         <name>.debug_aranges</name>
         <load_address>0x1960</load_address>
         <run_address>0x1960</run_address>
         <size>0x20</size>
         <input_file_ref idref="fl-2b"/>
      </object_component>
      <object_component id="oc-128d">
         <name>.debug_aranges</name>
         <load_address>0x1980</load_address>
         <run_address>0x1980</run_address>
         <size>0x20</size>
         <input_file_ref idref="fl-2b"/>
      </object_component>
      <object_component id="oc-135c">
         <name>.debug_aranges</name>
         <load_address>0x19a0</load_address>
         <run_address>0x19a0</run_address>
         <size>0x20</size>
         <input_file_ref idref="fl-2f"/>
      </object_component>
      <object_component id="oc-1368">
         <name>.debug_aranges</name>
         <load_address>0x19c0</load_address>
         <run_address>0x19c0</run_address>
         <size>0x20</size>
         <input_file_ref idref="fl-2f"/>
      </object_component>
      <object_component id="oc-1362">
         <name>.debug_aranges</name>
         <load_address>0x19e0</load_address>
         <run_address>0x19e0</run_address>
         <size>0x20</size>
         <input_file_ref idref="fl-2f"/>
      </object_component>
      <object_component id="oc-1332">
         <name>.debug_aranges</name>
         <load_address>0x1a00</load_address>
         <run_address>0x1a00</run_address>
         <size>0x20</size>
         <input_file_ref idref="fl-2f"/>
      </object_component>
      <object_component id="oc-134a">
         <name>.debug_aranges</name>
         <load_address>0x1a20</load_address>
         <run_address>0x1a20</run_address>
         <size>0x20</size>
         <input_file_ref idref="fl-2f"/>
      </object_component>
      <object_component id="oc-1350">
         <name>.debug_aranges</name>
         <load_address>0x1a40</load_address>
         <run_address>0x1a40</run_address>
         <size>0x20</size>
         <input_file_ref idref="fl-2f"/>
      </object_component>
      <object_component id="oc-1647">
         <name>.debug_aranges</name>
         <load_address>0x1a60</load_address>
         <run_address>0x1a60</run_address>
         <size>0x20</size>
         <input_file_ref idref="fl-2f"/>
      </object_component>
      <object_component id="oc-163b">
         <name>.debug_aranges</name>
         <load_address>0x1a80</load_address>
         <run_address>0x1a80</run_address>
         <size>0x20</size>
         <input_file_ref idref="fl-2f"/>
      </object_component>
      <object_component id="oc-162f">
         <name>.debug_aranges</name>
         <load_address>0x1aa0</load_address>
         <run_address>0x1aa0</run_address>
         <size>0x20</size>
         <input_file_ref idref="fl-2f"/>
      </object_component>
      <object_component id="oc-fe8">
         <name>.debug_aranges</name>
         <load_address>0x1ac0</load_address>
         <run_address>0x1ac0</run_address>
         <size>0x20</size>
         <input_file_ref idref="fl-2f"/>
      </object_component>
      <object_component id="oc-fe2">
         <name>.debug_aranges</name>
         <load_address>0x1ae0</load_address>
         <run_address>0x1ae0</run_address>
         <size>0x20</size>
         <input_file_ref idref="fl-2f"/>
      </object_component>
      <object_component id="oc-fd6">
         <name>.debug_aranges</name>
         <load_address>0x1b00</load_address>
         <run_address>0x1b00</run_address>
         <size>0x20</size>
         <input_file_ref idref="fl-2f"/>
      </object_component>
      <object_component id="oc-fb8">
         <name>.debug_aranges</name>
         <load_address>0x1b20</load_address>
         <run_address>0x1b20</run_address>
         <size>0x20</size>
         <input_file_ref idref="fl-2f"/>
      </object_component>
      <object_component id="oc-fca">
         <name>.debug_aranges</name>
         <load_address>0x1b40</load_address>
         <run_address>0x1b40</run_address>
         <size>0x20</size>
         <input_file_ref idref="fl-2f"/>
      </object_component>
      <object_component id="oc-fc4">
         <name>.debug_aranges</name>
         <load_address>0x1b60</load_address>
         <run_address>0x1b60</run_address>
         <size>0x20</size>
         <input_file_ref idref="fl-2f"/>
      </object_component>
      <object_component id="oc-fbe">
         <name>.debug_aranges</name>
         <load_address>0x1b80</load_address>
         <run_address>0x1b80</run_address>
         <size>0x20</size>
         <input_file_ref idref="fl-2f"/>
      </object_component>
      <object_component id="oc-fce">
         <name>.debug_aranges</name>
         <load_address>0x1ba0</load_address>
         <run_address>0x1ba0</run_address>
         <size>0x20</size>
         <input_file_ref idref="fl-2f"/>
      </object_component>
      <object_component id="oc-fda">
         <name>.debug_aranges</name>
         <load_address>0x1bc0</load_address>
         <run_address>0x1bc0</run_address>
         <size>0x20</size>
         <input_file_ref idref="fl-2f"/>
      </object_component>
      <object_component id="oc-fec">
         <name>.debug_aranges</name>
         <load_address>0x1be0</load_address>
         <run_address>0x1be0</run_address>
         <size>0x20</size>
         <input_file_ref idref="fl-2f"/>
      </object_component>
      <object_component id="oc-1627">
         <name>.debug_aranges</name>
         <load_address>0x1c00</load_address>
         <run_address>0x1c00</run_address>
         <size>0x20</size>
         <input_file_ref idref="fl-2f"/>
      </object_component>
      <object_component id="oc-1633">
         <name>.debug_aranges</name>
         <load_address>0x1c20</load_address>
         <run_address>0x1c20</run_address>
         <size>0x20</size>
         <input_file_ref idref="fl-2f"/>
      </object_component>
      <object_component id="oc-161d">
         <name>.debug_aranges</name>
         <load_address>0x1c40</load_address>
         <run_address>0x1c40</run_address>
         <size>0x20</size>
         <input_file_ref idref="fl-2f"/>
      </object_component>
      <object_component id="oc-1354">
         <name>.debug_aranges</name>
         <load_address>0x1c60</load_address>
         <run_address>0x1c60</run_address>
         <size>0x20</size>
         <input_file_ref idref="fl-2f"/>
      </object_component>
      <object_component id="oc-163f">
         <name>.debug_aranges</name>
         <load_address>0x1c80</load_address>
         <run_address>0x1c80</run_address>
         <size>0x20</size>
         <input_file_ref idref="fl-2f"/>
      </object_component>
      <object_component id="oc-157e">
         <name>.debug_aranges</name>
         <load_address>0x1ca0</load_address>
         <run_address>0x1ca0</run_address>
         <size>0x20</size>
         <input_file_ref idref="fl-31"/>
      </object_component>
      <object_component id="oc-1587">
         <name>.debug_aranges</name>
         <load_address>0x1cc0</load_address>
         <run_address>0x1cc0</run_address>
         <size>0x20</size>
         <input_file_ref idref="fl-31"/>
      </object_component>
      <object_component id="oc-1245">
         <name>.debug_aranges</name>
         <load_address>0x1ce0</load_address>
         <run_address>0x1ce0</run_address>
         <size>0x20</size>
         <input_file_ref idref="fl-31"/>
      </object_component>
      <object_component id="oc-123f">
         <name>.debug_aranges</name>
         <load_address>0x1d00</load_address>
         <run_address>0x1d00</run_address>
         <size>0x20</size>
         <input_file_ref idref="fl-31"/>
      </object_component>
      <object_component id="oc-17af">
         <name>.debug_aranges</name>
         <load_address>0x1d20</load_address>
         <run_address>0x1d20</run_address>
         <size>0x20</size>
         <input_file_ref idref="fl-32"/>
      </object_component>
      <object_component id="oc-1323">
         <name>.debug_aranges</name>
         <load_address>0x1d40</load_address>
         <run_address>0x1d40</run_address>
         <size>0x20</size>
         <input_file_ref idref="fl-32"/>
      </object_component>
      <object_component id="oc-1378">
         <name>.debug_aranges</name>
         <load_address>0x1d60</load_address>
         <run_address>0x1d60</run_address>
         <size>0x20</size>
         <input_file_ref idref="fl-32"/>
      </object_component>
      <object_component id="oc-1345">
         <name>.debug_aranges</name>
         <load_address>0x1d80</load_address>
         <run_address>0x1d80</run_address>
         <size>0x20</size>
         <input_file_ref idref="fl-32"/>
      </object_component>
      <object_component id="oc-6c4">
         <name>.debug_aranges</name>
         <load_address>0x1da0</load_address>
         <run_address>0x1da0</run_address>
         <size>0x20</size>
         <input_file_ref idref="fl-36"/>
      </object_component>
      <object_component id="oc-6d8">
         <name>.debug_aranges</name>
         <load_address>0x1dc0</load_address>
         <run_address>0x1dc0</run_address>
         <size>0x20</size>
         <input_file_ref idref="fl-36"/>
      </object_component>
      <object_component id="oc-6d2">
         <name>.debug_aranges</name>
         <load_address>0x1de0</load_address>
         <run_address>0x1de0</run_address>
         <size>0x20</size>
         <input_file_ref idref="fl-36"/>
      </object_component>
      <object_component id="oc-17bc">
         <name>.debug_aranges</name>
         <load_address>0x1e00</load_address>
         <run_address>0x1e00</run_address>
         <size>0x20</size>
         <input_file_ref idref="fl-3a"/>
      </object_component>
      <object_component id="oc-17b6">
         <name>.debug_aranges</name>
         <load_address>0x1e20</load_address>
         <run_address>0x1e20</run_address>
         <size>0x20</size>
         <input_file_ref idref="fl-3a"/>
      </object_component>
      <object_component id="oc-131c">
         <name>.debug_aranges</name>
         <load_address>0x1e40</load_address>
         <run_address>0x1e40</run_address>
         <size>0x20</size>
         <input_file_ref idref="fl-3a"/>
      </object_component>
      <object_component id="oc-133d">
         <name>.debug_aranges</name>
         <load_address>0x1e60</load_address>
         <run_address>0x1e60</run_address>
         <size>0x20</size>
         <input_file_ref idref="fl-3a"/>
      </object_component>
      <object_component id="oc-1337">
         <name>.debug_aranges</name>
         <load_address>0x1e80</load_address>
         <run_address>0x1e80</run_address>
         <size>0x20</size>
         <input_file_ref idref="fl-3a"/>
      </object_component>
      <object_component id="oc-35f">
         <name>.debug_aranges</name>
         <load_address>0x1ea0</load_address>
         <run_address>0x1ea0</run_address>
         <size>0x20</size>
         <input_file_ref idref="fl-3b"/>
      </object_component>
      <object_component id="oc-129f">
         <name>.debug_aranges</name>
         <load_address>0x1ec0</load_address>
         <run_address>0x1ec0</run_address>
         <size>0x20</size>
         <input_file_ref idref="fl-3b"/>
      </object_component>
      <object_component id="oc-70a">
         <name>.debug_aranges</name>
         <load_address>0x1ee0</load_address>
         <run_address>0x1ee0</run_address>
         <size>0x20</size>
         <input_file_ref idref="fl-3b"/>
      </object_component>
      <object_component id="oc-704">
         <name>.debug_aranges</name>
         <load_address>0x1f00</load_address>
         <run_address>0x1f00</run_address>
         <size>0x20</size>
         <input_file_ref idref="fl-3b"/>
      </object_component>
      <object_component id="oc-12fc">
         <name>.debug_aranges</name>
         <load_address>0x1f20</load_address>
         <run_address>0x1f20</run_address>
         <size>0x20</size>
         <input_file_ref idref="fl-3c"/>
      </object_component>
      <object_component id="oc-12ea">
         <name>.debug_aranges</name>
         <load_address>0x1f40</load_address>
         <run_address>0x1f40</run_address>
         <size>0x20</size>
         <input_file_ref idref="fl-3c"/>
      </object_component>
      <object_component id="oc-12a6">
         <name>.debug_aranges</name>
         <load_address>0x1f60</load_address>
         <run_address>0x1f60</run_address>
         <size>0x20</size>
         <input_file_ref idref="fl-3c"/>
      </object_component>
      <object_component id="oc-12cc">
         <name>.debug_aranges</name>
         <load_address>0x1f80</load_address>
         <run_address>0x1f80</run_address>
         <size>0x20</size>
         <input_file_ref idref="fl-3c"/>
      </object_component>
      <object_component id="oc-12c7">
         <name>.debug_aranges</name>
         <load_address>0x1fa0</load_address>
         <run_address>0x1fa0</run_address>
         <size>0x20</size>
         <input_file_ref idref="fl-3c"/>
      </object_component>
      <object_component id="oc-b1c">
         <name>.debug_aranges</name>
         <load_address>0x1fc0</load_address>
         <run_address>0x1fc0</run_address>
         <size>0x20</size>
         <input_file_ref idref="fl-3d"/>
      </object_component>
      <object_component id="oc-1077">
         <name>.debug_aranges</name>
         <load_address>0x1fe0</load_address>
         <run_address>0x1fe0</run_address>
         <size>0x20</size>
         <input_file_ref idref="fl-3d"/>
      </object_component>
      <object_component id="oc-c1a">
         <name>.debug_aranges</name>
         <load_address>0x2000</load_address>
         <run_address>0x2000</run_address>
         <size>0x20</size>
         <input_file_ref idref="fl-3d"/>
      </object_component>
      <object_component id="oc-144a">
         <name>.debug_aranges</name>
         <load_address>0x2020</load_address>
         <run_address>0x2020</run_address>
         <size>0x20</size>
         <input_file_ref idref="fl-3d"/>
      </object_component>
      <object_component id="oc-87b">
         <name>.debug_aranges</name>
         <load_address>0x2040</load_address>
         <run_address>0x2040</run_address>
         <size>0x20</size>
         <input_file_ref idref="fl-3d"/>
      </object_component>
      <object_component id="oc-9cc">
         <name>.debug_aranges</name>
         <load_address>0x2060</load_address>
         <run_address>0x2060</run_address>
         <size>0x20</size>
         <input_file_ref idref="fl-3d"/>
      </object_component>
      <object_component id="oc-cc1">
         <name>.debug_aranges</name>
         <load_address>0x2080</load_address>
         <run_address>0x2080</run_address>
         <size>0x20</size>
         <input_file_ref idref="fl-3d"/>
      </object_component>
      <object_component id="oc-82c">
         <name>.debug_aranges</name>
         <load_address>0x20a0</load_address>
         <run_address>0x20a0</run_address>
         <size>0x20</size>
         <input_file_ref idref="fl-3d"/>
      </object_component>
      <object_component id="oc-153d">
         <name>.debug_aranges</name>
         <load_address>0x20c0</load_address>
         <run_address>0x20c0</run_address>
         <size>0x20</size>
         <input_file_ref idref="fl-3d"/>
      </object_component>
      <object_component id="oc-1255">
         <name>.debug_aranges</name>
         <load_address>0x20e0</load_address>
         <run_address>0x20e0</run_address>
         <size>0x20</size>
         <input_file_ref idref="fl-3d"/>
      </object_component>
      <object_component id="oc-7de">
         <name>.debug_aranges</name>
         <load_address>0x2100</load_address>
         <run_address>0x2100</run_address>
         <size>0x20</size>
         <input_file_ref idref="fl-3d"/>
      </object_component>
      <object_component id="oc-c20">
         <name>.debug_aranges</name>
         <load_address>0x2120</load_address>
         <run_address>0x2120</run_address>
         <size>0x20</size>
         <input_file_ref idref="fl-3d"/>
      </object_component>
      <object_component id="oc-1457">
         <name>.debug_aranges</name>
         <load_address>0x2140</load_address>
         <run_address>0x2140</run_address>
         <size>0x20</size>
         <input_file_ref idref="fl-3d"/>
      </object_component>
      <object_component id="oc-13d0">
         <name>.debug_aranges</name>
         <load_address>0x2160</load_address>
         <run_address>0x2160</run_address>
         <size>0x20</size>
         <input_file_ref idref="fl-3d"/>
      </object_component>
      <object_component id="oc-1071">
         <name>.debug_aranges</name>
         <load_address>0x2180</load_address>
         <run_address>0x2180</run_address>
         <size>0x20</size>
         <input_file_ref idref="fl-3d"/>
      </object_component>
      <object_component id="oc-c5f">
         <name>.debug_aranges</name>
         <load_address>0x21a0</load_address>
         <run_address>0x21a0</run_address>
         <size>0x20</size>
         <input_file_ref idref="fl-3d"/>
      </object_component>
      <object_component id="oc-7e4">
         <name>.debug_aranges</name>
         <load_address>0x21c0</load_address>
         <run_address>0x21c0</run_address>
         <size>0x20</size>
         <input_file_ref idref="fl-3d"/>
      </object_component>
      <object_component id="oc-10ed">
         <name>.debug_aranges</name>
         <load_address>0x21e0</load_address>
         <run_address>0x21e0</run_address>
         <size>0x20</size>
         <input_file_ref idref="fl-3d"/>
      </object_component>
      <object_component id="oc-cae">
         <name>.debug_aranges</name>
         <load_address>0x2200</load_address>
         <run_address>0x2200</run_address>
         <size>0x20</size>
         <input_file_ref idref="fl-3d"/>
      </object_component>
      <object_component id="oc-826">
         <name>.debug_aranges</name>
         <load_address>0x2220</load_address>
         <run_address>0x2220</run_address>
         <size>0x20</size>
         <input_file_ref idref="fl-3d"/>
      </object_component>
      <object_component id="oc-9c3">
         <name>.debug_aranges</name>
         <load_address>0x2240</load_address>
         <run_address>0x2240</run_address>
         <size>0x20</size>
         <input_file_ref idref="fl-3d"/>
      </object_component>
      <object_component id="oc-49f">
         <name>.debug_aranges</name>
         <load_address>0x2260</load_address>
         <run_address>0x2260</run_address>
         <size>0x20</size>
         <input_file_ref idref="fl-3d"/>
      </object_component>
      <object_component id="oc-85b">
         <name>.debug_aranges</name>
         <load_address>0x2280</load_address>
         <run_address>0x2280</run_address>
         <size>0x20</size>
         <input_file_ref idref="fl-3d"/>
      </object_component>
      <object_component id="oc-183a">
         <name>.debug_aranges</name>
         <load_address>0x22a0</load_address>
         <run_address>0x22a0</run_address>
         <size>0x20</size>
         <input_file_ref idref="fl-3d"/>
      </object_component>
      <object_component id="oc-7ab">
         <name>.debug_aranges</name>
         <load_address>0x22c0</load_address>
         <run_address>0x22c0</run_address>
         <size>0x20</size>
         <input_file_ref idref="fl-3d"/>
      </object_component>
      <object_component id="oc-855">
         <name>.debug_aranges</name>
         <load_address>0x22e0</load_address>
         <run_address>0x22e0</run_address>
         <size>0x20</size>
         <input_file_ref idref="fl-3d"/>
      </object_component>
      <object_component id="oc-1202">
         <name>.debug_aranges</name>
         <load_address>0x2300</load_address>
         <run_address>0x2300</run_address>
         <size>0x20</size>
         <input_file_ref idref="fl-3d"/>
      </object_component>
      <object_component id="oc-393">
         <name>.debug_aranges</name>
         <load_address>0x2320</load_address>
         <run_address>0x2320</run_address>
         <size>0x20</size>
         <input_file_ref idref="fl-3d"/>
      </object_component>
      <object_component id="oc-3a8">
         <name>.debug_aranges</name>
         <load_address>0x2340</load_address>
         <run_address>0x2340</run_address>
         <size>0x20</size>
         <input_file_ref idref="fl-3d"/>
      </object_component>
      <object_component id="oc-f65">
         <name>.debug_aranges</name>
         <load_address>0x2360</load_address>
         <run_address>0x2360</run_address>
         <size>0x20</size>
         <input_file_ref idref="fl-3d"/>
      </object_component>
      <object_component id="oc-b34">
         <name>.debug_aranges</name>
         <load_address>0x2380</load_address>
         <run_address>0x2380</run_address>
         <size>0x20</size>
         <input_file_ref idref="fl-3d"/>
      </object_component>
      <object_component id="oc-ca8">
         <name>.debug_aranges</name>
         <load_address>0x23a0</load_address>
         <run_address>0x23a0</run_address>
         <size>0x20</size>
         <input_file_ref idref="fl-3d"/>
      </object_component>
      <object_component id="oc-b16">
         <name>.debug_aranges</name>
         <load_address>0x23c0</load_address>
         <run_address>0x23c0</run_address>
         <size>0x20</size>
         <input_file_ref idref="fl-3d"/>
      </object_component>
      <object_component id="oc-1833">
         <name>.debug_aranges</name>
         <load_address>0x23e0</load_address>
         <run_address>0x23e0</run_address>
         <size>0x20</size>
         <input_file_ref idref="fl-3d"/>
      </object_component>
      <object_component id="oc-1450">
         <name>.debug_aranges</name>
         <load_address>0x2400</load_address>
         <run_address>0x2400</run_address>
         <size>0x20</size>
         <input_file_ref idref="fl-3d"/>
      </object_component>
      <object_component id="oc-11fc">
         <name>.debug_aranges</name>
         <load_address>0x2420</load_address>
         <run_address>0x2420</run_address>
         <size>0x20</size>
         <input_file_ref idref="fl-3d"/>
      </object_component>
      <object_component id="oc-187b">
         <name>.debug_aranges</name>
         <load_address>0x2440</load_address>
         <run_address>0x2440</run_address>
         <size>0x20</size>
         <input_file_ref idref="fl-3d"/>
      </object_component>
      <object_component id="oc-499">
         <name>.debug_aranges</name>
         <load_address>0x2460</load_address>
         <run_address>0x2460</run_address>
         <size>0x20</size>
         <input_file_ref idref="fl-3d"/>
      </object_component>
      <object_component id="oc-407">
         <name>.debug_aranges</name>
         <load_address>0x2480</load_address>
         <run_address>0x2480</run_address>
         <size>0x20</size>
         <input_file_ref idref="fl-3d"/>
      </object_component>
      <object_component id="oc-37f">
         <name>.debug_aranges</name>
         <load_address>0x24a0</load_address>
         <run_address>0x24a0</run_address>
         <size>0x20</size>
         <input_file_ref idref="fl-3d"/>
      </object_component>
      <object_component id="oc-1842">
         <name>.debug_aranges</name>
         <load_address>0x24c0</load_address>
         <run_address>0x24c0</run_address>
         <size>0x20</size>
         <input_file_ref idref="fl-3d"/>
      </object_component>
      <object_component id="oc-bd8">
         <name>.debug_aranges</name>
         <load_address>0x24e0</load_address>
         <run_address>0x24e0</run_address>
         <size>0x20</size>
         <input_file_ref idref="fl-3d"/>
      </object_component>
      <object_component id="oc-13c8">
         <name>.debug_aranges</name>
         <load_address>0x2500</load_address>
         <run_address>0x2500</run_address>
         <size>0x20</size>
         <input_file_ref idref="fl-3d"/>
      </object_component>
      <object_component id="oc-1108">
         <name>.debug_aranges</name>
         <load_address>0x2520</load_address>
         <run_address>0x2520</run_address>
         <size>0x20</size>
         <input_file_ref idref="fl-3d"/>
      </object_component>
      <object_component id="oc-1857">
         <name>.debug_aranges</name>
         <load_address>0x2540</load_address>
         <run_address>0x2540</run_address>
         <size>0x20</size>
         <input_file_ref idref="fl-3d"/>
      </object_component>
      <object_component id="oc-1873">
         <name>.debug_aranges</name>
         <load_address>0x2560</load_address>
         <run_address>0x2560</run_address>
         <size>0x20</size>
         <input_file_ref idref="fl-3d"/>
      </object_component>
      <object_component id="oc-1443">
         <name>.debug_aranges</name>
         <load_address>0x2580</load_address>
         <run_address>0x2580</run_address>
         <size>0x20</size>
         <input_file_ref idref="fl-3d"/>
      </object_component>
      <object_component id="oc-480">
         <name>.debug_aranges</name>
         <load_address>0x25a0</load_address>
         <run_address>0x25a0</run_address>
         <size>0x20</size>
         <input_file_ref idref="fl-3d"/>
      </object_component>
      <object_component id="oc-11f5">
         <name>.debug_aranges</name>
         <load_address>0x25c0</load_address>
         <run_address>0x25c0</run_address>
         <size>0x20</size>
         <input_file_ref idref="fl-3d"/>
      </object_component>
      <object_component id="oc-179f">
         <name>.debug_aranges</name>
         <load_address>0x25e0</load_address>
         <run_address>0x25e0</run_address>
         <size>0x20</size>
         <input_file_ref idref="fl-3d"/>
      </object_component>
      <object_component id="oc-184e">
         <name>.debug_aranges</name>
         <load_address>0x2600</load_address>
         <run_address>0x2600</run_address>
         <size>0x20</size>
         <input_file_ref idref="fl-3d"/>
      </object_component>
      <object_component id="oc-14d0">
         <name>.debug_aranges</name>
         <load_address>0x2620</load_address>
         <run_address>0x2620</run_address>
         <size>0x20</size>
         <input_file_ref idref="fl-3d"/>
      </object_component>
      <object_component id="oc-685">
         <name>.debug_aranges</name>
         <load_address>0x2640</load_address>
         <run_address>0x2640</run_address>
         <size>0x20</size>
         <input_file_ref idref="fl-3d"/>
      </object_component>
      <object_component id="oc-14d6">
         <name>.debug_aranges</name>
         <load_address>0x2660</load_address>
         <run_address>0x2660</run_address>
         <size>0x20</size>
         <input_file_ref idref="fl-3d"/>
      </object_component>
      <object_component id="oc-14ca">
         <name>.debug_aranges</name>
         <load_address>0x2680</load_address>
         <run_address>0x2680</run_address>
         <size>0x20</size>
         <input_file_ref idref="fl-3d"/>
      </object_component>
      <object_component id="oc-14c4">
         <name>.debug_aranges</name>
         <load_address>0x26a0</load_address>
         <run_address>0x26a0</run_address>
         <size>0x20</size>
         <input_file_ref idref="fl-3d"/>
      </object_component>
      <object_component id="oc-1718">
         <name>.debug_aranges</name>
         <load_address>0x26c0</load_address>
         <run_address>0x26c0</run_address>
         <size>0x20</size>
         <input_file_ref idref="fl-3d"/>
      </object_component>
      <object_component id="oc-691">
         <name>.debug_aranges</name>
         <load_address>0x26e0</load_address>
         <run_address>0x26e0</run_address>
         <size>0x20</size>
         <input_file_ref idref="fl-3d"/>
      </object_component>
      <object_component id="oc-188e">
         <name>.debug_aranges</name>
         <load_address>0x2700</load_address>
         <run_address>0x2700</run_address>
         <size>0x20</size>
         <input_file_ref idref="fl-3d"/>
      </object_component>
      <object_component id="oc-120d">
         <name>.debug_aranges</name>
         <load_address>0x2720</load_address>
         <run_address>0x2720</run_address>
         <size>0x20</size>
         <input_file_ref idref="fl-3d"/>
      </object_component>
      <object_component id="oc-10a1">
         <name>.debug_aranges</name>
         <load_address>0x2740</load_address>
         <run_address>0x2740</run_address>
         <size>0x20</size>
         <input_file_ref idref="fl-3d"/>
      </object_component>
      <object_component id="oc-10ad">
         <name>.debug_aranges</name>
         <load_address>0x2760</load_address>
         <run_address>0x2760</run_address>
         <size>0x20</size>
         <input_file_ref idref="fl-3d"/>
      </object_component>
      <object_component id="oc-10a7">
         <name>.debug_aranges</name>
         <load_address>0x2780</load_address>
         <run_address>0x2780</run_address>
         <size>0x20</size>
         <input_file_ref idref="fl-3d"/>
      </object_component>
      <object_component id="oc-140c">
         <name>.debug_aranges</name>
         <load_address>0x27a0</load_address>
         <run_address>0x27a0</run_address>
         <size>0x20</size>
         <input_file_ref idref="fl-3d"/>
      </object_component>
      <object_component id="oc-1416">
         <name>.debug_aranges</name>
         <load_address>0x27c0</load_address>
         <run_address>0x27c0</run_address>
         <size>0x20</size>
         <input_file_ref idref="fl-3d"/>
      </object_component>
      <object_component id="oc-113a">
         <name>.debug_aranges</name>
         <load_address>0x27e0</load_address>
         <run_address>0x27e0</run_address>
         <size>0x20</size>
         <input_file_ref idref="fl-3d"/>
      </object_component>
      <object_component id="oc-429">
         <name>.debug_aranges</name>
         <load_address>0x2800</load_address>
         <run_address>0x2800</run_address>
         <size>0x20</size>
         <input_file_ref idref="fl-3d"/>
      </object_component>
      <object_component id="oc-417">
         <name>.debug_aranges</name>
         <load_address>0x2820</load_address>
         <run_address>0x2820</run_address>
         <size>0x20</size>
         <input_file_ref idref="fl-3d"/>
      </object_component>
      <object_component id="oc-885">
         <name>.debug_aranges</name>
         <load_address>0x2840</load_address>
         <run_address>0x2840</run_address>
         <size>0x20</size>
         <input_file_ref idref="fl-3d"/>
      </object_component>
      <object_component id="oc-1471">
         <name>.debug_aranges</name>
         <load_address>0x2860</load_address>
         <run_address>0x2860</run_address>
         <size>0x20</size>
         <input_file_ref idref="fl-3d"/>
      </object_component>
      <object_component id="oc-11a8">
         <name>.debug_aranges</name>
         <load_address>0x2880</load_address>
         <run_address>0x2880</run_address>
         <size>0x20</size>
         <input_file_ref idref="fl-3d"/>
      </object_component>
      <object_component id="oc-c69">
         <name>.debug_aranges</name>
         <load_address>0x28a0</load_address>
         <run_address>0x28a0</run_address>
         <size>0x20</size>
         <input_file_ref idref="fl-3d"/>
      </object_component>
      <object_component id="oc-a30">
         <name>.debug_aranges</name>
         <load_address>0x28c0</load_address>
         <run_address>0x28c0</run_address>
         <size>0x20</size>
         <input_file_ref idref="fl-3d"/>
      </object_component>
      <object_component id="oc-14a4">
         <name>.debug_aranges</name>
         <load_address>0x28e0</load_address>
         <run_address>0x28e0</run_address>
         <size>0x20</size>
         <input_file_ref idref="fl-3d"/>
      </object_component>
      <object_component id="oc-ce">
         <name>.debug_aranges</name>
         <load_address>0x2900</load_address>
         <run_address>0x2900</run_address>
         <size>0x20</size>
         <input_file_ref idref="fl-3d"/>
      </object_component>
      <object_component id="oc-c8">
         <name>.debug_aranges</name>
         <load_address>0x2920</load_address>
         <run_address>0x2920</run_address>
         <size>0x20</size>
         <input_file_ref idref="fl-3d"/>
      </object_component>
      <object_component id="oc-10da">
         <name>.debug_aranges</name>
         <load_address>0x2940</load_address>
         <run_address>0x2940</run_address>
         <size>0x20</size>
         <input_file_ref idref="fl-3d"/>
      </object_component>
      <object_component id="oc-c9b">
         <name>.debug_aranges</name>
         <load_address>0x2960</load_address>
         <run_address>0x2960</run_address>
         <size>0x20</size>
         <input_file_ref idref="fl-3d"/>
      </object_component>
      <object_component id="oc-152d">
         <name>.debug_aranges</name>
         <load_address>0x2980</load_address>
         <run_address>0x2980</run_address>
         <size>0x20</size>
         <input_file_ref idref="fl-3d"/>
      </object_component>
      <object_component id="oc-1725">
         <name>.debug_aranges</name>
         <load_address>0x29a0</load_address>
         <run_address>0x29a0</run_address>
         <size>0x20</size>
         <input_file_ref idref="fl-3d"/>
      </object_component>
      <object_component id="oc-1213">
         <name>.debug_aranges</name>
         <load_address>0x29c0</load_address>
         <run_address>0x29c0</run_address>
         <size>0x20</size>
         <input_file_ref idref="fl-3d"/>
      </object_component>
      <object_component id="oc-b01">
         <name>.debug_aranges</name>
         <load_address>0x29e0</load_address>
         <run_address>0x29e0</run_address>
         <size>0x20</size>
         <input_file_ref idref="fl-3d"/>
      </object_component>
      <object_component id="oc-c0d">
         <name>.debug_aranges</name>
         <load_address>0x2a00</load_address>
         <run_address>0x2a00</run_address>
         <size>0x20</size>
         <input_file_ref idref="fl-3d"/>
      </object_component>
      <object_component id="oc-79e">
         <name>.debug_aranges</name>
         <load_address>0x2a20</load_address>
         <run_address>0x2a20</run_address>
         <size>0x20</size>
         <input_file_ref idref="fl-3d"/>
      </object_component>
      <object_component id="oc-13d9">
         <name>.debug_aranges</name>
         <load_address>0x2a40</load_address>
         <run_address>0x2a40</run_address>
         <size>0x20</size>
         <input_file_ref idref="fl-3d"/>
      </object_component>
      <object_component id="oc-143b">
         <name>.debug_aranges</name>
         <load_address>0x2a60</load_address>
         <run_address>0x2a60</run_address>
         <size>0x20</size>
         <input_file_ref idref="fl-3d"/>
      </object_component>
      <object_component id="oc-ca1">
         <name>.debug_aranges</name>
         <load_address>0x2a80</load_address>
         <run_address>0x2a80</run_address>
         <size>0x20</size>
         <input_file_ref idref="fl-3d"/>
      </object_component>
      <object_component id="oc-370">
         <name>.debug_aranges</name>
         <load_address>0x2aa0</load_address>
         <run_address>0x2aa0</run_address>
         <size>0x20</size>
         <input_file_ref idref="fl-3d"/>
      </object_component>
      <object_component id="oc-125d">
         <name>.debug_aranges</name>
         <load_address>0x2ac0</load_address>
         <run_address>0x2ac0</run_address>
         <size>0x20</size>
         <input_file_ref idref="fl-3d"/>
      </object_component>
      <object_component id="oc-1544">
         <name>.debug_aranges</name>
         <load_address>0x2ae0</load_address>
         <run_address>0x2ae0</run_address>
         <size>0x20</size>
         <input_file_ref idref="fl-3d"/>
      </object_component>
      <object_component id="oc-1263">
         <name>.debug_aranges</name>
         <load_address>0x2b00</load_address>
         <run_address>0x2b00</run_address>
         <size>0x20</size>
         <input_file_ref idref="fl-3d"/>
      </object_component>
      <object_component id="oc-68b">
         <name>.debug_aranges</name>
         <load_address>0x2b20</load_address>
         <run_address>0x2b20</run_address>
         <size>0x20</size>
         <input_file_ref idref="fl-3d"/>
      </object_component>
      <object_component id="oc-ada">
         <name>.debug_aranges</name>
         <load_address>0x2b40</load_address>
         <run_address>0x2b40</run_address>
         <size>0x20</size>
         <input_file_ref idref="fl-3d"/>
      </object_component>
      <object_component id="oc-a7d">
         <name>.debug_aranges</name>
         <load_address>0x2b60</load_address>
         <run_address>0x2b60</run_address>
         <size>0x20</size>
         <input_file_ref idref="fl-3d"/>
      </object_component>
      <object_component id="oc-a77">
         <name>.debug_aranges</name>
         <load_address>0x2b80</load_address>
         <run_address>0x2b80</run_address>
         <size>0x20</size>
         <input_file_ref idref="fl-3d"/>
      </object_component>
      <object_component id="oc-a6b">
         <name>.debug_aranges</name>
         <load_address>0x2ba0</load_address>
         <run_address>0x2ba0</run_address>
         <size>0x20</size>
         <input_file_ref idref="fl-3d"/>
      </object_component>
      <object_component id="oc-a65">
         <name>.debug_aranges</name>
         <load_address>0x2bc0</load_address>
         <run_address>0x2bc0</run_address>
         <size>0x20</size>
         <input_file_ref idref="fl-3d"/>
      </object_component>
      <object_component id="oc-a95">
         <name>.debug_aranges</name>
         <load_address>0x2be0</load_address>
         <run_address>0x2be0</run_address>
         <size>0x20</size>
         <input_file_ref idref="fl-3d"/>
      </object_component>
      <object_component id="oc-a89">
         <name>.debug_aranges</name>
         <load_address>0x2c00</load_address>
         <run_address>0x2c00</run_address>
         <size>0x20</size>
         <input_file_ref idref="fl-3d"/>
      </object_component>
      <object_component id="oc-a71">
         <name>.debug_aranges</name>
         <load_address>0x2c20</load_address>
         <run_address>0x2c20</run_address>
         <size>0x20</size>
         <input_file_ref idref="fl-3d"/>
      </object_component>
      <object_component id="oc-a83">
         <name>.debug_aranges</name>
         <load_address>0x2c40</load_address>
         <run_address>0x2c40</run_address>
         <size>0x20</size>
         <input_file_ref idref="fl-3d"/>
      </object_component>
      <object_component id="oc-a8f">
         <name>.debug_aranges</name>
         <load_address>0x2c60</load_address>
         <run_address>0x2c60</run_address>
         <size>0x20</size>
         <input_file_ref idref="fl-3d"/>
      </object_component>
      <object_component id="oc-1e0">
         <name>.debug_aranges</name>
         <load_address>0x2c80</load_address>
         <run_address>0x2c80</run_address>
         <size>0x20</size>
         <input_file_ref idref="fl-3d"/>
      </object_component>
      <object_component id="oc-a9b">
         <name>.debug_aranges</name>
         <load_address>0x2ca0</load_address>
         <run_address>0x2ca0</run_address>
         <size>0x20</size>
         <input_file_ref idref="fl-3d"/>
      </object_component>
      <object_component id="oc-5f9">
         <name>.debug_aranges</name>
         <load_address>0x2cc0</load_address>
         <run_address>0x2cc0</run_address>
         <size>0x20</size>
         <input_file_ref idref="fl-3d"/>
      </object_component>
      <object_component id="oc-174a">
         <name>.debug_aranges</name>
         <load_address>0x2ce0</load_address>
         <run_address>0x2ce0</run_address>
         <size>0x20</size>
         <input_file_ref idref="fl-3d"/>
      </object_component>
      <object_component id="oc-1744">
         <name>.debug_aranges</name>
         <load_address>0x2d00</load_address>
         <run_address>0x2d00</run_address>
         <size>0x20</size>
         <input_file_ref idref="fl-3d"/>
      </object_component>
      <object_component id="oc-173e">
         <name>.debug_aranges</name>
         <load_address>0x2d20</load_address>
         <run_address>0x2d20</run_address>
         <size>0x20</size>
         <input_file_ref idref="fl-3d"/>
      </object_component>
      <object_component id="oc-742">
         <name>.debug_aranges</name>
         <load_address>0x2d40</load_address>
         <run_address>0x2d40</run_address>
         <size>0x20</size>
         <input_file_ref idref="fl-3d"/>
      </object_component>
      <object_component id="oc-1207">
         <name>.debug_aranges</name>
         <load_address>0x2d60</load_address>
         <run_address>0x2d60</run_address>
         <size>0x20</size>
         <input_file_ref idref="fl-3d"/>
      </object_component>
      <object_component id="oc-f77">
         <name>.debug_aranges</name>
         <load_address>0x2d80</load_address>
         <run_address>0x2d80</run_address>
         <size>0x20</size>
         <input_file_ref idref="fl-3d"/>
      </object_component>
      <object_component id="oc-f80">
         <name>.debug_aranges</name>
         <load_address>0x2da0</load_address>
         <run_address>0x2da0</run_address>
         <size>0x20</size>
         <input_file_ref idref="fl-3d"/>
      </object_component>
      <object_component id="oc-22f">
         <name>.debug_aranges</name>
         <load_address>0x2dc0</load_address>
         <run_address>0x2dc0</run_address>
         <size>0x20</size>
         <input_file_ref idref="fl-3d"/>
      </object_component>
      <object_component id="oc-afb">
         <name>.debug_aranges</name>
         <load_address>0x2de0</load_address>
         <run_address>0x2de0</run_address>
         <size>0x20</size>
         <input_file_ref idref="fl-3d"/>
      </object_component>
      <object_component id="oc-c89">
         <name>.debug_aranges</name>
         <load_address>0x2e00</load_address>
         <run_address>0x2e00</run_address>
         <size>0x20</size>
         <input_file_ref idref="fl-3d"/>
      </object_component>
      <object_component id="oc-154a">
         <name>.debug_aranges</name>
         <load_address>0x2e20</load_address>
         <run_address>0x2e20</run_address>
         <size>0x20</size>
         <input_file_ref idref="fl-3e"/>
      </object_component>
      <object_component id="oc-83">
         <name>.debug_aranges</name>
         <load_address>0x2e40</load_address>
         <run_address>0x2e40</run_address>
         <size>0x20</size>
         <input_file_ref idref="fl-3e"/>
      </object_component>
      <object_component id="oc-7d">
         <name>.debug_aranges</name>
         <load_address>0x2e60</load_address>
         <run_address>0x2e60</run_address>
         <size>0x20</size>
         <input_file_ref idref="fl-3e"/>
      </object_component>
      <object_component id="oc-124f">
         <name>.debug_aranges</name>
         <load_address>0x2e80</load_address>
         <run_address>0x2e80</run_address>
         <size>0x20</size>
         <input_file_ref idref="fl-3f"/>
      </object_component>
      <object_component id="oc-16ab">
         <name>.debug_aranges</name>
         <load_address>0x2ea0</load_address>
         <run_address>0x2ea0</run_address>
         <size>0x20</size>
         <input_file_ref idref="fl-3f"/>
      </object_component>
      <object_component id="oc-105e">
         <name>.debug_aranges</name>
         <load_address>0x2ec0</load_address>
         <run_address>0x2ec0</run_address>
         <size>0x20</size>
         <input_file_ref idref="fl-41"/>
      </object_component>
      <object_component id="oc-107e">
         <name>.debug_aranges</name>
         <load_address>0x2ee0</load_address>
         <run_address>0x2ee0</run_address>
         <size>0x20</size>
         <input_file_ref idref="fl-41"/>
      </object_component>
      <object_component id="oc-13bf">
         <name>.debug_aranges</name>
         <load_address>0x2f00</load_address>
         <run_address>0x2f00</run_address>
         <size>0x20</size>
         <input_file_ref idref="fl-41"/>
      </object_component>
      <object_component id="oc-757">
         <name>.debug_aranges</name>
         <load_address>0x2f20</load_address>
         <run_address>0x2f20</run_address>
         <size>0x20</size>
         <input_file_ref idref="fl-42"/>
      </object_component>
      <object_component id="oc-39e">
         <name>.debug_aranges</name>
         <load_address>0x2f40</load_address>
         <run_address>0x2f40</run_address>
         <size>0x20</size>
         <input_file_ref idref="fl-43"/>
      </object_component>
      <object_component id="oc-379">
         <name>.debug_aranges</name>
         <load_address>0x2f60</load_address>
         <run_address>0x2f60</run_address>
         <size>0x20</size>
         <input_file_ref idref="fl-43"/>
      </object_component>
      <object_component id="oc-bd1">
         <name>.debug_aranges</name>
         <load_address>0x2f80</load_address>
         <run_address>0x2f80</run_address>
         <size>0x20</size>
         <input_file_ref idref="fl-44"/>
      </object_component>
      <object_component id="oc-11d7">
         <name>.debug_aranges</name>
         <load_address>0x2fa0</load_address>
         <run_address>0x2fa0</run_address>
         <size>0x20</size>
         <input_file_ref idref="fl-45"/>
      </object_component>
      <object_component id="oc-389">
         <name>.debug_aranges</name>
         <load_address>0x2fc0</load_address>
         <run_address>0x2fc0</run_address>
         <size>0x20</size>
         <input_file_ref idref="fl-46"/>
      </object_component>
      <object_component id="oc-b42">
         <name>.debug_aranges</name>
         <load_address>0x2fe0</load_address>
         <run_address>0x2fe0</run_address>
         <size>0x20</size>
         <input_file_ref idref="fl-47"/>
      </object_component>
      <object_component id="oc-1654">
         <name>.debug_aranges</name>
         <load_address>0x3000</load_address>
         <run_address>0x3000</run_address>
         <size>0x20</size>
         <input_file_ref idref="fl-47"/>
      </object_component>
      <object_component id="oc-b8c">
         <name>.debug_aranges</name>
         <load_address>0x3020</load_address>
         <run_address>0x3020</run_address>
         <size>0x20</size>
         <input_file_ref idref="fl-47"/>
      </object_component>
      <object_component id="oc-18c1">
         <name>.debug_aranges</name>
         <load_address>0x3040</load_address>
         <run_address>0x3040</run_address>
         <size>0x20</size>
         <input_file_ref idref="fl-47"/>
      </object_component>
      <object_component id="oc-1881">
         <name>.debug_aranges</name>
         <load_address>0x3060</load_address>
         <run_address>0x3060</run_address>
         <size>0x20</size>
         <input_file_ref idref="fl-47"/>
      </object_component>
      <object_component id="oc-13ae">
         <name>.debug_aranges</name>
         <load_address>0x3080</load_address>
         <run_address>0x3080</run_address>
         <size>0x20</size>
         <input_file_ref idref="fl-47"/>
      </object_component>
      <object_component id="oc-398">
         <name>.debug_aranges</name>
         <load_address>0x30a0</load_address>
         <run_address>0x30a0</run_address>
         <size>0x20</size>
         <input_file_ref idref="fl-47"/>
      </object_component>
      <object_component id="oc-3af">
         <name>.debug_aranges</name>
         <load_address>0x30c0</load_address>
         <run_address>0x30c0</run_address>
         <size>0x20</size>
         <input_file_ref idref="fl-48"/>
      </object_component>
      <object_component id="oc-269">
         <name>.debug_aranges</name>
         <load_address>0x30e0</load_address>
         <run_address>0x30e0</run_address>
         <size>0x20</size>
         <input_file_ref idref="fl-48"/>
      </object_component>
      <object_component id="oc-bf8">
         <name>.debug_aranges</name>
         <load_address>0x3100</load_address>
         <run_address>0x3100</run_address>
         <size>0x20</size>
         <input_file_ref idref="fl-49"/>
      </object_component>
      <object_component id="oc-7a5">
         <name>.debug_aranges</name>
         <load_address>0x3120</load_address>
         <run_address>0x3120</run_address>
         <size>0x20</size>
         <input_file_ref idref="fl-49"/>
      </object_component>
      <object_component id="oc-b9b">
         <name>.debug_aranges</name>
         <load_address>0x3140</load_address>
         <run_address>0x3140</run_address>
         <size>0x20</size>
         <input_file_ref idref="fl-49"/>
      </object_component>
      <object_component id="oc-7d1">
         <name>.debug_aranges</name>
         <load_address>0x3160</load_address>
         <run_address>0x3160</run_address>
         <size>0x20</size>
         <input_file_ref idref="fl-49"/>
      </object_component>
      <object_component id="oc-75d">
         <name>.debug_aranges</name>
         <load_address>0x3180</load_address>
         <run_address>0x3180</run_address>
         <size>0x20</size>
         <input_file_ref idref="fl-49"/>
      </object_component>
      <object_component id="oc-69a">
         <name>.debug_aranges</name>
         <load_address>0x31a0</load_address>
         <run_address>0x31a0</run_address>
         <size>0x20</size>
         <input_file_ref idref="fl-4a"/>
      </object_component>
      <object_component id="oc-c83">
         <name>.debug_aranges</name>
         <load_address>0x31c0</load_address>
         <run_address>0x31c0</run_address>
         <size>0x20</size>
         <input_file_ref idref="fl-4a"/>
      </object_component>
      <object_component id="oc-a7">
         <name>.debug_aranges</name>
         <load_address>0x31e0</load_address>
         <run_address>0x31e0</run_address>
         <size>0x20</size>
         <input_file_ref idref="fl-4a"/>
      </object_component>
      <object_component id="oc-1487">
         <name>.debug_aranges</name>
         <load_address>0x3200</load_address>
         <run_address>0x3200</run_address>
         <size>0x20</size>
         <input_file_ref idref="fl-4b"/>
      </object_component>
      <object_component id="oc-148d">
         <name>.debug_aranges</name>
         <load_address>0x3220</load_address>
         <run_address>0x3220</run_address>
         <size>0x20</size>
         <input_file_ref idref="fl-4b"/>
      </object_component>
      <object_component id="oc-115d">
         <name>.debug_aranges</name>
         <load_address>0x3240</load_address>
         <run_address>0x3240</run_address>
         <size>0x20</size>
         <input_file_ref idref="fl-4b"/>
      </object_component>
      <object_component id="oc-18eb">
         <name>.debug_aranges</name>
         <load_address>0x3260</load_address>
         <run_address>0x3260</run_address>
         <size>0x20</size>
         <input_file_ref idref="fl-4b"/>
      </object_component>
      <object_component id="oc-d67">
         <name>.debug_aranges</name>
         <load_address>0x3280</load_address>
         <run_address>0x3280</run_address>
         <size>0x20</size>
         <input_file_ref idref="fl-4b"/>
      </object_component>
      <object_component id="oc-b5">
         <name>.debug_aranges</name>
         <load_address>0x32a0</load_address>
         <run_address>0x32a0</run_address>
         <size>0x20</size>
         <input_file_ref idref="fl-4b"/>
      </object_component>
      <object_component id="oc-8a3">
         <name>.debug_aranges</name>
         <load_address>0x32c0</load_address>
         <run_address>0x32c0</run_address>
         <size>0x20</size>
         <input_file_ref idref="fl-4b"/>
      </object_component>
      <object_component id="oc-68">
         <name>.debug_aranges</name>
         <load_address>0x32e0</load_address>
         <run_address>0x32e0</run_address>
         <size>0x20</size>
         <input_file_ref idref="fl-4b"/>
      </object_component>
      <object_component id="oc-1911">
         <name>.debug_aranges</name>
         <load_address>0x3300</load_address>
         <run_address>0x3300</run_address>
         <size>0x20</size>
         <input_file_ref idref="fl-4b"/>
      </object_component>
      <object_component id="oc-c8e">
         <name>.debug_aranges</name>
         <load_address>0x3320</load_address>
         <run_address>0x3320</run_address>
         <size>0x20</size>
         <input_file_ref idref="fl-4b"/>
      </object_component>
      <object_component id="oc-18f3">
         <name>.debug_aranges</name>
         <load_address>0x3340</load_address>
         <run_address>0x3340</run_address>
         <size>0x20</size>
         <input_file_ref idref="fl-4b"/>
      </object_component>
      <object_component id="oc-44f">
         <name>.debug_aranges</name>
         <load_address>0x3360</load_address>
         <run_address>0x3360</run_address>
         <size>0x20</size>
         <input_file_ref idref="fl-4b"/>
      </object_component>
      <object_component id="oc-11e8">
         <name>.debug_aranges</name>
         <load_address>0x3380</load_address>
         <run_address>0x3380</run_address>
         <size>0x20</size>
         <input_file_ref idref="fl-4b"/>
      </object_component>
      <object_component id="oc-1158">
         <name>.debug_aranges</name>
         <load_address>0x33a0</load_address>
         <run_address>0x33a0</run_address>
         <size>0x20</size>
         <input_file_ref idref="fl-4c"/>
      </object_component>
      <object_component id="oc-d5f">
         <name>.debug_aranges</name>
         <load_address>0x33c0</load_address>
         <run_address>0x33c0</run_address>
         <size>0x20</size>
         <input_file_ref idref="fl-4c"/>
      </object_component>
      <object_component id="oc-229">
         <name>.debug_aranges</name>
         <load_address>0x33e0</load_address>
         <run_address>0x33e0</run_address>
         <size>0x20</size>
         <input_file_ref idref="fl-4c"/>
      </object_component>
      <object_component id="oc-26f">
         <name>.debug_aranges</name>
         <load_address>0x3400</load_address>
         <run_address>0x3400</run_address>
         <size>0x20</size>
         <input_file_ref idref="fl-4c"/>
      </object_component>
      <object_component id="oc-89a">
         <name>.debug_aranges</name>
         <load_address>0x3420</load_address>
         <run_address>0x3420</run_address>
         <size>0x20</size>
         <input_file_ref idref="fl-4c"/>
      </object_component>
      <object_component id="oc-11ef">
         <name>.debug_aranges</name>
         <load_address>0x3440</load_address>
         <run_address>0x3440</run_address>
         <size>0x20</size>
         <input_file_ref idref="fl-4c"/>
      </object_component>
      <object_component id="oc-189f">
         <name>.debug_aranges</name>
         <load_address>0x3460</load_address>
         <run_address>0x3460</run_address>
         <size>0x20</size>
         <input_file_ref idref="fl-4d"/>
      </object_component>
      <object_component id="oc-b87">
         <name>.debug_aranges</name>
         <load_address>0x3480</load_address>
         <run_address>0x3480</run_address>
         <size>0x20</size>
         <input_file_ref idref="fl-4d"/>
      </object_component>
      <object_component id="oc-18e6">
         <name>.debug_aranges</name>
         <load_address>0x34a0</load_address>
         <run_address>0x34a0</run_address>
         <size>0x20</size>
         <input_file_ref idref="fl-4d"/>
      </object_component>
      <object_component id="oc-1928">
         <name>.debug_aranges</name>
         <load_address>0x34c0</load_address>
         <run_address>0x34c0</run_address>
         <size>0x20</size>
         <input_file_ref idref="fl-4d"/>
      </object_component>
      <object_component id="oc-1899">
         <name>.debug_aranges</name>
         <load_address>0x34e0</load_address>
         <run_address>0x34e0</run_address>
         <size>0x20</size>
         <input_file_ref idref="fl-4d"/>
      </object_component>
      <object_component id="oc-1801">
         <name>.debug_aranges</name>
         <load_address>0x3500</load_address>
         <run_address>0x3500</run_address>
         <size>0x20</size>
         <input_file_ref idref="fl-4d"/>
      </object_component>
      <object_component id="oc-17fb">
         <name>.debug_aranges</name>
         <load_address>0x3520</load_address>
         <run_address>0x3520</run_address>
         <size>0x20</size>
         <input_file_ref idref="fl-4d"/>
      </object_component>
      <object_component id="oc-14b1">
         <name>.debug_aranges</name>
         <load_address>0x3540</load_address>
         <run_address>0x3540</run_address>
         <size>0x20</size>
         <input_file_ref idref="fl-4d"/>
      </object_component>
      <object_component id="oc-18d6">
         <name>.debug_aranges</name>
         <load_address>0x3560</load_address>
         <run_address>0x3560</run_address>
         <size>0x20</size>
         <input_file_ref idref="fl-4f"/>
      </object_component>
      <object_component id="oc-28">
         <name>.debug_aranges</name>
         <load_address>0x3580</load_address>
         <run_address>0x3580</run_address>
         <size>0x20</size>
         <input_file_ref idref="fl-50"/>
      </object_component>
      <object_component id="oc-5e">
         <name>.debug_aranges</name>
         <load_address>0x35a0</load_address>
         <run_address>0x35a0</run_address>
         <size>0x28</size>
         <input_file_ref idref="fl-51"/>
      </object_component>
      <object_component id="oc-1229">
         <name>.debug_aranges</name>
         <load_address>0x35c8</load_address>
         <run_address>0x35c8</run_address>
         <size>0x20</size>
         <input_file_ref idref="fl-52"/>
      </object_component>
      <object_component id="oc-b2e">
         <name>.debug_aranges</name>
         <load_address>0x35e8</load_address>
         <run_address>0x35e8</run_address>
         <size>0x20</size>
         <input_file_ref idref="fl-52"/>
      </object_component>
      <object_component id="oc-b10">
         <name>.debug_aranges</name>
         <load_address>0x3608</load_address>
         <run_address>0x3608</run_address>
         <size>0x20</size>
         <input_file_ref idref="fl-52"/>
      </object_component>
      <object_component id="oc-6a0">
         <name>.debug_aranges</name>
         <load_address>0x3628</load_address>
         <run_address>0x3628</run_address>
         <size>0x20</size>
         <input_file_ref idref="fl-53"/>
      </object_component>
      <object_component id="oc-6a6">
         <name>.debug_aranges</name>
         <load_address>0x3648</load_address>
         <run_address>0x3648</run_address>
         <size>0x20</size>
         <input_file_ref idref="fl-53"/>
      </object_component>
      <object_component id="oc-6b3">
         <name>.debug_aranges</name>
         <load_address>0x3668</load_address>
         <run_address>0x3668</run_address>
         <size>0x20</size>
         <input_file_ref idref="fl-55"/>
      </object_component>
      <object_component id="oc-6bd">
         <name>.debug_aranges</name>
         <load_address>0x3688</load_address>
         <run_address>0x3688</run_address>
         <size>0x20</size>
         <input_file_ref idref="fl-55"/>
      </object_component>
      <object_component id="oc-6b7">
         <name>.debug_aranges</name>
         <load_address>0x36a8</load_address>
         <run_address>0x36a8</run_address>
         <size>0x20</size>
         <input_file_ref idref="fl-55"/>
      </object_component>
      <object_component id="oc-364">
         <name>.debug_aranges</name>
         <load_address>0x36c8</load_address>
         <run_address>0x36c8</run_address>
         <size>0x20</size>
         <input_file_ref idref="fl-56"/>
      </object_component>
      <object_component id="oc-36a">
         <name>.debug_aranges</name>
         <load_address>0x36e8</load_address>
         <run_address>0x36e8</run_address>
         <size>0x20</size>
         <input_file_ref idref="fl-56"/>
      </object_component>
      <object_component id="oc-6e6">
         <name>.debug_aranges</name>
         <load_address>0x3708</load_address>
         <run_address>0x3708</run_address>
         <size>0x20</size>
         <input_file_ref idref="fl-56"/>
      </object_component>
      <object_component id="oc-6ed">
         <name>.debug_aranges</name>
         <load_address>0x3728</load_address>
         <run_address>0x3728</run_address>
         <size>0x20</size>
         <input_file_ref idref="fl-56"/>
      </object_component>
      <object_component id="oc-6e0">
         <name>.debug_aranges</name>
         <load_address>0x3748</load_address>
         <run_address>0x3748</run_address>
         <size>0x20</size>
         <input_file_ref idref="fl-56"/>
      </object_component>
      <object_component id="oc-6fe">
         <name>.debug_aranges</name>
         <load_address>0x3768</load_address>
         <run_address>0x3768</run_address>
         <size>0x20</size>
         <input_file_ref idref="fl-56"/>
      </object_component>
      <object_component id="oc-6f8">
         <name>.debug_aranges</name>
         <load_address>0x3788</load_address>
         <run_address>0x3788</run_address>
         <size>0x20</size>
         <input_file_ref idref="fl-56"/>
      </object_component>
      <object_component id="oc-6f2">
         <name>.debug_aranges</name>
         <load_address>0x37a8</load_address>
         <run_address>0x37a8</run_address>
         <size>0x20</size>
         <input_file_ref idref="fl-56"/>
      </object_component>
      <object_component id="oc-710">
         <name>.debug_aranges</name>
         <load_address>0x37c8</load_address>
         <run_address>0x37c8</run_address>
         <size>0x20</size>
         <input_file_ref idref="fl-56"/>
      </object_component>
      <object_component id="oc-f87">
         <name>.debug_aranges</name>
         <load_address>0x37e8</load_address>
         <run_address>0x37e8</run_address>
         <size>0x20</size>
         <input_file_ref idref="fl-56"/>
      </object_component>
      <object_component id="oc-b60">
         <name>.debug_aranges</name>
         <load_address>0x3808</load_address>
         <run_address>0x3808</run_address>
         <size>0x20</size>
         <input_file_ref idref="fl-56"/>
      </object_component>
      <object_component id="oc-716">
         <name>.debug_aranges</name>
         <load_address>0x3828</load_address>
         <run_address>0x3828</run_address>
         <size>0x20</size>
         <input_file_ref idref="fl-56"/>
      </object_component>
      <object_component id="oc-15d4">
         <name>.debug_aranges</name>
         <load_address>0x3848</load_address>
         <run_address>0x3848</run_address>
         <size>0x20</size>
         <input_file_ref idref="fl-57"/>
      </object_component>
      <object_component id="oc-15ad">
         <name>.debug_aranges</name>
         <load_address>0x3868</load_address>
         <run_address>0x3868</run_address>
         <size>0x20</size>
         <input_file_ref idref="fl-57"/>
      </object_component>
      <object_component id="oc-15da">
         <name>.debug_aranges</name>
         <load_address>0x3888</load_address>
         <run_address>0x3888</run_address>
         <size>0x20</size>
         <input_file_ref idref="fl-57"/>
      </object_component>
      <object_component id="oc-15c5">
         <name>.debug_aranges</name>
         <load_address>0x38a8</load_address>
         <run_address>0x38a8</run_address>
         <size>0x20</size>
         <input_file_ref idref="fl-57"/>
      </object_component>
      <object_component id="oc-15bf">
         <name>.debug_aranges</name>
         <load_address>0x38c8</load_address>
         <run_address>0x38c8</run_address>
         <size>0x20</size>
         <input_file_ref idref="fl-57"/>
      </object_component>
      <object_component id="oc-15b3">
         <name>.debug_aranges</name>
         <load_address>0x38e8</load_address>
         <run_address>0x38e8</run_address>
         <size>0x20</size>
         <input_file_ref idref="fl-57"/>
      </object_component>
      <object_component id="oc-127a">
         <name>.debug_aranges</name>
         <load_address>0x3908</load_address>
         <run_address>0x3908</run_address>
         <size>0x20</size>
         <input_file_ref idref="fl-57"/>
      </object_component>
      <object_component id="oc-15a7">
         <name>.debug_aranges</name>
         <load_address>0x3928</load_address>
         <run_address>0x3928</run_address>
         <size>0x20</size>
         <input_file_ref idref="fl-57"/>
      </object_component>
      <object_component id="oc-15b9">
         <name>.debug_aranges</name>
         <load_address>0x3948</load_address>
         <run_address>0x3948</run_address>
         <size>0x20</size>
         <input_file_ref idref="fl-57"/>
      </object_component>
      <object_component id="oc-155b">
         <name>.debug_aranges</name>
         <load_address>0x3968</load_address>
         <run_address>0x3968</run_address>
         <size>0x20</size>
         <input_file_ref idref="fl-57"/>
      </object_component>
      <object_component id="oc-1774">
         <name>.debug_aranges</name>
         <load_address>0x3988</load_address>
         <run_address>0x3988</run_address>
         <size>0x20</size>
         <input_file_ref idref="fl-57"/>
      </object_component>
      <object_component id="oc-15a1">
         <name>.debug_aranges</name>
         <load_address>0x39a8</load_address>
         <run_address>0x39a8</run_address>
         <size>0x20</size>
         <input_file_ref idref="fl-57"/>
      </object_component>
      <object_component id="oc-1567">
         <name>.debug_aranges</name>
         <load_address>0x39c8</load_address>
         <run_address>0x39c8</run_address>
         <size>0x20</size>
         <input_file_ref idref="fl-57"/>
      </object_component>
      <object_component id="oc-12f6">
         <name>.debug_aranges</name>
         <load_address>0x39e8</load_address>
         <run_address>0x39e8</run_address>
         <size>0x20</size>
         <input_file_ref idref="fl-57"/>
      </object_component>
      <object_component id="oc-1292">
         <name>.debug_aranges</name>
         <load_address>0x3a08</load_address>
         <run_address>0x3a08</run_address>
         <size>0x20</size>
         <input_file_ref idref="fl-57"/>
      </object_component>
      <object_component id="oc-1274">
         <name>.debug_aranges</name>
         <load_address>0x3a28</load_address>
         <run_address>0x3a28</run_address>
         <size>0x20</size>
         <input_file_ref idref="fl-57"/>
      </object_component>
      <object_component id="oc-1561">
         <name>.debug_aranges</name>
         <load_address>0x3a48</load_address>
         <run_address>0x3a48</run_address>
         <size>0x20</size>
         <input_file_ref idref="fl-57"/>
      </object_component>
      <object_component id="oc-f13">
         <name>.debug_aranges</name>
         <load_address>0x3a68</load_address>
         <run_address>0x3a68</run_address>
         <size>0x20</size>
         <input_file_ref idref="fl-59"/>
      </object_component>
      <object_component id="oc-f01">
         <name>.debug_aranges</name>
         <load_address>0x3a88</load_address>
         <run_address>0x3a88</run_address>
         <size>0x20</size>
         <input_file_ref idref="fl-59"/>
      </object_component>
      <object_component id="oc-121c">
         <name>.debug_aranges</name>
         <load_address>0x3aa8</load_address>
         <run_address>0x3aa8</run_address>
         <size>0x20</size>
         <input_file_ref idref="fl-59"/>
      </object_component>
      <object_component id="oc-f1f">
         <name>.debug_aranges</name>
         <load_address>0x3ac8</load_address>
         <run_address>0x3ac8</run_address>
         <size>0x20</size>
         <input_file_ref idref="fl-59"/>
      </object_component>
      <object_component id="oc-1222">
         <name>.debug_aranges</name>
         <load_address>0x3ae8</load_address>
         <run_address>0x3ae8</run_address>
         <size>0x20</size>
         <input_file_ref idref="fl-59"/>
      </object_component>
      <object_component id="oc-6ac">
         <name>.debug_aranges</name>
         <load_address>0x3b08</load_address>
         <run_address>0x3b08</run_address>
         <size>0x20</size>
         <input_file_ref idref="fl-59"/>
      </object_component>
      <object_component id="oc-f07">
         <name>.debug_aranges</name>
         <load_address>0x3b28</load_address>
         <run_address>0x3b28</run_address>
         <size>0x20</size>
         <input_file_ref idref="fl-59"/>
      </object_component>
      <object_component id="oc-f0d">
         <name>.debug_aranges</name>
         <load_address>0x3b48</load_address>
         <run_address>0x3b48</run_address>
         <size>0x20</size>
         <input_file_ref idref="fl-59"/>
      </object_component>
      <object_component id="oc-1231">
         <name>.debug_aranges</name>
         <load_address>0x3b68</load_address>
         <run_address>0x3b68</run_address>
         <size>0x20</size>
         <input_file_ref idref="fl-59"/>
      </object_component>
      <object_component id="oc-f19">
         <name>.debug_aranges</name>
         <load_address>0x3b88</load_address>
         <run_address>0x3b88</run_address>
         <size>0x20</size>
         <input_file_ref idref="fl-59"/>
      </object_component>
      <object_component id="oc-f25">
         <name>.debug_aranges</name>
         <load_address>0x3ba8</load_address>
         <run_address>0x3ba8</run_address>
         <size>0x20</size>
         <input_file_ref idref="fl-59"/>
      </object_component>
      <object_component id="oc-af0">
         <name>.debug_aranges</name>
         <load_address>0x3bc8</load_address>
         <run_address>0x3bc8</run_address>
         <size>0x20</size>
         <input_file_ref idref="fl-59"/>
      </object_component>
      <object_component id="oc-330">
         <name>.debug_aranges</name>
         <load_address>0x3be8</load_address>
         <run_address>0x3be8</run_address>
         <size>0x20</size>
         <input_file_ref idref="fl-59"/>
      </object_component>
      <object_component id="oc-f56">
         <name>.debug_aranges</name>
         <load_address>0x3c08</load_address>
         <run_address>0x3c08</run_address>
         <size>0x20</size>
         <input_file_ref idref="fl-5a"/>
      </object_component>
      <object_component id="oc-f4a">
         <name>.debug_aranges</name>
         <load_address>0x3c28</load_address>
         <run_address>0x3c28</run_address>
         <size>0x20</size>
         <input_file_ref idref="fl-5a"/>
      </object_component>
      <object_component id="oc-138a">
         <name>.debug_aranges</name>
         <load_address>0x3c48</load_address>
         <run_address>0x3c48</run_address>
         <size>0x20</size>
         <input_file_ref idref="fl-5e"/>
      </object_component>
      <object_component id="oc-137d">
         <name>.debug_aranges</name>
         <load_address>0x3c68</load_address>
         <run_address>0x3c68</run_address>
         <size>0x20</size>
         <input_file_ref idref="fl-5e"/>
      </object_component>
      <object_component id="oc-1619">
         <name>.debug_aranges</name>
         <load_address>0x3c88</load_address>
         <run_address>0x3c88</run_address>
         <size>0x20</size>
         <input_file_ref idref="fl-5e"/>
      </object_component>
      <object_component id="oc-1607">
         <name>.debug_aranges</name>
         <load_address>0x3ca8</load_address>
         <run_address>0x3ca8</run_address>
         <size>0x20</size>
         <input_file_ref idref="fl-5e"/>
      </object_component>
      <object_component id="oc-1383">
         <name>.debug_aranges</name>
         <load_address>0x3cc8</load_address>
         <run_address>0x3cc8</run_address>
         <size>0x20</size>
         <input_file_ref idref="fl-5e"/>
      </object_component>
      <object_component id="oc-160d">
         <name>.debug_aranges</name>
         <load_address>0x3ce8</load_address>
         <run_address>0x3ce8</run_address>
         <size>0x20</size>
         <input_file_ref idref="fl-5e"/>
      </object_component>
      <object_component id="oc-1329">
         <name>.debug_aranges</name>
         <load_address>0x3d08</load_address>
         <run_address>0x3d08</run_address>
         <size>0x20</size>
         <input_file_ref idref="fl-5e"/>
      </object_component>
      <object_component id="oc-1316">
         <name>.debug_aranges</name>
         <load_address>0x3d28</load_address>
         <run_address>0x3d28</run_address>
         <size>0x20</size>
         <input_file_ref idref="fl-5e"/>
      </object_component>
      <object_component id="oc-130a">
         <name>.debug_aranges</name>
         <load_address>0x3d48</load_address>
         <run_address>0x3d48</run_address>
         <size>0x20</size>
         <input_file_ref idref="fl-5e"/>
      </object_component>
      <object_component id="oc-1310">
         <name>.debug_aranges</name>
         <load_address>0x3d68</load_address>
         <run_address>0x3d68</run_address>
         <size>0x20</size>
         <input_file_ref idref="fl-5e"/>
      </object_component>
      <object_component id="oc-f5c">
         <name>.debug_aranges</name>
         <load_address>0x3d88</load_address>
         <run_address>0x3d88</run_address>
         <size>0x20</size>
         <input_file_ref idref="fl-5f"/>
      </object_component>
      <object_component id="oc-f52">
         <name>.debug_aranges</name>
         <load_address>0x3da8</load_address>
         <run_address>0x3da8</run_address>
         <size>0x20</size>
         <input_file_ref idref="fl-5f"/>
      </object_component>
      <object_component id="oc-a42">
         <name>.debug_aranges</name>
         <load_address>0x3dc8</load_address>
         <run_address>0x3dc8</run_address>
         <size>0x30</size>
         <input_file_ref idref="fl-115"/>
      </object_component>
      <object_component id="oc-63">
         <name>.debug_aranges</name>
         <load_address>0x3df8</load_address>
         <run_address>0x3df8</run_address>
         <size>0x20</size>
         <input_file_ref idref="fl-116"/>
      </object_component>
      <object_component id="oc-14">
         <name>.debug_aranges</name>
         <load_address>0x3e18</load_address>
         <run_address>0x3e18</run_address>
         <size>0x20</size>
         <input_file_ref idref="fl-117"/>
      </object_component>
      <object_component id="oc-1b">
         <name>.debug_aranges</name>
         <load_address>0x3e38</load_address>
         <run_address>0x3e38</run_address>
         <size>0x20</size>
         <input_file_ref idref="fl-118"/>
      </object_component>
      <object_component id="oc-21">
         <name>.debug_aranges</name>
         <load_address>0x3e58</load_address>
         <run_address>0x3e58</run_address>
         <size>0x20</size>
         <input_file_ref idref="fl-119"/>
      </object_component>
      <object_component id="oc-a2">
         <name>.debug_aranges</name>
         <load_address>0x3e78</load_address>
         <run_address>0x3e78</run_address>
         <size>0x20</size>
         <input_file_ref idref="fl-11a"/>
      </object_component>
      <object_component id="oc-9d8">
         <name>.debug_aranges</name>
         <load_address>0x3e98</load_address>
         <run_address>0x3e98</run_address>
         <size>0x20</size>
         <input_file_ref idref="fl-11b"/>
      </object_component>
      <object_component id="oc-a1e">
         <name>.debug_aranges</name>
         <load_address>0x3eb8</load_address>
         <run_address>0x3eb8</run_address>
         <size>0x20</size>
         <input_file_ref idref="fl-11c"/>
      </object_component>
      <object_component id="oc-e62">
         <name>.debug_aranges</name>
         <load_address>0x3ed8</load_address>
         <run_address>0x3ed8</run_address>
         <size>0x20</size>
         <input_file_ref idref="fl-11d"/>
      </object_component>
      <object_component id="oc-27b">
         <name>.debug_aranges</name>
         <load_address>0x3ef8</load_address>
         <run_address>0x3ef8</run_address>
         <size>0x30</size>
         <input_file_ref idref="fl-11f"/>
      </object_component>
      <object_component id="oc-d05">
         <name>.debug_aranges</name>
         <load_address>0x3f28</load_address>
         <run_address>0x3f28</run_address>
         <size>0x20</size>
         <input_file_ref idref="fl-120"/>
      </object_component>
      <object_component id="oc-ce2">
         <name>.debug_aranges</name>
         <load_address>0x3f48</load_address>
         <run_address>0x3f48</run_address>
         <size>0x20</size>
         <input_file_ref idref="fl-121"/>
      </object_component>
      <object_component id="oc-cef">
         <name>.debug_aranges</name>
         <load_address>0x3f68</load_address>
         <run_address>0x3f68</run_address>
         <size>0x20</size>
         <input_file_ref idref="fl-121"/>
      </object_component>
      <object_component id="oc-ce6">
         <name>.debug_aranges</name>
         <load_address>0x3f88</load_address>
         <run_address>0x3f88</run_address>
         <size>0x20</size>
         <input_file_ref idref="fl-122"/>
      </object_component>
      <object_component id="oc-a22">
         <name>.debug_aranges</name>
         <load_address>0x3fa8</load_address>
         <run_address>0x3fa8</run_address>
         <size>0x20</size>
         <input_file_ref idref="fl-123"/>
      </object_component>
      <object_component id="oc-40b">
         <name>.debug_aranges</name>
         <load_address>0x3fc8</load_address>
         <run_address>0x3fc8</run_address>
         <size>0x20</size>
         <input_file_ref idref="fl-124"/>
      </object_component>
      <object_component id="oc-46">
         <name>.debug_aranges</name>
         <load_address>0x3fe8</load_address>
         <run_address>0x3fe8</run_address>
         <size>0x20</size>
         <input_file_ref idref="fl-125"/>
      </object_component>
      <object_component id="oc-51">
         <name>.debug_aranges</name>
         <load_address>0x4008</load_address>
         <run_address>0x4008</run_address>
         <size>0x28</size>
         <input_file_ref idref="fl-126"/>
      </object_component>
      <object_component id="oc-e69">
         <name>.debug_aranges</name>
         <load_address>0x4030</load_address>
         <run_address>0x4030</run_address>
         <size>0x20</size>
         <input_file_ref idref="fl-127"/>
      </object_component>
      <object_component id="oc-411">
         <name>.debug_aranges</name>
         <load_address>0x4050</load_address>
         <run_address>0x4050</run_address>
         <size>0x30</size>
         <input_file_ref idref="fl-128"/>
      </object_component>
      <object_component id="oc-41f">
         <name>.debug_aranges</name>
         <load_address>0x4080</load_address>
         <run_address>0x4080</run_address>
         <size>0x20</size>
         <input_file_ref idref="fl-12b"/>
      </object_component>
      <object_component id="oc-c77">
         <name>.debug_aranges</name>
         <load_address>0x40a0</load_address>
         <run_address>0x40a0</run_address>
         <size>0x70</size>
         <input_file_ref idref="fl-12c"/>
      </object_component>
      <object_component id="oc-1083">
         <name>.debug_aranges</name>
         <load_address>0x4110</load_address>
         <run_address>0x4110</run_address>
         <size>0x28</size>
         <input_file_ref idref="fl-12d"/>
      </object_component>
      <object_component id="oc-16bf">
         <name>.debug_aranges</name>
         <load_address>0x4138</load_address>
         <run_address>0x4138</run_address>
         <size>0x20</size>
         <input_file_ref idref="fl-12e"/>
      </object_component>
      <object_component id="oc-cdc">
         <name>.debug_aranges</name>
         <load_address>0x4158</load_address>
         <run_address>0x4158</run_address>
         <size>0x28</size>
         <input_file_ref idref="fl-12f"/>
      </object_component>
      <object_component id="oc-842">
         <name>.debug_aranges</name>
         <load_address>0x4180</load_address>
         <run_address>0x4180</run_address>
         <size>0x68</size>
         <input_file_ref idref="fl-130"/>
      </object_component>
      <object_component id="oc-d1c">
         <name>.debug_aranges</name>
         <load_address>0x41e8</load_address>
         <run_address>0x41e8</run_address>
         <size>0x20</size>
         <input_file_ref idref="fl-131"/>
      </object_component>
      <object_component id="oc-cec">
         <name>.debug_aranges</name>
         <load_address>0x4208</load_address>
         <run_address>0x4208</run_address>
         <size>0x20</size>
         <input_file_ref idref="fl-133"/>
      </object_component>
      <object_component id="oc-cf7">
         <name>.debug_aranges</name>
         <load_address>0x4228</load_address>
         <run_address>0x4228</run_address>
         <size>0x20</size>
         <input_file_ref idref="fl-134"/>
      </object_component>
      <object_component id="oc-17f3">
         <name>.debug_aranges</name>
         <load_address>0x4248</load_address>
         <run_address>0x4248</run_address>
         <size>0x20</size>
         <input_file_ref idref="fl-135"/>
      </object_component>
      <object_component id="oc-d00">
         <name>.debug_aranges</name>
         <load_address>0x4268</load_address>
         <run_address>0x4268</run_address>
         <size>0x20</size>
         <input_file_ref idref="fl-136"/>
      </object_component>
      <object_component id="oc-cfb">
         <name>.debug_aranges</name>
         <load_address>0x4288</load_address>
         <run_address>0x4288</run_address>
         <size>0x20</size>
         <input_file_ref idref="fl-137"/>
      </object_component>
      <object_component id="oc-d25">
         <name>.debug_aranges</name>
         <load_address>0x42a8</load_address>
         <run_address>0x42a8</run_address>
         <size>0x20</size>
         <input_file_ref idref="fl-138"/>
      </object_component>
      <object_component id="oc-1196">
         <name>.debug_aranges</name>
         <load_address>0x42c8</load_address>
         <run_address>0x42c8</run_address>
         <size>0x20</size>
         <input_file_ref idref="fl-139"/>
      </object_component>
      <object_component id="oc-d0b">
         <name>.debug_aranges</name>
         <load_address>0x42e8</load_address>
         <run_address>0x42e8</run_address>
         <size>0x20</size>
         <input_file_ref idref="fl-13a"/>
      </object_component>
      <object_component id="oc-d0f">
         <name>.debug_aranges</name>
         <load_address>0x4308</load_address>
         <run_address>0x4308</run_address>
         <size>0x20</size>
         <input_file_ref idref="fl-13b"/>
      </object_component>
      <object_component id="oc-d17">
         <name>.debug_aranges</name>
         <load_address>0x4328</load_address>
         <run_address>0x4328</run_address>
         <size>0x20</size>
         <input_file_ref idref="fl-13c"/>
      </object_component>
      <object_component id="oc-1089">
         <name>.debug_aranges</name>
         <load_address>0x4348</load_address>
         <run_address>0x4348</run_address>
         <size>0x20</size>
         <input_file_ref idref="fl-13d"/>
      </object_component>
      <object_component id="oc-1121">
         <name>.debug_aranges</name>
         <load_address>0x4368</load_address>
         <run_address>0x4368</run_address>
         <size>0x20</size>
         <input_file_ref idref="fl-13e"/>
      </object_component>
      <object_component id="oc-299">
         <name>.debug_pubnames</name>
         <load_address>0x0</load_address>
         <run_address>0x0</run_address>
         <size>0xcf</size>
         <input_file_ref idref="fl-2"/>
      </object_component>
      <object_component id="oc-72a">
         <name>.debug_pubnames</name>
         <load_address>0xcf</load_address>
         <run_address>0xcf</run_address>
         <size>0x25</size>
         <input_file_ref idref="fl-2"/>
      </object_component>
      <object_component id="oc-72d">
         <name>.debug_pubnames</name>
         <load_address>0xf4</load_address>
         <run_address>0xf4</run_address>
         <size>0x2c</size>
         <input_file_ref idref="fl-2"/>
      </object_component>
      <object_component id="oc-349">
         <name>.debug_pubnames</name>
         <load_address>0x120</load_address>
         <run_address>0x120</run_address>
         <size>0x28</size>
         <input_file_ref idref="fl-2"/>
      </object_component>
      <object_component id="oc-b71">
         <name>.debug_pubnames</name>
         <load_address>0x148</load_address>
         <run_address>0x148</run_address>
         <size>0x27</size>
         <input_file_ref idref="fl-2"/>
      </object_component>
      <object_component id="oc-737">
         <name>.debug_pubnames</name>
         <load_address>0x16f</load_address>
         <run_address>0x16f</run_address>
         <size>0x21</size>
         <input_file_ref idref="fl-2"/>
      </object_component>
      <object_component id="oc-339">
         <name>.debug_pubnames</name>
         <load_address>0x190</load_address>
         <run_address>0x190</run_address>
         <size>0x29</size>
         <input_file_ref idref="fl-2"/>
      </object_component>
      <object_component id="oc-ff6">
         <name>.debug_pubnames</name>
         <load_address>0x1b9</load_address>
         <run_address>0x1b9</run_address>
         <size>0x2a</size>
         <input_file_ref idref="fl-2"/>
      </object_component>
      <object_component id="oc-b7c">
         <name>.debug_pubnames</name>
         <load_address>0x1e3</load_address>
         <run_address>0x1e3</run_address>
         <size>0x28</size>
         <input_file_ref idref="fl-2"/>
      </object_component>
      <object_component id="oc-73e">
         <name>.debug_pubnames</name>
         <load_address>0x20b</load_address>
         <run_address>0x20b</run_address>
         <size>0x22</size>
         <input_file_ref idref="fl-2"/>
      </object_component>
      <object_component id="oc-20c">
         <name>.debug_pubnames</name>
         <load_address>0x22d</load_address>
         <run_address>0x22d</run_address>
         <size>0x2f</size>
         <input_file_ref idref="fl-2"/>
      </object_component>
      <object_component id="oc-206">
         <name>.debug_pubnames</name>
         <load_address>0x25c</load_address>
         <run_address>0x25c</run_address>
         <size>0x2e</size>
         <input_file_ref idref="fl-2"/>
      </object_component>
      <object_component id="oc-235">
         <name>.debug_pubnames</name>
         <load_address>0x28a</load_address>
         <run_address>0x28a</run_address>
         <size>0x3f1</size>
         <input_file_ref idref="fl-3"/>
      </object_component>
      <object_component id="oc-af">
         <name>.debug_pubnames</name>
         <load_address>0x67b</load_address>
         <run_address>0x67b</run_address>
         <size>0x1b</size>
         <input_file_ref idref="fl-3"/>
      </object_component>
      <object_component id="oc-986">
         <name>.debug_pubnames</name>
         <load_address>0x696</load_address>
         <run_address>0x696</run_address>
         <size>0x3c</size>
         <input_file_ref idref="fl-4"/>
      </object_component>
      <object_component id="oc-983">
         <name>.debug_pubnames</name>
         <load_address>0x6d2</load_address>
         <run_address>0x6d2</run_address>
         <size>0x1f</size>
         <input_file_ref idref="fl-4"/>
      </object_component>
      <object_component id="oc-e51">
         <name>.debug_pubnames</name>
         <load_address>0x6f1</load_address>
         <run_address>0x6f1</run_address>
         <size>0x1f</size>
         <input_file_ref idref="fl-4"/>
      </object_component>
      <object_component id="oc-e10">
         <name>.debug_pubnames</name>
         <load_address>0x710</load_address>
         <run_address>0x710</run_address>
         <size>0x4b</size>
         <input_file_ref idref="fl-4"/>
      </object_component>
      <object_component id="oc-e3c">
         <name>.debug_pubnames</name>
         <load_address>0x75b</load_address>
         <run_address>0x75b</run_address>
         <size>0x25</size>
         <input_file_ref idref="fl-4"/>
      </object_component>
      <object_component id="oc-d8b">
         <name>.debug_pubnames</name>
         <load_address>0x780</load_address>
         <run_address>0x780</run_address>
         <size>0x27</size>
         <input_file_ref idref="fl-4"/>
      </object_component>
      <object_component id="oc-db7">
         <name>.debug_pubnames</name>
         <load_address>0x7a7</load_address>
         <run_address>0x7a7</run_address>
         <size>0x2d</size>
         <input_file_ref idref="fl-4"/>
      </object_component>
      <object_component id="oc-dd5">
         <name>.debug_pubnames</name>
         <load_address>0x7d4</load_address>
         <run_address>0x7d4</run_address>
         <size>0x36</size>
         <input_file_ref idref="fl-4"/>
      </object_component>
      <object_component id="oc-dc3">
         <name>.debug_pubnames</name>
         <load_address>0x80a</load_address>
         <run_address>0x80a</run_address>
         <size>0x2f</size>
         <input_file_ref idref="fl-4"/>
      </object_component>
      <object_component id="oc-e23">
         <name>.debug_pubnames</name>
         <load_address>0x839</load_address>
         <run_address>0x839</run_address>
         <size>0x2f</size>
         <input_file_ref idref="fl-4"/>
      </object_component>
      <object_component id="oc-dee">
         <name>.debug_pubnames</name>
         <load_address>0x868</load_address>
         <run_address>0x868</run_address>
         <size>0x30</size>
         <input_file_ref idref="fl-4"/>
      </object_component>
      <object_component id="oc-df4">
         <name>.debug_pubnames</name>
         <load_address>0x898</load_address>
         <run_address>0x898</run_address>
         <size>0x30</size>
         <input_file_ref idref="fl-4"/>
      </object_component>
      <object_component id="oc-e0c">
         <name>.debug_pubnames</name>
         <load_address>0x8c8</load_address>
         <run_address>0x8c8</run_address>
         <size>0x2f</size>
         <input_file_ref idref="fl-4"/>
      </object_component>
      <object_component id="oc-e06">
         <name>.debug_pubnames</name>
         <load_address>0x8f7</load_address>
         <run_address>0x8f7</run_address>
         <size>0x36</size>
         <input_file_ref idref="fl-4"/>
      </object_component>
      <object_component id="oc-da4">
         <name>.debug_pubnames</name>
         <load_address>0x92d</load_address>
         <run_address>0x92d</run_address>
         <size>0x33</size>
         <input_file_ref idref="fl-4"/>
      </object_component>
      <object_component id="oc-e29">
         <name>.debug_pubnames</name>
         <load_address>0x960</load_address>
         <run_address>0x960</run_address>
         <size>0x2c</size>
         <input_file_ref idref="fl-4"/>
      </object_component>
      <object_component id="oc-94d">
         <name>.debug_pubnames</name>
         <load_address>0x98c</load_address>
         <run_address>0x98c</run_address>
         <size>0x2e</size>
         <input_file_ref idref="fl-4"/>
      </object_component>
      <object_component id="oc-90a">
         <name>.debug_pubnames</name>
         <load_address>0x9ba</load_address>
         <run_address>0x9ba</run_address>
         <size>0x2f</size>
         <input_file_ref idref="fl-4"/>
      </object_component>
      <object_component id="oc-904">
         <name>.debug_pubnames</name>
         <load_address>0x9e9</load_address>
         <run_address>0x9e9</run_address>
         <size>0x2f</size>
         <input_file_ref idref="fl-4"/>
      </object_component>
      <object_component id="oc-8cd">
         <name>.debug_pubnames</name>
         <load_address>0xa18</load_address>
         <run_address>0xa18</run_address>
         <size>0x29</size>
         <input_file_ref idref="fl-4"/>
      </object_component>
      <object_component id="oc-ddb">
         <name>.debug_pubnames</name>
         <load_address>0xa41</load_address>
         <run_address>0xa41</run_address>
         <size>0x31</size>
         <input_file_ref idref="fl-4"/>
      </object_component>
      <object_component id="oc-916">
         <name>.debug_pubnames</name>
         <load_address>0xa72</load_address>
         <run_address>0xa72</run_address>
         <size>0x35</size>
         <input_file_ref idref="fl-4"/>
      </object_component>
      <object_component id="oc-922">
         <name>.debug_pubnames</name>
         <load_address>0xaa7</load_address>
         <run_address>0xaa7</run_address>
         <size>0x32</size>
         <input_file_ref idref="fl-4"/>
      </object_component>
      <object_component id="oc-910">
         <name>.debug_pubnames</name>
         <load_address>0xad9</load_address>
         <run_address>0xad9</run_address>
         <size>0x34</size>
         <input_file_ref idref="fl-4"/>
      </object_component>
      <object_component id="oc-91c">
         <name>.debug_pubnames</name>
         <load_address>0xb0d</load_address>
         <run_address>0xb0d</run_address>
         <size>0x32</size>
         <input_file_ref idref="fl-4"/>
      </object_component>
      <object_component id="oc-8e5">
         <name>.debug_pubnames</name>
         <load_address>0xb3f</load_address>
         <run_address>0xb3f</run_address>
         <size>0x2c</size>
         <input_file_ref idref="fl-4"/>
      </object_component>
      <object_component id="oc-8f7">
         <name>.debug_pubnames</name>
         <load_address>0xb6b</load_address>
         <run_address>0xb6b</run_address>
         <size>0x37</size>
         <input_file_ref idref="fl-4"/>
      </object_component>
      <object_component id="oc-98a">
         <name>.debug_pubnames</name>
         <load_address>0xba2</load_address>
         <run_address>0xba2</run_address>
         <size>0x34</size>
         <input_file_ref idref="fl-4"/>
      </object_component>
      <object_component id="oc-8f1">
         <name>.debug_pubnames</name>
         <load_address>0xbd6</load_address>
         <run_address>0xbd6</run_address>
         <size>0x29</size>
         <input_file_ref idref="fl-4"/>
      </object_component>
      <object_component id="oc-8d9">
         <name>.debug_pubnames</name>
         <load_address>0xbff</load_address>
         <run_address>0xbff</run_address>
         <size>0x32</size>
         <input_file_ref idref="fl-4"/>
      </object_component>
      <object_component id="oc-96c">
         <name>.debug_pubnames</name>
         <load_address>0xc31</load_address>
         <run_address>0xc31</run_address>
         <size>0x29</size>
         <input_file_ref idref="fl-4"/>
      </object_component>
      <object_component id="oc-990">
         <name>.debug_pubnames</name>
         <load_address>0xc5a</load_address>
         <run_address>0xc5a</run_address>
         <size>0x40</size>
         <input_file_ref idref="fl-4"/>
      </object_component>
      <object_component id="oc-996">
         <name>.debug_pubnames</name>
         <load_address>0xc9a</load_address>
         <run_address>0xc9a</run_address>
         <size>0x40</size>
         <input_file_ref idref="fl-4"/>
      </object_component>
      <object_component id="oc-99c">
         <name>.debug_pubnames</name>
         <load_address>0xcda</load_address>
         <run_address>0xcda</run_address>
         <size>0x40</size>
         <input_file_ref idref="fl-4"/>
      </object_component>
      <object_component id="oc-47b">
         <name>.debug_pubnames</name>
         <load_address>0xd1a</load_address>
         <run_address>0xd1a</run_address>
         <size>0x31</size>
         <input_file_ref idref="fl-4"/>
      </object_component>
      <object_component id="oc-953">
         <name>.debug_pubnames</name>
         <load_address>0xd4b</load_address>
         <run_address>0xd4b</run_address>
         <size>0x29</size>
         <input_file_ref idref="fl-4"/>
      </object_component>
      <object_component id="oc-941">
         <name>.debug_pubnames</name>
         <load_address>0xd74</load_address>
         <run_address>0xd74</run_address>
         <size>0x32</size>
         <input_file_ref idref="fl-4"/>
      </object_component>
      <object_component id="oc-947">
         <name>.debug_pubnames</name>
         <load_address>0xda6</load_address>
         <run_address>0xda6</run_address>
         <size>0x33</size>
         <input_file_ref idref="fl-4"/>
      </object_component>
      <object_component id="oc-959">
         <name>.debug_pubnames</name>
         <load_address>0xdd9</load_address>
         <run_address>0xdd9</run_address>
         <size>0x31</size>
         <input_file_ref idref="fl-4"/>
      </object_component>
      <object_component id="oc-92f">
         <name>.debug_pubnames</name>
         <load_address>0xe0a</load_address>
         <run_address>0xe0a</run_address>
         <size>0x34</size>
         <input_file_ref idref="fl-4"/>
      </object_component>
      <object_component id="oc-93b">
         <name>.debug_pubnames</name>
         <load_address>0xe3e</load_address>
         <run_address>0xe3e</run_address>
         <size>0x32</size>
         <input_file_ref idref="fl-4"/>
      </object_component>
      <object_component id="oc-935">
         <name>.debug_pubnames</name>
         <load_address>0xe70</load_address>
         <run_address>0xe70</run_address>
         <size>0x33</size>
         <input_file_ref idref="fl-4"/>
      </object_component>
      <object_component id="oc-117f">
         <name>.debug_pubnames</name>
         <load_address>0xea3</load_address>
         <run_address>0xea3</run_address>
         <size>0x26</size>
         <input_file_ref idref="fl-4"/>
      </object_component>
      <object_component id="oc-dff">
         <name>.debug_pubnames</name>
         <load_address>0xec9</load_address>
         <run_address>0xec9</run_address>
         <size>0x37</size>
         <input_file_ref idref="fl-4"/>
      </object_component>
      <object_component id="oc-de7">
         <name>.debug_pubnames</name>
         <load_address>0xf00</load_address>
         <run_address>0xf00</run_address>
         <size>0x2f</size>
         <input_file_ref idref="fl-4"/>
      </object_component>
      <object_component id="oc-da9">
         <name>.debug_pubnames</name>
         <load_address>0xf2f</load_address>
         <run_address>0xf2f</run_address>
         <size>0x37</size>
         <input_file_ref idref="fl-4"/>
      </object_component>
      <object_component id="oc-8c7">
         <name>.debug_pubnames</name>
         <load_address>0xf66</load_address>
         <run_address>0xf66</run_address>
         <size>0x48</size>
         <input_file_ref idref="fl-4"/>
      </object_component>
      <object_component id="oc-8df">
         <name>.debug_pubnames</name>
         <load_address>0xfae</load_address>
         <run_address>0xfae</run_address>
         <size>0x2d</size>
         <input_file_ref idref="fl-4"/>
      </object_component>
      <object_component id="oc-8fd">
         <name>.debug_pubnames</name>
         <load_address>0xfdb</load_address>
         <run_address>0xfdb</run_address>
         <size>0x38</size>
         <input_file_ref idref="fl-4"/>
      </object_component>
      <object_component id="oc-966">
         <name>.debug_pubnames</name>
         <load_address>0x1013</load_address>
         <run_address>0x1013</run_address>
         <size>0x35</size>
         <input_file_ref idref="fl-4"/>
      </object_component>
      <object_component id="oc-97e">
         <name>.debug_pubnames</name>
         <load_address>0x1048</load_address>
         <run_address>0x1048</run_address>
         <size>0x41</size>
         <input_file_ref idref="fl-4"/>
      </object_component>
      <object_component id="oc-978">
         <name>.debug_pubnames</name>
         <load_address>0x1089</load_address>
         <run_address>0x1089</run_address>
         <size>0x41</size>
         <input_file_ref idref="fl-4"/>
      </object_component>
      <object_component id="oc-972">
         <name>.debug_pubnames</name>
         <load_address>0x10ca</load_address>
         <run_address>0x10ca</run_address>
         <size>0x41</size>
         <input_file_ref idref="fl-4"/>
      </object_component>
      <object_component id="oc-8eb">
         <name>.debug_pubnames</name>
         <load_address>0x110b</load_address>
         <run_address>0x110b</run_address>
         <size>0x2a</size>
         <input_file_ref idref="fl-4"/>
      </object_component>
      <object_component id="oc-9a6">
         <name>.debug_pubnames</name>
         <load_address>0x1135</load_address>
         <run_address>0x1135</run_address>
         <size>0x2b</size>
         <input_file_ref idref="fl-4"/>
      </object_component>
      <object_component id="oc-48d">
         <name>.debug_pubnames</name>
         <load_address>0x1160</load_address>
         <run_address>0x1160</run_address>
         <size>0x2b</size>
         <input_file_ref idref="fl-4"/>
      </object_component>
      <object_component id="oc-e37">
         <name>.debug_pubnames</name>
         <load_address>0x118b</load_address>
         <run_address>0x118b</run_address>
         <size>0x27</size>
         <input_file_ref idref="fl-4"/>
      </object_component>
      <object_component id="oc-9ac">
         <name>.debug_pubnames</name>
         <load_address>0x11b2</load_address>
         <run_address>0x11b2</run_address>
         <size>0x35</size>
         <input_file_ref idref="fl-4"/>
      </object_component>
      <object_component id="oc-9b2">
         <name>.debug_pubnames</name>
         <load_address>0x11e7</load_address>
         <run_address>0x11e7</run_address>
         <size>0x35</size>
         <input_file_ref idref="fl-4"/>
      </object_component>
      <object_component id="oc-9b8">
         <name>.debug_pubnames</name>
         <load_address>0x121c</load_address>
         <run_address>0x121c</run_address>
         <size>0x35</size>
         <input_file_ref idref="fl-4"/>
      </object_component>
      <object_component id="oc-95f">
         <name>.debug_pubnames</name>
         <load_address>0x1251</load_address>
         <run_address>0x1251</run_address>
         <size>0x33</size>
         <input_file_ref idref="fl-4"/>
      </object_component>
      <object_component id="oc-df9">
         <name>.debug_pubnames</name>
         <load_address>0x1284</load_address>
         <run_address>0x1284</run_address>
         <size>0x32</size>
         <input_file_ref idref="fl-4"/>
      </object_component>
      <object_component id="oc-487">
         <name>.debug_pubnames</name>
         <load_address>0x12b6</load_address>
         <run_address>0x12b6</run_address>
         <size>0x2c</size>
         <input_file_ref idref="fl-4"/>
      </object_component>
      <object_component id="oc-8b7">
         <name>.debug_pubnames</name>
         <load_address>0x12e2</load_address>
         <run_address>0x12e2</run_address>
         <size>0x22</size>
         <input_file_ref idref="fl-4"/>
      </object_component>
      <object_component id="oc-dbd">
         <name>.debug_pubnames</name>
         <load_address>0x1304</load_address>
         <run_address>0x1304</run_address>
         <size>0x2d</size>
         <input_file_ref idref="fl-4"/>
      </object_component>
      <object_component id="oc-dcf">
         <name>.debug_pubnames</name>
         <load_address>0x1331</load_address>
         <run_address>0x1331</run_address>
         <size>0x36</size>
         <input_file_ref idref="fl-4"/>
      </object_component>
      <object_component id="oc-dc9">
         <name>.debug_pubnames</name>
         <load_address>0x1367</load_address>
         <run_address>0x1367</run_address>
         <size>0x2f</size>
         <input_file_ref idref="fl-4"/>
      </object_component>
      <object_component id="oc-db1">
         <name>.debug_pubnames</name>
         <load_address>0x1396</load_address>
         <run_address>0x1396</run_address>
         <size>0x35</size>
         <input_file_ref idref="fl-4"/>
      </object_component>
      <object_component id="oc-de1">
         <name>.debug_pubnames</name>
         <load_address>0x13cb</load_address>
         <run_address>0x13cb</run_address>
         <size>0x33</size>
         <input_file_ref idref="fl-4"/>
      </object_component>
      <object_component id="oc-8c1">
         <name>.debug_pubnames</name>
         <load_address>0x13fe</load_address>
         <run_address>0x13fe</run_address>
         <size>0x29</size>
         <input_file_ref idref="fl-4"/>
      </object_component>
      <object_component id="oc-8d3">
         <name>.debug_pubnames</name>
         <load_address>0x1427</load_address>
         <run_address>0x1427</run_address>
         <size>0x37</size>
         <input_file_ref idref="fl-4"/>
      </object_component>
      <object_component id="oc-493">
         <name>.debug_pubnames</name>
         <load_address>0x145e</load_address>
         <run_address>0x145e</run_address>
         <size>0x37</size>
         <input_file_ref idref="fl-4"/>
      </object_component>
      <object_component id="oc-475">
         <name>.debug_pubnames</name>
         <load_address>0x1495</load_address>
         <run_address>0x1495</run_address>
         <size>0x33</size>
         <input_file_ref idref="fl-4"/>
      </object_component>
      <object_component id="oc-8bc">
         <name>.debug_pubnames</name>
         <load_address>0x14c8</load_address>
         <run_address>0x14c8</run_address>
         <size>0x51</size>
         <input_file_ref idref="fl-5"/>
      </object_component>
      <object_component id="oc-8b1">
         <name>.debug_pubnames</name>
         <load_address>0x1519</load_address>
         <run_address>0x1519</run_address>
         <size>0x22</size>
         <input_file_ref idref="fl-5"/>
      </object_component>
      <object_component id="oc-d84">
         <name>.debug_pubnames</name>
         <load_address>0x153b</load_address>
         <run_address>0x153b</run_address>
         <size>0x26</size>
         <input_file_ref idref="fl-5"/>
      </object_component>
      <object_component id="oc-d7e">
         <name>.debug_pubnames</name>
         <load_address>0x1561</load_address>
         <run_address>0x1561</run_address>
         <size>0x2c</size>
         <input_file_ref idref="fl-5"/>
      </object_component>
      <object_component id="oc-d78">
         <name>.debug_pubnames</name>
         <load_address>0x158d</load_address>
         <run_address>0x158d</run_address>
         <size>0x2a</size>
         <input_file_ref idref="fl-5"/>
      </object_component>
      <object_component id="oc-d72">
         <name>.debug_pubnames</name>
         <load_address>0x15b7</load_address>
         <run_address>0x15b7</run_address>
         <size>0x2b</size>
         <input_file_ref idref="fl-5"/>
      </object_component>
      <object_component id="oc-929">
         <name>.debug_pubnames</name>
         <load_address>0x15e2</load_address>
         <run_address>0x15e2</run_address>
         <size>0x35</size>
         <input_file_ref idref="fl-5"/>
      </object_component>
      <object_component id="oc-46f">
         <name>.debug_pubnames</name>
         <load_address>0x1617</load_address>
         <run_address>0x1617</run_address>
         <size>0x31</size>
         <input_file_ref idref="fl-5"/>
      </object_component>
      <object_component id="oc-469">
         <name>.debug_pubnames</name>
         <load_address>0x1648</load_address>
         <run_address>0x1648</run_address>
         <size>0x2f</size>
         <input_file_ref idref="fl-5"/>
      </object_component>
      <object_component id="oc-239">
         <name>.debug_pubnames</name>
         <load_address>0x1677</load_address>
         <run_address>0x1677</run_address>
         <size>0x3c3</size>
         <input_file_ref idref="fl-6"/>
      </object_component>
      <object_component id="oc-241">
         <name>.debug_pubnames</name>
         <load_address>0x1a3a</load_address>
         <run_address>0x1a3a</run_address>
         <size>0x1e</size>
         <input_file_ref idref="fl-6"/>
      </object_component>
      <object_component id="oc-24a">
         <name>.debug_pubnames</name>
         <load_address>0x1a58</load_address>
         <run_address>0x1a58</run_address>
         <size>0x1d</size>
         <input_file_ref idref="fl-6"/>
      </object_component>
      <object_component id="oc-237">
         <name>.debug_pubnames</name>
         <load_address>0x1a75</load_address>
         <run_address>0x1a75</run_address>
         <size>0x3c3</size>
         <input_file_ref idref="fl-7"/>
      </object_component>
      <object_component id="oc-252">
         <name>.debug_pubnames</name>
         <load_address>0x1e38</load_address>
         <run_address>0x1e38</run_address>
         <size>0x1d</size>
         <input_file_ref idref="fl-7"/>
      </object_component>
      <object_component id="oc-23b">
         <name>.debug_pubnames</name>
         <load_address>0x1e55</load_address>
         <run_address>0x1e55</run_address>
         <size>0x3c3</size>
         <input_file_ref idref="fl-8"/>
      </object_component>
      <object_component id="oc-a07">
         <name>.debug_pubnames</name>
         <load_address>0x2218</load_address>
         <run_address>0x2218</run_address>
         <size>0x1e</size>
         <input_file_ref idref="fl-8"/>
      </object_component>
      <object_component id="oc-a0d">
         <name>.debug_pubnames</name>
         <load_address>0x2236</load_address>
         <run_address>0x2236</run_address>
         <size>0x22</size>
         <input_file_ref idref="fl-8"/>
      </object_component>
      <object_component id="oc-4c8">
         <name>.debug_pubnames</name>
         <load_address>0x2258</load_address>
         <run_address>0x2258</run_address>
         <size>0x1e</size>
         <input_file_ref idref="fl-8"/>
      </object_component>
      <object_component id="oc-4e6">
         <name>.debug_pubnames</name>
         <load_address>0x2276</load_address>
         <run_address>0x2276</run_address>
         <size>0x1e</size>
         <input_file_ref idref="fl-8"/>
      </object_component>
      <object_component id="oc-4c2">
         <name>.debug_pubnames</name>
         <load_address>0x2294</load_address>
         <run_address>0x2294</run_address>
         <size>0x1e</size>
         <input_file_ref idref="fl-8"/>
      </object_component>
      <object_component id="oc-4bc">
         <name>.debug_pubnames</name>
         <load_address>0x22b2</load_address>
         <run_address>0x22b2</run_address>
         <size>0x20</size>
         <input_file_ref idref="fl-8"/>
      </object_component>
      <object_component id="oc-4ec">
         <name>.debug_pubnames</name>
         <load_address>0x22d2</load_address>
         <run_address>0x22d2</run_address>
         <size>0x25</size>
         <input_file_ref idref="fl-8"/>
      </object_component>
      <object_component id="oc-4e0">
         <name>.debug_pubnames</name>
         <load_address>0x22f7</load_address>
         <run_address>0x22f7</run_address>
         <size>0x22</size>
         <input_file_ref idref="fl-8"/>
      </object_component>
      <object_component id="oc-4b6">
         <name>.debug_pubnames</name>
         <load_address>0x2319</load_address>
         <run_address>0x2319</run_address>
         <size>0x1b</size>
         <input_file_ref idref="fl-8"/>
      </object_component>
      <object_component id="oc-4fe">
         <name>.debug_pubnames</name>
         <load_address>0x2334</load_address>
         <run_address>0x2334</run_address>
         <size>0x27</size>
         <input_file_ref idref="fl-8"/>
      </object_component>
      <object_component id="oc-7a">
         <name>.debug_pubnames</name>
         <load_address>0x235b</load_address>
         <run_address>0x235b</run_address>
         <size>0xa6</size>
         <input_file_ref idref="fl-c"/>
      </object_component>
      <object_component id="oc-14c1">
         <name>.debug_pubnames</name>
         <load_address>0x2401</load_address>
         <run_address>0x2401</run_address>
         <size>0x3b</size>
         <input_file_ref idref="fl-c"/>
      </object_component>
      <object_component id="oc-109e">
         <name>.debug_pubnames</name>
         <load_address>0x243c</load_address>
         <run_address>0x243c</run_address>
         <size>0x43</size>
         <input_file_ref idref="fl-c"/>
      </object_component>
      <object_component id="oc-13f2">
         <name>.debug_pubnames</name>
         <load_address>0x247f</load_address>
         <run_address>0x247f</run_address>
         <size>0x3d</size>
         <input_file_ref idref="fl-c"/>
      </object_component>
      <object_component id="oc-e8c">
         <name>.debug_pubnames</name>
         <load_address>0x24bc</load_address>
         <run_address>0x24bc</run_address>
         <size>0x3f</size>
         <input_file_ref idref="fl-c"/>
      </object_component>
      <object_component id="oc-c7e">
         <name>.debug_pubnames</name>
         <load_address>0x24fb</load_address>
         <run_address>0x24fb</run_address>
         <size>0x41</size>
         <input_file_ref idref="fl-c"/>
      </object_component>
      <object_component id="oc-d4e">
         <name>.debug_pubnames</name>
         <load_address>0x253c</load_address>
         <run_address>0x253c</run_address>
         <size>0x44</size>
         <input_file_ref idref="fl-c"/>
      </object_component>
      <object_component id="oc-11e1">
         <name>.debug_pubnames</name>
         <load_address>0x2580</load_address>
         <run_address>0x2580</run_address>
         <size>0x3f</size>
         <input_file_ref idref="fl-c"/>
      </object_component>
      <object_component id="oc-13c4">
         <name>.debug_pubnames</name>
         <load_address>0x25bf</load_address>
         <run_address>0x25bf</run_address>
         <size>0x44</size>
         <input_file_ref idref="fl-c"/>
      </object_component>
      <object_component id="oc-1407">
         <name>.debug_pubnames</name>
         <load_address>0x2603</load_address>
         <run_address>0x2603</run_address>
         <size>0x47</size>
         <input_file_ref idref="fl-c"/>
      </object_component>
      <object_component id="oc-872">
         <name>.debug_pubnames</name>
         <load_address>0x264a</load_address>
         <run_address>0x264a</run_address>
         <size>0x4c</size>
         <input_file_ref idref="fl-c"/>
      </object_component>
      <object_component id="oc-834">
         <name>.debug_pubnames</name>
         <load_address>0x2696</load_address>
         <run_address>0x2696</run_address>
         <size>0x42</size>
         <input_file_ref idref="fl-c"/>
      </object_component>
      <object_component id="oc-77f">
         <name>.debug_pubnames</name>
         <load_address>0x26d8</load_address>
         <run_address>0x26d8</run_address>
         <size>0x47</size>
         <input_file_ref idref="fl-c"/>
      </object_component>
      <object_component id="oc-c25">
         <name>.debug_pubnames</name>
         <load_address>0x271f</load_address>
         <run_address>0x271f</run_address>
         <size>0x44</size>
         <input_file_ref idref="fl-c"/>
      </object_component>
      <object_component id="oc-30">
         <name>.debug_pubnames</name>
         <load_address>0x2763</load_address>
         <run_address>0x2763</run_address>
         <size>0x51</size>
         <input_file_ref idref="fl-c"/>
      </object_component>
      <object_component id="oc-33">
         <name>.debug_pubnames</name>
         <load_address>0x27b4</load_address>
         <run_address>0x27b4</run_address>
         <size>0x40</size>
         <input_file_ref idref="fl-c"/>
      </object_component>
      <object_component id="oc-36">
         <name>.debug_pubnames</name>
         <load_address>0x27f4</load_address>
         <run_address>0x27f4</run_address>
         <size>0x3e</size>
         <input_file_ref idref="fl-c"/>
      </object_component>
      <object_component id="oc-3be">
         <name>.debug_pubnames</name>
         <load_address>0x2832</load_address>
         <run_address>0x2832</run_address>
         <size>0x37</size>
         <input_file_ref idref="fl-c"/>
      </object_component>
      <object_component id="oc-f73">
         <name>.debug_pubnames</name>
         <load_address>0x2869</load_address>
         <run_address>0x2869</run_address>
         <size>0x45</size>
         <input_file_ref idref="fl-c"/>
      </object_component>
      <object_component id="oc-126d">
         <name>.debug_pubnames</name>
         <load_address>0x28ae</load_address>
         <run_address>0x28ae</run_address>
         <size>0x43</size>
         <input_file_ref idref="fl-c"/>
      </object_component>
      <object_component id="oc-1102">
         <name>.debug_pubnames</name>
         <load_address>0x28f1</load_address>
         <run_address>0x28f1</run_address>
         <size>0x44</size>
         <input_file_ref idref="fl-c"/>
      </object_component>
      <object_component id="oc-5ed">
         <name>.debug_pubnames</name>
         <load_address>0x2935</load_address>
         <run_address>0x2935</run_address>
         <size>0x4f</size>
         <input_file_ref idref="fl-c"/>
      </object_component>
      <object_component id="oc-5f0">
         <name>.debug_pubnames</name>
         <load_address>0x2984</load_address>
         <run_address>0x2984</run_address>
         <size>0x50</size>
         <input_file_ref idref="fl-c"/>
      </object_component>
      <object_component id="oc-5f3">
         <name>.debug_pubnames</name>
         <load_address>0x29d4</load_address>
         <run_address>0x29d4</run_address>
         <size>0x4e</size>
         <input_file_ref idref="fl-c"/>
      </object_component>
      <object_component id="oc-305">
         <name>.debug_pubnames</name>
         <load_address>0x2a22</load_address>
         <run_address>0x2a22</run_address>
         <size>0x44</size>
         <input_file_ref idref="fl-c"/>
      </object_component>
      <object_component id="oc-ece">
         <name>.debug_pubnames</name>
         <load_address>0x2a66</load_address>
         <run_address>0x2a66</run_address>
         <size>0x43</size>
         <input_file_ref idref="fl-c"/>
      </object_component>
      <object_component id="oc-e97">
         <name>.debug_pubnames</name>
         <load_address>0x2aa9</load_address>
         <run_address>0x2aa9</run_address>
         <size>0x41</size>
         <input_file_ref idref="fl-c"/>
      </object_component>
      <object_component id="oc-1522">
         <name>.debug_pubnames</name>
         <load_address>0x2aea</load_address>
         <run_address>0x2aea</run_address>
         <size>0x44</size>
         <input_file_ref idref="fl-c"/>
      </object_component>
      <object_component id="oc-acd">
         <name>.debug_pubnames</name>
         <load_address>0x2b2e</load_address>
         <run_address>0x2b2e</run_address>
         <size>0x45</size>
         <input_file_ref idref="fl-c"/>
      </object_component>
      <object_component id="oc-1269">
         <name>.debug_pubnames</name>
         <load_address>0x2b73</load_address>
         <run_address>0x2b73</run_address>
         <size>0x47</size>
         <input_file_ref idref="fl-c"/>
      </object_component>
      <object_component id="oc-e94">
         <name>.debug_pubnames</name>
         <load_address>0x2bba</load_address>
         <run_address>0x2bba</run_address>
         <size>0x3e</size>
         <input_file_ref idref="fl-c"/>
      </object_component>
      <object_component id="oc-eb7">
         <name>.debug_pubnames</name>
         <load_address>0x2bf8</load_address>
         <run_address>0x2bf8</run_address>
         <size>0x3c</size>
         <input_file_ref idref="fl-c"/>
      </object_component>
      <object_component id="oc-eb3">
         <name>.debug_pubnames</name>
         <load_address>0x2c34</load_address>
         <run_address>0x2c34</run_address>
         <size>0x42</size>
         <input_file_ref idref="fl-c"/>
      </object_component>
      <object_component id="oc-eaf">
         <name>.debug_pubnames</name>
         <load_address>0x2c76</load_address>
         <run_address>0x2c76</run_address>
         <size>0x41</size>
         <input_file_ref idref="fl-c"/>
      </object_component>
      <object_component id="oc-eab">
         <name>.debug_pubnames</name>
         <load_address>0x2cb7</load_address>
         <run_address>0x2cb7</run_address>
         <size>0x41</size>
         <input_file_ref idref="fl-c"/>
      </object_component>
      <object_component id="oc-ea7">
         <name>.debug_pubnames</name>
         <load_address>0x2cf8</load_address>
         <run_address>0x2cf8</run_address>
         <size>0x43</size>
         <input_file_ref idref="fl-c"/>
      </object_component>
      <object_component id="oc-ea3">
         <name>.debug_pubnames</name>
         <load_address>0x2d3b</load_address>
         <run_address>0x2d3b</run_address>
         <size>0x3f</size>
         <input_file_ref idref="fl-c"/>
      </object_component>
      <object_component id="oc-e9f">
         <name>.debug_pubnames</name>
         <load_address>0x2d7a</load_address>
         <run_address>0x2d7a</run_address>
         <size>0x41</size>
         <input_file_ref idref="fl-c"/>
      </object_component>
      <object_component id="oc-e9b">
         <name>.debug_pubnames</name>
         <load_address>0x2dbb</load_address>
         <run_address>0x2dbb</run_address>
         <size>0x41</size>
         <input_file_ref idref="fl-c"/>
      </object_component>
      <object_component id="oc-ad0">
         <name>.debug_pubnames</name>
         <load_address>0x2dfc</load_address>
         <run_address>0x2dfc</run_address>
         <size>0x42</size>
         <input_file_ref idref="fl-c"/>
      </object_component>
      <object_component id="oc-308">
         <name>.debug_pubnames</name>
         <load_address>0x2e3e</load_address>
         <run_address>0x2e3e</run_address>
         <size>0x45</size>
         <input_file_ref idref="fl-c"/>
      </object_component>
      <object_component id="oc-aa1">
         <name>.debug_pubnames</name>
         <load_address>0x2e83</load_address>
         <run_address>0x2e83</run_address>
         <size>0x43</size>
         <input_file_ref idref="fl-c"/>
      </object_component>
      <object_component id="oc-ad3">
         <name>.debug_pubnames</name>
         <load_address>0x2ec6</load_address>
         <run_address>0x2ec6</run_address>
         <size>0x3f</size>
         <input_file_ref idref="fl-c"/>
      </object_component>
      <object_component id="oc-ad6">
         <name>.debug_pubnames</name>
         <load_address>0x2f05</load_address>
         <run_address>0x2f05</run_address>
         <size>0x3a</size>
         <input_file_ref idref="fl-c"/>
      </object_component>
      <object_component id="oc-bf3">
         <name>.debug_pubnames</name>
         <load_address>0x2f3f</load_address>
         <run_address>0x2f3f</run_address>
         <size>0x4d</size>
         <input_file_ref idref="fl-c"/>
      </object_component>
      <object_component id="oc-f30">
         <name>.debug_pubnames</name>
         <load_address>0x2f8c</load_address>
         <run_address>0x2f8c</run_address>
         <size>0x4f</size>
         <input_file_ref idref="fl-c"/>
      </object_component>
      <object_component id="oc-cc9">
         <name>.debug_pubnames</name>
         <load_address>0x2fdb</load_address>
         <run_address>0x2fdb</run_address>
         <size>0x4a</size>
         <input_file_ref idref="fl-c"/>
      </object_component>
      <object_component id="oc-1433">
         <name>.debug_pubnames</name>
         <load_address>0x3025</load_address>
         <run_address>0x3025</run_address>
         <size>0x52</size>
         <input_file_ref idref="fl-c"/>
      </object_component>
      <object_component id="oc-1436">
         <name>.debug_pubnames</name>
         <load_address>0x3077</load_address>
         <run_address>0x3077</run_address>
         <size>0x53</size>
         <input_file_ref idref="fl-c"/>
      </object_component>
      <object_component id="oc-10e6">
         <name>.debug_pubnames</name>
         <load_address>0x30ca</load_address>
         <run_address>0x30ca</run_address>
         <size>0x4a</size>
         <input_file_ref idref="fl-c"/>
      </object_component>
      <object_component id="oc-10e3">
         <name>.debug_pubnames</name>
         <load_address>0x3114</load_address>
         <run_address>0x3114</run_address>
         <size>0x4a</size>
         <input_file_ref idref="fl-c"/>
      </object_component>
      <object_component id="oc-10e0">
         <name>.debug_pubnames</name>
         <load_address>0x315e</load_address>
         <run_address>0x315e</run_address>
         <size>0x4c</size>
         <input_file_ref idref="fl-c"/>
      </object_component>
      <object_component id="oc-16d9">
         <name>.debug_pubnames</name>
         <load_address>0x31aa</load_address>
         <run_address>0x31aa</run_address>
         <size>0x41</size>
         <input_file_ref idref="fl-c"/>
      </object_component>
      <object_component id="oc-16d6">
         <name>.debug_pubnames</name>
         <load_address>0x31eb</load_address>
         <run_address>0x31eb</run_address>
         <size>0x3f</size>
         <input_file_ref idref="fl-c"/>
      </object_component>
      <object_component id="oc-a37">
         <name>.debug_pubnames</name>
         <load_address>0x322a</load_address>
         <run_address>0x322a</run_address>
         <size>0x40</size>
         <input_file_ref idref="fl-c"/>
      </object_component>
      <object_component id="oc-16a0">
         <name>.debug_pubnames</name>
         <load_address>0x326a</load_address>
         <run_address>0x326a</run_address>
         <size>0x43</size>
         <input_file_ref idref="fl-c"/>
      </object_component>
      <object_component id="oc-169d">
         <name>.debug_pubnames</name>
         <load_address>0x32ad</load_address>
         <run_address>0x32ad</run_address>
         <size>0x41</size>
         <input_file_ref idref="fl-c"/>
      </object_component>
      <object_component id="oc-805">
         <name>.debug_pubnames</name>
         <load_address>0x32ee</load_address>
         <run_address>0x32ee</run_address>
         <size>0x42</size>
         <input_file_ref idref="fl-c"/>
      </object_component>
      <object_component id="oc-13f8">
         <name>.debug_pubnames</name>
         <load_address>0x3330</load_address>
         <run_address>0x3330</run_address>
         <size>0x49</size>
         <input_file_ref idref="fl-c"/>
      </object_component>
      <object_component id="oc-13fb">
         <name>.debug_pubnames</name>
         <load_address>0x3379</load_address>
         <run_address>0x3379</run_address>
         <size>0x4a</size>
         <input_file_ref idref="fl-c"/>
      </object_component>
      <object_component id="oc-13fe">
         <name>.debug_pubnames</name>
         <load_address>0x33c3</load_address>
         <run_address>0x33c3</run_address>
         <size>0x46</size>
         <input_file_ref idref="fl-c"/>
      </object_component>
      <object_component id="oc-1404">
         <name>.debug_pubnames</name>
         <load_address>0x3409</load_address>
         <run_address>0x3409</run_address>
         <size>0x3f</size>
         <input_file_ref idref="fl-c"/>
      </object_component>
      <object_component id="oc-1401">
         <name>.debug_pubnames</name>
         <load_address>0x3448</load_address>
         <run_address>0x3448</run_address>
         <size>0x41</size>
         <input_file_ref idref="fl-c"/>
      </object_component>
      <object_component id="oc-881">
         <name>.debug_pubnames</name>
         <load_address>0x3489</load_address>
         <run_address>0x3489</run_address>
         <size>0x46</size>
         <input_file_ref idref="fl-c"/>
      </object_component>
      <object_component id="oc-d51">
         <name>.debug_pubnames</name>
         <load_address>0x34cf</load_address>
         <run_address>0x34cf</run_address>
         <size>0x44</size>
         <input_file_ref idref="fl-c"/>
      </object_component>
      <object_component id="oc-860">
         <name>.debug_pubnames</name>
         <load_address>0x3513</load_address>
         <run_address>0x3513</run_address>
         <size>0x4c</size>
         <input_file_ref idref="fl-c"/>
      </object_component>
      <object_component id="oc-863">
         <name>.debug_pubnames</name>
         <load_address>0x355f</load_address>
         <run_address>0x355f</run_address>
         <size>0x4d</size>
         <input_file_ref idref="fl-c"/>
      </object_component>
      <object_component id="oc-866">
         <name>.debug_pubnames</name>
         <load_address>0x35ac</load_address>
         <run_address>0x35ac</run_address>
         <size>0x49</size>
         <input_file_ref idref="fl-c"/>
      </object_component>
      <object_component id="oc-86c">
         <name>.debug_pubnames</name>
         <load_address>0x35f5</load_address>
         <run_address>0x35f5</run_address>
         <size>0x42</size>
         <input_file_ref idref="fl-c"/>
      </object_component>
      <object_component id="oc-869">
         <name>.debug_pubnames</name>
         <load_address>0x3637</load_address>
         <run_address>0x3637</run_address>
         <size>0x44</size>
         <input_file_ref idref="fl-c"/>
      </object_component>
      <object_component id="oc-86f">
         <name>.debug_pubnames</name>
         <load_address>0x367b</load_address>
         <run_address>0x367b</run_address>
         <size>0x4b</size>
         <input_file_ref idref="fl-c"/>
      </object_component>
      <object_component id="oc-18cf">
         <name>.debug_pubnames</name>
         <load_address>0x36c6</load_address>
         <run_address>0x36c6</run_address>
         <size>0x37</size>
         <input_file_ref idref="fl-c"/>
      </object_component>
      <object_component id="oc-18d2">
         <name>.debug_pubnames</name>
         <load_address>0x36fd</load_address>
         <run_address>0x36fd</run_address>
         <size>0x3c</size>
         <input_file_ref idref="fl-c"/>
      </object_component>
      <object_component id="oc-182b">
         <name>.debug_pubnames</name>
         <load_address>0x3739</load_address>
         <run_address>0x3739</run_address>
         <size>0x41</size>
         <input_file_ref idref="fl-c"/>
      </object_component>
      <object_component id="oc-1828">
         <name>.debug_pubnames</name>
         <load_address>0x377a</load_address>
         <run_address>0x377a</run_address>
         <size>0x3f</size>
         <input_file_ref idref="fl-c"/>
      </object_component>
      <object_component id="oc-ed3">
         <name>.debug_pubnames</name>
         <load_address>0x37b9</load_address>
         <run_address>0x37b9</run_address>
         <size>0x40</size>
         <input_file_ref idref="fl-c"/>
      </object_component>
      <object_component id="oc-16f9">
         <name>.debug_pubnames</name>
         <load_address>0x37f9</load_address>
         <run_address>0x37f9</run_address>
         <size>0x47</size>
         <input_file_ref idref="fl-c"/>
      </object_component>
      <object_component id="oc-16fc">
         <name>.debug_pubnames</name>
         <load_address>0x3840</load_address>
         <run_address>0x3840</run_address>
         <size>0x48</size>
         <input_file_ref idref="fl-c"/>
      </object_component>
      <object_component id="oc-16ff">
         <name>.debug_pubnames</name>
         <load_address>0x3888</load_address>
         <run_address>0x3888</run_address>
         <size>0x44</size>
         <input_file_ref idref="fl-c"/>
      </object_component>
      <object_component id="oc-170e">
         <name>.debug_pubnames</name>
         <load_address>0x38cc</load_address>
         <run_address>0x38cc</run_address>
         <size>0x42</size>
         <input_file_ref idref="fl-c"/>
      </object_component>
      <object_component id="oc-1705">
         <name>.debug_pubnames</name>
         <load_address>0x390e</load_address>
         <run_address>0x390e</run_address>
         <size>0x3d</size>
         <input_file_ref idref="fl-c"/>
      </object_component>
      <object_component id="oc-ac9">
         <name>.debug_pubnames</name>
         <load_address>0x394b</load_address>
         <run_address>0x394b</run_address>
         <size>0x40</size>
         <input_file_ref idref="fl-c"/>
      </object_component>
      <object_component id="oc-1708">
         <name>.debug_pubnames</name>
         <load_address>0x398b</load_address>
         <run_address>0x398b</run_address>
         <size>0x3e</size>
         <input_file_ref idref="fl-c"/>
      </object_component>
      <object_component id="oc-1824">
         <name>.debug_pubnames</name>
         <load_address>0x39c9</load_address>
         <run_address>0x39c9</run_address>
         <size>0x3d</size>
         <input_file_ref idref="fl-c"/>
      </object_component>
      <object_component id="oc-1702">
         <name>.debug_pubnames</name>
         <load_address>0x3a06</load_address>
         <run_address>0x3a06</run_address>
         <size>0x3a</size>
         <input_file_ref idref="fl-c"/>
      </object_component>
      <object_component id="oc-170b">
         <name>.debug_pubnames</name>
         <load_address>0x3a40</load_address>
         <run_address>0x3a40</run_address>
         <size>0x3b</size>
         <input_file_ref idref="fl-c"/>
      </object_component>
      <object_component id="oc-1712">
         <name>.debug_pubnames</name>
         <load_address>0x3a7b</load_address>
         <run_address>0x3a7b</run_address>
         <size>0x40</size>
         <input_file_ref idref="fl-c"/>
      </object_component>
      <object_component id="oc-1821">
         <name>.debug_pubnames</name>
         <load_address>0x3abb</load_address>
         <run_address>0x3abb</run_address>
         <size>0x3b</size>
         <input_file_ref idref="fl-c"/>
      </object_component>
      <object_component id="oc-179b">
         <name>.debug_pubnames</name>
         <load_address>0x3af6</load_address>
         <run_address>0x3af6</run_address>
         <size>0x3d</size>
         <input_file_ref idref="fl-c"/>
      </object_component>
      <object_component id="oc-186d">
         <name>.debug_pubnames</name>
         <load_address>0x3b33</load_address>
         <run_address>0x3b33</run_address>
         <size>0x3b</size>
         <input_file_ref idref="fl-c"/>
      </object_component>
      <object_component id="oc-831">
         <name>.debug_pubnames</name>
         <load_address>0x3b6e</load_address>
         <run_address>0x3b6e</run_address>
         <size>0x3c</size>
         <input_file_ref idref="fl-c"/>
      </object_component>
      <object_component id="oc-1866">
         <name>.debug_pubnames</name>
         <load_address>0x3baa</load_address>
         <run_address>0x3baa</run_address>
         <size>0x43</size>
         <input_file_ref idref="fl-c"/>
      </object_component>
      <object_component id="oc-1863">
         <name>.debug_pubnames</name>
         <load_address>0x3bed</load_address>
         <run_address>0x3bed</run_address>
         <size>0x44</size>
         <input_file_ref idref="fl-c"/>
      </object_component>
      <object_component id="oc-1869">
         <name>.debug_pubnames</name>
         <load_address>0x3c31</load_address>
         <run_address>0x3c31</run_address>
         <size>0x40</size>
         <input_file_ref idref="fl-c"/>
      </object_component>
      <object_component id="oc-1860">
         <name>.debug_pubnames</name>
         <load_address>0x3c71</load_address>
         <run_address>0x3c71</run_address>
         <size>0x39</size>
         <input_file_ref idref="fl-c"/>
      </object_component>
      <object_component id="oc-185d">
         <name>.debug_pubnames</name>
         <load_address>0x3caa</load_address>
         <run_address>0x3caa</run_address>
         <size>0x3e</size>
         <input_file_ref idref="fl-c"/>
      </object_component>
      <object_component id="oc-17e2">
         <name>.debug_pubnames</name>
         <load_address>0x3ce8</load_address>
         <run_address>0x3ce8</run_address>
         <size>0x36</size>
         <input_file_ref idref="fl-c"/>
      </object_component>
      <object_component id="oc-167d">
         <name>.debug_pubnames</name>
         <load_address>0x3d1e</load_address>
         <run_address>0x3d1e</run_address>
         <size>0x36</size>
         <input_file_ref idref="fl-c"/>
      </object_component>
      <object_component id="oc-104b">
         <name>.debug_pubnames</name>
         <load_address>0x3d54</load_address>
         <run_address>0x3d54</run_address>
         <size>0x3d</size>
         <input_file_ref idref="fl-c"/>
      </object_component>
      <object_component id="oc-1048">
         <name>.debug_pubnames</name>
         <load_address>0x3d91</load_address>
         <run_address>0x3d91</run_address>
         <size>0x3b</size>
         <input_file_ref idref="fl-c"/>
      </object_component>
      <object_component id="oc-795">
         <name>.debug_pubnames</name>
         <load_address>0x3dcc</load_address>
         <run_address>0x3dcc</run_address>
         <size>0x41</size>
         <input_file_ref idref="fl-c"/>
      </object_component>
      <object_component id="oc-792">
         <name>.debug_pubnames</name>
         <load_address>0x3e0d</load_address>
         <run_address>0x3e0d</run_address>
         <size>0x3f</size>
         <input_file_ref idref="fl-c"/>
      </object_component>
      <object_component id="oc-782">
         <name>.debug_pubnames</name>
         <load_address>0x3e4c</load_address>
         <run_address>0x3e4c</run_address>
         <size>0x47</size>
         <input_file_ref idref="fl-c"/>
      </object_component>
      <object_component id="oc-785">
         <name>.debug_pubnames</name>
         <load_address>0x3e93</load_address>
         <run_address>0x3e93</run_address>
         <size>0x48</size>
         <input_file_ref idref="fl-c"/>
      </object_component>
      <object_component id="oc-788">
         <name>.debug_pubnames</name>
         <load_address>0x3edb</load_address>
         <run_address>0x3edb</run_address>
         <size>0x44</size>
         <input_file_ref idref="fl-c"/>
      </object_component>
      <object_component id="oc-78e">
         <name>.debug_pubnames</name>
         <load_address>0x3f1f</load_address>
         <run_address>0x3f1f</run_address>
         <size>0x3d</size>
         <input_file_ref idref="fl-c"/>
      </object_component>
      <object_component id="oc-78b">
         <name>.debug_pubnames</name>
         <load_address>0x3f5c</load_address>
         <run_address>0x3f5c</run_address>
         <size>0x3d</size>
         <input_file_ref idref="fl-c"/>
      </object_component>
      <object_component id="oc-837">
         <name>.debug_pubnames</name>
         <load_address>0x3f99</load_address>
         <run_address>0x3f99</run_address>
         <size>0x3f</size>
         <input_file_ref idref="fl-c"/>
      </object_component>
      <object_component id="oc-9be">
         <name>.debug_pubnames</name>
         <load_address>0x3fd8</load_address>
         <run_address>0x3fd8</run_address>
         <size>0x3d</size>
         <input_file_ref idref="fl-c"/>
      </object_component>
      <object_component id="oc-83a">
         <name>.debug_pubnames</name>
         <load_address>0x4015</load_address>
         <run_address>0x4015</run_address>
         <size>0x45</size>
         <input_file_ref idref="fl-c"/>
      </object_component>
      <object_component id="oc-ccc">
         <name>.debug_pubnames</name>
         <load_address>0x405a</load_address>
         <run_address>0x405a</run_address>
         <size>0x3a</size>
         <input_file_ref idref="fl-c"/>
      </object_component>
      <object_component id="oc-cd7">
         <name>.debug_pubnames</name>
         <load_address>0x4094</load_address>
         <run_address>0x4094</run_address>
         <size>0x42</size>
         <input_file_ref idref="fl-c"/>
      </object_component>
      <object_component id="oc-83d">
         <name>.debug_pubnames</name>
         <load_address>0x40d6</load_address>
         <run_address>0x40d6</run_address>
         <size>0x3a</size>
         <input_file_ref idref="fl-c"/>
      </object_component>
      <object_component id="oc-1505">
         <name>.debug_pubnames</name>
         <load_address>0x4110</load_address>
         <run_address>0x4110</run_address>
         <size>0x3a</size>
         <input_file_ref idref="fl-c"/>
      </object_component>
      <object_component id="oc-38e">
         <name>.debug_pubnames</name>
         <load_address>0x414a</load_address>
         <run_address>0x414a</run_address>
         <size>0x3c</size>
         <input_file_ref idref="fl-c"/>
      </object_component>
      <object_component id="oc-7d8">
         <name>.debug_pubnames</name>
         <load_address>0x4186</load_address>
         <run_address>0x4186</run_address>
         <size>0x3a</size>
         <input_file_ref idref="fl-c"/>
      </object_component>
      <object_component id="oc-106a">
         <name>.debug_pubnames</name>
         <load_address>0x41c0</load_address>
         <run_address>0x41c0</run_address>
         <size>0x3b</size>
         <input_file_ref idref="fl-c"/>
      </object_component>
      <object_component id="oc-c39">
         <name>.debug_pubnames</name>
         <load_address>0x41fb</load_address>
         <run_address>0x41fb</run_address>
         <size>0x43</size>
         <input_file_ref idref="fl-c"/>
      </object_component>
      <object_component id="oc-c3c">
         <name>.debug_pubnames</name>
         <load_address>0x423e</load_address>
         <run_address>0x423e</run_address>
         <size>0x45</size>
         <input_file_ref idref="fl-c"/>
      </object_component>
      <object_component id="oc-7c8">
         <name>.debug_pubnames</name>
         <load_address>0x4283</load_address>
         <run_address>0x4283</run_address>
         <size>0x3b</size>
         <input_file_ref idref="fl-c"/>
      </object_component>
      <object_component id="oc-7b0">
         <name>.debug_pubnames</name>
         <load_address>0x42be</load_address>
         <run_address>0x42be</run_address>
         <size>0x42</size>
         <input_file_ref idref="fl-c"/>
      </object_component>
      <object_component id="oc-7b3">
         <name>.debug_pubnames</name>
         <load_address>0x4300</load_address>
         <run_address>0x4300</run_address>
         <size>0x43</size>
         <input_file_ref idref="fl-c"/>
      </object_component>
      <object_component id="oc-7b6">
         <name>.debug_pubnames</name>
         <load_address>0x4343</load_address>
         <run_address>0x4343</run_address>
         <size>0x3f</size>
         <input_file_ref idref="fl-c"/>
      </object_component>
      <object_component id="oc-7bc">
         <name>.debug_pubnames</name>
         <load_address>0x4382</load_address>
         <run_address>0x4382</run_address>
         <size>0x38</size>
         <input_file_ref idref="fl-c"/>
      </object_component>
      <object_component id="oc-1515">
         <name>.debug_pubnames</name>
         <load_address>0x43ba</load_address>
         <run_address>0x43ba</run_address>
         <size>0x3b</size>
         <input_file_ref idref="fl-c"/>
      </object_component>
      <object_component id="oc-13df">
         <name>.debug_pubnames</name>
         <load_address>0x43f5</load_address>
         <run_address>0x43f5</run_address>
         <size>0x3d</size>
         <input_file_ref idref="fl-c"/>
      </object_component>
      <object_component id="oc-13e2">
         <name>.debug_pubnames</name>
         <load_address>0x4432</load_address>
         <run_address>0x4432</run_address>
         <size>0x3d</size>
         <input_file_ref idref="fl-c"/>
      </object_component>
      <object_component id="oc-7b9">
         <name>.debug_pubnames</name>
         <load_address>0x446f</load_address>
         <run_address>0x446f</run_address>
         <size>0x3d</size>
         <input_file_ref idref="fl-c"/>
      </object_component>
      <object_component id="oc-7e9">
         <name>.debug_pubnames</name>
         <load_address>0x44ac</load_address>
         <run_address>0x44ac</run_address>
         <size>0x3c</size>
         <input_file_ref idref="fl-c"/>
      </object_component>
      <object_component id="oc-7ec">
         <name>.debug_pubnames</name>
         <load_address>0x44e8</load_address>
         <run_address>0x44e8</run_address>
         <size>0x3a</size>
         <input_file_ref idref="fl-c"/>
      </object_component>
      <object_component id="oc-7bf">
         <name>.debug_pubnames</name>
         <load_address>0x4522</load_address>
         <run_address>0x4522</run_address>
         <size>0x3b</size>
         <input_file_ref idref="fl-c"/>
      </object_component>
      <object_component id="oc-9c8">
         <name>.debug_pubnames</name>
         <load_address>0x455d</load_address>
         <run_address>0x455d</run_address>
         <size>0x3a</size>
         <input_file_ref idref="fl-c"/>
      </object_component>
      <object_component id="oc-9d1">
         <name>.debug_pubnames</name>
         <load_address>0x4597</load_address>
         <run_address>0x4597</run_address>
         <size>0x41</size>
         <input_file_ref idref="fl-c"/>
      </object_component>
      <object_component id="oc-7c5">
         <name>.debug_pubnames</name>
         <load_address>0x45d8</load_address>
         <run_address>0x45d8</run_address>
         <size>0x3e</size>
         <input_file_ref idref="fl-c"/>
      </object_component>
      <object_component id="oc-7c2">
         <name>.debug_pubnames</name>
         <load_address>0x4616</load_address>
         <run_address>0x4616</run_address>
         <size>0x3e</size>
         <input_file_ref idref="fl-c"/>
      </object_component>
      <object_component id="oc-13d5">
         <name>.debug_pubnames</name>
         <load_address>0x4654</load_address>
         <run_address>0x4654</run_address>
         <size>0x3c</size>
         <input_file_ref idref="fl-c"/>
      </object_component>
      <object_component id="oc-1518">
         <name>.debug_pubnames</name>
         <load_address>0x4690</load_address>
         <run_address>0x4690</run_address>
         <size>0x41</size>
         <input_file_ref idref="fl-c"/>
      </object_component>
      <object_component id="oc-b95">
         <name>.debug_pubnames</name>
         <load_address>0x46d1</load_address>
         <run_address>0x46d1</run_address>
         <size>0x3b</size>
         <input_file_ref idref="fl-c"/>
      </object_component>
      <object_component id="oc-766">
         <name>.debug_pubnames</name>
         <load_address>0x470c</load_address>
         <run_address>0x470c</run_address>
         <size>0x3f</size>
         <input_file_ref idref="fl-c"/>
      </object_component>
      <object_component id="oc-763">
         <name>.debug_pubnames</name>
         <load_address>0x474b</load_address>
         <run_address>0x474b</run_address>
         <size>0x40</size>
         <input_file_ref idref="fl-c"/>
      </object_component>
      <object_component id="oc-769">
         <name>.debug_pubnames</name>
         <load_address>0x478b</load_address>
         <run_address>0x478b</run_address>
         <size>0x3c</size>
         <input_file_ref idref="fl-c"/>
      </object_component>
      <object_component id="oc-76f">
         <name>.debug_pubnames</name>
         <load_address>0x47c7</load_address>
         <run_address>0x47c7</run_address>
         <size>0x35</size>
         <input_file_ref idref="fl-c"/>
      </object_component>
      <object_component id="oc-76c">
         <name>.debug_pubnames</name>
         <load_address>0x47fc</load_address>
         <run_address>0x47fc</run_address>
         <size>0x3e</size>
         <input_file_ref idref="fl-c"/>
      </object_component>
      <object_component id="oc-166f">
         <name>.debug_pubnames</name>
         <load_address>0x483a</load_address>
         <run_address>0x483a</run_address>
         <size>0x39</size>
         <input_file_ref idref="fl-c"/>
      </object_component>
      <object_component id="oc-1663">
         <name>.debug_pubnames</name>
         <load_address>0x4873</load_address>
         <run_address>0x4873</run_address>
         <size>0x40</size>
         <input_file_ref idref="fl-c"/>
      </object_component>
      <object_component id="oc-1660">
         <name>.debug_pubnames</name>
         <load_address>0x48b3</load_address>
         <run_address>0x48b3</run_address>
         <size>0x41</size>
         <input_file_ref idref="fl-c"/>
      </object_component>
      <object_component id="oc-1666">
         <name>.debug_pubnames</name>
         <load_address>0x48f4</load_address>
         <run_address>0x48f4</run_address>
         <size>0x3d</size>
         <input_file_ref idref="fl-c"/>
      </object_component>
      <object_component id="oc-165d">
         <name>.debug_pubnames</name>
         <load_address>0x4931</load_address>
         <run_address>0x4931</run_address>
         <size>0x41</size>
         <input_file_ref idref="fl-c"/>
      </object_component>
      <object_component id="oc-1669">
         <name>.debug_pubnames</name>
         <load_address>0x4972</load_address>
         <run_address>0x4972</run_address>
         <size>0x3d</size>
         <input_file_ref idref="fl-c"/>
      </object_component>
      <object_component id="oc-166c">
         <name>.debug_pubnames</name>
         <load_address>0x49af</load_address>
         <run_address>0x49af</run_address>
         <size>0x3e</size>
         <input_file_ref idref="fl-c"/>
      </object_component>
      <object_component id="oc-1006">
         <name>.debug_pubnames</name>
         <load_address>0x49ed</load_address>
         <run_address>0x49ed</run_address>
         <size>0x35</size>
         <input_file_ref idref="fl-c"/>
      </object_component>
      <object_component id="oc-c09">
         <name>.debug_pubnames</name>
         <load_address>0x4a22</load_address>
         <run_address>0x4a22</run_address>
         <size>0x34</size>
         <input_file_ref idref="fl-c"/>
      </object_component>
      <object_component id="oc-7cc">
         <name>.debug_pubnames</name>
         <load_address>0x4a56</load_address>
         <run_address>0x4a56</run_address>
         <size>0x32</size>
         <input_file_ref idref="fl-c"/>
      </object_component>
      <object_component id="oc-1672">
         <name>.debug_pubnames</name>
         <load_address>0x4a88</load_address>
         <run_address>0x4a88</run_address>
         <size>0x35</size>
         <input_file_ref idref="fl-c"/>
      </object_component>
      <object_component id="oc-1675">
         <name>.debug_pubnames</name>
         <load_address>0x4abd</load_address>
         <run_address>0x4abd</run_address>
         <size>0x34</size>
         <input_file_ref idref="fl-c"/>
      </object_component>
      <object_component id="oc-165a">
         <name>.debug_pubnames</name>
         <load_address>0x4af1</load_address>
         <run_address>0x4af1</run_address>
         <size>0x31</size>
         <input_file_ref idref="fl-c"/>
      </object_component>
      <object_component id="oc-1052">
         <name>.debug_pubnames</name>
         <load_address>0x4b22</load_address>
         <run_address>0x4b22</run_address>
         <size>0x3a</size>
         <input_file_ref idref="fl-c"/>
      </object_component>
      <object_component id="oc-c06">
         <name>.debug_pubnames</name>
         <load_address>0x4b5c</load_address>
         <run_address>0x4b5c</run_address>
         <size>0x37</size>
         <input_file_ref idref="fl-c"/>
      </object_component>
      <object_component id="oc-c03">
         <name>.debug_pubnames</name>
         <load_address>0x4b93</load_address>
         <run_address>0x4b93</run_address>
         <size>0x40</size>
         <input_file_ref idref="fl-c"/>
      </object_component>
      <object_component id="oc-18ff">
         <name>.debug_pubnames</name>
         <load_address>0x4bd3</load_address>
         <run_address>0x4bd3</run_address>
         <size>0x3c</size>
         <input_file_ref idref="fl-c"/>
      </object_component>
      <object_component id="oc-1f5">
         <name>.debug_pubnames</name>
         <load_address>0x4c0f</load_address>
         <run_address>0x4c0f</run_address>
         <size>0x3b</size>
         <input_file_ref idref="fl-c"/>
      </object_component>
      <object_component id="oc-319">
         <name>.debug_pubnames</name>
         <load_address>0x4c4a</load_address>
         <run_address>0x4c4a</run_address>
         <size>0x37</size>
         <input_file_ref idref="fl-c"/>
      </object_component>
      <object_component id="oc-ee7">
         <name>.debug_pubnames</name>
         <load_address>0x4c81</load_address>
         <run_address>0x4c81</run_address>
         <size>0x35</size>
         <input_file_ref idref="fl-c"/>
      </object_component>
      <object_component id="oc-ee2">
         <name>.debug_pubnames</name>
         <load_address>0x4cb6</load_address>
         <run_address>0x4cb6</run_address>
         <size>0x35</size>
         <input_file_ref idref="fl-c"/>
      </object_component>
      <object_component id="oc-ae7">
         <name>.debug_pubnames</name>
         <load_address>0x4ceb</load_address>
         <run_address>0x4ceb</run_address>
         <size>0x37</size>
         <input_file_ref idref="fl-c"/>
      </object_component>
      <object_component id="oc-1ec">
         <name>.debug_pubnames</name>
         <load_address>0x4d22</load_address>
         <run_address>0x4d22</run_address>
         <size>0x37</size>
         <input_file_ref idref="fl-c"/>
      </object_component>
      <object_component id="oc-1f2">
         <name>.debug_pubnames</name>
         <load_address>0x4d59</load_address>
         <run_address>0x4d59</run_address>
         <size>0x36</size>
         <input_file_ref idref="fl-c"/>
      </object_component>
      <object_component id="oc-1ef">
         <name>.debug_pubnames</name>
         <load_address>0x4d8f</load_address>
         <run_address>0x4d8f</run_address>
         <size>0x36</size>
         <input_file_ref idref="fl-c"/>
      </object_component>
      <object_component id="oc-ae4">
         <name>.debug_pubnames</name>
         <load_address>0x4dc5</load_address>
         <run_address>0x4dc5</run_address>
         <size>0x35</size>
         <input_file_ref idref="fl-c"/>
      </object_component>
      <object_component id="oc-ae1">
         <name>.debug_pubnames</name>
         <load_address>0x4dfa</load_address>
         <run_address>0x4dfa</run_address>
         <size>0x35</size>
         <input_file_ref idref="fl-c"/>
      </object_component>
      <object_component id="oc-3b7">
         <name>.debug_pubnames</name>
         <load_address>0x4e2f</load_address>
         <run_address>0x4e2f</run_address>
         <size>0x3a</size>
         <input_file_ref idref="fl-c"/>
      </object_component>
      <object_component id="oc-3ba">
         <name>.debug_pubnames</name>
         <load_address>0x4e69</load_address>
         <run_address>0x4e69</run_address>
         <size>0x34</size>
         <input_file_ref idref="fl-c"/>
      </object_component>
      <object_component id="oc-531">
         <name>.debug_pubnames</name>
         <load_address>0x4e9d</load_address>
         <run_address>0x4e9d</run_address>
         <size>0x38</size>
         <input_file_ref idref="fl-c"/>
      </object_component>
      <object_component id="oc-3b4">
         <name>.debug_pubnames</name>
         <load_address>0x4ed5</load_address>
         <run_address>0x4ed5</run_address>
         <size>0x37</size>
         <input_file_ref idref="fl-c"/>
      </object_component>
      <object_component id="oc-535">
         <name>.debug_pubnames</name>
         <load_address>0x4f0c</load_address>
         <run_address>0x4f0c</run_address>
         <size>0x4a</size>
         <input_file_ref idref="fl-c"/>
      </object_component>
      <object_component id="oc-275">
         <name>.debug_pubnames</name>
         <load_address>0x4f56</load_address>
         <run_address>0x4f56</run_address>
         <size>0x3a</size>
         <input_file_ref idref="fl-c"/>
      </object_component>
      <object_component id="oc-52d">
         <name>.debug_pubnames</name>
         <load_address>0x4f90</load_address>
         <run_address>0x4f90</run_address>
         <size>0x3c</size>
         <input_file_ref idref="fl-c"/>
      </object_component>
      <object_component id="oc-10c9">
         <name>.debug_pubnames</name>
         <load_address>0x4fcc</load_address>
         <run_address>0x4fcc</run_address>
         <size>0x3e</size>
         <input_file_ref idref="fl-c"/>
      </object_component>
      <object_component id="oc-8a0">
         <name>.debug_pubnames</name>
         <load_address>0x500a</load_address>
         <run_address>0x500a</run_address>
         <size>0x35</size>
         <input_file_ref idref="fl-c"/>
      </object_component>
      <object_component id="oc-bc">
         <name>.debug_pubnames</name>
         <load_address>0x503f</load_address>
         <run_address>0x503f</run_address>
         <size>0x34</size>
         <input_file_ref idref="fl-c"/>
      </object_component>
      <object_component id="oc-1492">
         <name>.debug_pubnames</name>
         <load_address>0x5073</load_address>
         <run_address>0x5073</run_address>
         <size>0x36</size>
         <input_file_ref idref="fl-c"/>
      </object_component>
      <object_component id="oc-139d">
         <name>.debug_pubnames</name>
         <load_address>0x50a9</load_address>
         <run_address>0x50a9</run_address>
         <size>0x32</size>
         <input_file_ref idref="fl-c"/>
      </object_component>
      <object_component id="oc-1933">
         <name>.debug_pubnames</name>
         <load_address>0x50db</load_address>
         <run_address>0x50db</run_address>
         <size>0x32</size>
         <input_file_ref idref="fl-c"/>
      </object_component>
      <object_component id="oc-14b6">
         <name>.debug_pubnames</name>
         <load_address>0x510d</load_address>
         <run_address>0x510d</run_address>
         <size>0x36</size>
         <input_file_ref idref="fl-c"/>
      </object_component>
      <object_component id="oc-14b9">
         <name>.debug_pubnames</name>
         <load_address>0x5143</load_address>
         <run_address>0x5143</run_address>
         <size>0x34</size>
         <input_file_ref idref="fl-c"/>
      </object_component>
      <object_component id="oc-14bc">
         <name>.debug_pubnames</name>
         <load_address>0x5177</load_address>
         <run_address>0x5177</run_address>
         <size>0x35</size>
         <input_file_ref idref="fl-c"/>
      </object_component>
      <object_component id="oc-b92">
         <name>.debug_pubnames</name>
         <load_address>0x51ac</load_address>
         <run_address>0x51ac</run_address>
         <size>0x33</size>
         <input_file_ref idref="fl-c"/>
      </object_component>
      <object_component id="oc-ffc">
         <name>.debug_pubnames</name>
         <load_address>0x51df</load_address>
         <run_address>0x51df</run_address>
         <size>0x32</size>
         <input_file_ref idref="fl-c"/>
      </object_component>
      <object_component id="oc-192f">
         <name>.debug_pubnames</name>
         <load_address>0x5211</load_address>
         <run_address>0x5211</run_address>
         <size>0x32</size>
         <input_file_ref idref="fl-c"/>
      </object_component>
      <object_component id="oc-16de">
         <name>.debug_pubnames</name>
         <load_address>0x5243</load_address>
         <run_address>0x5243</run_address>
         <size>0x32</size>
         <input_file_ref idref="fl-c"/>
      </object_component>
      <object_component id="oc-18df">
         <name>.debug_pubnames</name>
         <load_address>0x5275</load_address>
         <run_address>0x5275</run_address>
         <size>0x3c</size>
         <input_file_ref idref="fl-c"/>
      </object_component>
      <object_component id="oc-18dc">
         <name>.debug_pubnames</name>
         <load_address>0x52b1</load_address>
         <run_address>0x52b1</run_address>
         <size>0x3d</size>
         <input_file_ref idref="fl-c"/>
      </object_component>
      <object_component id="oc-18e2">
         <name>.debug_pubnames</name>
         <load_address>0x52ee</load_address>
         <run_address>0x52ee</run_address>
         <size>0x37</size>
         <input_file_ref idref="fl-c"/>
      </object_component>
      <object_component id="oc-f7d">
         <name>.debug_pubnames</name>
         <load_address>0x5325</load_address>
         <run_address>0x5325</run_address>
         <size>0x43</size>
         <input_file_ref idref="fl-c"/>
      </object_component>
      <object_component id="oc-14aa">
         <name>.debug_pubnames</name>
         <load_address>0x5368</load_address>
         <run_address>0x5368</run_address>
         <size>0x3f</size>
         <input_file_ref idref="fl-c"/>
      </object_component>
      <object_component id="oc-1412">
         <name>.debug_pubnames</name>
         <load_address>0x53a7</load_address>
         <run_address>0x53a7</run_address>
         <size>0x41</size>
         <input_file_ref idref="fl-c"/>
      </object_component>
      <object_component id="oc-88b">
         <name>.debug_pubnames</name>
         <load_address>0x53e8</load_address>
         <run_address>0x53e8</run_address>
         <size>0x44</size>
         <input_file_ref idref="fl-c"/>
      </object_component>
      <object_component id="oc-171e">
         <name>.debug_pubnames</name>
         <load_address>0x542c</load_address>
         <run_address>0x542c</run_address>
         <size>0x3f</size>
         <input_file_ref idref="fl-c"/>
      </object_component>
      <object_component id="oc-17a5">
         <name>.debug_pubnames</name>
         <load_address>0x546b</load_address>
         <run_address>0x546b</run_address>
         <size>0x3b</size>
         <input_file_ref idref="fl-c"/>
      </object_component>
      <object_component id="oc-bdd">
         <name>.debug_pubnames</name>
         <load_address>0x54a6</load_address>
         <run_address>0x54a6</run_address>
         <size>0x3b</size>
         <input_file_ref idref="fl-c"/>
      </object_component>
      <object_component id="oc-384">
         <name>.debug_pubnames</name>
         <load_address>0x54e1</load_address>
         <run_address>0x54e1</run_address>
         <size>0x3f</size>
         <input_file_ref idref="fl-c"/>
      </object_component>
      <object_component id="oc-3a4">
         <name>.debug_pubnames</name>
         <load_address>0x5520</load_address>
         <run_address>0x5520</run_address>
         <size>0x3a</size>
         <input_file_ref idref="fl-c"/>
      </object_component>
      <object_component id="oc-190a">
         <name>.debug_pubnames</name>
         <load_address>0x555a</load_address>
         <run_address>0x555a</run_address>
         <size>0x34</size>
         <input_file_ref idref="fl-c"/>
      </object_component>
      <object_component id="oc-458">
         <name>.debug_pubnames</name>
         <load_address>0x558e</load_address>
         <run_address>0x558e</run_address>
         <size>0x33</size>
         <input_file_ref idref="fl-c"/>
      </object_component>
      <object_component id="oc-16c8">
         <name>.debug_pubnames</name>
         <load_address>0x55c1</load_address>
         <run_address>0x55c1</run_address>
         <size>0x39</size>
         <input_file_ref idref="fl-c"/>
      </object_component>
      <object_component id="oc-18c9">
         <name>.debug_pubnames</name>
         <load_address>0x55fa</load_address>
         <run_address>0x55fa</run_address>
         <size>0x34</size>
         <input_file_ref idref="fl-c"/>
      </object_component>
      <object_component id="oc-7f2">
         <name>.debug_pubnames</name>
         <load_address>0x562e</load_address>
         <run_address>0x562e</run_address>
         <size>0x43</size>
         <input_file_ref idref="fl-c"/>
      </object_component>
      <object_component id="oc-529">
         <name>.debug_pubnames</name>
         <load_address>0x5671</load_address>
         <run_address>0x5671</run_address>
         <size>0x43</size>
         <input_file_ref idref="fl-c"/>
      </object_component>
      <object_component id="oc-11b6">
         <name>.debug_pubnames</name>
         <load_address>0x56b4</load_address>
         <run_address>0x56b4</run_address>
         <size>0x41</size>
         <input_file_ref idref="fl-c"/>
      </object_component>
      <object_component id="oc-11b0">
         <name>.debug_pubnames</name>
         <load_address>0x56f5</load_address>
         <run_address>0x56f5</run_address>
         <size>0x41</size>
         <input_file_ref idref="fl-c"/>
      </object_component>
      <object_component id="oc-11bc">
         <name>.debug_pubnames</name>
         <load_address>0x5736</load_address>
         <run_address>0x5736</run_address>
         <size>0x40</size>
         <input_file_ref idref="fl-c"/>
      </object_component>
      <object_component id="oc-7fa">
         <name>.debug_pubnames</name>
         <load_address>0x5776</load_address>
         <run_address>0x5776</run_address>
         <size>0x33</size>
         <input_file_ref idref="fl-c"/>
      </object_component>
      <object_component id="oc-74">
         <name>.debug_pubnames</name>
         <load_address>0x57a9</load_address>
         <run_address>0x57a9</run_address>
         <size>0x45</size>
         <input_file_ref idref="fl-c"/>
      </object_component>
      <object_component id="oc-320">
         <name>.debug_pubnames</name>
         <load_address>0x57ee</load_address>
         <run_address>0x57ee</run_address>
         <size>0x32</size>
         <input_file_ref idref="fl-c"/>
      </object_component>
      <object_component id="oc-10f6">
         <name>.debug_pubnames</name>
         <load_address>0x5820</load_address>
         <run_address>0x5820</run_address>
         <size>0x32</size>
         <input_file_ref idref="fl-c"/>
      </object_component>
      <object_component id="oc-1429">
         <name>.debug_pubnames</name>
         <load_address>0x5852</load_address>
         <run_address>0x5852</run_address>
         <size>0x3c</size>
         <input_file_ref idref="fl-c"/>
      </object_component>
      <object_component id="oc-10d5">
         <name>.debug_pubnames</name>
         <load_address>0x588e</load_address>
         <run_address>0x588e</run_address>
         <size>0x33</size>
         <input_file_ref idref="fl-c"/>
      </object_component>
      <object_component id="oc-1422">
         <name>.debug_pubnames</name>
         <load_address>0x58c1</load_address>
         <run_address>0x58c1</run_address>
         <size>0x3c</size>
         <input_file_ref idref="fl-c"/>
      </object_component>
      <object_component id="oc-10cf">
         <name>.debug_pubnames</name>
         <load_address>0x58fd</load_address>
         <run_address>0x58fd</run_address>
         <size>0x31</size>
         <input_file_ref idref="fl-c"/>
      </object_component>
      <object_component id="oc-cb5">
         <name>.debug_pubnames</name>
         <load_address>0x592e</load_address>
         <run_address>0x592e</run_address>
         <size>0x34</size>
         <input_file_ref idref="fl-c"/>
      </object_component>
      <object_component id="oc-cbc">
         <name>.debug_pubnames</name>
         <load_address>0x5962</load_address>
         <run_address>0x5962</run_address>
         <size>0x37</size>
         <input_file_ref idref="fl-c"/>
      </object_component>
      <object_component id="oc-17da">
         <name>.debug_pubnames</name>
         <load_address>0x5999</load_address>
         <run_address>0x5999</run_address>
         <size>0x38</size>
         <input_file_ref idref="fl-c"/>
      </object_component>
      <object_component id="oc-10fe">
         <name>.debug_pubnames</name>
         <load_address>0x59d1</load_address>
         <run_address>0x59d1</run_address>
         <size>0x35</size>
         <input_file_ref idref="fl-c"/>
      </object_component>
      <object_component id="oc-810">
         <name>.debug_pubnames</name>
         <load_address>0x5a06</load_address>
         <run_address>0x5a06</run_address>
         <size>0x32</size>
         <input_file_ref idref="fl-c"/>
      </object_component>
      <object_component id="oc-c97">
         <name>.debug_pubnames</name>
         <load_address>0x5a38</load_address>
         <run_address>0x5a38</run_address>
         <size>0x39</size>
         <input_file_ref idref="fl-c"/>
      </object_component>
      <object_component id="oc-80a">
         <name>.debug_pubnames</name>
         <load_address>0x5a71</load_address>
         <run_address>0x5a71</run_address>
         <size>0x33</size>
         <input_file_ref idref="fl-c"/>
      </object_component>
      <object_component id="oc-14ea">
         <name>.debug_pubnames</name>
         <load_address>0x5aa4</load_address>
         <run_address>0x5aa4</run_address>
         <size>0x40</size>
         <input_file_ref idref="fl-c"/>
      </object_component>
      <object_component id="oc-14e4">
         <name>.debug_pubnames</name>
         <load_address>0x5ae4</load_address>
         <run_address>0x5ae4</run_address>
         <size>0x41</size>
         <input_file_ref idref="fl-c"/>
      </object_component>
      <object_component id="oc-14de">
         <name>.debug_pubnames</name>
         <load_address>0x5b25</load_address>
         <run_address>0x5b25</run_address>
         <size>0x41</size>
         <input_file_ref idref="fl-c"/>
      </object_component>
      <object_component id="oc-114e">
         <name>.debug_pubnames</name>
         <load_address>0x5b66</load_address>
         <run_address>0x5b66</run_address>
         <size>0x45</size>
         <input_file_ref idref="fl-c"/>
      </object_component>
      <object_component id="oc-1148">
         <name>.debug_pubnames</name>
         <load_address>0x5bab</load_address>
         <run_address>0x5bab</run_address>
         <size>0x46</size>
         <input_file_ref idref="fl-c"/>
      </object_component>
      <object_component id="oc-1142">
         <name>.debug_pubnames</name>
         <load_address>0x5bf1</load_address>
         <run_address>0x5bf1</run_address>
         <size>0x46</size>
         <input_file_ref idref="fl-c"/>
      </object_component>
      <object_component id="oc-10c1">
         <name>.debug_pubnames</name>
         <load_address>0x5c37</load_address>
         <run_address>0x5c37</run_address>
         <size>0x42</size>
         <input_file_ref idref="fl-c"/>
      </object_component>
      <object_component id="oc-10bb">
         <name>.debug_pubnames</name>
         <load_address>0x5c79</load_address>
         <run_address>0x5c79</run_address>
         <size>0x43</size>
         <input_file_ref idref="fl-c"/>
      </object_component>
      <object_component id="oc-10b5">
         <name>.debug_pubnames</name>
         <load_address>0x5cbc</load_address>
         <run_address>0x5cbc</run_address>
         <size>0x43</size>
         <input_file_ref idref="fl-c"/>
      </object_component>
      <object_component id="oc-c56">
         <name>.debug_pubnames</name>
         <load_address>0x5cff</load_address>
         <run_address>0x5cff</run_address>
         <size>0x2d</size>
         <input_file_ref idref="fl-c"/>
      </object_component>
      <object_component id="oc-bff">
         <name>.debug_pubnames</name>
         <load_address>0x5d2c</load_address>
         <run_address>0x5d2c</run_address>
         <size>0x2e</size>
         <input_file_ref idref="fl-c"/>
      </object_component>
      <object_component id="oc-224">
         <name>.debug_pubnames</name>
         <load_address>0x5d5a</load_address>
         <run_address>0x5d5a</run_address>
         <size>0x31</size>
         <input_file_ref idref="fl-c"/>
      </object_component>
      <object_component id="oc-150a">
         <name>.debug_pubnames</name>
         <load_address>0x5d8b</load_address>
         <run_address>0x5d8b</run_address>
         <size>0x52</size>
         <input_file_ref idref="fl-c"/>
      </object_component>
      <object_component id="oc-21e">
         <name>.debug_pubnames</name>
         <load_address>0x5ddd</load_address>
         <run_address>0x5ddd</run_address>
         <size>0x3a</size>
         <input_file_ref idref="fl-c"/>
      </object_component>
      <object_component id="oc-1510">
         <name>.debug_pubnames</name>
         <load_address>0x5e17</load_address>
         <run_address>0x5e17</run_address>
         <size>0x39</size>
         <input_file_ref idref="fl-c"/>
      </object_component>
      <object_component id="oc-ebc">
         <name>.debug_pubnames</name>
         <load_address>0x5e50</load_address>
         <run_address>0x5e50</run_address>
         <size>0x3b</size>
         <input_file_ref idref="fl-c"/>
      </object_component>
      <object_component id="oc-1500">
         <name>.debug_pubnames</name>
         <load_address>0x5e8b</load_address>
         <run_address>0x5e8b</run_address>
         <size>0x38</size>
         <input_file_ref idref="fl-c"/>
      </object_component>
      <object_component id="oc-ec2">
         <name>.debug_pubnames</name>
         <load_address>0x5ec3</load_address>
         <run_address>0x5ec3</run_address>
         <size>0x3a</size>
         <input_file_ref idref="fl-c"/>
      </object_component>
      <object_component id="oc-175e">
         <name>.debug_pubnames</name>
         <load_address>0x5efd</load_address>
         <run_address>0x5efd</run_address>
         <size>0x43</size>
         <input_file_ref idref="fl-c"/>
      </object_component>
      <object_component id="oc-1576">
         <name>.debug_pubnames</name>
         <load_address>0x5f40</load_address>
         <run_address>0x5f40</run_address>
         <size>0x38</size>
         <input_file_ref idref="fl-c"/>
      </object_component>
      <object_component id="oc-218">
         <name>.debug_pubnames</name>
         <load_address>0x5f78</load_address>
         <run_address>0x5f78</run_address>
         <size>0x36</size>
         <input_file_ref idref="fl-c"/>
      </object_component>
      <object_component id="oc-1595">
         <name>.debug_pubnames</name>
         <load_address>0x5fae</load_address>
         <run_address>0x5fae</run_address>
         <size>0x39</size>
         <input_file_ref idref="fl-c"/>
      </object_component>
      <object_component id="oc-158f">
         <name>.debug_pubnames</name>
         <load_address>0x5fe7</load_address>
         <run_address>0x5fe7</run_address>
         <size>0x3f</size>
         <input_file_ref idref="fl-c"/>
      </object_component>
      <object_component id="oc-17ed">
         <name>.debug_pubnames</name>
         <load_address>0x6026</load_address>
         <run_address>0x6026</run_address>
         <size>0x3f</size>
         <input_file_ref idref="fl-c"/>
      </object_component>
      <object_component id="oc-16b9">
         <name>.debug_pubnames</name>
         <load_address>0x6065</load_address>
         <run_address>0x6065</run_address>
         <size>0x34</size>
         <input_file_ref idref="fl-c"/>
      </object_component>
      <object_component id="oc-77a">
         <name>.debug_pubnames</name>
         <load_address>0x6099</load_address>
         <run_address>0x6099</run_address>
         <size>0x35</size>
         <input_file_ref idref="fl-c"/>
      </object_component>
      <object_component id="oc-c14">
         <name>.debug_pubnames</name>
         <load_address>0x60ce</load_address>
         <run_address>0x60ce</run_address>
         <size>0x3a</size>
         <input_file_ref idref="fl-c"/>
      </object_component>
      <object_component id="oc-1787">
         <name>.debug_pubnames</name>
         <load_address>0x6108</load_address>
         <run_address>0x6108</run_address>
         <size>0x3f</size>
         <input_file_ref idref="fl-c"/>
      </object_component>
      <object_component id="oc-15e8">
         <name>.debug_pubnames</name>
         <load_address>0x6147</load_address>
         <run_address>0x6147</run_address>
         <size>0x34</size>
         <input_file_ref idref="fl-c"/>
      </object_component>
      <object_component id="oc-15fb">
         <name>.debug_pubnames</name>
         <load_address>0x617b</load_address>
         <run_address>0x617b</run_address>
         <size>0x35</size>
         <input_file_ref idref="fl-c"/>
      </object_component>
      <object_component id="oc-14f9">
         <name>.debug_pubnames</name>
         <load_address>0x61b0</load_address>
         <run_address>0x61b0</run_address>
         <size>0x45</size>
         <input_file_ref idref="fl-c"/>
      </object_component>
      <object_component id="oc-14f3">
         <name>.debug_pubnames</name>
         <load_address>0x61f5</load_address>
         <run_address>0x61f5</run_address>
         <size>0x50</size>
         <input_file_ref idref="fl-c"/>
      </object_component>
      <object_component id="oc-15f5">
         <name>.debug_pubnames</name>
         <load_address>0x6245</load_address>
         <run_address>0x6245</run_address>
         <size>0x3b</size>
         <input_file_ref idref="fl-c"/>
      </object_component>
      <object_component id="oc-ac4">
         <name>.debug_pubnames</name>
         <load_address>0x6280</load_address>
         <run_address>0x6280</run_address>
         <size>0x3e</size>
         <input_file_ref idref="fl-c"/>
      </object_component>
      <object_component id="oc-16f4">
         <name>.debug_pubnames</name>
         <load_address>0x62be</load_address>
         <run_address>0x62be</run_address>
         <size>0x49</size>
         <input_file_ref idref="fl-c"/>
      </object_component>
      <object_component id="oc-16ee">
         <name>.debug_pubnames</name>
         <load_address>0x6307</load_address>
         <run_address>0x6307</run_address>
         <size>0x49</size>
         <input_file_ref idref="fl-c"/>
      </object_component>
      <object_component id="oc-b49">
         <name>.debug_pubnames</name>
         <load_address>0x6350</load_address>
         <run_address>0x6350</run_address>
         <size>0x43</size>
         <input_file_ref idref="fl-c"/>
      </object_component>
      <object_component id="oc-1527">
         <name>.debug_pubnames</name>
         <load_address>0x6393</load_address>
         <run_address>0x6393</run_address>
         <size>0x4a</size>
         <input_file_ref idref="fl-c"/>
      </object_component>
      <object_component id="oc-ec8">
         <name>.debug_pubnames</name>
         <load_address>0x63dd</load_address>
         <run_address>0x63dd</run_address>
         <size>0x44</size>
         <input_file_ref idref="fl-c"/>
      </object_component>
      <object_component id="oc-43f">
         <name>.debug_pubnames</name>
         <load_address>0x6421</load_address>
         <run_address>0x6421</run_address>
         <size>0x3b</size>
         <input_file_ref idref="fl-c"/>
      </object_component>
      <object_component id="oc-439">
         <name>.debug_pubnames</name>
         <load_address>0x645c</load_address>
         <run_address>0x645c</run_address>
         <size>0x44</size>
         <input_file_ref idref="fl-c"/>
      </object_component>
      <object_component id="oc-1757">
         <name>.debug_pubnames</name>
         <load_address>0x64a0</load_address>
         <run_address>0x64a0</run_address>
         <size>0x47</size>
         <input_file_ref idref="fl-c"/>
      </object_component>
      <object_component id="oc-156f">
         <name>.debug_pubnames</name>
         <load_address>0x64e7</load_address>
         <run_address>0x64e7</run_address>
         <size>0x3c</size>
         <input_file_ref idref="fl-c"/>
      </object_component>
      <object_component id="oc-b4f">
         <name>.debug_pubnames</name>
         <load_address>0x6523</load_address>
         <run_address>0x6523</run_address>
         <size>0x3d</size>
         <input_file_ref idref="fl-c"/>
      </object_component>
      <object_component id="oc-151d">
         <name>.debug_pubnames</name>
         <load_address>0x6560</load_address>
         <run_address>0x6560</run_address>
         <size>0x42</size>
         <input_file_ref idref="fl-c"/>
      </object_component>
      <object_component id="oc-4da">
         <name>.debug_pubnames</name>
         <load_address>0x65a2</load_address>
         <run_address>0x65a2</run_address>
         <size>0x26</size>
         <input_file_ref idref="fl-1b"/>
      </object_component>
      <object_component id="oc-4af">
         <name>.debug_pubnames</name>
         <load_address>0x65c8</load_address>
         <run_address>0x65c8</run_address>
         <size>0x27</size>
         <input_file_ref idref="fl-1c"/>
      </object_component>
      <object_component id="oc-4f8">
         <name>.debug_pubnames</name>
         <load_address>0x65ef</load_address>
         <run_address>0x65ef</run_address>
         <size>0x2a</size>
         <input_file_ref idref="fl-1d"/>
      </object_component>
      <object_component id="oc-4d3">
         <name>.debug_pubnames</name>
         <load_address>0x6619</load_address>
         <run_address>0x6619</run_address>
         <size>0x27</size>
         <input_file_ref idref="fl-1e"/>
      </object_component>
      <object_component id="oc-9de">
         <name>.debug_pubnames</name>
         <load_address>0x6640</load_address>
         <run_address>0x6640</run_address>
         <size>0x28</size>
         <input_file_ref idref="fl-1f"/>
      </object_component>
      <object_component id="oc-4ce">
         <name>.debug_pubnames</name>
         <load_address>0x6668</load_address>
         <run_address>0x6668</run_address>
         <size>0x26</size>
         <input_file_ref idref="fl-20"/>
      </object_component>
      <object_component id="oc-4f2">
         <name>.debug_pubnames</name>
         <load_address>0x668e</load_address>
         <run_address>0x668e</run_address>
         <size>0x28</size>
         <input_file_ref idref="fl-21"/>
      </object_component>
      <object_component id="oc-734">
         <name>.debug_pubnames</name>
         <load_address>0x66b6</load_address>
         <run_address>0x66b6</run_address>
         <size>0x20</size>
         <input_file_ref idref="fl-22"/>
      </object_component>
      <object_component id="oc-88f">
         <name>.debug_pubnames</name>
         <load_address>0x66d6</load_address>
         <run_address>0x66d6</run_address>
         <size>0x28</size>
         <input_file_ref idref="fl-22"/>
      </object_component>
      <object_component id="oc-1165">
         <name>.debug_pubnames</name>
         <load_address>0x66fe</load_address>
         <run_address>0x66fe</run_address>
         <size>0x23</size>
         <input_file_ref idref="fl-22"/>
      </object_component>
      <object_component id="oc-44b">
         <name>.debug_pubnames</name>
         <load_address>0x6721</load_address>
         <run_address>0x6721</run_address>
         <size>0x1f</size>
         <input_file_ref idref="fl-22"/>
      </object_component>
      <object_component id="oc-351">
         <name>.debug_pubnames</name>
         <load_address>0x6740</load_address>
         <run_address>0x6740</run_address>
         <size>0x1f</size>
         <input_file_ref idref="fl-22"/>
      </object_component>
      <object_component id="oc-445">
         <name>.debug_pubnames</name>
         <load_address>0x675f</load_address>
         <run_address>0x675f</run_address>
         <size>0x26</size>
         <input_file_ref idref="fl-22"/>
      </object_component>
      <object_component id="oc-73b">
         <name>.debug_pubnames</name>
         <load_address>0x6785</load_address>
         <run_address>0x6785</run_address>
         <size>0x21</size>
         <input_file_ref idref="fl-26"/>
      </object_component>
      <object_component id="oc-8ab">
         <name>.debug_pubnames</name>
         <load_address>0x67a6</load_address>
         <run_address>0x67a6</run_address>
         <size>0x29</size>
         <input_file_ref idref="fl-26"/>
      </object_component>
      <object_component id="oc-424">
         <name>.debug_pubnames</name>
         <load_address>0x67cf</load_address>
         <run_address>0x67cf</run_address>
         <size>0x21</size>
         <input_file_ref idref="fl-26"/>
      </object_component>
      <object_component id="oc-463">
         <name>.debug_pubnames</name>
         <load_address>0x67f0</load_address>
         <run_address>0x67f0</run_address>
         <size>0x20</size>
         <input_file_ref idref="fl-26"/>
      </object_component>
      <object_component id="oc-358">
         <name>.debug_pubnames</name>
         <load_address>0x6810</load_address>
         <run_address>0x6810</run_address>
         <size>0x20</size>
         <input_file_ref idref="fl-26"/>
      </object_component>
      <object_component id="oc-45d">
         <name>.debug_pubnames</name>
         <load_address>0x6830</load_address>
         <run_address>0x6830</run_address>
         <size>0x27</size>
         <input_file_ref idref="fl-26"/>
      </object_component>
      <object_component id="oc-71f">
         <name>.debug_pubnames</name>
         <load_address>0x6857</load_address>
         <run_address>0x6857</run_address>
         <size>0x39</size>
         <input_file_ref idref="fl-29"/>
      </object_component>
      <object_component id="oc-34c">
         <name>.debug_pubnames</name>
         <load_address>0x6890</load_address>
         <run_address>0x6890</run_address>
         <size>0x27</size>
         <input_file_ref idref="fl-29"/>
      </object_component>
      <object_component id="oc-71c">
         <name>.debug_pubnames</name>
         <load_address>0x68b7</load_address>
         <run_address>0x68b7</run_address>
         <size>0x2c</size>
         <input_file_ref idref="fl-29"/>
      </object_component>
      <object_component id="oc-212">
         <name>.debug_pubnames</name>
         <load_address>0x68e3</load_address>
         <run_address>0x68e3</run_address>
         <size>0x21</size>
         <input_file_ref idref="fl-29"/>
      </object_component>
      <object_component id="oc-33e">
         <name>.debug_pubnames</name>
         <load_address>0x6904</load_address>
         <run_address>0x6904</run_address>
         <size>0x25</size>
         <input_file_ref idref="fl-29"/>
      </object_component>
      <object_component id="oc-344">
         <name>.debug_pubnames</name>
         <load_address>0x6929</load_address>
         <run_address>0x6929</run_address>
         <size>0x27</size>
         <input_file_ref idref="fl-29"/>
      </object_component>
      <object_component id="oc-200">
         <name>.debug_pubnames</name>
         <load_address>0x6950</load_address>
         <run_address>0x6950</run_address>
         <size>0x20</size>
         <input_file_ref idref="fl-29"/>
      </object_component>
      <object_component id="oc-722">
         <name>.debug_pubnames</name>
         <load_address>0x6970</load_address>
         <run_address>0x6970</run_address>
         <size>0x25</size>
         <input_file_ref idref="fl-29"/>
      </object_component>
      <object_component id="oc-b6d">
         <name>.debug_pubnames</name>
         <load_address>0x6995</load_address>
         <run_address>0x6995</run_address>
         <size>0x36</size>
         <input_file_ref idref="fl-2a"/>
      </object_component>
      <object_component id="oc-1298">
         <name>.debug_pubnames</name>
         <load_address>0x69cb</load_address>
         <run_address>0x69cb</run_address>
         <size>0x1d</size>
         <input_file_ref idref="fl-2a"/>
      </object_component>
      <object_component id="oc-12d2">
         <name>.debug_pubnames</name>
         <load_address>0x69e8</load_address>
         <run_address>0x69e8</run_address>
         <size>0x2a</size>
         <input_file_ref idref="fl-2a"/>
      </object_component>
      <object_component id="oc-12df">
         <name>.debug_pubnames</name>
         <load_address>0x6a12</load_address>
         <run_address>0x6a12</run_address>
         <size>0x2f</size>
         <input_file_ref idref="fl-2a"/>
      </object_component>
      <object_component id="oc-12f1">
         <name>.debug_pubnames</name>
         <load_address>0x6a41</load_address>
         <run_address>0x6a41</run_address>
         <size>0x24</size>
         <input_file_ref idref="fl-2a"/>
      </object_component>
      <object_component id="oc-fac">
         <name>.debug_pubnames</name>
         <load_address>0x6a65</load_address>
         <run_address>0x6a65</run_address>
         <size>0x29</size>
         <input_file_ref idref="fl-2a"/>
      </object_component>
      <object_component id="oc-f95">
         <name>.debug_pubnames</name>
         <load_address>0x6a8e</load_address>
         <run_address>0x6a8e</run_address>
         <size>0x26</size>
         <input_file_ref idref="fl-2a"/>
      </object_component>
      <object_component id="oc-fa6">
         <name>.debug_pubnames</name>
         <load_address>0x6ab4</load_address>
         <run_address>0x6ab4</run_address>
         <size>0x25</size>
         <input_file_ref idref="fl-2a"/>
      </object_component>
      <object_component id="oc-fa0">
         <name>.debug_pubnames</name>
         <load_address>0x6ad9</load_address>
         <run_address>0x6ad9</run_address>
         <size>0x25</size>
         <input_file_ref idref="fl-2a"/>
      </object_component>
      <object_component id="oc-f9b">
         <name>.debug_pubnames</name>
         <load_address>0x6afe</load_address>
         <run_address>0x6afe</run_address>
         <size>0x28</size>
         <input_file_ref idref="fl-2a"/>
      </object_component>
      <object_component id="oc-f8f">
         <name>.debug_pubnames</name>
         <load_address>0x6b26</load_address>
         <run_address>0x6b26</run_address>
         <size>0x27</size>
         <input_file_ref idref="fl-2a"/>
      </object_component>
      <object_component id="oc-15cb">
         <name>.debug_pubnames</name>
         <load_address>0x6b4d</load_address>
         <run_address>0x6b4d</run_address>
         <size>0x27</size>
         <input_file_ref idref="fl-2a"/>
      </object_component>
      <object_component id="oc-12d8">
         <name>.debug_pubnames</name>
         <load_address>0x6b74</load_address>
         <run_address>0x6b74</run_address>
         <size>0x2a</size>
         <input_file_ref idref="fl-2a"/>
      </object_component>
      <object_component id="oc-336">
         <name>.debug_pubnames</name>
         <load_address>0x6b9e</load_address>
         <run_address>0x6b9e</run_address>
         <size>0x29</size>
         <input_file_ref idref="fl-2b"/>
      </object_component>
      <object_component id="oc-6ca">
         <name>.debug_pubnames</name>
         <load_address>0x6bc7</load_address>
         <run_address>0x6bc7</run_address>
         <size>0x2d</size>
         <input_file_ref idref="fl-2b"/>
      </object_component>
      <object_component id="oc-12ad">
         <name>.debug_pubnames</name>
         <load_address>0x6bf4</load_address>
         <run_address>0x6bf4</run_address>
         <size>0x2d</size>
         <input_file_ref idref="fl-2b"/>
      </object_component>
      <object_component id="oc-f46">
         <name>.debug_pubnames</name>
         <load_address>0x6c21</load_address>
         <run_address>0x6c21</run_address>
         <size>0x1d</size>
         <input_file_ref idref="fl-2b"/>
      </object_component>
      <object_component id="oc-b29">
         <name>.debug_pubnames</name>
         <load_address>0x6c3e</load_address>
         <run_address>0x6c3e</run_address>
         <size>0x22</size>
         <input_file_ref idref="fl-2b"/>
      </object_component>
      <object_component id="oc-b23">
         <name>.debug_pubnames</name>
         <load_address>0x6c60</load_address>
         <run_address>0x6c60</run_address>
         <size>0x2e</size>
         <input_file_ref idref="fl-2b"/>
      </object_component>
      <object_component id="oc-12b6">
         <name>.debug_pubnames</name>
         <load_address>0x6c8e</load_address>
         <run_address>0x6c8e</run_address>
         <size>0x2a</size>
         <input_file_ref idref="fl-2b"/>
      </object_component>
      <object_component id="oc-1282">
         <name>.debug_pubnames</name>
         <load_address>0x6cb8</load_address>
         <run_address>0x6cb8</run_address>
         <size>0x2e</size>
         <input_file_ref idref="fl-2b"/>
      </object_component>
      <object_component id="oc-12c2">
         <name>.debug_pubnames</name>
         <load_address>0x6ce6</load_address>
         <run_address>0x6ce6</run_address>
         <size>0x2b</size>
         <input_file_ref idref="fl-2b"/>
      </object_component>
      <object_component id="oc-32c">
         <name>.debug_pubnames</name>
         <load_address>0x6d11</load_address>
         <run_address>0x6d11</run_address>
         <size>0x26</size>
         <input_file_ref idref="fl-2b"/>
      </object_component>
      <object_component id="oc-1fb">
         <name>.debug_pubnames</name>
         <load_address>0x6d37</load_address>
         <run_address>0x6d37</run_address>
         <size>0x21</size>
         <input_file_ref idref="fl-2b"/>
      </object_component>
      <object_component id="oc-188a">
         <name>.debug_pubnames</name>
         <load_address>0x6d58</load_address>
         <run_address>0x6d58</run_address>
         <size>0x25</size>
         <input_file_ref idref="fl-2b"/>
      </object_component>
      <object_component id="oc-1288">
         <name>.debug_pubnames</name>
         <load_address>0x6d7d</load_address>
         <run_address>0x6d7d</run_address>
         <size>0x30</size>
         <input_file_ref idref="fl-2b"/>
      </object_component>
      <object_component id="oc-12bd">
         <name>.debug_pubnames</name>
         <load_address>0x6dad</load_address>
         <run_address>0x6dad</run_address>
         <size>0x33</size>
         <input_file_ref idref="fl-2b"/>
      </object_component>
      <object_component id="oc-128f">
         <name>.debug_pubnames</name>
         <load_address>0x6de0</load_address>
         <run_address>0x6de0</run_address>
         <size>0x2b</size>
         <input_file_ref idref="fl-2b"/>
      </object_component>
      <object_component id="oc-b78">
         <name>.debug_pubnames</name>
         <load_address>0x6e0b</load_address>
         <run_address>0x6e0b</run_address>
         <size>0x2a</size>
         <input_file_ref idref="fl-2f"/>
      </object_component>
      <object_component id="oc-136d">
         <name>.debug_pubnames</name>
         <load_address>0x6e35</load_address>
         <run_address>0x6e35</run_address>
         <size>0x32</size>
         <input_file_ref idref="fl-2f"/>
      </object_component>
      <object_component id="oc-1613">
         <name>.debug_pubnames</name>
         <load_address>0x6e67</load_address>
         <run_address>0x6e67</run_address>
         <size>0x22</size>
         <input_file_ref idref="fl-2f"/>
      </object_component>
      <object_component id="oc-135b">
         <name>.debug_pubnames</name>
         <load_address>0x6e89</load_address>
         <run_address>0x6e89</run_address>
         <size>0x27</size>
         <input_file_ref idref="fl-2f"/>
      </object_component>
      <object_component id="oc-1367">
         <name>.debug_pubnames</name>
         <load_address>0x6eb0</load_address>
         <run_address>0x6eb0</run_address>
         <size>0x2a</size>
         <input_file_ref idref="fl-2f"/>
      </object_component>
      <object_component id="oc-1361">
         <name>.debug_pubnames</name>
         <load_address>0x6eda</load_address>
         <run_address>0x6eda</run_address>
         <size>0x26</size>
         <input_file_ref idref="fl-2f"/>
      </object_component>
      <object_component id="oc-1331">
         <name>.debug_pubnames</name>
         <load_address>0x6f00</load_address>
         <run_address>0x6f00</run_address>
         <size>0x2b</size>
         <input_file_ref idref="fl-2f"/>
      </object_component>
      <object_component id="oc-1349">
         <name>.debug_pubnames</name>
         <load_address>0x6f2b</load_address>
         <run_address>0x6f2b</run_address>
         <size>0x1d</size>
         <input_file_ref idref="fl-2f"/>
      </object_component>
      <object_component id="oc-134f">
         <name>.debug_pubnames</name>
         <load_address>0x6f48</load_address>
         <run_address>0x6f48</run_address>
         <size>0x2a</size>
         <input_file_ref idref="fl-2f"/>
      </object_component>
      <object_component id="oc-1646">
         <name>.debug_pubnames</name>
         <load_address>0x6f72</load_address>
         <run_address>0x6f72</run_address>
         <size>0x2a</size>
         <input_file_ref idref="fl-2f"/>
      </object_component>
      <object_component id="oc-163a">
         <name>.debug_pubnames</name>
         <load_address>0x6f9c</load_address>
         <run_address>0x6f9c</run_address>
         <size>0x2c</size>
         <input_file_ref idref="fl-2f"/>
      </object_component>
      <object_component id="oc-162e">
         <name>.debug_pubnames</name>
         <load_address>0x6fc8</load_address>
         <run_address>0x6fc8</run_address>
         <size>0x27</size>
         <input_file_ref idref="fl-2f"/>
      </object_component>
      <object_component id="oc-fe7">
         <name>.debug_pubnames</name>
         <load_address>0x6fef</load_address>
         <run_address>0x6fef</run_address>
         <size>0x2e</size>
         <input_file_ref idref="fl-2f"/>
      </object_component>
      <object_component id="oc-fe1">
         <name>.debug_pubnames</name>
         <load_address>0x701d</load_address>
         <run_address>0x701d</run_address>
         <size>0x27</size>
         <input_file_ref idref="fl-2f"/>
      </object_component>
      <object_component id="oc-fd5">
         <name>.debug_pubnames</name>
         <load_address>0x7044</load_address>
         <run_address>0x7044</run_address>
         <size>0x2d</size>
         <input_file_ref idref="fl-2f"/>
      </object_component>
      <object_component id="oc-fb7">
         <name>.debug_pubnames</name>
         <load_address>0x7071</load_address>
         <run_address>0x7071</run_address>
         <size>0x27</size>
         <input_file_ref idref="fl-2f"/>
      </object_component>
      <object_component id="oc-fc9">
         <name>.debug_pubnames</name>
         <load_address>0x7098</load_address>
         <run_address>0x7098</run_address>
         <size>0x26</size>
         <input_file_ref idref="fl-2f"/>
      </object_component>
      <object_component id="oc-fc3">
         <name>.debug_pubnames</name>
         <load_address>0x70be</load_address>
         <run_address>0x70be</run_address>
         <size>0x26</size>
         <input_file_ref idref="fl-2f"/>
      </object_component>
      <object_component id="oc-fbd">
         <name>.debug_pubnames</name>
         <load_address>0x70e4</load_address>
         <run_address>0x70e4</run_address>
         <size>0x29</size>
         <input_file_ref idref="fl-2f"/>
      </object_component>
      <object_component id="oc-fd0">
         <name>.debug_pubnames</name>
         <load_address>0x710d</load_address>
         <run_address>0x710d</run_address>
         <size>0x26</size>
         <input_file_ref idref="fl-2f"/>
      </object_component>
      <object_component id="oc-fdc">
         <name>.debug_pubnames</name>
         <load_address>0x7133</load_address>
         <run_address>0x7133</run_address>
         <size>0x2c</size>
         <input_file_ref idref="fl-2f"/>
      </object_component>
      <object_component id="oc-fee">
         <name>.debug_pubnames</name>
         <load_address>0x715f</load_address>
         <run_address>0x715f</run_address>
         <size>0x2d</size>
         <input_file_ref idref="fl-2f"/>
      </object_component>
      <object_component id="oc-1629">
         <name>.debug_pubnames</name>
         <load_address>0x718c</load_address>
         <run_address>0x718c</run_address>
         <size>0x2c</size>
         <input_file_ref idref="fl-2f"/>
      </object_component>
      <object_component id="oc-1635">
         <name>.debug_pubnames</name>
         <load_address>0x71b8</load_address>
         <run_address>0x71b8</run_address>
         <size>0x2a</size>
         <input_file_ref idref="fl-2f"/>
      </object_component>
      <object_component id="oc-161f">
         <name>.debug_pubnames</name>
         <load_address>0x71e2</load_address>
         <run_address>0x71e2</run_address>
         <size>0x20</size>
         <input_file_ref idref="fl-2f"/>
      </object_component>
      <object_component id="oc-1356">
         <name>.debug_pubnames</name>
         <load_address>0x7202</load_address>
         <run_address>0x7202</run_address>
         <size>0x2b</size>
         <input_file_ref idref="fl-2f"/>
      </object_component>
      <object_component id="oc-1641">
         <name>.debug_pubnames</name>
         <load_address>0x722d</load_address>
         <run_address>0x722d</run_address>
         <size>0x27</size>
         <input_file_ref idref="fl-2f"/>
      </object_component>
      <object_component id="oc-1580">
         <name>.debug_pubnames</name>
         <load_address>0x7254</load_address>
         <run_address>0x7254</run_address>
         <size>0x22</size>
         <input_file_ref idref="fl-31"/>
      </object_component>
      <object_component id="oc-1589">
         <name>.debug_pubnames</name>
         <load_address>0x7276</load_address>
         <run_address>0x7276</run_address>
         <size>0x1f</size>
         <input_file_ref idref="fl-31"/>
      </object_component>
      <object_component id="oc-1247">
         <name>.debug_pubnames</name>
         <load_address>0x7295</load_address>
         <run_address>0x7295</run_address>
         <size>0x20</size>
         <input_file_ref idref="fl-31"/>
      </object_component>
      <object_component id="oc-1241">
         <name>.debug_pubnames</name>
         <load_address>0x72b5</load_address>
         <run_address>0x72b5</run_address>
         <size>0x20</size>
         <input_file_ref idref="fl-31"/>
      </object_component>
      <object_component id="oc-17b0">
         <name>.debug_pubnames</name>
         <load_address>0x72d5</load_address>
         <run_address>0x72d5</run_address>
         <size>0x22</size>
         <input_file_ref idref="fl-32"/>
      </object_component>
      <object_component id="oc-1324">
         <name>.debug_pubnames</name>
         <load_address>0x72f7</load_address>
         <run_address>0x72f7</run_address>
         <size>0x23</size>
         <input_file_ref idref="fl-32"/>
      </object_component>
      <object_component id="oc-1377">
         <name>.debug_pubnames</name>
         <load_address>0x731a</load_address>
         <run_address>0x731a</run_address>
         <size>0x22</size>
         <input_file_ref idref="fl-32"/>
      </object_component>
      <object_component id="oc-1346">
         <name>.debug_pubnames</name>
         <load_address>0x733c</load_address>
         <run_address>0x733c</run_address>
         <size>0x28</size>
         <input_file_ref idref="fl-32"/>
      </object_component>
      <object_component id="oc-b07">
         <name>.debug_pubnames</name>
         <load_address>0x7364</load_address>
         <run_address>0x7364</run_address>
         <size>0x41</size>
         <input_file_ref idref="fl-36"/>
      </object_component>
      <object_component id="oc-6c5">
         <name>.debug_pubnames</name>
         <load_address>0x73a5</load_address>
         <run_address>0x73a5</run_address>
         <size>0x2e</size>
         <input_file_ref idref="fl-36"/>
      </object_component>
      <object_component id="oc-6d9">
         <name>.debug_pubnames</name>
         <load_address>0x73d3</load_address>
         <run_address>0x73d3</run_address>
         <size>0x2e</size>
         <input_file_ref idref="fl-36"/>
      </object_component>
      <object_component id="oc-6d3">
         <name>.debug_pubnames</name>
         <load_address>0x7401</load_address>
         <run_address>0x7401</run_address>
         <size>0x2d</size>
         <input_file_ref idref="fl-36"/>
      </object_component>
      <object_component id="oc-17bd">
         <name>.debug_pubnames</name>
         <load_address>0x742e</load_address>
         <run_address>0x742e</run_address>
         <size>0x22</size>
         <input_file_ref idref="fl-3a"/>
      </object_component>
      <object_component id="oc-17b7">
         <name>.debug_pubnames</name>
         <load_address>0x7450</load_address>
         <run_address>0x7450</run_address>
         <size>0x23</size>
         <input_file_ref idref="fl-3a"/>
      </object_component>
      <object_component id="oc-131d">
         <name>.debug_pubnames</name>
         <load_address>0x7473</load_address>
         <run_address>0x7473</run_address>
         <size>0x24</size>
         <input_file_ref idref="fl-3a"/>
      </object_component>
      <object_component id="oc-133e">
         <name>.debug_pubnames</name>
         <load_address>0x7497</load_address>
         <run_address>0x7497</run_address>
         <size>0x24</size>
         <input_file_ref idref="fl-3a"/>
      </object_component>
      <object_component id="oc-1338">
         <name>.debug_pubnames</name>
         <load_address>0x74bb</load_address>
         <run_address>0x74bb</run_address>
         <size>0x29</size>
         <input_file_ref idref="fl-3a"/>
      </object_component>
      <object_component id="oc-35e">
         <name>.debug_pubnames</name>
         <load_address>0x74e4</load_address>
         <run_address>0x74e4</run_address>
         <size>0x23</size>
         <input_file_ref idref="fl-3b"/>
      </object_component>
      <object_component id="oc-12a0">
         <name>.debug_pubnames</name>
         <load_address>0x7507</load_address>
         <run_address>0x7507</run_address>
         <size>0x22</size>
         <input_file_ref idref="fl-3b"/>
      </object_component>
      <object_component id="oc-70b">
         <name>.debug_pubnames</name>
         <load_address>0x7529</load_address>
         <run_address>0x7529</run_address>
         <size>0x22</size>
         <input_file_ref idref="fl-3b"/>
      </object_component>
      <object_component id="oc-705">
         <name>.debug_pubnames</name>
         <load_address>0x754b</load_address>
         <run_address>0x754b</run_address>
         <size>0x27</size>
         <input_file_ref idref="fl-3b"/>
      </object_component>
      <object_component id="oc-12fd">
         <name>.debug_pubnames</name>
         <load_address>0x7572</load_address>
         <run_address>0x7572</run_address>
         <size>0x26</size>
         <input_file_ref idref="fl-3c"/>
      </object_component>
      <object_component id="oc-12eb">
         <name>.debug_pubnames</name>
         <load_address>0x7598</load_address>
         <run_address>0x7598</run_address>
         <size>0x26</size>
         <input_file_ref idref="fl-3c"/>
      </object_component>
      <object_component id="oc-12a5">
         <name>.debug_pubnames</name>
         <load_address>0x75be</load_address>
         <run_address>0x75be</run_address>
         <size>0x28</size>
         <input_file_ref idref="fl-3c"/>
      </object_component>
      <object_component id="oc-12cd">
         <name>.debug_pubnames</name>
         <load_address>0x75e6</load_address>
         <run_address>0x75e6</run_address>
         <size>0x28</size>
         <input_file_ref idref="fl-3c"/>
      </object_component>
      <object_component id="oc-12c6">
         <name>.debug_pubnames</name>
         <load_address>0x760e</load_address>
         <run_address>0x760e</run_address>
         <size>0x2d</size>
         <input_file_ref idref="fl-3c"/>
      </object_component>
      <object_component id="oc-b1d">
         <name>.debug_pubnames</name>
         <load_address>0x763b</load_address>
         <run_address>0x763b</run_address>
         <size>0x35</size>
         <input_file_ref idref="fl-3d"/>
      </object_component>
      <object_component id="oc-1078">
         <name>.debug_pubnames</name>
         <load_address>0x7670</load_address>
         <run_address>0x7670</run_address>
         <size>0x39</size>
         <input_file_ref idref="fl-3d"/>
      </object_component>
      <object_component id="oc-c1b">
         <name>.debug_pubnames</name>
         <load_address>0x76a9</load_address>
         <run_address>0x76a9</run_address>
         <size>0x33</size>
         <input_file_ref idref="fl-3d"/>
      </object_component>
      <object_component id="oc-144b">
         <name>.debug_pubnames</name>
         <load_address>0x76dc</load_address>
         <run_address>0x76dc</run_address>
         <size>0x34</size>
         <input_file_ref idref="fl-3d"/>
      </object_component>
      <object_component id="oc-87c">
         <name>.debug_pubnames</name>
         <load_address>0x7710</load_address>
         <run_address>0x7710</run_address>
         <size>0x36</size>
         <input_file_ref idref="fl-3d"/>
      </object_component>
      <object_component id="oc-9cd">
         <name>.debug_pubnames</name>
         <load_address>0x7746</load_address>
         <run_address>0x7746</run_address>
         <size>0x3a</size>
         <input_file_ref idref="fl-3d"/>
      </object_component>
      <object_component id="oc-cc2">
         <name>.debug_pubnames</name>
         <load_address>0x7780</load_address>
         <run_address>0x7780</run_address>
         <size>0x37</size>
         <input_file_ref idref="fl-3d"/>
      </object_component>
      <object_component id="oc-82d">
         <name>.debug_pubnames</name>
         <load_address>0x77b7</load_address>
         <run_address>0x77b7</run_address>
         <size>0x3e</size>
         <input_file_ref idref="fl-3d"/>
      </object_component>
      <object_component id="oc-153e">
         <name>.debug_pubnames</name>
         <load_address>0x77f5</load_address>
         <run_address>0x77f5</run_address>
         <size>0x30</size>
         <input_file_ref idref="fl-3d"/>
      </object_component>
      <object_component id="oc-1256">
         <name>.debug_pubnames</name>
         <load_address>0x7825</load_address>
         <run_address>0x7825</run_address>
         <size>0x34</size>
         <input_file_ref idref="fl-3d"/>
      </object_component>
      <object_component id="oc-7df">
         <name>.debug_pubnames</name>
         <load_address>0x7859</load_address>
         <run_address>0x7859</run_address>
         <size>0x42</size>
         <input_file_ref idref="fl-3d"/>
      </object_component>
      <object_component id="oc-c21">
         <name>.debug_pubnames</name>
         <load_address>0x789b</load_address>
         <run_address>0x789b</run_address>
         <size>0x32</size>
         <input_file_ref idref="fl-3d"/>
      </object_component>
      <object_component id="oc-1458">
         <name>.debug_pubnames</name>
         <load_address>0x78cd</load_address>
         <run_address>0x78cd</run_address>
         <size>0x49</size>
         <input_file_ref idref="fl-3d"/>
      </object_component>
      <object_component id="oc-13d1">
         <name>.debug_pubnames</name>
         <load_address>0x7916</load_address>
         <run_address>0x7916</run_address>
         <size>0x31</size>
         <input_file_ref idref="fl-3d"/>
      </object_component>
      <object_component id="oc-1072">
         <name>.debug_pubnames</name>
         <load_address>0x7947</load_address>
         <run_address>0x7947</run_address>
         <size>0x40</size>
         <input_file_ref idref="fl-3d"/>
      </object_component>
      <object_component id="oc-c60">
         <name>.debug_pubnames</name>
         <load_address>0x7987</load_address>
         <run_address>0x7987</run_address>
         <size>0x36</size>
         <input_file_ref idref="fl-3d"/>
      </object_component>
      <object_component id="oc-7e5">
         <name>.debug_pubnames</name>
         <load_address>0x79bd</load_address>
         <run_address>0x79bd</run_address>
         <size>0x35</size>
         <input_file_ref idref="fl-3d"/>
      </object_component>
      <object_component id="oc-10ee">
         <name>.debug_pubnames</name>
         <load_address>0x79f2</load_address>
         <run_address>0x79f2</run_address>
         <size>0x37</size>
         <input_file_ref idref="fl-3d"/>
      </object_component>
      <object_component id="oc-caf">
         <name>.debug_pubnames</name>
         <load_address>0x7a29</load_address>
         <run_address>0x7a29</run_address>
         <size>0x35</size>
         <input_file_ref idref="fl-3d"/>
      </object_component>
      <object_component id="oc-827">
         <name>.debug_pubnames</name>
         <load_address>0x7a5e</load_address>
         <run_address>0x7a5e</run_address>
         <size>0x32</size>
         <input_file_ref idref="fl-3d"/>
      </object_component>
      <object_component id="oc-9c4">
         <name>.debug_pubnames</name>
         <load_address>0x7a90</load_address>
         <run_address>0x7a90</run_address>
         <size>0x33</size>
         <input_file_ref idref="fl-3d"/>
      </object_component>
      <object_component id="oc-4a0">
         <name>.debug_pubnames</name>
         <load_address>0x7ac3</load_address>
         <run_address>0x7ac3</run_address>
         <size>0x33</size>
         <input_file_ref idref="fl-3d"/>
      </object_component>
      <object_component id="oc-85c">
         <name>.debug_pubnames</name>
         <load_address>0x7af6</load_address>
         <run_address>0x7af6</run_address>
         <size>0x34</size>
         <input_file_ref idref="fl-3d"/>
      </object_component>
      <object_component id="oc-183b">
         <name>.debug_pubnames</name>
         <load_address>0x7b2a</load_address>
         <run_address>0x7b2a</run_address>
         <size>0x38</size>
         <input_file_ref idref="fl-3d"/>
      </object_component>
      <object_component id="oc-7ac">
         <name>.debug_pubnames</name>
         <load_address>0x7b62</load_address>
         <run_address>0x7b62</run_address>
         <size>0x36</size>
         <input_file_ref idref="fl-3d"/>
      </object_component>
      <object_component id="oc-856">
         <name>.debug_pubnames</name>
         <load_address>0x7b98</load_address>
         <run_address>0x7b98</run_address>
         <size>0x33</size>
         <input_file_ref idref="fl-3d"/>
      </object_component>
      <object_component id="oc-1203">
         <name>.debug_pubnames</name>
         <load_address>0x7bcb</load_address>
         <run_address>0x7bcb</run_address>
         <size>0x3c</size>
         <input_file_ref idref="fl-3d"/>
      </object_component>
      <object_component id="oc-394">
         <name>.debug_pubnames</name>
         <load_address>0x7c07</load_address>
         <run_address>0x7c07</run_address>
         <size>0x3b</size>
         <input_file_ref idref="fl-3d"/>
      </object_component>
      <object_component id="oc-3a9">
         <name>.debug_pubnames</name>
         <load_address>0x7c42</load_address>
         <run_address>0x7c42</run_address>
         <size>0x3f</size>
         <input_file_ref idref="fl-3d"/>
      </object_component>
      <object_component id="oc-f66">
         <name>.debug_pubnames</name>
         <load_address>0x7c81</load_address>
         <run_address>0x7c81</run_address>
         <size>0x35</size>
         <input_file_ref idref="fl-3d"/>
      </object_component>
      <object_component id="oc-b35">
         <name>.debug_pubnames</name>
         <load_address>0x7cb6</load_address>
         <run_address>0x7cb6</run_address>
         <size>0x34</size>
         <input_file_ref idref="fl-3d"/>
      </object_component>
      <object_component id="oc-ca9">
         <name>.debug_pubnames</name>
         <load_address>0x7cea</load_address>
         <run_address>0x7cea</run_address>
         <size>0x34</size>
         <input_file_ref idref="fl-3d"/>
      </object_component>
      <object_component id="oc-b17">
         <name>.debug_pubnames</name>
         <load_address>0x7d1e</load_address>
         <run_address>0x7d1e</run_address>
         <size>0x34</size>
         <input_file_ref idref="fl-3d"/>
      </object_component>
      <object_component id="oc-1834">
         <name>.debug_pubnames</name>
         <load_address>0x7d52</load_address>
         <run_address>0x7d52</run_address>
         <size>0x37</size>
         <input_file_ref idref="fl-3d"/>
      </object_component>
      <object_component id="oc-1451">
         <name>.debug_pubnames</name>
         <load_address>0x7d89</load_address>
         <run_address>0x7d89</run_address>
         <size>0x31</size>
         <input_file_ref idref="fl-3d"/>
      </object_component>
      <object_component id="oc-11fd">
         <name>.debug_pubnames</name>
         <load_address>0x7dba</load_address>
         <run_address>0x7dba</run_address>
         <size>0x3b</size>
         <input_file_ref idref="fl-3d"/>
      </object_component>
      <object_component id="oc-187c">
         <name>.debug_pubnames</name>
         <load_address>0x7df5</load_address>
         <run_address>0x7df5</run_address>
         <size>0x33</size>
         <input_file_ref idref="fl-3d"/>
      </object_component>
      <object_component id="oc-49a">
         <name>.debug_pubnames</name>
         <load_address>0x7e28</load_address>
         <run_address>0x7e28</run_address>
         <size>0x37</size>
         <input_file_ref idref="fl-3d"/>
      </object_component>
      <object_component id="oc-408">
         <name>.debug_pubnames</name>
         <load_address>0x7e5f</load_address>
         <run_address>0x7e5f</run_address>
         <size>0x37</size>
         <input_file_ref idref="fl-3d"/>
      </object_component>
      <object_component id="oc-380">
         <name>.debug_pubnames</name>
         <load_address>0x7e96</load_address>
         <run_address>0x7e96</run_address>
         <size>0x40</size>
         <input_file_ref idref="fl-3d"/>
      </object_component>
      <object_component id="oc-1843">
         <name>.debug_pubnames</name>
         <load_address>0x7ed6</load_address>
         <run_address>0x7ed6</run_address>
         <size>0x44</size>
         <input_file_ref idref="fl-3d"/>
      </object_component>
      <object_component id="oc-bd9">
         <name>.debug_pubnames</name>
         <load_address>0x7f1a</load_address>
         <run_address>0x7f1a</run_address>
         <size>0x3c</size>
         <input_file_ref idref="fl-3d"/>
      </object_component>
      <object_component id="oc-13c9">
         <name>.debug_pubnames</name>
         <load_address>0x7f56</load_address>
         <run_address>0x7f56</run_address>
         <size>0x32</size>
         <input_file_ref idref="fl-3d"/>
      </object_component>
      <object_component id="oc-1109">
         <name>.debug_pubnames</name>
         <load_address>0x7f88</load_address>
         <run_address>0x7f88</run_address>
         <size>0x37</size>
         <input_file_ref idref="fl-3d"/>
      </object_component>
      <object_component id="oc-1858">
         <name>.debug_pubnames</name>
         <load_address>0x7fbf</load_address>
         <run_address>0x7fbf</run_address>
         <size>0x34</size>
         <input_file_ref idref="fl-3d"/>
      </object_component>
      <object_component id="oc-1874">
         <name>.debug_pubnames</name>
         <load_address>0x7ff3</load_address>
         <run_address>0x7ff3</run_address>
         <size>0x39</size>
         <input_file_ref idref="fl-3d"/>
      </object_component>
      <object_component id="oc-1444">
         <name>.debug_pubnames</name>
         <load_address>0x802c</load_address>
         <run_address>0x802c</run_address>
         <size>0x36</size>
         <input_file_ref idref="fl-3d"/>
      </object_component>
      <object_component id="oc-481">
         <name>.debug_pubnames</name>
         <load_address>0x8062</load_address>
         <run_address>0x8062</run_address>
         <size>0x37</size>
         <input_file_ref idref="fl-3d"/>
      </object_component>
      <object_component id="oc-11f6">
         <name>.debug_pubnames</name>
         <load_address>0x8099</load_address>
         <run_address>0x8099</run_address>
         <size>0x3d</size>
         <input_file_ref idref="fl-3d"/>
      </object_component>
      <object_component id="oc-17a0">
         <name>.debug_pubnames</name>
         <load_address>0x80d6</load_address>
         <run_address>0x80d6</run_address>
         <size>0x3c</size>
         <input_file_ref idref="fl-3d"/>
      </object_component>
      <object_component id="oc-184f">
         <name>.debug_pubnames</name>
         <load_address>0x8112</load_address>
         <run_address>0x8112</run_address>
         <size>0x40</size>
         <input_file_ref idref="fl-3d"/>
      </object_component>
      <object_component id="oc-14d1">
         <name>.debug_pubnames</name>
         <load_address>0x8152</load_address>
         <run_address>0x8152</run_address>
         <size>0x3d</size>
         <input_file_ref idref="fl-3d"/>
      </object_component>
      <object_component id="oc-686">
         <name>.debug_pubnames</name>
         <load_address>0x818f</load_address>
         <run_address>0x818f</run_address>
         <size>0x37</size>
         <input_file_ref idref="fl-3d"/>
      </object_component>
      <object_component id="oc-14d7">
         <name>.debug_pubnames</name>
         <load_address>0x81c6</load_address>
         <run_address>0x81c6</run_address>
         <size>0x3b</size>
         <input_file_ref idref="fl-3d"/>
      </object_component>
      <object_component id="oc-14cb">
         <name>.debug_pubnames</name>
         <load_address>0x8201</load_address>
         <run_address>0x8201</run_address>
         <size>0x37</size>
         <input_file_ref idref="fl-3d"/>
      </object_component>
      <object_component id="oc-14c5">
         <name>.debug_pubnames</name>
         <load_address>0x8238</load_address>
         <run_address>0x8238</run_address>
         <size>0x38</size>
         <input_file_ref idref="fl-3d"/>
      </object_component>
      <object_component id="oc-1719">
         <name>.debug_pubnames</name>
         <load_address>0x8270</load_address>
         <run_address>0x8270</run_address>
         <size>0x40</size>
         <input_file_ref idref="fl-3d"/>
      </object_component>
      <object_component id="oc-692">
         <name>.debug_pubnames</name>
         <load_address>0x82b0</load_address>
         <run_address>0x82b0</run_address>
         <size>0x33</size>
         <input_file_ref idref="fl-3d"/>
      </object_component>
      <object_component id="oc-188f">
         <name>.debug_pubnames</name>
         <load_address>0x82e3</load_address>
         <run_address>0x82e3</run_address>
         <size>0x34</size>
         <input_file_ref idref="fl-3d"/>
      </object_component>
      <object_component id="oc-120e">
         <name>.debug_pubnames</name>
         <load_address>0x8317</load_address>
         <run_address>0x8317</run_address>
         <size>0x3b</size>
         <input_file_ref idref="fl-3d"/>
      </object_component>
      <object_component id="oc-10a2">
         <name>.debug_pubnames</name>
         <load_address>0x8352</load_address>
         <run_address>0x8352</run_address>
         <size>0x3a</size>
         <input_file_ref idref="fl-3d"/>
      </object_component>
      <object_component id="oc-10ae">
         <name>.debug_pubnames</name>
         <load_address>0x838c</load_address>
         <run_address>0x838c</run_address>
         <size>0x3a</size>
         <input_file_ref idref="fl-3d"/>
      </object_component>
      <object_component id="oc-10a8">
         <name>.debug_pubnames</name>
         <load_address>0x83c6</load_address>
         <run_address>0x83c6</run_address>
         <size>0x3a</size>
         <input_file_ref idref="fl-3d"/>
      </object_component>
      <object_component id="oc-140d">
         <name>.debug_pubnames</name>
         <load_address>0x8400</load_address>
         <run_address>0x8400</run_address>
         <size>0x42</size>
         <input_file_ref idref="fl-3d"/>
      </object_component>
      <object_component id="oc-1417">
         <name>.debug_pubnames</name>
         <load_address>0x8442</load_address>
         <run_address>0x8442</run_address>
         <size>0x46</size>
         <input_file_ref idref="fl-3d"/>
      </object_component>
      <object_component id="oc-113b">
         <name>.debug_pubnames</name>
         <load_address>0x8488</load_address>
         <run_address>0x8488</run_address>
         <size>0x3d</size>
         <input_file_ref idref="fl-3d"/>
      </object_component>
      <object_component id="oc-42a">
         <name>.debug_pubnames</name>
         <load_address>0x84c5</load_address>
         <run_address>0x84c5</run_address>
         <size>0x3d</size>
         <input_file_ref idref="fl-3d"/>
      </object_component>
      <object_component id="oc-418">
         <name>.debug_pubnames</name>
         <load_address>0x8502</load_address>
         <run_address>0x8502</run_address>
         <size>0x3d</size>
         <input_file_ref idref="fl-3d"/>
      </object_component>
      <object_component id="oc-886">
         <name>.debug_pubnames</name>
         <load_address>0x853f</load_address>
         <run_address>0x853f</run_address>
         <size>0x45</size>
         <input_file_ref idref="fl-3d"/>
      </object_component>
      <object_component id="oc-1472">
         <name>.debug_pubnames</name>
         <load_address>0x8584</load_address>
         <run_address>0x8584</run_address>
         <size>0x49</size>
         <input_file_ref idref="fl-3d"/>
      </object_component>
      <object_component id="oc-11a9">
         <name>.debug_pubnames</name>
         <load_address>0x85cd</load_address>
         <run_address>0x85cd</run_address>
         <size>0x38</size>
         <input_file_ref idref="fl-3d"/>
      </object_component>
      <object_component id="oc-c6a">
         <name>.debug_pubnames</name>
         <load_address>0x8605</load_address>
         <run_address>0x8605</run_address>
         <size>0x38</size>
         <input_file_ref idref="fl-3d"/>
      </object_component>
      <object_component id="oc-a31">
         <name>.debug_pubnames</name>
         <load_address>0x863d</load_address>
         <run_address>0x863d</run_address>
         <size>0x38</size>
         <input_file_ref idref="fl-3d"/>
      </object_component>
      <object_component id="oc-14a5">
         <name>.debug_pubnames</name>
         <load_address>0x8675</load_address>
         <run_address>0x8675</run_address>
         <size>0x40</size>
         <input_file_ref idref="fl-3d"/>
      </object_component>
      <object_component id="oc-cf">
         <name>.debug_pubnames</name>
         <load_address>0x86b5</load_address>
         <run_address>0x86b5</run_address>
         <size>0x4d</size>
         <input_file_ref idref="fl-3d"/>
      </object_component>
      <object_component id="oc-c9">
         <name>.debug_pubnames</name>
         <load_address>0x8702</load_address>
         <run_address>0x8702</run_address>
         <size>0x51</size>
         <input_file_ref idref="fl-3d"/>
      </object_component>
      <object_component id="oc-10db">
         <name>.debug_pubnames</name>
         <load_address>0x8753</load_address>
         <run_address>0x8753</run_address>
         <size>0x42</size>
         <input_file_ref idref="fl-3d"/>
      </object_component>
      <object_component id="oc-c9c">
         <name>.debug_pubnames</name>
         <load_address>0x8795</load_address>
         <run_address>0x8795</run_address>
         <size>0x44</size>
         <input_file_ref idref="fl-3d"/>
      </object_component>
      <object_component id="oc-152e">
         <name>.debug_pubnames</name>
         <load_address>0x87d9</load_address>
         <run_address>0x87d9</run_address>
         <size>0x47</size>
         <input_file_ref idref="fl-3d"/>
      </object_component>
      <object_component id="oc-1726">
         <name>.debug_pubnames</name>
         <load_address>0x8820</load_address>
         <run_address>0x8820</run_address>
         <size>0x48</size>
         <input_file_ref idref="fl-3d"/>
      </object_component>
      <object_component id="oc-1214">
         <name>.debug_pubnames</name>
         <load_address>0x8868</load_address>
         <run_address>0x8868</run_address>
         <size>0x4b</size>
         <input_file_ref idref="fl-3d"/>
      </object_component>
      <object_component id="oc-b02">
         <name>.debug_pubnames</name>
         <load_address>0x88b3</load_address>
         <run_address>0x88b3</run_address>
         <size>0x4e</size>
         <input_file_ref idref="fl-3d"/>
      </object_component>
      <object_component id="oc-c0e">
         <name>.debug_pubnames</name>
         <load_address>0x8901</load_address>
         <run_address>0x8901</run_address>
         <size>0x44</size>
         <input_file_ref idref="fl-3d"/>
      </object_component>
      <object_component id="oc-79f">
         <name>.debug_pubnames</name>
         <load_address>0x8945</load_address>
         <run_address>0x8945</run_address>
         <size>0x50</size>
         <input_file_ref idref="fl-3d"/>
      </object_component>
      <object_component id="oc-13da">
         <name>.debug_pubnames</name>
         <load_address>0x8995</load_address>
         <run_address>0x8995</run_address>
         <size>0x49</size>
         <input_file_ref idref="fl-3d"/>
      </object_component>
      <object_component id="oc-143c">
         <name>.debug_pubnames</name>
         <load_address>0x89de</load_address>
         <run_address>0x89de</run_address>
         <size>0x4a</size>
         <input_file_ref idref="fl-3d"/>
      </object_component>
      <object_component id="oc-ca2">
         <name>.debug_pubnames</name>
         <load_address>0x8a28</load_address>
         <run_address>0x8a28</run_address>
         <size>0x3e</size>
         <input_file_ref idref="fl-3d"/>
      </object_component>
      <object_component id="oc-371">
         <name>.debug_pubnames</name>
         <load_address>0x8a66</load_address>
         <run_address>0x8a66</run_address>
         <size>0x41</size>
         <input_file_ref idref="fl-3d"/>
      </object_component>
      <object_component id="oc-125e">
         <name>.debug_pubnames</name>
         <load_address>0x8aa7</load_address>
         <run_address>0x8aa7</run_address>
         <size>0x47</size>
         <input_file_ref idref="fl-3d"/>
      </object_component>
      <object_component id="oc-1545">
         <name>.debug_pubnames</name>
         <load_address>0x8aee</load_address>
         <run_address>0x8aee</run_address>
         <size>0x46</size>
         <input_file_ref idref="fl-3d"/>
      </object_component>
      <object_component id="oc-1264">
         <name>.debug_pubnames</name>
         <load_address>0x8b34</load_address>
         <run_address>0x8b34</run_address>
         <size>0x3f</size>
         <input_file_ref idref="fl-3d"/>
      </object_component>
      <object_component id="oc-68c">
         <name>.debug_pubnames</name>
         <load_address>0x8b73</load_address>
         <run_address>0x8b73</run_address>
         <size>0x3f</size>
         <input_file_ref idref="fl-3d"/>
      </object_component>
      <object_component id="oc-adb">
         <name>.debug_pubnames</name>
         <load_address>0x8bb2</load_address>
         <run_address>0x8bb2</run_address>
         <size>0x43</size>
         <input_file_ref idref="fl-3d"/>
      </object_component>
      <object_component id="oc-a7e">
         <name>.debug_pubnames</name>
         <load_address>0x8bf5</load_address>
         <run_address>0x8bf5</run_address>
         <size>0x44</size>
         <input_file_ref idref="fl-3d"/>
      </object_component>
      <object_component id="oc-a78">
         <name>.debug_pubnames</name>
         <load_address>0x8c39</load_address>
         <run_address>0x8c39</run_address>
         <size>0x40</size>
         <input_file_ref idref="fl-3d"/>
      </object_component>
      <object_component id="oc-a6c">
         <name>.debug_pubnames</name>
         <load_address>0x8c79</load_address>
         <run_address>0x8c79</run_address>
         <size>0x42</size>
         <input_file_ref idref="fl-3d"/>
      </object_component>
      <object_component id="oc-a66">
         <name>.debug_pubnames</name>
         <load_address>0x8cbb</load_address>
         <run_address>0x8cbb</run_address>
         <size>0x3f</size>
         <input_file_ref idref="fl-3d"/>
      </object_component>
      <object_component id="oc-a96">
         <name>.debug_pubnames</name>
         <load_address>0x8cfa</load_address>
         <run_address>0x8cfa</run_address>
         <size>0x3d</size>
         <input_file_ref idref="fl-3d"/>
      </object_component>
      <object_component id="oc-a8a">
         <name>.debug_pubnames</name>
         <load_address>0x8d37</load_address>
         <run_address>0x8d37</run_address>
         <size>0x42</size>
         <input_file_ref idref="fl-3d"/>
      </object_component>
      <object_component id="oc-a72">
         <name>.debug_pubnames</name>
         <load_address>0x8d79</load_address>
         <run_address>0x8d79</run_address>
         <size>0x42</size>
         <input_file_ref idref="fl-3d"/>
      </object_component>
      <object_component id="oc-a84">
         <name>.debug_pubnames</name>
         <load_address>0x8dbb</load_address>
         <run_address>0x8dbb</run_address>
         <size>0x42</size>
         <input_file_ref idref="fl-3d"/>
      </object_component>
      <object_component id="oc-a90">
         <name>.debug_pubnames</name>
         <load_address>0x8dfd</load_address>
         <run_address>0x8dfd</run_address>
         <size>0x43</size>
         <input_file_ref idref="fl-3d"/>
      </object_component>
      <object_component id="oc-1e1">
         <name>.debug_pubnames</name>
         <load_address>0x8e40</load_address>
         <run_address>0x8e40</run_address>
         <size>0x41</size>
         <input_file_ref idref="fl-3d"/>
      </object_component>
      <object_component id="oc-a9c">
         <name>.debug_pubnames</name>
         <load_address>0x8e81</load_address>
         <run_address>0x8e81</run_address>
         <size>0x42</size>
         <input_file_ref idref="fl-3d"/>
      </object_component>
      <object_component id="oc-5fa">
         <name>.debug_pubnames</name>
         <load_address>0x8ec3</load_address>
         <run_address>0x8ec3</run_address>
         <size>0x44</size>
         <input_file_ref idref="fl-3d"/>
      </object_component>
      <object_component id="oc-174b">
         <name>.debug_pubnames</name>
         <load_address>0x8f07</load_address>
         <run_address>0x8f07</run_address>
         <size>0x44</size>
         <input_file_ref idref="fl-3d"/>
      </object_component>
      <object_component id="oc-1745">
         <name>.debug_pubnames</name>
         <load_address>0x8f4b</load_address>
         <run_address>0x8f4b</run_address>
         <size>0x43</size>
         <input_file_ref idref="fl-3d"/>
      </object_component>
      <object_component id="oc-173f">
         <name>.debug_pubnames</name>
         <load_address>0x8f8e</load_address>
         <run_address>0x8f8e</run_address>
         <size>0x40</size>
         <input_file_ref idref="fl-3d"/>
      </object_component>
      <object_component id="oc-743">
         <name>.debug_pubnames</name>
         <load_address>0x8fce</load_address>
         <run_address>0x8fce</run_address>
         <size>0x41</size>
         <input_file_ref idref="fl-3d"/>
      </object_component>
      <object_component id="oc-1208">
         <name>.debug_pubnames</name>
         <load_address>0x900f</load_address>
         <run_address>0x900f</run_address>
         <size>0x45</size>
         <input_file_ref idref="fl-3d"/>
      </object_component>
      <object_component id="oc-f78">
         <name>.debug_pubnames</name>
         <load_address>0x9054</load_address>
         <run_address>0x9054</run_address>
         <size>0x44</size>
         <input_file_ref idref="fl-3d"/>
      </object_component>
      <object_component id="oc-f81">
         <name>.debug_pubnames</name>
         <load_address>0x9098</load_address>
         <run_address>0x9098</run_address>
         <size>0x48</size>
         <input_file_ref idref="fl-3d"/>
      </object_component>
      <object_component id="oc-230">
         <name>.debug_pubnames</name>
         <load_address>0x90e0</load_address>
         <run_address>0x90e0</run_address>
         <size>0x2f</size>
         <input_file_ref idref="fl-3d"/>
      </object_component>
      <object_component id="oc-afc">
         <name>.debug_pubnames</name>
         <load_address>0x910f</load_address>
         <run_address>0x910f</run_address>
         <size>0x34</size>
         <input_file_ref idref="fl-3d"/>
      </object_component>
      <object_component id="oc-c8a">
         <name>.debug_pubnames</name>
         <load_address>0x9143</load_address>
         <run_address>0x9143</run_address>
         <size>0x48</size>
         <input_file_ref idref="fl-3d"/>
      </object_component>
      <object_component id="oc-154c">
         <name>.debug_pubnames</name>
         <load_address>0x918b</load_address>
         <run_address>0x918b</run_address>
         <size>0x3f</size>
         <input_file_ref idref="fl-3e"/>
      </object_component>
      <object_component id="oc-84">
         <name>.debug_pubnames</name>
         <load_address>0x91ca</load_address>
         <run_address>0x91ca</run_address>
         <size>0x3d</size>
         <input_file_ref idref="fl-3e"/>
      </object_component>
      <object_component id="oc-7e">
         <name>.debug_pubnames</name>
         <load_address>0x9207</load_address>
         <run_address>0x9207</run_address>
         <size>0x44</size>
         <input_file_ref idref="fl-3e"/>
      </object_component>
      <object_component id="oc-1251">
         <name>.debug_pubnames</name>
         <load_address>0x924b</load_address>
         <run_address>0x924b</run_address>
         <size>0x41</size>
         <input_file_ref idref="fl-3f"/>
      </object_component>
      <object_component id="oc-16ae">
         <name>.debug_pubnames</name>
         <load_address>0x928c</load_address>
         <run_address>0x928c</run_address>
         <size>0x41</size>
         <input_file_ref idref="fl-3f"/>
      </object_component>
      <object_component id="oc-105d">
         <name>.debug_pubnames</name>
         <load_address>0x92cd</load_address>
         <run_address>0x92cd</run_address>
         <size>0x4a</size>
         <input_file_ref idref="fl-41"/>
      </object_component>
      <object_component id="oc-107d">
         <name>.debug_pubnames</name>
         <load_address>0x9317</load_address>
         <run_address>0x9317</run_address>
         <size>0x43</size>
         <input_file_ref idref="fl-41"/>
      </object_component>
      <object_component id="oc-13be">
         <name>.debug_pubnames</name>
         <load_address>0x935a</load_address>
         <run_address>0x935a</run_address>
         <size>0x40</size>
         <input_file_ref idref="fl-41"/>
      </object_component>
      <object_component id="oc-758">
         <name>.debug_pubnames</name>
         <load_address>0x939a</load_address>
         <run_address>0x939a</run_address>
         <size>0x32</size>
         <input_file_ref idref="fl-42"/>
      </object_component>
      <object_component id="oc-39f">
         <name>.debug_pubnames</name>
         <load_address>0x93cc</load_address>
         <run_address>0x93cc</run_address>
         <size>0x37</size>
         <input_file_ref idref="fl-43"/>
      </object_component>
      <object_component id="oc-378">
         <name>.debug_pubnames</name>
         <load_address>0x9403</load_address>
         <run_address>0x9403</run_address>
         <size>0x37</size>
         <input_file_ref idref="fl-43"/>
      </object_component>
      <object_component id="oc-bd2">
         <name>.debug_pubnames</name>
         <load_address>0x943a</load_address>
         <run_address>0x943a</run_address>
         <size>0x3a</size>
         <input_file_ref idref="fl-44"/>
      </object_component>
      <object_component id="oc-11d6">
         <name>.debug_pubnames</name>
         <load_address>0x9474</load_address>
         <run_address>0x9474</run_address>
         <size>0x36</size>
         <input_file_ref idref="fl-45"/>
      </object_component>
      <object_component id="oc-388">
         <name>.debug_pubnames</name>
         <load_address>0x94aa</load_address>
         <run_address>0x94aa</run_address>
         <size>0x37</size>
         <input_file_ref idref="fl-46"/>
      </object_component>
      <object_component id="oc-b43">
         <name>.debug_pubnames</name>
         <load_address>0x94e1</load_address>
         <run_address>0x94e1</run_address>
         <size>0x30</size>
         <input_file_ref idref="fl-47"/>
      </object_component>
      <object_component id="oc-1655">
         <name>.debug_pubnames</name>
         <load_address>0x9511</load_address>
         <run_address>0x9511</run_address>
         <size>0x30</size>
         <input_file_ref idref="fl-47"/>
      </object_component>
      <object_component id="oc-b8d">
         <name>.debug_pubnames</name>
         <load_address>0x9541</load_address>
         <run_address>0x9541</run_address>
         <size>0x32</size>
         <input_file_ref idref="fl-47"/>
      </object_component>
      <object_component id="oc-18c2">
         <name>.debug_pubnames</name>
         <load_address>0x9573</load_address>
         <run_address>0x9573</run_address>
         <size>0x33</size>
         <input_file_ref idref="fl-47"/>
      </object_component>
      <object_component id="oc-1882">
         <name>.debug_pubnames</name>
         <load_address>0x95a6</load_address>
         <run_address>0x95a6</run_address>
         <size>0x31</size>
         <input_file_ref idref="fl-47"/>
      </object_component>
      <object_component id="oc-13af">
         <name>.debug_pubnames</name>
         <load_address>0x95d7</load_address>
         <run_address>0x95d7</run_address>
         <size>0x39</size>
         <input_file_ref idref="fl-47"/>
      </object_component>
      <object_component id="oc-399">
         <name>.debug_pubnames</name>
         <load_address>0x9610</load_address>
         <run_address>0x9610</run_address>
         <size>0x31</size>
         <input_file_ref idref="fl-47"/>
      </object_component>
      <object_component id="oc-3ae">
         <name>.debug_pubnames</name>
         <load_address>0x9641</load_address>
         <run_address>0x9641</run_address>
         <size>0x36</size>
         <input_file_ref idref="fl-48"/>
      </object_component>
      <object_component id="oc-26a">
         <name>.debug_pubnames</name>
         <load_address>0x9677</load_address>
         <run_address>0x9677</run_address>
         <size>0x36</size>
         <input_file_ref idref="fl-48"/>
      </object_component>
      <object_component id="oc-bf7">
         <name>.debug_pubnames</name>
         <load_address>0x96ad</load_address>
         <run_address>0x96ad</run_address>
         <size>0x43</size>
         <input_file_ref idref="fl-49"/>
      </object_component>
      <object_component id="oc-7a4">
         <name>.debug_pubnames</name>
         <load_address>0x96f0</load_address>
         <run_address>0x96f0</run_address>
         <size>0x32</size>
         <input_file_ref idref="fl-49"/>
      </object_component>
      <object_component id="oc-b9a">
         <name>.debug_pubnames</name>
         <load_address>0x9722</load_address>
         <run_address>0x9722</run_address>
         <size>0x33</size>
         <input_file_ref idref="fl-49"/>
      </object_component>
      <object_component id="oc-7d2">
         <name>.debug_pubnames</name>
         <load_address>0x9755</load_address>
         <run_address>0x9755</run_address>
         <size>0x31</size>
         <input_file_ref idref="fl-49"/>
      </object_component>
      <object_component id="oc-75e">
         <name>.debug_pubnames</name>
         <load_address>0x9786</load_address>
         <run_address>0x9786</run_address>
         <size>0x33</size>
         <input_file_ref idref="fl-49"/>
      </object_component>
      <object_component id="oc-699">
         <name>.debug_pubnames</name>
         <load_address>0x97b9</load_address>
         <run_address>0x97b9</run_address>
         <size>0x37</size>
         <input_file_ref idref="fl-4a"/>
      </object_component>
      <object_component id="oc-c84">
         <name>.debug_pubnames</name>
         <load_address>0x97f0</load_address>
         <run_address>0x97f0</run_address>
         <size>0x35</size>
         <input_file_ref idref="fl-4a"/>
      </object_component>
      <object_component id="oc-a8">
         <name>.debug_pubnames</name>
         <load_address>0x9825</load_address>
         <run_address>0x9825</run_address>
         <size>0x32</size>
         <input_file_ref idref="fl-4a"/>
      </object_component>
      <object_component id="oc-1486">
         <name>.debug_pubnames</name>
         <load_address>0x9857</load_address>
         <run_address>0x9857</run_address>
         <size>0x36</size>
         <input_file_ref idref="fl-4b"/>
      </object_component>
      <object_component id="oc-148c">
         <name>.debug_pubnames</name>
         <load_address>0x988d</load_address>
         <run_address>0x988d</run_address>
         <size>0x34</size>
         <input_file_ref idref="fl-4b"/>
      </object_component>
      <object_component id="oc-115f">
         <name>.debug_pubnames</name>
         <load_address>0x98c1</load_address>
         <run_address>0x98c1</run_address>
         <size>0x34</size>
         <input_file_ref idref="fl-4b"/>
      </object_component>
      <object_component id="oc-18ed">
         <name>.debug_pubnames</name>
         <load_address>0x98f5</load_address>
         <run_address>0x98f5</run_address>
         <size>0x36</size>
         <input_file_ref idref="fl-4b"/>
      </object_component>
      <object_component id="oc-d69">
         <name>.debug_pubnames</name>
         <load_address>0x992b</load_address>
         <run_address>0x992b</run_address>
         <size>0x34</size>
         <input_file_ref idref="fl-4b"/>
      </object_component>
      <object_component id="oc-b7">
         <name>.debug_pubnames</name>
         <load_address>0x995f</load_address>
         <run_address>0x995f</run_address>
         <size>0x3a</size>
         <input_file_ref idref="fl-4b"/>
      </object_component>
      <object_component id="oc-8a5">
         <name>.debug_pubnames</name>
         <load_address>0x9999</load_address>
         <run_address>0x9999</run_address>
         <size>0x36</size>
         <input_file_ref idref="fl-4b"/>
      </object_component>
      <object_component id="oc-6a">
         <name>.debug_pubnames</name>
         <load_address>0x99cf</load_address>
         <run_address>0x99cf</run_address>
         <size>0x31</size>
         <input_file_ref idref="fl-4b"/>
      </object_component>
      <object_component id="oc-1913">
         <name>.debug_pubnames</name>
         <load_address>0x9a00</load_address>
         <run_address>0x9a00</run_address>
         <size>0x35</size>
         <input_file_ref idref="fl-4b"/>
      </object_component>
      <object_component id="oc-c90">
         <name>.debug_pubnames</name>
         <load_address>0x9a35</load_address>
         <run_address>0x9a35</run_address>
         <size>0x33</size>
         <input_file_ref idref="fl-4b"/>
      </object_component>
      <object_component id="oc-18f5">
         <name>.debug_pubnames</name>
         <load_address>0x9a68</load_address>
         <run_address>0x9a68</run_address>
         <size>0x37</size>
         <input_file_ref idref="fl-4b"/>
      </object_component>
      <object_component id="oc-451">
         <name>.debug_pubnames</name>
         <load_address>0x9a9f</load_address>
         <run_address>0x9a9f</run_address>
         <size>0x32</size>
         <input_file_ref idref="fl-4b"/>
      </object_component>
      <object_component id="oc-11ea">
         <name>.debug_pubnames</name>
         <load_address>0x9ad1</load_address>
         <run_address>0x9ad1</run_address>
         <size>0x3b</size>
         <input_file_ref idref="fl-4b"/>
      </object_component>
      <object_component id="oc-1159">
         <name>.debug_pubnames</name>
         <load_address>0x9b0c</load_address>
         <run_address>0x9b0c</run_address>
         <size>0x32</size>
         <input_file_ref idref="fl-4c"/>
      </object_component>
      <object_component id="oc-d60">
         <name>.debug_pubnames</name>
         <load_address>0x9b3e</load_address>
         <run_address>0x9b3e</run_address>
         <size>0x32</size>
         <input_file_ref idref="fl-4c"/>
      </object_component>
      <object_component id="oc-22a">
         <name>.debug_pubnames</name>
         <load_address>0x9b70</load_address>
         <run_address>0x9b70</run_address>
         <size>0x32</size>
         <input_file_ref idref="fl-4c"/>
      </object_component>
      <object_component id="oc-270">
         <name>.debug_pubnames</name>
         <load_address>0x9ba2</load_address>
         <run_address>0x9ba2</run_address>
         <size>0x31</size>
         <input_file_ref idref="fl-4c"/>
      </object_component>
      <object_component id="oc-89b">
         <name>.debug_pubnames</name>
         <load_address>0x9bd3</load_address>
         <run_address>0x9bd3</run_address>
         <size>0x32</size>
         <input_file_ref idref="fl-4c"/>
      </object_component>
      <object_component id="oc-11f0">
         <name>.debug_pubnames</name>
         <load_address>0x9c05</load_address>
         <run_address>0x9c05</run_address>
         <size>0x3b</size>
         <input_file_ref idref="fl-4c"/>
      </object_component>
      <object_component id="oc-189e">
         <name>.debug_pubnames</name>
         <load_address>0x9c40</load_address>
         <run_address>0x9c40</run_address>
         <size>0x32</size>
         <input_file_ref idref="fl-4d"/>
      </object_component>
      <object_component id="oc-b86">
         <name>.debug_pubnames</name>
         <load_address>0x9c72</load_address>
         <run_address>0x9c72</run_address>
         <size>0x33</size>
         <input_file_ref idref="fl-4d"/>
      </object_component>
      <object_component id="oc-18e5">
         <name>.debug_pubnames</name>
         <load_address>0x9ca5</load_address>
         <run_address>0x9ca5</run_address>
         <size>0x36</size>
         <input_file_ref idref="fl-4d"/>
      </object_component>
      <object_component id="oc-1927">
         <name>.debug_pubnames</name>
         <load_address>0x9cdb</load_address>
         <run_address>0x9cdb</run_address>
         <size>0x35</size>
         <input_file_ref idref="fl-4d"/>
      </object_component>
      <object_component id="oc-1898">
         <name>.debug_pubnames</name>
         <load_address>0x9d10</load_address>
         <run_address>0x9d10</run_address>
         <size>0x31</size>
         <input_file_ref idref="fl-4d"/>
      </object_component>
      <object_component id="oc-1800">
         <name>.debug_pubnames</name>
         <load_address>0x9d41</load_address>
         <run_address>0x9d41</run_address>
         <size>0x32</size>
         <input_file_ref idref="fl-4d"/>
      </object_component>
      <object_component id="oc-17fa">
         <name>.debug_pubnames</name>
         <load_address>0x9d73</load_address>
         <run_address>0x9d73</run_address>
         <size>0x31</size>
         <input_file_ref idref="fl-4d"/>
      </object_component>
      <object_component id="oc-14b0">
         <name>.debug_pubnames</name>
         <load_address>0x9da4</load_address>
         <run_address>0x9da4</run_address>
         <size>0x33</size>
         <input_file_ref idref="fl-4d"/>
      </object_component>
      <object_component id="oc-18d7">
         <name>.debug_pubnames</name>
         <load_address>0x9dd7</load_address>
         <run_address>0x9dd7</run_address>
         <size>0x37</size>
         <input_file_ref idref="fl-4f"/>
      </object_component>
      <object_component id="oc-27">
         <name>.debug_pubnames</name>
         <load_address>0x9e0e</load_address>
         <run_address>0x9e0e</run_address>
         <size>0x1f</size>
         <input_file_ref idref="fl-50"/>
      </object_component>
      <object_component id="oc-5f">
         <name>.debug_pubnames</name>
         <load_address>0x9e2d</load_address>
         <run_address>0x9e2d</run_address>
         <size>0x37</size>
         <input_file_ref idref="fl-51"/>
      </object_component>
      <object_component id="oc-1228">
         <name>.debug_pubnames</name>
         <load_address>0x9e64</load_address>
         <run_address>0x9e64</run_address>
         <size>0x1e</size>
         <input_file_ref idref="fl-52"/>
      </object_component>
      <object_component id="oc-b2d">
         <name>.debug_pubnames</name>
         <load_address>0x9e82</load_address>
         <run_address>0x9e82</run_address>
         <size>0x20</size>
         <input_file_ref idref="fl-52"/>
      </object_component>
      <object_component id="oc-b0f">
         <name>.debug_pubnames</name>
         <load_address>0x9ea2</load_address>
         <run_address>0x9ea2</run_address>
         <size>0x20</size>
         <input_file_ref idref="fl-52"/>
      </object_component>
      <object_component id="oc-aec">
         <name>.debug_pubnames</name>
         <load_address>0x9ec2</load_address>
         <run_address>0x9ec2</run_address>
         <size>0x2c</size>
         <input_file_ref idref="fl-53"/>
      </object_component>
      <object_component id="oc-6a1">
         <name>.debug_pubnames</name>
         <load_address>0x9eee</load_address>
         <run_address>0x9eee</run_address>
         <size>0x31</size>
         <input_file_ref idref="fl-53"/>
      </object_component>
      <object_component id="oc-6a7">
         <name>.debug_pubnames</name>
         <load_address>0x9f1f</load_address>
         <run_address>0x9f1f</run_address>
         <size>0x29</size>
         <input_file_ref idref="fl-53"/>
      </object_component>
      <object_component id="oc-6b2">
         <name>.debug_pubnames</name>
         <load_address>0x9f48</load_address>
         <run_address>0x9f48</run_address>
         <size>0x2c</size>
         <input_file_ref idref="fl-55"/>
      </object_component>
      <object_component id="oc-6bf">
         <name>.debug_pubnames</name>
         <load_address>0x9f74</load_address>
         <run_address>0x9f74</run_address>
         <size>0x33</size>
         <input_file_ref idref="fl-55"/>
      </object_component>
      <object_component id="oc-6b9">
         <name>.debug_pubnames</name>
         <load_address>0x9fa7</load_address>
         <run_address>0x9fa7</run_address>
         <size>0x34</size>
         <input_file_ref idref="fl-55"/>
      </object_component>
      <object_component id="oc-749">
         <name>.debug_pubnames</name>
         <load_address>0x9fdb</load_address>
         <run_address>0x9fdb</run_address>
         <size>0x28</size>
         <input_file_ref idref="fl-56"/>
      </object_component>
      <object_component id="oc-365">
         <name>.debug_pubnames</name>
         <load_address>0xa003</load_address>
         <run_address>0xa003</run_address>
         <size>0x2d</size>
         <input_file_ref idref="fl-56"/>
      </object_component>
      <object_component id="oc-36b">
         <name>.debug_pubnames</name>
         <load_address>0xa030</load_address>
         <run_address>0xa030</run_address>
         <size>0x2e</size>
         <input_file_ref idref="fl-56"/>
      </object_component>
      <object_component id="oc-6e7">
         <name>.debug_pubnames</name>
         <load_address>0xa05e</load_address>
         <run_address>0xa05e</run_address>
         <size>0x2f</size>
         <input_file_ref idref="fl-56"/>
      </object_component>
      <object_component id="oc-6ee">
         <name>.debug_pubnames</name>
         <load_address>0xa08d</load_address>
         <run_address>0xa08d</run_address>
         <size>0x30</size>
         <input_file_ref idref="fl-56"/>
      </object_component>
      <object_component id="oc-6e1">
         <name>.debug_pubnames</name>
         <load_address>0xa0bd</load_address>
         <run_address>0xa0bd</run_address>
         <size>0x2a</size>
         <input_file_ref idref="fl-56"/>
      </object_component>
      <object_component id="oc-6ff">
         <name>.debug_pubnames</name>
         <load_address>0xa0e7</load_address>
         <run_address>0xa0e7</run_address>
         <size>0x3b</size>
         <input_file_ref idref="fl-56"/>
      </object_component>
      <object_component id="oc-6f9">
         <name>.debug_pubnames</name>
         <load_address>0xa122</load_address>
         <run_address>0xa122</run_address>
         <size>0x3d</size>
         <input_file_ref idref="fl-56"/>
      </object_component>
      <object_component id="oc-6f3">
         <name>.debug_pubnames</name>
         <load_address>0xa15f</load_address>
         <run_address>0xa15f</run_address>
         <size>0x29</size>
         <input_file_ref idref="fl-56"/>
      </object_component>
      <object_component id="oc-711">
         <name>.debug_pubnames</name>
         <load_address>0xa188</load_address>
         <run_address>0xa188</run_address>
         <size>0x2f</size>
         <input_file_ref idref="fl-56"/>
      </object_component>
      <object_component id="oc-f88">
         <name>.debug_pubnames</name>
         <load_address>0xa1b7</load_address>
         <run_address>0xa1b7</run_address>
         <size>0x2e</size>
         <input_file_ref idref="fl-56"/>
      </object_component>
      <object_component id="oc-b61">
         <name>.debug_pubnames</name>
         <load_address>0xa1e5</load_address>
         <run_address>0xa1e5</run_address>
         <size>0x35</size>
         <input_file_ref idref="fl-56"/>
      </object_component>
      <object_component id="oc-717">
         <name>.debug_pubnames</name>
         <load_address>0xa21a</load_address>
         <run_address>0xa21a</run_address>
         <size>0x2e</size>
         <input_file_ref idref="fl-56"/>
      </object_component>
      <object_component id="oc-15d5">
         <name>.debug_pubnames</name>
         <load_address>0xa248</load_address>
         <run_address>0xa248</run_address>
         <size>0x2a</size>
         <input_file_ref idref="fl-57"/>
      </object_component>
      <object_component id="oc-15ae">
         <name>.debug_pubnames</name>
         <load_address>0xa272</load_address>
         <run_address>0xa272</run_address>
         <size>0x22</size>
         <input_file_ref idref="fl-57"/>
      </object_component>
      <object_component id="oc-15db">
         <name>.debug_pubnames</name>
         <load_address>0xa294</load_address>
         <run_address>0xa294</run_address>
         <size>0x2a</size>
         <input_file_ref idref="fl-57"/>
      </object_component>
      <object_component id="oc-15c6">
         <name>.debug_pubnames</name>
         <load_address>0xa2be</load_address>
         <run_address>0xa2be</run_address>
         <size>0x32</size>
         <input_file_ref idref="fl-57"/>
      </object_component>
      <object_component id="oc-15c0">
         <name>.debug_pubnames</name>
         <load_address>0xa2f0</load_address>
         <run_address>0xa2f0</run_address>
         <size>0x34</size>
         <input_file_ref idref="fl-57"/>
      </object_component>
      <object_component id="oc-15b4">
         <name>.debug_pubnames</name>
         <load_address>0xa324</load_address>
         <run_address>0xa324</run_address>
         <size>0x2d</size>
         <input_file_ref idref="fl-57"/>
      </object_component>
      <object_component id="oc-127b">
         <name>.debug_pubnames</name>
         <load_address>0xa351</load_address>
         <run_address>0xa351</run_address>
         <size>0x35</size>
         <input_file_ref idref="fl-57"/>
      </object_component>
      <object_component id="oc-15a8">
         <name>.debug_pubnames</name>
         <load_address>0xa386</load_address>
         <run_address>0xa386</run_address>
         <size>0x35</size>
         <input_file_ref idref="fl-57"/>
      </object_component>
      <object_component id="oc-15ba">
         <name>.debug_pubnames</name>
         <load_address>0xa3bb</load_address>
         <run_address>0xa3bb</run_address>
         <size>0x2c</size>
         <input_file_ref idref="fl-57"/>
      </object_component>
      <object_component id="oc-155c">
         <name>.debug_pubnames</name>
         <load_address>0xa3e7</load_address>
         <run_address>0xa3e7</run_address>
         <size>0x25</size>
         <input_file_ref idref="fl-57"/>
      </object_component>
      <object_component id="oc-1775">
         <name>.debug_pubnames</name>
         <load_address>0xa40c</load_address>
         <run_address>0xa40c</run_address>
         <size>0x2d</size>
         <input_file_ref idref="fl-57"/>
      </object_component>
      <object_component id="oc-15a2">
         <name>.debug_pubnames</name>
         <load_address>0xa439</load_address>
         <run_address>0xa439</run_address>
         <size>0x34</size>
         <input_file_ref idref="fl-57"/>
      </object_component>
      <object_component id="oc-1568">
         <name>.debug_pubnames</name>
         <load_address>0xa46d</load_address>
         <run_address>0xa46d</run_address>
         <size>0x27</size>
         <input_file_ref idref="fl-57"/>
      </object_component>
      <object_component id="oc-12f7">
         <name>.debug_pubnames</name>
         <load_address>0xa494</load_address>
         <run_address>0xa494</run_address>
         <size>0x2a</size>
         <input_file_ref idref="fl-57"/>
      </object_component>
      <object_component id="oc-1293">
         <name>.debug_pubnames</name>
         <load_address>0xa4be</load_address>
         <run_address>0xa4be</run_address>
         <size>0x28</size>
         <input_file_ref idref="fl-57"/>
      </object_component>
      <object_component id="oc-1275">
         <name>.debug_pubnames</name>
         <load_address>0xa4e6</load_address>
         <run_address>0xa4e6</run_address>
         <size>0x2b</size>
         <input_file_ref idref="fl-57"/>
      </object_component>
      <object_component id="oc-1562">
         <name>.debug_pubnames</name>
         <load_address>0xa511</load_address>
         <run_address>0xa511</run_address>
         <size>0x2d</size>
         <input_file_ref idref="fl-57"/>
      </object_component>
      <object_component id="oc-f14">
         <name>.debug_pubnames</name>
         <load_address>0xa53e</load_address>
         <run_address>0xa53e</run_address>
         <size>0x29</size>
         <input_file_ref idref="fl-59"/>
      </object_component>
      <object_component id="oc-f02">
         <name>.debug_pubnames</name>
         <load_address>0xa567</load_address>
         <run_address>0xa567</run_address>
         <size>0x28</size>
         <input_file_ref idref="fl-59"/>
      </object_component>
      <object_component id="oc-121d">
         <name>.debug_pubnames</name>
         <load_address>0xa58f</load_address>
         <run_address>0xa58f</run_address>
         <size>0x27</size>
         <input_file_ref idref="fl-59"/>
      </object_component>
      <object_component id="oc-f20">
         <name>.debug_pubnames</name>
         <load_address>0xa5b6</load_address>
         <run_address>0xa5b6</run_address>
         <size>0x31</size>
         <input_file_ref idref="fl-59"/>
      </object_component>
      <object_component id="oc-1223">
         <name>.debug_pubnames</name>
         <load_address>0xa5e7</load_address>
         <run_address>0xa5e7</run_address>
         <size>0x27</size>
         <input_file_ref idref="fl-59"/>
      </object_component>
      <object_component id="oc-6ad">
         <name>.debug_pubnames</name>
         <load_address>0xa60e</load_address>
         <run_address>0xa60e</run_address>
         <size>0x28</size>
         <input_file_ref idref="fl-59"/>
      </object_component>
      <object_component id="oc-f08">
         <name>.debug_pubnames</name>
         <load_address>0xa636</load_address>
         <run_address>0xa636</run_address>
         <size>0x23</size>
         <input_file_ref idref="fl-59"/>
      </object_component>
      <object_component id="oc-f0e">
         <name>.debug_pubnames</name>
         <load_address>0xa659</load_address>
         <run_address>0xa659</run_address>
         <size>0x23</size>
         <input_file_ref idref="fl-59"/>
      </object_component>
      <object_component id="oc-1232">
         <name>.debug_pubnames</name>
         <load_address>0xa67c</load_address>
         <run_address>0xa67c</run_address>
         <size>0x2e</size>
         <input_file_ref idref="fl-59"/>
      </object_component>
      <object_component id="oc-f1a">
         <name>.debug_pubnames</name>
         <load_address>0xa6aa</load_address>
         <run_address>0xa6aa</run_address>
         <size>0x38</size>
         <input_file_ref idref="fl-59"/>
      </object_component>
      <object_component id="oc-f26">
         <name>.debug_pubnames</name>
         <load_address>0xa6e2</load_address>
         <run_address>0xa6e2</run_address>
         <size>0x23</size>
         <input_file_ref idref="fl-59"/>
      </object_component>
      <object_component id="oc-af1">
         <name>.debug_pubnames</name>
         <load_address>0xa705</load_address>
         <run_address>0xa705</run_address>
         <size>0x32</size>
         <input_file_ref idref="fl-59"/>
      </object_component>
      <object_component id="oc-331">
         <name>.debug_pubnames</name>
         <load_address>0xa737</load_address>
         <run_address>0xa737</run_address>
         <size>0x29</size>
         <input_file_ref idref="fl-59"/>
      </object_component>
      <object_component id="oc-f57">
         <name>.debug_pubnames</name>
         <load_address>0xa760</load_address>
         <run_address>0xa760</run_address>
         <size>0x27</size>
         <input_file_ref idref="fl-5a"/>
      </object_component>
      <object_component id="oc-f4b">
         <name>.debug_pubnames</name>
         <load_address>0xa787</load_address>
         <run_address>0xa787</run_address>
         <size>0x26</size>
         <input_file_ref idref="fl-5a"/>
      </object_component>
      <object_component id="oc-138b">
         <name>.debug_pubnames</name>
         <load_address>0xa7ad</load_address>
         <run_address>0xa7ad</run_address>
         <size>0x28</size>
         <input_file_ref idref="fl-5e"/>
      </object_component>
      <object_component id="oc-137e">
         <name>.debug_pubnames</name>
         <load_address>0xa7d5</load_address>
         <run_address>0xa7d5</run_address>
         <size>0x27</size>
         <input_file_ref idref="fl-5e"/>
      </object_component>
      <object_component id="oc-161a">
         <name>.debug_pubnames</name>
         <load_address>0xa7fc</load_address>
         <run_address>0xa7fc</run_address>
         <size>0x2c</size>
         <input_file_ref idref="fl-5e"/>
      </object_component>
      <object_component id="oc-1608">
         <name>.debug_pubnames</name>
         <load_address>0xa828</load_address>
         <run_address>0xa828</run_address>
         <size>0x26</size>
         <input_file_ref idref="fl-5e"/>
      </object_component>
      <object_component id="oc-1384">
         <name>.debug_pubnames</name>
         <load_address>0xa84e</load_address>
         <run_address>0xa84e</run_address>
         <size>0x2e</size>
         <input_file_ref idref="fl-5e"/>
      </object_component>
      <object_component id="oc-160e">
         <name>.debug_pubnames</name>
         <load_address>0xa87c</load_address>
         <run_address>0xa87c</run_address>
         <size>0x28</size>
         <input_file_ref idref="fl-5e"/>
      </object_component>
      <object_component id="oc-132a">
         <name>.debug_pubnames</name>
         <load_address>0xa8a4</load_address>
         <run_address>0xa8a4</run_address>
         <size>0x2b</size>
         <input_file_ref idref="fl-5e"/>
      </object_component>
      <object_component id="oc-1317">
         <name>.debug_pubnames</name>
         <load_address>0xa8cf</load_address>
         <run_address>0xa8cf</run_address>
         <size>0x29</size>
         <input_file_ref idref="fl-5e"/>
      </object_component>
      <object_component id="oc-130b">
         <name>.debug_pubnames</name>
         <load_address>0xa8f8</load_address>
         <run_address>0xa8f8</run_address>
         <size>0x2c</size>
         <input_file_ref idref="fl-5e"/>
      </object_component>
      <object_component id="oc-1311">
         <name>.debug_pubnames</name>
         <load_address>0xa924</load_address>
         <run_address>0xa924</run_address>
         <size>0x2e</size>
         <input_file_ref idref="fl-5e"/>
      </object_component>
      <object_component id="oc-f5d">
         <name>.debug_pubnames</name>
         <load_address>0xa952</load_address>
         <run_address>0xa952</run_address>
         <size>0x27</size>
         <input_file_ref idref="fl-5f"/>
      </object_component>
      <object_component id="oc-f51">
         <name>.debug_pubnames</name>
         <load_address>0xa979</load_address>
         <run_address>0xa979</run_address>
         <size>0x26</size>
         <input_file_ref idref="fl-5f"/>
      </object_component>
      <object_component id="oc-53d">
         <name>.debug_pubnames</name>
         <load_address>0xa99f</load_address>
         <run_address>0xa99f</run_address>
         <size>0x28</size>
         <input_file_ref idref="fl-115"/>
      </object_component>
      <object_component id="oc-a43">
         <name>.debug_pubnames</name>
         <load_address>0xa9c7</load_address>
         <run_address>0xa9c7</run_address>
         <size>0x43</size>
         <input_file_ref idref="fl-115"/>
      </object_component>
      <object_component id="oc-64">
         <name>.debug_pubnames</name>
         <load_address>0xaa0a</load_address>
         <run_address>0xaa0a</run_address>
         <size>0x21</size>
         <input_file_ref idref="fl-116"/>
      </object_component>
      <object_component id="oc-17">
         <name>.debug_pubnames</name>
         <load_address>0xaa2b</load_address>
         <run_address>0xaa2b</run_address>
         <size>0x2b</size>
         <input_file_ref idref="fl-117"/>
      </object_component>
      <object_component id="oc-1c">
         <name>.debug_pubnames</name>
         <load_address>0xaa56</load_address>
         <run_address>0xaa56</run_address>
         <size>0x2b</size>
         <input_file_ref idref="fl-118"/>
      </object_component>
      <object_component id="oc-23">
         <name>.debug_pubnames</name>
         <load_address>0xaa81</load_address>
         <run_address>0xaa81</run_address>
         <size>0x25</size>
         <input_file_ref idref="fl-119"/>
      </object_component>
      <object_component id="oc-a3">
         <name>.debug_pubnames</name>
         <load_address>0xaaa6</load_address>
         <run_address>0xaaa6</run_address>
         <size>0x1e</size>
         <input_file_ref idref="fl-11a"/>
      </object_component>
      <object_component id="oc-e70">
         <name>.debug_pubnames</name>
         <load_address>0xaac4</load_address>
         <run_address>0xaac4</run_address>
         <size>0x2b</size>
         <input_file_ref idref="fl-11b"/>
      </object_component>
      <object_component id="oc-9d7">
         <name>.debug_pubnames</name>
         <load_address>0xaaef</load_address>
         <run_address>0xaaef</run_address>
         <size>0x1b</size>
         <input_file_ref idref="fl-11b"/>
      </object_component>
      <object_component id="oc-a1d">
         <name>.debug_pubnames</name>
         <load_address>0xab0a</load_address>
         <run_address>0xab0a</run_address>
         <size>0x1b</size>
         <input_file_ref idref="fl-11c"/>
      </object_component>
      <object_component id="oc-e61">
         <name>.debug_pubnames</name>
         <load_address>0xab25</load_address>
         <run_address>0xab25</run_address>
         <size>0x1c</size>
         <input_file_ref idref="fl-11d"/>
      </object_component>
      <object_component id="oc-e6d">
         <name>.debug_pubnames</name>
         <load_address>0xab41</load_address>
         <run_address>0xab41</run_address>
         <size>0x1c</size>
         <input_file_ref idref="fl-11e"/>
      </object_component>
      <object_component id="oc-53a">
         <name>.debug_pubnames</name>
         <load_address>0xab5d</load_address>
         <run_address>0xab5d</run_address>
         <size>0x5e</size>
         <input_file_ref idref="fl-11f"/>
      </object_component>
      <object_component id="oc-27a">
         <name>.debug_pubnames</name>
         <load_address>0xabbb</load_address>
         <run_address>0xabbb</run_address>
         <size>0x35</size>
         <input_file_ref idref="fl-11f"/>
      </object_component>
      <object_component id="oc-d06">
         <name>.debug_pubnames</name>
         <load_address>0xabf0</load_address>
         <run_address>0xabf0</run_address>
         <size>0x23</size>
         <input_file_ref idref="fl-120"/>
      </object_component>
      <object_component id="oc-ce1">
         <name>.debug_pubnames</name>
         <load_address>0xac13</load_address>
         <run_address>0xac13</run_address>
         <size>0x26</size>
         <input_file_ref idref="fl-121"/>
      </object_component>
      <object_component id="oc-cf2">
         <name>.debug_pubnames</name>
         <load_address>0xac39</load_address>
         <run_address>0xac39</run_address>
         <size>0x27</size>
         <input_file_ref idref="fl-121"/>
      </object_component>
      <object_component id="oc-ce7">
         <name>.debug_pubnames</name>
         <load_address>0xac60</load_address>
         <run_address>0xac60</run_address>
         <size>0x23</size>
         <input_file_ref idref="fl-122"/>
      </object_component>
      <object_component id="oc-a25">
         <name>.debug_pubnames</name>
         <load_address>0xac83</load_address>
         <run_address>0xac83</run_address>
         <size>0x22</size>
         <input_file_ref idref="fl-123"/>
      </object_component>
      <object_component id="oc-40d">
         <name>.debug_pubnames</name>
         <load_address>0xaca5</load_address>
         <run_address>0xaca5</run_address>
         <size>0x22</size>
         <input_file_ref idref="fl-124"/>
      </object_component>
      <object_component id="oc-45">
         <name>.debug_pubnames</name>
         <load_address>0xacc7</load_address>
         <run_address>0xacc7</run_address>
         <size>0x1d</size>
         <input_file_ref idref="fl-125"/>
      </object_component>
      <object_component id="oc-53">
         <name>.debug_pubnames</name>
         <load_address>0xace4</load_address>
         <run_address>0xace4</run_address>
         <size>0x37</size>
         <input_file_ref idref="fl-126"/>
      </object_component>
      <object_component id="oc-e6a">
         <name>.debug_pubnames</name>
         <load_address>0xad1b</load_address>
         <run_address>0xad1b</run_address>
         <size>0x1e</size>
         <input_file_ref idref="fl-127"/>
      </object_component>
      <object_component id="oc-413">
         <name>.debug_pubnames</name>
         <load_address>0xad39</load_address>
         <run_address>0xad39</run_address>
         <size>0x33</size>
         <input_file_ref idref="fl-128"/>
      </object_component>
      <object_component id="oc-6f">
         <name>.debug_pubnames</name>
         <load_address>0xad6c</load_address>
         <run_address>0xad6c</run_address>
         <size>0x23</size>
         <input_file_ref idref="fl-129"/>
      </object_component>
      <object_component id="oc-41e">
         <name>.debug_pubnames</name>
         <load_address>0xad8f</load_address>
         <run_address>0xad8f</run_address>
         <size>0x1d</size>
         <input_file_ref idref="fl-12b"/>
      </object_component>
      <object_component id="oc-108f">
         <name>.debug_pubnames</name>
         <load_address>0xadac</load_address>
         <run_address>0xadac</run_address>
         <size>0x1e</size>
         <input_file_ref idref="fl-12c"/>
      </object_component>
      <object_component id="oc-c78">
         <name>.debug_pubnames</name>
         <load_address>0xadca</load_address>
         <run_address>0xadca</run_address>
         <size>0xad</size>
         <input_file_ref idref="fl-12c"/>
      </object_component>
      <object_component id="oc-13e7">
         <name>.debug_pubnames</name>
         <load_address>0xae77</load_address>
         <run_address>0xae77</run_address>
         <size>0x20</size>
         <input_file_ref idref="fl-12d"/>
      </object_component>
      <object_component id="oc-1084">
         <name>.debug_pubnames</name>
         <load_address>0xae97</load_address>
         <run_address>0xae97</run_address>
         <size>0x35</size>
         <input_file_ref idref="fl-12d"/>
      </object_component>
      <object_component id="oc-16c0">
         <name>.debug_pubnames</name>
         <load_address>0xaecc</load_address>
         <run_address>0xaecc</run_address>
         <size>0x27</size>
         <input_file_ref idref="fl-12e"/>
      </object_component>
      <object_component id="oc-cde">
         <name>.debug_pubnames</name>
         <load_address>0xaef3</load_address>
         <run_address>0xaef3</run_address>
         <size>0x39</size>
         <input_file_ref idref="fl-12f"/>
      </object_component>
      <object_component id="oc-843">
         <name>.debug_pubnames</name>
         <load_address>0xaf2c</load_address>
         <run_address>0xaf2c</run_address>
         <size>0x8a</size>
         <input_file_ref idref="fl-130"/>
      </object_component>
      <object_component id="oc-d1f">
         <name>.debug_pubnames</name>
         <load_address>0xafb6</load_address>
         <run_address>0xafb6</run_address>
         <size>0x1b</size>
         <input_file_ref idref="fl-131"/>
      </object_component>
      <object_component id="oc-112c">
         <name>.debug_pubnames</name>
         <load_address>0xafd1</load_address>
         <run_address>0xafd1</run_address>
         <size>0x1f</size>
         <input_file_ref idref="fl-132"/>
      </object_component>
      <object_component id="oc-ced">
         <name>.debug_pubnames</name>
         <load_address>0xaff0</load_address>
         <run_address>0xaff0</run_address>
         <size>0x23</size>
         <input_file_ref idref="fl-133"/>
      </object_component>
      <object_component id="oc-cf6">
         <name>.debug_pubnames</name>
         <load_address>0xb013</load_address>
         <run_address>0xb013</run_address>
         <size>0x23</size>
         <input_file_ref idref="fl-134"/>
      </object_component>
      <object_component id="oc-17f4">
         <name>.debug_pubnames</name>
         <load_address>0xb036</load_address>
         <run_address>0xb036</run_address>
         <size>0x24</size>
         <input_file_ref idref="fl-135"/>
      </object_component>
      <object_component id="oc-d01">
         <name>.debug_pubnames</name>
         <load_address>0xb05a</load_address>
         <run_address>0xb05a</run_address>
         <size>0x22</size>
         <input_file_ref idref="fl-136"/>
      </object_component>
      <object_component id="oc-cfa">
         <name>.debug_pubnames</name>
         <load_address>0xb07c</load_address>
         <run_address>0xb07c</run_address>
         <size>0x1b</size>
         <input_file_ref idref="fl-137"/>
      </object_component>
      <object_component id="oc-d24">
         <name>.debug_pubnames</name>
         <load_address>0xb097</load_address>
         <run_address>0xb097</run_address>
         <size>0x1e</size>
         <input_file_ref idref="fl-138"/>
      </object_component>
      <object_component id="oc-1197">
         <name>.debug_pubnames</name>
         <load_address>0xb0b5</load_address>
         <run_address>0xb0b5</run_address>
         <size>0x20</size>
         <input_file_ref idref="fl-139"/>
      </object_component>
      <object_component id="oc-d0a">
         <name>.debug_pubnames</name>
         <load_address>0xb0d5</load_address>
         <run_address>0xb0d5</run_address>
         <size>0x1c</size>
         <input_file_ref idref="fl-13a"/>
      </object_component>
      <object_component id="oc-d13">
         <name>.debug_pubnames</name>
         <load_address>0xb0f1</load_address>
         <run_address>0xb0f1</run_address>
         <size>0x1d</size>
         <input_file_ref idref="fl-13b"/>
      </object_component>
      <object_component id="oc-d16">
         <name>.debug_pubnames</name>
         <load_address>0xb10e</load_address>
         <run_address>0xb10e</run_address>
         <size>0x1d</size>
         <input_file_ref idref="fl-13c"/>
      </object_component>
      <object_component id="oc-108a">
         <name>.debug_pubnames</name>
         <load_address>0xb12b</load_address>
         <run_address>0xb12b</run_address>
         <size>0x1d</size>
         <input_file_ref idref="fl-13d"/>
      </object_component>
      <object_component id="oc-1123">
         <name>.debug_pubnames</name>
         <load_address>0xb148</load_address>
         <run_address>0xb148</run_address>
         <size>0x1f</size>
         <input_file_ref idref="fl-13e"/>
      </object_component>
      <object_component id="oc-57e">
         <name>.debug_pubtypes</name>
         <load_address>0x0</load_address>
         <run_address>0x0</run_address>
         <size>0x3a</size>
         <input_file_ref idref="fl-2"/>
      </object_component>
      <object_component id="oc-588">
         <name>.debug_pubtypes</name>
         <load_address>0x3a</load_address>
         <run_address>0x3a</run_address>
         <size>0x4e</size>
         <input_file_ref idref="fl-2"/>
      </object_component>
      <object_component id="oc-5ce">
         <name>.debug_pubtypes</name>
         <load_address>0x88</load_address>
         <run_address>0x88</run_address>
         <size>0xea</size>
         <input_file_ref idref="fl-2"/>
      </object_component>
      <object_component id="oc-592">
         <name>.debug_pubtypes</name>
         <load_address>0x172</load_address>
         <run_address>0x172</run_address>
         <size>0xdd</size>
         <input_file_ref idref="fl-2"/>
      </object_component>
      <object_component id="oc-58d">
         <name>.debug_pubtypes</name>
         <load_address>0x24f</load_address>
         <run_address>0x24f</run_address>
         <size>0x2ce</size>
         <input_file_ref idref="fl-2"/>
      </object_component>
      <object_component id="oc-1304">
         <name>.debug_pubtypes</name>
         <load_address>0x51d</load_address>
         <run_address>0x51d</run_address>
         <size>0x2d</size>
         <input_file_ref idref="fl-2"/>
      </object_component>
      <object_component id="oc-efb">
         <name>.debug_pubtypes</name>
         <load_address>0x54a</load_address>
         <run_address>0x54a</run_address>
         <size>0x44</size>
         <input_file_ref idref="fl-2"/>
      </object_component>
      <object_component id="oc-56d">
         <name>.debug_pubtypes</name>
         <load_address>0x58e</load_address>
         <run_address>0x58e</run_address>
         <size>0x1ecf</size>
         <input_file_ref idref="fl-2"/>
      </object_component>
      <object_component id="oc-e0">
         <name>.debug_pubtypes</name>
         <load_address>0x245d</load_address>
         <run_address>0x245d</run_address>
         <size>0x2c6</size>
         <input_file_ref idref="fl-2"/>
      </object_component>
      <object_component id="oc-a59">
         <name>.debug_pubtypes</name>
         <load_address>0x2723</load_address>
         <run_address>0x2723</run_address>
         <size>0x9f</size>
         <input_file_ref idref="fl-2"/>
      </object_component>
      <object_component id="oc-597">
         <name>.debug_pubtypes</name>
         <load_address>0x27c2</load_address>
         <run_address>0x27c2</run_address>
         <size>0x3e</size>
         <input_file_ref idref="fl-2"/>
      </object_component>
      <object_component id="oc-59c">
         <name>.debug_pubtypes</name>
         <load_address>0x2800</load_address>
         <run_address>0x2800</run_address>
         <size>0x6f</size>
         <input_file_ref idref="fl-2"/>
      </object_component>
      <object_component id="oc-5a1">
         <name>.debug_pubtypes</name>
         <load_address>0x286f</load_address>
         <run_address>0x286f</run_address>
         <size>0x8e</size>
         <input_file_ref idref="fl-2"/>
      </object_component>
      <object_component id="oc-3c8">
         <name>.debug_pubtypes</name>
         <load_address>0x28fd</load_address>
         <run_address>0x28fd</run_address>
         <size>0x16f</size>
         <input_file_ref idref="fl-2"/>
      </object_component>
      <object_component id="oc-5a6">
         <name>.debug_pubtypes</name>
         <load_address>0x2a6c</load_address>
         <run_address>0x2a6c</run_address>
         <size>0x4a</size>
         <input_file_ref idref="fl-2"/>
      </object_component>
      <object_component id="oc-5ab">
         <name>.debug_pubtypes</name>
         <load_address>0x2ab6</load_address>
         <run_address>0x2ab6</run_address>
         <size>0xb4</size>
         <input_file_ref idref="fl-2"/>
      </object_component>
      <object_component id="oc-5b0">
         <name>.debug_pubtypes</name>
         <load_address>0x2b6a</load_address>
         <run_address>0x2b6a</run_address>
         <size>0x180</size>
         <input_file_ref idref="fl-2"/>
      </object_component>
      <object_component id="oc-5b5">
         <name>.debug_pubtypes</name>
         <load_address>0x2cea</load_address>
         <run_address>0x2cea</run_address>
         <size>0xdc</size>
         <input_file_ref idref="fl-2"/>
      </object_component>
      <object_component id="oc-a54">
         <name>.debug_pubtypes</name>
         <load_address>0x2dc6</load_address>
         <run_address>0x2dc6</run_address>
         <size>0x7a</size>
         <input_file_ref idref="fl-2"/>
      </object_component>
      <object_component id="oc-5ba">
         <name>.debug_pubtypes</name>
         <load_address>0x2e40</load_address>
         <run_address>0x2e40</run_address>
         <size>0x4b</size>
         <input_file_ref idref="fl-2"/>
      </object_component>
      <object_component id="oc-5bf">
         <name>.debug_pubtypes</name>
         <load_address>0x2e8b</load_address>
         <run_address>0x2e8b</run_address>
         <size>0xb9</size>
         <input_file_ref idref="fl-2"/>
      </object_component>
      <object_component id="oc-5c4">
         <name>.debug_pubtypes</name>
         <load_address>0x2f44</load_address>
         <run_address>0x2f44</run_address>
         <size>0xd9</size>
         <input_file_ref idref="fl-2"/>
      </object_component>
      <object_component id="oc-5c9">
         <name>.debug_pubtypes</name>
         <load_address>0x301d</load_address>
         <run_address>0x301d</run_address>
         <size>0x8c</size>
         <input_file_ref idref="fl-2"/>
      </object_component>
      <object_component id="oc-545">
         <name>.debug_pubtypes</name>
         <load_address>0x30a9</load_address>
         <run_address>0x30a9</run_address>
         <size>0x1cd</size>
         <input_file_ref idref="fl-2"/>
      </object_component>
      <object_component id="oc-a4f">
         <name>.debug_pubtypes</name>
         <load_address>0x3276</load_address>
         <run_address>0x3276</run_address>
         <size>0xa8</size>
         <input_file_ref idref="fl-2"/>
      </object_component>
      <object_component id="oc-3cd">
         <name>.debug_pubtypes</name>
         <load_address>0x331e</load_address>
         <run_address>0x331e</run_address>
         <size>0x237</size>
         <input_file_ref idref="fl-2"/>
      </object_component>
      <object_component id="oc-5d3">
         <name>.debug_pubtypes</name>
         <load_address>0x3555</load_address>
         <run_address>0x3555</run_address>
         <size>0xc6</size>
         <input_file_ref idref="fl-2"/>
      </object_component>
      <object_component id="oc-5d8">
         <name>.debug_pubtypes</name>
         <load_address>0x361b</load_address>
         <run_address>0x361b</run_address>
         <size>0x7c</size>
         <input_file_ref idref="fl-2"/>
      </object_component>
      <object_component id="oc-5dd">
         <name>.debug_pubtypes</name>
         <load_address>0x3697</load_address>
         <run_address>0x3697</run_address>
         <size>0x1bd</size>
         <input_file_ref idref="fl-2"/>
      </object_component>
      <object_component id="oc-559">
         <name>.debug_pubtypes</name>
         <load_address>0x3854</load_address>
         <run_address>0x3854</run_address>
         <size>0x6c</size>
         <input_file_ref idref="fl-2"/>
      </object_component>
      <object_component id="oc-54a">
         <name>.debug_pubtypes</name>
         <load_address>0x38c0</load_address>
         <run_address>0x38c0</run_address>
         <size>0xe4</size>
         <input_file_ref idref="fl-2"/>
      </object_component>
      <object_component id="oc-5e2">
         <name>.debug_pubtypes</name>
         <load_address>0x39a4</load_address>
         <run_address>0x39a4</run_address>
         <size>0x3d</size>
         <input_file_ref idref="fl-2"/>
      </object_component>
      <object_component id="oc-257">
         <name>.debug_pubtypes</name>
         <load_address>0x39e1</load_address>
         <run_address>0x39e1</run_address>
         <size>0xff</size>
         <input_file_ref idref="fl-2"/>
      </object_component>
      <object_component id="oc-3eb">
         <name>.debug_pubtypes</name>
         <load_address>0x3ae0</load_address>
         <run_address>0x3ae0</run_address>
         <size>0x699</size>
         <input_file_ref idref="fl-2"/>
      </object_component>
      <object_component id="oc-2fa">
         <name>.debug_pubtypes</name>
         <load_address>0x4179</load_address>
         <run_address>0x4179</run_address>
         <size>0x463</size>
         <input_file_ref idref="fl-2"/>
      </object_component>
      <object_component id="oc-199">
         <name>.debug_pubtypes</name>
         <load_address>0x45dc</load_address>
         <run_address>0x45dc</run_address>
         <size>0x361</size>
         <input_file_ref idref="fl-2"/>
      </object_component>
      <object_component id="oc-1a8">
         <name>.debug_pubtypes</name>
         <load_address>0x493d</load_address>
         <run_address>0x493d</run_address>
         <size>0x3ed</size>
         <input_file_ref idref="fl-2"/>
      </object_component>
      <object_component id="oc-572">
         <name>.debug_pubtypes</name>
         <load_address>0x4d2a</load_address>
         <run_address>0x4d2a</run_address>
         <size>0x5b7</size>
         <input_file_ref idref="fl-2"/>
      </object_component>
      <object_component id="oc-1b7">
         <name>.debug_pubtypes</name>
         <load_address>0x52e1</load_address>
         <run_address>0x52e1</run_address>
         <size>0x52b</size>
         <input_file_ref idref="fl-2"/>
      </object_component>
      <object_component id="oc-2e1">
         <name>.debug_pubtypes</name>
         <load_address>0x580c</load_address>
         <run_address>0x580c</run_address>
         <size>0x4cc</size>
         <input_file_ref idref="fl-2"/>
      </object_component>
      <object_component id="oc-1bc">
         <name>.debug_pubtypes</name>
         <load_address>0x5cd8</load_address>
         <run_address>0x5cd8</run_address>
         <size>0x313</size>
         <input_file_ref idref="fl-2"/>
      </object_component>
      <object_component id="oc-2e6">
         <name>.debug_pubtypes</name>
         <load_address>0x5feb</load_address>
         <run_address>0x5feb</run_address>
         <size>0x463</size>
         <input_file_ref idref="fl-2"/>
      </object_component>
      <object_component id="oc-577">
         <name>.debug_pubtypes</name>
         <load_address>0x644e</load_address>
         <run_address>0x644e</run_address>
         <size>0x39f</size>
         <input_file_ref idref="fl-2"/>
      </object_component>
      <object_component id="oc-3e6">
         <name>.debug_pubtypes</name>
         <load_address>0x67ed</load_address>
         <run_address>0x67ed</run_address>
         <size>0x6b8</size>
         <input_file_ref idref="fl-2"/>
      </object_component>
      <object_component id="oc-126">
         <name>.debug_pubtypes</name>
         <load_address>0x6ea5</load_address>
         <run_address>0x6ea5</run_address>
         <size>0x6a5</size>
         <input_file_ref idref="fl-2"/>
      </object_component>
      <object_component id="oc-e5">
         <name>.debug_pubtypes</name>
         <load_address>0x754a</load_address>
         <run_address>0x754a</run_address>
         <size>0x508</size>
         <input_file_ref idref="fl-2"/>
      </object_component>
      <object_component id="oc-2d2">
         <name>.debug_pubtypes</name>
         <load_address>0x7a52</load_address>
         <run_address>0x7a52</run_address>
         <size>0xd7</size>
         <input_file_ref idref="fl-2"/>
      </object_component>
      <object_component id="oc-5e7">
         <name>.debug_pubtypes</name>
         <load_address>0x7b29</load_address>
         <run_address>0x7b29</run_address>
         <size>0x3a</size>
         <input_file_ref idref="fl-2"/>
      </object_component>
      <object_component id="oc-2cd">
         <name>.debug_pubtypes</name>
         <load_address>0x7b63</load_address>
         <run_address>0x7b63</run_address>
         <size>0xd7</size>
         <input_file_ref idref="fl-2"/>
      </object_component>
      <object_component id="oc-2a0">
         <name>.debug_pubtypes</name>
         <load_address>0x7c3a</load_address>
         <run_address>0x7c3a</run_address>
         <size>0x1c6</size>
         <input_file_ref idref="fl-2"/>
      </object_component>
      <object_component id="oc-ef">
         <name>.debug_pubtypes</name>
         <load_address>0x7e00</load_address>
         <run_address>0x7e00</run_address>
         <size>0xd9</size>
         <input_file_ref idref="fl-2"/>
      </object_component>
      <object_component id="oc-583">
         <name>.debug_pubtypes</name>
         <load_address>0x7ed9</load_address>
         <run_address>0x7ed9</run_address>
         <size>0x5c</size>
         <input_file_ref idref="fl-2"/>
      </object_component>
      <object_component id="oc-d6">
         <name>.debug_pubtypes</name>
         <load_address>0x7f35</load_address>
         <run_address>0x7f35</run_address>
         <size>0x37</size>
         <input_file_ref idref="fl-2"/>
      </object_component>
      <object_component id="oc-12b">
         <name>.debug_pubtypes</name>
         <load_address>0x7f6c</load_address>
         <run_address>0x7f6c</run_address>
         <size>0x2c</size>
         <input_file_ref idref="fl-2"/>
      </object_component>
      <object_component id="oc-135">
         <name>.debug_pubtypes</name>
         <load_address>0x7f98</load_address>
         <run_address>0x7f98</run_address>
         <size>0x2b</size>
         <input_file_ref idref="fl-2"/>
      </object_component>
      <object_component id="oc-2af">
         <name>.debug_pubtypes</name>
         <load_address>0x7fc3</load_address>
         <run_address>0x7fc3</run_address>
         <size>0x2c</size>
         <input_file_ref idref="fl-2"/>
      </object_component>
      <object_component id="oc-144">
         <name>.debug_pubtypes</name>
         <load_address>0x7fef</load_address>
         <run_address>0x7fef</run_address>
         <size>0x2c</size>
         <input_file_ref idref="fl-2"/>
      </object_component>
      <object_component id="oc-1395">
         <name>.debug_pubtypes</name>
         <load_address>0x801b</load_address>
         <run_address>0x801b</run_address>
         <size>0x45</size>
         <input_file_ref idref="fl-2"/>
      </object_component>
      <object_component id="oc-3d7">
         <name>.debug_pubtypes</name>
         <load_address>0x8060</load_address>
         <run_address>0x8060</run_address>
         <size>0xef</size>
         <input_file_ref idref="fl-2"/>
      </object_component>
      <object_component id="oc-55e">
         <name>.debug_pubtypes</name>
         <load_address>0x814f</load_address>
         <run_address>0x814f</run_address>
         <size>0x553</size>
         <input_file_ref idref="fl-2"/>
      </object_component>
      <object_component id="oc-568">
         <name>.debug_pubtypes</name>
         <load_address>0x86a2</load_address>
         <run_address>0x86a2</run_address>
         <size>0x528</size>
         <input_file_ref idref="fl-2"/>
      </object_component>
      <object_component id="oc-29b">
         <name>.debug_pubtypes</name>
         <load_address>0x8bca</load_address>
         <run_address>0x8bca</run_address>
         <size>0x156c</size>
         <input_file_ref idref="fl-2"/>
      </object_component>
      <object_component id="oc-2dc">
         <name>.debug_pubtypes</name>
         <load_address>0xa136</load_address>
         <run_address>0xa136</run_address>
         <size>0x54</size>
         <input_file_ref idref="fl-2"/>
      </object_component>
      <object_component id="oc-2c8">
         <name>.debug_pubtypes</name>
         <load_address>0xa18a</load_address>
         <run_address>0xa18a</run_address>
         <size>0x31</size>
         <input_file_ref idref="fl-2"/>
      </object_component>
      <object_component id="oc-3c3">
         <name>.debug_pubtypes</name>
         <load_address>0xa1bb</load_address>
         <run_address>0xa1bb</run_address>
         <size>0x7d0</size>
         <input_file_ref idref="fl-3"/>
      </object_component>
      <object_component id="oc-521">
         <name>.debug_pubtypes</name>
         <load_address>0xa98b</load_address>
         <run_address>0xa98b</run_address>
         <size>0x7cd</size>
         <input_file_ref idref="fl-3"/>
      </object_component>
      <object_component id="oc-3fa">
         <name>.debug_pubtypes</name>
         <load_address>0xb158</load_address>
         <run_address>0xb158</run_address>
         <size>0x134c</size>
         <input_file_ref idref="fl-3"/>
      </object_component>
      <object_component id="oc-815">
         <name>.debug_pubtypes</name>
         <load_address>0xc4a4</load_address>
         <run_address>0xc4a4</run_address>
         <size>0x4e5</size>
         <input_file_ref idref="fl-3"/>
      </object_component>
      <object_component id="oc-50d">
         <name>.debug_pubtypes</name>
         <load_address>0xc989</load_address>
         <run_address>0xc989</run_address>
         <size>0x679</size>
         <input_file_ref idref="fl-3"/>
      </object_component>
      <object_component id="oc-2b9">
         <name>.debug_pubtypes</name>
         <load_address>0xd002</load_address>
         <run_address>0xd002</run_address>
         <size>0x5e4</size>
         <input_file_ref idref="fl-3"/>
      </object_component>
      <object_component id="oc-512">
         <name>.debug_pubtypes</name>
         <load_address>0xd5e6</load_address>
         <run_address>0xd5e6</run_address>
         <size>0x52a</size>
         <input_file_ref idref="fl-3"/>
      </object_component>
      <object_component id="oc-517">
         <name>.debug_pubtypes</name>
         <load_address>0xdb10</load_address>
         <run_address>0xdb10</run_address>
         <size>0x3b9</size>
         <input_file_ref idref="fl-3"/>
      </object_component>
      <object_component id="oc-51c">
         <name>.debug_pubtypes</name>
         <load_address>0xdec9</load_address>
         <run_address>0xdec9</run_address>
         <size>0x6e9</size>
         <input_file_ref idref="fl-3"/>
      </object_component>
      <object_component id="oc-2c3">
         <name>.debug_pubtypes</name>
         <load_address>0xe5b2</load_address>
         <run_address>0xe5b2</run_address>
         <size>0x4fe</size>
         <input_file_ref idref="fl-3"/>
      </object_component>
      <object_component id="oc-81f">
         <name>.debug_pubtypes</name>
         <load_address>0xeab0</load_address>
         <run_address>0xeab0</run_address>
         <size>0x57f</size>
         <input_file_ref idref="fl-3"/>
      </object_component>
      <object_component id="oc-1b2">
         <name>.debug_pubtypes</name>
         <load_address>0xf02f</load_address>
         <run_address>0xf02f</run_address>
         <size>0x313</size>
         <input_file_ref idref="fl-3"/>
      </object_component>
      <object_component id="oc-2f0">
         <name>.debug_pubtypes</name>
         <load_address>0xf342</load_address>
         <run_address>0xf342</run_address>
         <size>0x4f6</size>
         <input_file_ref idref="fl-3"/>
      </object_component>
      <object_component id="oc-3e1">
         <name>.debug_pubtypes</name>
         <load_address>0xf838</load_address>
         <run_address>0xf838</run_address>
         <size>0x553</size>
         <input_file_ref idref="fl-3"/>
      </object_component>
      <object_component id="oc-2eb">
         <name>.debug_pubtypes</name>
         <load_address>0xfd8b</load_address>
         <run_address>0xfd8b</run_address>
         <size>0x44c</size>
         <input_file_ref idref="fl-3"/>
      </object_component>
      <object_component id="oc-f4">
         <name>.debug_pubtypes</name>
         <load_address>0x101d7</load_address>
         <run_address>0x101d7</run_address>
         <size>0x1fb</size>
         <input_file_ref idref="fl-3"/>
      </object_component>
      <object_component id="oc-f9">
         <name>.debug_pubtypes</name>
         <load_address>0x103d2</load_address>
         <run_address>0x103d2</run_address>
         <size>0x5a5</size>
         <input_file_ref idref="fl-3"/>
      </object_component>
      <object_component id="oc-2d7">
         <name>.debug_pubtypes</name>
         <load_address>0x10977</load_address>
         <run_address>0x10977</run_address>
         <size>0x109</size>
         <input_file_ref idref="fl-3"/>
      </object_component>
      <object_component id="oc-3d2">
         <name>.debug_pubtypes</name>
         <load_address>0x10a80</load_address>
         <run_address>0x10a80</run_address>
         <size>0x15b</size>
         <input_file_ref idref="fl-3"/>
      </object_component>
      <object_component id="oc-3dc">
         <name>.debug_pubtypes</name>
         <load_address>0x10bdb</load_address>
         <run_address>0x10bdb</run_address>
         <size>0x9d2</size>
         <input_file_ref idref="fl-3"/>
      </object_component>
      <object_component id="oc-3f0">
         <name>.debug_pubtypes</name>
         <load_address>0x115ad</load_address>
         <run_address>0x115ad</run_address>
         <size>0x528</size>
         <input_file_ref idref="fl-3"/>
      </object_component>
      <object_component id="oc-25c">
         <name>.debug_pubtypes</name>
         <load_address>0x11ad5</load_address>
         <run_address>0x11ad5</run_address>
         <size>0x91b</size>
         <input_file_ref idref="fl-3"/>
      </object_component>
      <object_component id="oc-3f5">
         <name>.debug_pubtypes</name>
         <load_address>0x123f0</load_address>
         <run_address>0x123f0</run_address>
         <size>0x63a</size>
         <input_file_ref idref="fl-3"/>
      </object_component>
      <object_component id="oc-81a">
         <name>.debug_pubtypes</name>
         <load_address>0x12a2a</load_address>
         <run_address>0x12a2a</run_address>
         <size>0x35</size>
         <input_file_ref idref="fl-3"/>
      </object_component>
      <object_component id="oc-2a5">
         <name>.debug_pubtypes</name>
         <load_address>0x12a5f</load_address>
         <run_address>0x12a5f</run_address>
         <size>0x156c</size>
         <input_file_ref idref="fl-3"/>
      </object_component>
      <object_component id="oc-3f">
         <name>.debug_pubtypes</name>
         <load_address>0x13fcb</load_address>
         <run_address>0x13fcb</run_address>
         <size>0xed</size>
         <input_file_ref idref="fl-4"/>
      </object_component>
      <object_component id="oc-d92">
         <name>.debug_pubtypes</name>
         <load_address>0x140b8</load_address>
         <run_address>0x140b8</run_address>
         <size>0x2ce</size>
         <input_file_ref idref="fl-5"/>
      </object_component>
      <object_component id="oc-d97">
         <name>.debug_pubtypes</name>
         <load_address>0x14386</load_address>
         <run_address>0x14386</run_address>
         <size>0x91b</size>
         <input_file_ref idref="fl-5"/>
      </object_component>
      <object_component id="oc-149">
         <name>.debug_pubtypes</name>
         <load_address>0x14ca1</load_address>
         <run_address>0x14ca1</run_address>
         <size>0x1f25</size>
         <input_file_ref idref="fl-c"/>
      </object_component>
      <object_component id="oc-14e">
         <name>.debug_pubtypes</name>
         <load_address>0x16bc6</load_address>
         <run_address>0x16bc6</run_address>
         <size>0x49f</size>
         <input_file_ref idref="fl-c"/>
      </object_component>
      <object_component id="oc-11c">
         <name>.debug_pubtypes</name>
         <load_address>0x17065</load_address>
         <run_address>0x17065</run_address>
         <size>0x80f</size>
         <input_file_ref idref="fl-c"/>
      </object_component>
      <object_component id="oc-121">
         <name>.debug_pubtypes</name>
         <load_address>0x17874</load_address>
         <run_address>0x17874</run_address>
         <size>0x1390</size>
         <input_file_ref idref="fl-c"/>
      </object_component>
      <object_component id="oc-153">
         <name>.debug_pubtypes</name>
         <load_address>0x18c04</load_address>
         <run_address>0x18c04</run_address>
         <size>0x6a5</size>
         <input_file_ref idref="fl-c"/>
      </object_component>
      <object_component id="oc-158">
         <name>.debug_pubtypes</name>
         <load_address>0x192a9</load_address>
         <run_address>0x192a9</run_address>
         <size>0x142d</size>
         <input_file_ref idref="fl-c"/>
      </object_component>
      <object_component id="oc-db">
         <name>.debug_pubtypes</name>
         <load_address>0x1a6d6</load_address>
         <run_address>0x1a6d6</run_address>
         <size>0x6ba</size>
         <input_file_ref idref="fl-c"/>
      </object_component>
      <object_component id="oc-15d">
         <name>.debug_pubtypes</name>
         <load_address>0x1ad90</load_address>
         <run_address>0x1ad90</run_address>
         <size>0x51d</size>
         <input_file_ref idref="fl-c"/>
      </object_component>
      <object_component id="oc-162">
         <name>.debug_pubtypes</name>
         <load_address>0x1b2ad</load_address>
         <run_address>0x1b2ad</run_address>
         <size>0x556</size>
         <input_file_ref idref="fl-c"/>
      </object_component>
      <object_component id="oc-167">
         <name>.debug_pubtypes</name>
         <load_address>0x1b803</load_address>
         <run_address>0x1b803</run_address>
         <size>0x5f0</size>
         <input_file_ref idref="fl-c"/>
      </object_component>
      <object_component id="oc-16c">
         <name>.debug_pubtypes</name>
         <load_address>0x1bdf3</load_address>
         <run_address>0x1bdf3</run_address>
         <size>0xaeb</size>
         <input_file_ref idref="fl-c"/>
      </object_component>
      <object_component id="oc-171">
         <name>.debug_pubtypes</name>
         <load_address>0x1c8de</load_address>
         <run_address>0x1c8de</run_address>
         <size>0x507</size>
         <input_file_ref idref="fl-c"/>
      </object_component>
      <object_component id="oc-176">
         <name>.debug_pubtypes</name>
         <load_address>0x1cde5</load_address>
         <run_address>0x1cde5</run_address>
         <size>0x433</size>
         <input_file_ref idref="fl-c"/>
      </object_component>
      <object_component id="oc-17b">
         <name>.debug_pubtypes</name>
         <load_address>0x1d218</load_address>
         <run_address>0x1d218</run_address>
         <size>0x50e</size>
         <input_file_ref idref="fl-c"/>
      </object_component>
      <object_component id="oc-180">
         <name>.debug_pubtypes</name>
         <load_address>0x1d726</load_address>
         <run_address>0x1d726</run_address>
         <size>0x48f</size>
         <input_file_ref idref="fl-c"/>
      </object_component>
      <object_component id="oc-2f5">
         <name>.debug_pubtypes</name>
         <load_address>0x1dbb5</load_address>
         <run_address>0x1dbb5</run_address>
         <size>0x669</size>
         <input_file_ref idref="fl-c"/>
      </object_component>
      <object_component id="oc-108">
         <name>.debug_pubtypes</name>
         <load_address>0x1e21e</load_address>
         <run_address>0x1e21e</run_address>
         <size>0x592</size>
         <input_file_ref idref="fl-c"/>
      </object_component>
      <object_component id="oc-2aa">
         <name>.debug_pubtypes</name>
         <load_address>0x1e7b0</load_address>
         <run_address>0x1e7b0</run_address>
         <size>0x574</size>
         <input_file_ref idref="fl-c"/>
      </object_component>
      <object_component id="oc-185">
         <name>.debug_pubtypes</name>
         <load_address>0x1ed24</load_address>
         <run_address>0x1ed24</run_address>
         <size>0x696</size>
         <input_file_ref idref="fl-c"/>
      </object_component>
      <object_component id="oc-112">
         <name>.debug_pubtypes</name>
         <load_address>0x1f3ba</load_address>
         <run_address>0x1f3ba</run_address>
         <size>0x6bf</size>
         <input_file_ref idref="fl-c"/>
      </object_component>
      <object_component id="oc-2b4">
         <name>.debug_pubtypes</name>
         <load_address>0x1fa79</load_address>
         <run_address>0x1fa79</run_address>
         <size>0x54a</size>
         <input_file_ref idref="fl-c"/>
      </object_component>
      <object_component id="oc-18a">
         <name>.debug_pubtypes</name>
         <load_address>0x1ffc3</load_address>
         <run_address>0x1ffc3</run_address>
         <size>0x3da</size>
         <input_file_ref idref="fl-c"/>
      </object_component>
      <object_component id="oc-2be">
         <name>.debug_pubtypes</name>
         <load_address>0x2039d</load_address>
         <run_address>0x2039d</run_address>
         <size>0x4d1</size>
         <input_file_ref idref="fl-c"/>
      </object_component>
      <object_component id="oc-18f">
         <name>.debug_pubtypes</name>
         <load_address>0x2086e</load_address>
         <run_address>0x2086e</run_address>
         <size>0x3d9</size>
         <input_file_ref idref="fl-c"/>
      </object_component>
      <object_component id="oc-194">
         <name>.debug_pubtypes</name>
         <load_address>0x20c47</load_address>
         <run_address>0x20c47</run_address>
         <size>0x70d</size>
         <input_file_ref idref="fl-c"/>
      </object_component>
      <object_component id="oc-19e">
         <name>.debug_pubtypes</name>
         <load_address>0x21354</load_address>
         <run_address>0x21354</run_address>
         <size>0x35d</size>
         <input_file_ref idref="fl-c"/>
      </object_component>
      <object_component id="oc-1a3">
         <name>.debug_pubtypes</name>
         <load_address>0x216b1</load_address>
         <run_address>0x216b1</run_address>
         <size>0x35b</size>
         <input_file_ref idref="fl-c"/>
      </object_component>
      <object_component id="oc-1ad">
         <name>.debug_pubtypes</name>
         <load_address>0x21a0c</load_address>
         <run_address>0x21a0c</run_address>
         <size>0x5da</size>
         <input_file_ref idref="fl-c"/>
      </object_component>
      <object_component id="oc-1c1">
         <name>.debug_pubtypes</name>
         <load_address>0x21fe6</load_address>
         <run_address>0x21fe6</run_address>
         <size>0x3c3</size>
         <input_file_ref idref="fl-c"/>
      </object_component>
      <object_component id="oc-1c6">
         <name>.debug_pubtypes</name>
         <load_address>0x223a9</load_address>
         <run_address>0x223a9</run_address>
         <size>0x3df</size>
         <input_file_ref idref="fl-c"/>
      </object_component>
      <object_component id="oc-1cb">
         <name>.debug_pubtypes</name>
         <load_address>0x22788</load_address>
         <run_address>0x22788</run_address>
         <size>0x4c6</size>
         <input_file_ref idref="fl-c"/>
      </object_component>
      <object_component id="oc-13f">
         <name>.debug_pubtypes</name>
         <load_address>0x22c4e</load_address>
         <run_address>0x22c4e</run_address>
         <size>0x577</size>
         <input_file_ref idref="fl-c"/>
      </object_component>
      <object_component id="oc-130">
         <name>.debug_pubtypes</name>
         <load_address>0x231c5</load_address>
         <run_address>0x231c5</run_address>
         <size>0x6da</size>
         <input_file_ref idref="fl-c"/>
      </object_component>
      <object_component id="oc-16cd">
         <name>.debug_pubtypes</name>
         <load_address>0x2389f</load_address>
         <run_address>0x2389f</run_address>
         <size>0x4a</size>
         <input_file_ref idref="fl-c"/>
      </object_component>
      <object_component id="oc-2ff">
         <name>.debug_pubtypes</name>
         <load_address>0x238e9</load_address>
         <run_address>0x238e9</run_address>
         <size>0x7f</size>
         <input_file_ref idref="fl-c"/>
      </object_component>
      <object_component id="oc-1d5">
         <name>.debug_pubtypes</name>
         <load_address>0x23968</load_address>
         <run_address>0x23968</run_address>
         <size>0xef</size>
         <input_file_ref idref="fl-c"/>
      </object_component>
      <object_component id="oc-ea">
         <name>.debug_pubtypes</name>
         <load_address>0x23a57</load_address>
         <run_address>0x23a57</run_address>
         <size>0x553</size>
         <input_file_ref idref="fl-c"/>
      </object_component>
      <object_component id="oc-fe">
         <name>.debug_pubtypes</name>
         <load_address>0x23faa</load_address>
         <run_address>0x23faa</run_address>
         <size>0x36f</size>
         <input_file_ref idref="fl-c"/>
      </object_component>
      <object_component id="oc-103">
         <name>.debug_pubtypes</name>
         <load_address>0x24319</load_address>
         <run_address>0x24319</run_address>
         <size>0x9d2</size>
         <input_file_ref idref="fl-c"/>
      </object_component>
      <object_component id="oc-1d0">
         <name>.debug_pubtypes</name>
         <load_address>0x24ceb</load_address>
         <run_address>0x24ceb</run_address>
         <size>0x88b</size>
         <input_file_ref idref="fl-c"/>
      </object_component>
      <object_component id="oc-10d">
         <name>.debug_pubtypes</name>
         <load_address>0x25576</load_address>
         <run_address>0x25576</run_address>
         <size>0x940</size>
         <input_file_ref idref="fl-c"/>
      </object_component>
      <object_component id="oc-1da">
         <name>.debug_pubtypes</name>
         <load_address>0x25eb6</load_address>
         <run_address>0x25eb6</run_address>
         <size>0x528</size>
         <input_file_ref idref="fl-c"/>
      </object_component>
      <object_component id="oc-117">
         <name>.debug_pubtypes</name>
         <load_address>0x263de</load_address>
         <run_address>0x263de</run_address>
         <size>0x91b</size>
         <input_file_ref idref="fl-c"/>
      </object_component>
      <object_component id="oc-13a">
         <name>.debug_pubtypes</name>
         <load_address>0x26cf9</load_address>
         <run_address>0x26cf9</run_address>
         <size>0x156c</size>
         <input_file_ref idref="fl-c"/>
      </object_component>
      <object_component id="oc-a13">
         <name>.debug_pubtypes</name>
         <load_address>0x28265</load_address>
         <run_address>0x28265</run_address>
         <size>0x7d0</size>
         <input_file_ref idref="fl-1b"/>
      </object_component>
      <object_component id="oc-bb0">
         <name>.debug_pubtypes</name>
         <load_address>0x28a35</load_address>
         <run_address>0x28a35</run_address>
         <size>0x1d</size>
         <input_file_ref idref="fl-1b"/>
      </object_component>
      <object_component id="oc-280">
         <name>.debug_pubtypes</name>
         <load_address>0x28a52</load_address>
         <run_address>0x28a52</run_address>
         <size>0x2c</size>
         <input_file_ref idref="fl-1b"/>
      </object_component>
      <object_component id="oc-d59">
         <name>.debug_pubtypes</name>
         <load_address>0x28a7e</load_address>
         <run_address>0x28a7e</run_address>
         <size>0x70</size>
         <input_file_ref idref="fl-22"/>
      </object_component>
      <object_component id="oc-894">
         <name>.debug_pubtypes</name>
         <load_address>0x28aee</load_address>
         <run_address>0x28aee</run_address>
         <size>0x16f</size>
         <input_file_ref idref="fl-22"/>
      </object_component>
      <object_component id="oc-554">
         <name>.debug_pubtypes</name>
         <load_address>0x28c5d</load_address>
         <run_address>0x28c5d</run_address>
         <size>0xdd</size>
         <input_file_ref idref="fl-29"/>
      </object_component>
      <object_component id="oc-751">
         <name>.debug_pubtypes</name>
         <load_address>0x28d3a</load_address>
         <run_address>0x28d3a</run_address>
         <size>0x6e</size>
         <input_file_ref idref="fl-29"/>
      </object_component>
      <object_component id="oc-12e4">
         <name>.debug_pubtypes</name>
         <load_address>0x28da8</load_address>
         <run_address>0x28da8</run_address>
         <size>0x28</size>
         <input_file_ref idref="fl-2a"/>
      </object_component>
      <object_component id="oc-1370">
         <name>.debug_pubtypes</name>
         <load_address>0x28dd0</load_address>
         <run_address>0x28dd0</run_address>
         <size>0x28</size>
         <input_file_ref idref="fl-2f"/>
      </object_component>
      <object_component id="oc-54f">
         <name>.debug_pubtypes</name>
         <load_address>0x28df8</load_address>
         <run_address>0x28df8</run_address>
         <size>0xe5</size>
         <input_file_ref idref="fl-34"/>
      </object_component>
      <object_component id="oc-bf">
         <name>.debug_pubtypes</name>
         <load_address>0x28edd</load_address>
         <run_address>0x28edd</run_address>
         <size>0x2c6</size>
         <input_file_ref idref="fl-34"/>
      </object_component>
      <object_component id="oc-563">
         <name>.debug_pubtypes</name>
         <load_address>0x291a3</load_address>
         <run_address>0x291a3</run_address>
         <size>0x26</size>
         <input_file_ref idref="fl-34"/>
      </object_component>
      <object_component id="oc-f35">
         <name>.debug_pubtypes</name>
         <load_address>0x291c9</load_address>
         <run_address>0x291c9</run_address>
         <size>0x5b7</size>
         <input_file_ref idref="fl-36"/>
      </object_component>
      <object_component id="oc-f3a">
         <name>.debug_pubtypes</name>
         <load_address>0x29780</load_address>
         <run_address>0x29780</run_address>
         <size>0x36f</size>
         <input_file_ref idref="fl-36"/>
      </object_component>
      <object_component id="oc-1600">
         <name>.debug_pubtypes</name>
         <load_address>0x29aef</load_address>
         <run_address>0x29aef</run_address>
         <size>0x28</size>
         <input_file_ref idref="fl-3a"/>
      </object_component>
      <object_component id="oc-1847">
         <name>.debug_pubtypes</name>
         <load_address>0x29b17</load_address>
         <run_address>0x29b17</run_address>
         <size>0x574</size>
         <input_file_ref idref="fl-3a"/>
      </object_component>
      <object_component id="oc-1765">
         <name>.debug_pubtypes</name>
         <load_address>0x2a08b</load_address>
         <run_address>0x2a08b</run_address>
         <size>0x88b</size>
         <input_file_ref idref="fl-3a"/>
      </object_component>
      <object_component id="oc-1793">
         <name>.debug_pubtypes</name>
         <load_address>0x2a916</load_address>
         <run_address>0x2a916</run_address>
         <size>0x528</size>
         <input_file_ref idref="fl-3a"/>
      </object_component>
      <object_component id="oc-178e">
         <name>.debug_pubtypes</name>
         <load_address>0x2ae3e</load_address>
         <run_address>0x2ae3e</run_address>
         <size>0x91b</size>
         <input_file_ref idref="fl-3a"/>
      </object_component>
      <object_component id="oc-f6c">
         <name>.debug_pubtypes</name>
         <load_address>0x2b759</load_address>
         <run_address>0x2b759</run_address>
         <size>0x1f25</size>
         <input_file_ref idref="fl-3b"/>
      </object_component>
      <object_component id="oc-b54">
         <name>.debug_pubtypes</name>
         <load_address>0x2d67e</load_address>
         <run_address>0x2d67e</run_address>
         <size>0x553</size>
         <input_file_ref idref="fl-3b"/>
      </object_component>
      <object_component id="oc-159a">
         <name>.debug_pubtypes</name>
         <load_address>0x2dbd1</load_address>
         <run_address>0x2dbd1</run_address>
         <size>0x28</size>
         <input_file_ref idref="fl-3c"/>
      </object_component>
      <object_component id="oc-176a">
         <name>.debug_pubtypes</name>
         <load_address>0x2dbf9</load_address>
         <run_address>0x2dbf9</run_address>
         <size>0x528</size>
         <input_file_ref idref="fl-3c"/>
      </object_component>
      <object_component id="oc-620">
         <name>.debug_pubtypes</name>
         <load_address>0x2e121</load_address>
         <run_address>0x2e121</run_address>
         <size>0x1dee</size>
         <input_file_ref idref="fl-3d"/>
      </object_component>
      <object_component id="oc-62a">
         <name>.debug_pubtypes</name>
         <load_address>0x2ff0f</load_address>
         <run_address>0x2ff0f</run_address>
         <size>0xab8</size>
         <input_file_ref idref="fl-3d"/>
      </object_component>
      <object_component id="oc-602">
         <name>.debug_pubtypes</name>
         <load_address>0x309c7</load_address>
         <run_address>0x309c7</run_address>
         <size>0x514</size>
         <input_file_ref idref="fl-3d"/>
      </object_component>
      <object_component id="oc-652">
         <name>.debug_pubtypes</name>
         <load_address>0x30edb</load_address>
         <run_address>0x30edb</run_address>
         <size>0x117c</size>
         <input_file_ref idref="fl-3d"/>
      </object_component>
      <object_component id="oc-625">
         <name>.debug_pubtypes</name>
         <load_address>0x32057</load_address>
         <run_address>0x32057</run_address>
         <size>0x1f66</size>
         <input_file_ref idref="fl-3d"/>
      </object_component>
      <object_component id="oc-61b">
         <name>.debug_pubtypes</name>
         <load_address>0x33fbd</load_address>
         <run_address>0x33fbd</run_address>
         <size>0x5fd</size>
         <input_file_ref idref="fl-3d"/>
      </object_component>
      <object_component id="oc-675">
         <name>.debug_pubtypes</name>
         <load_address>0x345ba</load_address>
         <run_address>0x345ba</run_address>
         <size>0x5f0</size>
         <input_file_ref idref="fl-3d"/>
      </object_component>
      <object_component id="oc-643">
         <name>.debug_pubtypes</name>
         <load_address>0x34baa</load_address>
         <run_address>0x34baa</run_address>
         <size>0xaeb</size>
         <input_file_ref idref="fl-3d"/>
      </object_component>
      <object_component id="oc-666">
         <name>.debug_pubtypes</name>
         <load_address>0x35695</load_address>
         <run_address>0x35695</run_address>
         <size>0x50e</size>
         <input_file_ref idref="fl-3d"/>
      </object_component>
      <object_component id="oc-66b">
         <name>.debug_pubtypes</name>
         <load_address>0x35ba3</load_address>
         <run_address>0x35ba3</run_address>
         <size>0x48f</size>
         <input_file_ref idref="fl-3d"/>
      </object_component>
      <object_component id="oc-aa9">
         <name>.debug_pubtypes</name>
         <load_address>0x36032</load_address>
         <run_address>0x36032</run_address>
         <size>0x455</size>
         <input_file_ref idref="fl-3d"/>
      </object_component>
      <object_component id="oc-aa4">
         <name>.debug_pubtypes</name>
         <load_address>0x36487</load_address>
         <run_address>0x36487</run_address>
         <size>0x368</size>
         <input_file_ref idref="fl-3d"/>
      </object_component>
      <object_component id="oc-aae">
         <name>.debug_pubtypes</name>
         <load_address>0x367ef</load_address>
         <run_address>0x367ef</run_address>
         <size>0xbe9</size>
         <input_file_ref idref="fl-3d"/>
      </object_component>
      <object_component id="oc-670">
         <name>.debug_pubtypes</name>
         <load_address>0x373d8</load_address>
         <run_address>0x373d8</run_address>
         <size>0xa25</size>
         <input_file_ref idref="fl-3d"/>
      </object_component>
      <object_component id="oc-634">
         <name>.debug_pubtypes</name>
         <load_address>0x37dfd</load_address>
         <run_address>0x37dfd</run_address>
         <size>0x7e5</size>
         <input_file_ref idref="fl-3d"/>
      </object_component>
      <object_component id="oc-ab8">
         <name>.debug_pubtypes</name>
         <load_address>0x385e2</load_address>
         <run_address>0x385e2</run_address>
         <size>0x5e4</size>
         <input_file_ref idref="fl-3d"/>
      </object_component>
      <object_component id="oc-ab3">
         <name>.debug_pubtypes</name>
         <load_address>0x38bc6</load_address>
         <run_address>0x38bc6</run_address>
         <size>0x52a</size>
         <input_file_ref idref="fl-3d"/>
      </object_component>
      <object_component id="oc-661">
         <name>.debug_pubtypes</name>
         <load_address>0x390f0</load_address>
         <run_address>0x390f0</run_address>
         <size>0x6ab</size>
         <input_file_ref idref="fl-3d"/>
      </object_component>
      <object_component id="oc-65c">
         <name>.debug_pubtypes</name>
         <load_address>0x3979b</load_address>
         <run_address>0x3979b</run_address>
         <size>0x898</size>
         <input_file_ref idref="fl-3d"/>
      </object_component>
      <object_component id="oc-657">
         <name>.debug_pubtypes</name>
         <load_address>0x3a033</load_address>
         <run_address>0x3a033</run_address>
         <size>0xb69</size>
         <input_file_ref idref="fl-3d"/>
      </object_component>
      <object_component id="oc-abd">
         <name>.debug_pubtypes</name>
         <load_address>0x3ab9c</load_address>
         <run_address>0x3ab9c</run_address>
         <size>0x17c</size>
         <input_file_ref idref="fl-3d"/>
      </object_component>
      <object_component id="oc-67a">
         <name>.debug_pubtypes</name>
         <load_address>0x3ad18</load_address>
         <run_address>0x3ad18</run_address>
         <size>0x78</size>
         <input_file_ref idref="fl-3d"/>
      </object_component>
      <object_component id="oc-62f">
         <name>.debug_pubtypes</name>
         <load_address>0x3ad90</load_address>
         <run_address>0x3ad90</run_address>
         <size>0x2ff</size>
         <input_file_ref idref="fl-3d"/>
      </object_component>
      <object_component id="oc-607">
         <name>.debug_pubtypes</name>
         <load_address>0x3b08f</load_address>
         <run_address>0x3b08f</run_address>
         <size>0x44e0</size>
         <input_file_ref idref="fl-3d"/>
      </object_component>
      <object_component id="oc-639">
         <name>.debug_pubtypes</name>
         <load_address>0x3f56f</load_address>
         <run_address>0x3f56f</run_address>
         <size>0x6cc</size>
         <input_file_ref idref="fl-3d"/>
      </object_component>
      <object_component id="oc-648">
         <name>.debug_pubtypes</name>
         <load_address>0x3fc3b</load_address>
         <run_address>0x3fc3b</run_address>
         <size>0x1d52</size>
         <input_file_ref idref="fl-3d"/>
      </object_component>
      <object_component id="oc-60c">
         <name>.debug_pubtypes</name>
         <load_address>0x4198d</load_address>
         <run_address>0x4198d</run_address>
         <size>0x5f10</size>
         <input_file_ref idref="fl-3d"/>
      </object_component>
      <object_component id="oc-611">
         <name>.debug_pubtypes</name>
         <load_address>0x4789d</load_address>
         <run_address>0x4789d</run_address>
         <size>0x940</size>
         <input_file_ref idref="fl-3d"/>
      </object_component>
      <object_component id="oc-64d">
         <name>.debug_pubtypes</name>
         <load_address>0x481dd</load_address>
         <run_address>0x481dd</run_address>
         <size>0x3f0e</size>
         <input_file_ref idref="fl-3d"/>
      </object_component>
      <object_component id="oc-63e">
         <name>.debug_pubtypes</name>
         <load_address>0x4c0eb</load_address>
         <run_address>0x4c0eb</run_address>
         <size>0x5308</size>
         <input_file_ref idref="fl-3d"/>
      </object_component>
      <object_component id="oc-616">
         <name>.debug_pubtypes</name>
         <load_address>0x513f3</load_address>
         <run_address>0x513f3</run_address>
         <size>0x13a1d</size>
         <input_file_ref idref="fl-3d"/>
      </object_component>
      <object_component id="oc-100f">
         <name>.debug_pubtypes</name>
         <load_address>0x64e10</load_address>
         <run_address>0x64e10</run_address>
         <size>0x156c</size>
         <input_file_ref idref="fl-42"/>
      </object_component>
      <object_component id="oc-772">
         <name>.debug_pubtypes</name>
         <load_address>0x6637c</load_address>
         <run_address>0x6637c</run_address>
         <size>0x2c6</size>
         <input_file_ref idref="fl-43"/>
      </object_component>
      <object_component id="oc-bc6">
         <name>.debug_pubtypes</name>
         <load_address>0x66642</load_address>
         <run_address>0x66642</run_address>
         <size>0x35d</size>
         <input_file_ref idref="fl-43"/>
      </object_component>
      <object_component id="oc-bcb">
         <name>.debug_pubtypes</name>
         <load_address>0x6699f</load_address>
         <run_address>0x6699f</run_address>
         <size>0x3ed</size>
         <input_file_ref idref="fl-43"/>
      </object_component>
      <object_component id="oc-1021">
         <name>.debug_pubtypes</name>
         <load_address>0x66d8c</load_address>
         <run_address>0x66d8c</run_address>
         <size>0x5b7</size>
         <input_file_ref idref="fl-43"/>
      </object_component>
      <object_component id="oc-103a">
         <name>.debug_pubtypes</name>
         <load_address>0x67343</load_address>
         <run_address>0x67343</run_address>
         <size>0x4cc</size>
         <input_file_ref idref="fl-43"/>
      </object_component>
      <object_component id="oc-103f">
         <name>.debug_pubtypes</name>
         <load_address>0x6780f</load_address>
         <run_address>0x6780f</run_address>
         <size>0x463</size>
         <input_file_ref idref="fl-43"/>
      </object_component>
      <object_component id="oc-102b">
         <name>.debug_pubtypes</name>
         <load_address>0x67c72</load_address>
         <run_address>0x67c72</run_address>
         <size>0x39f</size>
         <input_file_ref idref="fl-43"/>
      </object_component>
      <object_component id="oc-bc1">
         <name>.debug_pubtypes</name>
         <load_address>0x68011</load_address>
         <run_address>0x68011</run_address>
         <size>0x6b8</size>
         <input_file_ref idref="fl-43"/>
      </object_component>
      <object_component id="oc-bb7">
         <name>.debug_pubtypes</name>
         <load_address>0x686c9</load_address>
         <run_address>0x686c9</run_address>
         <size>0x6a5</size>
         <input_file_ref idref="fl-43"/>
      </object_component>
      <object_component id="oc-1030">
         <name>.debug_pubtypes</name>
         <load_address>0x68d6e</load_address>
         <run_address>0x68d6e</run_address>
         <size>0xd7</size>
         <input_file_ref idref="fl-43"/>
      </object_component>
      <object_component id="oc-1026">
         <name>.debug_pubtypes</name>
         <load_address>0x68e45</load_address>
         <run_address>0x68e45</run_address>
         <size>0xd7</size>
         <input_file_ref idref="fl-43"/>
      </object_component>
      <object_component id="oc-bbc">
         <name>.debug_pubtypes</name>
         <load_address>0x68f1c</load_address>
         <run_address>0x68f1c</run_address>
         <size>0x156c</size>
         <input_file_ref idref="fl-43"/>
      </object_component>
      <object_component id="oc-1035">
         <name>.debug_pubtypes</name>
         <load_address>0x6a488</load_address>
         <run_address>0x6a488</run_address>
         <size>0x54</size>
         <input_file_ref idref="fl-43"/>
      </object_component>
      <object_component id="oc-101c">
         <name>.debug_pubtypes</name>
         <load_address>0x6a4dc</load_address>
         <run_address>0x6a4dc</run_address>
         <size>0x31</size>
         <input_file_ref idref="fl-43"/>
      </object_component>
      <object_component id="oc-c44">
         <name>.debug_pubtypes</name>
         <load_address>0x6a50d</load_address>
         <run_address>0x6a50d</run_address>
         <size>0x5da</size>
         <input_file_ref idref="fl-47"/>
      </object_component>
      <object_component id="oc-c4e">
         <name>.debug_pubtypes</name>
         <load_address>0x6aae7</load_address>
         <run_address>0x6aae7</run_address>
         <size>0x553</size>
         <input_file_ref idref="fl-47"/>
      </object_component>
      <object_component id="oc-c49">
         <name>.debug_pubtypes</name>
         <load_address>0x6b03a</load_address>
         <run_address>0x6b03a</run_address>
         <size>0x156c</size>
         <input_file_ref idref="fl-47"/>
      </object_component>
      <object_component id="oc-c71">
         <name>.debug_pubtypes</name>
         <load_address>0x6c5a6</load_address>
         <run_address>0x6c5a6</run_address>
         <size>0x156c</size>
         <input_file_ref idref="fl-48"/>
      </object_component>
      <object_component id="oc-1015">
         <name>.debug_pubtypes</name>
         <load_address>0x6db12</load_address>
         <run_address>0x6db12</run_address>
         <size>0x3c3</size>
         <input_file_ref idref="fl-49"/>
      </object_component>
      <object_component id="oc-ba0">
         <name>.debug_pubtypes</name>
         <load_address>0x6ded5</load_address>
         <run_address>0x6ded5</run_address>
         <size>0x156c</size>
         <input_file_ref idref="fl-49"/>
      </object_component>
      <object_component id="oc-eef">
         <name>.debug_pubtypes</name>
         <load_address>0x6f441</load_address>
         <run_address>0x6f441</run_address>
         <size>0x6a5</size>
         <input_file_ref idref="fl-4a"/>
      </object_component>
      <object_component id="oc-ef4">
         <name>.debug_pubtypes</name>
         <load_address>0x6fae6</load_address>
         <run_address>0x6fae6</run_address>
         <size>0x156c</size>
         <input_file_ref idref="fl-4a"/>
      </object_component>
      <object_component id="oc-28d">
         <name>.debug_pubtypes</name>
         <load_address>0x71052</load_address>
         <run_address>0x71052</run_address>
         <size>0x680</size>
         <input_file_ref idref="fl-4b"/>
      </object_component>
      <object_component id="oc-292">
         <name>.debug_pubtypes</name>
         <load_address>0x716d2</load_address>
         <run_address>0x716d2</run_address>
         <size>0x577</size>
         <input_file_ref idref="fl-4b"/>
      </object_component>
      <object_component id="oc-1495">
         <name>.debug_pubtypes</name>
         <load_address>0x71c49</load_address>
         <run_address>0x71c49</run_address>
         <size>0x3f</size>
         <input_file_ref idref="fl-4b"/>
      </object_component>
      <object_component id="oc-288">
         <name>.debug_pubtypes</name>
         <load_address>0x71c88</load_address>
         <run_address>0x71c88</run_address>
         <size>0x156c</size>
         <input_file_ref idref="fl-4b"/>
      </object_component>
      <object_component id="oc-147f">
         <name>.debug_pubtypes</name>
         <load_address>0x731f4</load_address>
         <run_address>0x731f4</run_address>
         <size>0x4c6</size>
         <input_file_ref idref="fl-4c"/>
      </object_component>
      <object_component id="oc-147a">
         <name>.debug_pubtypes</name>
         <load_address>0x736ba</load_address>
         <run_address>0x736ba</run_address>
         <size>0x156c</size>
         <input_file_ref idref="fl-4c"/>
      </object_component>
      <object_component id="oc-13a8">
         <name>.debug_pubtypes</name>
         <load_address>0x74c26</load_address>
         <run_address>0x74c26</run_address>
         <size>0x3b9</size>
         <input_file_ref idref="fl-4d"/>
      </object_component>
      <object_component id="oc-fff">
         <name>.debug_pubtypes</name>
         <load_address>0x74fdf</load_address>
         <run_address>0x74fdf</run_address>
         <size>0x6da</size>
         <input_file_ref idref="fl-4d"/>
      </object_component>
      <object_component id="oc-13a1">
         <name>.debug_pubtypes</name>
         <load_address>0x756b9</load_address>
         <run_address>0x756b9</run_address>
         <size>0x156c</size>
         <input_file_ref idref="fl-4d"/>
      </object_component>
      <object_component id="oc-1921">
         <name>.debug_pubtypes</name>
         <load_address>0x76c25</load_address>
         <run_address>0x76c25</run_address>
         <size>0x3df</size>
         <input_file_ref idref="fl-4f"/>
      </object_component>
      <object_component id="oc-191c">
         <name>.debug_pubtypes</name>
         <load_address>0x77004</load_address>
         <run_address>0x77004</run_address>
         <size>0x156c</size>
         <input_file_ref idref="fl-4f"/>
      </object_component>
      <object_component id="oc-a49">
         <name>.debug_pubtypes</name>
         <load_address>0x78570</load_address>
         <run_address>0x78570</run_address>
         <size>0x1f</size>
         <input_file_ref idref="fl-115"/>
      </object_component>
      <object_component id="oc-263">
         <name>.debug_pubtypes</name>
         <load_address>0x7858f</load_address>
         <run_address>0x7858f</run_address>
         <size>0x1b</size>
         <input_file_ref idref="fl-116"/>
      </object_component>
      <object_component id="oc-3a">
         <name>.debug_pubtypes</name>
         <load_address>0x785aa</load_address>
         <run_address>0x785aa</run_address>
         <size>0x5d</size>
         <input_file_ref idref="fl-117"/>
      </object_component>
      <object_component id="oc-8a">
         <name>.debug_pubtypes</name>
         <load_address>0x78607</load_address>
         <run_address>0x78607</run_address>
         <size>0x42</size>
         <input_file_ref idref="fl-117"/>
      </object_component>
      <object_component id="oc-4a">
         <name>.debug_pubtypes</name>
         <load_address>0x78649</load_address>
         <run_address>0x78649</run_address>
         <size>0x48</size>
         <input_file_ref idref="fl-118"/>
      </object_component>
      <object_component id="oc-91">
         <name>.debug_pubtypes</name>
         <load_address>0x78691</load_address>
         <run_address>0x78691</run_address>
         <size>0x1d</size>
         <input_file_ref idref="fl-118"/>
      </object_component>
      <object_component id="oc-56">
         <name>.debug_pubtypes</name>
         <load_address>0x786ae</load_address>
         <run_address>0x786ae</run_address>
         <size>0x48</size>
         <input_file_ref idref="fl-119"/>
      </object_component>
      <object_component id="oc-99">
         <name>.debug_pubtypes</name>
         <load_address>0x786f6</load_address>
         <run_address>0x786f6</run_address>
         <size>0x1d</size>
         <input_file_ref idref="fl-119"/>
      </object_component>
      <object_component id="oc-30e">
         <name>.debug_pubtypes</name>
         <load_address>0x78713</load_address>
         <run_address>0x78713</run_address>
         <size>0x23</size>
         <input_file_ref idref="fl-11a"/>
      </object_component>
      <object_component id="oc-67f">
         <name>.debug_pubtypes</name>
         <load_address>0x78736</load_address>
         <run_address>0x78736</run_address>
         <size>0x2c</size>
         <input_file_ref idref="fl-11a"/>
      </object_component>
      <object_component id="oc-313">
         <name>.debug_pubtypes</name>
         <load_address>0x78762</load_address>
         <run_address>0x78762</run_address>
         <size>0x50</size>
         <input_file_ref idref="fl-11a"/>
      </object_component>
      <object_component id="oc-e78">
         <name>.debug_pubtypes</name>
         <load_address>0x787b2</load_address>
         <run_address>0x787b2</run_address>
         <size>0x1f</size>
         <input_file_ref idref="fl-11b"/>
      </object_component>
      <object_component id="oc-e73">
         <name>.debug_pubtypes</name>
         <load_address>0x787d1</load_address>
         <run_address>0x787d1</run_address>
         <size>0x2b</size>
         <input_file_ref idref="fl-11b"/>
      </object_component>
      <object_component id="oc-540">
         <name>.debug_pubtypes</name>
         <load_address>0x787fc</load_address>
         <run_address>0x787fc</run_address>
         <size>0x1f</size>
         <input_file_ref idref="fl-11f"/>
      </object_component>
      <object_component id="oc-111c">
         <name>.debug_pubtypes</name>
         <load_address>0x7881b</load_address>
         <run_address>0x7881b</run_address>
         <size>0x1e</size>
         <input_file_ref idref="fl-127"/>
      </object_component>
      <object_component id="oc-849">
         <name>.debug_pubtypes</name>
         <load_address>0x78839</load_address>
         <run_address>0x78839</run_address>
         <size>0x1d</size>
         <input_file_ref idref="fl-128"/>
      </object_component>
      <object_component id="oc-84e">
         <name>.debug_pubtypes</name>
         <load_address>0x78856</load_address>
         <run_address>0x78856</run_address>
         <size>0x1d</size>
         <input_file_ref idref="fl-128"/>
      </object_component>
      <object_component id="oc-1098">
         <name>.debug_pubtypes</name>
         <load_address>0x78873</load_address>
         <run_address>0x78873</run_address>
         <size>0x47</size>
         <input_file_ref idref="fl-12c"/>
      </object_component>
      <object_component id="oc-1093">
         <name>.debug_pubtypes</name>
         <load_address>0x788ba</load_address>
         <run_address>0x788ba</run_address>
         <size>0x1c</size>
         <input_file_ref idref="fl-12c"/>
      </object_component>
      <object_component id="oc-d29">
         <name>.debug_pubtypes</name>
         <load_address>0x788d6</load_address>
         <run_address>0x788d6</run_address>
         <size>0x1e</size>
         <input_file_ref idref="fl-130"/>
      </object_component>
      <object_component id="oc-1134">
         <name>.debug_pubtypes</name>
         <load_address>0x788f4</load_address>
         <run_address>0x788f4</run_address>
         <size>0x3b</size>
         <input_file_ref idref="fl-130"/>
      </object_component>
      <object_component id="oc-d2e">
         <name>.debug_pubtypes</name>
         <load_address>0x7892f</load_address>
         <run_address>0x7892f</run_address>
         <size>0x27</size>
         <input_file_ref idref="fl-130"/>
      </object_component>
   </object_component_list>
   <logical_group_list>
      <logical_group id="lg-2" display="no" color="cyan">
         <name>.text</name>
         <load_address>0x40</load_address>
         <run_address>0x40</run_address>
         <size>0xe66a</size>
         <contents>
            <object_component_ref idref="oc-840"/>
            <object_component_ref idref="oc-6d0"/>
            <object_component_ref idref="oc-46c"/>
            <object_component_ref idref="oc-17f1"/>
            <object_component_ref idref="oc-9d5"/>
            <object_component_ref idref="oc-a99"/>
            <object_component_ref idref="oc-4b3"/>
            <object_component_ref idref="oc-95c"/>
            <object_component_ref idref="oc-df6"/>
            <object_component_ref idref="oc-115c"/>
            <object_component_ref idref="oc-c75"/>
            <object_component_ref idref="oc-1226"/>
            <object_component_ref idref="oc-404"/>
            <object_component_ref idref="oc-4f5"/>
            <object_component_ref idref="oc-b25"/>
            <object_component_ref idref="oc-fc7"/>
            <object_component_ref idref="oc-14c8"/>
            <object_component_ref idref="oc-14c2"/>
            <object_component_ref idref="oc-3a5"/>
            <object_component_ref idref="oc-8d0"/>
            <object_component_ref idref="oc-24f"/>
            <object_component_ref idref="oc-5f7"/>
            <object_component_ref idref="oc-4e9"/>
            <object_component_ref idref="oc-cda"/>
            <object_component_ref idref="oc-dfc"/>
            <object_component_ref idref="oc-390"/>
            <object_component_ref idref="oc-49c"/>
            <object_component_ref idref="oc-472"/>
            <object_component_ref idref="oc-d03"/>
            <object_component_ref idref="oc-10f2"/>
            <object_component_ref idref="oc-247"/>
            <object_component_ref idref="oc-aee"/>
            <object_component_ref idref="oc-35c"/>
            <object_component_ref idref="oc-415"/>
            <object_component_ref idref="oc-23f"/>
            <object_component_ref idref="oc-a0a"/>
            <object_component_ref idref="oc-fa4"/>
            <object_component_ref idref="oc-15d2"/>
            <object_component_ref idref="oc-a81"/>
            <object_component_ref idref="oc-a1b"/>
            <object_component_ref idref="oc-901"/>
            <object_component_ref idref="oc-a7b"/>
            <object_component_ref idref="oc-123c"/>
            <object_component_ref idref="oc-a87"/>
            <object_component_ref idref="oc-33b"/>
            <object_component_ref idref="oc-1716"/>
            <object_component_ref idref="oc-ce9"/>
            <object_component_ref idref="oc-f98"/>
            <object_component_ref idref="oc-858"/>
            <object_component_ref idref="oc-478"/>
            <object_component_ref idref="oc-12d6"/>
            <object_component_ref idref="oc-13ac"/>
            <object_component_ref idref="oc-da6"/>
            <object_component_ref idref="oc-4fb"/>
            <object_component_ref idref="oc-179d"/>
            <object_component_ref idref="oc-376"/>
            <object_component_ref idref="oc-ce4"/>
            <object_component_ref idref="oc-d0e"/>
            <object_component_ref idref="oc-4bf"/>
            <object_component_ref idref="oc-697"/>
            <object_component_ref idref="oc-16c4"/>
            <object_component_ref idref="oc-328"/>
            <object_component_ref idref="oc-1548"/>
            <object_component_ref idref="oc-1242"/>
            <object_component_ref idref="oc-496"/>
            <object_component_ref idref="oc-4d1"/>
            <object_component_ref idref="oc-ac"/>
            <object_component_ref idref="oc-6a4"/>
            <object_component_ref idref="oc-f1d"/>
            <object_component_ref idref="oc-8c4"/>
            <object_component_ref idref="oc-e65"/>
            <object_component_ref idref="oc-4b9"/>
            <object_component_ref idref="oc-bcf"/>
            <object_component_ref idref="oc-a6f"/>
            <object_component_ref idref="oc-12b8"/>
            <object_component_ref idref="oc-a8d"/>
            <object_component_ref idref="oc-907"/>
            <object_component_ref idref="oc-4dd"/>
            <object_component_ref idref="oc-10a5"/>
            <object_component_ref idref="oc-141e"/>
            <object_component_ref idref="oc-1074"/>
            <object_component_ref idref="oc-fd3"/>
            <object_component_ref idref="oc-f17"/>
            <object_component_ref idref="oc-4c5"/>
            <object_component_ref idref="oc-1425"/>
            <object_component_ref idref="oc-1454"/>
            <object_component_ref idref="oc-fbb"/>
            <object_component_ref idref="oc-156c"/>
            <object_component_ref idref="oc-184c"/>
            <object_component_ref idref="oc-5c"/>
            <object_component_ref idref="oc-1896"/>
            <object_component_ref idref="oc-162c"/>
            <object_component_ref idref="oc-43"/>
            <object_component_ref idref="oc-1507"/>
            <object_component_ref idref="oc-37c"/>
            <object_component_ref idref="oc-16eb"/>
            <object_component_ref idref="oc-7a8"/>
            <object_component_ref idref="oc-4e3"/>
            <object_component_ref idref="oc-17fe"/>
            <object_component_ref idref="oc-1605"/>
            <object_component_ref idref="oc-4d7"/>
            <object_component_ref idref="oc-4cb"/>
            <object_component_ref idref="oc-40f"/>
            <object_component_ref idref="oc-16f1"/>
            <object_component_ref idref="oc-f75"/>
            <object_component_ref idref="oc-14f6"/>
            <object_component_ref idref="oc-689"/>
            <object_component_ref idref="oc-f8c"/>
            <object_component_ref idref="oc-94a"/>
            <object_component_ref idref="oc-e25"/>
            <object_component_ref idref="oc-e1f"/>
            <object_component_ref idref="oc-faa"/>
            <object_component_ref idref="oc-105b"/>
            <object_component_ref idref="oc-fb5"/>
            <object_component_ref idref="oc-159f"/>
            <object_component_ref idref="oc-1211"/>
            <object_component_ref idref="oc-cdf"/>
            <object_component_ref idref="oc-cee"/>
            <object_component_ref idref="oc-1347"/>
            <object_component_ref idref="oc-1261"/>
            <object_component_ref idref="oc-161c"/>
            <object_component_ref idref="oc-1644"/>
            <object_component_ref idref="oc-9a3"/>
            <object_component_ref idref="oc-f05"/>
            <object_component_ref idref="oc-fdf"/>
            <object_component_ref idref="oc-163e"/>
            <object_component_ref idref="oc-4f"/>
            <object_component_ref idref="oc-9db"/>
            <object_component_ref idref="oc-8f4"/>
            <object_component_ref idref="oc-1632"/>
            <object_component_ref idref="oc-15e5"/>
            <object_component_ref idref="oc-1855"/>
            <object_component_ref idref="oc-4ef"/>
            <object_component_ref idref="oc-8dc"/>
            <object_component_ref idref="oc-c1d"/>
            <object_component_ref idref="oc-a21"/>
            <object_component_ref idref="oc-1484"/>
            <object_component_ref idref="oc-9a9"/>
            <object_component_ref idref="oc-9af"/>
            <object_component_ref idref="oc-de4"/>
            <object_component_ref idref="oc-16b6"/>
            <object_component_ref idref="oc-427"/>
            <object_component_ref idref="oc-1573"/>
            <object_component_ref idref="oc-1105"/>
            <object_component_ref idref="oc-18bf"/>
            <object_component_ref idref="oc-1830"/>
            <object_component_ref idref="oc-187f"/>
            <object_component_ref idref="oc-7a2"/>
            <object_component_ref idref="oc-98d"/>
            <object_component_ref idref="oc-13"/>
            <object_component_ref idref="oc-12ee"/>
            <object_component_ref idref="oc-1081"/>
            <object_component_ref idref="oc-f92"/>
            <object_component_ref idref="oc-39c"/>
            <object_component_ref idref="oc-fe5"/>
            <object_component_ref idref="oc-926"/>
            <object_component_ref idref="oc-8e8"/>
            <object_component_ref idref="oc-8fa"/>
            <object_component_ref idref="oc-932"/>
            <object_component_ref idref="oc-938"/>
            <object_component_ref idref="oc-92c"/>
            <object_component_ref idref="oc-956"/>
            <object_component_ref idref="oc-944"/>
            <object_component_ref idref="oc-93e"/>
            <object_component_ref idref="oc-8ee"/>
            <object_component_ref idref="oc-8e2"/>
            <object_component_ref idref="oc-919"/>
            <object_component_ref idref="oc-90d"/>
            <object_component_ref idref="oc-91f"/>
            <object_component_ref idref="oc-913"/>
            <object_component_ref idref="oc-8ca"/>
            <object_component_ref idref="oc-e02"/>
            <object_component_ref idref="oc-dc0"/>
            <object_component_ref idref="oc-dd2"/>
            <object_component_ref idref="oc-db4"/>
            <object_component_ref idref="oc-d08"/>
            <object_component_ref idref="oc-173c"/>
            <object_component_ref idref="oc-708"/>
            <object_component_ref idref="oc-993"/>
            <object_component_ref idref="oc-999"/>
            <object_component_ref idref="oc-da0"/>
            <object_component_ref idref="oc-c5c"/>
            <object_component_ref idref="oc-1fd"/>
            <object_component_ref idref="oc-9b5"/>
            <object_component_ref idref="oc-963"/>
            <object_component_ref idref="oc-987"/>
            <object_component_ref idref="oc-dd8"/>
            <object_component_ref idref="oc-525"/>
            <object_component_ref idref="oc-153a"/>
            <object_component_ref idref="oc-7ee"/>
            <object_component_ref idref="oc-f62"/>
            <object_component_ref idref="oc-18f2"/>
            <object_component_ref idref="oc-11ff"/>
            <object_component_ref idref="oc-221"/>
            <object_component_ref idref="oc-10ea"/>
            <object_component_ref idref="oc-17f8"/>
            <object_component_ref idref="oc-133b"/>
            <object_component_ref idref="oc-12ca"/>
            <object_component_ref idref="oc-484"/>
            <object_component_ref idref="oc-48a"/>
            <object_component_ref idref="oc-25"/>
            <object_component_ref idref="oc-b4c"/>
            <object_component_ref idref="oc-16aa"/>
            <object_component_ref idref="oc-720"/>
            <object_component_ref idref="oc-341"/>
            <object_component_ref idref="oc-1296"/>
            <object_component_ref idref="oc-277"/>
            <object_component_ref idref="oc-cf8"/>
            <object_component_ref idref="oc-152b"/>
            <object_component_ref idref="oc-8a2"/>
            <object_component_ref idref="oc-c6"/>
            <object_component_ref idref="oc-755"/>
            <object_component_ref idref="oc-feb"/>
            <object_component_ref idref="oc-20f"/>
            <object_component_ref idref="oc-f11"/>
            <object_component_ref idref="oc-d6f"/>
            <object_component_ref idref="oc-1205"/>
            <object_component_ref idref="oc-a5"/>
            <object_component_ref idref="oc-1925"/>
            <object_component_ref idref="oc-d1a"/>
            <object_component_ref idref="oc-9f"/>
            <object_component_ref idref="oc-10d8"/>
            <object_component_ref idref="oc-14d4"/>
            <object_component_ref idref="oc-1252"/>
            <object_component_ref idref="oc-106e"/>
            <object_component_ref idref="oc-852"/>
            <object_component_ref idref="oc-cf3"/>
            <object_component_ref idref="oc-125b"/>
            <object_component_ref idref="oc-1542"/>
            <object_component_ref idref="oc-a69"/>
            <object_component_ref idref="oc-17ad"/>
            <object_component_ref idref="oc-1626"/>
            <object_component_ref idref="oc-386"/>
            <object_component_ref idref="oc-1f7"/>
            <object_component_ref idref="oc-ad8"/>
            <object_component_ref idref="oc-144d"/>
            <object_component_ref idref="oc-1652"/>
            <object_component_ref idref="oc-227"/>
            <object_component_ref idref="oc-189c"/>
            <object_component_ref idref="oc-1353"/>
            <object_component_ref idref="oc-15c9"/>
            <object_component_ref idref="oc-6b6"/>
            <object_component_ref idref="oc-15bd"/>
            <object_component_ref idref="oc-1375"/>
            <object_component_ref idref="oc-fcd"/>
            <object_component_ref idref="oc-8b4"/>
            <object_component_ref idref="oc-f42"/>
            <object_component_ref idref="oc-16bd"/>
            <object_component_ref idref="oc-c99"/>
            <object_component_ref idref="oc-1559"/>
            <object_component_ref idref="oc-490"/>
            <object_component_ref idref="oc-6d6"/>
            <object_component_ref idref="oc-a75"/>
            <object_component_ref idref="oc-683"/>
            <object_component_ref idref="oc-b31"/>
            <object_component_ref idref="oc-1638"/>
            <object_component_ref idref="oc-34e"/>
            <object_component_ref idref="oc-355"/>
            <object_component_ref idref="oc-12d0"/>
            <object_component_ref idref="oc-40a"/>
            <object_component_ref idref="oc-a63"/>
            <object_component_ref idref="oc-7db"/>
            <object_component_ref idref="oc-d5d"/>
            <object_component_ref idref="oc-c8d"/>
            <object_component_ref idref="oc-fd9"/>
            <object_component_ref idref="oc-134d"/>
            <object_component_ref idref="oc-6bc"/>
            <object_component_ref idref="oc-969"/>
            <object_component_ref idref="oc-8be"/>
            <object_component_ref idref="oc-dde"/>
            <object_component_ref idref="oc-dae"/>
            <object_component_ref idref="oc-dc6"/>
            <object_component_ref idref="oc-dcc"/>
            <object_component_ref idref="oc-dba"/>
            <object_component_ref idref="oc-f7e"/>
            <object_component_ref idref="oc-a93"/>
            <object_component_ref idref="oc-188c"/>
            <object_component_ref idref="oc-15f8"/>
            <object_component_ref idref="oc-215"/>
            <object_component_ref idref="oc-11d4"/>
            <object_component_ref idref="oc-18e3"/>
            <object_component_ref idref="oc-68f"/>
            <object_component_ref idref="oc-b5e"/>
            <object_component_ref idref="oc-6f6"/>
            <object_component_ref idref="oc-6fc"/>
            <object_component_ref idref="oc-448"/>
            <object_component_ref idref="oc-460"/>
            <object_component_ref idref="oc-96f"/>
            <object_component_ref idref="oc-975"/>
            <object_component_ref idref="oc-97b"/>
            <object_component_ref idref="oc-d7b"/>
            <object_component_ref idref="oc-d75"/>
            <object_component_ref idref="oc-8ae"/>
            <object_component_ref idref="oc-cb1"/>
            <object_component_ref idref="oc-806"/>
            <object_component_ref idref="oc-c0b"/>
            <object_component_ref idref="oc-11ac"/>
            <object_component_ref idref="oc-113e"/>
            <object_component_ref idref="oc-43c"/>
            <object_component_ref idref="oc-10b1"/>
            <object_component_ref idref="oc-14da"/>
            <object_component_ref idref="oc-1592"/>
            <object_component_ref idref="oc-829"/>
            <object_component_ref idref="oc-878"/>
            <object_component_ref idref="oc-898"/>
            <object_component_ref idref="oc-b4"/>
            <object_component_ref idref="oc-cfe"/>
            <object_component_ref idref="oc-6f0"/>
            <object_component_ref idref="oc-209"/>
            <object_component_ref idref="oc-122f"/>
            <object_component_ref idref="oc-6c2"/>
            <object_component_ref idref="oc-127e"/>
            <object_component_ref idref="oc-12b2"/>
            <object_component_ref idref="oc-10fa"/>
            <object_component_ref idref="oc-777"/>
            <object_component_ref idref="oc-7e1"/>
            <object_component_ref idref="oc-14ae"/>
            <object_component_ref idref="oc-121a"/>
            <object_component_ref idref="oc-132f"/>
            <object_component_ref idref="oc-148a"/>
            <object_component_ref idref="oc-6b0"/>
            <object_component_ref idref="oc-f23"/>
            <object_component_ref idref="oc-117c"/>
            <object_component_ref idref="oc-8d6"/>
            <object_component_ref idref="oc-950"/>
            <object_component_ref idref="oc-e08"/>
            <object_component_ref idref="oc-df0"/>
            <object_component_ref idref="oc-dea"/>
            <object_component_ref idref="oc-e5f"/>
            <object_component_ref idref="oc-9c0"/>
            <object_component_ref idref="oc-11f9"/>
            <object_component_ref idref="oc-1584"/>
            <object_component_ref idref="oc-80"/>
            <object_component_ref idref="oc-1910"/>
            <object_component_ref idref="oc-69e"/>
            <object_component_ref idref="oc-6de"/>
            <object_component_ref idref="oc-15c3"/>
            <object_component_ref idref="oc-f48"/>
            <object_component_ref idref="oc-f54"/>
            <object_component_ref idref="oc-1308"/>
            <object_component_ref idref="oc-137b"/>
            <object_component_ref idref="oc-1387"/>
            <object_component_ref idref="oc-e34"/>
            <object_component_ref idref="oc-466"/>
            <object_component_ref idref="oc-d88"/>
            <object_component_ref idref="oc-17d6"/>
            <object_component_ref idref="oc-c93"/>
            <object_component_ref idref="oc-cb8"/>
            <object_component_ref idref="oc-aff"/>
            <object_component_ref idref="oc-1144"/>
            <object_component_ref idref="oc-10b7"/>
            <object_component_ref idref="oc-11f3"/>
            <object_component_ref idref="oc-1837"/>
            <object_component_ref idref="oc-d66"/>
            <object_component_ref idref="oc-7f6"/>
            <object_component_ref idref="oc-70e"/>
            <object_component_ref idref="oc-128a"/>
            <object_component_ref idref="oc-12a9"/>
            <object_component_ref idref="oc-1321"/>
            <object_component_ref idref="oc-10cb"/>
            <object_component_ref idref="oc-7b"/>
            <object_component_ref idref="oc-1de"/>
            <object_component_ref idref="oc-11b2"/>
            <object_component_ref idref="oc-14e0"/>
            <object_component_ref idref="oc-1784"/>
            <object_component_ref idref="oc-13cd"/>
            <object_component_ref idref="oc-175b"/>
            <object_component_ref idref="oc-18d4"/>
            <object_component_ref idref="oc-11ed"/>
            <object_component_ref idref="oc-124d"/>
            <object_component_ref idref="oc-203"/>
            <object_component_ref idref="oc-32e"/>
            <object_component_ref idref="oc-12be"/>
            <object_component_ref idref="oc-d20"/>
            <object_component_ref idref="oc-1754"/>
            <object_component_ref idref="oc-883"/>
            <object_component_ref idref="oc-140a"/>
            <object_component_ref idref="oc-17ea"/>
            <object_component_ref idref="oc-823"/>
            <object_component_ref idref="oc-c17"/>
            <object_component_ref idref="oc-b8a"/>
            <object_component_ref idref="oc-b98"/>
            <object_component_ref idref="oc-26d"/>
            <object_component_ref idref="oc-44e"/>
            <object_component_ref idref="oc-157b"/>
            <object_component_ref idref="oc-18c5"/>
            <object_component_ref idref="oc-454"/>
            <object_component_ref idref="oc-714"/>
            <object_component_ref idref="oc-6e4"/>
            <object_component_ref idref="oc-362"/>
            <object_component_ref idref="oc-15b7"/>
            <object_component_ref idref="oc-45a"/>
            <object_component_ref idref="oc-f4e"/>
            <object_component_ref idref="oc-61"/>
            <object_component_ref idref="oc-10d1"/>
            <object_component_ref idref="oc-ec5"/>
            <object_component_ref idref="oc-1524"/>
            <object_component_ref idref="oc-107a"/>
            <object_component_ref idref="oc-14f0"/>
            <object_component_ref idref="oc-11b8"/>
            <object_component_ref idref="oc-114a"/>
            <object_component_ref idref="oc-10bd"/>
            <object_component_ref idref="oc-10ab"/>
            <object_component_ref idref="oc-14e6"/>
            <object_component_ref idref="oc-ebf"/>
            <object_component_ref idref="oc-eb9"/>
            <object_component_ref idref="oc-9c9"/>
            <object_component_ref idref="oc-396"/>
            <object_component_ref idref="oc-67"/>
            <object_component_ref idref="oc-b84"/>
            <object_component_ref idref="oc-131a"/>
            <object_component_ref idref="oc-129d"/>
            <object_component_ref idref="oc-12a3"/>
            <object_component_ref idref="oc-1327"/>
            <object_component_ref idref="oc-d14"/>
            <object_component_ref idref="oc-80c"/>
            <object_component_ref idref="oc-6ea"/>
            <object_component_ref idref="oc-368"/>
            <object_component_ref idref="oc-1886"/>
            <object_component_ref idref="oc-f5a"/>
            <object_component_ref idref="oc-d81"/>
            <object_component_ref idref="oc-a40"/>
            <object_component_ref idref="oc-1120"/>
            <object_component_ref idref="oc-1087"/>
            <object_component_ref idref="oc-41b"/>
            <object_component_ref idref="oc-151a"/>
            <object_component_ref idref="oc-1439"/>
            <object_component_ref idref="oc-ac1"/>
            <object_component_ref idref="oc-14fd"/>
            <object_component_ref idref="oc-17b4"/>
            <object_component_ref idref="oc-1341"/>
            <object_component_ref idref="oc-12e8"/>
            <object_component_ref idref="oc-1194"/>
            <object_component_ref idref="oc-120b"/>
            <object_component_ref idref="oc-31c"/>
            <object_component_ref idref="oc-f85"/>
            <object_component_ref idref="oc-442"/>
            <object_component_ref idref="oc-1278"/>
            <object_component_ref idref="oc-15b1"/>
            <object_component_ref idref="oc-15d8"/>
            <object_component_ref idref="oc-f0b"/>
            <object_component_ref idref="oc-1365"/>
            <object_component_ref idref="oc-af9"/>
            <object_component_ref idref="oc-cbe"/>
            <object_component_ref idref="oc-22d"/>
            <object_component_ref idref="oc-13bc"/>
            <object_component_ref idref="oc-cc"/>
            <object_component_ref idref="oc-146f"/>
            <object_component_ref idref="oc-1414"/>
            <object_component_ref idref="oc-183f"/>
            <object_component_ref idref="oc-b13"/>
            <object_component_ref idref="oc-150d"/>
            <object_component_ref idref="oc-b19"/>
            <object_component_ref idref="oc-3ac"/>
            <object_component_ref idref="oc-7cf"/>
            <object_component_ref idref="oc-1156"/>
            <object_component_ref idref="oc-18ea"/>
            <object_component_ref idref="oc-702"/>
            <object_component_ref idref="oc-155f"/>
            <object_component_ref idref="oc-1272"/>
            <object_component_ref idref="oc-15ab"/>
            <object_component_ref idref="oc-130e"/>
            <object_component_ref idref="oc-19"/>
            <object_component_ref idref="oc-13c5"/>
            <object_component_ref idref="oc-1447"/>
            <object_component_ref idref="oc-70"/>
            <object_component_ref idref="oc-b0d"/>
            <object_component_ref idref="oc-b2b"/>
            <object_component_ref idref="oc-1290"/>
            <object_component_ref idref="oc-1565"/>
            <object_component_ref idref="oc-eff"/>
            <object_component_ref idref="oc-b1f"/>
            <object_component_ref idref="oc-1284"/>
            <object_component_ref idref="oc-fc1"/>
            <object_component_ref idref="oc-1314"/>
            <object_component_ref idref="oc-160b"/>
            <object_component_ref idref="oc-1f"/>
            <object_component_ref idref="oc-b46"/>
            <object_component_ref idref="oc-740"/>
            <object_component_ref idref="oc-13d7"/>
            <object_component_ref idref="oc-79c"/>
            <object_component_ref idref="oc-1723"/>
            <object_component_ref idref="oc-a2e"/>
            <object_component_ref idref="oc-436"/>
            <object_component_ref idref="oc-15f2"/>
            <object_component_ref idref="oc-47e"/>
            <object_component_ref idref="oc-c11"/>
            <object_component_ref idref="oc-158c"/>
            <object_component_ref idref="oc-21b"/>
            <object_component_ref idref="oc-b40"/>
            <object_component_ref idref="oc-267"/>
            <object_component_ref idref="oc-75b"/>
            <object_component_ref idref="oc-bf5"/>
            <object_component_ref idref="oc-c81"/>
            <object_component_ref idref="oc-17ba"/>
            <object_component_ref idref="oc-f9e"/>
            <object_component_ref idref="oc-1163"/>
            <object_component_ref idref="oc-12fa"/>
            <object_component_ref idref="oc-421"/>
            <object_component_ref idref="oc-bfb"/>
            <object_component_ref idref="oc-c52"/>
            <object_component_ref idref="oc-1906"/>
            <object_component_ref idref="oc-1335"/>
            <object_component_ref idref="oc-12f4"/>
            <object_component_ref idref="oc-1220"/>
            <object_component_ref idref="oc-6aa"/>
            <object_component_ref idref="oc-12c4"/>
            <object_component_ref idref="oc-4ad"/>
            <object_component_ref idref="oc-12dc"/>
            <object_component_ref idref="oc-135f"/>
            <object_component_ref idref="oc-1742"/>
            <object_component_ref idref="oc-c9f"/>
            <object_component_ref idref="oc-1359"/>
            <object_component_ref idref="oc-1772"/>
            <object_component_ref idref="oc-15a5"/>
            <object_component_ref idref="oc-1381"/>
            <object_component_ref idref="oc-1616"/>
            <object_component_ref idref="oc-1748"/>
            <object_component_ref idref="oc-36e"/>
            <object_component_ref idref="oc-c67"/>
            <object_component_ref idref="oc-14ce"/>
            <object_component_ref idref="oc-1878"/>
            <object_component_ref idref="oc-bd5"/>
            <object_component_ref idref="oc-ca5"/>
            <object_component_ref idref="oc-11e7"/>
            <object_component_ref idref="oc-11a6"/>
            <object_component_ref idref="oc-1138"/>
            <object_component_ref idref="oc-109f"/>
            <object_component_ref idref="oc-1871"/>
            <object_component_ref idref="oc-cab"/>
            <object_component_ref idref="oc-c87"/>
            <object_component_ref idref="oc-14a2"/>
            <object_component_ref idref="oc-1441"/>
         </contents>
      </logical_group>
      <logical_group id="lg-3" display="no" color="cyan">
         <name>.const</name>
         <load_address>0xe6ac</load_address>
         <run_address>0xe6ac</run_address>
         <size>0x1fb4</size>
         <contents>
            <object_component_ref idref="oc-139b"/>
            <object_component_ref idref="oc-112a"/>
            <object_component_ref idref="oc-ff4"/>
            <object_component_ref idref="oc-16e0"/>
            <object_component_ref idref="oc-b7a"/>
            <object_component_ref idref="oc-a05"/>
            <object_component_ref idref="oc-38c"/>
            <object_component_ref idref="oc-f71"/>
            <object_component_ref idref="oc-b76"/>
            <object_component_ref idref="oc-11df"/>
            <object_component_ref idref="oc-73c"/>
            <object_component_ref idref="oc-8a9"/>
            <object_component_ref idref="oc-136b"/>
            <object_component_ref idref="oc-e8a"/>
            <object_component_ref idref="oc-d4c"/>
            <object_component_ref idref="oc-c7c"/>
            <object_component_ref idref="oc-1829"/>
            <object_component_ref idref="oc-1799"/>
            <object_component_ref idref="oc-793"/>
            <object_component_ref idref="oc-b6b"/>
            <object_component_ref idref="oc-f7b"/>
            <object_component_ref idref="oc-14a8"/>
            <object_component_ref idref="oc-889"/>
            <object_component_ref idref="oc-1410"/>
            <object_component_ref idref="oc-171c"/>
            <object_component_ref idref="oc-17a3"/>
            <object_component_ref idref="oc-bdb"/>
            <object_component_ref idref="oc-382"/>
            <object_component_ref idref="oc-3a2"/>
            <object_component_ref idref="oc-ee5"/>
            <object_component_ref idref="oc-e6e"/>
            <object_component_ref idref="oc-735"/>
            <object_component_ref idref="oc-16d7"/>
            <object_component_ref idref="oc-87f"/>
            <object_component_ref idref="oc-169e"/>
            <object_component_ref idref="oc-1049"/>
            <object_component_ref idref="oc-347"/>
            <object_component_ref idref="oc-337"/>
            <object_component_ref idref="oc-88d"/>
            <object_component_ref idref="oc-b6f"/>
            <object_component_ref idref="oc-ee0"/>
            <object_component_ref idref="oc-1931"/>
            <object_component_ref idref="oc-71d"/>
            <object_component_ref idref="oc-317"/>
            <object_component_ref idref="oc-ecc"/>
            <object_component_ref idref="oc-17e0"/>
            <object_component_ref idref="oc-167b"/>
            <object_component_ref idref="oc-1ea"/>
            <object_component_ref idref="oc-1f0"/>
            <object_component_ref idref="oc-1611"/>
            <object_component_ref idref="oc-7ca"/>
            <object_component_ref idref="oc-e95"/>
            <object_component_ref idref="oc-eb5"/>
            <object_component_ref idref="oc-1267"/>
            <object_component_ref idref="oc-ea9"/>
            <object_component_ref idref="oc-e9d"/>
            <object_component_ref idref="oc-eb1"/>
            <object_component_ref idref="oc-ead"/>
            <object_component_ref idref="oc-e92"/>
            <object_component_ref idref="oc-e99"/>
            <object_component_ref idref="oc-ea1"/>
            <object_component_ref idref="oc-ea5"/>
            <object_component_ref idref="oc-acb"/>
            <object_component_ref idref="oc-1520"/>
            <object_component_ref idref="oc-ad4"/>
            <object_component_ref idref="oc-306"/>
            <object_component_ref idref="oc-a9f"/>
            <object_component_ref idref="oc-ace"/>
            <object_component_ref idref="oc-ad1"/>
            <object_component_ref idref="oc-bf1"/>
            <object_component_ref idref="oc-10de"/>
            <object_component_ref idref="oc-10e1"/>
            <object_component_ref idref="oc-867"/>
            <object_component_ref idref="oc-86d"/>
            <object_component_ref idref="oc-870"/>
            <object_component_ref idref="oc-85e"/>
            <object_component_ref idref="oc-861"/>
            <object_component_ref idref="oc-864"/>
            <object_component_ref idref="oc-13ff"/>
            <object_component_ref idref="oc-1405"/>
            <object_component_ref idref="oc-13f6"/>
            <object_component_ref idref="oc-13f9"/>
            <object_component_ref idref="oc-13fc"/>
            <object_component_ref idref="oc-18d0"/>
            <object_component_ref idref="oc-1700"/>
            <object_component_ref idref="oc-1822"/>
            <object_component_ref idref="oc-1710"/>
            <object_component_ref idref="oc-1706"/>
            <object_component_ref idref="oc-1709"/>
            <object_component_ref idref="oc-16f7"/>
            <object_component_ref idref="oc-16fa"/>
            <object_component_ref idref="oc-16fd"/>
            <object_component_ref idref="oc-170c"/>
            <object_component_ref idref="oc-ac7"/>
            <object_component_ref idref="oc-181f"/>
            <object_component_ref idref="oc-185b"/>
            <object_component_ref idref="oc-832"/>
            <object_component_ref idref="oc-1864"/>
            <object_component_ref idref="oc-1861"/>
            <object_component_ref idref="oc-1867"/>
            <object_component_ref idref="oc-835"/>
            <object_component_ref idref="oc-789"/>
            <object_component_ref idref="oc-9bc"/>
            <object_component_ref idref="oc-838"/>
            <object_component_ref idref="oc-77d"/>
            <object_component_ref idref="oc-780"/>
            <object_component_ref idref="oc-783"/>
            <object_component_ref idref="oc-786"/>
            <object_component_ref idref="oc-1503"/>
            <object_component_ref idref="oc-7bd"/>
            <object_component_ref idref="oc-7e7"/>
            <object_component_ref idref="oc-7b7"/>
            <object_component_ref idref="oc-9c6"/>
            <object_component_ref idref="oc-7ea"/>
            <object_component_ref idref="oc-9cf"/>
            <object_component_ref idref="oc-13e0"/>
            <object_component_ref idref="oc-13dd"/>
            <object_component_ref idref="oc-c23"/>
            <object_component_ref idref="oc-7ae"/>
            <object_component_ref idref="oc-7b1"/>
            <object_component_ref idref="oc-7b4"/>
            <object_component_ref idref="oc-1513"/>
            <object_component_ref idref="oc-13d3"/>
            <object_component_ref idref="oc-7c0"/>
            <object_component_ref idref="oc-7c3"/>
            <object_component_ref idref="oc-1516"/>
            <object_component_ref idref="oc-b93"/>
            <object_component_ref idref="oc-76a"/>
            <object_component_ref idref="oc-764"/>
            <object_component_ref idref="oc-761"/>
            <object_component_ref idref="oc-767"/>
            <object_component_ref idref="oc-c07"/>
            <object_component_ref idref="oc-1661"/>
            <object_component_ref idref="oc-165e"/>
            <object_component_ref idref="oc-1664"/>
            <object_component_ref idref="oc-166a"/>
            <object_component_ref idref="oc-1667"/>
            <object_component_ref idref="oc-1004"/>
            <object_component_ref idref="oc-1670"/>
            <object_component_ref idref="oc-109c"/>
            <object_component_ref idref="oc-14bf"/>
            <object_component_ref idref="oc-13f0"/>
            <object_component_ref idref="oc-1658"/>
            <object_component_ref idref="oc-c01"/>
            <object_component_ref idref="oc-1ed"/>
            <object_component_ref idref="oc-ae5"/>
            <object_component_ref idref="oc-adf"/>
            <object_component_ref idref="oc-ae2"/>
            <object_component_ref idref="oc-3b8"/>
            <object_component_ref idref="oc-3b2"/>
            <object_component_ref idref="oc-52b"/>
            <object_component_ref idref="oc-89e"/>
            <object_component_ref idref="oc-ba"/>
            <object_component_ref idref="oc-1490"/>
            <object_component_ref idref="oc-10c7"/>
            <object_component_ref idref="oc-ffa"/>
            <object_component_ref idref="oc-14b7"/>
            <object_component_ref idref="oc-14ba"/>
            <object_component_ref idref="oc-14b4"/>
            <object_component_ref idref="oc-192d"/>
            <object_component_ref idref="oc-18e0"/>
            <object_component_ref idref="oc-86a"/>
            <object_component_ref idref="oc-1402"/>
            <object_component_ref idref="oc-18cd"/>
            <object_component_ref idref="oc-1703"/>
            <object_component_ref idref="oc-185e"/>
            <object_component_ref idref="oc-78c"/>
            <object_component_ref idref="oc-7ba"/>
            <object_component_ref idref="oc-76d"/>
            <object_component_ref idref="oc-165b"/>
            <object_component_ref idref="oc-1673"/>
            <object_component_ref idref="oc-c04"/>
            <object_component_ref idref="oc-52f"/>
            <object_component_ref idref="oc-16dc"/>
            <object_component_ref idref="oc-b90"/>
            <object_component_ref idref="oc-18da"/>
            <object_component_ref idref="oc-18dd"/>
         </contents>
      </logical_group>
      <logical_group id="lg-4" display="no" color="cyan">
         <name>.cinit</name>
         <load_address>0x10660</load_address>
         <run_address>0x10660</run_address>
         <size>0x2a8</size>
         <contents>
            <object_component_ref idref="oc-195b"/>
            <object_component_ref idref="oc-1959"/>
            <object_component_ref idref="oc-195c"/>
            <object_component_ref idref="oc-195d"/>
            <object_component_ref idref="oc-195a"/>
         </contents>
      </logical_group>
      <logical_group id="lg-5" display="no" color="cyan">
         <name>.pinit</name>
         <run_address>0x0</run_address>
         <size>0x0</size>
         <contents>
         </contents>
      </logical_group>
      <logical_group id="lg-6" display="no" color="cyan">
         <name>.init_array</name>
         <run_address>0x0</run_address>
         <size>0x0</size>
         <contents>
         </contents>
      </logical_group>
      <logical_group id="lg-7" display="no" color="cyan">
         <name>.data</name>
         <run_address>0x2000458c</run_address>
         <size>0x9a1</size>
         <contents>
            <object_component_ref idref="oc-728"/>
            <object_component_ref idref="oc-72b"/>
            <object_component_ref idref="oc-e0e"/>
            <object_component_ref idref="oc-e3a"/>
            <object_component_ref idref="oc-3bc"/>
            <object_component_ref idref="oc-126b"/>
            <object_component_ref idref="oc-1100"/>
            <object_component_ref idref="oc-5eb"/>
            <object_component_ref idref="oc-5ee"/>
            <object_component_ref idref="oc-5f1"/>
            <object_component_ref idref="oc-303"/>
            <object_component_ref idref="oc-f2e"/>
            <object_component_ref idref="oc-cc7"/>
            <object_component_ref idref="oc-1431"/>
            <object_component_ref idref="oc-1434"/>
            <object_component_ref idref="oc-10e4"/>
            <object_component_ref idref="oc-16d4"/>
            <object_component_ref idref="oc-a35"/>
            <object_component_ref idref="oc-169b"/>
            <object_component_ref idref="oc-803"/>
            <object_component_ref idref="oc-d4f"/>
            <object_component_ref idref="oc-1826"/>
            <object_component_ref idref="oc-ed1"/>
            <object_component_ref idref="oc-186b"/>
            <object_component_ref idref="oc-82f"/>
            <object_component_ref idref="oc-1046"/>
            <object_component_ref idref="oc-790"/>
            <object_component_ref idref="oc-cca"/>
            <object_component_ref idref="oc-cd5"/>
            <object_component_ref idref="oc-83b"/>
            <object_component_ref idref="oc-7d6"/>
            <object_component_ref idref="oc-1068"/>
            <object_component_ref idref="oc-c37"/>
            <object_component_ref idref="oc-c3a"/>
            <object_component_ref idref="oc-7c6"/>
            <object_component_ref idref="oc-166d"/>
            <object_component_ref idref="oc-1050"/>
            <object_component_ref idref="oc-18fd"/>
            <object_component_ref idref="oc-1f3"/>
            <object_component_ref idref="oc-3b5"/>
            <object_component_ref idref="oc-533"/>
            <object_component_ref idref="oc-273"/>
            <object_component_ref idref="oc-732"/>
            <object_component_ref idref="oc-739"/>
            <object_component_ref idref="oc-71a"/>
            <object_component_ref idref="oc-334"/>
            <object_component_ref idref="oc-6c8"/>
            <object_component_ref idref="oc-747"/>
            <object_component_ref idref="oc-53b"/>
            <object_component_ref idref="oc-e6b"/>
            <object_component_ref idref="oc-538"/>
            <object_component_ref idref="oc-6d"/>
         </contents>
      </logical_group>
      <logical_group id="lg-8" display="no" color="cyan">
         <name>.bss</name>
         <run_address>0x20000140</run_address>
         <size>0x4449</size>
         <contents>
            <object_component_ref idref="oc-981"/>
            <object_component_ref idref="oc-e4f"/>
            <object_component_ref idref="oc-13c2"/>
            <object_component_ref idref="oc-34a"/>
            <object_component_ref idref="oc-108d"/>
            <object_component_ref idref="oc-13e5"/>
            <object_component_ref idref="oc-b6e"/>
            <object_component_ref idref="oc-b79"/>
            <object_component_ref idref="oc-ff7"/>
            <object_component_ref idref="oc-233"/>
            <object_component_ref idref="oc-23c"/>
            <object_component_ref idref="oc-42e"/>
            <object_component_ref idref="oc-4a2"/>
            <object_component_ref idref="oc-42d"/>
            <object_component_ref idref="oc-4a4"/>
            <object_component_ref idref="oc-4a3"/>
            <object_component_ref idref="oc-116b"/>
            <object_component_ref idref="oc-434"/>
            <object_component_ref idref="oc-4a5"/>
            <object_component_ref idref="oc-116a"/>
            <object_component_ref idref="oc-1169"/>
            <object_component_ref idref="oc-42f"/>
            <object_component_ref idref="oc-4a8"/>
            <object_component_ref idref="oc-4a6"/>
            <object_component_ref idref="oc-4a7"/>
            <object_component_ref idref="oc-4a9"/>
            <object_component_ref idref="oc-4aa"/>
            <object_component_ref idref="oc-4ab"/>
            <object_component_ref idref="oc-430"/>
            <object_component_ref idref="oc-431"/>
            <object_component_ref idref="oc-432"/>
            <object_component_ref idref="oc-23e"/>
            <object_component_ref idref="oc-246"/>
            <object_component_ref idref="oc-24e"/>
            <object_component_ref idref="oc-9e1"/>
            <object_component_ref idref="oc-9e3"/>
            <object_component_ref idref="oc-9e4"/>
            <object_component_ref idref="oc-9e5"/>
            <object_component_ref idref="oc-9e6"/>
            <object_component_ref idref="oc-9e7"/>
            <object_component_ref idref="oc-9e8"/>
            <object_component_ref idref="oc-9e9"/>
            <object_component_ref idref="oc-9ea"/>
            <object_component_ref idref="oc-9eb"/>
            <object_component_ref idref="oc-9ed"/>
            <object_component_ref idref="oc-9ef"/>
            <object_component_ref idref="oc-9f1"/>
            <object_component_ref idref="oc-9f3"/>
            <object_component_ref idref="oc-9f9"/>
            <object_component_ref idref="oc-9fb"/>
            <object_component_ref idref="oc-9fd"/>
            <object_component_ref idref="oc-9f5"/>
            <object_component_ref idref="oc-9f7"/>
            <object_component_ref idref="oc-9fe"/>
            <object_component_ref idref="oc-9ff"/>
            <object_component_ref idref="oc-433"/>
            <object_component_ref idref="oc-9e2"/>
            <object_component_ref idref="oc-501"/>
            <object_component_ref idref="oc-502"/>
            <object_component_ref idref="oc-50a"/>
            <object_component_ref idref="oc-509"/>
            <object_component_ref idref="oc-504"/>
            <object_component_ref idref="oc-507"/>
            <object_component_ref idref="oc-508"/>
            <object_component_ref idref="oc-503"/>
            <object_component_ref idref="oc-9ec"/>
            <object_component_ref idref="oc-9ee"/>
            <object_component_ref idref="oc-9f0"/>
            <object_component_ref idref="oc-9f2"/>
            <object_component_ref idref="oc-9f4"/>
            <object_component_ref idref="oc-9f6"/>
            <object_component_ref idref="oc-9f8"/>
            <object_component_ref idref="oc-9fa"/>
            <object_component_ref idref="oc-9fc"/>
            <object_component_ref idref="oc-505"/>
            <object_component_ref idref="oc-506"/>
            <object_component_ref idref="oc-a00"/>
            <object_component_ref idref="oc-a02"/>
            <object_component_ref idref="oc-a01"/>
            <object_component_ref idref="oc-a03"/>
            <object_component_ref idref="oc-23d"/>
            <object_component_ref idref="oc-245"/>
            <object_component_ref idref="oc-24d"/>
            <object_component_ref idref="oc-e3f"/>
            <object_component_ref idref="oc-e3e"/>
            <object_component_ref idref="oc-e3d"/>
            <object_component_ref idref="oc-8ba"/>
            <object_component_ref idref="oc-900"/>
            <object_component_ref idref="oc-925"/>
            <object_component_ref idref="oc-11e2"/>
            <object_component_ref idref="oc-7fe"/>
            <object_component_ref idref="oc-5f4"/>
         </contents>
      </logical_group>
      <logical_group id="lg-9" display="no" color="cyan">
         <name>.sysmem</name>
         <run_address>0x0</run_address>
         <size>0x0</size>
         <contents>
         </contents>
      </logical_group>
      <logical_group id="lg-a" display="no" color="cyan">
         <name>.stack</name>
         <run_address>0x2000fd00</run_address>
         <size>0x300</size>
         <contents>
            <object_component_ref idref="oc-37"/>
            <object_component_ref idref="oc-195e"/>
         </contents>
      </logical_group>
      <logical_group id="lg-e" display="no" color="cyan">
         <name>.bootVecs</name>
         <run_address>0x0</run_address>
         <size>0x8</size>
         <contents>
            <object_component_ref idref="oc-5b"/>
         </contents>
      </logical_group>
      <logical_group id="lg-f" display="no" color="cyan">
         <name>.vecs</name>
         <run_address>0x20000000</run_address>
         <size>0x140</size>
         <contents>
            <object_component_ref idref="oc-34"/>
         </contents>
      </logical_group>
      <logical_group id="lg-10" display="no" color="cyan">
         <name>.resetVecs</name>
         <load_address>0x0</load_address>
         <run_address>0x0</run_address>
         <size>0x3c</size>
         <contents>
            <object_component_ref idref="oc-31"/>
         </contents>
      </logical_group>
      <logical_group id="lg-11" display="no" color="cyan">
         <name>xdc.meta</name>
         <load_address>0x0</load_address>
         <run_address>0x0</run_address>
         <size>0xe0</size>
         <contents>
            <object_component_ref idref="oc-2e"/>
         </contents>
      </logical_group>
      <logical_group id="lg-1938" display="no" color="cyan">
         <name>.TI.noinit</name>
         <run_address>0x0</run_address>
         <size>0x0</size>
         <contents>
         </contents>
      </logical_group>
      <logical_group id="lg-1939" display="no" color="cyan">
         <name>.TI.persistent</name>
         <run_address>0x0</run_address>
         <size>0x0</size>
         <contents>
         </contents>
      </logical_group>
      <logical_group id="lg-1949" display="never" color="cyan">
         <name>.debug_info</name>
         <load_address>0x0</load_address>
         <run_address>0x0</run_address>
         <size>0xdb0b5</size>
         <contents>
            <object_component_ref idref="oc-298"/>
            <object_component_ref idref="oc-729"/>
            <object_component_ref idref="oc-72c"/>
            <object_component_ref idref="oc-348"/>
            <object_component_ref idref="oc-b70"/>
            <object_component_ref idref="oc-736"/>
            <object_component_ref idref="oc-338"/>
            <object_component_ref idref="oc-ff5"/>
            <object_component_ref idref="oc-b7b"/>
            <object_component_ref idref="oc-73d"/>
            <object_component_ref idref="oc-20a"/>
            <object_component_ref idref="oc-204"/>
            <object_component_ref idref="oc-57d"/>
            <object_component_ref idref="oc-587"/>
            <object_component_ref idref="oc-5cd"/>
            <object_component_ref idref="oc-591"/>
            <object_component_ref idref="oc-58c"/>
            <object_component_ref idref="oc-1303"/>
            <object_component_ref idref="oc-efa"/>
            <object_component_ref idref="oc-56c"/>
            <object_component_ref idref="oc-df"/>
            <object_component_ref idref="oc-a58"/>
            <object_component_ref idref="oc-596"/>
            <object_component_ref idref="oc-59b"/>
            <object_component_ref idref="oc-5a0"/>
            <object_component_ref idref="oc-3c7"/>
            <object_component_ref idref="oc-5a5"/>
            <object_component_ref idref="oc-5aa"/>
            <object_component_ref idref="oc-5af"/>
            <object_component_ref idref="oc-5b4"/>
            <object_component_ref idref="oc-a53"/>
            <object_component_ref idref="oc-5b9"/>
            <object_component_ref idref="oc-5be"/>
            <object_component_ref idref="oc-5c3"/>
            <object_component_ref idref="oc-5c8"/>
            <object_component_ref idref="oc-544"/>
            <object_component_ref idref="oc-a4e"/>
            <object_component_ref idref="oc-3cc"/>
            <object_component_ref idref="oc-5d2"/>
            <object_component_ref idref="oc-5d7"/>
            <object_component_ref idref="oc-5dc"/>
            <object_component_ref idref="oc-558"/>
            <object_component_ref idref="oc-549"/>
            <object_component_ref idref="oc-5e1"/>
            <object_component_ref idref="oc-256"/>
            <object_component_ref idref="oc-3ea"/>
            <object_component_ref idref="oc-2f9"/>
            <object_component_ref idref="oc-198"/>
            <object_component_ref idref="oc-1a7"/>
            <object_component_ref idref="oc-571"/>
            <object_component_ref idref="oc-1b6"/>
            <object_component_ref idref="oc-2e0"/>
            <object_component_ref idref="oc-1bb"/>
            <object_component_ref idref="oc-2e5"/>
            <object_component_ref idref="oc-576"/>
            <object_component_ref idref="oc-3e5"/>
            <object_component_ref idref="oc-125"/>
            <object_component_ref idref="oc-e4"/>
            <object_component_ref idref="oc-2d1"/>
            <object_component_ref idref="oc-5e6"/>
            <object_component_ref idref="oc-2cc"/>
            <object_component_ref idref="oc-29f"/>
            <object_component_ref idref="oc-ee"/>
            <object_component_ref idref="oc-582"/>
            <object_component_ref idref="oc-d5"/>
            <object_component_ref idref="oc-12a"/>
            <object_component_ref idref="oc-134"/>
            <object_component_ref idref="oc-2ae"/>
            <object_component_ref idref="oc-143"/>
            <object_component_ref idref="oc-1394"/>
            <object_component_ref idref="oc-3d6"/>
            <object_component_ref idref="oc-55d"/>
            <object_component_ref idref="oc-567"/>
            <object_component_ref idref="oc-29a"/>
            <object_component_ref idref="oc-2db"/>
            <object_component_ref idref="oc-2c7"/>
            <object_component_ref idref="oc-234"/>
            <object_component_ref idref="oc-ad"/>
            <object_component_ref idref="oc-3c2"/>
            <object_component_ref idref="oc-520"/>
            <object_component_ref idref="oc-3f9"/>
            <object_component_ref idref="oc-814"/>
            <object_component_ref idref="oc-50c"/>
            <object_component_ref idref="oc-2b8"/>
            <object_component_ref idref="oc-511"/>
            <object_component_ref idref="oc-516"/>
            <object_component_ref idref="oc-51b"/>
            <object_component_ref idref="oc-2c2"/>
            <object_component_ref idref="oc-81e"/>
            <object_component_ref idref="oc-1b1"/>
            <object_component_ref idref="oc-2ef"/>
            <object_component_ref idref="oc-3e0"/>
            <object_component_ref idref="oc-2ea"/>
            <object_component_ref idref="oc-f3"/>
            <object_component_ref idref="oc-f8"/>
            <object_component_ref idref="oc-2d6"/>
            <object_component_ref idref="oc-3d1"/>
            <object_component_ref idref="oc-3db"/>
            <object_component_ref idref="oc-3ef"/>
            <object_component_ref idref="oc-25b"/>
            <object_component_ref idref="oc-3f4"/>
            <object_component_ref idref="oc-819"/>
            <object_component_ref idref="oc-2a4"/>
            <object_component_ref idref="oc-985"/>
            <object_component_ref idref="oc-982"/>
            <object_component_ref idref="oc-e50"/>
            <object_component_ref idref="oc-e0f"/>
            <object_component_ref idref="oc-e3b"/>
            <object_component_ref idref="oc-d89"/>
            <object_component_ref idref="oc-db5"/>
            <object_component_ref idref="oc-dd3"/>
            <object_component_ref idref="oc-dc1"/>
            <object_component_ref idref="oc-e21"/>
            <object_component_ref idref="oc-dec"/>
            <object_component_ref idref="oc-df2"/>
            <object_component_ref idref="oc-e0a"/>
            <object_component_ref idref="oc-e04"/>
            <object_component_ref idref="oc-da2"/>
            <object_component_ref idref="oc-e27"/>
            <object_component_ref idref="oc-94b"/>
            <object_component_ref idref="oc-908"/>
            <object_component_ref idref="oc-902"/>
            <object_component_ref idref="oc-8cb"/>
            <object_component_ref idref="oc-dd9"/>
            <object_component_ref idref="oc-914"/>
            <object_component_ref idref="oc-920"/>
            <object_component_ref idref="oc-90e"/>
            <object_component_ref idref="oc-91a"/>
            <object_component_ref idref="oc-8e3"/>
            <object_component_ref idref="oc-8f5"/>
            <object_component_ref idref="oc-988"/>
            <object_component_ref idref="oc-8ef"/>
            <object_component_ref idref="oc-8d7"/>
            <object_component_ref idref="oc-96a"/>
            <object_component_ref idref="oc-98e"/>
            <object_component_ref idref="oc-994"/>
            <object_component_ref idref="oc-99a"/>
            <object_component_ref idref="oc-479"/>
            <object_component_ref idref="oc-951"/>
            <object_component_ref idref="oc-93f"/>
            <object_component_ref idref="oc-945"/>
            <object_component_ref idref="oc-957"/>
            <object_component_ref idref="oc-92d"/>
            <object_component_ref idref="oc-939"/>
            <object_component_ref idref="oc-933"/>
            <object_component_ref idref="oc-117d"/>
            <object_component_ref idref="oc-dfd"/>
            <object_component_ref idref="oc-de5"/>
            <object_component_ref idref="oc-da7"/>
            <object_component_ref idref="oc-8c5"/>
            <object_component_ref idref="oc-8dd"/>
            <object_component_ref idref="oc-8fb"/>
            <object_component_ref idref="oc-964"/>
            <object_component_ref idref="oc-97c"/>
            <object_component_ref idref="oc-976"/>
            <object_component_ref idref="oc-970"/>
            <object_component_ref idref="oc-8e9"/>
            <object_component_ref idref="oc-9a4"/>
            <object_component_ref idref="oc-48b"/>
            <object_component_ref idref="oc-e35"/>
            <object_component_ref idref="oc-9aa"/>
            <object_component_ref idref="oc-9b0"/>
            <object_component_ref idref="oc-9b6"/>
            <object_component_ref idref="oc-95d"/>
            <object_component_ref idref="oc-df7"/>
            <object_component_ref idref="oc-485"/>
            <object_component_ref idref="oc-8b5"/>
            <object_component_ref idref="oc-dbb"/>
            <object_component_ref idref="oc-dcd"/>
            <object_component_ref idref="oc-dc7"/>
            <object_component_ref idref="oc-daf"/>
            <object_component_ref idref="oc-ddf"/>
            <object_component_ref idref="oc-8bf"/>
            <object_component_ref idref="oc-8d1"/>
            <object_component_ref idref="oc-491"/>
            <object_component_ref idref="oc-473"/>
            <object_component_ref idref="oc-3e"/>
            <object_component_ref idref="oc-8bb"/>
            <object_component_ref idref="oc-8af"/>
            <object_component_ref idref="oc-d82"/>
            <object_component_ref idref="oc-d7c"/>
            <object_component_ref idref="oc-d76"/>
            <object_component_ref idref="oc-d70"/>
            <object_component_ref idref="oc-927"/>
            <object_component_ref idref="oc-46d"/>
            <object_component_ref idref="oc-467"/>
            <object_component_ref idref="oc-d91"/>
            <object_component_ref idref="oc-d96"/>
            <object_component_ref idref="oc-d9b"/>
            <object_component_ref idref="oc-238"/>
            <object_component_ref idref="oc-240"/>
            <object_component_ref idref="oc-248"/>
            <object_component_ref idref="oc-236"/>
            <object_component_ref idref="oc-250"/>
            <object_component_ref idref="oc-23a"/>
            <object_component_ref idref="oc-a06"/>
            <object_component_ref idref="oc-a0b"/>
            <object_component_ref idref="oc-4c6"/>
            <object_component_ref idref="oc-4e4"/>
            <object_component_ref idref="oc-4c0"/>
            <object_component_ref idref="oc-4ba"/>
            <object_component_ref idref="oc-4ea"/>
            <object_component_ref idref="oc-4de"/>
            <object_component_ref idref="oc-4b4"/>
            <object_component_ref idref="oc-4fc"/>
            <object_component_ref idref="oc-79"/>
            <object_component_ref idref="oc-14c0"/>
            <object_component_ref idref="oc-109d"/>
            <object_component_ref idref="oc-13f1"/>
            <object_component_ref idref="oc-e8b"/>
            <object_component_ref idref="oc-c7d"/>
            <object_component_ref idref="oc-d4d"/>
            <object_component_ref idref="oc-11e0"/>
            <object_component_ref idref="oc-13c3"/>
            <object_component_ref idref="oc-1406"/>
            <object_component_ref idref="oc-871"/>
            <object_component_ref idref="oc-833"/>
            <object_component_ref idref="oc-77e"/>
            <object_component_ref idref="oc-c24"/>
            <object_component_ref idref="oc-2f"/>
            <object_component_ref idref="oc-32"/>
            <object_component_ref idref="oc-35"/>
            <object_component_ref idref="oc-3bd"/>
            <object_component_ref idref="oc-f72"/>
            <object_component_ref idref="oc-126c"/>
            <object_component_ref idref="oc-1101"/>
            <object_component_ref idref="oc-5ec"/>
            <object_component_ref idref="oc-5ef"/>
            <object_component_ref idref="oc-5f2"/>
            <object_component_ref idref="oc-304"/>
            <object_component_ref idref="oc-ecd"/>
            <object_component_ref idref="oc-e96"/>
            <object_component_ref idref="oc-1521"/>
            <object_component_ref idref="oc-acc"/>
            <object_component_ref idref="oc-1268"/>
            <object_component_ref idref="oc-e93"/>
            <object_component_ref idref="oc-eb6"/>
            <object_component_ref idref="oc-eb2"/>
            <object_component_ref idref="oc-eae"/>
            <object_component_ref idref="oc-eaa"/>
            <object_component_ref idref="oc-ea6"/>
            <object_component_ref idref="oc-ea2"/>
            <object_component_ref idref="oc-e9e"/>
            <object_component_ref idref="oc-e9a"/>
            <object_component_ref idref="oc-acf"/>
            <object_component_ref idref="oc-307"/>
            <object_component_ref idref="oc-aa0"/>
            <object_component_ref idref="oc-ad2"/>
            <object_component_ref idref="oc-ad5"/>
            <object_component_ref idref="oc-bf2"/>
            <object_component_ref idref="oc-f2f"/>
            <object_component_ref idref="oc-cc8"/>
            <object_component_ref idref="oc-1432"/>
            <object_component_ref idref="oc-1435"/>
            <object_component_ref idref="oc-10e5"/>
            <object_component_ref idref="oc-10e2"/>
            <object_component_ref idref="oc-10df"/>
            <object_component_ref idref="oc-16d8"/>
            <object_component_ref idref="oc-16d5"/>
            <object_component_ref idref="oc-a36"/>
            <object_component_ref idref="oc-169f"/>
            <object_component_ref idref="oc-169c"/>
            <object_component_ref idref="oc-804"/>
            <object_component_ref idref="oc-13f7"/>
            <object_component_ref idref="oc-13fa"/>
            <object_component_ref idref="oc-13fd"/>
            <object_component_ref idref="oc-1403"/>
            <object_component_ref idref="oc-1400"/>
            <object_component_ref idref="oc-880"/>
            <object_component_ref idref="oc-d50"/>
            <object_component_ref idref="oc-85f"/>
            <object_component_ref idref="oc-862"/>
            <object_component_ref idref="oc-865"/>
            <object_component_ref idref="oc-86b"/>
            <object_component_ref idref="oc-868"/>
            <object_component_ref idref="oc-86e"/>
            <object_component_ref idref="oc-18ce"/>
            <object_component_ref idref="oc-18d1"/>
            <object_component_ref idref="oc-182a"/>
            <object_component_ref idref="oc-1827"/>
            <object_component_ref idref="oc-ed2"/>
            <object_component_ref idref="oc-16f8"/>
            <object_component_ref idref="oc-16fb"/>
            <object_component_ref idref="oc-16fe"/>
            <object_component_ref idref="oc-170d"/>
            <object_component_ref idref="oc-1704"/>
            <object_component_ref idref="oc-ac8"/>
            <object_component_ref idref="oc-1707"/>
            <object_component_ref idref="oc-1823"/>
            <object_component_ref idref="oc-1701"/>
            <object_component_ref idref="oc-170a"/>
            <object_component_ref idref="oc-1711"/>
            <object_component_ref idref="oc-1820"/>
            <object_component_ref idref="oc-179a"/>
            <object_component_ref idref="oc-186c"/>
            <object_component_ref idref="oc-830"/>
            <object_component_ref idref="oc-1865"/>
            <object_component_ref idref="oc-1862"/>
            <object_component_ref idref="oc-1868"/>
            <object_component_ref idref="oc-185f"/>
            <object_component_ref idref="oc-185c"/>
            <object_component_ref idref="oc-17e1"/>
            <object_component_ref idref="oc-167c"/>
            <object_component_ref idref="oc-104a"/>
            <object_component_ref idref="oc-1047"/>
            <object_component_ref idref="oc-794"/>
            <object_component_ref idref="oc-791"/>
            <object_component_ref idref="oc-781"/>
            <object_component_ref idref="oc-784"/>
            <object_component_ref idref="oc-787"/>
            <object_component_ref idref="oc-78d"/>
            <object_component_ref idref="oc-78a"/>
            <object_component_ref idref="oc-836"/>
            <object_component_ref idref="oc-9bd"/>
            <object_component_ref idref="oc-839"/>
            <object_component_ref idref="oc-ccb"/>
            <object_component_ref idref="oc-cd6"/>
            <object_component_ref idref="oc-83c"/>
            <object_component_ref idref="oc-1504"/>
            <object_component_ref idref="oc-38d"/>
            <object_component_ref idref="oc-7d7"/>
            <object_component_ref idref="oc-1069"/>
            <object_component_ref idref="oc-c38"/>
            <object_component_ref idref="oc-c3b"/>
            <object_component_ref idref="oc-7c7"/>
            <object_component_ref idref="oc-7af"/>
            <object_component_ref idref="oc-7b2"/>
            <object_component_ref idref="oc-7b5"/>
            <object_component_ref idref="oc-7bb"/>
            <object_component_ref idref="oc-1514"/>
            <object_component_ref idref="oc-13de"/>
            <object_component_ref idref="oc-13e1"/>
            <object_component_ref idref="oc-7b8"/>
            <object_component_ref idref="oc-7e8"/>
            <object_component_ref idref="oc-7eb"/>
            <object_component_ref idref="oc-7be"/>
            <object_component_ref idref="oc-9c7"/>
            <object_component_ref idref="oc-9d0"/>
            <object_component_ref idref="oc-7c4"/>
            <object_component_ref idref="oc-7c1"/>
            <object_component_ref idref="oc-13d4"/>
            <object_component_ref idref="oc-1517"/>
            <object_component_ref idref="oc-b94"/>
            <object_component_ref idref="oc-765"/>
            <object_component_ref idref="oc-762"/>
            <object_component_ref idref="oc-768"/>
            <object_component_ref idref="oc-76e"/>
            <object_component_ref idref="oc-76b"/>
            <object_component_ref idref="oc-166e"/>
            <object_component_ref idref="oc-1662"/>
            <object_component_ref idref="oc-165f"/>
            <object_component_ref idref="oc-1665"/>
            <object_component_ref idref="oc-165c"/>
            <object_component_ref idref="oc-1668"/>
            <object_component_ref idref="oc-166b"/>
            <object_component_ref idref="oc-1005"/>
            <object_component_ref idref="oc-c08"/>
            <object_component_ref idref="oc-7cb"/>
            <object_component_ref idref="oc-1671"/>
            <object_component_ref idref="oc-1674"/>
            <object_component_ref idref="oc-1659"/>
            <object_component_ref idref="oc-1051"/>
            <object_component_ref idref="oc-c05"/>
            <object_component_ref idref="oc-c02"/>
            <object_component_ref idref="oc-18fe"/>
            <object_component_ref idref="oc-1f4"/>
            <object_component_ref idref="oc-318"/>
            <object_component_ref idref="oc-ee6"/>
            <object_component_ref idref="oc-ee1"/>
            <object_component_ref idref="oc-ae6"/>
            <object_component_ref idref="oc-1eb"/>
            <object_component_ref idref="oc-1f1"/>
            <object_component_ref idref="oc-1ee"/>
            <object_component_ref idref="oc-ae3"/>
            <object_component_ref idref="oc-ae0"/>
            <object_component_ref idref="oc-3b6"/>
            <object_component_ref idref="oc-3b9"/>
            <object_component_ref idref="oc-530"/>
            <object_component_ref idref="oc-3b3"/>
            <object_component_ref idref="oc-534"/>
            <object_component_ref idref="oc-274"/>
            <object_component_ref idref="oc-52c"/>
            <object_component_ref idref="oc-10c8"/>
            <object_component_ref idref="oc-89f"/>
            <object_component_ref idref="oc-bb"/>
            <object_component_ref idref="oc-1491"/>
            <object_component_ref idref="oc-139c"/>
            <object_component_ref idref="oc-1932"/>
            <object_component_ref idref="oc-14b5"/>
            <object_component_ref idref="oc-14b8"/>
            <object_component_ref idref="oc-14bb"/>
            <object_component_ref idref="oc-b91"/>
            <object_component_ref idref="oc-ffb"/>
            <object_component_ref idref="oc-192e"/>
            <object_component_ref idref="oc-16dd"/>
            <object_component_ref idref="oc-18de"/>
            <object_component_ref idref="oc-18db"/>
            <object_component_ref idref="oc-18e1"/>
            <object_component_ref idref="oc-f7c"/>
            <object_component_ref idref="oc-14a9"/>
            <object_component_ref idref="oc-1411"/>
            <object_component_ref idref="oc-88a"/>
            <object_component_ref idref="oc-171d"/>
            <object_component_ref idref="oc-17a4"/>
            <object_component_ref idref="oc-bdc"/>
            <object_component_ref idref="oc-383"/>
            <object_component_ref idref="oc-3a3"/>
            <object_component_ref idref="oc-1908"/>
            <object_component_ref idref="oc-456"/>
            <object_component_ref idref="oc-16c6"/>
            <object_component_ref idref="oc-18c7"/>
            <object_component_ref idref="oc-7f0"/>
            <object_component_ref idref="oc-527"/>
            <object_component_ref idref="oc-11b4"/>
            <object_component_ref idref="oc-11ae"/>
            <object_component_ref idref="oc-11ba"/>
            <object_component_ref idref="oc-7f8"/>
            <object_component_ref idref="oc-72"/>
            <object_component_ref idref="oc-31e"/>
            <object_component_ref idref="oc-10f4"/>
            <object_component_ref idref="oc-1427"/>
            <object_component_ref idref="oc-10d3"/>
            <object_component_ref idref="oc-1420"/>
            <object_component_ref idref="oc-10cd"/>
            <object_component_ref idref="oc-cb3"/>
            <object_component_ref idref="oc-cba"/>
            <object_component_ref idref="oc-17d8"/>
            <object_component_ref idref="oc-10fc"/>
            <object_component_ref idref="oc-80e"/>
            <object_component_ref idref="oc-c95"/>
            <object_component_ref idref="oc-808"/>
            <object_component_ref idref="oc-14e8"/>
            <object_component_ref idref="oc-14e2"/>
            <object_component_ref idref="oc-14dc"/>
            <object_component_ref idref="oc-114c"/>
            <object_component_ref idref="oc-1146"/>
            <object_component_ref idref="oc-1140"/>
            <object_component_ref idref="oc-10bf"/>
            <object_component_ref idref="oc-10b9"/>
            <object_component_ref idref="oc-10b3"/>
            <object_component_ref idref="oc-c54"/>
            <object_component_ref idref="oc-bfd"/>
            <object_component_ref idref="oc-222"/>
            <object_component_ref idref="oc-1508"/>
            <object_component_ref idref="oc-21c"/>
            <object_component_ref idref="oc-150e"/>
            <object_component_ref idref="oc-eba"/>
            <object_component_ref idref="oc-14fe"/>
            <object_component_ref idref="oc-ec0"/>
            <object_component_ref idref="oc-175c"/>
            <object_component_ref idref="oc-1574"/>
            <object_component_ref idref="oc-216"/>
            <object_component_ref idref="oc-1593"/>
            <object_component_ref idref="oc-158d"/>
            <object_component_ref idref="oc-17eb"/>
            <object_component_ref idref="oc-16b7"/>
            <object_component_ref idref="oc-778"/>
            <object_component_ref idref="oc-c12"/>
            <object_component_ref idref="oc-1785"/>
            <object_component_ref idref="oc-15e6"/>
            <object_component_ref idref="oc-15f9"/>
            <object_component_ref idref="oc-14f7"/>
            <object_component_ref idref="oc-14f1"/>
            <object_component_ref idref="oc-15f3"/>
            <object_component_ref idref="oc-ac2"/>
            <object_component_ref idref="oc-16f2"/>
            <object_component_ref idref="oc-16ec"/>
            <object_component_ref idref="oc-b47"/>
            <object_component_ref idref="oc-1525"/>
            <object_component_ref idref="oc-ec6"/>
            <object_component_ref idref="oc-43d"/>
            <object_component_ref idref="oc-437"/>
            <object_component_ref idref="oc-1755"/>
            <object_component_ref idref="oc-156d"/>
            <object_component_ref idref="oc-b4d"/>
            <object_component_ref idref="oc-151b"/>
            <object_component_ref idref="oc-148"/>
            <object_component_ref idref="oc-14d"/>
            <object_component_ref idref="oc-11b"/>
            <object_component_ref idref="oc-120"/>
            <object_component_ref idref="oc-152"/>
            <object_component_ref idref="oc-157"/>
            <object_component_ref idref="oc-da"/>
            <object_component_ref idref="oc-15c"/>
            <object_component_ref idref="oc-161"/>
            <object_component_ref idref="oc-166"/>
            <object_component_ref idref="oc-16b"/>
            <object_component_ref idref="oc-170"/>
            <object_component_ref idref="oc-175"/>
            <object_component_ref idref="oc-17a"/>
            <object_component_ref idref="oc-17f"/>
            <object_component_ref idref="oc-2f4"/>
            <object_component_ref idref="oc-107"/>
            <object_component_ref idref="oc-2a9"/>
            <object_component_ref idref="oc-184"/>
            <object_component_ref idref="oc-111"/>
            <object_component_ref idref="oc-2b3"/>
            <object_component_ref idref="oc-189"/>
            <object_component_ref idref="oc-2bd"/>
            <object_component_ref idref="oc-18e"/>
            <object_component_ref idref="oc-193"/>
            <object_component_ref idref="oc-19d"/>
            <object_component_ref idref="oc-1a2"/>
            <object_component_ref idref="oc-1ac"/>
            <object_component_ref idref="oc-1c0"/>
            <object_component_ref idref="oc-1c5"/>
            <object_component_ref idref="oc-1ca"/>
            <object_component_ref idref="oc-13e"/>
            <object_component_ref idref="oc-12f"/>
            <object_component_ref idref="oc-16cc"/>
            <object_component_ref idref="oc-2fe"/>
            <object_component_ref idref="oc-1d4"/>
            <object_component_ref idref="oc-e9"/>
            <object_component_ref idref="oc-fd"/>
            <object_component_ref idref="oc-102"/>
            <object_component_ref idref="oc-1cf"/>
            <object_component_ref idref="oc-10c"/>
            <object_component_ref idref="oc-1d9"/>
            <object_component_ref idref="oc-116"/>
            <object_component_ref idref="oc-139"/>
            <object_component_ref idref="oc-541"/>
            <object_component_ref idref="oc-4d8"/>
            <object_component_ref idref="oc-a12"/>
            <object_component_ref idref="oc-baf"/>
            <object_component_ref idref="oc-27f"/>
            <object_component_ref idref="oc-9d4"/>
            <object_component_ref idref="oc-4ae"/>
            <object_component_ref idref="oc-a2c"/>
            <object_component_ref idref="oc-4f6"/>
            <object_component_ref idref="oc-a19"/>
            <object_component_ref idref="oc-4d2"/>
            <object_component_ref idref="oc-e7a"/>
            <object_component_ref idref="oc-9dc"/>
            <object_component_ref idref="oc-a17"/>
            <object_component_ref idref="oc-4cc"/>
            <object_component_ref idref="oc-a2a"/>
            <object_component_ref idref="oc-4f0"/>
            <object_component_ref idref="oc-891"/>
            <object_component_ref idref="oc-733"/>
            <object_component_ref idref="oc-88e"/>
            <object_component_ref idref="oc-1164"/>
            <object_component_ref idref="oc-449"/>
            <object_component_ref idref="oc-34f"/>
            <object_component_ref idref="oc-443"/>
            <object_component_ref idref="oc-d58"/>
            <object_component_ref idref="oc-893"/>
            <object_component_ref idref="oc-877"/>
            <object_component_ref idref="oc-73a"/>
            <object_component_ref idref="oc-8aa"/>
            <object_component_ref idref="oc-422"/>
            <object_component_ref idref="oc-461"/>
            <object_component_ref idref="oc-356"/>
            <object_component_ref idref="oc-45b"/>
            <object_component_ref idref="oc-375"/>
            <object_component_ref idref="oc-71e"/>
            <object_component_ref idref="oc-34b"/>
            <object_component_ref idref="oc-71b"/>
            <object_component_ref idref="oc-210"/>
            <object_component_ref idref="oc-33c"/>
            <object_component_ref idref="oc-342"/>
            <object_component_ref idref="oc-1fe"/>
            <object_component_ref idref="oc-721"/>
            <object_component_ref idref="oc-553"/>
            <object_component_ref idref="oc-750"/>
            <object_component_ref idref="oc-fb2"/>
            <object_component_ref idref="oc-b6c"/>
            <object_component_ref idref="oc-1297"/>
            <object_component_ref idref="oc-12d1"/>
            <object_component_ref idref="oc-12dd"/>
            <object_component_ref idref="oc-12ef"/>
            <object_component_ref idref="oc-fab"/>
            <object_component_ref idref="oc-f93"/>
            <object_component_ref idref="oc-fa5"/>
            <object_component_ref idref="oc-f9f"/>
            <object_component_ref idref="oc-f99"/>
            <object_component_ref idref="oc-f8d"/>
            <object_component_ref idref="oc-15ca"/>
            <object_component_ref idref="oc-12d7"/>
            <object_component_ref idref="oc-12e3"/>
            <object_component_ref idref="oc-6cc"/>
            <object_component_ref idref="oc-335"/>
            <object_component_ref idref="oc-6c9"/>
            <object_component_ref idref="oc-12ac"/>
            <object_component_ref idref="oc-f45"/>
            <object_component_ref idref="oc-b28"/>
            <object_component_ref idref="oc-b22"/>
            <object_component_ref idref="oc-12b5"/>
            <object_component_ref idref="oc-1281"/>
            <object_component_ref idref="oc-12c1"/>
            <object_component_ref idref="oc-32b"/>
            <object_component_ref idref="oc-1fa"/>
            <object_component_ref idref="oc-1889"/>
            <object_component_ref idref="oc-1287"/>
            <object_component_ref idref="oc-12bc"/>
            <object_component_ref idref="oc-128e"/>
            <object_component_ref idref="oc-ff3"/>
            <object_component_ref idref="oc-b77"/>
            <object_component_ref idref="oc-136c"/>
            <object_component_ref idref="oc-1612"/>
            <object_component_ref idref="oc-135a"/>
            <object_component_ref idref="oc-1366"/>
            <object_component_ref idref="oc-1360"/>
            <object_component_ref idref="oc-1330"/>
            <object_component_ref idref="oc-1348"/>
            <object_component_ref idref="oc-134e"/>
            <object_component_ref idref="oc-1645"/>
            <object_component_ref idref="oc-1639"/>
            <object_component_ref idref="oc-162d"/>
            <object_component_ref idref="oc-fe6"/>
            <object_component_ref idref="oc-fe0"/>
            <object_component_ref idref="oc-fd4"/>
            <object_component_ref idref="oc-fb6"/>
            <object_component_ref idref="oc-fc8"/>
            <object_component_ref idref="oc-fc2"/>
            <object_component_ref idref="oc-fbc"/>
            <object_component_ref idref="oc-fcf"/>
            <object_component_ref idref="oc-fdb"/>
            <object_component_ref idref="oc-fed"/>
            <object_component_ref idref="oc-1628"/>
            <object_component_ref idref="oc-1634"/>
            <object_component_ref idref="oc-161e"/>
            <object_component_ref idref="oc-1355"/>
            <object_component_ref idref="oc-1640"/>
            <object_component_ref idref="oc-136f"/>
            <object_component_ref idref="oc-1537"/>
            <object_component_ref idref="oc-157f"/>
            <object_component_ref idref="oc-1588"/>
            <object_component_ref idref="oc-1246"/>
            <object_component_ref idref="oc-1240"/>
            <object_component_ref idref="oc-15ee"/>
            <object_component_ref idref="oc-17ae"/>
            <object_component_ref idref="oc-1322"/>
            <object_component_ref idref="oc-1376"/>
            <object_component_ref idref="oc-1344"/>
            <object_component_ref idref="oc-284"/>
            <object_component_ref idref="oc-54e"/>
            <object_component_ref idref="oc-be"/>
            <object_component_ref idref="oc-562"/>
            <object_component_ref idref="oc-b06"/>
            <object_component_ref idref="oc-6c3"/>
            <object_component_ref idref="oc-6d7"/>
            <object_component_ref idref="oc-6d1"/>
            <object_component_ref idref="oc-f34"/>
            <object_component_ref idref="oc-f39"/>
            <object_component_ref idref="oc-15ec"/>
            <object_component_ref idref="oc-17bb"/>
            <object_component_ref idref="oc-17b5"/>
            <object_component_ref idref="oc-131b"/>
            <object_component_ref idref="oc-133c"/>
            <object_component_ref idref="oc-1336"/>
            <object_component_ref idref="oc-15ff"/>
            <object_component_ref idref="oc-1846"/>
            <object_component_ref idref="oc-1764"/>
            <object_component_ref idref="oc-1792"/>
            <object_component_ref idref="oc-178d"/>
            <object_component_ref idref="oc-b3f"/>
            <object_component_ref idref="oc-35d"/>
            <object_component_ref idref="oc-129e"/>
            <object_component_ref idref="oc-709"/>
            <object_component_ref idref="oc-703"/>
            <object_component_ref idref="oc-f6b"/>
            <object_component_ref idref="oc-b53"/>
            <object_component_ref idref="oc-157a"/>
            <object_component_ref idref="oc-12fb"/>
            <object_component_ref idref="oc-12e9"/>
            <object_component_ref idref="oc-12a4"/>
            <object_component_ref idref="oc-12cb"/>
            <object_component_ref idref="oc-12c5"/>
            <object_component_ref idref="oc-1599"/>
            <object_component_ref idref="oc-1769"/>
            <object_component_ref idref="oc-30a"/>
            <object_component_ref idref="oc-b1b"/>
            <object_component_ref idref="oc-1076"/>
            <object_component_ref idref="oc-c19"/>
            <object_component_ref idref="oc-1449"/>
            <object_component_ref idref="oc-87a"/>
            <object_component_ref idref="oc-9cb"/>
            <object_component_ref idref="oc-cc0"/>
            <object_component_ref idref="oc-82b"/>
            <object_component_ref idref="oc-153c"/>
            <object_component_ref idref="oc-1254"/>
            <object_component_ref idref="oc-7dd"/>
            <object_component_ref idref="oc-c1f"/>
            <object_component_ref idref="oc-1456"/>
            <object_component_ref idref="oc-13cf"/>
            <object_component_ref idref="oc-1070"/>
            <object_component_ref idref="oc-c5e"/>
            <object_component_ref idref="oc-7e3"/>
            <object_component_ref idref="oc-10ec"/>
            <object_component_ref idref="oc-cad"/>
            <object_component_ref idref="oc-825"/>
            <object_component_ref idref="oc-9c2"/>
            <object_component_ref idref="oc-49e"/>
            <object_component_ref idref="oc-85a"/>
            <object_component_ref idref="oc-1839"/>
            <object_component_ref idref="oc-7aa"/>
            <object_component_ref idref="oc-854"/>
            <object_component_ref idref="oc-1201"/>
            <object_component_ref idref="oc-392"/>
            <object_component_ref idref="oc-3a7"/>
            <object_component_ref idref="oc-f64"/>
            <object_component_ref idref="oc-b33"/>
            <object_component_ref idref="oc-ca7"/>
            <object_component_ref idref="oc-b15"/>
            <object_component_ref idref="oc-1832"/>
            <object_component_ref idref="oc-144f"/>
            <object_component_ref idref="oc-11fb"/>
            <object_component_ref idref="oc-187a"/>
            <object_component_ref idref="oc-498"/>
            <object_component_ref idref="oc-406"/>
            <object_component_ref idref="oc-37e"/>
            <object_component_ref idref="oc-1841"/>
            <object_component_ref idref="oc-bd7"/>
            <object_component_ref idref="oc-13c7"/>
            <object_component_ref idref="oc-1107"/>
            <object_component_ref idref="oc-1856"/>
            <object_component_ref idref="oc-1872"/>
            <object_component_ref idref="oc-1442"/>
            <object_component_ref idref="oc-47f"/>
            <object_component_ref idref="oc-11f4"/>
            <object_component_ref idref="oc-179e"/>
            <object_component_ref idref="oc-184d"/>
            <object_component_ref idref="oc-14cf"/>
            <object_component_ref idref="oc-684"/>
            <object_component_ref idref="oc-14d5"/>
            <object_component_ref idref="oc-14c9"/>
            <object_component_ref idref="oc-14c3"/>
            <object_component_ref idref="oc-1717"/>
            <object_component_ref idref="oc-690"/>
            <object_component_ref idref="oc-188d"/>
            <object_component_ref idref="oc-120c"/>
            <object_component_ref idref="oc-10a0"/>
            <object_component_ref idref="oc-10ac"/>
            <object_component_ref idref="oc-10a6"/>
            <object_component_ref idref="oc-140b"/>
            <object_component_ref idref="oc-1415"/>
            <object_component_ref idref="oc-1139"/>
            <object_component_ref idref="oc-428"/>
            <object_component_ref idref="oc-416"/>
            <object_component_ref idref="oc-884"/>
            <object_component_ref idref="oc-1470"/>
            <object_component_ref idref="oc-11a7"/>
            <object_component_ref idref="oc-c68"/>
            <object_component_ref idref="oc-a2f"/>
            <object_component_ref idref="oc-14a3"/>
            <object_component_ref idref="oc-cd"/>
            <object_component_ref idref="oc-c7"/>
            <object_component_ref idref="oc-10d9"/>
            <object_component_ref idref="oc-c9a"/>
            <object_component_ref idref="oc-152c"/>
            <object_component_ref idref="oc-1724"/>
            <object_component_ref idref="oc-1212"/>
            <object_component_ref idref="oc-b00"/>
            <object_component_ref idref="oc-c0c"/>
            <object_component_ref idref="oc-79d"/>
            <object_component_ref idref="oc-13d8"/>
            <object_component_ref idref="oc-143a"/>
            <object_component_ref idref="oc-ca0"/>
            <object_component_ref idref="oc-36f"/>
            <object_component_ref idref="oc-125c"/>
            <object_component_ref idref="oc-1543"/>
            <object_component_ref idref="oc-1262"/>
            <object_component_ref idref="oc-68a"/>
            <object_component_ref idref="oc-ad9"/>
            <object_component_ref idref="oc-a7c"/>
            <object_component_ref idref="oc-a76"/>
            <object_component_ref idref="oc-a6a"/>
            <object_component_ref idref="oc-a64"/>
            <object_component_ref idref="oc-a94"/>
            <object_component_ref idref="oc-a88"/>
            <object_component_ref idref="oc-a70"/>
            <object_component_ref idref="oc-a82"/>
            <object_component_ref idref="oc-a8e"/>
            <object_component_ref idref="oc-1df"/>
            <object_component_ref idref="oc-a9a"/>
            <object_component_ref idref="oc-5f8"/>
            <object_component_ref idref="oc-1749"/>
            <object_component_ref idref="oc-1743"/>
            <object_component_ref idref="oc-173d"/>
            <object_component_ref idref="oc-741"/>
            <object_component_ref idref="oc-1206"/>
            <object_component_ref idref="oc-f76"/>
            <object_component_ref idref="oc-f7f"/>
            <object_component_ref idref="oc-22e"/>
            <object_component_ref idref="oc-afa"/>
            <object_component_ref idref="oc-c88"/>
            <object_component_ref idref="oc-61f"/>
            <object_component_ref idref="oc-629"/>
            <object_component_ref idref="oc-601"/>
            <object_component_ref idref="oc-651"/>
            <object_component_ref idref="oc-624"/>
            <object_component_ref idref="oc-61a"/>
            <object_component_ref idref="oc-674"/>
            <object_component_ref idref="oc-642"/>
            <object_component_ref idref="oc-665"/>
            <object_component_ref idref="oc-66a"/>
            <object_component_ref idref="oc-aa8"/>
            <object_component_ref idref="oc-aa3"/>
            <object_component_ref idref="oc-aad"/>
            <object_component_ref idref="oc-66f"/>
            <object_component_ref idref="oc-633"/>
            <object_component_ref idref="oc-ab7"/>
            <object_component_ref idref="oc-ab2"/>
            <object_component_ref idref="oc-660"/>
            <object_component_ref idref="oc-65b"/>
            <object_component_ref idref="oc-656"/>
            <object_component_ref idref="oc-abc"/>
            <object_component_ref idref="oc-679"/>
            <object_component_ref idref="oc-62e"/>
            <object_component_ref idref="oc-606"/>
            <object_component_ref idref="oc-638"/>
            <object_component_ref idref="oc-647"/>
            <object_component_ref idref="oc-60b"/>
            <object_component_ref idref="oc-610"/>
            <object_component_ref idref="oc-64c"/>
            <object_component_ref idref="oc-63d"/>
            <object_component_ref idref="oc-615"/>
            <object_component_ref idref="oc-154b"/>
            <object_component_ref idref="oc-82"/>
            <object_component_ref idref="oc-7c"/>
            <object_component_ref idref="oc-1250"/>
            <object_component_ref idref="oc-16ad"/>
            <object_component_ref idref="oc-105c"/>
            <object_component_ref idref="oc-107c"/>
            <object_component_ref idref="oc-13bd"/>
            <object_component_ref idref="oc-b97"/>
            <object_component_ref idref="oc-756"/>
            <object_component_ref idref="oc-100e"/>
            <object_component_ref idref="oc-776"/>
            <object_component_ref idref="oc-39d"/>
            <object_component_ref idref="oc-377"/>
            <object_component_ref idref="oc-771"/>
            <object_component_ref idref="oc-bc5"/>
            <object_component_ref idref="oc-bca"/>
            <object_component_ref idref="oc-1020"/>
            <object_component_ref idref="oc-1039"/>
            <object_component_ref idref="oc-103e"/>
            <object_component_ref idref="oc-102a"/>
            <object_component_ref idref="oc-bc0"/>
            <object_component_ref idref="oc-bb6"/>
            <object_component_ref idref="oc-102f"/>
            <object_component_ref idref="oc-1025"/>
            <object_component_ref idref="oc-bbb"/>
            <object_component_ref idref="oc-1034"/>
            <object_component_ref idref="oc-101b"/>
            <object_component_ref idref="oc-1044"/>
            <object_component_ref idref="oc-bd0"/>
            <object_component_ref idref="oc-14be"/>
            <object_component_ref idref="oc-11d5"/>
            <object_component_ref idref="oc-799"/>
            <object_component_ref idref="oc-387"/>
            <object_component_ref idref="oc-7ce"/>
            <object_component_ref idref="oc-b41"/>
            <object_component_ref idref="oc-1653"/>
            <object_component_ref idref="oc-b8b"/>
            <object_component_ref idref="oc-18c0"/>
            <object_component_ref idref="oc-1880"/>
            <object_component_ref idref="oc-13ad"/>
            <object_component_ref idref="oc-397"/>
            <object_component_ref idref="oc-c43"/>
            <object_component_ref idref="oc-c4d"/>
            <object_component_ref idref="oc-c48"/>
            <object_component_ref idref="oc-7f5"/>
            <object_component_ref idref="oc-3ad"/>
            <object_component_ref idref="oc-268"/>
            <object_component_ref idref="oc-c70"/>
            <object_component_ref idref="oc-ba4"/>
            <object_component_ref idref="oc-bf6"/>
            <object_component_ref idref="oc-7a3"/>
            <object_component_ref idref="oc-b99"/>
            <object_component_ref idref="oc-7d0"/>
            <object_component_ref idref="oc-75c"/>
            <object_component_ref idref="oc-1014"/>
            <object_component_ref idref="oc-b9f"/>
            <object_component_ref idref="oc-ae9"/>
            <object_component_ref idref="oc-698"/>
            <object_component_ref idref="oc-c82"/>
            <object_component_ref idref="oc-a6"/>
            <object_component_ref idref="oc-eee"/>
            <object_component_ref idref="oc-ef3"/>
            <object_component_ref idref="oc-c3"/>
            <object_component_ref idref="oc-1485"/>
            <object_component_ref idref="oc-148b"/>
            <object_component_ref idref="oc-115e"/>
            <object_component_ref idref="oc-18ec"/>
            <object_component_ref idref="oc-d68"/>
            <object_component_ref idref="oc-b6"/>
            <object_component_ref idref="oc-8a4"/>
            <object_component_ref idref="oc-69"/>
            <object_component_ref idref="oc-1912"/>
            <object_component_ref idref="oc-c8f"/>
            <object_component_ref idref="oc-18f4"/>
            <object_component_ref idref="oc-450"/>
            <object_component_ref idref="oc-11e9"/>
            <object_component_ref idref="oc-28c"/>
            <object_component_ref idref="oc-291"/>
            <object_component_ref idref="oc-1494"/>
            <object_component_ref idref="oc-287"/>
            <object_component_ref idref="oc-1155"/>
            <object_component_ref idref="oc-1157"/>
            <object_component_ref idref="oc-d5e"/>
            <object_component_ref idref="oc-228"/>
            <object_component_ref idref="oc-26e"/>
            <object_component_ref idref="oc-899"/>
            <object_component_ref idref="oc-11ee"/>
            <object_component_ref idref="oc-147e"/>
            <object_component_ref idref="oc-1479"/>
            <object_component_ref idref="oc-1003"/>
            <object_component_ref idref="oc-189d"/>
            <object_component_ref idref="oc-b85"/>
            <object_component_ref idref="oc-18e4"/>
            <object_component_ref idref="oc-1926"/>
            <object_component_ref idref="oc-1897"/>
            <object_component_ref idref="oc-17ff"/>
            <object_component_ref idref="oc-17f9"/>
            <object_component_ref idref="oc-14af"/>
            <object_component_ref idref="oc-13a7"/>
            <object_component_ref idref="oc-ffe"/>
            <object_component_ref idref="oc-13a0"/>
            <object_component_ref idref="oc-1901"/>
            <object_component_ref idref="oc-18d5"/>
            <object_component_ref idref="oc-1920"/>
            <object_component_ref idref="oc-191b"/>
            <object_component_ref idref="oc-26"/>
            <object_component_ref idref="oc-5d"/>
            <object_component_ref idref="oc-1227"/>
            <object_component_ref idref="oc-b2c"/>
            <object_component_ref idref="oc-b0e"/>
            <object_component_ref idref="oc-aeb"/>
            <object_component_ref idref="oc-69f"/>
            <object_component_ref idref="oc-6a5"/>
            <object_component_ref idref="oc-af6"/>
            <object_component_ref idref="oc-6b1"/>
            <object_component_ref idref="oc-6be"/>
            <object_component_ref idref="oc-6b8"/>
            <object_component_ref idref="oc-74b"/>
            <object_component_ref idref="oc-748"/>
            <object_component_ref idref="oc-363"/>
            <object_component_ref idref="oc-369"/>
            <object_component_ref idref="oc-6e5"/>
            <object_component_ref idref="oc-6ec"/>
            <object_component_ref idref="oc-6df"/>
            <object_component_ref idref="oc-6fd"/>
            <object_component_ref idref="oc-6f7"/>
            <object_component_ref idref="oc-6f1"/>
            <object_component_ref idref="oc-70f"/>
            <object_component_ref idref="oc-f86"/>
            <object_component_ref idref="oc-b5f"/>
            <object_component_ref idref="oc-715"/>
            <object_component_ref idref="oc-1553"/>
            <object_component_ref idref="oc-15d3"/>
            <object_component_ref idref="oc-15ac"/>
            <object_component_ref idref="oc-15d9"/>
            <object_component_ref idref="oc-15c4"/>
            <object_component_ref idref="oc-15be"/>
            <object_component_ref idref="oc-15b2"/>
            <object_component_ref idref="oc-1279"/>
            <object_component_ref idref="oc-15a6"/>
            <object_component_ref idref="oc-15b8"/>
            <object_component_ref idref="oc-155a"/>
            <object_component_ref idref="oc-1773"/>
            <object_component_ref idref="oc-15a0"/>
            <object_component_ref idref="oc-1566"/>
            <object_component_ref idref="oc-12f5"/>
            <object_component_ref idref="oc-1291"/>
            <object_component_ref idref="oc-1273"/>
            <object_component_ref idref="oc-1560"/>
            <object_component_ref idref="oc-f2a"/>
            <object_component_ref idref="oc-f12"/>
            <object_component_ref idref="oc-f00"/>
            <object_component_ref idref="oc-121b"/>
            <object_component_ref idref="oc-f1e"/>
            <object_component_ref idref="oc-1221"/>
            <object_component_ref idref="oc-6ab"/>
            <object_component_ref idref="oc-f06"/>
            <object_component_ref idref="oc-f0c"/>
            <object_component_ref idref="oc-1230"/>
            <object_component_ref idref="oc-f18"/>
            <object_component_ref idref="oc-f24"/>
            <object_component_ref idref="oc-aef"/>
            <object_component_ref idref="oc-32f"/>
            <object_component_ref idref="oc-f55"/>
            <object_component_ref idref="oc-f49"/>
            <object_component_ref idref="oc-15e2"/>
            <object_component_ref idref="oc-1389"/>
            <object_component_ref idref="oc-137c"/>
            <object_component_ref idref="oc-1618"/>
            <object_component_ref idref="oc-1606"/>
            <object_component_ref idref="oc-1382"/>
            <object_component_ref idref="oc-160c"/>
            <object_component_ref idref="oc-1328"/>
            <object_component_ref idref="oc-1315"/>
            <object_component_ref idref="oc-1309"/>
            <object_component_ref idref="oc-130f"/>
            <object_component_ref idref="oc-f5b"/>
            <object_component_ref idref="oc-f50"/>
            <object_component_ref idref="oc-a48"/>
            <object_component_ref idref="oc-53c"/>
            <object_component_ref idref="oc-a41"/>
            <object_component_ref idref="oc-b3"/>
            <object_component_ref idref="oc-62"/>
            <object_component_ref idref="oc-262"/>
            <object_component_ref idref="oc-8e"/>
            <object_component_ref idref="oc-16"/>
            <object_component_ref idref="oc-39"/>
            <object_component_ref idref="oc-89"/>
            <object_component_ref idref="oc-4e"/>
            <object_component_ref idref="oc-1a"/>
            <object_component_ref idref="oc-49"/>
            <object_component_ref idref="oc-90"/>
            <object_component_ref idref="oc-5a"/>
            <object_component_ref idref="oc-22"/>
            <object_component_ref idref="oc-55"/>
            <object_component_ref idref="oc-98"/>
            <object_component_ref idref="oc-1e9"/>
            <object_component_ref idref="oc-a1"/>
            <object_component_ref idref="oc-30d"/>
            <object_component_ref idref="oc-67e"/>
            <object_component_ref idref="oc-312"/>
            <object_component_ref idref="oc-e77"/>
            <object_component_ref idref="oc-e6f"/>
            <object_component_ref idref="oc-9d6"/>
            <object_component_ref idref="oc-e72"/>
            <object_component_ref idref="oc-e83"/>
            <object_component_ref idref="oc-a1c"/>
            <object_component_ref idref="oc-1193"/>
            <object_component_ref idref="oc-e60"/>
            <object_component_ref idref="oc-e6c"/>
            <object_component_ref idref="oc-53f"/>
            <object_component_ref idref="oc-539"/>
            <object_component_ref idref="oc-279"/>
            <object_component_ref idref="oc-d04"/>
            <object_component_ref idref="oc-ce0"/>
            <object_component_ref idref="oc-cf1"/>
            <object_component_ref idref="oc-ce5"/>
            <object_component_ref idref="oc-a24"/>
            <object_component_ref idref="oc-40c"/>
            <object_component_ref idref="oc-44"/>
            <object_component_ref idref="oc-52"/>
            <object_component_ref idref="oc-119b"/>
            <object_component_ref idref="oc-e68"/>
            <object_component_ref idref="oc-111b"/>
            <object_component_ref idref="oc-847"/>
            <object_component_ref idref="oc-412"/>
            <object_component_ref idref="oc-848"/>
            <object_component_ref idref="oc-84d"/>
            <object_component_ref idref="oc-6e"/>
            <object_component_ref idref="oc-875"/>
            <object_component_ref idref="oc-41d"/>
            <object_component_ref idref="oc-1091"/>
            <object_component_ref idref="oc-108e"/>
            <object_component_ref idref="oc-c76"/>
            <object_component_ref idref="oc-1097"/>
            <object_component_ref idref="oc-1092"/>
            <object_component_ref idref="oc-13e9"/>
            <object_component_ref idref="oc-13e6"/>
            <object_component_ref idref="oc-1082"/>
            <object_component_ref idref="oc-16be"/>
            <object_component_ref idref="oc-cdd"/>
            <object_component_ref idref="oc-d27"/>
            <object_component_ref idref="oc-841"/>
            <object_component_ref idref="oc-d28"/>
            <object_component_ref idref="oc-1133"/>
            <object_component_ref idref="oc-d2d"/>
            <object_component_ref idref="oc-112e"/>
            <object_component_ref idref="oc-d1e"/>
            <object_component_ref idref="oc-1468"/>
            <object_component_ref idref="oc-112b"/>
            <object_component_ref idref="oc-ceb"/>
            <object_component_ref idref="oc-cf5"/>
            <object_component_ref idref="oc-17f2"/>
            <object_component_ref idref="oc-cff"/>
            <object_component_ref idref="oc-1116"/>
            <object_component_ref idref="oc-cf9"/>
            <object_component_ref idref="oc-1130"/>
            <object_component_ref idref="oc-d23"/>
            <object_component_ref idref="oc-149e"/>
            <object_component_ref idref="oc-1195"/>
            <object_component_ref idref="oc-111a"/>
            <object_component_ref idref="oc-d09"/>
            <object_component_ref idref="oc-1127"/>
            <object_component_ref idref="oc-d12"/>
            <object_component_ref idref="oc-1129"/>
            <object_component_ref idref="oc-d15"/>
            <object_component_ref idref="oc-13eb"/>
            <object_component_ref idref="oc-1088"/>
            <object_component_ref idref="oc-1122"/>
            <object_component_ref idref="oc-195f"/>
         </contents>
      </logical_group>
      <logical_group id="lg-194b" display="never" color="cyan">
         <name>.debug_line</name>
         <load_address>0x0</load_address>
         <run_address>0x0</run_address>
         <size>0x24c8f</size>
         <contents>
            <object_component_ref idref="oc-57c"/>
            <object_component_ref idref="oc-b66"/>
            <object_component_ref idref="oc-b68"/>
            <object_component_ref idref="oc-72f"/>
            <object_component_ref idref="oc-fb4"/>
            <object_component_ref idref="oc-b73"/>
            <object_component_ref idref="oc-6dd"/>
            <object_component_ref idref="oc-139a"/>
            <object_component_ref idref="oc-ff9"/>
            <object_component_ref idref="oc-b7e"/>
            <object_component_ref idref="oc-20d"/>
            <object_component_ref idref="oc-207"/>
            <object_component_ref idref="oc-580"/>
            <object_component_ref idref="oc-58a"/>
            <object_component_ref idref="oc-5d0"/>
            <object_component_ref idref="oc-594"/>
            <object_component_ref idref="oc-58f"/>
            <object_component_ref idref="oc-1306"/>
            <object_component_ref idref="oc-efd"/>
            <object_component_ref idref="oc-56f"/>
            <object_component_ref idref="oc-e2"/>
            <object_component_ref idref="oc-a5b"/>
            <object_component_ref idref="oc-599"/>
            <object_component_ref idref="oc-59e"/>
            <object_component_ref idref="oc-5a3"/>
            <object_component_ref idref="oc-3ca"/>
            <object_component_ref idref="oc-5a8"/>
            <object_component_ref idref="oc-5ad"/>
            <object_component_ref idref="oc-5b2"/>
            <object_component_ref idref="oc-5b7"/>
            <object_component_ref idref="oc-a56"/>
            <object_component_ref idref="oc-5bc"/>
            <object_component_ref idref="oc-5c1"/>
            <object_component_ref idref="oc-5c6"/>
            <object_component_ref idref="oc-5cb"/>
            <object_component_ref idref="oc-547"/>
            <object_component_ref idref="oc-a51"/>
            <object_component_ref idref="oc-3cf"/>
            <object_component_ref idref="oc-5d5"/>
            <object_component_ref idref="oc-5da"/>
            <object_component_ref idref="oc-5df"/>
            <object_component_ref idref="oc-55b"/>
            <object_component_ref idref="oc-54c"/>
            <object_component_ref idref="oc-5e4"/>
            <object_component_ref idref="oc-259"/>
            <object_component_ref idref="oc-3ed"/>
            <object_component_ref idref="oc-2fc"/>
            <object_component_ref idref="oc-19b"/>
            <object_component_ref idref="oc-1aa"/>
            <object_component_ref idref="oc-574"/>
            <object_component_ref idref="oc-1b9"/>
            <object_component_ref idref="oc-2e3"/>
            <object_component_ref idref="oc-1be"/>
            <object_component_ref idref="oc-2e8"/>
            <object_component_ref idref="oc-579"/>
            <object_component_ref idref="oc-3e8"/>
            <object_component_ref idref="oc-128"/>
            <object_component_ref idref="oc-e7"/>
            <object_component_ref idref="oc-2d4"/>
            <object_component_ref idref="oc-5e9"/>
            <object_component_ref idref="oc-2cf"/>
            <object_component_ref idref="oc-2a2"/>
            <object_component_ref idref="oc-f1"/>
            <object_component_ref idref="oc-585"/>
            <object_component_ref idref="oc-d8"/>
            <object_component_ref idref="oc-12d"/>
            <object_component_ref idref="oc-137"/>
            <object_component_ref idref="oc-2b1"/>
            <object_component_ref idref="oc-146"/>
            <object_component_ref idref="oc-1397"/>
            <object_component_ref idref="oc-3d9"/>
            <object_component_ref idref="oc-560"/>
            <object_component_ref idref="oc-56a"/>
            <object_component_ref idref="oc-29d"/>
            <object_component_ref idref="oc-2de"/>
            <object_component_ref idref="oc-2ca"/>
            <object_component_ref idref="oc-3c1"/>
            <object_component_ref idref="oc-b1"/>
            <object_component_ref idref="oc-3c5"/>
            <object_component_ref idref="oc-523"/>
            <object_component_ref idref="oc-3fc"/>
            <object_component_ref idref="oc-817"/>
            <object_component_ref idref="oc-50f"/>
            <object_component_ref idref="oc-2bb"/>
            <object_component_ref idref="oc-514"/>
            <object_component_ref idref="oc-519"/>
            <object_component_ref idref="oc-51e"/>
            <object_component_ref idref="oc-2c5"/>
            <object_component_ref idref="oc-821"/>
            <object_component_ref idref="oc-1b4"/>
            <object_component_ref idref="oc-2f2"/>
            <object_component_ref idref="oc-3e3"/>
            <object_component_ref idref="oc-2ed"/>
            <object_component_ref idref="oc-f6"/>
            <object_component_ref idref="oc-fb"/>
            <object_component_ref idref="oc-2d9"/>
            <object_component_ref idref="oc-3d4"/>
            <object_component_ref idref="oc-3de"/>
            <object_component_ref idref="oc-3f2"/>
            <object_component_ref idref="oc-25e"/>
            <object_component_ref idref="oc-3f7"/>
            <object_component_ref idref="oc-81c"/>
            <object_component_ref idref="oc-2a7"/>
            <object_component_ref idref="oc-e49"/>
            <object_component_ref idref="oc-e47"/>
            <object_component_ref idref="oc-1191"/>
            <object_component_ref idref="oc-118a"/>
            <object_component_ref idref="oc-118f"/>
            <object_component_ref idref="oc-d8c"/>
            <object_component_ref idref="oc-db8"/>
            <object_component_ref idref="oc-dd6"/>
            <object_component_ref idref="oc-dc4"/>
            <object_component_ref idref="oc-e20"/>
            <object_component_ref idref="oc-deb"/>
            <object_component_ref idref="oc-df1"/>
            <object_component_ref idref="oc-e09"/>
            <object_component_ref idref="oc-e03"/>
            <object_component_ref idref="oc-da1"/>
            <object_component_ref idref="oc-e26"/>
            <object_component_ref idref="oc-94f"/>
            <object_component_ref idref="oc-90c"/>
            <object_component_ref idref="oc-906"/>
            <object_component_ref idref="oc-8cf"/>
            <object_component_ref idref="oc-ddd"/>
            <object_component_ref idref="oc-918"/>
            <object_component_ref idref="oc-924"/>
            <object_component_ref idref="oc-912"/>
            <object_component_ref idref="oc-91e"/>
            <object_component_ref idref="oc-8e7"/>
            <object_component_ref idref="oc-8f9"/>
            <object_component_ref idref="oc-98c"/>
            <object_component_ref idref="oc-8f3"/>
            <object_component_ref idref="oc-8db"/>
            <object_component_ref idref="oc-96e"/>
            <object_component_ref idref="oc-992"/>
            <object_component_ref idref="oc-998"/>
            <object_component_ref idref="oc-99e"/>
            <object_component_ref idref="oc-47d"/>
            <object_component_ref idref="oc-955"/>
            <object_component_ref idref="oc-943"/>
            <object_component_ref idref="oc-949"/>
            <object_component_ref idref="oc-95b"/>
            <object_component_ref idref="oc-931"/>
            <object_component_ref idref="oc-93d"/>
            <object_component_ref idref="oc-937"/>
            <object_component_ref idref="oc-1180"/>
            <object_component_ref idref="oc-e00"/>
            <object_component_ref idref="oc-de8"/>
            <object_component_ref idref="oc-daa"/>
            <object_component_ref idref="oc-8c8"/>
            <object_component_ref idref="oc-8e0"/>
            <object_component_ref idref="oc-8fe"/>
            <object_component_ref idref="oc-967"/>
            <object_component_ref idref="oc-97f"/>
            <object_component_ref idref="oc-979"/>
            <object_component_ref idref="oc-973"/>
            <object_component_ref idref="oc-8ec"/>
            <object_component_ref idref="oc-9a7"/>
            <object_component_ref idref="oc-48e"/>
            <object_component_ref idref="oc-e38"/>
            <object_component_ref idref="oc-9ad"/>
            <object_component_ref idref="oc-9b3"/>
            <object_component_ref idref="oc-9b9"/>
            <object_component_ref idref="oc-960"/>
            <object_component_ref idref="oc-dfa"/>
            <object_component_ref idref="oc-488"/>
            <object_component_ref idref="oc-8b8"/>
            <object_component_ref idref="oc-dbe"/>
            <object_component_ref idref="oc-dd0"/>
            <object_component_ref idref="oc-dca"/>
            <object_component_ref idref="oc-db2"/>
            <object_component_ref idref="oc-de2"/>
            <object_component_ref idref="oc-8c2"/>
            <object_component_ref idref="oc-8d4"/>
            <object_component_ref idref="oc-494"/>
            <object_component_ref idref="oc-476"/>
            <object_component_ref idref="oc-41"/>
            <object_component_ref idref="oc-d90"/>
            <object_component_ref idref="oc-8b2"/>
            <object_component_ref idref="oc-d85"/>
            <object_component_ref idref="oc-d7f"/>
            <object_component_ref idref="oc-d79"/>
            <object_component_ref idref="oc-d73"/>
            <object_component_ref idref="oc-92a"/>
            <object_component_ref idref="oc-470"/>
            <object_component_ref idref="oc-46a"/>
            <object_component_ref idref="oc-d94"/>
            <object_component_ref idref="oc-d99"/>
            <object_component_ref idref="oc-d9d"/>
            <object_component_ref idref="oc-401"/>
            <object_component_ref idref="oc-243"/>
            <object_component_ref idref="oc-24b"/>
            <object_component_ref idref="oc-3ff"/>
            <object_component_ref idref="oc-253"/>
            <object_component_ref idref="oc-403"/>
            <object_component_ref idref="oc-e7c"/>
            <object_component_ref idref="oc-a0e"/>
            <object_component_ref idref="oc-4c9"/>
            <object_component_ref idref="oc-4e7"/>
            <object_component_ref idref="oc-4c3"/>
            <object_component_ref idref="oc-4bd"/>
            <object_component_ref idref="oc-4ed"/>
            <object_component_ref idref="oc-4e1"/>
            <object_component_ref idref="oc-4b7"/>
            <object_component_ref idref="oc-4ff"/>
            <object_component_ref idref="oc-d4"/>
            <object_component_ref idref="oc-16ea"/>
            <object_component_ref idref="oc-13f4"/>
            <object_component_ref idref="oc-168d"/>
            <object_component_ref idref="oc-11bf"/>
            <object_component_ref idref="oc-10c4"/>
            <object_component_ref idref="oc-1151"/>
            <object_component_ref idref="oc-14ed"/>
            <object_component_ref idref="oc-1679"/>
            <object_component_ref idref="oc-1699"/>
            <object_component_ref idref="oc-d43"/>
            <object_component_ref idref="oc-cd0"/>
            <object_component_ref idref="oc-be0"/>
            <object_component_ref idref="oc-1065"/>
            <object_component_ref idref="oc-78"/>
            <object_component_ref idref="oc-86"/>
            <object_component_ref idref="oc-88"/>
            <object_component_ref idref="oc-813"/>
            <object_component_ref idref="oc-125a"/>
            <object_component_ref idref="oc-1551"/>
            <object_component_ref idref="oc-145b"/>
            <object_component_ref idref="oc-a5e"/>
            <object_component_ref idref="oc-a60"/>
            <object_component_ref idref="oc-a62"/>
            <object_component_ref idref="oc-5f6"/>
            <object_component_ref idref="oc-11de"/>
            <object_component_ref idref="oc-11c3"/>
            <object_component_ref idref="oc-1735"/>
            <object_component_ref idref="oc-ed8"/>
            <object_component_ref idref="oc-154f"/>
            <object_component_ref idref="oc-11c1"/>
            <object_component_ref idref="oc-11d3"/>
            <object_component_ref idref="oc-11d1"/>
            <object_component_ref idref="oc-11cf"/>
            <object_component_ref idref="oc-11cd"/>
            <object_component_ref idref="oc-11cb"/>
            <object_component_ref idref="oc-11c9"/>
            <object_component_ref idref="oc-11c7"/>
            <object_component_ref idref="oc-11c5"/>
            <object_component_ref idref="oc-eda"/>
            <object_component_ref idref="oc-5fe"/>
            <object_component_ref idref="oc-ed0"/>
            <object_component_ref idref="oc-edc"/>
            <object_component_ref idref="oc-ede"/>
            <object_component_ref idref="oc-104f"/>
            <object_component_ref idref="oc-123b"/>
            <object_component_ref idref="oc-1104"/>
            <object_component_ref idref="oc-16a7"/>
            <object_component_ref idref="oc-16a9"/>
            <object_component_ref idref="oc-1438"/>
            <object_component_ref idref="oc-1430"/>
            <object_component_ref idref="oc-142e"/>
            <object_component_ref idref="oc-1808"/>
            <object_component_ref idref="oc-1806"/>
            <object_component_ref idref="oc-e8e"/>
            <object_component_ref idref="oc-17e8"/>
            <object_component_ref idref="oc-17e6"/>
            <object_component_ref idref="oc-c80"/>
            <object_component_ref idref="oc-168f"/>
            <object_component_ref idref="oc-1691"/>
            <object_component_ref idref="oc-1693"/>
            <object_component_ref idref="oc-1697"/>
            <object_component_ref idref="oc-1695"/>
            <object_component_ref idref="oc-d4a"/>
            <object_component_ref idref="oc-1153"/>
            <object_component_ref idref="oc-d37"/>
            <object_component_ref idref="oc-d39"/>
            <object_component_ref idref="oc-d3b"/>
            <object_component_ref idref="oc-d3f"/>
            <object_component_ref idref="oc-d3d"/>
            <object_component_ref idref="oc-d41"/>
            <object_component_ref idref="oc-18fa"/>
            <object_component_ref idref="oc-18fc"/>
            <object_component_ref idref="oc-18ab"/>
            <object_component_ref idref="oc-18a9"/>
            <object_component_ref idref="oc-11e4"/>
            <object_component_ref idref="oc-180e"/>
            <object_component_ref idref="oc-1810"/>
            <object_component_ref idref="oc-1812"/>
            <object_component_ref idref="oc-181c"/>
            <object_component_ref idref="oc-1816"/>
            <object_component_ref idref="oc-ed6"/>
            <object_component_ref idref="oc-1818"/>
            <object_component_ref idref="oc-18a7"/>
            <object_component_ref idref="oc-1814"/>
            <object_component_ref idref="oc-181a"/>
            <object_component_ref idref="oc-181e"/>
            <object_component_ref idref="oc-18a5"/>
            <object_component_ref idref="oc-1854"/>
            <object_component_ref idref="oc-18bc"/>
            <object_component_ref idref="oc-cce"/>
            <object_component_ref idref="oc-18b8"/>
            <object_component_ref idref="oc-18b6"/>
            <object_component_ref idref="oc-18ba"/>
            <object_component_ref idref="oc-18b4"/>
            <object_component_ref idref="oc-18b2"/>
            <object_component_ref idref="oc-1893"/>
            <object_component_ref idref="oc-17e4"/>
            <object_component_ref idref="oc-13b9"/>
            <object_component_ref idref="oc-13b7"/>
            <object_component_ref idref="oc-bee"/>
            <object_component_ref idref="oc-bec"/>
            <object_component_ref idref="oc-be2"/>
            <object_component_ref idref="oc-be4"/>
            <object_component_ref idref="oc-be6"/>
            <object_component_ref idref="oc-bea"/>
            <object_component_ref idref="oc-be8"/>
            <object_component_ref idref="oc-cd2"/>
            <object_component_ref idref="oc-e56"/>
            <object_component_ref idref="oc-cd4"/>
            <object_component_ref idref="oc-110c"/>
            <object_component_ref idref="oc-110e"/>
            <object_component_ref idref="oc-cd9"/>
            <object_component_ref idref="oc-172c"/>
            <object_component_ref idref="oc-79b"/>
            <object_component_ref idref="oc-c5a"/>
            <object_component_ref idref="oc-13cc"/>
            <object_component_ref idref="oc-1067"/>
            <object_component_ref idref="oc-106c"/>
            <object_component_ref idref="oc-c3e"/>
            <object_component_ref idref="oc-c28"/>
            <object_component_ref idref="oc-c2a"/>
            <object_component_ref idref="oc-c2c"/>
            <object_component_ref idref="oc-c30"/>
            <object_component_ref idref="oc-1730"/>
            <object_component_ref idref="oc-1683"/>
            <object_component_ref idref="oc-1685"/>
            <object_component_ref idref="oc-c2e"/>
            <object_component_ref idref="oc-c64"/>
            <object_component_ref idref="oc-c66"/>
            <object_component_ref idref="oc-c32"/>
            <object_component_ref idref="oc-e59"/>
            <object_component_ref idref="oc-e5c"/>
            <object_component_ref idref="oc-c36"/>
            <object_component_ref idref="oc-c34"/>
            <object_component_ref idref="oc-1680"/>
            <object_component_ref idref="oc-1732"/>
            <object_component_ref idref="oc-100b"/>
            <object_component_ref idref="oc-ba8"/>
            <object_component_ref idref="oc-ba6"/>
            <object_component_ref idref="oc-baa"/>
            <object_component_ref idref="oc-bae"/>
            <object_component_ref idref="oc-bac"/>
            <object_component_ref idref="oc-17d5"/>
            <object_component_ref idref="oc-17cd"/>
            <object_component_ref idref="oc-17cb"/>
            <object_component_ref idref="oc-17cf"/>
            <object_component_ref idref="oc-17c9"/>
            <object_component_ref idref="oc-17d1"/>
            <object_component_ref idref="oc-17d3"/>
            <object_component_ref idref="oc-13b3"/>
            <object_component_ref idref="oc-105a"/>
            <object_component_ref idref="oc-c40"/>
            <object_component_ref idref="oc-17dd"/>
            <object_component_ref idref="oc-17df"/>
            <object_component_ref idref="oc-17c7"/>
            <object_component_ref idref="oc-13bb"/>
            <object_component_ref idref="oc-1058"/>
            <object_component_ref idref="oc-1056"/>
            <object_component_ref idref="oc-1918"/>
            <object_component_ref idref="oc-327"/>
            <object_component_ref idref="oc-696"/>
            <object_component_ref idref="oc-1218"/>
            <object_component_ref idref="oc-11e6"/>
            <object_component_ref idref="oc-eeb"/>
            <object_component_ref idref="oc-31b"/>
            <object_component_ref idref="oc-325"/>
            <object_component_ref idref="oc-323"/>
            <object_component_ref idref="oc-ee9"/>
            <object_component_ref idref="oc-ee4"/>
            <object_component_ref idref="oc-800"/>
            <object_component_ref idref="oc-802"/>
            <object_component_ref idref="oc-a3b"/>
            <object_component_ref idref="oc-7fd"/>
            <object_component_ref idref="oc-a3d"/>
            <object_component_ref idref="oc-537"/>
            <object_component_ref idref="oc-a39"/>
            <object_component_ref idref="oc-141d"/>
            <object_component_ref idref="oc-d65"/>
            <object_component_ref idref="oc-27e"/>
            <object_component_ref idref="oc-16cb"/>
            <object_component_ref idref="oc-1651"/>
            <object_component_ref idref="oc-1937"/>
            <object_component_ref idref="oc-16e2"/>
            <object_component_ref idref="oc-16e4"/>
            <object_component_ref idref="oc-16e6"/>
            <object_component_ref idref="oc-1009"/>
            <object_component_ref idref="oc-139f"/>
            <object_component_ref idref="oc-1935"/>
            <object_component_ref idref="oc-180a"/>
            <object_component_ref idref="oc-1905"/>
            <object_component_ref idref="oc-1903"/>
            <object_component_ref idref="oc-190d"/>
            <object_component_ref idref="oc-126f"/>
            <object_component_ref idref="oc-16db"/>
            <object_component_ref idref="oc-16a2"/>
            <object_component_ref idref="oc-d53"/>
            <object_component_ref idref="oc-182d"/>
            <object_component_ref idref="oc-186f"/>
            <object_component_ref idref="oc-104d"/>
            <object_component_ref idref="oc-797"/>
            <object_component_ref idref="oc-7da"/>
            <object_component_ref idref="oc-1907"/>
            <object_component_ref idref="oc-455"/>
            <object_component_ref idref="oc-16c5"/>
            <object_component_ref idref="oc-18c6"/>
            <object_component_ref idref="oc-7ef"/>
            <object_component_ref idref="oc-526"/>
            <object_component_ref idref="oc-11b3"/>
            <object_component_ref idref="oc-11ad"/>
            <object_component_ref idref="oc-11b9"/>
            <object_component_ref idref="oc-7f7"/>
            <object_component_ref idref="oc-71"/>
            <object_component_ref idref="oc-31d"/>
            <object_component_ref idref="oc-10f3"/>
            <object_component_ref idref="oc-1426"/>
            <object_component_ref idref="oc-10d2"/>
            <object_component_ref idref="oc-141f"/>
            <object_component_ref idref="oc-10cc"/>
            <object_component_ref idref="oc-cb2"/>
            <object_component_ref idref="oc-cb9"/>
            <object_component_ref idref="oc-17d7"/>
            <object_component_ref idref="oc-10fb"/>
            <object_component_ref idref="oc-80d"/>
            <object_component_ref idref="oc-c94"/>
            <object_component_ref idref="oc-807"/>
            <object_component_ref idref="oc-14e7"/>
            <object_component_ref idref="oc-14e1"/>
            <object_component_ref idref="oc-14db"/>
            <object_component_ref idref="oc-114b"/>
            <object_component_ref idref="oc-1145"/>
            <object_component_ref idref="oc-113f"/>
            <object_component_ref idref="oc-10be"/>
            <object_component_ref idref="oc-10b8"/>
            <object_component_ref idref="oc-10b2"/>
            <object_component_ref idref="oc-c53"/>
            <object_component_ref idref="oc-bfc"/>
            <object_component_ref idref="oc-225"/>
            <object_component_ref idref="oc-150b"/>
            <object_component_ref idref="oc-21f"/>
            <object_component_ref idref="oc-1511"/>
            <object_component_ref idref="oc-ebd"/>
            <object_component_ref idref="oc-1501"/>
            <object_component_ref idref="oc-ec3"/>
            <object_component_ref idref="oc-175f"/>
            <object_component_ref idref="oc-1577"/>
            <object_component_ref idref="oc-219"/>
            <object_component_ref idref="oc-1596"/>
            <object_component_ref idref="oc-1590"/>
            <object_component_ref idref="oc-17ee"/>
            <object_component_ref idref="oc-16ba"/>
            <object_component_ref idref="oc-77b"/>
            <object_component_ref idref="oc-c15"/>
            <object_component_ref idref="oc-1789"/>
            <object_component_ref idref="oc-15ea"/>
            <object_component_ref idref="oc-15fd"/>
            <object_component_ref idref="oc-14fb"/>
            <object_component_ref idref="oc-14f5"/>
            <object_component_ref idref="oc-15f7"/>
            <object_component_ref idref="oc-ac6"/>
            <object_component_ref idref="oc-16f6"/>
            <object_component_ref idref="oc-16f0"/>
            <object_component_ref idref="oc-b4b"/>
            <object_component_ref idref="oc-1529"/>
            <object_component_ref idref="oc-eca"/>
            <object_component_ref idref="oc-441"/>
            <object_component_ref idref="oc-43b"/>
            <object_component_ref idref="oc-1759"/>
            <object_component_ref idref="oc-1571"/>
            <object_component_ref idref="oc-b51"/>
            <object_component_ref idref="oc-151f"/>
            <object_component_ref idref="oc-14b"/>
            <object_component_ref idref="oc-150"/>
            <object_component_ref idref="oc-11e"/>
            <object_component_ref idref="oc-123"/>
            <object_component_ref idref="oc-155"/>
            <object_component_ref idref="oc-15a"/>
            <object_component_ref idref="oc-dd"/>
            <object_component_ref idref="oc-15f"/>
            <object_component_ref idref="oc-164"/>
            <object_component_ref idref="oc-169"/>
            <object_component_ref idref="oc-16e"/>
            <object_component_ref idref="oc-173"/>
            <object_component_ref idref="oc-178"/>
            <object_component_ref idref="oc-17d"/>
            <object_component_ref idref="oc-182"/>
            <object_component_ref idref="oc-2f7"/>
            <object_component_ref idref="oc-10a"/>
            <object_component_ref idref="oc-2ac"/>
            <object_component_ref idref="oc-187"/>
            <object_component_ref idref="oc-114"/>
            <object_component_ref idref="oc-2b6"/>
            <object_component_ref idref="oc-18c"/>
            <object_component_ref idref="oc-2c0"/>
            <object_component_ref idref="oc-191"/>
            <object_component_ref idref="oc-196"/>
            <object_component_ref idref="oc-1a0"/>
            <object_component_ref idref="oc-1a5"/>
            <object_component_ref idref="oc-1af"/>
            <object_component_ref idref="oc-1c3"/>
            <object_component_ref idref="oc-1c8"/>
            <object_component_ref idref="oc-1cd"/>
            <object_component_ref idref="oc-141"/>
            <object_component_ref idref="oc-132"/>
            <object_component_ref idref="oc-16cf"/>
            <object_component_ref idref="oc-301"/>
            <object_component_ref idref="oc-1d7"/>
            <object_component_ref idref="oc-ec"/>
            <object_component_ref idref="oc-100"/>
            <object_component_ref idref="oc-105"/>
            <object_component_ref idref="oc-1d2"/>
            <object_component_ref idref="oc-10f"/>
            <object_component_ref idref="oc-1dc"/>
            <object_component_ref idref="oc-119"/>
            <object_component_ref idref="oc-13c"/>
            <object_component_ref idref="oc-a4d"/>
            <object_component_ref idref="oc-4db"/>
            <object_component_ref idref="oc-a15"/>
            <object_component_ref idref="oc-bb2"/>
            <object_component_ref idref="oc-282"/>
            <object_component_ref idref="oc-e5e"/>
            <object_component_ref idref="oc-4b1"/>
            <object_component_ref idref="oc-e88"/>
            <object_component_ref idref="oc-4f9"/>
            <object_component_ref idref="oc-e81"/>
            <object_component_ref idref="oc-4d5"/>
            <object_component_ref idref="oc-11a3"/>
            <object_component_ref idref="oc-9df"/>
            <object_component_ref idref="oc-e7f"/>
            <object_component_ref idref="oc-4cf"/>
            <object_component_ref idref="oc-e86"/>
            <object_component_ref idref="oc-4f3"/>
            <object_component_ref idref="oc-d57"/>
            <object_component_ref idref="oc-b6a"/>
            <object_component_ref idref="oc-d55"/>
            <object_component_ref idref="oc-1167"/>
            <object_component_ref idref="oc-44c"/>
            <object_component_ref idref="oc-352"/>
            <object_component_ref idref="oc-446"/>
            <object_component_ref idref="oc-d5b"/>
            <object_component_ref idref="oc-896"/>
            <object_component_ref idref="oc-d47"/>
            <object_component_ref idref="oc-b75"/>
            <object_component_ref idref="oc-d6e"/>
            <object_component_ref idref="oc-425"/>
            <object_component_ref idref="oc-464"/>
            <object_component_ref idref="oc-359"/>
            <object_component_ref idref="oc-45e"/>
            <object_component_ref idref="oc-74f"/>
            <object_component_ref idref="oc-b5d"/>
            <object_component_ref idref="oc-731"/>
            <object_component_ref idref="oc-b5b"/>
            <object_component_ref idref="oc-213"/>
            <object_component_ref idref="oc-33f"/>
            <object_component_ref idref="oc-345"/>
            <object_component_ref idref="oc-201"/>
            <object_component_ref idref="oc-724"/>
            <object_component_ref idref="oc-556"/>
            <object_component_ref idref="oc-753"/>
            <object_component_ref idref="oc-1302"/>
            <object_component_ref idref="oc-fb1"/>
            <object_component_ref idref="oc-129a"/>
            <object_component_ref idref="oc-12d4"/>
            <object_component_ref idref="oc-12e0"/>
            <object_component_ref idref="oc-12f2"/>
            <object_component_ref idref="oc-fae"/>
            <object_component_ref idref="oc-f96"/>
            <object_component_ref idref="oc-fa8"/>
            <object_component_ref idref="oc-fa2"/>
            <object_component_ref idref="oc-f9c"/>
            <object_component_ref idref="oc-f90"/>
            <object_component_ref idref="oc-15cd"/>
            <object_component_ref idref="oc-12da"/>
            <object_component_ref idref="oc-12e6"/>
            <object_component_ref idref="oc-b0b"/>
            <object_component_ref idref="oc-6cf"/>
            <object_component_ref idref="oc-b09"/>
            <object_component_ref idref="oc-12ae"/>
            <object_component_ref idref="oc-f47"/>
            <object_component_ref idref="oc-b2a"/>
            <object_component_ref idref="oc-b24"/>
            <object_component_ref idref="oc-12b7"/>
            <object_component_ref idref="oc-1283"/>
            <object_component_ref idref="oc-12c3"/>
            <object_component_ref idref="oc-32d"/>
            <object_component_ref idref="oc-1fc"/>
            <object_component_ref idref="oc-188b"/>
            <object_component_ref idref="oc-1289"/>
            <object_component_ref idref="oc-12b9"/>
            <object_component_ref idref="oc-128b"/>
            <object_component_ref idref="oc-1393"/>
            <object_component_ref idref="oc-ff2"/>
            <object_component_ref idref="oc-164b"/>
            <object_component_ref idref="oc-17aa"/>
            <object_component_ref idref="oc-135d"/>
            <object_component_ref idref="oc-1369"/>
            <object_component_ref idref="oc-1363"/>
            <object_component_ref idref="oc-1333"/>
            <object_component_ref idref="oc-134b"/>
            <object_component_ref idref="oc-1351"/>
            <object_component_ref idref="oc-1648"/>
            <object_component_ref idref="oc-163c"/>
            <object_component_ref idref="oc-1630"/>
            <object_component_ref idref="oc-fe9"/>
            <object_component_ref idref="oc-fe3"/>
            <object_component_ref idref="oc-fd7"/>
            <object_component_ref idref="oc-fb9"/>
            <object_component_ref idref="oc-fcb"/>
            <object_component_ref idref="oc-fc5"/>
            <object_component_ref idref="oc-fbf"/>
            <object_component_ref idref="oc-fd1"/>
            <object_component_ref idref="oc-fdd"/>
            <object_component_ref idref="oc-fef"/>
            <object_component_ref idref="oc-162a"/>
            <object_component_ref idref="oc-1636"/>
            <object_component_ref idref="oc-1620"/>
            <object_component_ref idref="oc-1357"/>
            <object_component_ref idref="oc-1642"/>
            <object_component_ref idref="oc-1372"/>
            <object_component_ref idref="oc-1739"/>
            <object_component_ref idref="oc-157c"/>
            <object_component_ref idref="oc-1585"/>
            <object_component_ref idref="oc-1243"/>
            <object_component_ref idref="oc-123d"/>
            <object_component_ref idref="oc-1798"/>
            <object_component_ref idref="oc-17b1"/>
            <object_component_ref idref="oc-1325"/>
            <object_component_ref idref="oc-1379"/>
            <object_component_ref idref="oc-1342"/>
            <object_component_ref idref="oc-543"/>
            <object_component_ref idref="oc-551"/>
            <object_component_ref idref="oc-c1"/>
            <object_component_ref idref="oc-565"/>
            <object_component_ref idref="oc-f33"/>
            <object_component_ref idref="oc-6c6"/>
            <object_component_ref idref="oc-6da"/>
            <object_component_ref idref="oc-6d4"/>
            <object_component_ref idref="oc-f37"/>
            <object_component_ref idref="oc-f3c"/>
            <object_component_ref idref="oc-178c"/>
            <object_component_ref idref="oc-17be"/>
            <object_component_ref idref="oc-17b8"/>
            <object_component_ref idref="oc-131e"/>
            <object_component_ref idref="oc-133f"/>
            <object_component_ref idref="oc-1339"/>
            <object_component_ref idref="oc-1602"/>
            <object_component_ref idref="oc-1849"/>
            <object_component_ref idref="oc-1767"/>
            <object_component_ref idref="oc-1795"/>
            <object_component_ref idref="oc-1790"/>
            <object_component_ref idref="oc-f6a"/>
            <object_component_ref idref="oc-360"/>
            <object_component_ref idref="oc-12a1"/>
            <object_component_ref idref="oc-70c"/>
            <object_component_ref idref="oc-706"/>
            <object_component_ref idref="oc-f6e"/>
            <object_component_ref idref="oc-b56"/>
            <object_component_ref idref="oc-1763"/>
            <object_component_ref idref="oc-12fe"/>
            <object_component_ref idref="oc-12ec"/>
            <object_component_ref idref="oc-12a7"/>
            <object_component_ref idref="oc-12ce"/>
            <object_component_ref idref="oc-12c8"/>
            <object_component_ref idref="oc-159c"/>
            <object_component_ref idref="oc-176c"/>
            <object_component_ref idref="oc-600"/>
            <object_component_ref idref="oc-b1a"/>
            <object_component_ref idref="oc-1075"/>
            <object_component_ref idref="oc-c18"/>
            <object_component_ref idref="oc-1448"/>
            <object_component_ref idref="oc-879"/>
            <object_component_ref idref="oc-9ca"/>
            <object_component_ref idref="oc-cbf"/>
            <object_component_ref idref="oc-82a"/>
            <object_component_ref idref="oc-153b"/>
            <object_component_ref idref="oc-1253"/>
            <object_component_ref idref="oc-7dc"/>
            <object_component_ref idref="oc-c1e"/>
            <object_component_ref idref="oc-1455"/>
            <object_component_ref idref="oc-13ce"/>
            <object_component_ref idref="oc-106f"/>
            <object_component_ref idref="oc-c5d"/>
            <object_component_ref idref="oc-7e2"/>
            <object_component_ref idref="oc-10eb"/>
            <object_component_ref idref="oc-cac"/>
            <object_component_ref idref="oc-824"/>
            <object_component_ref idref="oc-9c1"/>
            <object_component_ref idref="oc-49d"/>
            <object_component_ref idref="oc-859"/>
            <object_component_ref idref="oc-1838"/>
            <object_component_ref idref="oc-7a9"/>
            <object_component_ref idref="oc-853"/>
            <object_component_ref idref="oc-1200"/>
            <object_component_ref idref="oc-391"/>
            <object_component_ref idref="oc-3a6"/>
            <object_component_ref idref="oc-f63"/>
            <object_component_ref idref="oc-b32"/>
            <object_component_ref idref="oc-ca6"/>
            <object_component_ref idref="oc-b14"/>
            <object_component_ref idref="oc-1831"/>
            <object_component_ref idref="oc-144e"/>
            <object_component_ref idref="oc-11fa"/>
            <object_component_ref idref="oc-1879"/>
            <object_component_ref idref="oc-497"/>
            <object_component_ref idref="oc-405"/>
            <object_component_ref idref="oc-37d"/>
            <object_component_ref idref="oc-1840"/>
            <object_component_ref idref="oc-bd6"/>
            <object_component_ref idref="oc-13c6"/>
            <object_component_ref idref="oc-1106"/>
            <object_component_ref idref="oc-1859"/>
            <object_component_ref idref="oc-1875"/>
            <object_component_ref idref="oc-1445"/>
            <object_component_ref idref="oc-482"/>
            <object_component_ref idref="oc-11f7"/>
            <object_component_ref idref="oc-17a1"/>
            <object_component_ref idref="oc-1850"/>
            <object_component_ref idref="oc-14d2"/>
            <object_component_ref idref="oc-687"/>
            <object_component_ref idref="oc-14d8"/>
            <object_component_ref idref="oc-14cc"/>
            <object_component_ref idref="oc-14c6"/>
            <object_component_ref idref="oc-171a"/>
            <object_component_ref idref="oc-693"/>
            <object_component_ref idref="oc-1890"/>
            <object_component_ref idref="oc-120f"/>
            <object_component_ref idref="oc-10a3"/>
            <object_component_ref idref="oc-10af"/>
            <object_component_ref idref="oc-10a9"/>
            <object_component_ref idref="oc-140e"/>
            <object_component_ref idref="oc-1418"/>
            <object_component_ref idref="oc-113c"/>
            <object_component_ref idref="oc-42b"/>
            <object_component_ref idref="oc-419"/>
            <object_component_ref idref="oc-887"/>
            <object_component_ref idref="oc-1473"/>
            <object_component_ref idref="oc-11aa"/>
            <object_component_ref idref="oc-c6b"/>
            <object_component_ref idref="oc-a32"/>
            <object_component_ref idref="oc-14a6"/>
            <object_component_ref idref="oc-d0"/>
            <object_component_ref idref="oc-ca"/>
            <object_component_ref idref="oc-10dc"/>
            <object_component_ref idref="oc-c9d"/>
            <object_component_ref idref="oc-152f"/>
            <object_component_ref idref="oc-1727"/>
            <object_component_ref idref="oc-1215"/>
            <object_component_ref idref="oc-b03"/>
            <object_component_ref idref="oc-c0f"/>
            <object_component_ref idref="oc-7a0"/>
            <object_component_ref idref="oc-13db"/>
            <object_component_ref idref="oc-143d"/>
            <object_component_ref idref="oc-ca3"/>
            <object_component_ref idref="oc-372"/>
            <object_component_ref idref="oc-125f"/>
            <object_component_ref idref="oc-1546"/>
            <object_component_ref idref="oc-1265"/>
            <object_component_ref idref="oc-68d"/>
            <object_component_ref idref="oc-adc"/>
            <object_component_ref idref="oc-a7f"/>
            <object_component_ref idref="oc-a79"/>
            <object_component_ref idref="oc-a6d"/>
            <object_component_ref idref="oc-a67"/>
            <object_component_ref idref="oc-a97"/>
            <object_component_ref idref="oc-a8b"/>
            <object_component_ref idref="oc-a73"/>
            <object_component_ref idref="oc-a85"/>
            <object_component_ref idref="oc-a91"/>
            <object_component_ref idref="oc-1e2"/>
            <object_component_ref idref="oc-a9d"/>
            <object_component_ref idref="oc-5fb"/>
            <object_component_ref idref="oc-174c"/>
            <object_component_ref idref="oc-1746"/>
            <object_component_ref idref="oc-1740"/>
            <object_component_ref idref="oc-744"/>
            <object_component_ref idref="oc-1209"/>
            <object_component_ref idref="oc-f79"/>
            <object_component_ref idref="oc-f82"/>
            <object_component_ref idref="oc-231"/>
            <object_component_ref idref="oc-afd"/>
            <object_component_ref idref="oc-c8b"/>
            <object_component_ref idref="oc-622"/>
            <object_component_ref idref="oc-62c"/>
            <object_component_ref idref="oc-604"/>
            <object_component_ref idref="oc-654"/>
            <object_component_ref idref="oc-627"/>
            <object_component_ref idref="oc-61d"/>
            <object_component_ref idref="oc-677"/>
            <object_component_ref idref="oc-645"/>
            <object_component_ref idref="oc-668"/>
            <object_component_ref idref="oc-66d"/>
            <object_component_ref idref="oc-aab"/>
            <object_component_ref idref="oc-aa6"/>
            <object_component_ref idref="oc-ab0"/>
            <object_component_ref idref="oc-672"/>
            <object_component_ref idref="oc-636"/>
            <object_component_ref idref="oc-aba"/>
            <object_component_ref idref="oc-ab5"/>
            <object_component_ref idref="oc-663"/>
            <object_component_ref idref="oc-65e"/>
            <object_component_ref idref="oc-659"/>
            <object_component_ref idref="oc-abf"/>
            <object_component_ref idref="oc-67c"/>
            <object_component_ref idref="oc-631"/>
            <object_component_ref idref="oc-609"/>
            <object_component_ref idref="oc-63b"/>
            <object_component_ref idref="oc-64a"/>
            <object_component_ref idref="oc-60e"/>
            <object_component_ref idref="oc-613"/>
            <object_component_ref idref="oc-64f"/>
            <object_component_ref idref="oc-640"/>
            <object_component_ref idref="oc-618"/>
            <object_component_ref idref="oc-1549"/>
            <object_component_ref idref="oc-81"/>
            <object_component_ref idref="oc-7f"/>
            <object_component_ref idref="oc-124e"/>
            <object_component_ref idref="oc-16ac"/>
            <object_component_ref idref="oc-105f"/>
            <object_component_ref idref="oc-107b"/>
            <object_component_ref idref="oc-13c0"/>
            <object_component_ref idref="oc-100d"/>
            <object_component_ref idref="oc-759"/>
            <object_component_ref idref="oc-1011"/>
            <object_component_ref idref="oc-bb5"/>
            <object_component_ref idref="oc-3a0"/>
            <object_component_ref idref="oc-37a"/>
            <object_component_ref idref="oc-774"/>
            <object_component_ref idref="oc-bc8"/>
            <object_component_ref idref="oc-bcd"/>
            <object_component_ref idref="oc-1023"/>
            <object_component_ref idref="oc-103c"/>
            <object_component_ref idref="oc-1041"/>
            <object_component_ref idref="oc-102d"/>
            <object_component_ref idref="oc-bc3"/>
            <object_component_ref idref="oc-bb9"/>
            <object_component_ref idref="oc-1032"/>
            <object_component_ref idref="oc-1028"/>
            <object_component_ref idref="oc-bbe"/>
            <object_component_ref idref="oc-1037"/>
            <object_component_ref idref="oc-101e"/>
            <object_component_ref idref="oc-13b5"/>
            <object_component_ref idref="oc-bd3"/>
            <object_component_ref idref="oc-16e8"/>
            <object_component_ref idref="oc-11d8"/>
            <object_component_ref idref="oc-bf0"/>
            <object_component_ref idref="oc-38a"/>
            <object_component_ref idref="oc-c42"/>
            <object_component_ref idref="oc-b44"/>
            <object_component_ref idref="oc-1656"/>
            <object_component_ref idref="oc-b8e"/>
            <object_component_ref idref="oc-18c3"/>
            <object_component_ref idref="oc-1883"/>
            <object_component_ref idref="oc-13b0"/>
            <object_component_ref idref="oc-39a"/>
            <object_component_ref idref="oc-c46"/>
            <object_component_ref idref="oc-c50"/>
            <object_component_ref idref="oc-c4b"/>
            <object_component_ref idref="oc-c6f"/>
            <object_component_ref idref="oc-3b0"/>
            <object_component_ref idref="oc-26b"/>
            <object_component_ref idref="oc-c73"/>
            <object_component_ref idref="oc-101a"/>
            <object_component_ref idref="oc-bf9"/>
            <object_component_ref idref="oc-7a6"/>
            <object_component_ref idref="oc-b9c"/>
            <object_component_ref idref="oc-7d3"/>
            <object_component_ref idref="oc-75f"/>
            <object_component_ref idref="oc-1017"/>
            <object_component_ref idref="oc-ba2"/>
            <object_component_ref idref="oc-eed"/>
            <object_component_ref idref="oc-69b"/>
            <object_component_ref idref="oc-c85"/>
            <object_component_ref idref="oc-a9"/>
            <object_component_ref idref="oc-ef1"/>
            <object_component_ref idref="oc-ef6"/>
            <object_component_ref idref="oc-286"/>
            <object_component_ref idref="oc-1488"/>
            <object_component_ref idref="oc-148e"/>
            <object_component_ref idref="oc-1160"/>
            <object_component_ref idref="oc-18ee"/>
            <object_component_ref idref="oc-d6a"/>
            <object_component_ref idref="oc-b8"/>
            <object_component_ref idref="oc-8a6"/>
            <object_component_ref idref="oc-6b"/>
            <object_component_ref idref="oc-1914"/>
            <object_component_ref idref="oc-c91"/>
            <object_component_ref idref="oc-18f6"/>
            <object_component_ref idref="oc-452"/>
            <object_component_ref idref="oc-11eb"/>
            <object_component_ref idref="oc-28f"/>
            <object_component_ref idref="oc-294"/>
            <object_component_ref idref="oc-1497"/>
            <object_component_ref idref="oc-28a"/>
            <object_component_ref idref="oc-1478"/>
            <object_component_ref idref="oc-115a"/>
            <object_component_ref idref="oc-d61"/>
            <object_component_ref idref="oc-22b"/>
            <object_component_ref idref="oc-271"/>
            <object_component_ref idref="oc-89c"/>
            <object_component_ref idref="oc-11f1"/>
            <object_component_ref idref="oc-1481"/>
            <object_component_ref idref="oc-147c"/>
            <object_component_ref idref="oc-13a6"/>
            <object_component_ref idref="oc-18a0"/>
            <object_component_ref idref="oc-b88"/>
            <object_component_ref idref="oc-18e7"/>
            <object_component_ref idref="oc-1929"/>
            <object_component_ref idref="oc-189a"/>
            <object_component_ref idref="oc-1802"/>
            <object_component_ref idref="oc-17fc"/>
            <object_component_ref idref="oc-14b2"/>
            <object_component_ref idref="oc-13aa"/>
            <object_component_ref idref="oc-1001"/>
            <object_component_ref idref="oc-13a3"/>
            <object_component_ref idref="oc-191a"/>
            <object_component_ref idref="oc-18d8"/>
            <object_component_ref idref="oc-1923"/>
            <object_component_ref idref="oc-191e"/>
            <object_component_ref idref="oc-29"/>
            <object_component_ref idref="oc-60"/>
            <object_component_ref idref="oc-122a"/>
            <object_component_ref idref="oc-b2f"/>
            <object_component_ref idref="oc-b11"/>
            <object_component_ref idref="oc-ef9"/>
            <object_component_ref idref="oc-6a2"/>
            <object_component_ref idref="oc-6a8"/>
            <object_component_ref idref="oc-f2c"/>
            <object_component_ref idref="oc-6b4"/>
            <object_component_ref idref="oc-6c0"/>
            <object_component_ref idref="oc-6ba"/>
            <object_component_ref idref="oc-b83"/>
            <object_component_ref idref="oc-b81"/>
            <object_component_ref idref="oc-366"/>
            <object_component_ref idref="oc-36c"/>
            <object_component_ref idref="oc-6e8"/>
            <object_component_ref idref="oc-6eb"/>
            <object_component_ref idref="oc-6e3"/>
            <object_component_ref idref="oc-701"/>
            <object_component_ref idref="oc-6fb"/>
            <object_component_ref idref="oc-6f5"/>
            <object_component_ref idref="oc-712"/>
            <object_component_ref idref="oc-f89"/>
            <object_component_ref idref="oc-b62"/>
            <object_component_ref idref="oc-718"/>
            <object_component_ref idref="oc-1750"/>
            <object_component_ref idref="oc-15d6"/>
            <object_component_ref idref="oc-15af"/>
            <object_component_ref idref="oc-15dc"/>
            <object_component_ref idref="oc-15c7"/>
            <object_component_ref idref="oc-15c1"/>
            <object_component_ref idref="oc-15b5"/>
            <object_component_ref idref="oc-127c"/>
            <object_component_ref idref="oc-15a9"/>
            <object_component_ref idref="oc-15bb"/>
            <object_component_ref idref="oc-155d"/>
            <object_component_ref idref="oc-1776"/>
            <object_component_ref idref="oc-15a3"/>
            <object_component_ref idref="oc-1569"/>
            <object_component_ref idref="oc-12f8"/>
            <object_component_ref idref="oc-1294"/>
            <object_component_ref idref="oc-1276"/>
            <object_component_ref idref="oc-1563"/>
            <object_component_ref idref="oc-1239"/>
            <object_component_ref idref="oc-f15"/>
            <object_component_ref idref="oc-f03"/>
            <object_component_ref idref="oc-121e"/>
            <object_component_ref idref="oc-f21"/>
            <object_component_ref idref="oc-1224"/>
            <object_component_ref idref="oc-6ae"/>
            <object_component_ref idref="oc-f09"/>
            <object_component_ref idref="oc-f0f"/>
            <object_component_ref idref="oc-1233"/>
            <object_component_ref idref="oc-f1b"/>
            <object_component_ref idref="oc-f27"/>
            <object_component_ref idref="oc-af2"/>
            <object_component_ref idref="oc-332"/>
            <object_component_ref idref="oc-f58"/>
            <object_component_ref idref="oc-f4c"/>
            <object_component_ref idref="oc-1783"/>
            <object_component_ref idref="oc-1388"/>
            <object_component_ref idref="oc-137f"/>
            <object_component_ref idref="oc-1617"/>
            <object_component_ref idref="oc-160a"/>
            <object_component_ref idref="oc-1386"/>
            <object_component_ref idref="oc-160f"/>
            <object_component_ref idref="oc-132b"/>
            <object_component_ref idref="oc-1318"/>
            <object_component_ref idref="oc-130c"/>
            <object_component_ref idref="oc-1312"/>
            <object_component_ref idref="oc-f5f"/>
            <object_component_ref idref="oc-f4f"/>
            <object_component_ref idref="oc-e91"/>
            <object_component_ref idref="oc-a47"/>
            <object_component_ref idref="oc-a44"/>
            <object_component_ref idref="oc-261"/>
            <object_component_ref idref="oc-65"/>
            <object_component_ref idref="oc-265"/>
            <object_component_ref idref="oc-1e7"/>
            <object_component_ref idref="oc-18"/>
            <object_component_ref idref="oc-3c"/>
            <object_component_ref idref="oc-8c"/>
            <object_component_ref idref="oc-96"/>
            <object_component_ref idref="oc-1d"/>
            <object_component_ref idref="oc-4c"/>
            <object_component_ref idref="oc-93"/>
            <object_component_ref idref="oc-9e"/>
            <object_component_ref idref="oc-24"/>
            <object_component_ref idref="oc-58"/>
            <object_component_ref idref="oc-9b"/>
            <object_component_ref idref="oc-30c"/>
            <object_component_ref idref="oc-a0"/>
            <object_component_ref idref="oc-310"/>
            <object_component_ref idref="oc-681"/>
            <object_component_ref idref="oc-315"/>
            <object_component_ref idref="oc-11a1"/>
            <object_component_ref idref="oc-119f"/>
            <object_component_ref idref="oc-9d9"/>
            <object_component_ref idref="oc-e75"/>
            <object_component_ref idref="oc-11a5"/>
            <object_component_ref idref="oc-a20"/>
            <object_component_ref idref="oc-149c"/>
            <object_component_ref idref="oc-e63"/>
            <object_component_ref idref="oc-119d"/>
            <object_component_ref idref="oc-a4b"/>
            <object_component_ref idref="oc-a3f"/>
            <object_component_ref idref="oc-278"/>
            <object_component_ref idref="oc-d07"/>
            <object_component_ref idref="oc-ce3"/>
            <object_component_ref idref="oc-cf0"/>
            <object_component_ref idref="oc-ce8"/>
            <object_component_ref idref="oc-a23"/>
            <object_component_ref idref="oc-40e"/>
            <object_component_ref idref="oc-47"/>
            <object_component_ref idref="oc-50"/>
            <object_component_ref idref="oc-14a0"/>
            <object_component_ref idref="oc-e66"/>
            <object_component_ref idref="oc-111e"/>
            <object_component_ref idref="oc-d33"/>
            <object_component_ref idref="oc-414"/>
            <object_component_ref idref="oc-84b"/>
            <object_component_ref idref="oc-850"/>
            <object_component_ref idref="oc-c5"/>
            <object_component_ref idref="oc-d45"/>
            <object_component_ref idref="oc-420"/>
            <object_component_ref idref="oc-13ef"/>
            <object_component_ref idref="oc-13ed"/>
            <object_component_ref idref="oc-c79"/>
            <object_component_ref idref="oc-109a"/>
            <object_component_ref idref="oc-1095"/>
            <object_component_ref idref="oc-1689"/>
            <object_component_ref idref="oc-1687"/>
            <object_component_ref idref="oc-1085"/>
            <object_component_ref idref="oc-16c1"/>
            <object_component_ref idref="oc-cdb"/>
            <object_component_ref idref="oc-1132"/>
            <object_component_ref idref="oc-844"/>
            <object_component_ref idref="oc-d2b"/>
            <object_component_ref idref="oc-1136"/>
            <object_component_ref idref="oc-d30"/>
            <object_component_ref idref="oc-146a"/>
            <object_component_ref idref="oc-d1b"/>
            <object_component_ref idref="oc-16b5"/>
            <object_component_ref idref="oc-1467"/>
            <object_component_ref idref="oc-cea"/>
            <object_component_ref idref="oc-cf4"/>
            <object_component_ref idref="oc-17f5"/>
            <object_component_ref idref="oc-d02"/>
            <object_component_ref idref="oc-145e"/>
            <object_component_ref idref="oc-cfc"/>
            <object_component_ref idref="oc-146c"/>
            <object_component_ref idref="oc-d22"/>
            <object_component_ref idref="oc-16d2"/>
            <object_component_ref idref="oc-1198"/>
            <object_component_ref idref="oc-1460"/>
            <object_component_ref idref="oc-d0c"/>
            <object_component_ref idref="oc-1463"/>
            <object_component_ref idref="oc-d10"/>
            <object_component_ref idref="oc-1465"/>
            <object_component_ref idref="oc-d19"/>
            <object_component_ref idref="oc-168b"/>
            <object_component_ref idref="oc-108c"/>
            <object_component_ref idref="oc-1124"/>
         </contents>
      </logical_group>
      <logical_group id="lg-194d" display="never" color="cyan">
         <name>.debug_frame</name>
         <load_address>0x0</load_address>
         <run_address>0x0</run_address>
         <size>0xde9b</size>
         <contents>
            <object_component_ref idref="oc-20e"/>
            <object_component_ref idref="oc-208"/>
            <object_component_ref idref="oc-b0"/>
            <object_component_ref idref="oc-d8d"/>
            <object_component_ref idref="oc-db9"/>
            <object_component_ref idref="oc-dd7"/>
            <object_component_ref idref="oc-dc5"/>
            <object_component_ref idref="oc-e24"/>
            <object_component_ref idref="oc-def"/>
            <object_component_ref idref="oc-df5"/>
            <object_component_ref idref="oc-e0d"/>
            <object_component_ref idref="oc-e07"/>
            <object_component_ref idref="oc-da5"/>
            <object_component_ref idref="oc-e2a"/>
            <object_component_ref idref="oc-94e"/>
            <object_component_ref idref="oc-90b"/>
            <object_component_ref idref="oc-905"/>
            <object_component_ref idref="oc-8ce"/>
            <object_component_ref idref="oc-ddc"/>
            <object_component_ref idref="oc-917"/>
            <object_component_ref idref="oc-923"/>
            <object_component_ref idref="oc-911"/>
            <object_component_ref idref="oc-91d"/>
            <object_component_ref idref="oc-8e6"/>
            <object_component_ref idref="oc-8f8"/>
            <object_component_ref idref="oc-98b"/>
            <object_component_ref idref="oc-8f2"/>
            <object_component_ref idref="oc-8da"/>
            <object_component_ref idref="oc-96d"/>
            <object_component_ref idref="oc-991"/>
            <object_component_ref idref="oc-997"/>
            <object_component_ref idref="oc-99d"/>
            <object_component_ref idref="oc-47c"/>
            <object_component_ref idref="oc-954"/>
            <object_component_ref idref="oc-942"/>
            <object_component_ref idref="oc-948"/>
            <object_component_ref idref="oc-95a"/>
            <object_component_ref idref="oc-930"/>
            <object_component_ref idref="oc-93c"/>
            <object_component_ref idref="oc-936"/>
            <object_component_ref idref="oc-1181"/>
            <object_component_ref idref="oc-e01"/>
            <object_component_ref idref="oc-de9"/>
            <object_component_ref idref="oc-dab"/>
            <object_component_ref idref="oc-8c9"/>
            <object_component_ref idref="oc-8e1"/>
            <object_component_ref idref="oc-8ff"/>
            <object_component_ref idref="oc-968"/>
            <object_component_ref idref="oc-980"/>
            <object_component_ref idref="oc-97a"/>
            <object_component_ref idref="oc-974"/>
            <object_component_ref idref="oc-8ed"/>
            <object_component_ref idref="oc-9a8"/>
            <object_component_ref idref="oc-48f"/>
            <object_component_ref idref="oc-e39"/>
            <object_component_ref idref="oc-9ae"/>
            <object_component_ref idref="oc-9b4"/>
            <object_component_ref idref="oc-9ba"/>
            <object_component_ref idref="oc-961"/>
            <object_component_ref idref="oc-dfb"/>
            <object_component_ref idref="oc-489"/>
            <object_component_ref idref="oc-8b9"/>
            <object_component_ref idref="oc-dbf"/>
            <object_component_ref idref="oc-dd1"/>
            <object_component_ref idref="oc-dcb"/>
            <object_component_ref idref="oc-db3"/>
            <object_component_ref idref="oc-de3"/>
            <object_component_ref idref="oc-8c3"/>
            <object_component_ref idref="oc-8d5"/>
            <object_component_ref idref="oc-495"/>
            <object_component_ref idref="oc-477"/>
            <object_component_ref idref="oc-8b3"/>
            <object_component_ref idref="oc-d86"/>
            <object_component_ref idref="oc-d80"/>
            <object_component_ref idref="oc-d7a"/>
            <object_component_ref idref="oc-d74"/>
            <object_component_ref idref="oc-92b"/>
            <object_component_ref idref="oc-471"/>
            <object_component_ref idref="oc-46b"/>
            <object_component_ref idref="oc-244"/>
            <object_component_ref idref="oc-24c"/>
            <object_component_ref idref="oc-254"/>
            <object_component_ref idref="oc-a0f"/>
            <object_component_ref idref="oc-4ca"/>
            <object_component_ref idref="oc-4e8"/>
            <object_component_ref idref="oc-4c4"/>
            <object_component_ref idref="oc-4be"/>
            <object_component_ref idref="oc-4ee"/>
            <object_component_ref idref="oc-4e2"/>
            <object_component_ref idref="oc-4b8"/>
            <object_component_ref idref="oc-500"/>
            <object_component_ref idref="oc-190b"/>
            <object_component_ref idref="oc-459"/>
            <object_component_ref idref="oc-16c9"/>
            <object_component_ref idref="oc-18ca"/>
            <object_component_ref idref="oc-7f3"/>
            <object_component_ref idref="oc-52a"/>
            <object_component_ref idref="oc-11b7"/>
            <object_component_ref idref="oc-11b1"/>
            <object_component_ref idref="oc-11bd"/>
            <object_component_ref idref="oc-7fb"/>
            <object_component_ref idref="oc-75"/>
            <object_component_ref idref="oc-321"/>
            <object_component_ref idref="oc-10f7"/>
            <object_component_ref idref="oc-142a"/>
            <object_component_ref idref="oc-10d6"/>
            <object_component_ref idref="oc-1423"/>
            <object_component_ref idref="oc-10d0"/>
            <object_component_ref idref="oc-cb6"/>
            <object_component_ref idref="oc-cbd"/>
            <object_component_ref idref="oc-17db"/>
            <object_component_ref idref="oc-10ff"/>
            <object_component_ref idref="oc-811"/>
            <object_component_ref idref="oc-c98"/>
            <object_component_ref idref="oc-80b"/>
            <object_component_ref idref="oc-14eb"/>
            <object_component_ref idref="oc-14e5"/>
            <object_component_ref idref="oc-14df"/>
            <object_component_ref idref="oc-114f"/>
            <object_component_ref idref="oc-1149"/>
            <object_component_ref idref="oc-1143"/>
            <object_component_ref idref="oc-10c2"/>
            <object_component_ref idref="oc-10bc"/>
            <object_component_ref idref="oc-10b6"/>
            <object_component_ref idref="oc-c57"/>
            <object_component_ref idref="oc-c00"/>
            <object_component_ref idref="oc-226"/>
            <object_component_ref idref="oc-150c"/>
            <object_component_ref idref="oc-220"/>
            <object_component_ref idref="oc-1512"/>
            <object_component_ref idref="oc-ebe"/>
            <object_component_ref idref="oc-1502"/>
            <object_component_ref idref="oc-ec4"/>
            <object_component_ref idref="oc-1760"/>
            <object_component_ref idref="oc-1578"/>
            <object_component_ref idref="oc-21a"/>
            <object_component_ref idref="oc-1597"/>
            <object_component_ref idref="oc-1591"/>
            <object_component_ref idref="oc-17ef"/>
            <object_component_ref idref="oc-16bb"/>
            <object_component_ref idref="oc-77c"/>
            <object_component_ref idref="oc-c16"/>
            <object_component_ref idref="oc-1788"/>
            <object_component_ref idref="oc-15e9"/>
            <object_component_ref idref="oc-15fc"/>
            <object_component_ref idref="oc-14fa"/>
            <object_component_ref idref="oc-14f4"/>
            <object_component_ref idref="oc-15f6"/>
            <object_component_ref idref="oc-ac5"/>
            <object_component_ref idref="oc-16f5"/>
            <object_component_ref idref="oc-16ef"/>
            <object_component_ref idref="oc-b4a"/>
            <object_component_ref idref="oc-1528"/>
            <object_component_ref idref="oc-ec9"/>
            <object_component_ref idref="oc-440"/>
            <object_component_ref idref="oc-43a"/>
            <object_component_ref idref="oc-1758"/>
            <object_component_ref idref="oc-1570"/>
            <object_component_ref idref="oc-b50"/>
            <object_component_ref idref="oc-151e"/>
            <object_component_ref idref="oc-4dc"/>
            <object_component_ref idref="oc-4b2"/>
            <object_component_ref idref="oc-4fa"/>
            <object_component_ref idref="oc-4d6"/>
            <object_component_ref idref="oc-9e0"/>
            <object_component_ref idref="oc-4d0"/>
            <object_component_ref idref="oc-4f4"/>
            <object_component_ref idref="oc-1168"/>
            <object_component_ref idref="oc-44d"/>
            <object_component_ref idref="oc-353"/>
            <object_component_ref idref="oc-447"/>
            <object_component_ref idref="oc-426"/>
            <object_component_ref idref="oc-465"/>
            <object_component_ref idref="oc-35a"/>
            <object_component_ref idref="oc-45f"/>
            <object_component_ref idref="oc-214"/>
            <object_component_ref idref="oc-340"/>
            <object_component_ref idref="oc-346"/>
            <object_component_ref idref="oc-202"/>
            <object_component_ref idref="oc-725"/>
            <object_component_ref idref="oc-129b"/>
            <object_component_ref idref="oc-12d5"/>
            <object_component_ref idref="oc-12e1"/>
            <object_component_ref idref="oc-12f3"/>
            <object_component_ref idref="oc-faf"/>
            <object_component_ref idref="oc-f97"/>
            <object_component_ref idref="oc-fa9"/>
            <object_component_ref idref="oc-fa3"/>
            <object_component_ref idref="oc-f9d"/>
            <object_component_ref idref="oc-f91"/>
            <object_component_ref idref="oc-15ce"/>
            <object_component_ref idref="oc-12db"/>
            <object_component_ref idref="oc-12aa"/>
            <object_component_ref idref="oc-f43"/>
            <object_component_ref idref="oc-b26"/>
            <object_component_ref idref="oc-b20"/>
            <object_component_ref idref="oc-12b3"/>
            <object_component_ref idref="oc-127f"/>
            <object_component_ref idref="oc-12bf"/>
            <object_component_ref idref="oc-329"/>
            <object_component_ref idref="oc-1f8"/>
            <object_component_ref idref="oc-1887"/>
            <object_component_ref idref="oc-1285"/>
            <object_component_ref idref="oc-12ba"/>
            <object_component_ref idref="oc-128c"/>
            <object_component_ref idref="oc-135e"/>
            <object_component_ref idref="oc-136a"/>
            <object_component_ref idref="oc-1364"/>
            <object_component_ref idref="oc-1334"/>
            <object_component_ref idref="oc-134c"/>
            <object_component_ref idref="oc-1352"/>
            <object_component_ref idref="oc-1649"/>
            <object_component_ref idref="oc-163d"/>
            <object_component_ref idref="oc-1631"/>
            <object_component_ref idref="oc-fea"/>
            <object_component_ref idref="oc-fe4"/>
            <object_component_ref idref="oc-fd8"/>
            <object_component_ref idref="oc-fba"/>
            <object_component_ref idref="oc-fcc"/>
            <object_component_ref idref="oc-fc6"/>
            <object_component_ref idref="oc-fc0"/>
            <object_component_ref idref="oc-fd2"/>
            <object_component_ref idref="oc-fde"/>
            <object_component_ref idref="oc-ff0"/>
            <object_component_ref idref="oc-162b"/>
            <object_component_ref idref="oc-1637"/>
            <object_component_ref idref="oc-1621"/>
            <object_component_ref idref="oc-1358"/>
            <object_component_ref idref="oc-1643"/>
            <object_component_ref idref="oc-157d"/>
            <object_component_ref idref="oc-1586"/>
            <object_component_ref idref="oc-1244"/>
            <object_component_ref idref="oc-123e"/>
            <object_component_ref idref="oc-17b2"/>
            <object_component_ref idref="oc-1326"/>
            <object_component_ref idref="oc-137a"/>
            <object_component_ref idref="oc-1343"/>
            <object_component_ref idref="oc-6c7"/>
            <object_component_ref idref="oc-6db"/>
            <object_component_ref idref="oc-6d5"/>
            <object_component_ref idref="oc-17bf"/>
            <object_component_ref idref="oc-17b9"/>
            <object_component_ref idref="oc-131f"/>
            <object_component_ref idref="oc-1340"/>
            <object_component_ref idref="oc-133a"/>
            <object_component_ref idref="oc-361"/>
            <object_component_ref idref="oc-12a2"/>
            <object_component_ref idref="oc-70d"/>
            <object_component_ref idref="oc-707"/>
            <object_component_ref idref="oc-12ff"/>
            <object_component_ref idref="oc-12ed"/>
            <object_component_ref idref="oc-12a8"/>
            <object_component_ref idref="oc-12cf"/>
            <object_component_ref idref="oc-12c9"/>
            <object_component_ref idref="oc-b1e"/>
            <object_component_ref idref="oc-1079"/>
            <object_component_ref idref="oc-c1c"/>
            <object_component_ref idref="oc-144c"/>
            <object_component_ref idref="oc-87d"/>
            <object_component_ref idref="oc-9ce"/>
            <object_component_ref idref="oc-cc3"/>
            <object_component_ref idref="oc-82e"/>
            <object_component_ref idref="oc-153f"/>
            <object_component_ref idref="oc-1257"/>
            <object_component_ref idref="oc-7e0"/>
            <object_component_ref idref="oc-c22"/>
            <object_component_ref idref="oc-1459"/>
            <object_component_ref idref="oc-13d2"/>
            <object_component_ref idref="oc-1073"/>
            <object_component_ref idref="oc-c61"/>
            <object_component_ref idref="oc-7e6"/>
            <object_component_ref idref="oc-10ef"/>
            <object_component_ref idref="oc-cb0"/>
            <object_component_ref idref="oc-828"/>
            <object_component_ref idref="oc-9c5"/>
            <object_component_ref idref="oc-4a1"/>
            <object_component_ref idref="oc-85d"/>
            <object_component_ref idref="oc-183c"/>
            <object_component_ref idref="oc-7ad"/>
            <object_component_ref idref="oc-857"/>
            <object_component_ref idref="oc-1204"/>
            <object_component_ref idref="oc-395"/>
            <object_component_ref idref="oc-3aa"/>
            <object_component_ref idref="oc-f67"/>
            <object_component_ref idref="oc-b36"/>
            <object_component_ref idref="oc-caa"/>
            <object_component_ref idref="oc-b18"/>
            <object_component_ref idref="oc-1835"/>
            <object_component_ref idref="oc-1452"/>
            <object_component_ref idref="oc-11fe"/>
            <object_component_ref idref="oc-187d"/>
            <object_component_ref idref="oc-49b"/>
            <object_component_ref idref="oc-409"/>
            <object_component_ref idref="oc-381"/>
            <object_component_ref idref="oc-1844"/>
            <object_component_ref idref="oc-bda"/>
            <object_component_ref idref="oc-13ca"/>
            <object_component_ref idref="oc-110a"/>
            <object_component_ref idref="oc-185a"/>
            <object_component_ref idref="oc-1876"/>
            <object_component_ref idref="oc-1446"/>
            <object_component_ref idref="oc-483"/>
            <object_component_ref idref="oc-11f8"/>
            <object_component_ref idref="oc-17a2"/>
            <object_component_ref idref="oc-1851"/>
            <object_component_ref idref="oc-14d3"/>
            <object_component_ref idref="oc-688"/>
            <object_component_ref idref="oc-14d9"/>
            <object_component_ref idref="oc-14cd"/>
            <object_component_ref idref="oc-14c7"/>
            <object_component_ref idref="oc-171b"/>
            <object_component_ref idref="oc-694"/>
            <object_component_ref idref="oc-1891"/>
            <object_component_ref idref="oc-1210"/>
            <object_component_ref idref="oc-10a4"/>
            <object_component_ref idref="oc-10b0"/>
            <object_component_ref idref="oc-10aa"/>
            <object_component_ref idref="oc-140f"/>
            <object_component_ref idref="oc-1419"/>
            <object_component_ref idref="oc-113d"/>
            <object_component_ref idref="oc-42c"/>
            <object_component_ref idref="oc-41a"/>
            <object_component_ref idref="oc-888"/>
            <object_component_ref idref="oc-1474"/>
            <object_component_ref idref="oc-11ab"/>
            <object_component_ref idref="oc-c6c"/>
            <object_component_ref idref="oc-a33"/>
            <object_component_ref idref="oc-14a7"/>
            <object_component_ref idref="oc-d1"/>
            <object_component_ref idref="oc-cb"/>
            <object_component_ref idref="oc-10dd"/>
            <object_component_ref idref="oc-c9e"/>
            <object_component_ref idref="oc-1530"/>
            <object_component_ref idref="oc-1728"/>
            <object_component_ref idref="oc-1216"/>
            <object_component_ref idref="oc-b04"/>
            <object_component_ref idref="oc-c10"/>
            <object_component_ref idref="oc-7a1"/>
            <object_component_ref idref="oc-13dc"/>
            <object_component_ref idref="oc-143e"/>
            <object_component_ref idref="oc-ca4"/>
            <object_component_ref idref="oc-373"/>
            <object_component_ref idref="oc-1260"/>
            <object_component_ref idref="oc-1547"/>
            <object_component_ref idref="oc-1266"/>
            <object_component_ref idref="oc-68e"/>
            <object_component_ref idref="oc-add"/>
            <object_component_ref idref="oc-a80"/>
            <object_component_ref idref="oc-a7a"/>
            <object_component_ref idref="oc-a6e"/>
            <object_component_ref idref="oc-a68"/>
            <object_component_ref idref="oc-a98"/>
            <object_component_ref idref="oc-a8c"/>
            <object_component_ref idref="oc-a74"/>
            <object_component_ref idref="oc-a86"/>
            <object_component_ref idref="oc-a92"/>
            <object_component_ref idref="oc-1e3"/>
            <object_component_ref idref="oc-a9e"/>
            <object_component_ref idref="oc-5fc"/>
            <object_component_ref idref="oc-174d"/>
            <object_component_ref idref="oc-1747"/>
            <object_component_ref idref="oc-1741"/>
            <object_component_ref idref="oc-745"/>
            <object_component_ref idref="oc-120a"/>
            <object_component_ref idref="oc-f7a"/>
            <object_component_ref idref="oc-f83"/>
            <object_component_ref idref="oc-232"/>
            <object_component_ref idref="oc-afe"/>
            <object_component_ref idref="oc-c8c"/>
            <object_component_ref idref="oc-75a"/>
            <object_component_ref idref="oc-3a1"/>
            <object_component_ref idref="oc-37b"/>
            <object_component_ref idref="oc-bd4"/>
            <object_component_ref idref="oc-11d9"/>
            <object_component_ref idref="oc-38b"/>
            <object_component_ref idref="oc-b45"/>
            <object_component_ref idref="oc-1657"/>
            <object_component_ref idref="oc-b8f"/>
            <object_component_ref idref="oc-18c4"/>
            <object_component_ref idref="oc-1884"/>
            <object_component_ref idref="oc-13b1"/>
            <object_component_ref idref="oc-39b"/>
            <object_component_ref idref="oc-3b1"/>
            <object_component_ref idref="oc-26c"/>
            <object_component_ref idref="oc-bfa"/>
            <object_component_ref idref="oc-7a7"/>
            <object_component_ref idref="oc-b9d"/>
            <object_component_ref idref="oc-7d4"/>
            <object_component_ref idref="oc-760"/>
            <object_component_ref idref="oc-69c"/>
            <object_component_ref idref="oc-c86"/>
            <object_component_ref idref="oc-aa"/>
            <object_component_ref idref="oc-1489"/>
            <object_component_ref idref="oc-148f"/>
            <object_component_ref idref="oc-1161"/>
            <object_component_ref idref="oc-18ef"/>
            <object_component_ref idref="oc-d6b"/>
            <object_component_ref idref="oc-b9"/>
            <object_component_ref idref="oc-8a7"/>
            <object_component_ref idref="oc-6c"/>
            <object_component_ref idref="oc-1915"/>
            <object_component_ref idref="oc-c92"/>
            <object_component_ref idref="oc-18f7"/>
            <object_component_ref idref="oc-453"/>
            <object_component_ref idref="oc-11ec"/>
            <object_component_ref idref="oc-115b"/>
            <object_component_ref idref="oc-d62"/>
            <object_component_ref idref="oc-22c"/>
            <object_component_ref idref="oc-272"/>
            <object_component_ref idref="oc-89d"/>
            <object_component_ref idref="oc-11f2"/>
            <object_component_ref idref="oc-18a1"/>
            <object_component_ref idref="oc-b89"/>
            <object_component_ref idref="oc-18e8"/>
            <object_component_ref idref="oc-192a"/>
            <object_component_ref idref="oc-189b"/>
            <object_component_ref idref="oc-1803"/>
            <object_component_ref idref="oc-17fd"/>
            <object_component_ref idref="oc-14b3"/>
            <object_component_ref idref="oc-18d9"/>
            <object_component_ref idref="oc-122b"/>
            <object_component_ref idref="oc-b30"/>
            <object_component_ref idref="oc-b12"/>
            <object_component_ref idref="oc-6a3"/>
            <object_component_ref idref="oc-6a9"/>
            <object_component_ref idref="oc-6b5"/>
            <object_component_ref idref="oc-6c1"/>
            <object_component_ref idref="oc-6bb"/>
            <object_component_ref idref="oc-367"/>
            <object_component_ref idref="oc-36d"/>
            <object_component_ref idref="oc-6e9"/>
            <object_component_ref idref="oc-6ef"/>
            <object_component_ref idref="oc-6e2"/>
            <object_component_ref idref="oc-700"/>
            <object_component_ref idref="oc-6fa"/>
            <object_component_ref idref="oc-6f4"/>
            <object_component_ref idref="oc-713"/>
            <object_component_ref idref="oc-f8a"/>
            <object_component_ref idref="oc-b63"/>
            <object_component_ref idref="oc-719"/>
            <object_component_ref idref="oc-15d7"/>
            <object_component_ref idref="oc-15b0"/>
            <object_component_ref idref="oc-15dd"/>
            <object_component_ref idref="oc-15c8"/>
            <object_component_ref idref="oc-15c2"/>
            <object_component_ref idref="oc-15b6"/>
            <object_component_ref idref="oc-127d"/>
            <object_component_ref idref="oc-15aa"/>
            <object_component_ref idref="oc-15bc"/>
            <object_component_ref idref="oc-155e"/>
            <object_component_ref idref="oc-1777"/>
            <object_component_ref idref="oc-15a4"/>
            <object_component_ref idref="oc-156a"/>
            <object_component_ref idref="oc-12f9"/>
            <object_component_ref idref="oc-1295"/>
            <object_component_ref idref="oc-1277"/>
            <object_component_ref idref="oc-1564"/>
            <object_component_ref idref="oc-f16"/>
            <object_component_ref idref="oc-f04"/>
            <object_component_ref idref="oc-121f"/>
            <object_component_ref idref="oc-f22"/>
            <object_component_ref idref="oc-1225"/>
            <object_component_ref idref="oc-6af"/>
            <object_component_ref idref="oc-f0a"/>
            <object_component_ref idref="oc-f10"/>
            <object_component_ref idref="oc-1234"/>
            <object_component_ref idref="oc-f1c"/>
            <object_component_ref idref="oc-f28"/>
            <object_component_ref idref="oc-af3"/>
            <object_component_ref idref="oc-333"/>
            <object_component_ref idref="oc-f59"/>
            <object_component_ref idref="oc-f4d"/>
            <object_component_ref idref="oc-138c"/>
            <object_component_ref idref="oc-1380"/>
            <object_component_ref idref="oc-161b"/>
            <object_component_ref idref="oc-1609"/>
            <object_component_ref idref="oc-1385"/>
            <object_component_ref idref="oc-1610"/>
            <object_component_ref idref="oc-132c"/>
            <object_component_ref idref="oc-1319"/>
            <object_component_ref idref="oc-130d"/>
            <object_component_ref idref="oc-1313"/>
            <object_component_ref idref="oc-f5e"/>
            <object_component_ref idref="oc-f53"/>
            <object_component_ref idref="oc-a45"/>
            <object_component_ref idref="oc-66"/>
            <object_component_ref idref="oc-15"/>
            <object_component_ref idref="oc-1e"/>
            <object_component_ref idref="oc-20"/>
            <object_component_ref idref="oc-a4"/>
            <object_component_ref idref="oc-9da"/>
            <object_component_ref idref="oc-a1f"/>
            <object_component_ref idref="oc-e64"/>
            <object_component_ref idref="oc-27c"/>
            <object_component_ref idref="oc-e67"/>
            <object_component_ref idref="oc-410"/>
            <object_component_ref idref="oc-41c"/>
            <object_component_ref idref="oc-c7a"/>
            <object_component_ref idref="oc-1086"/>
            <object_component_ref idref="oc-845"/>
            <object_component_ref idref="oc-d1d"/>
            <object_component_ref idref="oc-17f6"/>
            <object_component_ref idref="oc-cfd"/>
            <object_component_ref idref="oc-d21"/>
            <object_component_ref idref="oc-1199"/>
            <object_component_ref idref="oc-d0d"/>
            <object_component_ref idref="oc-d11"/>
            <object_component_ref idref="oc-d18"/>
            <object_component_ref idref="oc-108b"/>
            <object_component_ref idref="oc-1125"/>
         </contents>
      </logical_group>
      <logical_group id="lg-194f" display="never" color="cyan">
         <name>.debug_abbrev</name>
         <load_address>0x0</load_address>
         <run_address>0x0</run_address>
         <size>0x1b0e2</size>
         <contents>
            <object_component_ref idref="oc-57b"/>
            <object_component_ref idref="oc-b65"/>
            <object_component_ref idref="oc-b67"/>
            <object_component_ref idref="oc-72e"/>
            <object_component_ref idref="oc-fb3"/>
            <object_component_ref idref="oc-b72"/>
            <object_component_ref idref="oc-6dc"/>
            <object_component_ref idref="oc-1399"/>
            <object_component_ref idref="oc-ff8"/>
            <object_component_ref idref="oc-b7d"/>
            <object_component_ref idref="oc-35b"/>
            <object_component_ref idref="oc-354"/>
            <object_component_ref idref="oc-57f"/>
            <object_component_ref idref="oc-589"/>
            <object_component_ref idref="oc-5cf"/>
            <object_component_ref idref="oc-593"/>
            <object_component_ref idref="oc-58e"/>
            <object_component_ref idref="oc-1305"/>
            <object_component_ref idref="oc-efc"/>
            <object_component_ref idref="oc-56e"/>
            <object_component_ref idref="oc-e1"/>
            <object_component_ref idref="oc-a5a"/>
            <object_component_ref idref="oc-598"/>
            <object_component_ref idref="oc-59d"/>
            <object_component_ref idref="oc-5a2"/>
            <object_component_ref idref="oc-3c9"/>
            <object_component_ref idref="oc-5a7"/>
            <object_component_ref idref="oc-5ac"/>
            <object_component_ref idref="oc-5b1"/>
            <object_component_ref idref="oc-5b6"/>
            <object_component_ref idref="oc-a55"/>
            <object_component_ref idref="oc-5bb"/>
            <object_component_ref idref="oc-5c0"/>
            <object_component_ref idref="oc-5c5"/>
            <object_component_ref idref="oc-5ca"/>
            <object_component_ref idref="oc-546"/>
            <object_component_ref idref="oc-a50"/>
            <object_component_ref idref="oc-3ce"/>
            <object_component_ref idref="oc-5d4"/>
            <object_component_ref idref="oc-5d9"/>
            <object_component_ref idref="oc-5de"/>
            <object_component_ref idref="oc-55a"/>
            <object_component_ref idref="oc-54b"/>
            <object_component_ref idref="oc-5e3"/>
            <object_component_ref idref="oc-258"/>
            <object_component_ref idref="oc-3ec"/>
            <object_component_ref idref="oc-2fb"/>
            <object_component_ref idref="oc-19a"/>
            <object_component_ref idref="oc-1a9"/>
            <object_component_ref idref="oc-573"/>
            <object_component_ref idref="oc-1b8"/>
            <object_component_ref idref="oc-2e2"/>
            <object_component_ref idref="oc-1bd"/>
            <object_component_ref idref="oc-2e7"/>
            <object_component_ref idref="oc-578"/>
            <object_component_ref idref="oc-3e7"/>
            <object_component_ref idref="oc-127"/>
            <object_component_ref idref="oc-e6"/>
            <object_component_ref idref="oc-2d3"/>
            <object_component_ref idref="oc-5e8"/>
            <object_component_ref idref="oc-2ce"/>
            <object_component_ref idref="oc-2a1"/>
            <object_component_ref idref="oc-f0"/>
            <object_component_ref idref="oc-584"/>
            <object_component_ref idref="oc-d7"/>
            <object_component_ref idref="oc-12c"/>
            <object_component_ref idref="oc-136"/>
            <object_component_ref idref="oc-2b0"/>
            <object_component_ref idref="oc-145"/>
            <object_component_ref idref="oc-1396"/>
            <object_component_ref idref="oc-3d8"/>
            <object_component_ref idref="oc-55f"/>
            <object_component_ref idref="oc-569"/>
            <object_component_ref idref="oc-29c"/>
            <object_component_ref idref="oc-2dd"/>
            <object_component_ref idref="oc-2c9"/>
            <object_component_ref idref="oc-3c0"/>
            <object_component_ref idref="oc-255"/>
            <object_component_ref idref="oc-3c4"/>
            <object_component_ref idref="oc-522"/>
            <object_component_ref idref="oc-3fb"/>
            <object_component_ref idref="oc-816"/>
            <object_component_ref idref="oc-50e"/>
            <object_component_ref idref="oc-2ba"/>
            <object_component_ref idref="oc-513"/>
            <object_component_ref idref="oc-518"/>
            <object_component_ref idref="oc-51d"/>
            <object_component_ref idref="oc-2c4"/>
            <object_component_ref idref="oc-820"/>
            <object_component_ref idref="oc-1b3"/>
            <object_component_ref idref="oc-2f1"/>
            <object_component_ref idref="oc-3e2"/>
            <object_component_ref idref="oc-2ec"/>
            <object_component_ref idref="oc-f5"/>
            <object_component_ref idref="oc-fa"/>
            <object_component_ref idref="oc-2d8"/>
            <object_component_ref idref="oc-3d3"/>
            <object_component_ref idref="oc-3dd"/>
            <object_component_ref idref="oc-3f1"/>
            <object_component_ref idref="oc-25d"/>
            <object_component_ref idref="oc-3f6"/>
            <object_component_ref idref="oc-81b"/>
            <object_component_ref idref="oc-2a6"/>
            <object_component_ref idref="oc-e48"/>
            <object_component_ref idref="oc-e46"/>
            <object_component_ref idref="oc-1190"/>
            <object_component_ref idref="oc-1189"/>
            <object_component_ref idref="oc-118e"/>
            <object_component_ref idref="oc-1170"/>
            <object_component_ref idref="oc-1174"/>
            <object_component_ref idref="oc-1179"/>
            <object_component_ref idref="oc-1176"/>
            <object_component_ref idref="oc-118b"/>
            <object_component_ref idref="oc-1183"/>
            <object_component_ref idref="oc-1184"/>
            <object_component_ref idref="oc-1188"/>
            <object_component_ref idref="oc-1187"/>
            <object_component_ref idref="oc-1171"/>
            <object_component_ref idref="oc-118c"/>
            <object_component_ref idref="oc-e31"/>
            <object_component_ref idref="oc-e1a"/>
            <object_component_ref idref="oc-e19"/>
            <object_component_ref idref="oc-dad"/>
            <object_component_ref idref="oc-117a"/>
            <object_component_ref idref="oc-e1c"/>
            <object_component_ref idref="oc-e1e"/>
            <object_component_ref idref="oc-e1b"/>
            <object_component_ref idref="oc-e1d"/>
            <object_component_ref idref="oc-e14"/>
            <object_component_ref idref="oc-e17"/>
            <object_component_ref idref="oc-e4a"/>
            <object_component_ref idref="oc-e16"/>
            <object_component_ref idref="oc-e12"/>
            <object_component_ref idref="oc-e42"/>
            <object_component_ref idref="oc-e4b"/>
            <object_component_ref idref="oc-e4c"/>
            <object_component_ref idref="oc-e4d"/>
            <object_component_ref idref="oc-99f"/>
            <object_component_ref idref="oc-e32"/>
            <object_component_ref idref="oc-e2f"/>
            <object_component_ref idref="oc-e30"/>
            <object_component_ref idref="oc-e33"/>
            <object_component_ref idref="oc-e2c"/>
            <object_component_ref idref="oc-e2e"/>
            <object_component_ref idref="oc-e2d"/>
            <object_component_ref idref="oc-149a"/>
            <object_component_ref idref="oc-1186"/>
            <object_component_ref idref="oc-1182"/>
            <object_component_ref idref="oc-1172"/>
            <object_component_ref idref="oc-dac"/>
            <object_component_ref idref="oc-e13"/>
            <object_component_ref idref="oc-e18"/>
            <object_component_ref idref="oc-e41"/>
            <object_component_ref idref="oc-e45"/>
            <object_component_ref idref="oc-e44"/>
            <object_component_ref idref="oc-e43"/>
            <object_component_ref idref="oc-e15"/>
            <object_component_ref idref="oc-e4e"/>
            <object_component_ref idref="oc-9a2"/>
            <object_component_ref idref="oc-118d"/>
            <object_component_ref idref="oc-e52"/>
            <object_component_ref idref="oc-e53"/>
            <object_component_ref idref="oc-e54"/>
            <object_component_ref idref="oc-e40"/>
            <object_component_ref idref="oc-1185"/>
            <object_component_ref idref="oc-9a1"/>
            <object_component_ref idref="oc-d8e"/>
            <object_component_ref idref="oc-1175"/>
            <object_component_ref idref="oc-1178"/>
            <object_component_ref idref="oc-1177"/>
            <object_component_ref idref="oc-1173"/>
            <object_component_ref idref="oc-117b"/>
            <object_component_ref idref="oc-d9f"/>
            <object_component_ref idref="oc-e11"/>
            <object_component_ref idref="oc-9bb"/>
            <object_component_ref idref="oc-984"/>
            <object_component_ref idref="oc-40"/>
            <object_component_ref idref="oc-d8f"/>
            <object_component_ref idref="oc-d87"/>
            <object_component_ref idref="oc-116f"/>
            <object_component_ref idref="oc-116e"/>
            <object_component_ref idref="oc-116d"/>
            <object_component_ref idref="oc-116c"/>
            <object_component_ref idref="oc-e2b"/>
            <object_component_ref idref="oc-962"/>
            <object_component_ref idref="oc-8bd"/>
            <object_component_ref idref="oc-d93"/>
            <object_component_ref idref="oc-d98"/>
            <object_component_ref idref="oc-d9c"/>
            <object_component_ref idref="oc-400"/>
            <object_component_ref idref="oc-435"/>
            <object_component_ref idref="oc-4ac"/>
            <object_component_ref idref="oc-3fe"/>
            <object_component_ref idref="oc-50b"/>
            <object_component_ref idref="oc-402"/>
            <object_component_ref idref="oc-e7b"/>
            <object_component_ref idref="oc-e7d"/>
            <object_component_ref idref="oc-a10"/>
            <object_component_ref idref="oc-a27"/>
            <object_component_ref idref="oc-a09"/>
            <object_component_ref idref="oc-a08"/>
            <object_component_ref idref="oc-a28"/>
            <object_component_ref idref="oc-a26"/>
            <object_component_ref idref="oc-a04"/>
            <object_component_ref idref="oc-a2d"/>
            <object_component_ref idref="oc-d3"/>
            <object_component_ref idref="oc-16e9"/>
            <object_component_ref idref="oc-13f3"/>
            <object_component_ref idref="oc-168c"/>
            <object_component_ref idref="oc-11be"/>
            <object_component_ref idref="oc-10c3"/>
            <object_component_ref idref="oc-1150"/>
            <object_component_ref idref="oc-14ec"/>
            <object_component_ref idref="oc-1678"/>
            <object_component_ref idref="oc-1698"/>
            <object_component_ref idref="oc-d42"/>
            <object_component_ref idref="oc-ccf"/>
            <object_component_ref idref="oc-bdf"/>
            <object_component_ref idref="oc-1064"/>
            <object_component_ref idref="oc-77"/>
            <object_component_ref idref="oc-85"/>
            <object_component_ref idref="oc-87"/>
            <object_component_ref idref="oc-812"/>
            <object_component_ref idref="oc-1259"/>
            <object_component_ref idref="oc-1550"/>
            <object_component_ref idref="oc-145a"/>
            <object_component_ref idref="oc-a5d"/>
            <object_component_ref idref="oc-a5f"/>
            <object_component_ref idref="oc-a61"/>
            <object_component_ref idref="oc-5f5"/>
            <object_component_ref idref="oc-11dd"/>
            <object_component_ref idref="oc-11c2"/>
            <object_component_ref idref="oc-1734"/>
            <object_component_ref idref="oc-ed7"/>
            <object_component_ref idref="oc-154e"/>
            <object_component_ref idref="oc-11c0"/>
            <object_component_ref idref="oc-11d2"/>
            <object_component_ref idref="oc-11d0"/>
            <object_component_ref idref="oc-11ce"/>
            <object_component_ref idref="oc-11cc"/>
            <object_component_ref idref="oc-11ca"/>
            <object_component_ref idref="oc-11c8"/>
            <object_component_ref idref="oc-11c6"/>
            <object_component_ref idref="oc-11c4"/>
            <object_component_ref idref="oc-ed9"/>
            <object_component_ref idref="oc-5fd"/>
            <object_component_ref idref="oc-ecf"/>
            <object_component_ref idref="oc-edb"/>
            <object_component_ref idref="oc-edd"/>
            <object_component_ref idref="oc-104e"/>
            <object_component_ref idref="oc-123a"/>
            <object_component_ref idref="oc-1103"/>
            <object_component_ref idref="oc-16a6"/>
            <object_component_ref idref="oc-16a8"/>
            <object_component_ref idref="oc-1437"/>
            <object_component_ref idref="oc-142f"/>
            <object_component_ref idref="oc-142d"/>
            <object_component_ref idref="oc-1807"/>
            <object_component_ref idref="oc-1805"/>
            <object_component_ref idref="oc-e8d"/>
            <object_component_ref idref="oc-17e7"/>
            <object_component_ref idref="oc-17e5"/>
            <object_component_ref idref="oc-c7f"/>
            <object_component_ref idref="oc-168e"/>
            <object_component_ref idref="oc-1690"/>
            <object_component_ref idref="oc-1692"/>
            <object_component_ref idref="oc-1696"/>
            <object_component_ref idref="oc-1694"/>
            <object_component_ref idref="oc-d49"/>
            <object_component_ref idref="oc-1152"/>
            <object_component_ref idref="oc-d36"/>
            <object_component_ref idref="oc-d38"/>
            <object_component_ref idref="oc-d3a"/>
            <object_component_ref idref="oc-d3e"/>
            <object_component_ref idref="oc-d3c"/>
            <object_component_ref idref="oc-d40"/>
            <object_component_ref idref="oc-18f9"/>
            <object_component_ref idref="oc-18fb"/>
            <object_component_ref idref="oc-18aa"/>
            <object_component_ref idref="oc-18a8"/>
            <object_component_ref idref="oc-11e3"/>
            <object_component_ref idref="oc-180d"/>
            <object_component_ref idref="oc-180f"/>
            <object_component_ref idref="oc-1811"/>
            <object_component_ref idref="oc-181b"/>
            <object_component_ref idref="oc-1815"/>
            <object_component_ref idref="oc-ed5"/>
            <object_component_ref idref="oc-1817"/>
            <object_component_ref idref="oc-18a6"/>
            <object_component_ref idref="oc-1813"/>
            <object_component_ref idref="oc-1819"/>
            <object_component_ref idref="oc-181d"/>
            <object_component_ref idref="oc-18a4"/>
            <object_component_ref idref="oc-1853"/>
            <object_component_ref idref="oc-18bb"/>
            <object_component_ref idref="oc-ccd"/>
            <object_component_ref idref="oc-18b7"/>
            <object_component_ref idref="oc-18b5"/>
            <object_component_ref idref="oc-18b9"/>
            <object_component_ref idref="oc-18b3"/>
            <object_component_ref idref="oc-18b1"/>
            <object_component_ref idref="oc-1892"/>
            <object_component_ref idref="oc-17e3"/>
            <object_component_ref idref="oc-13b8"/>
            <object_component_ref idref="oc-13b6"/>
            <object_component_ref idref="oc-bed"/>
            <object_component_ref idref="oc-beb"/>
            <object_component_ref idref="oc-be1"/>
            <object_component_ref idref="oc-be3"/>
            <object_component_ref idref="oc-be5"/>
            <object_component_ref idref="oc-be9"/>
            <object_component_ref idref="oc-be7"/>
            <object_component_ref idref="oc-cd1"/>
            <object_component_ref idref="oc-e55"/>
            <object_component_ref idref="oc-cd3"/>
            <object_component_ref idref="oc-110b"/>
            <object_component_ref idref="oc-110d"/>
            <object_component_ref idref="oc-cd8"/>
            <object_component_ref idref="oc-172b"/>
            <object_component_ref idref="oc-79a"/>
            <object_component_ref idref="oc-c59"/>
            <object_component_ref idref="oc-13cb"/>
            <object_component_ref idref="oc-1066"/>
            <object_component_ref idref="oc-106b"/>
            <object_component_ref idref="oc-c3d"/>
            <object_component_ref idref="oc-c27"/>
            <object_component_ref idref="oc-c29"/>
            <object_component_ref idref="oc-c2b"/>
            <object_component_ref idref="oc-c2f"/>
            <object_component_ref idref="oc-172f"/>
            <object_component_ref idref="oc-1682"/>
            <object_component_ref idref="oc-1684"/>
            <object_component_ref idref="oc-c2d"/>
            <object_component_ref idref="oc-c63"/>
            <object_component_ref idref="oc-c65"/>
            <object_component_ref idref="oc-c31"/>
            <object_component_ref idref="oc-e58"/>
            <object_component_ref idref="oc-e5b"/>
            <object_component_ref idref="oc-c35"/>
            <object_component_ref idref="oc-c33"/>
            <object_component_ref idref="oc-167f"/>
            <object_component_ref idref="oc-1731"/>
            <object_component_ref idref="oc-100a"/>
            <object_component_ref idref="oc-ba7"/>
            <object_component_ref idref="oc-ba5"/>
            <object_component_ref idref="oc-ba9"/>
            <object_component_ref idref="oc-bad"/>
            <object_component_ref idref="oc-bab"/>
            <object_component_ref idref="oc-17d4"/>
            <object_component_ref idref="oc-17cc"/>
            <object_component_ref idref="oc-17ca"/>
            <object_component_ref idref="oc-17ce"/>
            <object_component_ref idref="oc-17c8"/>
            <object_component_ref idref="oc-17d0"/>
            <object_component_ref idref="oc-17d2"/>
            <object_component_ref idref="oc-13b2"/>
            <object_component_ref idref="oc-1059"/>
            <object_component_ref idref="oc-c3f"/>
            <object_component_ref idref="oc-17dc"/>
            <object_component_ref idref="oc-17de"/>
            <object_component_ref idref="oc-17c6"/>
            <object_component_ref idref="oc-13ba"/>
            <object_component_ref idref="oc-1057"/>
            <object_component_ref idref="oc-1055"/>
            <object_component_ref idref="oc-1917"/>
            <object_component_ref idref="oc-326"/>
            <object_component_ref idref="oc-695"/>
            <object_component_ref idref="oc-1217"/>
            <object_component_ref idref="oc-11e5"/>
            <object_component_ref idref="oc-eea"/>
            <object_component_ref idref="oc-31a"/>
            <object_component_ref idref="oc-324"/>
            <object_component_ref idref="oc-322"/>
            <object_component_ref idref="oc-ee8"/>
            <object_component_ref idref="oc-ee3"/>
            <object_component_ref idref="oc-7ff"/>
            <object_component_ref idref="oc-801"/>
            <object_component_ref idref="oc-a3a"/>
            <object_component_ref idref="oc-7fc"/>
            <object_component_ref idref="oc-a3c"/>
            <object_component_ref idref="oc-536"/>
            <object_component_ref idref="oc-a38"/>
            <object_component_ref idref="oc-141c"/>
            <object_component_ref idref="oc-d64"/>
            <object_component_ref idref="oc-27d"/>
            <object_component_ref idref="oc-16ca"/>
            <object_component_ref idref="oc-1650"/>
            <object_component_ref idref="oc-1936"/>
            <object_component_ref idref="oc-16e1"/>
            <object_component_ref idref="oc-16e3"/>
            <object_component_ref idref="oc-16e5"/>
            <object_component_ref idref="oc-1008"/>
            <object_component_ref idref="oc-139e"/>
            <object_component_ref idref="oc-1934"/>
            <object_component_ref idref="oc-1809"/>
            <object_component_ref idref="oc-1904"/>
            <object_component_ref idref="oc-1902"/>
            <object_component_ref idref="oc-190c"/>
            <object_component_ref idref="oc-126e"/>
            <object_component_ref idref="oc-16da"/>
            <object_component_ref idref="oc-16a1"/>
            <object_component_ref idref="oc-d52"/>
            <object_component_ref idref="oc-182c"/>
            <object_component_ref idref="oc-186e"/>
            <object_component_ref idref="oc-104c"/>
            <object_component_ref idref="oc-796"/>
            <object_component_ref idref="oc-7d9"/>
            <object_component_ref idref="oc-192b"/>
            <object_component_ref idref="oc-8a8"/>
            <object_component_ref idref="oc-1804"/>
            <object_component_ref idref="oc-18f8"/>
            <object_component_ref idref="oc-c6d"/>
            <object_component_ref idref="oc-a34"/>
            <object_component_ref idref="oc-14ac"/>
            <object_component_ref idref="oc-14ab"/>
            <object_component_ref idref="oc-14ad"/>
            <object_component_ref idref="oc-c7b"/>
            <object_component_ref idref="oc-d2"/>
            <object_component_ref idref="oc-69d"/>
            <object_component_ref idref="oc-1440"/>
            <object_component_ref idref="oc-16a5"/>
            <object_component_ref idref="oc-142b"/>
            <object_component_ref idref="oc-16a4"/>
            <object_component_ref idref="oc-1424"/>
            <object_component_ref idref="oc-10f1"/>
            <object_component_ref idref="oc-10f8"/>
            <object_component_ref idref="oc-1885"/>
            <object_component_ref idref="oc-1453"/>
            <object_component_ref idref="oc-cc4"/>
            <object_component_ref idref="oc-10d7"/>
            <object_component_ref idref="oc-cb7"/>
            <object_component_ref idref="oc-1721"/>
            <object_component_ref idref="oc-1720"/>
            <object_component_ref idref="oc-171f"/>
            <object_component_ref idref="oc-1476"/>
            <object_component_ref idref="oc-1475"/>
            <object_component_ref idref="oc-146e"/>
            <object_component_ref idref="oc-141b"/>
            <object_component_ref idref="oc-141a"/>
            <object_component_ref idref="oc-1413"/>
            <object_component_ref idref="oc-106d"/>
            <object_component_ref idref="oc-1054"/>
            <object_component_ref idref="oc-3ab"/>
            <object_component_ref idref="oc-172d"/>
            <object_component_ref idref="oc-38f"/>
            <object_component_ref idref="oc-172e"/>
            <object_component_ref idref="oc-11da"/>
            <object_component_ref idref="oc-172a"/>
            <object_component_ref idref="oc-11db"/>
            <object_component_ref idref="oc-1845"/>
            <object_component_ref idref="oc-1761"/>
            <object_component_ref idref="oc-385"/>
            <object_component_ref idref="oc-1771"/>
            <object_component_ref idref="oc-1770"/>
            <object_component_ref idref="oc-1894"/>
            <object_component_ref idref="oc-17f0"/>
            <object_component_ref idref="oc-bde"/>
            <object_component_ref idref="oc-1061"/>
            <object_component_ref idref="oc-1852"/>
            <object_component_ref idref="oc-178a"/>
            <object_component_ref idref="oc-17a6"/>
            <object_component_ref idref="oc-1729"/>
            <object_component_ref idref="oc-1722"/>
            <object_component_ref idref="oc-179c"/>
            <object_component_ref idref="oc-ed4"/>
            <object_component_ref idref="oc-180c"/>
            <object_component_ref idref="oc-180b"/>
            <object_component_ref idref="oc-f74"/>
            <object_component_ref idref="oc-1736"/>
            <object_component_ref idref="oc-11dc"/>
            <object_component_ref idref="oc-88c"/>
            <object_component_ref idref="oc-882"/>
            <object_component_ref idref="oc-183e"/>
            <object_component_ref idref="oc-175a"/>
            <object_component_ref idref="oc-f84"/>
            <object_component_ref idref="oc-1733"/>
            <object_component_ref idref="oc-14a"/>
            <object_component_ref idref="oc-14f"/>
            <object_component_ref idref="oc-11d"/>
            <object_component_ref idref="oc-122"/>
            <object_component_ref idref="oc-154"/>
            <object_component_ref idref="oc-159"/>
            <object_component_ref idref="oc-dc"/>
            <object_component_ref idref="oc-15e"/>
            <object_component_ref idref="oc-163"/>
            <object_component_ref idref="oc-168"/>
            <object_component_ref idref="oc-16d"/>
            <object_component_ref idref="oc-172"/>
            <object_component_ref idref="oc-177"/>
            <object_component_ref idref="oc-17c"/>
            <object_component_ref idref="oc-181"/>
            <object_component_ref idref="oc-2f6"/>
            <object_component_ref idref="oc-109"/>
            <object_component_ref idref="oc-2ab"/>
            <object_component_ref idref="oc-186"/>
            <object_component_ref idref="oc-113"/>
            <object_component_ref idref="oc-2b5"/>
            <object_component_ref idref="oc-18b"/>
            <object_component_ref idref="oc-2bf"/>
            <object_component_ref idref="oc-190"/>
            <object_component_ref idref="oc-195"/>
            <object_component_ref idref="oc-19f"/>
            <object_component_ref idref="oc-1a4"/>
            <object_component_ref idref="oc-1ae"/>
            <object_component_ref idref="oc-1c2"/>
            <object_component_ref idref="oc-1c7"/>
            <object_component_ref idref="oc-1cc"/>
            <object_component_ref idref="oc-140"/>
            <object_component_ref idref="oc-131"/>
            <object_component_ref idref="oc-16ce"/>
            <object_component_ref idref="oc-300"/>
            <object_component_ref idref="oc-1d6"/>
            <object_component_ref idref="oc-eb"/>
            <object_component_ref idref="oc-ff"/>
            <object_component_ref idref="oc-104"/>
            <object_component_ref idref="oc-1d1"/>
            <object_component_ref idref="oc-10e"/>
            <object_component_ref idref="oc-1db"/>
            <object_component_ref idref="oc-118"/>
            <object_component_ref idref="oc-13b"/>
            <object_component_ref idref="oc-a4c"/>
            <object_component_ref idref="oc-a1a"/>
            <object_component_ref idref="oc-a14"/>
            <object_component_ref idref="oc-bb1"/>
            <object_component_ref idref="oc-281"/>
            <object_component_ref idref="oc-e5d"/>
            <object_component_ref idref="oc-9d3"/>
            <object_component_ref idref="oc-e87"/>
            <object_component_ref idref="oc-a2b"/>
            <object_component_ref idref="oc-e80"/>
            <object_component_ref idref="oc-a18"/>
            <object_component_ref idref="oc-11a2"/>
            <object_component_ref idref="oc-e79"/>
            <object_component_ref idref="oc-e7e"/>
            <object_component_ref idref="oc-a11"/>
            <object_component_ref idref="oc-e85"/>
            <object_component_ref idref="oc-a29"/>
            <object_component_ref idref="oc-d56"/>
            <object_component_ref idref="oc-b69"/>
            <object_component_ref idref="oc-d54"/>
            <object_component_ref idref="oc-1499"/>
            <object_component_ref idref="oc-892"/>
            <object_component_ref idref="oc-738"/>
            <object_component_ref idref="oc-890"/>
            <object_component_ref idref="oc-d5a"/>
            <object_component_ref idref="oc-895"/>
            <object_component_ref idref="oc-d46"/>
            <object_component_ref idref="oc-b74"/>
            <object_component_ref idref="oc-d6d"/>
            <object_component_ref idref="oc-876"/>
            <object_component_ref idref="oc-8ad"/>
            <object_component_ref idref="oc-73f"/>
            <object_component_ref idref="oc-8ac"/>
            <object_component_ref idref="oc-74e"/>
            <object_component_ref idref="oc-b5c"/>
            <object_component_ref idref="oc-730"/>
            <object_component_ref idref="oc-b5a"/>
            <object_component_ref idref="oc-374"/>
            <object_component_ref idref="oc-726"/>
            <object_component_ref idref="oc-727"/>
            <object_component_ref idref="oc-34d"/>
            <object_component_ref idref="oc-b64"/>
            <object_component_ref idref="oc-555"/>
            <object_component_ref idref="oc-752"/>
            <object_component_ref idref="oc-1301"/>
            <object_component_ref idref="oc-fb0"/>
            <object_component_ref idref="oc-156b"/>
            <object_component_ref idref="oc-159e"/>
            <object_component_ref idref="oc-15d0"/>
            <object_component_ref idref="oc-15de"/>
            <object_component_ref idref="oc-1300"/>
            <object_component_ref idref="oc-12af"/>
            <object_component_ref idref="oc-12e2"/>
            <object_component_ref idref="oc-12b1"/>
            <object_component_ref idref="oc-12b0"/>
            <object_component_ref idref="oc-129c"/>
            <object_component_ref idref="oc-177f"/>
            <object_component_ref idref="oc-15cf"/>
            <object_component_ref idref="oc-12e5"/>
            <object_component_ref idref="oc-b0a"/>
            <object_component_ref idref="oc-6ce"/>
            <object_component_ref idref="oc-b08"/>
            <object_component_ref idref="oc-1581"/>
            <object_component_ref idref="oc-1248"/>
            <object_component_ref idref="oc-f60"/>
            <object_component_ref idref="oc-f41"/>
            <object_component_ref idref="oc-1582"/>
            <object_component_ref idref="oc-1555"/>
            <object_component_ref idref="oc-158a"/>
            <object_component_ref idref="oc-6cb"/>
            <object_component_ref idref="oc-33a"/>
            <object_component_ref idref="oc-18cc"/>
            <object_component_ref idref="oc-1556"/>
            <object_component_ref idref="oc-1583"/>
            <object_component_ref idref="oc-1557"/>
            <object_component_ref idref="oc-1392"/>
            <object_component_ref idref="oc-ff1"/>
            <object_component_ref idref="oc-164a"/>
            <object_component_ref idref="oc-17a9"/>
            <object_component_ref idref="oc-1623"/>
            <object_component_ref idref="oc-1625"/>
            <object_component_ref idref="oc-1624"/>
            <object_component_ref idref="oc-15f0"/>
            <object_component_ref idref="oc-1614"/>
            <object_component_ref idref="oc-1615"/>
            <object_component_ref idref="oc-17c4"/>
            <object_component_ref idref="oc-17c2"/>
            <object_component_ref idref="oc-17c0"/>
            <object_component_ref idref="oc-1390"/>
            <object_component_ref idref="oc-138f"/>
            <object_component_ref idref="oc-138d"/>
            <object_component_ref idref="oc-1320"/>
            <object_component_ref idref="oc-136e"/>
            <object_component_ref idref="oc-132e"/>
            <object_component_ref idref="oc-132d"/>
            <object_component_ref idref="oc-1374"/>
            <object_component_ref idref="oc-138e"/>
            <object_component_ref idref="oc-1391"/>
            <object_component_ref idref="oc-17b3"/>
            <object_component_ref idref="oc-17c1"/>
            <object_component_ref idref="oc-17ac"/>
            <object_component_ref idref="oc-1622"/>
            <object_component_ref idref="oc-17c3"/>
            <object_component_ref idref="oc-1371"/>
            <object_component_ref idref="oc-1738"/>
            <object_component_ref idref="oc-176e"/>
            <object_component_ref idref="oc-176f"/>
            <object_component_ref idref="oc-1538"/>
            <object_component_ref idref="oc-1536"/>
            <object_component_ref idref="oc-1797"/>
            <object_component_ref idref="oc-1870"/>
            <object_component_ref idref="oc-15ed"/>
            <object_component_ref idref="oc-164c"/>
            <object_component_ref idref="oc-1604"/>
            <object_component_ref idref="oc-542"/>
            <object_component_ref idref="oc-550"/>
            <object_component_ref idref="oc-c0"/>
            <object_component_ref idref="oc-564"/>
            <object_component_ref idref="oc-f32"/>
            <object_component_ref idref="oc-b05"/>
            <object_component_ref idref="oc-b37"/>
            <object_component_ref idref="oc-b0c"/>
            <object_component_ref idref="oc-f36"/>
            <object_component_ref idref="oc-f3b"/>
            <object_component_ref idref="oc-178b"/>
            <object_component_ref idref="oc-187e"/>
            <object_component_ref idref="oc-1877"/>
            <object_component_ref idref="oc-15eb"/>
            <object_component_ref idref="oc-15fe"/>
            <object_component_ref idref="oc-15f1"/>
            <object_component_ref idref="oc-1601"/>
            <object_component_ref idref="oc-1848"/>
            <object_component_ref idref="oc-1766"/>
            <object_component_ref idref="oc-1794"/>
            <object_component_ref idref="oc-178f"/>
            <object_component_ref idref="oc-f69"/>
            <object_component_ref idref="oc-746"/>
            <object_component_ref idref="oc-1572"/>
            <object_component_ref idref="oc-b52"/>
            <object_component_ref idref="oc-b3e"/>
            <object_component_ref idref="oc-f6d"/>
            <object_component_ref idref="oc-b55"/>
            <object_component_ref idref="oc-1762"/>
            <object_component_ref idref="oc-15e0"/>
            <object_component_ref idref="oc-15d1"/>
            <object_component_ref idref="oc-1579"/>
            <object_component_ref idref="oc-1598"/>
            <object_component_ref idref="oc-158b"/>
            <object_component_ref idref="oc-159b"/>
            <object_component_ref idref="oc-176b"/>
            <object_component_ref idref="oc-5ff"/>
            <object_component_ref idref="oc-f40"/>
            <object_component_ref idref="oc-13e3"/>
            <object_component_ref idref="oc-1062"/>
            <object_component_ref idref="oc-16b1"/>
            <object_component_ref idref="oc-d48"/>
            <object_component_ref idref="oc-e5a"/>
            <object_component_ref idref="oc-10f9"/>
            <object_component_ref idref="oc-cc6"/>
            <object_component_ref idref="oc-173a"/>
            <object_component_ref idref="oc-1540"/>
            <object_component_ref idref="oc-c5b"/>
            <object_component_ref idref="oc-1063"/>
            <object_component_ref idref="oc-16b3"/>
            <object_component_ref idref="oc-167e"/>
            <object_component_ref idref="oc-13d6"/>
            <object_component_ref idref="oc-107f"/>
            <object_component_ref idref="oc-c62"/>
            <object_component_ref idref="oc-143f"/>
            <object_component_ref idref="oc-10f0"/>
            <object_component_ref idref="oc-cc5"/>
            <object_component_ref idref="oc-e57"/>
            <object_component_ref idref="oc-9d2"/>
            <object_component_ref idref="oc-d35"/>
            <object_component_ref idref="oc-18ad"/>
            <object_component_ref idref="oc-c26"/>
            <object_component_ref idref="oc-d34"/>
            <object_component_ref idref="oc-1519"/>
            <object_component_ref idref="oc-7c9"/>
            <object_component_ref idref="oc-7ed"/>
            <object_component_ref idref="oc-1258"/>
            <object_component_ref idref="oc-f68"/>
            <object_component_ref idref="oc-10e9"/>
            <object_component_ref idref="oc-f3f"/>
            <object_component_ref idref="oc-18ac"/>
            <object_component_ref idref="oc-16b2"/>
            <object_component_ref idref="oc-1506"/>
            <object_component_ref idref="oc-18be"/>
            <object_component_ref idref="oc-9bf"/>
            <object_component_ref idref="oc-83e"/>
            <object_component_ref idref="oc-78f"/>
            <object_component_ref idref="oc-18ae"/>
            <object_component_ref idref="oc-1045"/>
            <object_component_ref idref="oc-167a"/>
            <object_component_ref idref="oc-145c"/>
            <object_component_ref idref="oc-18b0"/>
            <object_component_ref idref="oc-18bd"/>
            <object_component_ref idref="oc-16b0"/>
            <object_component_ref idref="oc-9a0"/>
            <object_component_ref idref="oc-14fc"/>
            <object_component_ref idref="oc-186a"/>
            <object_component_ref idref="oc-18af"/>
            <object_component_ref idref="oc-1714"/>
            <object_component_ref idref="oc-aca"/>
            <object_component_ref idref="oc-1715"/>
            <object_component_ref idref="oc-1713"/>
            <object_component_ref idref="oc-170f"/>
            <object_component_ref idref="oc-1825"/>
            <object_component_ref idref="oc-ade"/>
            <object_component_ref idref="oc-18d3"/>
            <object_component_ref idref="oc-152a"/>
            <object_component_ref idref="oc-13f5"/>
            <object_component_ref idref="oc-1409"/>
            <object_component_ref idref="oc-1408"/>
            <object_component_ref idref="oc-169a"/>
            <object_component_ref idref="oc-16a3"/>
            <object_component_ref idref="oc-146d"/>
            <object_component_ref idref="oc-87e"/>
            <object_component_ref idref="oc-873"/>
            <object_component_ref idref="oc-d4b"/>
            <object_component_ref idref="oc-16bc"/>
            <object_component_ref idref="oc-14a1"/>
            <object_component_ref idref="oc-1080"/>
            <object_component_ref idref="oc-e89"/>
            <object_component_ref idref="oc-16d3"/>
            <object_component_ref idref="oc-297"/>
            <object_component_ref idref="oc-296"/>
            <object_component_ref idref="oc-142c"/>
            <object_component_ref idref="oc-10e7"/>
            <object_component_ref idref="oc-1737"/>
            <object_component_ref idref="oc-182e"/>
            <object_component_ref idref="oc-1531"/>
            <object_component_ref idref="oc-f31"/>
            <object_component_ref idref="oc-1060"/>
            <object_component_ref idref="oc-bf4"/>
            <object_component_ref idref="oc-1681"/>
            <object_component_ref idref="oc-16af"/>
            <object_component_ref idref="oc-10e8"/>
            <object_component_ref idref="oc-74d"/>
            <object_component_ref idref="oc-1541"/>
            <object_component_ref idref="oc-173b"/>
            <object_component_ref idref="oc-154d"/>
            <object_component_ref idref="oc-ad7"/>
            <object_component_ref idref="oc-edf"/>
            <object_component_ref idref="oc-ea8"/>
            <object_component_ref idref="oc-ea4"/>
            <object_component_ref idref="oc-e9c"/>
            <object_component_ref idref="oc-e98"/>
            <object_component_ref idref="oc-eb8"/>
            <object_component_ref idref="oc-eb0"/>
            <object_component_ref idref="oc-ea0"/>
            <object_component_ref idref="oc-eac"/>
            <object_component_ref idref="oc-eb4"/>
            <object_component_ref idref="oc-309"/>
            <object_component_ref idref="oc-ecb"/>
            <object_component_ref idref="oc-aa2"/>
            <object_component_ref idref="oc-183d"/>
            <object_component_ref idref="oc-1836"/>
            <object_component_ref idref="oc-182f"/>
            <object_component_ref idref="oc-b7f"/>
            <object_component_ref idref="oc-1523"/>
            <object_component_ref idref="oc-126a"/>
            <object_component_ref idref="oc-1270"/>
            <object_component_ref idref="oc-3bf"/>
            <object_component_ref idref="oc-f2d"/>
            <object_component_ref idref="oc-10c6"/>
            <object_component_ref idref="oc-621"/>
            <object_component_ref idref="oc-62b"/>
            <object_component_ref idref="oc-603"/>
            <object_component_ref idref="oc-653"/>
            <object_component_ref idref="oc-626"/>
            <object_component_ref idref="oc-61c"/>
            <object_component_ref idref="oc-676"/>
            <object_component_ref idref="oc-644"/>
            <object_component_ref idref="oc-667"/>
            <object_component_ref idref="oc-66c"/>
            <object_component_ref idref="oc-aaa"/>
            <object_component_ref idref="oc-aa5"/>
            <object_component_ref idref="oc-aaf"/>
            <object_component_ref idref="oc-671"/>
            <object_component_ref idref="oc-635"/>
            <object_component_ref idref="oc-ab9"/>
            <object_component_ref idref="oc-ab4"/>
            <object_component_ref idref="oc-662"/>
            <object_component_ref idref="oc-65d"/>
            <object_component_ref idref="oc-658"/>
            <object_component_ref idref="oc-abe"/>
            <object_component_ref idref="oc-67b"/>
            <object_component_ref idref="oc-630"/>
            <object_component_ref idref="oc-608"/>
            <object_component_ref idref="oc-63a"/>
            <object_component_ref idref="oc-649"/>
            <object_component_ref idref="oc-60d"/>
            <object_component_ref idref="oc-612"/>
            <object_component_ref idref="oc-64e"/>
            <object_component_ref idref="oc-63f"/>
            <object_component_ref idref="oc-617"/>
            <object_component_ref idref="oc-174e"/>
            <object_component_ref idref="oc-1e5"/>
            <object_component_ref idref="oc-1e4"/>
            <object_component_ref idref="oc-1539"/>
            <object_component_ref idref="oc-17e9"/>
            <object_component_ref idref="oc-13c1"/>
            <object_component_ref idref="oc-13e4"/>
            <object_component_ref idref="oc-1677"/>
            <object_component_ref idref="oc-100c"/>
            <object_component_ref idref="oc-b96"/>
            <object_component_ref idref="oc-1010"/>
            <object_component_ref idref="oc-bb4"/>
            <object_component_ref idref="oc-7d5"/>
            <object_component_ref idref="oc-770"/>
            <object_component_ref idref="oc-773"/>
            <object_component_ref idref="oc-bc7"/>
            <object_component_ref idref="oc-bcc"/>
            <object_component_ref idref="oc-1022"/>
            <object_component_ref idref="oc-103b"/>
            <object_component_ref idref="oc-1040"/>
            <object_component_ref idref="oc-102c"/>
            <object_component_ref idref="oc-bc2"/>
            <object_component_ref idref="oc-bb8"/>
            <object_component_ref idref="oc-1031"/>
            <object_component_ref idref="oc-1027"/>
            <object_component_ref idref="oc-bbd"/>
            <object_component_ref idref="oc-1036"/>
            <object_component_ref idref="oc-101d"/>
            <object_component_ref idref="oc-13b4"/>
            <object_component_ref idref="oc-1043"/>
            <object_component_ref idref="oc-16e7"/>
            <object_component_ref idref="oc-14bd"/>
            <object_component_ref idref="oc-bef"/>
            <object_component_ref idref="oc-798"/>
            <object_component_ref idref="oc-c41"/>
            <object_component_ref idref="oc-f70"/>
            <object_component_ref idref="oc-17c5"/>
            <object_component_ref idref="oc-1007"/>
            <object_component_ref idref="oc-18f1"/>
            <object_component_ref idref="oc-18cb"/>
            <object_component_ref idref="oc-1676"/>
            <object_component_ref idref="oc-7cd"/>
            <object_component_ref idref="oc-c45"/>
            <object_component_ref idref="oc-c4f"/>
            <object_component_ref idref="oc-c4a"/>
            <object_component_ref idref="oc-c6e"/>
            <object_component_ref idref="oc-7f4"/>
            <object_component_ref idref="oc-52e"/>
            <object_component_ref idref="oc-c72"/>
            <object_component_ref idref="oc-1019"/>
            <object_component_ref idref="oc-1053"/>
            <object_component_ref idref="oc-c0a"/>
            <object_component_ref idref="oc-1013"/>
            <object_component_ref idref="oc-c58"/>
            <object_component_ref idref="oc-b9e"/>
            <object_component_ref idref="oc-1016"/>
            <object_component_ref idref="oc-ba1"/>
            <object_component_ref idref="oc-eec"/>
            <object_component_ref idref="oc-ae8"/>
            <object_component_ref idref="oc-10c5"/>
            <object_component_ref idref="oc-1f6"/>
            <object_component_ref idref="oc-ef0"/>
            <object_component_ref idref="oc-ef5"/>
            <object_component_ref idref="oc-285"/>
            <object_component_ref idref="oc-16c2"/>
            <object_component_ref idref="oc-16c3"/>
            <object_component_ref idref="oc-1493"/>
            <object_component_ref idref="oc-190f"/>
            <object_component_ref idref="oc-1162"/>
            <object_component_ref idref="oc-276"/>
            <object_component_ref idref="oc-d6c"/>
            <object_component_ref idref="oc-bd"/>
            <object_component_ref idref="oc-192c"/>
            <object_component_ref idref="oc-10ca"/>
            <object_component_ref idref="oc-1916"/>
            <object_component_ref idref="oc-8a1"/>
            <object_component_ref idref="oc-14ee"/>
            <object_component_ref idref="oc-28e"/>
            <object_component_ref idref="oc-293"/>
            <object_component_ref idref="oc-1496"/>
            <object_component_ref idref="oc-289"/>
            <object_component_ref idref="oc-1477"/>
            <object_component_ref idref="oc-1483"/>
            <object_component_ref idref="oc-1154"/>
            <object_component_ref idref="oc-3bb"/>
            <object_component_ref idref="oc-532"/>
            <object_component_ref idref="oc-d63"/>
            <object_component_ref idref="oc-14ef"/>
            <object_component_ref idref="oc-1480"/>
            <object_component_ref idref="oc-147b"/>
            <object_component_ref idref="oc-13a5"/>
            <object_component_ref idref="oc-18f0"/>
            <object_component_ref idref="oc-ffd"/>
            <object_component_ref idref="oc-190e"/>
            <object_component_ref idref="oc-1930"/>
            <object_component_ref idref="oc-18e9"/>
            <object_component_ref idref="oc-18a3"/>
            <object_component_ref idref="oc-18a2"/>
            <object_component_ref idref="oc-16df"/>
            <object_component_ref idref="oc-13a9"/>
            <object_component_ref idref="oc-1000"/>
            <object_component_ref idref="oc-13a2"/>
            <object_component_ref idref="oc-1919"/>
            <object_component_ref idref="oc-1900"/>
            <object_component_ref idref="oc-1922"/>
            <object_component_ref idref="oc-191d"/>
            <object_component_ref idref="oc-76"/>
            <object_component_ref idref="oc-ab"/>
            <object_component_ref idref="oc-1534"/>
            <object_component_ref idref="oc-f61"/>
            <object_component_ref idref="oc-f3e"/>
            <object_component_ref idref="oc-ef8"/>
            <object_component_ref idref="oc-aea"/>
            <object_component_ref idref="oc-aed"/>
            <object_component_ref idref="oc-f2b"/>
            <object_component_ref idref="oc-af5"/>
            <object_component_ref idref="oc-af8"/>
            <object_component_ref idref="oc-af7"/>
            <object_component_ref idref="oc-b82"/>
            <object_component_ref idref="oc-b80"/>
            <object_component_ref idref="oc-74a"/>
            <object_component_ref idref="oc-74c"/>
            <object_component_ref idref="oc-b39"/>
            <object_component_ref idref="oc-b3a"/>
            <object_component_ref idref="oc-b38"/>
            <object_component_ref idref="oc-b3d"/>
            <object_component_ref idref="oc-b3c"/>
            <object_component_ref idref="oc-b3b"/>
            <object_component_ref idref="oc-b58"/>
            <object_component_ref idref="oc-1271"/>
            <object_component_ref idref="oc-f8b"/>
            <object_component_ref idref="oc-b59"/>
            <object_component_ref idref="oc-174f"/>
            <object_component_ref idref="oc-1780"/>
            <object_component_ref idref="oc-177a"/>
            <object_component_ref idref="oc-1781"/>
            <object_component_ref idref="oc-177e"/>
            <object_component_ref idref="oc-177d"/>
            <object_component_ref idref="oc-177b"/>
            <object_component_ref idref="oc-1554"/>
            <object_component_ref idref="oc-1779"/>
            <object_component_ref idref="oc-177c"/>
            <object_component_ref idref="oc-1751"/>
            <object_component_ref idref="oc-184b"/>
            <object_component_ref idref="oc-1778"/>
            <object_component_ref idref="oc-1753"/>
            <object_component_ref idref="oc-15df"/>
            <object_component_ref idref="oc-1558"/>
            <object_component_ref idref="oc-1552"/>
            <object_component_ref idref="oc-1752"/>
            <object_component_ref idref="oc-1238"/>
            <object_component_ref idref="oc-122e"/>
            <object_component_ref idref="oc-1219"/>
            <object_component_ref idref="oc-1532"/>
            <object_component_ref idref="oc-1236"/>
            <object_component_ref idref="oc-1533"/>
            <object_component_ref idref="oc-af4"/>
            <object_component_ref idref="oc-122c"/>
            <object_component_ref idref="oc-122d"/>
            <object_component_ref idref="oc-1535"/>
            <object_component_ref idref="oc-1235"/>
            <object_component_ref idref="oc-1237"/>
            <object_component_ref idref="oc-f29"/>
            <object_component_ref idref="oc-6cd"/>
            <object_component_ref idref="oc-124b"/>
            <object_component_ref idref="oc-1249"/>
            <object_component_ref idref="oc-1782"/>
            <object_component_ref idref="oc-164f"/>
            <object_component_ref idref="oc-164d"/>
            <object_component_ref idref="oc-17ab"/>
            <object_component_ref idref="oc-17a7"/>
            <object_component_ref idref="oc-164e"/>
            <object_component_ref idref="oc-17a8"/>
            <object_component_ref idref="oc-15ef"/>
            <object_component_ref idref="oc-15e4"/>
            <object_component_ref idref="oc-15e1"/>
            <object_component_ref idref="oc-15e3"/>
            <object_component_ref idref="oc-124c"/>
            <object_component_ref idref="oc-124a"/>
            <object_component_ref idref="oc-e90"/>
            <object_component_ref idref="oc-a46"/>
            <object_component_ref idref="oc-e8f"/>
            <object_component_ref idref="oc-260"/>
            <object_component_ref idref="oc-b2"/>
            <object_component_ref idref="oc-264"/>
            <object_component_ref idref="oc-1e6"/>
            <object_component_ref idref="oc-38"/>
            <object_component_ref idref="oc-3b"/>
            <object_component_ref idref="oc-8b"/>
            <object_component_ref idref="oc-95"/>
            <object_component_ref idref="oc-48"/>
            <object_component_ref idref="oc-4b"/>
            <object_component_ref idref="oc-92"/>
            <object_component_ref idref="oc-9d"/>
            <object_component_ref idref="oc-54"/>
            <object_component_ref idref="oc-57"/>
            <object_component_ref idref="oc-9a"/>
            <object_component_ref idref="oc-30b"/>
            <object_component_ref idref="oc-1e8"/>
            <object_component_ref idref="oc-30f"/>
            <object_component_ref idref="oc-680"/>
            <object_component_ref idref="oc-314"/>
            <object_component_ref idref="oc-11a0"/>
            <object_component_ref idref="oc-119e"/>
            <object_component_ref idref="oc-e71"/>
            <object_component_ref idref="oc-e74"/>
            <object_component_ref idref="oc-11a4"/>
            <object_component_ref idref="oc-e82"/>
            <object_component_ref idref="oc-149b"/>
            <object_component_ref idref="oc-1192"/>
            <object_component_ref idref="oc-119c"/>
            <object_component_ref idref="oc-a4a"/>
            <object_component_ref idref="oc-a3e"/>
            <object_component_ref idref="oc-53e"/>
            <object_component_ref idref="oc-1118"/>
            <object_component_ref idref="oc-1110"/>
            <object_component_ref idref="oc-1113"/>
            <object_component_ref idref="oc-1111"/>
            <object_component_ref idref="oc-e84"/>
            <object_component_ref idref="oc-83f"/>
            <object_component_ref idref="oc-8f"/>
            <object_component_ref idref="oc-97"/>
            <object_component_ref idref="oc-149f"/>
            <object_component_ref idref="oc-119a"/>
            <object_component_ref idref="oc-111d"/>
            <object_component_ref idref="oc-d32"/>
            <object_component_ref idref="oc-846"/>
            <object_component_ref idref="oc-84a"/>
            <object_component_ref idref="oc-84f"/>
            <object_component_ref idref="oc-c4"/>
            <object_component_ref idref="oc-d44"/>
            <object_component_ref idref="oc-874"/>
            <object_component_ref idref="oc-13ee"/>
            <object_component_ref idref="oc-13ec"/>
            <object_component_ref idref="oc-1090"/>
            <object_component_ref idref="oc-1099"/>
            <object_component_ref idref="oc-1094"/>
            <object_component_ref idref="oc-1688"/>
            <object_component_ref idref="oc-1686"/>
            <object_component_ref idref="oc-13e8"/>
            <object_component_ref idref="oc-17f7"/>
            <object_component_ref idref="oc-110f"/>
            <object_component_ref idref="oc-1131"/>
            <object_component_ref idref="oc-d26"/>
            <object_component_ref idref="oc-d2a"/>
            <object_component_ref idref="oc-1135"/>
            <object_component_ref idref="oc-d2f"/>
            <object_component_ref idref="oc-1469"/>
            <object_component_ref idref="oc-112d"/>
            <object_component_ref idref="oc-16b4"/>
            <object_component_ref idref="oc-1466"/>
            <object_component_ref idref="oc-1112"/>
            <object_component_ref idref="oc-1114"/>
            <object_component_ref idref="oc-1895"/>
            <object_component_ref idref="oc-1117"/>
            <object_component_ref idref="oc-145d"/>
            <object_component_ref idref="oc-1115"/>
            <object_component_ref idref="oc-146b"/>
            <object_component_ref idref="oc-112f"/>
            <object_component_ref idref="oc-16d1"/>
            <object_component_ref idref="oc-149d"/>
            <object_component_ref idref="oc-145f"/>
            <object_component_ref idref="oc-1119"/>
            <object_component_ref idref="oc-1462"/>
            <object_component_ref idref="oc-1126"/>
            <object_component_ref idref="oc-1464"/>
            <object_component_ref idref="oc-1128"/>
            <object_component_ref idref="oc-168a"/>
            <object_component_ref idref="oc-13ea"/>
            <object_component_ref idref="oc-1461"/>
            <object_component_ref idref="oc-1960"/>
         </contents>
      </logical_group>
      <logical_group id="lg-1951" display="never" color="cyan">
         <name>.debug_str</name>
         <load_address>0x0</load_address>
         <run_address>0x0</run_address>
         <size>0x61ad4</size>
         <contents>
            <object_component_ref idref="oc-581"/>
            <object_component_ref idref="oc-58b"/>
            <object_component_ref idref="oc-5d1"/>
            <object_component_ref idref="oc-595"/>
            <object_component_ref idref="oc-590"/>
            <object_component_ref idref="oc-1307"/>
            <object_component_ref idref="oc-efe"/>
            <object_component_ref idref="oc-570"/>
            <object_component_ref idref="oc-e3"/>
            <object_component_ref idref="oc-a5c"/>
            <object_component_ref idref="oc-59a"/>
            <object_component_ref idref="oc-59f"/>
            <object_component_ref idref="oc-5a4"/>
            <object_component_ref idref="oc-3cb"/>
            <object_component_ref idref="oc-5a9"/>
            <object_component_ref idref="oc-5ae"/>
            <object_component_ref idref="oc-5b3"/>
            <object_component_ref idref="oc-5b8"/>
            <object_component_ref idref="oc-a57"/>
            <object_component_ref idref="oc-5bd"/>
            <object_component_ref idref="oc-5c2"/>
            <object_component_ref idref="oc-5c7"/>
            <object_component_ref idref="oc-5cc"/>
            <object_component_ref idref="oc-548"/>
            <object_component_ref idref="oc-a52"/>
            <object_component_ref idref="oc-3d0"/>
            <object_component_ref idref="oc-5d6"/>
            <object_component_ref idref="oc-5db"/>
            <object_component_ref idref="oc-5e0"/>
            <object_component_ref idref="oc-55c"/>
            <object_component_ref idref="oc-54d"/>
            <object_component_ref idref="oc-5e5"/>
            <object_component_ref idref="oc-25a"/>
            <object_component_ref idref="oc-3ee"/>
            <object_component_ref idref="oc-2fd"/>
            <object_component_ref idref="oc-19c"/>
            <object_component_ref idref="oc-1ab"/>
            <object_component_ref idref="oc-575"/>
            <object_component_ref idref="oc-1ba"/>
            <object_component_ref idref="oc-2e4"/>
            <object_component_ref idref="oc-1bf"/>
            <object_component_ref idref="oc-2e9"/>
            <object_component_ref idref="oc-57a"/>
            <object_component_ref idref="oc-3e9"/>
            <object_component_ref idref="oc-129"/>
            <object_component_ref idref="oc-e8"/>
            <object_component_ref idref="oc-2d5"/>
            <object_component_ref idref="oc-5ea"/>
            <object_component_ref idref="oc-2d0"/>
            <object_component_ref idref="oc-2a3"/>
            <object_component_ref idref="oc-f2"/>
            <object_component_ref idref="oc-586"/>
            <object_component_ref idref="oc-d9"/>
            <object_component_ref idref="oc-12e"/>
            <object_component_ref idref="oc-138"/>
            <object_component_ref idref="oc-2b2"/>
            <object_component_ref idref="oc-147"/>
            <object_component_ref idref="oc-1398"/>
            <object_component_ref idref="oc-3da"/>
            <object_component_ref idref="oc-561"/>
            <object_component_ref idref="oc-56b"/>
            <object_component_ref idref="oc-29e"/>
            <object_component_ref idref="oc-2df"/>
            <object_component_ref idref="oc-2cb"/>
            <object_component_ref idref="oc-3c6"/>
            <object_component_ref idref="oc-524"/>
            <object_component_ref idref="oc-3fd"/>
            <object_component_ref idref="oc-818"/>
            <object_component_ref idref="oc-510"/>
            <object_component_ref idref="oc-2bc"/>
            <object_component_ref idref="oc-515"/>
            <object_component_ref idref="oc-51a"/>
            <object_component_ref idref="oc-51f"/>
            <object_component_ref idref="oc-2c6"/>
            <object_component_ref idref="oc-822"/>
            <object_component_ref idref="oc-1b5"/>
            <object_component_ref idref="oc-2f3"/>
            <object_component_ref idref="oc-3e4"/>
            <object_component_ref idref="oc-2ee"/>
            <object_component_ref idref="oc-f7"/>
            <object_component_ref idref="oc-fc"/>
            <object_component_ref idref="oc-2da"/>
            <object_component_ref idref="oc-3d5"/>
            <object_component_ref idref="oc-3df"/>
            <object_component_ref idref="oc-3f3"/>
            <object_component_ref idref="oc-25f"/>
            <object_component_ref idref="oc-3f8"/>
            <object_component_ref idref="oc-81d"/>
            <object_component_ref idref="oc-2a8"/>
            <object_component_ref idref="oc-42"/>
            <object_component_ref idref="oc-d95"/>
            <object_component_ref idref="oc-d9a"/>
            <object_component_ref idref="oc-d9e"/>
            <object_component_ref idref="oc-14c"/>
            <object_component_ref idref="oc-151"/>
            <object_component_ref idref="oc-11f"/>
            <object_component_ref idref="oc-124"/>
            <object_component_ref idref="oc-156"/>
            <object_component_ref idref="oc-15b"/>
            <object_component_ref idref="oc-de"/>
            <object_component_ref idref="oc-160"/>
            <object_component_ref idref="oc-165"/>
            <object_component_ref idref="oc-16a"/>
            <object_component_ref idref="oc-16f"/>
            <object_component_ref idref="oc-174"/>
            <object_component_ref idref="oc-179"/>
            <object_component_ref idref="oc-17e"/>
            <object_component_ref idref="oc-183"/>
            <object_component_ref idref="oc-2f8"/>
            <object_component_ref idref="oc-10b"/>
            <object_component_ref idref="oc-2ad"/>
            <object_component_ref idref="oc-188"/>
            <object_component_ref idref="oc-115"/>
            <object_component_ref idref="oc-2b7"/>
            <object_component_ref idref="oc-18d"/>
            <object_component_ref idref="oc-2c1"/>
            <object_component_ref idref="oc-192"/>
            <object_component_ref idref="oc-197"/>
            <object_component_ref idref="oc-1a1"/>
            <object_component_ref idref="oc-1a6"/>
            <object_component_ref idref="oc-1b0"/>
            <object_component_ref idref="oc-1c4"/>
            <object_component_ref idref="oc-1c9"/>
            <object_component_ref idref="oc-1ce"/>
            <object_component_ref idref="oc-142"/>
            <object_component_ref idref="oc-133"/>
            <object_component_ref idref="oc-16d0"/>
            <object_component_ref idref="oc-302"/>
            <object_component_ref idref="oc-1d8"/>
            <object_component_ref idref="oc-ed"/>
            <object_component_ref idref="oc-101"/>
            <object_component_ref idref="oc-106"/>
            <object_component_ref idref="oc-1d3"/>
            <object_component_ref idref="oc-110"/>
            <object_component_ref idref="oc-1dd"/>
            <object_component_ref idref="oc-11a"/>
            <object_component_ref idref="oc-13d"/>
            <object_component_ref idref="oc-a16"/>
            <object_component_ref idref="oc-bb3"/>
            <object_component_ref idref="oc-283"/>
            <object_component_ref idref="oc-d5c"/>
            <object_component_ref idref="oc-897"/>
            <object_component_ref idref="oc-557"/>
            <object_component_ref idref="oc-754"/>
            <object_component_ref idref="oc-12e7"/>
            <object_component_ref idref="oc-1373"/>
            <object_component_ref idref="oc-552"/>
            <object_component_ref idref="oc-c2"/>
            <object_component_ref idref="oc-566"/>
            <object_component_ref idref="oc-f38"/>
            <object_component_ref idref="oc-f3d"/>
            <object_component_ref idref="oc-1603"/>
            <object_component_ref idref="oc-184a"/>
            <object_component_ref idref="oc-1768"/>
            <object_component_ref idref="oc-1796"/>
            <object_component_ref idref="oc-1791"/>
            <object_component_ref idref="oc-f6f"/>
            <object_component_ref idref="oc-b57"/>
            <object_component_ref idref="oc-159d"/>
            <object_component_ref idref="oc-176d"/>
            <object_component_ref idref="oc-623"/>
            <object_component_ref idref="oc-62d"/>
            <object_component_ref idref="oc-605"/>
            <object_component_ref idref="oc-655"/>
            <object_component_ref idref="oc-628"/>
            <object_component_ref idref="oc-61e"/>
            <object_component_ref idref="oc-678"/>
            <object_component_ref idref="oc-646"/>
            <object_component_ref idref="oc-669"/>
            <object_component_ref idref="oc-66e"/>
            <object_component_ref idref="oc-aac"/>
            <object_component_ref idref="oc-aa7"/>
            <object_component_ref idref="oc-ab1"/>
            <object_component_ref idref="oc-673"/>
            <object_component_ref idref="oc-637"/>
            <object_component_ref idref="oc-abb"/>
            <object_component_ref idref="oc-ab6"/>
            <object_component_ref idref="oc-664"/>
            <object_component_ref idref="oc-65f"/>
            <object_component_ref idref="oc-65a"/>
            <object_component_ref idref="oc-ac0"/>
            <object_component_ref idref="oc-67d"/>
            <object_component_ref idref="oc-632"/>
            <object_component_ref idref="oc-60a"/>
            <object_component_ref idref="oc-63c"/>
            <object_component_ref idref="oc-64b"/>
            <object_component_ref idref="oc-60f"/>
            <object_component_ref idref="oc-614"/>
            <object_component_ref idref="oc-650"/>
            <object_component_ref idref="oc-641"/>
            <object_component_ref idref="oc-619"/>
            <object_component_ref idref="oc-1012"/>
            <object_component_ref idref="oc-775"/>
            <object_component_ref idref="oc-bc9"/>
            <object_component_ref idref="oc-bce"/>
            <object_component_ref idref="oc-1024"/>
            <object_component_ref idref="oc-103d"/>
            <object_component_ref idref="oc-1042"/>
            <object_component_ref idref="oc-102e"/>
            <object_component_ref idref="oc-bc4"/>
            <object_component_ref idref="oc-bba"/>
            <object_component_ref idref="oc-1033"/>
            <object_component_ref idref="oc-1029"/>
            <object_component_ref idref="oc-bbf"/>
            <object_component_ref idref="oc-1038"/>
            <object_component_ref idref="oc-101f"/>
            <object_component_ref idref="oc-c47"/>
            <object_component_ref idref="oc-c51"/>
            <object_component_ref idref="oc-c4c"/>
            <object_component_ref idref="oc-c74"/>
            <object_component_ref idref="oc-1018"/>
            <object_component_ref idref="oc-ba3"/>
            <object_component_ref idref="oc-ef2"/>
            <object_component_ref idref="oc-ef7"/>
            <object_component_ref idref="oc-290"/>
            <object_component_ref idref="oc-295"/>
            <object_component_ref idref="oc-1498"/>
            <object_component_ref idref="oc-28b"/>
            <object_component_ref idref="oc-1482"/>
            <object_component_ref idref="oc-147d"/>
            <object_component_ref idref="oc-13ab"/>
            <object_component_ref idref="oc-1002"/>
            <object_component_ref idref="oc-13a4"/>
            <object_component_ref idref="oc-1924"/>
            <object_component_ref idref="oc-191f"/>
            <object_component_ref idref="oc-266"/>
            <object_component_ref idref="oc-3d"/>
            <object_component_ref idref="oc-8d"/>
            <object_component_ref idref="oc-4d"/>
            <object_component_ref idref="oc-94"/>
            <object_component_ref idref="oc-59"/>
            <object_component_ref idref="oc-9c"/>
            <object_component_ref idref="oc-311"/>
            <object_component_ref idref="oc-682"/>
            <object_component_ref idref="oc-316"/>
            <object_component_ref idref="oc-e76"/>
            <object_component_ref idref="oc-111f"/>
            <object_component_ref idref="oc-84c"/>
            <object_component_ref idref="oc-851"/>
            <object_component_ref idref="oc-109b"/>
            <object_component_ref idref="oc-1096"/>
            <object_component_ref idref="oc-d2c"/>
            <object_component_ref idref="oc-1137"/>
            <object_component_ref idref="oc-d31"/>
         </contents>
      </logical_group>
      <logical_group id="lg-1953" display="never" color="cyan">
         <name>.debug_aranges</name>
         <load_address>0x0</load_address>
         <run_address>0x0</run_address>
         <size>0x4388</size>
         <contents>
            <object_component_ref idref="oc-20b"/>
            <object_component_ref idref="oc-205"/>
            <object_component_ref idref="oc-ae"/>
            <object_component_ref idref="oc-d8a"/>
            <object_component_ref idref="oc-db6"/>
            <object_component_ref idref="oc-dd4"/>
            <object_component_ref idref="oc-dc2"/>
            <object_component_ref idref="oc-e22"/>
            <object_component_ref idref="oc-ded"/>
            <object_component_ref idref="oc-df3"/>
            <object_component_ref idref="oc-e0b"/>
            <object_component_ref idref="oc-e05"/>
            <object_component_ref idref="oc-da3"/>
            <object_component_ref idref="oc-e28"/>
            <object_component_ref idref="oc-94c"/>
            <object_component_ref idref="oc-909"/>
            <object_component_ref idref="oc-903"/>
            <object_component_ref idref="oc-8cc"/>
            <object_component_ref idref="oc-dda"/>
            <object_component_ref idref="oc-915"/>
            <object_component_ref idref="oc-921"/>
            <object_component_ref idref="oc-90f"/>
            <object_component_ref idref="oc-91b"/>
            <object_component_ref idref="oc-8e4"/>
            <object_component_ref idref="oc-8f6"/>
            <object_component_ref idref="oc-989"/>
            <object_component_ref idref="oc-8f0"/>
            <object_component_ref idref="oc-8d8"/>
            <object_component_ref idref="oc-96b"/>
            <object_component_ref idref="oc-98f"/>
            <object_component_ref idref="oc-995"/>
            <object_component_ref idref="oc-99b"/>
            <object_component_ref idref="oc-47a"/>
            <object_component_ref idref="oc-952"/>
            <object_component_ref idref="oc-940"/>
            <object_component_ref idref="oc-946"/>
            <object_component_ref idref="oc-958"/>
            <object_component_ref idref="oc-92e"/>
            <object_component_ref idref="oc-93a"/>
            <object_component_ref idref="oc-934"/>
            <object_component_ref idref="oc-117e"/>
            <object_component_ref idref="oc-dfe"/>
            <object_component_ref idref="oc-de6"/>
            <object_component_ref idref="oc-da8"/>
            <object_component_ref idref="oc-8c6"/>
            <object_component_ref idref="oc-8de"/>
            <object_component_ref idref="oc-8fc"/>
            <object_component_ref idref="oc-965"/>
            <object_component_ref idref="oc-97d"/>
            <object_component_ref idref="oc-977"/>
            <object_component_ref idref="oc-971"/>
            <object_component_ref idref="oc-8ea"/>
            <object_component_ref idref="oc-9a5"/>
            <object_component_ref idref="oc-48c"/>
            <object_component_ref idref="oc-e36"/>
            <object_component_ref idref="oc-9ab"/>
            <object_component_ref idref="oc-9b1"/>
            <object_component_ref idref="oc-9b7"/>
            <object_component_ref idref="oc-95e"/>
            <object_component_ref idref="oc-df8"/>
            <object_component_ref idref="oc-486"/>
            <object_component_ref idref="oc-8b6"/>
            <object_component_ref idref="oc-dbc"/>
            <object_component_ref idref="oc-dce"/>
            <object_component_ref idref="oc-dc8"/>
            <object_component_ref idref="oc-db0"/>
            <object_component_ref idref="oc-de0"/>
            <object_component_ref idref="oc-8c0"/>
            <object_component_ref idref="oc-8d2"/>
            <object_component_ref idref="oc-492"/>
            <object_component_ref idref="oc-474"/>
            <object_component_ref idref="oc-8b0"/>
            <object_component_ref idref="oc-d83"/>
            <object_component_ref idref="oc-d7d"/>
            <object_component_ref idref="oc-d77"/>
            <object_component_ref idref="oc-d71"/>
            <object_component_ref idref="oc-928"/>
            <object_component_ref idref="oc-46e"/>
            <object_component_ref idref="oc-468"/>
            <object_component_ref idref="oc-242"/>
            <object_component_ref idref="oc-249"/>
            <object_component_ref idref="oc-251"/>
            <object_component_ref idref="oc-a0c"/>
            <object_component_ref idref="oc-4c7"/>
            <object_component_ref idref="oc-4e5"/>
            <object_component_ref idref="oc-4c1"/>
            <object_component_ref idref="oc-4bb"/>
            <object_component_ref idref="oc-4eb"/>
            <object_component_ref idref="oc-4df"/>
            <object_component_ref idref="oc-4b5"/>
            <object_component_ref idref="oc-4fd"/>
            <object_component_ref idref="oc-1909"/>
            <object_component_ref idref="oc-457"/>
            <object_component_ref idref="oc-16c7"/>
            <object_component_ref idref="oc-18c8"/>
            <object_component_ref idref="oc-7f1"/>
            <object_component_ref idref="oc-528"/>
            <object_component_ref idref="oc-11b5"/>
            <object_component_ref idref="oc-11af"/>
            <object_component_ref idref="oc-11bb"/>
            <object_component_ref idref="oc-7f9"/>
            <object_component_ref idref="oc-73"/>
            <object_component_ref idref="oc-31f"/>
            <object_component_ref idref="oc-10f5"/>
            <object_component_ref idref="oc-1428"/>
            <object_component_ref idref="oc-10d4"/>
            <object_component_ref idref="oc-1421"/>
            <object_component_ref idref="oc-10ce"/>
            <object_component_ref idref="oc-cb4"/>
            <object_component_ref idref="oc-cbb"/>
            <object_component_ref idref="oc-17d9"/>
            <object_component_ref idref="oc-10fd"/>
            <object_component_ref idref="oc-80f"/>
            <object_component_ref idref="oc-c96"/>
            <object_component_ref idref="oc-809"/>
            <object_component_ref idref="oc-14e9"/>
            <object_component_ref idref="oc-14e3"/>
            <object_component_ref idref="oc-14dd"/>
            <object_component_ref idref="oc-114d"/>
            <object_component_ref idref="oc-1147"/>
            <object_component_ref idref="oc-1141"/>
            <object_component_ref idref="oc-10c0"/>
            <object_component_ref idref="oc-10ba"/>
            <object_component_ref idref="oc-10b4"/>
            <object_component_ref idref="oc-c55"/>
            <object_component_ref idref="oc-bfe"/>
            <object_component_ref idref="oc-223"/>
            <object_component_ref idref="oc-1509"/>
            <object_component_ref idref="oc-21d"/>
            <object_component_ref idref="oc-150f"/>
            <object_component_ref idref="oc-ebb"/>
            <object_component_ref idref="oc-14ff"/>
            <object_component_ref idref="oc-ec1"/>
            <object_component_ref idref="oc-175d"/>
            <object_component_ref idref="oc-1575"/>
            <object_component_ref idref="oc-217"/>
            <object_component_ref idref="oc-1594"/>
            <object_component_ref idref="oc-158e"/>
            <object_component_ref idref="oc-17ec"/>
            <object_component_ref idref="oc-16b8"/>
            <object_component_ref idref="oc-779"/>
            <object_component_ref idref="oc-c13"/>
            <object_component_ref idref="oc-1786"/>
            <object_component_ref idref="oc-15e7"/>
            <object_component_ref idref="oc-15fa"/>
            <object_component_ref idref="oc-14f8"/>
            <object_component_ref idref="oc-14f2"/>
            <object_component_ref idref="oc-15f4"/>
            <object_component_ref idref="oc-ac3"/>
            <object_component_ref idref="oc-16f3"/>
            <object_component_ref idref="oc-16ed"/>
            <object_component_ref idref="oc-b48"/>
            <object_component_ref idref="oc-1526"/>
            <object_component_ref idref="oc-ec7"/>
            <object_component_ref idref="oc-43e"/>
            <object_component_ref idref="oc-438"/>
            <object_component_ref idref="oc-1756"/>
            <object_component_ref idref="oc-156e"/>
            <object_component_ref idref="oc-b4e"/>
            <object_component_ref idref="oc-151c"/>
            <object_component_ref idref="oc-4d9"/>
            <object_component_ref idref="oc-4b0"/>
            <object_component_ref idref="oc-4f7"/>
            <object_component_ref idref="oc-4d4"/>
            <object_component_ref idref="oc-9dd"/>
            <object_component_ref idref="oc-4cd"/>
            <object_component_ref idref="oc-4f1"/>
            <object_component_ref idref="oc-1166"/>
            <object_component_ref idref="oc-44a"/>
            <object_component_ref idref="oc-350"/>
            <object_component_ref idref="oc-444"/>
            <object_component_ref idref="oc-423"/>
            <object_component_ref idref="oc-462"/>
            <object_component_ref idref="oc-357"/>
            <object_component_ref idref="oc-45c"/>
            <object_component_ref idref="oc-211"/>
            <object_component_ref idref="oc-33d"/>
            <object_component_ref idref="oc-343"/>
            <object_component_ref idref="oc-1ff"/>
            <object_component_ref idref="oc-723"/>
            <object_component_ref idref="oc-1299"/>
            <object_component_ref idref="oc-12d3"/>
            <object_component_ref idref="oc-12de"/>
            <object_component_ref idref="oc-12f0"/>
            <object_component_ref idref="oc-fad"/>
            <object_component_ref idref="oc-f94"/>
            <object_component_ref idref="oc-fa7"/>
            <object_component_ref idref="oc-fa1"/>
            <object_component_ref idref="oc-f9a"/>
            <object_component_ref idref="oc-f8e"/>
            <object_component_ref idref="oc-15cc"/>
            <object_component_ref idref="oc-12d9"/>
            <object_component_ref idref="oc-12ab"/>
            <object_component_ref idref="oc-f44"/>
            <object_component_ref idref="oc-b27"/>
            <object_component_ref idref="oc-b21"/>
            <object_component_ref idref="oc-12b4"/>
            <object_component_ref idref="oc-1280"/>
            <object_component_ref idref="oc-12c0"/>
            <object_component_ref idref="oc-32a"/>
            <object_component_ref idref="oc-1f9"/>
            <object_component_ref idref="oc-1888"/>
            <object_component_ref idref="oc-1286"/>
            <object_component_ref idref="oc-12bb"/>
            <object_component_ref idref="oc-128d"/>
            <object_component_ref idref="oc-135c"/>
            <object_component_ref idref="oc-1368"/>
            <object_component_ref idref="oc-1362"/>
            <object_component_ref idref="oc-1332"/>
            <object_component_ref idref="oc-134a"/>
            <object_component_ref idref="oc-1350"/>
            <object_component_ref idref="oc-1647"/>
            <object_component_ref idref="oc-163b"/>
            <object_component_ref idref="oc-162f"/>
            <object_component_ref idref="oc-fe8"/>
            <object_component_ref idref="oc-fe2"/>
            <object_component_ref idref="oc-fd6"/>
            <object_component_ref idref="oc-fb8"/>
            <object_component_ref idref="oc-fca"/>
            <object_component_ref idref="oc-fc4"/>
            <object_component_ref idref="oc-fbe"/>
            <object_component_ref idref="oc-fce"/>
            <object_component_ref idref="oc-fda"/>
            <object_component_ref idref="oc-fec"/>
            <object_component_ref idref="oc-1627"/>
            <object_component_ref idref="oc-1633"/>
            <object_component_ref idref="oc-161d"/>
            <object_component_ref idref="oc-1354"/>
            <object_component_ref idref="oc-163f"/>
            <object_component_ref idref="oc-157e"/>
            <object_component_ref idref="oc-1587"/>
            <object_component_ref idref="oc-1245"/>
            <object_component_ref idref="oc-123f"/>
            <object_component_ref idref="oc-17af"/>
            <object_component_ref idref="oc-1323"/>
            <object_component_ref idref="oc-1378"/>
            <object_component_ref idref="oc-1345"/>
            <object_component_ref idref="oc-6c4"/>
            <object_component_ref idref="oc-6d8"/>
            <object_component_ref idref="oc-6d2"/>
            <object_component_ref idref="oc-17bc"/>
            <object_component_ref idref="oc-17b6"/>
            <object_component_ref idref="oc-131c"/>
            <object_component_ref idref="oc-133d"/>
            <object_component_ref idref="oc-1337"/>
            <object_component_ref idref="oc-35f"/>
            <object_component_ref idref="oc-129f"/>
            <object_component_ref idref="oc-70a"/>
            <object_component_ref idref="oc-704"/>
            <object_component_ref idref="oc-12fc"/>
            <object_component_ref idref="oc-12ea"/>
            <object_component_ref idref="oc-12a6"/>
            <object_component_ref idref="oc-12cc"/>
            <object_component_ref idref="oc-12c7"/>
            <object_component_ref idref="oc-b1c"/>
            <object_component_ref idref="oc-1077"/>
            <object_component_ref idref="oc-c1a"/>
            <object_component_ref idref="oc-144a"/>
            <object_component_ref idref="oc-87b"/>
            <object_component_ref idref="oc-9cc"/>
            <object_component_ref idref="oc-cc1"/>
            <object_component_ref idref="oc-82c"/>
            <object_component_ref idref="oc-153d"/>
            <object_component_ref idref="oc-1255"/>
            <object_component_ref idref="oc-7de"/>
            <object_component_ref idref="oc-c20"/>
            <object_component_ref idref="oc-1457"/>
            <object_component_ref idref="oc-13d0"/>
            <object_component_ref idref="oc-1071"/>
            <object_component_ref idref="oc-c5f"/>
            <object_component_ref idref="oc-7e4"/>
            <object_component_ref idref="oc-10ed"/>
            <object_component_ref idref="oc-cae"/>
            <object_component_ref idref="oc-826"/>
            <object_component_ref idref="oc-9c3"/>
            <object_component_ref idref="oc-49f"/>
            <object_component_ref idref="oc-85b"/>
            <object_component_ref idref="oc-183a"/>
            <object_component_ref idref="oc-7ab"/>
            <object_component_ref idref="oc-855"/>
            <object_component_ref idref="oc-1202"/>
            <object_component_ref idref="oc-393"/>
            <object_component_ref idref="oc-3a8"/>
            <object_component_ref idref="oc-f65"/>
            <object_component_ref idref="oc-b34"/>
            <object_component_ref idref="oc-ca8"/>
            <object_component_ref idref="oc-b16"/>
            <object_component_ref idref="oc-1833"/>
            <object_component_ref idref="oc-1450"/>
            <object_component_ref idref="oc-11fc"/>
            <object_component_ref idref="oc-187b"/>
            <object_component_ref idref="oc-499"/>
            <object_component_ref idref="oc-407"/>
            <object_component_ref idref="oc-37f"/>
            <object_component_ref idref="oc-1842"/>
            <object_component_ref idref="oc-bd8"/>
            <object_component_ref idref="oc-13c8"/>
            <object_component_ref idref="oc-1108"/>
            <object_component_ref idref="oc-1857"/>
            <object_component_ref idref="oc-1873"/>
            <object_component_ref idref="oc-1443"/>
            <object_component_ref idref="oc-480"/>
            <object_component_ref idref="oc-11f5"/>
            <object_component_ref idref="oc-179f"/>
            <object_component_ref idref="oc-184e"/>
            <object_component_ref idref="oc-14d0"/>
            <object_component_ref idref="oc-685"/>
            <object_component_ref idref="oc-14d6"/>
            <object_component_ref idref="oc-14ca"/>
            <object_component_ref idref="oc-14c4"/>
            <object_component_ref idref="oc-1718"/>
            <object_component_ref idref="oc-691"/>
            <object_component_ref idref="oc-188e"/>
            <object_component_ref idref="oc-120d"/>
            <object_component_ref idref="oc-10a1"/>
            <object_component_ref idref="oc-10ad"/>
            <object_component_ref idref="oc-10a7"/>
            <object_component_ref idref="oc-140c"/>
            <object_component_ref idref="oc-1416"/>
            <object_component_ref idref="oc-113a"/>
            <object_component_ref idref="oc-429"/>
            <object_component_ref idref="oc-417"/>
            <object_component_ref idref="oc-885"/>
            <object_component_ref idref="oc-1471"/>
            <object_component_ref idref="oc-11a8"/>
            <object_component_ref idref="oc-c69"/>
            <object_component_ref idref="oc-a30"/>
            <object_component_ref idref="oc-14a4"/>
            <object_component_ref idref="oc-ce"/>
            <object_component_ref idref="oc-c8"/>
            <object_component_ref idref="oc-10da"/>
            <object_component_ref idref="oc-c9b"/>
            <object_component_ref idref="oc-152d"/>
            <object_component_ref idref="oc-1725"/>
            <object_component_ref idref="oc-1213"/>
            <object_component_ref idref="oc-b01"/>
            <object_component_ref idref="oc-c0d"/>
            <object_component_ref idref="oc-79e"/>
            <object_component_ref idref="oc-13d9"/>
            <object_component_ref idref="oc-143b"/>
            <object_component_ref idref="oc-ca1"/>
            <object_component_ref idref="oc-370"/>
            <object_component_ref idref="oc-125d"/>
            <object_component_ref idref="oc-1544"/>
            <object_component_ref idref="oc-1263"/>
            <object_component_ref idref="oc-68b"/>
            <object_component_ref idref="oc-ada"/>
            <object_component_ref idref="oc-a7d"/>
            <object_component_ref idref="oc-a77"/>
            <object_component_ref idref="oc-a6b"/>
            <object_component_ref idref="oc-a65"/>
            <object_component_ref idref="oc-a95"/>
            <object_component_ref idref="oc-a89"/>
            <object_component_ref idref="oc-a71"/>
            <object_component_ref idref="oc-a83"/>
            <object_component_ref idref="oc-a8f"/>
            <object_component_ref idref="oc-1e0"/>
            <object_component_ref idref="oc-a9b"/>
            <object_component_ref idref="oc-5f9"/>
            <object_component_ref idref="oc-174a"/>
            <object_component_ref idref="oc-1744"/>
            <object_component_ref idref="oc-173e"/>
            <object_component_ref idref="oc-742"/>
            <object_component_ref idref="oc-1207"/>
            <object_component_ref idref="oc-f77"/>
            <object_component_ref idref="oc-f80"/>
            <object_component_ref idref="oc-22f"/>
            <object_component_ref idref="oc-afb"/>
            <object_component_ref idref="oc-c89"/>
            <object_component_ref idref="oc-154a"/>
            <object_component_ref idref="oc-83"/>
            <object_component_ref idref="oc-7d"/>
            <object_component_ref idref="oc-124f"/>
            <object_component_ref idref="oc-16ab"/>
            <object_component_ref idref="oc-105e"/>
            <object_component_ref idref="oc-107e"/>
            <object_component_ref idref="oc-13bf"/>
            <object_component_ref idref="oc-757"/>
            <object_component_ref idref="oc-39e"/>
            <object_component_ref idref="oc-379"/>
            <object_component_ref idref="oc-bd1"/>
            <object_component_ref idref="oc-11d7"/>
            <object_component_ref idref="oc-389"/>
            <object_component_ref idref="oc-b42"/>
            <object_component_ref idref="oc-1654"/>
            <object_component_ref idref="oc-b8c"/>
            <object_component_ref idref="oc-18c1"/>
            <object_component_ref idref="oc-1881"/>
            <object_component_ref idref="oc-13ae"/>
            <object_component_ref idref="oc-398"/>
            <object_component_ref idref="oc-3af"/>
            <object_component_ref idref="oc-269"/>
            <object_component_ref idref="oc-bf8"/>
            <object_component_ref idref="oc-7a5"/>
            <object_component_ref idref="oc-b9b"/>
            <object_component_ref idref="oc-7d1"/>
            <object_component_ref idref="oc-75d"/>
            <object_component_ref idref="oc-69a"/>
            <object_component_ref idref="oc-c83"/>
            <object_component_ref idref="oc-a7"/>
            <object_component_ref idref="oc-1487"/>
            <object_component_ref idref="oc-148d"/>
            <object_component_ref idref="oc-115d"/>
            <object_component_ref idref="oc-18eb"/>
            <object_component_ref idref="oc-d67"/>
            <object_component_ref idref="oc-b5"/>
            <object_component_ref idref="oc-8a3"/>
            <object_component_ref idref="oc-68"/>
            <object_component_ref idref="oc-1911"/>
            <object_component_ref idref="oc-c8e"/>
            <object_component_ref idref="oc-18f3"/>
            <object_component_ref idref="oc-44f"/>
            <object_component_ref idref="oc-11e8"/>
            <object_component_ref idref="oc-1158"/>
            <object_component_ref idref="oc-d5f"/>
            <object_component_ref idref="oc-229"/>
            <object_component_ref idref="oc-26f"/>
            <object_component_ref idref="oc-89a"/>
            <object_component_ref idref="oc-11ef"/>
            <object_component_ref idref="oc-189f"/>
            <object_component_ref idref="oc-b87"/>
            <object_component_ref idref="oc-18e6"/>
            <object_component_ref idref="oc-1928"/>
            <object_component_ref idref="oc-1899"/>
            <object_component_ref idref="oc-1801"/>
            <object_component_ref idref="oc-17fb"/>
            <object_component_ref idref="oc-14b1"/>
            <object_component_ref idref="oc-18d6"/>
            <object_component_ref idref="oc-28"/>
            <object_component_ref idref="oc-5e"/>
            <object_component_ref idref="oc-1229"/>
            <object_component_ref idref="oc-b2e"/>
            <object_component_ref idref="oc-b10"/>
            <object_component_ref idref="oc-6a0"/>
            <object_component_ref idref="oc-6a6"/>
            <object_component_ref idref="oc-6b3"/>
            <object_component_ref idref="oc-6bd"/>
            <object_component_ref idref="oc-6b7"/>
            <object_component_ref idref="oc-364"/>
            <object_component_ref idref="oc-36a"/>
            <object_component_ref idref="oc-6e6"/>
            <object_component_ref idref="oc-6ed"/>
            <object_component_ref idref="oc-6e0"/>
            <object_component_ref idref="oc-6fe"/>
            <object_component_ref idref="oc-6f8"/>
            <object_component_ref idref="oc-6f2"/>
            <object_component_ref idref="oc-710"/>
            <object_component_ref idref="oc-f87"/>
            <object_component_ref idref="oc-b60"/>
            <object_component_ref idref="oc-716"/>
            <object_component_ref idref="oc-15d4"/>
            <object_component_ref idref="oc-15ad"/>
            <object_component_ref idref="oc-15da"/>
            <object_component_ref idref="oc-15c5"/>
            <object_component_ref idref="oc-15bf"/>
            <object_component_ref idref="oc-15b3"/>
            <object_component_ref idref="oc-127a"/>
            <object_component_ref idref="oc-15a7"/>
            <object_component_ref idref="oc-15b9"/>
            <object_component_ref idref="oc-155b"/>
            <object_component_ref idref="oc-1774"/>
            <object_component_ref idref="oc-15a1"/>
            <object_component_ref idref="oc-1567"/>
            <object_component_ref idref="oc-12f6"/>
            <object_component_ref idref="oc-1292"/>
            <object_component_ref idref="oc-1274"/>
            <object_component_ref idref="oc-1561"/>
            <object_component_ref idref="oc-f13"/>
            <object_component_ref idref="oc-f01"/>
            <object_component_ref idref="oc-121c"/>
            <object_component_ref idref="oc-f1f"/>
            <object_component_ref idref="oc-1222"/>
            <object_component_ref idref="oc-6ac"/>
            <object_component_ref idref="oc-f07"/>
            <object_component_ref idref="oc-f0d"/>
            <object_component_ref idref="oc-1231"/>
            <object_component_ref idref="oc-f19"/>
            <object_component_ref idref="oc-f25"/>
            <object_component_ref idref="oc-af0"/>
            <object_component_ref idref="oc-330"/>
            <object_component_ref idref="oc-f56"/>
            <object_component_ref idref="oc-f4a"/>
            <object_component_ref idref="oc-138a"/>
            <object_component_ref idref="oc-137d"/>
            <object_component_ref idref="oc-1619"/>
            <object_component_ref idref="oc-1607"/>
            <object_component_ref idref="oc-1383"/>
            <object_component_ref idref="oc-160d"/>
            <object_component_ref idref="oc-1329"/>
            <object_component_ref idref="oc-1316"/>
            <object_component_ref idref="oc-130a"/>
            <object_component_ref idref="oc-1310"/>
            <object_component_ref idref="oc-f5c"/>
            <object_component_ref idref="oc-f52"/>
            <object_component_ref idref="oc-a42"/>
            <object_component_ref idref="oc-63"/>
            <object_component_ref idref="oc-14"/>
            <object_component_ref idref="oc-1b"/>
            <object_component_ref idref="oc-21"/>
            <object_component_ref idref="oc-a2"/>
            <object_component_ref idref="oc-9d8"/>
            <object_component_ref idref="oc-a1e"/>
            <object_component_ref idref="oc-e62"/>
            <object_component_ref idref="oc-27b"/>
            <object_component_ref idref="oc-d05"/>
            <object_component_ref idref="oc-ce2"/>
            <object_component_ref idref="oc-cef"/>
            <object_component_ref idref="oc-ce6"/>
            <object_component_ref idref="oc-a22"/>
            <object_component_ref idref="oc-40b"/>
            <object_component_ref idref="oc-46"/>
            <object_component_ref idref="oc-51"/>
            <object_component_ref idref="oc-e69"/>
            <object_component_ref idref="oc-411"/>
            <object_component_ref idref="oc-41f"/>
            <object_component_ref idref="oc-c77"/>
            <object_component_ref idref="oc-1083"/>
            <object_component_ref idref="oc-16bf"/>
            <object_component_ref idref="oc-cdc"/>
            <object_component_ref idref="oc-842"/>
            <object_component_ref idref="oc-d1c"/>
            <object_component_ref idref="oc-cec"/>
            <object_component_ref idref="oc-cf7"/>
            <object_component_ref idref="oc-17f3"/>
            <object_component_ref idref="oc-d00"/>
            <object_component_ref idref="oc-cfb"/>
            <object_component_ref idref="oc-d25"/>
            <object_component_ref idref="oc-1196"/>
            <object_component_ref idref="oc-d0b"/>
            <object_component_ref idref="oc-d0f"/>
            <object_component_ref idref="oc-d17"/>
            <object_component_ref idref="oc-1089"/>
            <object_component_ref idref="oc-1121"/>
         </contents>
      </logical_group>
      <logical_group id="lg-1955" display="never" color="cyan">
         <name>.debug_pubnames</name>
         <load_address>0x0</load_address>
         <run_address>0x0</run_address>
         <size>0xb167</size>
         <contents>
            <object_component_ref idref="oc-299"/>
            <object_component_ref idref="oc-72a"/>
            <object_component_ref idref="oc-72d"/>
            <object_component_ref idref="oc-349"/>
            <object_component_ref idref="oc-b71"/>
            <object_component_ref idref="oc-737"/>
            <object_component_ref idref="oc-339"/>
            <object_component_ref idref="oc-ff6"/>
            <object_component_ref idref="oc-b7c"/>
            <object_component_ref idref="oc-73e"/>
            <object_component_ref idref="oc-20c"/>
            <object_component_ref idref="oc-206"/>
            <object_component_ref idref="oc-235"/>
            <object_component_ref idref="oc-af"/>
            <object_component_ref idref="oc-986"/>
            <object_component_ref idref="oc-983"/>
            <object_component_ref idref="oc-e51"/>
            <object_component_ref idref="oc-e10"/>
            <object_component_ref idref="oc-e3c"/>
            <object_component_ref idref="oc-d8b"/>
            <object_component_ref idref="oc-db7"/>
            <object_component_ref idref="oc-dd5"/>
            <object_component_ref idref="oc-dc3"/>
            <object_component_ref idref="oc-e23"/>
            <object_component_ref idref="oc-dee"/>
            <object_component_ref idref="oc-df4"/>
            <object_component_ref idref="oc-e0c"/>
            <object_component_ref idref="oc-e06"/>
            <object_component_ref idref="oc-da4"/>
            <object_component_ref idref="oc-e29"/>
            <object_component_ref idref="oc-94d"/>
            <object_component_ref idref="oc-90a"/>
            <object_component_ref idref="oc-904"/>
            <object_component_ref idref="oc-8cd"/>
            <object_component_ref idref="oc-ddb"/>
            <object_component_ref idref="oc-916"/>
            <object_component_ref idref="oc-922"/>
            <object_component_ref idref="oc-910"/>
            <object_component_ref idref="oc-91c"/>
            <object_component_ref idref="oc-8e5"/>
            <object_component_ref idref="oc-8f7"/>
            <object_component_ref idref="oc-98a"/>
            <object_component_ref idref="oc-8f1"/>
            <object_component_ref idref="oc-8d9"/>
            <object_component_ref idref="oc-96c"/>
            <object_component_ref idref="oc-990"/>
            <object_component_ref idref="oc-996"/>
            <object_component_ref idref="oc-99c"/>
            <object_component_ref idref="oc-47b"/>
            <object_component_ref idref="oc-953"/>
            <object_component_ref idref="oc-941"/>
            <object_component_ref idref="oc-947"/>
            <object_component_ref idref="oc-959"/>
            <object_component_ref idref="oc-92f"/>
            <object_component_ref idref="oc-93b"/>
            <object_component_ref idref="oc-935"/>
            <object_component_ref idref="oc-117f"/>
            <object_component_ref idref="oc-dff"/>
            <object_component_ref idref="oc-de7"/>
            <object_component_ref idref="oc-da9"/>
            <object_component_ref idref="oc-8c7"/>
            <object_component_ref idref="oc-8df"/>
            <object_component_ref idref="oc-8fd"/>
            <object_component_ref idref="oc-966"/>
            <object_component_ref idref="oc-97e"/>
            <object_component_ref idref="oc-978"/>
            <object_component_ref idref="oc-972"/>
            <object_component_ref idref="oc-8eb"/>
            <object_component_ref idref="oc-9a6"/>
            <object_component_ref idref="oc-48d"/>
            <object_component_ref idref="oc-e37"/>
            <object_component_ref idref="oc-9ac"/>
            <object_component_ref idref="oc-9b2"/>
            <object_component_ref idref="oc-9b8"/>
            <object_component_ref idref="oc-95f"/>
            <object_component_ref idref="oc-df9"/>
            <object_component_ref idref="oc-487"/>
            <object_component_ref idref="oc-8b7"/>
            <object_component_ref idref="oc-dbd"/>
            <object_component_ref idref="oc-dcf"/>
            <object_component_ref idref="oc-dc9"/>
            <object_component_ref idref="oc-db1"/>
            <object_component_ref idref="oc-de1"/>
            <object_component_ref idref="oc-8c1"/>
            <object_component_ref idref="oc-8d3"/>
            <object_component_ref idref="oc-493"/>
            <object_component_ref idref="oc-475"/>
            <object_component_ref idref="oc-8bc"/>
            <object_component_ref idref="oc-8b1"/>
            <object_component_ref idref="oc-d84"/>
            <object_component_ref idref="oc-d7e"/>
            <object_component_ref idref="oc-d78"/>
            <object_component_ref idref="oc-d72"/>
            <object_component_ref idref="oc-929"/>
            <object_component_ref idref="oc-46f"/>
            <object_component_ref idref="oc-469"/>
            <object_component_ref idref="oc-239"/>
            <object_component_ref idref="oc-241"/>
            <object_component_ref idref="oc-24a"/>
            <object_component_ref idref="oc-237"/>
            <object_component_ref idref="oc-252"/>
            <object_component_ref idref="oc-23b"/>
            <object_component_ref idref="oc-a07"/>
            <object_component_ref idref="oc-a0d"/>
            <object_component_ref idref="oc-4c8"/>
            <object_component_ref idref="oc-4e6"/>
            <object_component_ref idref="oc-4c2"/>
            <object_component_ref idref="oc-4bc"/>
            <object_component_ref idref="oc-4ec"/>
            <object_component_ref idref="oc-4e0"/>
            <object_component_ref idref="oc-4b6"/>
            <object_component_ref idref="oc-4fe"/>
            <object_component_ref idref="oc-7a"/>
            <object_component_ref idref="oc-14c1"/>
            <object_component_ref idref="oc-109e"/>
            <object_component_ref idref="oc-13f2"/>
            <object_component_ref idref="oc-e8c"/>
            <object_component_ref idref="oc-c7e"/>
            <object_component_ref idref="oc-d4e"/>
            <object_component_ref idref="oc-11e1"/>
            <object_component_ref idref="oc-13c4"/>
            <object_component_ref idref="oc-1407"/>
            <object_component_ref idref="oc-872"/>
            <object_component_ref idref="oc-834"/>
            <object_component_ref idref="oc-77f"/>
            <object_component_ref idref="oc-c25"/>
            <object_component_ref idref="oc-30"/>
            <object_component_ref idref="oc-33"/>
            <object_component_ref idref="oc-36"/>
            <object_component_ref idref="oc-3be"/>
            <object_component_ref idref="oc-f73"/>
            <object_component_ref idref="oc-126d"/>
            <object_component_ref idref="oc-1102"/>
            <object_component_ref idref="oc-5ed"/>
            <object_component_ref idref="oc-5f0"/>
            <object_component_ref idref="oc-5f3"/>
            <object_component_ref idref="oc-305"/>
            <object_component_ref idref="oc-ece"/>
            <object_component_ref idref="oc-e97"/>
            <object_component_ref idref="oc-1522"/>
            <object_component_ref idref="oc-acd"/>
            <object_component_ref idref="oc-1269"/>
            <object_component_ref idref="oc-e94"/>
            <object_component_ref idref="oc-eb7"/>
            <object_component_ref idref="oc-eb3"/>
            <object_component_ref idref="oc-eaf"/>
            <object_component_ref idref="oc-eab"/>
            <object_component_ref idref="oc-ea7"/>
            <object_component_ref idref="oc-ea3"/>
            <object_component_ref idref="oc-e9f"/>
            <object_component_ref idref="oc-e9b"/>
            <object_component_ref idref="oc-ad0"/>
            <object_component_ref idref="oc-308"/>
            <object_component_ref idref="oc-aa1"/>
            <object_component_ref idref="oc-ad3"/>
            <object_component_ref idref="oc-ad6"/>
            <object_component_ref idref="oc-bf3"/>
            <object_component_ref idref="oc-f30"/>
            <object_component_ref idref="oc-cc9"/>
            <object_component_ref idref="oc-1433"/>
            <object_component_ref idref="oc-1436"/>
            <object_component_ref idref="oc-10e6"/>
            <object_component_ref idref="oc-10e3"/>
            <object_component_ref idref="oc-10e0"/>
            <object_component_ref idref="oc-16d9"/>
            <object_component_ref idref="oc-16d6"/>
            <object_component_ref idref="oc-a37"/>
            <object_component_ref idref="oc-16a0"/>
            <object_component_ref idref="oc-169d"/>
            <object_component_ref idref="oc-805"/>
            <object_component_ref idref="oc-13f8"/>
            <object_component_ref idref="oc-13fb"/>
            <object_component_ref idref="oc-13fe"/>
            <object_component_ref idref="oc-1404"/>
            <object_component_ref idref="oc-1401"/>
            <object_component_ref idref="oc-881"/>
            <object_component_ref idref="oc-d51"/>
            <object_component_ref idref="oc-860"/>
            <object_component_ref idref="oc-863"/>
            <object_component_ref idref="oc-866"/>
            <object_component_ref idref="oc-86c"/>
            <object_component_ref idref="oc-869"/>
            <object_component_ref idref="oc-86f"/>
            <object_component_ref idref="oc-18cf"/>
            <object_component_ref idref="oc-18d2"/>
            <object_component_ref idref="oc-182b"/>
            <object_component_ref idref="oc-1828"/>
            <object_component_ref idref="oc-ed3"/>
            <object_component_ref idref="oc-16f9"/>
            <object_component_ref idref="oc-16fc"/>
            <object_component_ref idref="oc-16ff"/>
            <object_component_ref idref="oc-170e"/>
            <object_component_ref idref="oc-1705"/>
            <object_component_ref idref="oc-ac9"/>
            <object_component_ref idref="oc-1708"/>
            <object_component_ref idref="oc-1824"/>
            <object_component_ref idref="oc-1702"/>
            <object_component_ref idref="oc-170b"/>
            <object_component_ref idref="oc-1712"/>
            <object_component_ref idref="oc-1821"/>
            <object_component_ref idref="oc-179b"/>
            <object_component_ref idref="oc-186d"/>
            <object_component_ref idref="oc-831"/>
            <object_component_ref idref="oc-1866"/>
            <object_component_ref idref="oc-1863"/>
            <object_component_ref idref="oc-1869"/>
            <object_component_ref idref="oc-1860"/>
            <object_component_ref idref="oc-185d"/>
            <object_component_ref idref="oc-17e2"/>
            <object_component_ref idref="oc-167d"/>
            <object_component_ref idref="oc-104b"/>
            <object_component_ref idref="oc-1048"/>
            <object_component_ref idref="oc-795"/>
            <object_component_ref idref="oc-792"/>
            <object_component_ref idref="oc-782"/>
            <object_component_ref idref="oc-785"/>
            <object_component_ref idref="oc-788"/>
            <object_component_ref idref="oc-78e"/>
            <object_component_ref idref="oc-78b"/>
            <object_component_ref idref="oc-837"/>
            <object_component_ref idref="oc-9be"/>
            <object_component_ref idref="oc-83a"/>
            <object_component_ref idref="oc-ccc"/>
            <object_component_ref idref="oc-cd7"/>
            <object_component_ref idref="oc-83d"/>
            <object_component_ref idref="oc-1505"/>
            <object_component_ref idref="oc-38e"/>
            <object_component_ref idref="oc-7d8"/>
            <object_component_ref idref="oc-106a"/>
            <object_component_ref idref="oc-c39"/>
            <object_component_ref idref="oc-c3c"/>
            <object_component_ref idref="oc-7c8"/>
            <object_component_ref idref="oc-7b0"/>
            <object_component_ref idref="oc-7b3"/>
            <object_component_ref idref="oc-7b6"/>
            <object_component_ref idref="oc-7bc"/>
            <object_component_ref idref="oc-1515"/>
            <object_component_ref idref="oc-13df"/>
            <object_component_ref idref="oc-13e2"/>
            <object_component_ref idref="oc-7b9"/>
            <object_component_ref idref="oc-7e9"/>
            <object_component_ref idref="oc-7ec"/>
            <object_component_ref idref="oc-7bf"/>
            <object_component_ref idref="oc-9c8"/>
            <object_component_ref idref="oc-9d1"/>
            <object_component_ref idref="oc-7c5"/>
            <object_component_ref idref="oc-7c2"/>
            <object_component_ref idref="oc-13d5"/>
            <object_component_ref idref="oc-1518"/>
            <object_component_ref idref="oc-b95"/>
            <object_component_ref idref="oc-766"/>
            <object_component_ref idref="oc-763"/>
            <object_component_ref idref="oc-769"/>
            <object_component_ref idref="oc-76f"/>
            <object_component_ref idref="oc-76c"/>
            <object_component_ref idref="oc-166f"/>
            <object_component_ref idref="oc-1663"/>
            <object_component_ref idref="oc-1660"/>
            <object_component_ref idref="oc-1666"/>
            <object_component_ref idref="oc-165d"/>
            <object_component_ref idref="oc-1669"/>
            <object_component_ref idref="oc-166c"/>
            <object_component_ref idref="oc-1006"/>
            <object_component_ref idref="oc-c09"/>
            <object_component_ref idref="oc-7cc"/>
            <object_component_ref idref="oc-1672"/>
            <object_component_ref idref="oc-1675"/>
            <object_component_ref idref="oc-165a"/>
            <object_component_ref idref="oc-1052"/>
            <object_component_ref idref="oc-c06"/>
            <object_component_ref idref="oc-c03"/>
            <object_component_ref idref="oc-18ff"/>
            <object_component_ref idref="oc-1f5"/>
            <object_component_ref idref="oc-319"/>
            <object_component_ref idref="oc-ee7"/>
            <object_component_ref idref="oc-ee2"/>
            <object_component_ref idref="oc-ae7"/>
            <object_component_ref idref="oc-1ec"/>
            <object_component_ref idref="oc-1f2"/>
            <object_component_ref idref="oc-1ef"/>
            <object_component_ref idref="oc-ae4"/>
            <object_component_ref idref="oc-ae1"/>
            <object_component_ref idref="oc-3b7"/>
            <object_component_ref idref="oc-3ba"/>
            <object_component_ref idref="oc-531"/>
            <object_component_ref idref="oc-3b4"/>
            <object_component_ref idref="oc-535"/>
            <object_component_ref idref="oc-275"/>
            <object_component_ref idref="oc-52d"/>
            <object_component_ref idref="oc-10c9"/>
            <object_component_ref idref="oc-8a0"/>
            <object_component_ref idref="oc-bc"/>
            <object_component_ref idref="oc-1492"/>
            <object_component_ref idref="oc-139d"/>
            <object_component_ref idref="oc-1933"/>
            <object_component_ref idref="oc-14b6"/>
            <object_component_ref idref="oc-14b9"/>
            <object_component_ref idref="oc-14bc"/>
            <object_component_ref idref="oc-b92"/>
            <object_component_ref idref="oc-ffc"/>
            <object_component_ref idref="oc-192f"/>
            <object_component_ref idref="oc-16de"/>
            <object_component_ref idref="oc-18df"/>
            <object_component_ref idref="oc-18dc"/>
            <object_component_ref idref="oc-18e2"/>
            <object_component_ref idref="oc-f7d"/>
            <object_component_ref idref="oc-14aa"/>
            <object_component_ref idref="oc-1412"/>
            <object_component_ref idref="oc-88b"/>
            <object_component_ref idref="oc-171e"/>
            <object_component_ref idref="oc-17a5"/>
            <object_component_ref idref="oc-bdd"/>
            <object_component_ref idref="oc-384"/>
            <object_component_ref idref="oc-3a4"/>
            <object_component_ref idref="oc-190a"/>
            <object_component_ref idref="oc-458"/>
            <object_component_ref idref="oc-16c8"/>
            <object_component_ref idref="oc-18c9"/>
            <object_component_ref idref="oc-7f2"/>
            <object_component_ref idref="oc-529"/>
            <object_component_ref idref="oc-11b6"/>
            <object_component_ref idref="oc-11b0"/>
            <object_component_ref idref="oc-11bc"/>
            <object_component_ref idref="oc-7fa"/>
            <object_component_ref idref="oc-74"/>
            <object_component_ref idref="oc-320"/>
            <object_component_ref idref="oc-10f6"/>
            <object_component_ref idref="oc-1429"/>
            <object_component_ref idref="oc-10d5"/>
            <object_component_ref idref="oc-1422"/>
            <object_component_ref idref="oc-10cf"/>
            <object_component_ref idref="oc-cb5"/>
            <object_component_ref idref="oc-cbc"/>
            <object_component_ref idref="oc-17da"/>
            <object_component_ref idref="oc-10fe"/>
            <object_component_ref idref="oc-810"/>
            <object_component_ref idref="oc-c97"/>
            <object_component_ref idref="oc-80a"/>
            <object_component_ref idref="oc-14ea"/>
            <object_component_ref idref="oc-14e4"/>
            <object_component_ref idref="oc-14de"/>
            <object_component_ref idref="oc-114e"/>
            <object_component_ref idref="oc-1148"/>
            <object_component_ref idref="oc-1142"/>
            <object_component_ref idref="oc-10c1"/>
            <object_component_ref idref="oc-10bb"/>
            <object_component_ref idref="oc-10b5"/>
            <object_component_ref idref="oc-c56"/>
            <object_component_ref idref="oc-bff"/>
            <object_component_ref idref="oc-224"/>
            <object_component_ref idref="oc-150a"/>
            <object_component_ref idref="oc-21e"/>
            <object_component_ref idref="oc-1510"/>
            <object_component_ref idref="oc-ebc"/>
            <object_component_ref idref="oc-1500"/>
            <object_component_ref idref="oc-ec2"/>
            <object_component_ref idref="oc-175e"/>
            <object_component_ref idref="oc-1576"/>
            <object_component_ref idref="oc-218"/>
            <object_component_ref idref="oc-1595"/>
            <object_component_ref idref="oc-158f"/>
            <object_component_ref idref="oc-17ed"/>
            <object_component_ref idref="oc-16b9"/>
            <object_component_ref idref="oc-77a"/>
            <object_component_ref idref="oc-c14"/>
            <object_component_ref idref="oc-1787"/>
            <object_component_ref idref="oc-15e8"/>
            <object_component_ref idref="oc-15fb"/>
            <object_component_ref idref="oc-14f9"/>
            <object_component_ref idref="oc-14f3"/>
            <object_component_ref idref="oc-15f5"/>
            <object_component_ref idref="oc-ac4"/>
            <object_component_ref idref="oc-16f4"/>
            <object_component_ref idref="oc-16ee"/>
            <object_component_ref idref="oc-b49"/>
            <object_component_ref idref="oc-1527"/>
            <object_component_ref idref="oc-ec8"/>
            <object_component_ref idref="oc-43f"/>
            <object_component_ref idref="oc-439"/>
            <object_component_ref idref="oc-1757"/>
            <object_component_ref idref="oc-156f"/>
            <object_component_ref idref="oc-b4f"/>
            <object_component_ref idref="oc-151d"/>
            <object_component_ref idref="oc-4da"/>
            <object_component_ref idref="oc-4af"/>
            <object_component_ref idref="oc-4f8"/>
            <object_component_ref idref="oc-4d3"/>
            <object_component_ref idref="oc-9de"/>
            <object_component_ref idref="oc-4ce"/>
            <object_component_ref idref="oc-4f2"/>
            <object_component_ref idref="oc-734"/>
            <object_component_ref idref="oc-88f"/>
            <object_component_ref idref="oc-1165"/>
            <object_component_ref idref="oc-44b"/>
            <object_component_ref idref="oc-351"/>
            <object_component_ref idref="oc-445"/>
            <object_component_ref idref="oc-73b"/>
            <object_component_ref idref="oc-8ab"/>
            <object_component_ref idref="oc-424"/>
            <object_component_ref idref="oc-463"/>
            <object_component_ref idref="oc-358"/>
            <object_component_ref idref="oc-45d"/>
            <object_component_ref idref="oc-71f"/>
            <object_component_ref idref="oc-34c"/>
            <object_component_ref idref="oc-71c"/>
            <object_component_ref idref="oc-212"/>
            <object_component_ref idref="oc-33e"/>
            <object_component_ref idref="oc-344"/>
            <object_component_ref idref="oc-200"/>
            <object_component_ref idref="oc-722"/>
            <object_component_ref idref="oc-b6d"/>
            <object_component_ref idref="oc-1298"/>
            <object_component_ref idref="oc-12d2"/>
            <object_component_ref idref="oc-12df"/>
            <object_component_ref idref="oc-12f1"/>
            <object_component_ref idref="oc-fac"/>
            <object_component_ref idref="oc-f95"/>
            <object_component_ref idref="oc-fa6"/>
            <object_component_ref idref="oc-fa0"/>
            <object_component_ref idref="oc-f9b"/>
            <object_component_ref idref="oc-f8f"/>
            <object_component_ref idref="oc-15cb"/>
            <object_component_ref idref="oc-12d8"/>
            <object_component_ref idref="oc-336"/>
            <object_component_ref idref="oc-6ca"/>
            <object_component_ref idref="oc-12ad"/>
            <object_component_ref idref="oc-f46"/>
            <object_component_ref idref="oc-b29"/>
            <object_component_ref idref="oc-b23"/>
            <object_component_ref idref="oc-12b6"/>
            <object_component_ref idref="oc-1282"/>
            <object_component_ref idref="oc-12c2"/>
            <object_component_ref idref="oc-32c"/>
            <object_component_ref idref="oc-1fb"/>
            <object_component_ref idref="oc-188a"/>
            <object_component_ref idref="oc-1288"/>
            <object_component_ref idref="oc-12bd"/>
            <object_component_ref idref="oc-128f"/>
            <object_component_ref idref="oc-b78"/>
            <object_component_ref idref="oc-136d"/>
            <object_component_ref idref="oc-1613"/>
            <object_component_ref idref="oc-135b"/>
            <object_component_ref idref="oc-1367"/>
            <object_component_ref idref="oc-1361"/>
            <object_component_ref idref="oc-1331"/>
            <object_component_ref idref="oc-1349"/>
            <object_component_ref idref="oc-134f"/>
            <object_component_ref idref="oc-1646"/>
            <object_component_ref idref="oc-163a"/>
            <object_component_ref idref="oc-162e"/>
            <object_component_ref idref="oc-fe7"/>
            <object_component_ref idref="oc-fe1"/>
            <object_component_ref idref="oc-fd5"/>
            <object_component_ref idref="oc-fb7"/>
            <object_component_ref idref="oc-fc9"/>
            <object_component_ref idref="oc-fc3"/>
            <object_component_ref idref="oc-fbd"/>
            <object_component_ref idref="oc-fd0"/>
            <object_component_ref idref="oc-fdc"/>
            <object_component_ref idref="oc-fee"/>
            <object_component_ref idref="oc-1629"/>
            <object_component_ref idref="oc-1635"/>
            <object_component_ref idref="oc-161f"/>
            <object_component_ref idref="oc-1356"/>
            <object_component_ref idref="oc-1641"/>
            <object_component_ref idref="oc-1580"/>
            <object_component_ref idref="oc-1589"/>
            <object_component_ref idref="oc-1247"/>
            <object_component_ref idref="oc-1241"/>
            <object_component_ref idref="oc-17b0"/>
            <object_component_ref idref="oc-1324"/>
            <object_component_ref idref="oc-1377"/>
            <object_component_ref idref="oc-1346"/>
            <object_component_ref idref="oc-b07"/>
            <object_component_ref idref="oc-6c5"/>
            <object_component_ref idref="oc-6d9"/>
            <object_component_ref idref="oc-6d3"/>
            <object_component_ref idref="oc-17bd"/>
            <object_component_ref idref="oc-17b7"/>
            <object_component_ref idref="oc-131d"/>
            <object_component_ref idref="oc-133e"/>
            <object_component_ref idref="oc-1338"/>
            <object_component_ref idref="oc-35e"/>
            <object_component_ref idref="oc-12a0"/>
            <object_component_ref idref="oc-70b"/>
            <object_component_ref idref="oc-705"/>
            <object_component_ref idref="oc-12fd"/>
            <object_component_ref idref="oc-12eb"/>
            <object_component_ref idref="oc-12a5"/>
            <object_component_ref idref="oc-12cd"/>
            <object_component_ref idref="oc-12c6"/>
            <object_component_ref idref="oc-b1d"/>
            <object_component_ref idref="oc-1078"/>
            <object_component_ref idref="oc-c1b"/>
            <object_component_ref idref="oc-144b"/>
            <object_component_ref idref="oc-87c"/>
            <object_component_ref idref="oc-9cd"/>
            <object_component_ref idref="oc-cc2"/>
            <object_component_ref idref="oc-82d"/>
            <object_component_ref idref="oc-153e"/>
            <object_component_ref idref="oc-1256"/>
            <object_component_ref idref="oc-7df"/>
            <object_component_ref idref="oc-c21"/>
            <object_component_ref idref="oc-1458"/>
            <object_component_ref idref="oc-13d1"/>
            <object_component_ref idref="oc-1072"/>
            <object_component_ref idref="oc-c60"/>
            <object_component_ref idref="oc-7e5"/>
            <object_component_ref idref="oc-10ee"/>
            <object_component_ref idref="oc-caf"/>
            <object_component_ref idref="oc-827"/>
            <object_component_ref idref="oc-9c4"/>
            <object_component_ref idref="oc-4a0"/>
            <object_component_ref idref="oc-85c"/>
            <object_component_ref idref="oc-183b"/>
            <object_component_ref idref="oc-7ac"/>
            <object_component_ref idref="oc-856"/>
            <object_component_ref idref="oc-1203"/>
            <object_component_ref idref="oc-394"/>
            <object_component_ref idref="oc-3a9"/>
            <object_component_ref idref="oc-f66"/>
            <object_component_ref idref="oc-b35"/>
            <object_component_ref idref="oc-ca9"/>
            <object_component_ref idref="oc-b17"/>
            <object_component_ref idref="oc-1834"/>
            <object_component_ref idref="oc-1451"/>
            <object_component_ref idref="oc-11fd"/>
            <object_component_ref idref="oc-187c"/>
            <object_component_ref idref="oc-49a"/>
            <object_component_ref idref="oc-408"/>
            <object_component_ref idref="oc-380"/>
            <object_component_ref idref="oc-1843"/>
            <object_component_ref idref="oc-bd9"/>
            <object_component_ref idref="oc-13c9"/>
            <object_component_ref idref="oc-1109"/>
            <object_component_ref idref="oc-1858"/>
            <object_component_ref idref="oc-1874"/>
            <object_component_ref idref="oc-1444"/>
            <object_component_ref idref="oc-481"/>
            <object_component_ref idref="oc-11f6"/>
            <object_component_ref idref="oc-17a0"/>
            <object_component_ref idref="oc-184f"/>
            <object_component_ref idref="oc-14d1"/>
            <object_component_ref idref="oc-686"/>
            <object_component_ref idref="oc-14d7"/>
            <object_component_ref idref="oc-14cb"/>
            <object_component_ref idref="oc-14c5"/>
            <object_component_ref idref="oc-1719"/>
            <object_component_ref idref="oc-692"/>
            <object_component_ref idref="oc-188f"/>
            <object_component_ref idref="oc-120e"/>
            <object_component_ref idref="oc-10a2"/>
            <object_component_ref idref="oc-10ae"/>
            <object_component_ref idref="oc-10a8"/>
            <object_component_ref idref="oc-140d"/>
            <object_component_ref idref="oc-1417"/>
            <object_component_ref idref="oc-113b"/>
            <object_component_ref idref="oc-42a"/>
            <object_component_ref idref="oc-418"/>
            <object_component_ref idref="oc-886"/>
            <object_component_ref idref="oc-1472"/>
            <object_component_ref idref="oc-11a9"/>
            <object_component_ref idref="oc-c6a"/>
            <object_component_ref idref="oc-a31"/>
            <object_component_ref idref="oc-14a5"/>
            <object_component_ref idref="oc-cf"/>
            <object_component_ref idref="oc-c9"/>
            <object_component_ref idref="oc-10db"/>
            <object_component_ref idref="oc-c9c"/>
            <object_component_ref idref="oc-152e"/>
            <object_component_ref idref="oc-1726"/>
            <object_component_ref idref="oc-1214"/>
            <object_component_ref idref="oc-b02"/>
            <object_component_ref idref="oc-c0e"/>
            <object_component_ref idref="oc-79f"/>
            <object_component_ref idref="oc-13da"/>
            <object_component_ref idref="oc-143c"/>
            <object_component_ref idref="oc-ca2"/>
            <object_component_ref idref="oc-371"/>
            <object_component_ref idref="oc-125e"/>
            <object_component_ref idref="oc-1545"/>
            <object_component_ref idref="oc-1264"/>
            <object_component_ref idref="oc-68c"/>
            <object_component_ref idref="oc-adb"/>
            <object_component_ref idref="oc-a7e"/>
            <object_component_ref idref="oc-a78"/>
            <object_component_ref idref="oc-a6c"/>
            <object_component_ref idref="oc-a66"/>
            <object_component_ref idref="oc-a96"/>
            <object_component_ref idref="oc-a8a"/>
            <object_component_ref idref="oc-a72"/>
            <object_component_ref idref="oc-a84"/>
            <object_component_ref idref="oc-a90"/>
            <object_component_ref idref="oc-1e1"/>
            <object_component_ref idref="oc-a9c"/>
            <object_component_ref idref="oc-5fa"/>
            <object_component_ref idref="oc-174b"/>
            <object_component_ref idref="oc-1745"/>
            <object_component_ref idref="oc-173f"/>
            <object_component_ref idref="oc-743"/>
            <object_component_ref idref="oc-1208"/>
            <object_component_ref idref="oc-f78"/>
            <object_component_ref idref="oc-f81"/>
            <object_component_ref idref="oc-230"/>
            <object_component_ref idref="oc-afc"/>
            <object_component_ref idref="oc-c8a"/>
            <object_component_ref idref="oc-154c"/>
            <object_component_ref idref="oc-84"/>
            <object_component_ref idref="oc-7e"/>
            <object_component_ref idref="oc-1251"/>
            <object_component_ref idref="oc-16ae"/>
            <object_component_ref idref="oc-105d"/>
            <object_component_ref idref="oc-107d"/>
            <object_component_ref idref="oc-13be"/>
            <object_component_ref idref="oc-758"/>
            <object_component_ref idref="oc-39f"/>
            <object_component_ref idref="oc-378"/>
            <object_component_ref idref="oc-bd2"/>
            <object_component_ref idref="oc-11d6"/>
            <object_component_ref idref="oc-388"/>
            <object_component_ref idref="oc-b43"/>
            <object_component_ref idref="oc-1655"/>
            <object_component_ref idref="oc-b8d"/>
            <object_component_ref idref="oc-18c2"/>
            <object_component_ref idref="oc-1882"/>
            <object_component_ref idref="oc-13af"/>
            <object_component_ref idref="oc-399"/>
            <object_component_ref idref="oc-3ae"/>
            <object_component_ref idref="oc-26a"/>
            <object_component_ref idref="oc-bf7"/>
            <object_component_ref idref="oc-7a4"/>
            <object_component_ref idref="oc-b9a"/>
            <object_component_ref idref="oc-7d2"/>
            <object_component_ref idref="oc-75e"/>
            <object_component_ref idref="oc-699"/>
            <object_component_ref idref="oc-c84"/>
            <object_component_ref idref="oc-a8"/>
            <object_component_ref idref="oc-1486"/>
            <object_component_ref idref="oc-148c"/>
            <object_component_ref idref="oc-115f"/>
            <object_component_ref idref="oc-18ed"/>
            <object_component_ref idref="oc-d69"/>
            <object_component_ref idref="oc-b7"/>
            <object_component_ref idref="oc-8a5"/>
            <object_component_ref idref="oc-6a"/>
            <object_component_ref idref="oc-1913"/>
            <object_component_ref idref="oc-c90"/>
            <object_component_ref idref="oc-18f5"/>
            <object_component_ref idref="oc-451"/>
            <object_component_ref idref="oc-11ea"/>
            <object_component_ref idref="oc-1159"/>
            <object_component_ref idref="oc-d60"/>
            <object_component_ref idref="oc-22a"/>
            <object_component_ref idref="oc-270"/>
            <object_component_ref idref="oc-89b"/>
            <object_component_ref idref="oc-11f0"/>
            <object_component_ref idref="oc-189e"/>
            <object_component_ref idref="oc-b86"/>
            <object_component_ref idref="oc-18e5"/>
            <object_component_ref idref="oc-1927"/>
            <object_component_ref idref="oc-1898"/>
            <object_component_ref idref="oc-1800"/>
            <object_component_ref idref="oc-17fa"/>
            <object_component_ref idref="oc-14b0"/>
            <object_component_ref idref="oc-18d7"/>
            <object_component_ref idref="oc-27"/>
            <object_component_ref idref="oc-5f"/>
            <object_component_ref idref="oc-1228"/>
            <object_component_ref idref="oc-b2d"/>
            <object_component_ref idref="oc-b0f"/>
            <object_component_ref idref="oc-aec"/>
            <object_component_ref idref="oc-6a1"/>
            <object_component_ref idref="oc-6a7"/>
            <object_component_ref idref="oc-6b2"/>
            <object_component_ref idref="oc-6bf"/>
            <object_component_ref idref="oc-6b9"/>
            <object_component_ref idref="oc-749"/>
            <object_component_ref idref="oc-365"/>
            <object_component_ref idref="oc-36b"/>
            <object_component_ref idref="oc-6e7"/>
            <object_component_ref idref="oc-6ee"/>
            <object_component_ref idref="oc-6e1"/>
            <object_component_ref idref="oc-6ff"/>
            <object_component_ref idref="oc-6f9"/>
            <object_component_ref idref="oc-6f3"/>
            <object_component_ref idref="oc-711"/>
            <object_component_ref idref="oc-f88"/>
            <object_component_ref idref="oc-b61"/>
            <object_component_ref idref="oc-717"/>
            <object_component_ref idref="oc-15d5"/>
            <object_component_ref idref="oc-15ae"/>
            <object_component_ref idref="oc-15db"/>
            <object_component_ref idref="oc-15c6"/>
            <object_component_ref idref="oc-15c0"/>
            <object_component_ref idref="oc-15b4"/>
            <object_component_ref idref="oc-127b"/>
            <object_component_ref idref="oc-15a8"/>
            <object_component_ref idref="oc-15ba"/>
            <object_component_ref idref="oc-155c"/>
            <object_component_ref idref="oc-1775"/>
            <object_component_ref idref="oc-15a2"/>
            <object_component_ref idref="oc-1568"/>
            <object_component_ref idref="oc-12f7"/>
            <object_component_ref idref="oc-1293"/>
            <object_component_ref idref="oc-1275"/>
            <object_component_ref idref="oc-1562"/>
            <object_component_ref idref="oc-f14"/>
            <object_component_ref idref="oc-f02"/>
            <object_component_ref idref="oc-121d"/>
            <object_component_ref idref="oc-f20"/>
            <object_component_ref idref="oc-1223"/>
            <object_component_ref idref="oc-6ad"/>
            <object_component_ref idref="oc-f08"/>
            <object_component_ref idref="oc-f0e"/>
            <object_component_ref idref="oc-1232"/>
            <object_component_ref idref="oc-f1a"/>
            <object_component_ref idref="oc-f26"/>
            <object_component_ref idref="oc-af1"/>
            <object_component_ref idref="oc-331"/>
            <object_component_ref idref="oc-f57"/>
            <object_component_ref idref="oc-f4b"/>
            <object_component_ref idref="oc-138b"/>
            <object_component_ref idref="oc-137e"/>
            <object_component_ref idref="oc-161a"/>
            <object_component_ref idref="oc-1608"/>
            <object_component_ref idref="oc-1384"/>
            <object_component_ref idref="oc-160e"/>
            <object_component_ref idref="oc-132a"/>
            <object_component_ref idref="oc-1317"/>
            <object_component_ref idref="oc-130b"/>
            <object_component_ref idref="oc-1311"/>
            <object_component_ref idref="oc-f5d"/>
            <object_component_ref idref="oc-f51"/>
            <object_component_ref idref="oc-53d"/>
            <object_component_ref idref="oc-a43"/>
            <object_component_ref idref="oc-64"/>
            <object_component_ref idref="oc-17"/>
            <object_component_ref idref="oc-1c"/>
            <object_component_ref idref="oc-23"/>
            <object_component_ref idref="oc-a3"/>
            <object_component_ref idref="oc-e70"/>
            <object_component_ref idref="oc-9d7"/>
            <object_component_ref idref="oc-a1d"/>
            <object_component_ref idref="oc-e61"/>
            <object_component_ref idref="oc-e6d"/>
            <object_component_ref idref="oc-53a"/>
            <object_component_ref idref="oc-27a"/>
            <object_component_ref idref="oc-d06"/>
            <object_component_ref idref="oc-ce1"/>
            <object_component_ref idref="oc-cf2"/>
            <object_component_ref idref="oc-ce7"/>
            <object_component_ref idref="oc-a25"/>
            <object_component_ref idref="oc-40d"/>
            <object_component_ref idref="oc-45"/>
            <object_component_ref idref="oc-53"/>
            <object_component_ref idref="oc-e6a"/>
            <object_component_ref idref="oc-413"/>
            <object_component_ref idref="oc-6f"/>
            <object_component_ref idref="oc-41e"/>
            <object_component_ref idref="oc-108f"/>
            <object_component_ref idref="oc-c78"/>
            <object_component_ref idref="oc-13e7"/>
            <object_component_ref idref="oc-1084"/>
            <object_component_ref idref="oc-16c0"/>
            <object_component_ref idref="oc-cde"/>
            <object_component_ref idref="oc-843"/>
            <object_component_ref idref="oc-d1f"/>
            <object_component_ref idref="oc-112c"/>
            <object_component_ref idref="oc-ced"/>
            <object_component_ref idref="oc-cf6"/>
            <object_component_ref idref="oc-17f4"/>
            <object_component_ref idref="oc-d01"/>
            <object_component_ref idref="oc-cfa"/>
            <object_component_ref idref="oc-d24"/>
            <object_component_ref idref="oc-1197"/>
            <object_component_ref idref="oc-d0a"/>
            <object_component_ref idref="oc-d13"/>
            <object_component_ref idref="oc-d16"/>
            <object_component_ref idref="oc-108a"/>
            <object_component_ref idref="oc-1123"/>
         </contents>
      </logical_group>
      <logical_group id="lg-1957" display="never" color="cyan">
         <name>.debug_pubtypes</name>
         <load_address>0x0</load_address>
         <run_address>0x0</run_address>
         <size>0x78956</size>
         <contents>
            <object_component_ref idref="oc-57e"/>
            <object_component_ref idref="oc-588"/>
            <object_component_ref idref="oc-5ce"/>
            <object_component_ref idref="oc-592"/>
            <object_component_ref idref="oc-58d"/>
            <object_component_ref idref="oc-1304"/>
            <object_component_ref idref="oc-efb"/>
            <object_component_ref idref="oc-56d"/>
            <object_component_ref idref="oc-e0"/>
            <object_component_ref idref="oc-a59"/>
            <object_component_ref idref="oc-597"/>
            <object_component_ref idref="oc-59c"/>
            <object_component_ref idref="oc-5a1"/>
            <object_component_ref idref="oc-3c8"/>
            <object_component_ref idref="oc-5a6"/>
            <object_component_ref idref="oc-5ab"/>
            <object_component_ref idref="oc-5b0"/>
            <object_component_ref idref="oc-5b5"/>
            <object_component_ref idref="oc-a54"/>
            <object_component_ref idref="oc-5ba"/>
            <object_component_ref idref="oc-5bf"/>
            <object_component_ref idref="oc-5c4"/>
            <object_component_ref idref="oc-5c9"/>
            <object_component_ref idref="oc-545"/>
            <object_component_ref idref="oc-a4f"/>
            <object_component_ref idref="oc-3cd"/>
            <object_component_ref idref="oc-5d3"/>
            <object_component_ref idref="oc-5d8"/>
            <object_component_ref idref="oc-5dd"/>
            <object_component_ref idref="oc-559"/>
            <object_component_ref idref="oc-54a"/>
            <object_component_ref idref="oc-5e2"/>
            <object_component_ref idref="oc-257"/>
            <object_component_ref idref="oc-3eb"/>
            <object_component_ref idref="oc-2fa"/>
            <object_component_ref idref="oc-199"/>
            <object_component_ref idref="oc-1a8"/>
            <object_component_ref idref="oc-572"/>
            <object_component_ref idref="oc-1b7"/>
            <object_component_ref idref="oc-2e1"/>
            <object_component_ref idref="oc-1bc"/>
            <object_component_ref idref="oc-2e6"/>
            <object_component_ref idref="oc-577"/>
            <object_component_ref idref="oc-3e6"/>
            <object_component_ref idref="oc-126"/>
            <object_component_ref idref="oc-e5"/>
            <object_component_ref idref="oc-2d2"/>
            <object_component_ref idref="oc-5e7"/>
            <object_component_ref idref="oc-2cd"/>
            <object_component_ref idref="oc-2a0"/>
            <object_component_ref idref="oc-ef"/>
            <object_component_ref idref="oc-583"/>
            <object_component_ref idref="oc-d6"/>
            <object_component_ref idref="oc-12b"/>
            <object_component_ref idref="oc-135"/>
            <object_component_ref idref="oc-2af"/>
            <object_component_ref idref="oc-144"/>
            <object_component_ref idref="oc-1395"/>
            <object_component_ref idref="oc-3d7"/>
            <object_component_ref idref="oc-55e"/>
            <object_component_ref idref="oc-568"/>
            <object_component_ref idref="oc-29b"/>
            <object_component_ref idref="oc-2dc"/>
            <object_component_ref idref="oc-2c8"/>
            <object_component_ref idref="oc-3c3"/>
            <object_component_ref idref="oc-521"/>
            <object_component_ref idref="oc-3fa"/>
            <object_component_ref idref="oc-815"/>
            <object_component_ref idref="oc-50d"/>
            <object_component_ref idref="oc-2b9"/>
            <object_component_ref idref="oc-512"/>
            <object_component_ref idref="oc-517"/>
            <object_component_ref idref="oc-51c"/>
            <object_component_ref idref="oc-2c3"/>
            <object_component_ref idref="oc-81f"/>
            <object_component_ref idref="oc-1b2"/>
            <object_component_ref idref="oc-2f0"/>
            <object_component_ref idref="oc-3e1"/>
            <object_component_ref idref="oc-2eb"/>
            <object_component_ref idref="oc-f4"/>
            <object_component_ref idref="oc-f9"/>
            <object_component_ref idref="oc-2d7"/>
            <object_component_ref idref="oc-3d2"/>
            <object_component_ref idref="oc-3dc"/>
            <object_component_ref idref="oc-3f0"/>
            <object_component_ref idref="oc-25c"/>
            <object_component_ref idref="oc-3f5"/>
            <object_component_ref idref="oc-81a"/>
            <object_component_ref idref="oc-2a5"/>
            <object_component_ref idref="oc-3f"/>
            <object_component_ref idref="oc-d92"/>
            <object_component_ref idref="oc-d97"/>
            <object_component_ref idref="oc-149"/>
            <object_component_ref idref="oc-14e"/>
            <object_component_ref idref="oc-11c"/>
            <object_component_ref idref="oc-121"/>
            <object_component_ref idref="oc-153"/>
            <object_component_ref idref="oc-158"/>
            <object_component_ref idref="oc-db"/>
            <object_component_ref idref="oc-15d"/>
            <object_component_ref idref="oc-162"/>
            <object_component_ref idref="oc-167"/>
            <object_component_ref idref="oc-16c"/>
            <object_component_ref idref="oc-171"/>
            <object_component_ref idref="oc-176"/>
            <object_component_ref idref="oc-17b"/>
            <object_component_ref idref="oc-180"/>
            <object_component_ref idref="oc-2f5"/>
            <object_component_ref idref="oc-108"/>
            <object_component_ref idref="oc-2aa"/>
            <object_component_ref idref="oc-185"/>
            <object_component_ref idref="oc-112"/>
            <object_component_ref idref="oc-2b4"/>
            <object_component_ref idref="oc-18a"/>
            <object_component_ref idref="oc-2be"/>
            <object_component_ref idref="oc-18f"/>
            <object_component_ref idref="oc-194"/>
            <object_component_ref idref="oc-19e"/>
            <object_component_ref idref="oc-1a3"/>
            <object_component_ref idref="oc-1ad"/>
            <object_component_ref idref="oc-1c1"/>
            <object_component_ref idref="oc-1c6"/>
            <object_component_ref idref="oc-1cb"/>
            <object_component_ref idref="oc-13f"/>
            <object_component_ref idref="oc-130"/>
            <object_component_ref idref="oc-16cd"/>
            <object_component_ref idref="oc-2ff"/>
            <object_component_ref idref="oc-1d5"/>
            <object_component_ref idref="oc-ea"/>
            <object_component_ref idref="oc-fe"/>
            <object_component_ref idref="oc-103"/>
            <object_component_ref idref="oc-1d0"/>
            <object_component_ref idref="oc-10d"/>
            <object_component_ref idref="oc-1da"/>
            <object_component_ref idref="oc-117"/>
            <object_component_ref idref="oc-13a"/>
            <object_component_ref idref="oc-a13"/>
            <object_component_ref idref="oc-bb0"/>
            <object_component_ref idref="oc-280"/>
            <object_component_ref idref="oc-d59"/>
            <object_component_ref idref="oc-894"/>
            <object_component_ref idref="oc-554"/>
            <object_component_ref idref="oc-751"/>
            <object_component_ref idref="oc-12e4"/>
            <object_component_ref idref="oc-1370"/>
            <object_component_ref idref="oc-54f"/>
            <object_component_ref idref="oc-bf"/>
            <object_component_ref idref="oc-563"/>
            <object_component_ref idref="oc-f35"/>
            <object_component_ref idref="oc-f3a"/>
            <object_component_ref idref="oc-1600"/>
            <object_component_ref idref="oc-1847"/>
            <object_component_ref idref="oc-1765"/>
            <object_component_ref idref="oc-1793"/>
            <object_component_ref idref="oc-178e"/>
            <object_component_ref idref="oc-f6c"/>
            <object_component_ref idref="oc-b54"/>
            <object_component_ref idref="oc-159a"/>
            <object_component_ref idref="oc-176a"/>
            <object_component_ref idref="oc-620"/>
            <object_component_ref idref="oc-62a"/>
            <object_component_ref idref="oc-602"/>
            <object_component_ref idref="oc-652"/>
            <object_component_ref idref="oc-625"/>
            <object_component_ref idref="oc-61b"/>
            <object_component_ref idref="oc-675"/>
            <object_component_ref idref="oc-643"/>
            <object_component_ref idref="oc-666"/>
            <object_component_ref idref="oc-66b"/>
            <object_component_ref idref="oc-aa9"/>
            <object_component_ref idref="oc-aa4"/>
            <object_component_ref idref="oc-aae"/>
            <object_component_ref idref="oc-670"/>
            <object_component_ref idref="oc-634"/>
            <object_component_ref idref="oc-ab8"/>
            <object_component_ref idref="oc-ab3"/>
            <object_component_ref idref="oc-661"/>
            <object_component_ref idref="oc-65c"/>
            <object_component_ref idref="oc-657"/>
            <object_component_ref idref="oc-abd"/>
            <object_component_ref idref="oc-67a"/>
            <object_component_ref idref="oc-62f"/>
            <object_component_ref idref="oc-607"/>
            <object_component_ref idref="oc-639"/>
            <object_component_ref idref="oc-648"/>
            <object_component_ref idref="oc-60c"/>
            <object_component_ref idref="oc-611"/>
            <object_component_ref idref="oc-64d"/>
            <object_component_ref idref="oc-63e"/>
            <object_component_ref idref="oc-616"/>
            <object_component_ref idref="oc-100f"/>
            <object_component_ref idref="oc-772"/>
            <object_component_ref idref="oc-bc6"/>
            <object_component_ref idref="oc-bcb"/>
            <object_component_ref idref="oc-1021"/>
            <object_component_ref idref="oc-103a"/>
            <object_component_ref idref="oc-103f"/>
            <object_component_ref idref="oc-102b"/>
            <object_component_ref idref="oc-bc1"/>
            <object_component_ref idref="oc-bb7"/>
            <object_component_ref idref="oc-1030"/>
            <object_component_ref idref="oc-1026"/>
            <object_component_ref idref="oc-bbc"/>
            <object_component_ref idref="oc-1035"/>
            <object_component_ref idref="oc-101c"/>
            <object_component_ref idref="oc-c44"/>
            <object_component_ref idref="oc-c4e"/>
            <object_component_ref idref="oc-c49"/>
            <object_component_ref idref="oc-c71"/>
            <object_component_ref idref="oc-1015"/>
            <object_component_ref idref="oc-ba0"/>
            <object_component_ref idref="oc-eef"/>
            <object_component_ref idref="oc-ef4"/>
            <object_component_ref idref="oc-28d"/>
            <object_component_ref idref="oc-292"/>
            <object_component_ref idref="oc-1495"/>
            <object_component_ref idref="oc-288"/>
            <object_component_ref idref="oc-147f"/>
            <object_component_ref idref="oc-147a"/>
            <object_component_ref idref="oc-13a8"/>
            <object_component_ref idref="oc-fff"/>
            <object_component_ref idref="oc-13a1"/>
            <object_component_ref idref="oc-1921"/>
            <object_component_ref idref="oc-191c"/>
            <object_component_ref idref="oc-a49"/>
            <object_component_ref idref="oc-263"/>
            <object_component_ref idref="oc-3a"/>
            <object_component_ref idref="oc-8a"/>
            <object_component_ref idref="oc-4a"/>
            <object_component_ref idref="oc-91"/>
            <object_component_ref idref="oc-56"/>
            <object_component_ref idref="oc-99"/>
            <object_component_ref idref="oc-30e"/>
            <object_component_ref idref="oc-67f"/>
            <object_component_ref idref="oc-313"/>
            <object_component_ref idref="oc-e78"/>
            <object_component_ref idref="oc-e73"/>
            <object_component_ref idref="oc-540"/>
            <object_component_ref idref="oc-111c"/>
            <object_component_ref idref="oc-849"/>
            <object_component_ref idref="oc-84e"/>
            <object_component_ref idref="oc-1098"/>
            <object_component_ref idref="oc-1093"/>
            <object_component_ref idref="oc-d29"/>
            <object_component_ref idref="oc-1134"/>
            <object_component_ref idref="oc-d2e"/>
         </contents>
      </logical_group>
      <load_segment id="lg-19a9" display="no" color="cyan">
         <name>SEGMENT_0</name>
         <load_address>0x0</load_address>
         <run_address>0x0</run_address>
         <size>0x10908</size>
         <flags>0x5</flags>
         <contents>
            <logical_group_ref idref="lg-10"/>
            <logical_group_ref idref="lg-2"/>
            <logical_group_ref idref="lg-3"/>
            <logical_group_ref idref="lg-4"/>
         </contents>
      </load_segment>
      <load_segment id="lg-19aa" display="no" color="cyan">
         <name>SEGMENT_1</name>
         <run_address>0x20000000</run_address>
         <size>0x4f2d</size>
         <flags>0x6</flags>
         <contents>
            <logical_group_ref idref="lg-f"/>
            <logical_group_ref idref="lg-8"/>
            <logical_group_ref idref="lg-7"/>
         </contents>
      </load_segment>
      <load_segment id="lg-19ab" display="no" color="cyan">
         <name>SEGMENT_2</name>
         <run_address>0x2000fd00</run_address>
         <size>0x300</size>
         <flags>0x6</flags>
         <contents>
            <logical_group_ref idref="lg-a"/>
         </contents>
      </load_segment>
   </logical_group_list>
   <placement_map>
      <memory_area display="yes" color="green">
         <name>MAIN</name>
         <page_id>0x0</page_id>
         <origin>0x0</origin>
         <length>0x40000</length>
         <used_space>0x10902</used_space>
         <unused_space>0x2f6fe</unused_space>
         <attributes>RX</attributes>
         <usage_details>
            <allocated_space>
               <start_address>0x0</start_address>
               <size>0x3c</size>
               <logical_group_ref idref="lg-10"/>
            </allocated_space>
            <available_space>
               <start_address>0x3c</start_address>
               <size>0x4</size>
            </available_space>
            <allocated_space>
               <start_address>0x40</start_address>
               <size>0xe66a</size>
               <logical_group_ref idref="lg-2"/>
            </allocated_space>
            <available_space>
               <start_address>0xe6aa</start_address>
               <size>0x2</size>
            </available_space>
            <allocated_space>
               <start_address>0xe6ac</start_address>
               <size>0x1fb4</size>
               <logical_group_ref idref="lg-3"/>
            </allocated_space>
            <allocated_space>
               <start_address>0x10660</start_address>
               <size>0x2a8</size>
               <logical_group_ref idref="lg-4"/>
            </allocated_space>
            <available_space>
               <start_address>0x10908</start_address>
               <size>0x2f6f8</size>
            </available_space>
         </usage_details>
      </memory_area>
      <memory_area display="yes" color="green">
         <name>INFO</name>
         <page_id>0x0</page_id>
         <origin>0x200000</origin>
         <length>0x4000</length>
         <used_space>0x0</used_space>
         <unused_space>0x4000</unused_space>
         <attributes>RX</attributes>
         <usage_details>
         </usage_details>
      </memory_area>
      <memory_area display="yes" color="green">
         <name>SRAM_CODE</name>
         <page_id>0x0</page_id>
         <origin>0x1000000</origin>
         <length>0x10000</length>
         <used_space>0x0</used_space>
         <unused_space>0x10000</unused_space>
         <attributes>RWX</attributes>
         <usage_details>
         </usage_details>
      </memory_area>
      <memory_area display="yes" color="green">
         <name>SRAM_DATA</name>
         <page_id>0x0</page_id>
         <origin>0x20000000</origin>
         <length>0x10000</length>
         <used_space>0x522a</used_space>
         <unused_space>0xadd6</unused_space>
         <attributes>RW</attributes>
         <usage_details>
            <allocated_space>
               <start_address>0x20000000</start_address>
               <size>0x140</size>
               <logical_group_ref idref="lg-f"/>
            </allocated_space>
            <allocated_space>
               <start_address>0x20000140</start_address>
               <size>0x4449</size>
               <logical_group_ref idref="lg-8"/>
            </allocated_space>
            <available_space>
               <start_address>0x20004589</start_address>
               <size>0x3</size>
            </available_space>
            <allocated_space>
               <start_address>0x2000458c</start_address>
               <size>0x9a1</size>
               <logical_group_ref idref="lg-7"/>
            </allocated_space>
            <available_space>
               <start_address>0x20004f2d</start_address>
               <size>0xadd3</size>
            </available_space>
            <allocated_space>
               <start_address>0x2000fd00</start_address>
               <size>0x300</size>
               <logical_group_ref idref="lg-a"/>
            </allocated_space>
         </usage_details>
      </memory_area>
   </placement_map>
   <cptbl_list>
      <cptbl>
         <name>__TI_cinit_table</name>
         <cprec>
            <name>.data</name>
            <load_address>0x10660</load_address>
            <load_size>0x26d</load_size>
            <run_address>0x2000458c</run_address>
            <run_size>0x9a1</run_size>
            <compression>lzss</compression>
         </cprec>
         <cprec>
            <name>.bss</name>
            <load_address>0x108e0</load_address>
            <load_size>0x8</load_size>
            <run_address>0x20000140</run_address>
            <run_size>0x4449</run_size>
            <compression>zero_init</compression>
         </cprec>
         <cprec>
            <name>.vecs</name>
            <load_address>0x108e8</load_address>
            <load_size>0x8</load_size>
            <run_address>0x20000000</run_address>
            <run_size>0x140</run_size>
            <compression>zero_init</compression>
         </cprec>
      </cptbl>
   </cptbl_list>
   <handler_table>
      <handler_table_name>__TI_handler_table</handler_table_name>
      <handler>
         <index>0x0</index>
         <name>__TI_decompress_lzss</name>
      </handler>
      <handler>
         <index>0x1</index>
         <name>__TI_decompress_none</name>
      </handler>
      <handler>
         <index>0x2</index>
         <name>__TI_zero_init</name>
      </handler>
   </handler_table>
   <symbol_table>
      <symbol id="sm-1">
         <name>WDTCTL_SYM</name>
         <value>0x4000480c</value>
      </symbol>
      <symbol id="sm-2">
         <name>ti_sysbios_family_arm_m3_Hwi_nvic</name>
         <value>0xe000e000</value>
      </symbol>
      <symbol id="sm-3">
         <name>xdc_runtime_Startup__EXECFXN__C</name>
         <value>0x1</value>
      </symbol>
      <symbol id="sm-4">
         <name>xdc_runtime_Startup__RESETFXN__C</name>
         <value>0x1</value>
      </symbol>
      <symbol id="sm-5">
         <name>__TI_CINIT_Base</name>
         <value>0x108f0</value>
      </symbol>
      <symbol id="sm-6">
         <name>__TI_CINIT_Limit</name>
         <value>0x10908</value>
      </symbol>
      <symbol id="sm-7">
         <name>__TI_Handler_Table_Base</name>
         <value>0x108d0</value>
      </symbol>
      <symbol id="sm-8">
         <name>__TI_Handler_Table_Limit</name>
         <value>0x108dc</value>
      </symbol>
      <symbol id="sm-9">
         <name>binit</name>
         <value>0xffffffff</value>
      </symbol>
      <symbol id="sm-a">
         <name>__binit__</name>
         <value>0xffffffff</value>
      </symbol>
      <symbol id="sm-b">
         <name>__STACK_SIZE</name>
         <value>0x300</value>
      </symbol>
      <symbol id="sm-c">
         <name>__STACK_END</name>
         <value>0x20010000</value>
      </symbol>
      <symbol id="sm-d">
         <name>__c_args__</name>
         <value>0xffffffff</value>
      </symbol>
      <symbol id="sm-e">
         <name>__TI_pprof_out_hndl</name>
         <value>0xffffffff</value>
      </symbol>
      <symbol id="sm-f">
         <name>__TI_prof_data_start</name>
         <value>0xffffffff</value>
      </symbol>
      <symbol id="sm-10">
         <name>__TI_prof_data_size</name>
         <value>0xffffffff</value>
      </symbol>
      <symbol id="sm-1b5">
         <name>i2cMSP432Objects</name>
         <value>0x200041b0</value>
      </symbol>
      <symbol id="sm-1b6">
         <name>uartMSP432Objects</name>
         <value>0x20003dc0</value>
      </symbol>
      <symbol id="sm-1b7">
         <name>uartMSP432RingBuffer</name>
         <value>0x20004238</value>
      </symbol>
      <symbol id="sm-1b8">
         <name>gpioCallbackFunctions</name>
         <value>0x20004e94</value>
         <object_component_ref idref="oc-72b"/>
      </symbol>
      <symbol id="sm-1b9">
         <name>MSP_EXP432P401R_initI2C</name>
         <value>0xdc11</value>
         <object_component_ref idref="oc-203"/>
      </symbol>
      <symbol id="sm-1ba">
         <name>i2cMSP432HWAttrs</name>
         <value>0x10414</value>
         <object_component_ref idref="oc-b6f"/>
      </symbol>
      <symbol id="sm-1bb">
         <name>PowerMSP432_config</name>
         <value>0x103f4</value>
         <object_component_ref idref="oc-337"/>
      </symbol>
      <symbol id="sm-1bc">
         <name>uartMSP432Baudrates</name>
         <value>0xfeb0</value>
         <object_component_ref idref="oc-ff4"/>
      </symbol>
      <symbol id="sm-1bd">
         <name>gpioPinConfigs</name>
         <value>0x20004e34</value>
         <object_component_ref idref="oc-728"/>
      </symbol>
      <symbol id="sm-1be">
         <name>I2C_config</name>
         <value>0x10368</value>
         <object_component_ref idref="oc-735"/>
      </symbol>
      <symbol id="sm-1bf">
         <name>UART_config</name>
         <value>0x100ac</value>
         <object_component_ref idref="oc-73c"/>
      </symbol>
      <symbol id="sm-1c0">
         <name>GPIOMSP432_config</name>
         <value>0x103e0</value>
         <object_component_ref idref="oc-347"/>
      </symbol>
      <symbol id="sm-1c1">
         <name>uartMSP432HWAttrs</name>
         <value>0xff68</value>
         <object_component_ref idref="oc-b7a"/>
      </symbol>
      <symbol id="sm-1c2">
         <name>MSP_EXP432P401R_initUART</name>
         <value>0xd2f5</value>
         <object_component_ref idref="oc-209"/>
      </symbol>
      <symbol id="sm-259">
         <name>Kalman_sem</name>
         <value>0x20004550</value>
      </symbol>
      <symbol id="sm-25a">
         <name>UART_sem</name>
         <value>0x2000455c</value>
      </symbol>
      <symbol id="sm-25b">
         <name>i2cGate</name>
         <value>0x20004570</value>
      </symbol>
      <symbol id="sm-25c">
         <name>gateParams</name>
         <value>0x2000439c</value>
      </symbol>
      <symbol id="sm-25d">
         <name>gatekey</name>
         <value>0x20004564</value>
      </symbol>
      <symbol id="sm-25e">
         <name>i2c</name>
         <value>0x2000456c</value>
      </symbol>
      <symbol id="sm-25f">
         <name>i2cParams</name>
         <value>0x200043f0</value>
      </symbol>
      <symbol id="sm-260">
         <name>i2cTransaction</name>
         <value>0x20004368</value>
      </symbol>
      <symbol id="sm-261">
         <name>uart</name>
         <value>0x2000457c</value>
      </symbol>
      <symbol id="sm-262">
         <name>uartParams</name>
         <value>0x20004324</value>
      </symbol>
      <symbol id="sm-263">
         <name>txBuffer</name>
         <value>0x20004478</value>
      </symbol>
      <symbol id="sm-264">
         <name>rxBuffer</name>
         <value>0x20004348</value>
      </symbol>
      <symbol id="sm-265">
         <name>stringBuffer</name>
         <value>0x20003b78</value>
      </symbol>
      <symbol id="sm-266">
         <name>accel_off_x</name>
         <value>0x20004586</value>
      </symbol>
      <symbol id="sm-267">
         <name>accel_off_y</name>
         <value>0x20004587</value>
      </symbol>
      <symbol id="sm-268">
         <name>accel_off_z</name>
         <value>0x20004588</value>
      </symbol>
      <symbol id="sm-269">
         <name>gyro_off_x</name>
         <value>0x20004580</value>
      </symbol>
      <symbol id="sm-26a">
         <name>gyro_off_y</name>
         <value>0x20004582</value>
      </symbol>
      <symbol id="sm-26b">
         <name>gyro_off_z</name>
         <value>0x20004584</value>
      </symbol>
      <symbol id="sm-26c">
         <name>s_gyroXYZ</name>
         <value>0x20004546</value>
      </symbol>
      <symbol id="sm-26d">
         <name>s_accelXYZ</name>
         <value>0x20004540</value>
      </symbol>
      <symbol id="sm-26e">
         <name>s_magcompXYZ</name>
         <value>0x20004430</value>
      </symbol>
      <symbol id="sm-26f">
         <name>UART_AID</name>
         <value>0x20004558</value>
      </symbol>
      <symbol id="sm-270">
         <name>Sensor_AID</name>
         <value>0x20004554</value>
      </symbol>
      <symbol id="sm-271">
         <name>Kalman_AID</name>
         <value>0x2000454c</value>
      </symbol>
      <symbol id="sm-272">
         <name>xData</name>
         <value>0x200042d8</value>
      </symbol>
      <symbol id="sm-273">
         <name>OmegaData</name>
         <value>0x200041f8</value>
      </symbol>
      <symbol id="sm-274">
         <name>PhiData</name>
         <value>0x20003718</value>
      </symbol>
      <symbol id="sm-275">
         <name>PData</name>
         <value>0x20003588</value>
      </symbol>
      <symbol id="sm-276">
         <name>QData</name>
         <value>0x200038a8</value>
      </symbol>
      <symbol id="sm-277">
         <name>RData</name>
         <value>0x200040a0</value>
      </symbol>
      <symbol id="sm-278">
         <name>KData</name>
         <value>0x20003fb0</value>
      </symbol>
      <symbol id="sm-279">
         <name>zData</name>
         <value>0x200043b4</value>
      </symbol>
      <symbol id="sm-27a">
         <name>fData</name>
         <value>0x20004384</value>
      </symbol>
      <symbol id="sm-27b">
         <name>FData</name>
         <value>0x20003ec0</value>
      </symbol>
      <symbol id="sm-27c">
         <name>gData</name>
         <value>0x20004400</value>
      </symbol>
      <symbol id="sm-27d">
         <name>hData</name>
         <value>0x20004424</value>
      </symbol>
      <symbol id="sm-27e">
         <name>XiData</name>
         <value>0x200042a8</value>
      </symbol>
      <symbol id="sm-27f">
         <name>EgData</name>
         <value>0x20004300</value>
      </symbol>
      <symbol id="sm-280">
         <name>sigmagData</name>
         <value>0x20004460</value>
      </symbol>
      <symbol id="sm-281">
         <name>sigmaaData</name>
         <value>0x20004454</value>
      </symbol>
      <symbol id="sm-282">
         <name>sigmamData</name>
         <value>0x2000446c</value>
      </symbol>
      <symbol id="sm-283">
         <name>sigmaWaData</name>
         <value>0x2000443c</value>
      </symbol>
      <symbol id="sm-284">
         <name>sigmaWmData</name>
         <value>0x20004448</value>
      </symbol>
      <symbol id="sm-285">
         <name>gyro_measData</name>
         <value>0x2000440c</value>
      </symbol>
      <symbol id="sm-286">
         <name>gyro_meas_nextData</name>
         <value>0x20004418</value>
      </symbol>
      <symbol id="sm-287">
         <name>x</name>
         <value>0x20004524</value>
      </symbol>
      <symbol id="sm-288">
         <name>Omega</name>
         <value>0x200044a4</value>
      </symbol>
      <symbol id="sm-289">
         <name>Phi</name>
         <value>0x200044b4</value>
      </symbol>
      <symbol id="sm-28a">
         <name>P</name>
         <value>0x200044ac</value>
      </symbol>
      <symbol id="sm-28b">
         <name>Q</name>
         <value>0x200044bc</value>
      </symbol>
      <symbol id="sm-28c">
         <name>R</name>
         <value>0x200044c4</value>
      </symbol>
      <symbol id="sm-28d">
         <name>K</name>
         <value>0x2000449c</value>
      </symbol>
      <symbol id="sm-28e">
         <name>z</name>
         <value>0x2000452c</value>
      </symbol>
      <symbol id="sm-28f">
         <name>f</name>
         <value>0x200044d4</value>
      </symbol>
      <symbol id="sm-290">
         <name>F</name>
         <value>0x20004494</value>
      </symbol>
      <symbol id="sm-291">
         <name>g</name>
         <value>0x200044dc</value>
      </symbol>
      <symbol id="sm-292">
         <name>h</name>
         <value>0x200044f4</value>
      </symbol>
      <symbol id="sm-293">
         <name>Xi</name>
         <value>0x200044cc</value>
      </symbol>
      <symbol id="sm-294">
         <name>Eg</name>
         <value>0x2000448c</value>
      </symbol>
      <symbol id="sm-295">
         <name>sigmaWa</name>
         <value>0x200044fc</value>
      </symbol>
      <symbol id="sm-296">
         <name>sigmaWm</name>
         <value>0x20004504</value>
      </symbol>
      <symbol id="sm-297">
         <name>sigmag</name>
         <value>0x20004514</value>
      </symbol>
      <symbol id="sm-298">
         <name>sigmaa</name>
         <value>0x2000450c</value>
      </symbol>
      <symbol id="sm-299">
         <name>sigmam</name>
         <value>0x2000451c</value>
      </symbol>
      <symbol id="sm-29a">
         <name>gyro_meas</name>
         <value>0x200044e4</value>
      </symbol>
      <symbol id="sm-29b">
         <name>gyro_meas_next</name>
         <value>0x200044ec</value>
      </symbol>
      <symbol id="sm-29c">
         <name>magSens</name>
         <value>0x20004574</value>
      </symbol>
      <symbol id="sm-29d">
         <name>gyroSens</name>
         <value>0x20004568</value>
      </symbol>
      <symbol id="sm-29e">
         <name>accSens</name>
         <value>0x20004560</value>
      </symbol>
      <symbol id="sm-29f">
         <name>ts</name>
         <value>0x20004578</value>
      </symbol>
      <symbol id="sm-2a0">
         <name>UARTSTACK</name>
         <value>0x20001940</value>
      </symbol>
      <symbol id="sm-2a1">
         <name>SENSORSTACK</name>
         <value>0x20001140</value>
      </symbol>
      <symbol id="sm-2a2">
         <name>KALMANSTACK</name>
         <value>0x20000140</value>
      </symbol>
      <symbol id="sm-2a3">
         <name>main</name>
         <value>0x7ded</value>
         <object_component_ref idref="oc-ac"/>
      </symbol>
      <symbol id="sm-63c">
         <name>accel_fifo</name>
         <value>0x20002940</value>
      </symbol>
      <symbol id="sm-63d">
         <name>gyro_fifo</name>
         <value>0x20002cac</value>
      </symbol>
      <symbol id="sm-63e">
         <name>mag_fifo</name>
         <value>0x20003018</value>
      </symbol>
      <symbol id="sm-63f">
         <name>bmi160_set_gyro_sleep_state</name>
         <value>0xad31</value>
         <object_component_ref idref="oc-919"/>
      </symbol>
      <symbol id="sm-640">
         <name>bmi160_set_foc_gyro_enable</name>
         <value>0x6ded</value>
         <object_component_ref idref="oc-478"/>
      </symbol>
      <symbol id="sm-641">
         <name>bmi160_read_reg</name>
         <value>0xd551</value>
         <object_component_ref idref="oc-117c"/>
      </symbol>
      <symbol id="sm-642">
         <name>bmi160_set_intr_enable_2</name>
         <value>0x854d</value>
         <object_component_ref idref="oc-907"/>
      </symbol>
      <symbol id="sm-643">
         <name>bmi160_set_intr_enable_0</name>
         <value>0x64e5</value>
         <object_component_ref idref="oc-901"/>
      </symbol>
      <symbol id="sm-644">
         <name>bmi160_get_accel_offset_compensation_zaxis</name>
         <value>0xcf65</value>
         <object_component_ref idref="oc-97b"/>
      </symbol>
      <symbol id="sm-645">
         <name>bmi160_set_accel_offset_enable</name>
         <value>0xb419</value>
         <object_component_ref idref="oc-963"/>
      </symbol>
      <symbol id="sm-646">
         <name>bmi160_set_fifo_mag_enable</name>
         <value>0xab3d</value>
         <object_component_ref idref="oc-956"/>
      </symbol>
      <symbol id="sm-647">
         <name>bmi160_set_bmm150_mag_and_secondary_if_power_mode</name>
         <value>0x8091</value>
         <object_component_ref idref="oc-8c4"/>
      </symbol>
      <symbol id="sm-648">
         <name>bmi160_set_fifo_wm</name>
         <value>0xd5a1</value>
         <object_component_ref idref="oc-950"/>
      </symbol>
      <symbol id="sm-649">
         <name>bmi160_set_intr_fifo_wm</name>
         <value>0x9531</value>
         <object_component_ref idref="oc-94a"/>
      </symbol>
      <symbol id="sm-64a">
         <name>bmi160_accel_foc_trigger_xyz</name>
         <value>0x54f5</value>
         <object_component_ref idref="oc-472"/>
      </symbol>
      <symbol id="sm-64b">
         <name>bmi160_get_if_mode</name>
         <value>0xcb2d</value>
         <object_component_ref idref="oc-8be"/>
      </symbol>
      <symbol id="sm-64c">
         <name>bmi160_set_intr_level</name>
         <value>0x95c1</value>
         <object_component_ref idref="oc-e25"/>
      </symbol>
      <symbol id="sm-64d">
         <name>bmi160_set_gyro_output_data_rate</name>
         <value>0x9f11</value>
         <object_component_ref idref="oc-8f4"/>
      </symbol>
      <symbol id="sm-64e">
         <name>bmi160_set_gyro_bw</name>
         <value>0xac69</value>
         <object_component_ref idref="oc-8ee"/>
      </symbol>
      <symbol id="sm-64f">
         <name>bmi160_set_gyro_sleep_trigger</name>
         <value>0xad95</value>
         <object_component_ref idref="oc-90d"/>
      </symbol>
      <symbol id="sm-650">
         <name>bmi160_fifo_data</name>
         <value>0xd84d</value>
         <object_component_ref idref="oc-e34"/>
      </symbol>
      <symbol id="sm-651">
         <name>bmi160_read_mag_xyzr</name>
         <value>0x9c2d</value>
         <object_component_ref idref="oc-9a3"/>
      </symbol>
      <symbol id="sm-652">
         <name>bmi160_bmm150_mag_compensate_xyz</name>
         <value>0xc727</value>
         <object_component_ref idref="oc-490"/>
      </symbol>
      <symbol id="sm-653">
         <name>bmi160_set_accel_bw</name>
         <value>0xa949</value>
         <object_component_ref idref="oc-8e8"/>
      </symbol>
      <symbol id="sm-654">
         <name>bmi160_get_foc_rdy</name>
         <value>0xcaf9</value>
         <object_component_ref idref="oc-969"/>
      </symbol>
      <symbol id="sm-655">
         <name>bmi160_set_if_mode</name>
         <value>0xaec1</value>
         <object_component_ref idref="oc-8ca"/>
      </symbol>
      <symbol id="sm-656">
         <name>bmi160_read_fifo_header_data</name>
         <value>0x2695</value>
         <object_component_ref idref="oc-95c"/>
      </symbol>
      <symbol id="sm-657">
         <name>V_fifo_time_U32</name>
         <value>0x20004e90</value>
         <object_component_ref idref="oc-e0e"/>
      </symbol>
      <symbol id="sm-658">
         <name>bmi160_get_gyro_offset_compensation_yaxis</name>
         <value>0xb1e1</value>
         <object_component_ref idref="oc-993"/>
      </symbol>
      <symbol id="sm-659">
         <name>bmi160_set_gyro_range</name>
         <value>0xaccd</value>
         <object_component_ref idref="oc-8e2"/>
      </symbol>
      <symbol id="sm-65a">
         <name>bmi160_set_mag_read_addr</name>
         <value>0xd5c9</value>
         <object_component_ref idref="oc-e08"/>
      </symbol>
      <symbol id="sm-65b">
         <name>bmi160_set_accel_range</name>
         <value>0xa0e9</value>
         <object_component_ref idref="oc-8dc"/>
      </symbol>
      <symbol id="sm-65c">
         <name>bmi160_set_mag_output_data_rate</name>
         <value>0xaf25</value>
         <object_component_ref idref="oc-e02"/>
      </symbol>
      <symbol id="sm-65d">
         <name>bmi160_get_target_page</name>
         <value>0xcc31</value>
         <object_component_ref idref="oc-dba"/>
      </symbol>
      <symbol id="sm-65e">
         <name>bmi160_get_gyro_offset_compensation_xaxis</name>
         <value>0xa615</value>
         <object_component_ref idref="oc-98d"/>
      </symbol>
      <symbol id="sm-65f">
         <name>bmi160_set_target_page</name>
         <value>0xb051</value>
         <object_component_ref idref="oc-db4"/>
      </symbol>
      <symbol id="sm-660">
         <name>bmi160_set_mag_write_addr</name>
         <value>0xd5f1</value>
         <object_component_ref idref="oc-df0"/>
      </symbol>
      <symbol id="sm-661">
         <name>bmi160_bmm150_mag_set_power_mode</name>
         <value>0x7139</value>
         <object_component_ref idref="oc-da6"/>
      </symbol>
      <symbol id="sm-662">
         <name>bmi160_set_fifo_accel_enable</name>
         <value>0xaa11</value>
         <object_component_ref idref="oc-932"/>
      </symbol>
      <symbol id="sm-663">
         <name>bmi160_set_fifo_stop_on_full</name>
         <value>0xaba1</value>
         <object_component_ref idref="oc-944"/>
      </symbol>
      <symbol id="sm-664">
         <name>bmi160_set_bmm150_mag_presetmode</name>
         <value>0x4f7d</value>
         <object_component_ref idref="oc-dfc"/>
      </symbol>
      <symbol id="sm-665">
         <name>bmi160_bmm150_mag_wakeup</name>
         <value>0xa381</value>
         <object_component_ref idref="oc-de4"/>
      </symbol>
      <symbol id="sm-666">
         <name>bmi160_get_mag_power_mode_stat</name>
         <value>0xcb95</value>
         <object_component_ref idref="oc-dae"/>
      </symbol>
      <symbol id="sm-667">
         <name>bmi160_set_mag_write_data</name>
         <value>0xd619</value>
         <object_component_ref idref="oc-dea"/>
      </symbol>
      <symbol id="sm-668">
         <name>bmi160_bmm150_mag_interface_init</name>
         <value>0x4575</value>
         <object_component_ref idref="oc-8d0"/>
      </symbol>
      <symbol id="sm-669">
         <name>bmi160_set_accel_output_data_rate</name>
         <value>0xa9ad</value>
         <object_component_ref idref="oc-8fa"/>
      </symbol>
      <symbol id="sm-66a">
         <name>bmi160_get_gyro_offset_compensation_zaxis</name>
         <value>0xb241</value>
         <object_component_ref idref="oc-999"/>
      </symbol>
      <symbol id="sm-66b">
         <name>bmi160_set_command_register</name>
         <value>0xd579</value>
         <object_component_ref idref="oc-8d6"/>
      </symbol>
      <symbol id="sm-66c">
         <name>bmi160_set_output_enable</name>
         <value>0x9651</value>
         <object_component_ref idref="oc-e1f"/>
      </symbol>
      <symbol id="sm-66d">
         <name>bmi160_get_mag_manual_enable</name>
         <value>0xcb61</value>
         <object_component_ref idref="oc-dde"/>
      </symbol>
      <symbol id="sm-66e">
         <name>bmi160_read_accel_xyz</name>
         <value>0xb815</value>
         <object_component_ref idref="oc-484"/>
      </symbol>
      <symbol id="sm-66f">
         <name>bmi160_read_bmm150_mag_trim</name>
         <value>0x2a51</value>
         <object_component_ref idref="oc-df6"/>
      </symbol>
      <symbol id="sm-670">
         <name>bmi160_write_reg</name>
         <value>0xd895</value>
         <object_component_ref idref="oc-d88"/>
      </symbol>
      <symbol id="sm-671">
         <name>bmi160_read_gyro_xyz</name>
         <value>0xb86d</value>
         <object_component_ref idref="oc-48a"/>
      </symbol>
      <symbol id="sm-672">
         <name>bmi160_set_paging_enable</name>
         <value>0xaf89</value>
         <object_component_ref idref="oc-dc0"/>
      </symbol>
      <symbol id="sm-673">
         <name>bmi160_set_pullup_configuration</name>
         <value>0xafed</value>
         <object_component_ref idref="oc-dd2"/>
      </symbol>
      <symbol id="sm-674">
         <name>bmi160_bmm150_mag_compensate_Z</name>
         <value>0xb3bd</value>
         <object_component_ref idref="oc-9b5"/>
      </symbol>
      <symbol id="sm-675">
         <name>bmi160_bmm150_mag_compensate_Y</name>
         <value>0xa315</value>
         <object_component_ref idref="oc-9af"/>
      </symbol>
      <symbol id="sm-676">
         <name>bmi160_bmm150_mag_compensate_X</name>
         <value>0xa2a9</value>
         <object_component_ref idref="oc-9a9"/>
      </symbol>
      <symbol id="sm-677">
         <name>bmi160_get_pullup_configuration</name>
         <value>0xcbfd</value>
         <object_component_ref idref="oc-dcc"/>
      </symbol>
      <symbol id="sm-678">
         <name>bmi160_set_fifo_time_enable</name>
         <value>0xac05</value>
         <object_component_ref idref="oc-93e"/>
      </symbol>
      <symbol id="sm-679">
         <name>bmi160_get_paging_enable</name>
         <value>0xcbc9</value>
         <object_component_ref idref="oc-dc6"/>
      </symbol>
      <symbol id="sm-67a">
         <name>bmi160_get_accel_offset_compensation_xaxis</name>
         <value>0xcf05</value>
         <object_component_ref idref="oc-96f"/>
      </symbol>
      <symbol id="sm-67b">
         <name>bmi160_init</name>
         <value>0xc5e5</value>
         <object_component_ref idref="oc-8b4"/>
      </symbol>
      <symbol id="sm-67c">
         <name>bmi160_set_fifo_gyro_enable</name>
         <value>0xaa75</value>
         <object_component_ref idref="oc-938"/>
      </symbol>
      <symbol id="sm-67d">
         <name>bmi160_set_fifo_header_enable</name>
         <value>0xaad9</value>
         <object_component_ref idref="oc-92c"/>
      </symbol>
      <symbol id="sm-67e">
         <name>bmi160_set_gyro_wakeup_trigger</name>
         <value>0xae5d</value>
         <object_component_ref idref="oc-913"/>
      </symbol>
      <symbol id="sm-67f">
         <name>bmi160_set_mag_manual_enable</name>
         <value>0xb2a1</value>
         <object_component_ref idref="oc-da0"/>
      </symbol>
      <symbol id="sm-680">
         <name>V_bmm150_maual_auto_condition_u8</name>
         <value>0x20004e8c</value>
         <object_component_ref idref="oc-e0e"/>
      </symbol>
      <symbol id="sm-681">
         <name>bmi160_set_gyro_offset_enable</name>
         <value>0xb475</value>
         <object_component_ref idref="oc-987"/>
      </symbol>
      <symbol id="sm-682">
         <name>bmi160_set_gyro_wakeup_intr</name>
         <value>0xadf9</value>
         <object_component_ref idref="oc-91f"/>
      </symbol>
      <symbol id="sm-683">
         <name>bmi160_get_accel_offset_compensation_yaxis</name>
         <value>0xcf35</value>
         <object_component_ref idref="oc-975"/>
      </symbol>
      <symbol id="sm-684">
         <name>bmi160_set_i2c_device_addr</name>
         <value>0xb4d1</value>
         <object_component_ref idref="oc-dd8"/>
      </symbol>
      <symbol id="sm-685">
         <name>v_fifo_data_u8</name>
         <value>0x2000458c</value>
         <object_component_ref idref="oc-e3a"/>
      </symbol>
      <symbol id="sm-715">
         <name>s_bmi160</name>
         <value>0x200043cc</value>
      </symbol>
      <symbol id="sm-716">
         <name>gyroxyz</name>
         <value>0x2000453a</value>
      </symbol>
      <symbol id="sm-717">
         <name>accelxyz</name>
         <value>0x20004534</value>
      </symbol>
      <symbol id="sm-718">
         <name>bmi160_interrupt_configuration</name>
         <value>0xa8e5</value>
         <object_component_ref idref="oc-926"/>
      </symbol>
      <symbol id="sm-719">
         <name>bmi160_initialize_sensor</name>
         <value>0xd871</value>
         <object_component_ref idref="oc-466"/>
      </symbol>
      <symbol id="sm-71a">
         <name>bmi160_i2c_bus_read</name>
         <value>0xcfc5</value>
         <object_component_ref idref="oc-d75"/>
      </symbol>
      <symbol id="sm-71b">
         <name>bmi160_delay_ms</name>
         <value>0xe0f5</value>
         <object_component_ref idref="oc-d81"/>
      </symbol>
      <symbol id="sm-71c">
         <name>bmi160_config_running_mode</name>
         <value>0x1181</value>
         <object_component_ref idref="oc-46c"/>
      </symbol>
      <symbol id="sm-71d">
         <name>bmi160_i2c_bus_write</name>
         <value>0xbd65</value>
         <object_component_ref idref="oc-d6f"/>
      </symbol>
      <symbol id="sm-71e">
         <name>bmi160_i2c_burst_read</name>
         <value>0xcf95</value>
         <object_component_ref idref="oc-d7b"/>
      </symbol>
      <symbol id="sm-71f">
         <name>i2c_routine</name>
         <value>0xcff5</value>
         <object_component_ref idref="oc-8ae"/>
      </symbol>
      <symbol id="sm-75f">
         <name>uartFxn</name>
         <value>0x5d51</value>
         <object_component_ref idref="oc-23f"/>
      </symbol>
      <symbol id="sm-760">
         <name>sensor</name>
         <value>0x5865</value>
         <object_component_ref idref="oc-247"/>
      </symbol>
      <symbol id="sm-783">
         <name>kalman</name>
         <value>0x4789</value>
         <object_component_ref idref="oc-24f"/>
      </symbol>
      <symbol id="sm-84d">
         <name>updateJacobian</name>
         <value>0x4b8d</value>
         <object_component_ref idref="oc-4e9"/>
      </symbol>
      <symbol id="sm-84e">
         <name>get_measurements</name>
         <value>0x7245</value>
         <object_component_ref idref="oc-4fb"/>
      </symbol>
      <symbol id="sm-84f">
         <name>getRotation</name>
         <value>0x5eed</value>
         <object_component_ref idref="oc-a0a"/>
      </symbol>
      <symbol id="sm-850">
         <name>normalizing</name>
         <value>0x8605</value>
         <object_component_ref idref="oc-4dd"/>
      </symbol>
      <symbol id="sm-851">
         <name>init</name>
         <value>0x2271</value>
         <object_component_ref idref="oc-4b3"/>
      </symbol>
      <symbol id="sm-852">
         <name>updatePhi</name>
         <value>0x8239</value>
         <object_component_ref idref="oc-4b9"/>
      </symbol>
      <symbol id="sm-853">
         <name>updatef</name>
         <value>0x8985</value>
         <object_component_ref idref="oc-4c5"/>
      </symbol>
      <symbol id="sm-854">
         <name>updateQ</name>
         <value>0x7751</value>
         <object_component_ref idref="oc-4bf"/>
      </symbol>
      <symbol id="sm-855">
         <name>updateR</name>
         <value>0x8fe5</value>
         <object_component_ref idref="oc-4e3"/>
      </symbol>
      <symbol id="sm-10a1">
         <name>ti_sysbios_heaps_HeapMem_Instance_State_0_buf__A</name>
         <value>0x20002140</value>
      </symbol>
      <symbol id="sm-10a2">
         <name>xdc_runtime_SysMin_Module_State_0_outbuf__A</name>
         <value>0x20004130</value>
      </symbol>
      <symbol id="sm-10a3">
         <name>ti_sysbios_family_arm_m3_Hwi_dispatchTable</name>
         <value>0x20003a38</value>
      </symbol>
      <symbol id="sm-10a4">
         <name>xdc_runtime_Error_policy__C</name>
         <value>0x10489</value>
         <object_component_ref idref="oc-7ca"/>
      </symbol>
      <symbol id="sm-10a5">
         <name>xdc_runtime_IModule_Interface__BASE__C</name>
         <value>0x105f0</value>
         <object_component_ref idref="oc-13f0"/>
      </symbol>
      <symbol id="sm-10a6">
         <name>xdc_runtime_Startup_lastFxns__C</name>
         <value>0x1047c</value>
         <object_component_ref idref="oc-1f0"/>
      </symbol>
      <symbol id="sm-10a7">
         <name>ti_sysbios_knl_Clock_Module__state__V</name>
         <value>0x20004d50</value>
         <object_component_ref idref="oc-82f"/>
      </symbol>
      <symbol id="sm-10a8">
         <name>ti_sysbios_family_arm_m3_Hwi_excHookFuncs__A</name>
         <value>0x1045c</value>
         <object_component_ref idref="oc-ecc"/>
      </symbol>
      <symbol id="sm-10a9">
         <name>ti_sysbios_family_arm_m3_Hwi_excHookFuncs__C</name>
         <value>0x104c4</value>
         <object_component_ref idref="oc-a9f"/>
      </symbol>
      <symbol id="sm-10aa">
         <name>ti_sysbios_gates_GateMutex_Object__DESC__C</name>
         <value>0x10270</value>
         <object_component_ref idref="oc-1410"/>
      </symbol>
      <symbol id="sm-10ab">
         <name>ti_sysbios_gates_GateMutexPri_Module__id__C</name>
         <value>0x10640</value>
         <object_component_ref idref="oc-86a"/>
      </symbol>
      <symbol id="sm-10ac">
         <name>xdc_runtime_Memory_HeapProxy_Object__delete__S</name>
         <value>0xdb31</value>
         <object_component_ref idref="oc-14e0"/>
      </symbol>
      <symbol id="sm-10ad">
         <name>xdc_runtime_Startup_execImpl__C</name>
         <value>0x105fc</value>
         <object_component_ref idref="oc-1ed"/>
      </symbol>
      <symbol id="sm-10ae">
         <name>ti_sysbios_gates_GateMutex_Instance_State_sem__O</name>
         <value>0x104f8</value>
         <object_component_ref idref="oc-1405"/>
      </symbol>
      <symbol id="sm-10af">
         <name>ti_sysbios_knl_Swi_Object__count__C</name>
         <value>0x1056c</value>
         <object_component_ref idref="oc-1503"/>
      </symbol>
      <symbol id="sm-10b0">
         <name>ti_sysbios_knl_Idle_funcList__C</name>
         <value>0x1046c</value>
         <object_component_ref idref="oc-167b"/>
      </symbol>
      <symbol id="sm-10b1">
         <name>ti_sysbios_knl_Idle_funcList__A</name>
         <value>0x10464</value>
         <object_component_ref idref="oc-17e0"/>
      </symbol>
      <symbol id="sm-10b2">
         <name>ti_sysbios_knl_Task_Module__root__V</name>
         <value>0x20004edc</value>
         <object_component_ref idref="oc-7d6"/>
      </symbol>
      <symbol id="sm-10b3">
         <name>ti_sysbios_family_arm_m3_Hwi_Object__PARAMS__C</name>
         <value>0x1002c</value>
         <object_component_ref idref="oc-f71"/>
      </symbol>
      <symbol id="sm-10b4">
         <name>xdc_runtime_Core_A_initializedParams__C</name>
         <value>0x105b8</value>
         <object_component_ref idref="oc-76a"/>
      </symbol>
      <symbol id="sm-10b5">
         <name>ti_sysbios_gates_GateMutexPri_Instance_State_pendQ__O</name>
         <value>0x104e4</value>
         <object_component_ref idref="oc-870"/>
      </symbol>
      <symbol id="sm-10b6">
         <name>ti_sysbios_BIOS_RtsGateProxy_leave__E</name>
         <value>0x8a35</value>
         <object_component_ref idref="oc-1425"/>
      </symbol>
      <symbol id="sm-10b7">
         <name>xdc_runtime_Text_isLoaded__C</name>
         <value>0x1065a</value>
         <object_component_ref idref="oc-b90"/>
      </symbol>
      <symbol id="sm-10b8">
         <name>ti_sysbios_knl_Clock_Object__DESC__C</name>
         <value>0x102b0</value>
         <object_component_ref idref="oc-17a3"/>
      </symbol>
      <symbol id="sm-10b9">
         <name>ti_sysbios_knl_Swi_Module_State_0_readyQ__A</name>
         <value>0x20004b28</value>
         <object_component_ref idref="oc-cd5"/>
      </symbol>
      <symbol id="sm-10ba">
         <name>ti_sysbios_heaps_HeapMem_Object__create__S</name>
         <value>0xd179</value>
         <object_component_ref idref="oc-14da"/>
      </symbol>
      <symbol id="sm-10bb">
         <name>ti_sysbios_knl_Semaphore_construct</name>
         <value>0xd1a9</value>
         <object_component_ref idref="oc-1592"/>
      </symbol>
      <symbol id="sm-10bc">
         <name>ti_sysbios_knl_Task_Module__id__C</name>
         <value>0x1064c</value>
         <object_component_ref idref="oc-7ba"/>
      </symbol>
      <symbol id="sm-10bd">
         <name>__TARG__</name>
         <value>0x92</value>
         <object_component_ref idref="oc-2e"/>
      </symbol>
      <symbol id="sm-10be">
         <name>ti_sysbios_knl_Clock_Object__destruct__S</name>
         <value>0xdb51</value>
         <object_component_ref idref="oc-1784"/>
      </symbol>
      <symbol id="sm-10bf">
         <name>ti_sysbios_knl_Clock_TimerProxy_getMaxTicks__E</name>
         <value>0x9405</value>
         <object_component_ref idref="oc-14f6"/>
      </symbol>
      <symbol id="sm-10c0">
         <name>ti_sysbios_gates_GateMutex_Handle__label__S</name>
         <value>0xdf45</value>
         <object_component_ref idref="oc-10bd"/>
      </symbol>
      <symbol id="sm-10c1">
         <name>ti_sysbios_gates_GateMutex_Module__FXNS__C</name>
         <value>0x10160</value>
         <object_component_ref idref="oc-c7c"/>
      </symbol>
      <symbol id="sm-10c2">
         <name>ti_sysbios_BIOS_startFunc__I</name>
         <value>0xd055</value>
         <object_component_ref idref="oc-806"/>
      </symbol>
      <symbol id="sm-10c3">
         <name>ti_sysbios_knl_Semaphore_destruct</name>
         <value>0xa45d</value>
         <object_component_ref idref="oc-1573"/>
      </symbol>
      <symbol id="sm-10c4">
         <name>ti_sysbios_knl_Task_Module_State_inactiveQ__O</name>
         <value>0x10590</value>
         <object_component_ref idref="oc-c23"/>
      </symbol>
      <symbol id="sm-10c5">
         <name>ti_sysbios_BIOS_RtsGateProxy_enter__E</name>
         <value>0x876d</value>
         <object_component_ref idref="oc-141e"/>
      </symbol>
      <symbol id="sm-10c6">
         <name>xdc_runtime_Error_Module__loggerFxn8__C</name>
         <value>0x105d8</value>
         <object_component_ref idref="oc-166a"/>
      </symbol>
      <symbol id="sm-10c7">
         <name>ti_sysbios_family_arm_m3_Hwi_Module__id__C</name>
         <value>0x1048a</value>
         <object_component_ref idref="oc-e95"/>
      </symbol>
      <symbol id="sm-10c8">
         <name>ti_sysbios_family_arm_m3_Hwi_Object__table__V</name>
         <value>0x20004e04</value>
         <object_component_ref idref="oc-1100"/>
      </symbol>
      <symbol id="sm-10c9">
         <name>xdc_runtime_Text_charCnt__C</name>
         <value>0x10658</value>
         <object_component_ref idref="oc-16dc"/>
      </symbol>
      <symbol id="sm-10ca">
         <name>ti_sysbios_BIOS_errorRaiseHook__I</name>
         <value>0xd8b9</value>
         <object_component_ref idref="oc-17d6"/>
      </symbol>
      <symbol id="sm-10cb">
         <name>ti_sysbios_family_arm_m3_Hwi_Module__root__V</name>
         <value>0x20004e9c</value>
         <object_component_ref idref="oc-126b"/>
      </symbol>
      <symbol id="sm-10cc">
         <name>__TRDR__</name>
         <value>0xb8</value>
         <object_component_ref idref="oc-2e"/>
      </symbol>
      <symbol id="sm-10cd">
         <name>ti_sysbios_knl_Task_A_badThreadType__C</name>
         <value>0x10578</value>
         <object_component_ref idref="oc-7b7"/>
      </symbol>
      <symbol id="sm-10ce">
         <name>ti_sysbios_knl_Queue_Object__destruct__S</name>
         <value>0xdcdd</value>
         <object_component_ref idref="oc-17ea"/>
      </symbol>
      <symbol id="sm-10cf">
         <name>xdc_runtime_Error_raiseHook__C</name>
         <value>0x105e4</value>
         <object_component_ref idref="oc-1670"/>
      </symbol>
      <symbol id="sm-10d0">
         <name>ti_sysbios_knl_Task_Module_State_0_readyQ__A</name>
         <value>0x2000498c</value>
         <object_component_ref idref="oc-c37"/>
      </symbol>
      <symbol id="sm-10d1">
         <name>xdc_runtime_Error_Module__diagsIncluded__C</name>
         <value>0x105d0</value>
         <object_component_ref idref="oc-165e"/>
      </symbol>
      <symbol id="sm-10d2">
         <name>ti_sysbios_BIOS_RtsGateProxy_Object__delete__S</name>
         <value>0xd971</value>
         <object_component_ref idref="oc-10b7"/>
      </symbol>
      <symbol id="sm-10d3">
         <name>ti_sysbios_heaps_HeapMem_Module_GateProxy_leave__E</name>
         <value>0x936d</value>
         <object_component_ref idref="oc-16f1"/>
      </symbol>
      <symbol id="sm-10d4">
         <name>ti_sysbios_heaps_HeapMem_Object__table__V</name>
         <value>0x20004e1c</value>
         <object_component_ref idref="oc-ed1"/>
      </symbol>
      <symbol id="sm-10d5">
         <name>xdc_runtime_Error_policyFxn__C</name>
         <value>0x105e0</value>
         <object_component_ref idref="oc-1004"/>
      </symbol>
      <symbol id="sm-10d6">
         <name>ti_sysbios_family_arm_msp432_ClockFreqs_Module__state__V</name>
         <value>0x20004e60</value>
         <object_component_ref idref="oc-f2e"/>
      </symbol>
      <symbol id="sm-10d7">
         <name>ti_sysbios_knl_Semaphore_Module__id__C</name>
         <value>0x1064a</value>
         <object_component_ref idref="oc-78c"/>
      </symbol>
      <symbol id="sm-10d8">
         <name>xdc_runtime_Startup_Module__state__V</name>
         <value>0x20004eec</value>
         <object_component_ref idref="oc-1f3"/>
      </symbol>
      <symbol id="sm-10d9">
         <name>ti_sysbios_knl_Semaphore_Module__diagsEnabled__C</name>
         <value>0x10560</value>
         <object_component_ref idref="oc-780"/>
      </symbol>
      <symbol id="sm-10da">
         <name>ti_sysbios_family_arm_m3_Hwi_E_reserved__C</name>
         <value>0x104a8</value>
         <object_component_ref idref="oc-e99"/>
      </symbol>
      <symbol id="sm-10db">
         <name>ti_sysbios_gates_GateMutexPri_Handle__label__S</name>
         <value>0xdf2d</value>
         <object_component_ref idref="oc-114a"/>
      </symbol>
      <symbol id="sm-10dc">
         <name>ti_sysbios_family_arm_m3_Hwi_Module_State_0_excActive__A</name>
         <value>0x20004f28</value>
         <object_component_ref idref="oc-5eb"/>
      </symbol>
      <symbol id="sm-10dd">
         <name>ti_sysbios_gates_GateMutex_Module__root__V</name>
         <value>0x20004eb4</value>
         <object_component_ref idref="oc-169b"/>
      </symbol>
      <symbol id="sm-10de">
         <name>ti_sysbios_gates_GateMutex_A_badContext__C</name>
         <value>0x104f4</value>
         <object_component_ref idref="oc-13ff"/>
      </symbol>
      <symbol id="sm-10df">
         <name>ti_sysbios_knl_Task_SupportProxy_Module__startupDone__S</name>
         <value>0x8ea5</value>
         <object_component_ref idref="oc-1507"/>
      </symbol>
      <symbol id="sm-10e0">
         <name>xdc_runtime_Main_Module_GateProxy_Object__delete__S</name>
         <value>0xdb11</value>
         <object_component_ref idref="oc-11b2"/>
      </symbol>
      <symbol id="sm-10e1">
         <name>ti_sysbios_gates_GateMutexPri_Object__PARAMS__C</name>
         <value>0x10398</value>
         <object_component_ref idref="oc-87f"/>
      </symbol>
      <symbol id="sm-10e2">
         <name>xdc_runtime_Startup_firstFxns__C</name>
         <value>0x10474</value>
         <object_component_ref idref="oc-1ea"/>
      </symbol>
      <symbol id="sm-10e3">
         <name>xdc_runtime_Startup_firstFxns__A</name>
         <value>0x10450</value>
         <object_component_ref idref="oc-317"/>
      </symbol>
      <symbol id="sm-10e4">
         <name>xdc_runtime_Registry_Module__state__V</name>
         <value>0x20004ee4</value>
         <object_component_ref idref="oc-18fd"/>
      </symbol>
      <symbol id="sm-10e5">
         <name>ti_sysbios_BIOS_exitFunc__I</name>
         <value>0xe08f</value>
         <object_component_ref idref="oc-80c"/>
      </symbol>
      <symbol id="sm-10e6">
         <name>xdc_runtime_Text_charTab__C</name>
         <value>0x10628</value>
         <object_component_ref idref="oc-ffa"/>
      </symbol>
      <symbol id="sm-10e7">
         <name>xdc_runtime_Text_charTab__A</name>
         <value>0xe6ac</value>
         <object_component_ref idref="oc-139b"/>
      </symbol>
      <symbol id="sm-10e8">
         <name>ti_sysbios_knl_Task_Module__diagsIncluded__C</name>
         <value>0x10598</value>
         <object_component_ref idref="oc-7b1"/>
      </symbol>
      <symbol id="sm-10e9">
         <name>ti_sysbios_heaps_HeapMem_A_align__C</name>
         <value>0x1050c</value>
         <object_component_ref idref="oc-1700"/>
      </symbol>
      <symbol id="sm-10ea">
         <name>xdc_runtime_Error_maxDepth__C</name>
         <value>0x10652</value>
         <object_component_ref idref="oc-1673"/>
      </symbol>
      <symbol id="sm-10eb">
         <name>ti_sysbios_knl_Clock_Module__diagsEnabled__C</name>
         <value>0x10540</value>
         <object_component_ref idref="oc-1864"/>
      </symbol>
      <symbol id="sm-10ec">
         <name>ti_sysbios_knl_Semaphore_Module__root__V</name>
         <value>0x20004ed4</value>
         <object_component_ref idref="oc-790"/>
      </symbol>
      <symbol id="sm-10ed">
         <name>ti_sysbios_knl_Swi_Handle__label__S</name>
         <value>0xdf91</value>
         <object_component_ref idref="oc-ebf"/>
      </symbol>
      <symbol id="sm-10ee">
         <name>ti_sysbios_gates_GateHwi_Module__root__V</name>
         <value>0x20004ea4</value>
         <object_component_ref idref="oc-16d4"/>
      </symbol>
      <symbol id="sm-10ef">
         <name>ti_sysbios_family_arm_m3_TaskSupport_stackAlignment__C</name>
         <value>0x104d0</value>
         <object_component_ref idref="oc-bf1"/>
      </symbol>
      <symbol id="sm-10f0">
         <name>ti_sysbios_gates_GateMutexPri_Params__init__S</name>
         <value>0xe4e5</value>
         <object_component_ref idref="oc-436"/>
      </symbol>
      <symbol id="sm-10f1">
         <name>ti_sysbios_family_arm_m3_Hwi_NUM_INTERRUPTS__C</name>
         <value>0x104b4</value>
         <object_component_ref idref="oc-acb"/>
      </symbol>
      <symbol id="sm-10f2">
         <name>ti_sysbios_BIOS_registerRTSLock__I</name>
         <value>0xd8dd</value>
         <object_component_ref idref="oc-c93"/>
      </symbol>
      <symbol id="sm-10f3">
         <name>ti_sysbios_knl_Semaphore_Object__destruct__S</name>
         <value>0xdb91</value>
         <object_component_ref idref="oc-175b"/>
      </symbol>
      <symbol id="sm-10f4">
         <name>ti_sysbios_knl_Task_Instance_State_0_stack__A</name>
         <value>0x20003388</value>
         <object_component_ref idref="oc-13c2"/>
      </symbol>
      <symbol id="sm-10f5">
         <name>ti_sysbios_knl_Swi_Object__table__V</name>
         <value>0x20004d20</value>
         <object_component_ref idref="oc-cca"/>
      </symbol>
      <symbol id="sm-10f6">
         <name>xdc_runtime_Memory_Module__id__C</name>
         <value>0x10654</value>
         <object_component_ref idref="oc-c04"/>
      </symbol>
      <symbol id="sm-10f7">
         <name>__PLAT__</name>
         <value>0x6f</value>
         <object_component_ref idref="oc-2e"/>
      </symbol>
      <symbol id="sm-10f8">
         <name>ti_sysbios_knl_Task_Object__PARAMS__C</name>
         <value>0xfff0</value>
         <object_component_ref idref="oc-38c"/>
      </symbol>
      <symbol id="sm-10f9">
         <name>xdc_runtime_Core_Module__diagsIncluded__C</name>
         <value>0x105c0</value>
         <object_component_ref idref="oc-761"/>
      </symbol>
      <symbol id="sm-10fa">
         <name>xdc_runtime_SysMin_flushAtExit__C</name>
         <value>0x10656</value>
         <object_component_ref idref="oc-52f"/>
      </symbol>
      <symbol id="sm-10fb">
         <name>ti_sysbios_gates_GateMutex_Object__PARAMS__C</name>
         <value>0x103b0</value>
         <object_component_ref idref="oc-169e"/>
      </symbol>
      <symbol id="sm-10fc">
         <name>ti_sysbios_heaps_HeapMem_Module__gateObj__C</name>
         <value>0x1052c</value>
         <object_component_ref idref="oc-170c"/>
      </symbol>
      <symbol id="sm-10fd">
         <name>ti_sysbios_knl_Clock_Params__init__S</name>
         <value>0xe4f1</value>
         <object_component_ref idref="oc-15f2"/>
      </symbol>
      <symbol id="sm-10fe">
         <name>ti_sysbios_gates_GateHwi_Object__delete__S</name>
         <value>0xdb11</value>
         <object_component_ref idref="oc-11b2"/>
      </symbol>
      <symbol id="sm-10ff">
         <name>ti_sysbios_family_arm_m3_Hwi_E_noIsr__C</name>
         <value>0x104a4</value>
         <object_component_ref idref="oc-e92"/>
      </symbol>
      <symbol id="sm-1100">
         <name>ti_sysbios_knl_Queue_Object__DESC__C</name>
         <value>0x102d0</value>
         <object_component_ref idref="oc-bdb"/>
      </symbol>
      <symbol id="sm-1101">
         <name>ti_sysbios_family_arm_msp432_init_Boot_init__I</name>
         <value>0xe3f7</value>
         <object_component_ref idref="oc-70"/>
      </symbol>
      <symbol id="sm-1102">
         <name>ti_sysbios_knl_Task_A_badTimeout__C</name>
         <value>0x1057c</value>
         <object_component_ref idref="oc-9c6"/>
      </symbol>
      <symbol id="sm-1103">
         <name>ti_sysbios_BIOS_RtsGateProxy_Handle__label__S</name>
         <value>0xdf45</value>
         <object_component_ref idref="oc-10bd"/>
      </symbol>
      <symbol id="sm-1104">
         <name>ti_sysbios_knl_Semaphore_Module__diagsIncluded__C</name>
         <value>0x10564</value>
         <object_component_ref idref="oc-783"/>
      </symbol>
      <symbol id="sm-1105">
         <name>ti_sysbios_family_arm_m3_Hwi_E_NMI__C</name>
         <value>0x1048c</value>
         <object_component_ref idref="oc-eb5"/>
      </symbol>
      <symbol id="sm-1106">
         <name>ti_sysbios_knl_Task_Object__DESC__C</name>
         <value>0x10310</value>
         <object_component_ref idref="oc-3a2"/>
      </symbol>
      <symbol id="sm-1107">
         <name>xdc_runtime_Assert_E_assertFailed__C</name>
         <value>0x105b4</value>
         <object_component_ref idref="oc-b93"/>
      </symbol>
      <symbol id="sm-1108">
         <name>ti_sysbios_knl_Clock_Module__root__V</name>
         <value>0x20004ec4</value>
         <object_component_ref idref="oc-186b"/>
      </symbol>
      <symbol id="sm-1109">
         <name>ti_sysbios_heaps_HeapMem_Object__PARAMS__C</name>
         <value>0x10184</value>
         <object_component_ref idref="oc-1829"/>
      </symbol>
      <symbol id="sm-110a">
         <name>ti_sysbios_family_arm_msp432_Timer_Module__state__V</name>
         <value>0x20004e6c</value>
         <object_component_ref idref="oc-10e4"/>
      </symbol>
      <symbol id="sm-110b">
         <name>ti_sysbios_gates_GateHwi_Object__PARAMS__C</name>
         <value>0x10380</value>
         <object_component_ref idref="oc-16d7"/>
      </symbol>
      <symbol id="sm-110c">
         <name>ti_sysbios_gates_GateMutexPri_Module__diagsEnabled__C</name>
         <value>0x104e8</value>
         <object_component_ref idref="oc-85e"/>
      </symbol>
      <symbol id="sm-110d">
         <name>ti_sysbios_knl_Task_A_badTaskState__C</name>
         <value>0x10574</value>
         <object_component_ref idref="oc-7e7"/>
      </symbol>
      <symbol id="sm-110e">
         <name>xdc_runtime_IHeap_Interface__BASE__C</name>
         <value>0x105ec</value>
         <object_component_ref idref="oc-14bf"/>
      </symbol>
      <symbol id="sm-110f">
         <name>ti_sysbios_heaps_HeapMem_Module__id__C</name>
         <value>0x10646</value>
         <object_component_ref idref="oc-1703"/>
      </symbol>
      <symbol id="sm-1110">
         <name>ti_sysbios_family_arm_msp432_Timer_Module_State_0_device__A</name>
         <value>0x20004dc8</value>
         <object_component_ref idref="oc-1431"/>
      </symbol>
      <symbol id="sm-1111">
         <name>ti_sysbios_family_arm_m3_Hwi_excHandlerFunc__C</name>
         <value>0x104c0</value>
         <object_component_ref idref="oc-306"/>
      </symbol>
      <symbol id="sm-1112">
         <name>ti_sysbios_heaps_HeapMem_Module__FXNS__C</name>
         <value>0x10084</value>
         <object_component_ref idref="oc-11df"/>
      </symbol>
      <symbol id="sm-1113">
         <name>ti_sysbios_knl_Queue_Module__root__V</name>
         <value>0x20004ecc</value>
         <object_component_ref idref="oc-1046"/>
      </symbol>
      <symbol id="sm-1114">
         <name>xdc_runtime_Error_Module__diagsEnabled__C</name>
         <value>0x105cc</value>
         <object_component_ref idref="oc-1661"/>
      </symbol>
      <symbol id="sm-1115">
         <name>ti_sysbios_family_arm_m3_Hwi_E_busFault__C</name>
         <value>0x10494</value>
         <object_component_ref idref="oc-ea9"/>
      </symbol>
      <symbol id="sm-1116">
         <name>xdc_runtime_System_maxAtexitHandlers__C</name>
         <value>0x10624</value>
         <object_component_ref idref="oc-10c7"/>
      </symbol>
      <symbol id="sm-1117">
         <name>ti_sysbios_hal_Hwi_HwiProxy_Handle__label__S</name>
         <value>0xdeb5</value>
         <object_component_ref idref="oc-ec5"/>
      </symbol>
      <symbol id="sm-1118">
         <name>ti_sysbios_knl_Semaphore_Params__init__S</name>
         <value>0xe519</value>
         <object_component_ref idref="oc-158c"/>
      </symbol>
      <symbol id="sm-1119">
         <name>xdc_runtime_Startup_reset__I</name>
         <value>0xe3f7</value>
         <object_component_ref idref="oc-70"/>
      </symbol>
      <symbol id="sm-111a">
         <name>ti_sysbios_knl_Task_Module__diagsMask__C</name>
         <value>0x1059c</value>
         <object_component_ref idref="oc-7b4"/>
      </symbol>
      <symbol id="sm-111b">
         <name>ti_sysbios_family_arm_msp432_Timer_numTimerDevices__C</name>
         <value>0x104d4</value>
         <object_component_ref idref="oc-10de"/>
      </symbol>
      <symbol id="sm-111c">
         <name>xdc_runtime_Text_registryModsLastId__C</name>
         <value>0x1065c</value>
         <object_component_ref idref="oc-18da"/>
      </symbol>
      <symbol id="sm-111d">
         <name>ti_sysbios_knl_Semaphore_A_badContext__C</name>
         <value>0x1054c</value>
         <object_component_ref idref="oc-835"/>
      </symbol>
      <symbol id="sm-111e">
         <name>ti_sysbios_knl_Task_E_stackOverflow__C</name>
         <value>0x1058c</value>
         <object_component_ref idref="oc-13dd"/>
      </symbol>
      <symbol id="sm-111f">
         <name>ti_sysbios_knl_Semaphore_A_pendTaskDisabled__C</name>
         <value>0x10558</value>
         <object_component_ref idref="oc-838"/>
      </symbol>
      <symbol id="sm-1120">
         <name>ti_sysbios_knl_Task_Object__table__V</name>
         <value>0x20004bf4</value>
         <object_component_ref idref="oc-1068"/>
      </symbol>
      <symbol id="sm-1121">
         <name>ti_sysbios_family_arm_m3_Hwi_nullIsrFunc__C</name>
         <value>0x104c8</value>
         <object_component_ref idref="oc-ace"/>
      </symbol>
      <symbol id="sm-1122">
         <name>xdc_runtime_System_Module__gateObj__C</name>
         <value>0x10614</value>
         <object_component_ref idref="oc-52b"/>
      </symbol>
      <symbol id="sm-1123">
         <name>ti_sysbios_gates_GateMutex_Module__diagsIncluded__C</name>
         <value>0x10500</value>
         <object_component_ref idref="oc-13f9"/>
      </symbol>
      <symbol id="sm-1124">
         <name>ti_sysbios_family_arm_m3_Hwi_resetVectors</name>
         <value>0x0</value>
         <object_component_ref idref="oc-31"/>
      </symbol>
      <symbol id="sm-1125">
         <name>ti_sysbios_gates_GateMutex_Module__id__C</name>
         <value>0x10642</value>
         <object_component_ref idref="oc-1402"/>
      </symbol>
      <symbol id="sm-1126">
         <name>ti_sysbios_knl_Clock_Module__id__C</name>
         <value>0x10648</value>
         <object_component_ref idref="oc-185e"/>
      </symbol>
      <symbol id="sm-1127">
         <name>xdc_runtime_System_Module_GateProxy_Handle__label__S</name>
         <value>0xdf15</value>
         <object_component_ref idref="oc-11b8"/>
      </symbol>
      <symbol id="sm-1128">
         <name>ti_sysbios_BIOS_rtsUnlock__I</name>
         <value>0xde9d</value>
         <object_component_ref idref="oc-10d1"/>
      </symbol>
      <symbol id="sm-1129">
         <name>ti_sysbios_hal_Hwi_HwiProxy_Params__init__S</name>
         <value>0xe489</value>
         <object_component_ref idref="oc-b46"/>
      </symbol>
      <symbol id="sm-112a">
         <name>xdc_runtime_Core_Module__id__C</name>
         <value>0x1064e</value>
         <object_component_ref idref="oc-76d"/>
      </symbol>
      <symbol id="sm-112b">
         <name>ti_sysbios_knl_Task_numConstructedTasks__C</name>
         <value>0x105b0</value>
         <object_component_ref idref="oc-1516"/>
      </symbol>
      <symbol id="sm-112c">
         <name>ti_sysbios_gates_GateMutexPri_Module__FXNS__C</name>
         <value>0x1013c</value>
         <object_component_ref idref="oc-d4c"/>
      </symbol>
      <symbol id="sm-112d">
         <name>ti_sysbios_knl_Clock_Module__diagsIncluded__C</name>
         <value>0x10544</value>
         <object_component_ref idref="oc-1861"/>
      </symbol>
      <symbol id="sm-112e">
         <name>xdc_runtime_Startup_maxPasses__C</name>
         <value>0x10600</value>
         <object_component_ref idref="oc-ae5"/>
      </symbol>
      <symbol id="sm-112f">
         <name>ti_sysbios_family_arm_m3_Hwi_destruct</name>
         <value>0x8b85</value>
         <object_component_ref idref="oc-156c"/>
      </symbol>
      <symbol id="sm-1130">
         <name>ti_sysbios_knl_Task_Handle__label__S</name>
         <value>0xdfa9</value>
         <object_component_ref idref="oc-eb9"/>
      </symbol>
      <symbol id="sm-1131">
         <name>ti_sysbios_knl_Clock_construct</name>
         <value>0xcd0d</value>
         <object_component_ref idref="oc-15f8"/>
      </symbol>
      <symbol id="sm-1132">
         <name>ti_sysbios_family_arm_m3_Hwi_Object__destruct__S</name>
         <value>0xdc81</value>
         <object_component_ref idref="oc-1754"/>
      </symbol>
      <symbol id="sm-1133">
         <name>ti_sysbios_gates_GateMutex_Object__create__S</name>
         <value>0xd149</value>
         <object_component_ref idref="oc-10b1"/>
      </symbol>
      <symbol id="sm-1134">
         <name>ti_sysbios_gates_GateHwi_Object__table__V</name>
         <value>0x20004f1c</value>
         <object_component_ref idref="oc-a35"/>
      </symbol>
      <symbol id="sm-1135">
         <name>ti_sysbios_heaps_HeapMem_Module_GateProxy_enter__E</name>
         <value>0x8f45</value>
         <object_component_ref idref="oc-16eb"/>
      </symbol>
      <symbol id="sm-1136">
         <name>xdc_runtime_System_abortFxn__C</name>
         <value>0x10618</value>
         <object_component_ref idref="oc-89e"/>
      </symbol>
      <symbol id="sm-1137">
         <name>xdc_runtime_Log_L_error__C</name>
         <value>0x105f4</value>
         <object_component_ref idref="oc-1658"/>
      </symbol>
      <symbol id="sm-1138">
         <name>ti_sysbios_knl_Semaphore_create</name>
         <value>0xcd41</value>
         <object_component_ref idref="oc-215"/>
      </symbol>
      <symbol id="sm-1139">
         <name>ti_sysbios_gates_GateHwi_Module__FXNS__C</name>
         <value>0x10118</value>
         <object_component_ref idref="oc-e8a"/>
      </symbol>
      <symbol id="sm-113a">
         <name>xdc_runtime_Error_Module__loggerDefined__C</name>
         <value>0x10650</value>
         <object_component_ref idref="oc-165b"/>
      </symbol>
      <symbol id="sm-113b">
         <name>ti_sysbios_family_arm_m3_Hwi_priGroup__C</name>
         <value>0x104cc</value>
         <object_component_ref idref="oc-ad1"/>
      </symbol>
      <symbol id="sm-113c">
         <name>ti_sysbios_BIOS_Module__state__V</name>
         <value>0x20004da4</value>
         <object_component_ref idref="oc-3bc"/>
      </symbol>
      <symbol id="sm-113d">
         <name>ti_sysbios_knl_Task_A_noPendElem__C</name>
         <value>0x10580</value>
         <object_component_ref idref="oc-7ea"/>
      </symbol>
      <symbol id="sm-113e">
         <name>ti_sysbios_gates_GateMutexPri_create</name>
         <value>0xd119</value>
         <object_component_ref idref="oc-43c"/>
      </symbol>
      <symbol id="sm-113f">
         <name>ti_sysbios_gates_GateMutexPri_A_badContext__C</name>
         <value>0x104dc</value>
         <object_component_ref idref="oc-867"/>
      </symbol>
      <symbol id="sm-1140">
         <name>xdc_runtime_Error_E_memory__C</name>
         <value>0x105c8</value>
         <object_component_ref idref="oc-c07"/>
      </symbol>
      <symbol id="sm-1141">
         <name>ti_sysbios_family_arm_m3_Hwi_E_alreadyDefined__C</name>
         <value>0x10490</value>
         <object_component_ref idref="oc-1267"/>
      </symbol>
      <symbol id="sm-1142">
         <name>ti_sysbios_gates_GateMutex_Object__table__V</name>
         <value>0x20004c84</value>
         <object_component_ref idref="oc-803"/>
      </symbol>
      <symbol id="sm-1143">
         <name>ti_sysbios_knl_Semaphore_Module__diagsMask__C</name>
         <value>0x10568</value>
         <object_component_ref idref="oc-786"/>
      </symbol>
      <symbol id="sm-1144">
         <name>xdc_runtime_System_Module_GateProxy_Object__delete__S</name>
         <value>0xdb11</value>
         <object_component_ref idref="oc-11b2"/>
      </symbol>
      <symbol id="sm-1145">
         <name>ti_sysbios_family_arm_msp432_Timer_Module__startupDone__F</name>
         <value>0xdefd</value>
         <object_component_ref idref="oc-14f0"/>
      </symbol>
      <symbol id="sm-1146">
         <name>ti_sysbios_family_arm_msp432_Timer_Module__startupDone__S</name>
         <value>0xdefd</value>
         <object_component_ref idref="oc-14f0"/>
      </symbol>
      <symbol id="sm-1147">
         <name>ti_sysbios_knl_Semaphore_Object__PARAMS__C</name>
         <value>0x101cc</value>
         <object_component_ref idref="oc-793"/>
      </symbol>
      <symbol id="sm-1148">
         <name>xdc_runtime_Memory_HeapProxy_Handle__label__S</name>
         <value>0xdf79</value>
         <object_component_ref idref="oc-14e6"/>
      </symbol>
      <symbol id="sm-1149">
         <name>xdc_runtime_System_exitFxn__C</name>
         <value>0x1061c</value>
         <object_component_ref idref="oc-ba"/>
      </symbol>
      <symbol id="sm-114a">
         <name>ti_sysbios_gates_GateMutex_Module__diagsEnabled__C</name>
         <value>0x104fc</value>
         <object_component_ref idref="oc-13f6"/>
      </symbol>
      <symbol id="sm-114b">
         <name>ti_sysbios_gates_GateMutexPri_Object__delete__S</name>
         <value>0xd94d</value>
         <object_component_ref idref="oc-1144"/>
      </symbol>
      <symbol id="sm-114c">
         <name>ti_sysbios_knl_Clock_Object__PARAMS__C</name>
         <value>0x101a8</value>
         <object_component_ref idref="oc-1799"/>
      </symbol>
      <symbol id="sm-114d">
         <name>ti_sysbios_family_arm_m3_Hwi_ramVectors</name>
         <value>0x20000000</value>
         <object_component_ref idref="oc-34"/>
      </symbol>
      <symbol id="sm-114e">
         <name>ti_sysbios_heaps_HeapMem_reqAlign__C</name>
         <value>0x10534</value>
         <object_component_ref idref="oc-181f"/>
      </symbol>
      <symbol id="sm-114f">
         <name>ti_sysbios_knl_Swi_Module__state__V</name>
         <value>0x20004de8</value>
         <object_component_ref idref="oc-83b"/>
      </symbol>
      <symbol id="sm-1150">
         <name>ti_sysbios_family_arm_m3_Hwi_Module_State_0_excContext__A</name>
         <value>0x20004f14</value>
         <object_component_ref idref="oc-5ee"/>
      </symbol>
      <symbol id="sm-1151">
         <name>ti_sysbios_heaps_HeapMem_Module__diagsMask__C</name>
         <value>0x10528</value>
         <object_component_ref idref="oc-16fd"/>
      </symbol>
      <symbol id="sm-1152">
         <name>ti_sysbios_knl_Task_create</name>
         <value>0xb64d</value>
         <object_component_ref idref="oc-221"/>
      </symbol>
      <symbol id="sm-1153">
         <name>ti_sysbios_heaps_HeapMem_Module__diagsIncluded__C</name>
         <value>0x10524</value>
         <object_component_ref idref="oc-16fa"/>
      </symbol>
      <symbol id="sm-1154">
         <name>xdc_runtime_Startup_sfxnRts__A</name>
         <value>0x10424</value>
         <object_component_ref idref="oc-ee0"/>
      </symbol>
      <symbol id="sm-1155">
         <name>xdc_runtime_Startup_sfxnRts__C</name>
         <value>0x10604</value>
         <object_component_ref idref="oc-adf"/>
      </symbol>
      <symbol id="sm-1156">
         <name>ti_sysbios_knl_Task_A_badPriority__C</name>
         <value>0x10570</value>
         <object_component_ref idref="oc-7bd"/>
      </symbol>
      <symbol id="sm-1157">
         <name>ti_sysbios_knl_Semaphore_Object__DESC__C</name>
         <value>0x102f0</value>
         <object_component_ref idref="oc-382"/>
      </symbol>
      <symbol id="sm-1158">
         <name>ti_sysbios_gates_GateHwi_Object__DESC__C</name>
         <value>0x10230</value>
         <object_component_ref idref="oc-14a8"/>
      </symbol>
      <symbol id="sm-1159">
         <name>xdc_runtime_Main_Module_GateProxy_Handle__label__S</name>
         <value>0xdf15</value>
         <object_component_ref idref="oc-11b8"/>
      </symbol>
      <symbol id="sm-115a">
         <name>xdc_runtime_SysMin_bufSize__C</name>
         <value>0x1060c</value>
         <object_component_ref idref="oc-3b8"/>
      </symbol>
      <symbol id="sm-115b">
         <name>ti_sysbios_heaps_HeapMem_Object__count__C</name>
         <value>0x10530</value>
         <object_component_ref idref="oc-ac7"/>
      </symbol>
      <symbol id="sm-115c">
         <name>ti_sysbios_knl_Task_E_spOutOfBounds__C</name>
         <value>0x10588</value>
         <object_component_ref idref="oc-13e0"/>
      </symbol>
      <symbol id="sm-115d">
         <name>ti_sysbios_BIOS_nullFunc__I</name>
         <value>0x5863</value>
         <object_component_ref idref="oc-10f2"/>
      </symbol>
      <symbol id="sm-115e">
         <name>ti_sysbios_BIOS_atExitFunc__I</name>
         <value>0xd025</value>
         <object_component_ref idref="oc-cb1"/>
      </symbol>
      <symbol id="sm-115f">
         <name>ti_sysbios_heaps_HeapMem_Handle__label__S</name>
         <value>0xdf79</value>
         <object_component_ref idref="oc-14e6"/>
      </symbol>
      <symbol id="sm-1160">
         <name>xdc_runtime_System_Module_State_0_atexitHandlers__A</name>
         <value>0x20004ef4</value>
         <object_component_ref idref="oc-533"/>
      </symbol>
      <symbol id="sm-1161">
         <name>ti_sysbios_knl_Queue_Object__PARAMS__C</name>
         <value>0x103c8</value>
         <object_component_ref idref="oc-1049"/>
      </symbol>
      <symbol id="sm-1162">
         <name>ti_sysbios_family_arm_msp432_Timer_startupNeeded__C</name>
         <value>0x104d8</value>
         <object_component_ref idref="oc-10e1"/>
      </symbol>
      <symbol id="sm-1163">
         <name>ti_sysbios_knl_Task_allBlockedFunc__C</name>
         <value>0x105a4</value>
         <object_component_ref idref="oc-13d3"/>
      </symbol>
      <symbol id="sm-1164">
         <name>ti_sysbios_heaps_HeapMem_Module_GateProxy_Handle__label__S</name>
         <value>0xdf45</value>
         <object_component_ref idref="oc-10bd"/>
      </symbol>
      <symbol id="sm-1165">
         <name>ti_sysbios_family_arm_m3_Hwi_E_hardFault__C</name>
         <value>0x1049c</value>
         <object_component_ref idref="oc-eb1"/>
      </symbol>
      <symbol id="sm-1166">
         <name>ti_sysbios_knl_Clock_doTick__I</name>
         <value>0xd3d1</value>
         <object_component_ref idref="oc-10fa"/>
      </symbol>
      <symbol id="sm-1167">
         <name>xdc_runtime_Error_Module__diagsMask__C</name>
         <value>0x105d4</value>
         <object_component_ref idref="oc-1664"/>
      </symbol>
      <symbol id="sm-1168">
         <name>xdc_runtime_SysMin_output__I</name>
         <value>0xda09</value>
         <object_component_ref idref="oc-7f6"/>
      </symbol>
      <symbol id="sm-1169">
         <name>xdc_runtime_System_printf__E</name>
         <value>0xddd9</value>
         <object_component_ref idref="oc-454"/>
      </symbol>
      <symbol id="sm-116a">
         <name>ti_sysbios_knl_Task_Module_State_0_idleTask__A</name>
         <value>0x20004f20</value>
         <object_component_ref idref="oc-c3a"/>
      </symbol>
      <symbol id="sm-116b">
         <name>xdc_runtime_Text_nodeTab__A</name>
         <value>0x10434</value>
         <object_component_ref idref="oc-1931"/>
      </symbol>
      <symbol id="sm-116c">
         <name>xdc_runtime_Text_nodeTab__C</name>
         <value>0x10638</value>
         <object_component_ref idref="oc-192d"/>
      </symbol>
      <symbol id="sm-116d">
         <name>xdc_runtime_Text_nameStatic__C</name>
         <value>0x10630</value>
         <object_component_ref idref="oc-14ba"/>
      </symbol>
      <symbol id="sm-116e">
         <name>ti_sysbios_family_arm_m3_Hwi_E_debugMon__C</name>
         <value>0x10498</value>
         <object_component_ref idref="oc-e9d"/>
      </symbol>
      <symbol id="sm-116f">
         <name>ti_sysbios_family_arm_m3_Hwi_Module__startupDone__S</name>
         <value>0xdecd</value>
         <object_component_ref idref="oc-1524"/>
      </symbol>
      <symbol id="sm-1170">
         <name>ti_sysbios_family_arm_m3_Hwi_Module__startupDone__F</name>
         <value>0xdecd</value>
         <object_component_ref idref="oc-1524"/>
      </symbol>
      <symbol id="sm-1171">
         <name>ti_sysbios_family_arm_msp432_Timer_Object__table__V</name>
         <value>0x20004ba8</value>
         <object_component_ref idref="oc-cc7"/>
      </symbol>
      <symbol id="sm-1172">
         <name>ti_sysbios_family_arm_m3_Hwi_E_svCall__C</name>
         <value>0x104ac</value>
         <object_component_ref idref="oc-ea1"/>
      </symbol>
      <symbol id="sm-1173">
         <name>ti_sysbios_hal_Hwi_Module__id__C</name>
         <value>0x10644</value>
         <object_component_ref idref="oc-18cd"/>
      </symbol>
      <symbol id="sm-1174">
         <name>xdc_runtime_Core_Module__diagsEnabled__C</name>
         <value>0x105bc</value>
         <object_component_ref idref="oc-764"/>
      </symbol>
      <symbol id="sm-1175">
         <name>ti_sysbios_heaps_HeapMem_Object__delete__S</name>
         <value>0xdb31</value>
         <object_component_ref idref="oc-14e0"/>
      </symbol>
      <symbol id="sm-1176">
         <name>ti_sysbios_knl_Clock_Module_State_clockQ__O</name>
         <value>0x1053c</value>
         <object_component_ref idref="oc-832"/>
      </symbol>
      <symbol id="sm-1177">
         <name>ti_sysbios_knl_Task_Module__state__V</name>
         <value>0x20004c40</value>
         <object_component_ref idref="oc-7c6"/>
      </symbol>
      <symbol id="sm-1178">
         <name>ti_sysbios_gates_GateMutexPri_A_enterTaskDisabled__C</name>
         <value>0x104e0</value>
         <object_component_ref idref="oc-86d"/>
      </symbol>
      <symbol id="sm-1179">
         <name>ti_sysbios_knl_Swi_Object__get__S</name>
         <value>0xe199</value>
         <object_component_ref idref="oc-14fd"/>
      </symbol>
      <symbol id="sm-117a">
         <name>xdc_runtime_Memory_HeapProxy_alloc__E</name>
         <value>0xe59f</value>
         <object_component_ref idref="oc-bfb"/>
      </symbol>
      <symbol id="sm-117b">
         <name>xdc_runtime_Text_unnamedModsLastId__C</name>
         <value>0x1065e</value>
         <object_component_ref idref="oc-18dd"/>
      </symbol>
      <symbol id="sm-117c">
         <name>ti_sysbios_heaps_HeapMem_Module_GateProxy_Object__delete__S</name>
         <value>0xd971</value>
         <object_component_ref idref="oc-10b7"/>
      </symbol>
      <symbol id="sm-117d">
         <name>ti_sysbios_gates_GateHwi_Object__create__S</name>
         <value>0xd0b9</value>
         <object_component_ref idref="oc-11ac"/>
      </symbol>
      <symbol id="sm-117e">
         <name>ti_sysbios_knl_Task_defaultStackSize__C</name>
         <value>0x105ac</value>
         <object_component_ref idref="oc-7c3"/>
      </symbol>
      <symbol id="sm-117f">
         <name>ti_sysbios_knl_Queue_destruct</name>
         <value>0xa3ed</value>
         <object_component_ref idref="oc-16b6"/>
      </symbol>
      <symbol id="sm-1180">
         <name>ti_sysbios_heaps_HeapMem_Module__diagsEnabled__C</name>
         <value>0x10520</value>
         <object_component_ref idref="oc-16f7"/>
      </symbol>
      <symbol id="sm-1181">
         <name>xdc_runtime_IGateProvider_Interface__BASE__C</name>
         <value>0x105e8</value>
         <object_component_ref idref="oc-109c"/>
      </symbol>
      <symbol id="sm-1182">
         <name>ti_sysbios_knl_Semaphore_A_overflow__C</name>
         <value>0x10554</value>
         <object_component_ref idref="oc-9bc"/>
      </symbol>
      <symbol id="sm-1183">
         <name>ti_sysbios_hal_Hwi_E_stackOverflow__C</name>
         <value>0x10508</value>
         <object_component_ref idref="oc-18d0"/>
      </symbol>
      <symbol id="sm-1184">
         <name>xdc_runtime_Text_visitRope__I</name>
         <value>0xe5b3</value>
         <object_component_ref idref="oc-1906"/>
      </symbol>
      <symbol id="sm-1185">
         <name>xdc_runtime_SysMin_outputFunc__C</name>
         <value>0x10610</value>
         <object_component_ref idref="oc-3b2"/>
      </symbol>
      <symbol id="sm-1186">
         <name>ti_sysbios_knl_Semaphore_A_noEvents__C</name>
         <value>0x10550</value>
         <object_component_ref idref="oc-789"/>
      </symbol>
      <symbol id="sm-1187">
         <name>xdc_runtime_Core_Module__diagsMask__C</name>
         <value>0x105c4</value>
         <object_component_ref idref="oc-767"/>
      </symbol>
      <symbol id="sm-1188">
         <name>xdc_runtime_Memory_HeapProxy_free__E</name>
         <value>0xe5a9</value>
         <object_component_ref idref="oc-c52"/>
      </symbol>
      <symbol id="sm-1189">
         <name>ti_sysbios_gates_GateMutexPri_Object__create__S</name>
         <value>0xd0e9</value>
         <object_component_ref idref="oc-113e"/>
      </symbol>
      <symbol id="sm-118a">
         <name>ti_sysbios_BIOS_rtsLock__I</name>
         <value>0xdaad</value>
         <object_component_ref idref="oc-10cb"/>
      </symbol>
      <symbol id="sm-118b">
         <name>xdc_runtime_Memory_Module__state__V</name>
         <value>0x20004f24</value>
         <object_component_ref idref="oc-1050"/>
      </symbol>
      <symbol id="sm-118c">
         <name>ti_sysbios_gates_GateHwi_Handle__label__S</name>
         <value>0xdf15</value>
         <object_component_ref idref="oc-11b8"/>
      </symbol>
      <symbol id="sm-118d">
         <name>ti_sysbios_knl_Clock_destruct</name>
         <value>0x9ffd</value>
         <object_component_ref idref="oc-15e5"/>
      </symbol>
      <symbol id="sm-118e">
         <name>ti_sysbios_knl_Semaphore_Instance_State_pendQ__O</name>
         <value>0x1055c</value>
         <object_component_ref idref="oc-77d"/>
      </symbol>
      <symbol id="sm-118f">
         <name>ti_sysbios_knl_Queue_construct</name>
         <value>0xd3fd</value>
         <object_component_ref idref="oc-777"/>
      </symbol>
      <symbol id="sm-1190">
         <name>xdc_runtime_System_aprintf__E</name>
         <value>0xddbf</value>
         <object_component_ref idref="oc-18c5"/>
      </symbol>
      <symbol id="sm-1191">
         <name>xdc_runtime_System_extendFxn__C</name>
         <value>0x10620</value>
         <object_component_ref idref="oc-1490"/>
      </symbol>
      <symbol id="sm-1192">
         <name>ti_sysbios_knl_Task_A_sleepTaskDisabled__C</name>
         <value>0x10584</value>
         <object_component_ref idref="oc-9cf"/>
      </symbol>
      <symbol id="sm-1193">
         <name>ti_sysbios_heaps_HeapMem_Object__get__S</name>
         <value>0xe185</value>
         <object_component_ref idref="oc-ac1"/>
      </symbol>
      <symbol id="sm-1194">
         <name>ti_sysbios_family_arm_m3_Hwi_Object__DESC__C</name>
         <value>0x10210</value>
         <object_component_ref idref="oc-f7b"/>
      </symbol>
      <symbol id="sm-1195">
         <name>ti_sysbios_gates_GateMutexPri_Object__DESC__C</name>
         <value>0x10250</value>
         <object_component_ref idref="oc-889"/>
      </symbol>
      <symbol id="sm-1196">
         <name>ti_sysbios_knl_Task_Module__diagsEnabled__C</name>
         <value>0x10594</value>
         <object_component_ref idref="oc-7ae"/>
      </symbol>
      <symbol id="sm-1197">
         <name>ti_sysbios_knl_Task_Params__init__S</name>
         <value>0xe525</value>
         <object_component_ref idref="oc-21b"/>
      </symbol>
      <symbol id="sm-1198">
         <name>ti_sysbios_family_arm_m3_Hwi_Params__init__S</name>
         <value>0xe489</value>
         <object_component_ref idref="oc-b46"/>
      </symbol>
      <symbol id="sm-1199">
         <name>xdc_runtime_Text_nameEmpty__C</name>
         <value>0x1062c</value>
         <object_component_ref idref="oc-14b7"/>
      </symbol>
      <symbol id="sm-119a">
         <name>xdc_runtime_Error_Module__loggerObj__C</name>
         <value>0x105dc</value>
         <object_component_ref idref="oc-1667"/>
      </symbol>
      <symbol id="sm-119b">
         <name>xdc_runtime_System_Module__state__V</name>
         <value>0x20004efc</value>
         <object_component_ref idref="oc-273"/>
      </symbol>
      <symbol id="sm-119c">
         <name>ti_sysbios_family_arm_m3_Hwi_Object__count__C</name>
         <value>0x104b8</value>
         <object_component_ref idref="oc-1520"/>
      </symbol>
      <symbol id="sm-119d">
         <name>ti_sysbios_gates_GateMutex_Module__diagsMask__C</name>
         <value>0x10504</value>
         <object_component_ref idref="oc-13fc"/>
      </symbol>
      <symbol id="sm-119e">
         <name>ti_sysbios_family_arm_m3_Hwi_Module_State_0_excStack__A</name>
         <value>0x20004f18</value>
         <object_component_ref idref="oc-5f1"/>
      </symbol>
      <symbol id="sm-119f">
         <name>xdc_runtime_Text_visitRopeFxn__C</name>
         <value>0x1063c</value>
         <object_component_ref idref="oc-18e0"/>
      </symbol>
      <symbol id="sm-11a0">
         <name>ti_sysbios_family_arm_m3_Hwi_Handle__label__S</name>
         <value>0xdeb5</value>
         <object_component_ref idref="oc-ec5"/>
      </symbol>
      <symbol id="sm-11a1">
         <name>ti_sysbios_knl_Task_defaultStackHeap__C</name>
         <value>0x105a8</value>
         <object_component_ref idref="oc-7c0"/>
      </symbol>
      <symbol id="sm-11a2">
         <name>ti_sysbios_knl_Clock_A_badThreadType__C</name>
         <value>0x10538</value>
         <object_component_ref idref="oc-185b"/>
      </symbol>
      <symbol id="sm-11a3">
         <name>ti_sysbios_family_arm_m3_Hwi_E_usageFault__C</name>
         <value>0x104b0</value>
         <object_component_ref idref="oc-ea5"/>
      </symbol>
      <symbol id="sm-11a4">
         <name>ti_sysbios_family_arm_msp432_Timer_Module_State_0_handles__A</name>
         <value>0x20004e44</value>
         <object_component_ref idref="oc-1434"/>
      </symbol>
      <symbol id="sm-11a5">
         <name>xdc_runtime_System_Module_GateProxy_leave__E</name>
         <value>0xb58d</value>
         <object_component_ref idref="oc-7ee"/>
      </symbol>
      <symbol id="sm-11a6">
         <name>ti_sysbios_family_arm_m3_Hwi_ccr__C</name>
         <value>0x104bc</value>
         <object_component_ref idref="oc-ad4"/>
      </symbol>
      <symbol id="sm-11a7">
         <name>ti_sysbios_family_arm_m3_Hwi_Module__state__V</name>
         <value>0x20004cbc</value>
         <object_component_ref idref="oc-303"/>
      </symbol>
      <symbol id="sm-11a8">
         <name>ti_sysbios_heaps_HeapMem_A_zeroBlock__C</name>
         <value>0x10518</value>
         <object_component_ref idref="oc-1706"/>
      </symbol>
      <symbol id="sm-11a9">
         <name>ti_sysbios_family_arm_m3_TaskSupport_Module__startupDone__S</name>
         <value>0x8ea5</value>
         <object_component_ref idref="oc-1507"/>
      </symbol>
      <symbol id="sm-11aa">
         <name>xdc_runtime_System_Module_GateProxy_enter__E</name>
         <value>0xb52d</value>
         <object_component_ref idref="oc-525"/>
      </symbol>
      <symbol id="sm-11ab">
         <name>__ISA__</name>
         <value>0x5c</value>
         <object_component_ref idref="oc-2e"/>
      </symbol>
      <symbol id="sm-11ac">
         <name>xdc_runtime_SysMin_Module__state__V</name>
         <value>0x20004e78</value>
         <object_component_ref idref="oc-3b5"/>
      </symbol>
      <symbol id="sm-11ad">
         <name>ti_sysbios_gates_GateMutexPri_Module__diagsMask__C</name>
         <value>0x104f0</value>
         <object_component_ref idref="oc-864"/>
      </symbol>
      <symbol id="sm-11ae">
         <name>ti_sysbios_heaps_HeapMem_E_memory__C</name>
         <value>0x1051c</value>
         <object_component_ref idref="oc-1709"/>
      </symbol>
      <symbol id="sm-11af">
         <name>xdc_runtime_Error_Module__state__V</name>
         <value>0x20004f2a</value>
         <object_component_ref idref="oc-166d"/>
      </symbol>
      <symbol id="sm-11b0">
         <name>ti_sysbios_family_arm_m3_Hwi_E_memFault__C</name>
         <value>0x104a0</value>
         <object_component_ref idref="oc-ead"/>
      </symbol>
      <symbol id="sm-11b1">
         <name>ti_sysbios_knl_Task_Object__count__C</name>
         <value>0x105a0</value>
         <object_component_ref idref="oc-1513"/>
      </symbol>
      <symbol id="sm-11b2">
         <name>ti_sysbios_BIOS_removeRTSLock__I</name>
         <value>0xd901</value>
         <object_component_ref idref="oc-cb8"/>
      </symbol>
      <symbol id="sm-11b3">
         <name>ti_sysbios_gates_GateMutex_Object__delete__S</name>
         <value>0xd971</value>
         <object_component_ref idref="oc-10b7"/>
      </symbol>
      <symbol id="sm-11b4">
         <name>ti_sysbios_gates_GateMutexPri_Module__root__V</name>
         <value>0x20004eac</value>
         <object_component_ref idref="oc-d4f"/>
      </symbol>
      <symbol id="sm-11b5">
         <name>xdc_runtime_Startup_exec__I</name>
         <value>0xe20b</value>
         <object_component_ref idref="oc-31c"/>
      </symbol>
      <symbol id="sm-11b6">
         <name>ti_sysbios_hal_Hwi_HwiProxy_Module__startupDone__S</name>
         <value>0xdecd</value>
         <object_component_ref idref="oc-1524"/>
      </symbol>
      <symbol id="sm-11b7">
         <name>ti_sysbios_heaps_HeapMem_A_heapSize__C</name>
         <value>0x10510</value>
         <object_component_ref idref="oc-1822"/>
      </symbol>
      <symbol id="sm-11b8">
         <name>ti_sysbios_knl_Task_Object__get__S</name>
         <value>0xe321</value>
         <object_component_ref idref="oc-150d"/>
      </symbol>
      <symbol id="sm-11b9">
         <name>xdc_runtime_System_printfExtend__I</name>
         <value>0x7941</value>
         <object_component_ref idref="oc-16c4"/>
      </symbol>
      <symbol id="sm-11ba">
         <name>ti_sysbios_knl_Clock_Module__diagsMask__C</name>
         <value>0x10548</value>
         <object_component_ref idref="oc-1867"/>
      </symbol>
      <symbol id="sm-11bb">
         <name>ti_sysbios_heaps_HeapMem_Module__root__V</name>
         <value>0x20004ebc</value>
         <object_component_ref idref="oc-1826"/>
      </symbol>
      <symbol id="sm-11bc">
         <name>ti_sysbios_family_arm_m3_Hwi_construct</name>
         <value>0xb91d</value>
         <object_component_ref idref="oc-b4c"/>
      </symbol>
      <symbol id="sm-11bd">
         <name>ti_sysbios_knl_Clock_TimerProxy_Module__startupDone__S</name>
         <value>0xdefd</value>
         <object_component_ref idref="oc-14f0"/>
      </symbol>
      <symbol id="sm-11be">
         <name>ti_sysbios_heaps_HeapMem_A_invalidFree__C</name>
         <value>0x10514</value>
         <object_component_ref idref="oc-1710"/>
      </symbol>
      <symbol id="sm-11bf">
         <name>ti_sysbios_heaps_HeapMem_Object__DESC__C</name>
         <value>0x10290</value>
         <object_component_ref idref="oc-171c"/>
      </symbol>
      <symbol id="sm-11c0">
         <name>__ASM__</name>
         <value>0x0</value>
         <object_component_ref idref="oc-2e"/>
      </symbol>
      <symbol id="sm-11c1">
         <name>xdc_runtime_Text_nameUnknown__C</name>
         <value>0x10634</value>
         <object_component_ref idref="oc-14b4"/>
      </symbol>
      <symbol id="sm-11c2">
         <name>xdc_runtime_Memory_defaultHeapInstance__C</name>
         <value>0x105f8</value>
         <object_component_ref idref="oc-c01"/>
      </symbol>
      <symbol id="sm-11c3">
         <name>ti_sysbios_family_arm_m3_Hwi_Object__get__S</name>
         <value>0xe159</value>
         <object_component_ref idref="oc-151a"/>
      </symbol>
      <symbol id="sm-11c4">
         <name>ti_sysbios_gates_GateMutexPri_Module__diagsIncluded__C</name>
         <value>0x104ec</value>
         <object_component_ref idref="oc-861"/>
      </symbol>
      <symbol id="sm-11c5">
         <name>xdc_runtime_Startup_sfxnTab__A</name>
         <value>0x10330</value>
         <object_component_ref idref="oc-ee5"/>
      </symbol>
      <symbol id="sm-11c6">
         <name>xdc_runtime_Startup_sfxnTab__C</name>
         <value>0x10608</value>
         <object_component_ref idref="oc-ae2"/>
      </symbol>
      <symbol id="sm-11c7">
         <name>ti_sysbios_knl_Queue_Object__get__S</name>
         <value>0xe50d</value>
         <object_component_ref idref="oc-c11"/>
      </symbol>
      <symbol id="sm-11e7">
         <name>arm_mat_add_f32</name>
         <value>0x91b1</value>
         <object_component_ref idref="oc-4d7"/>
      </symbol>
      <symbol id="sm-11f4">
         <name>arm_mat_init_f32</name>
         <value>0xe5e5</value>
         <object_component_ref idref="oc-4ad"/>
      </symbol>
      <symbol id="sm-1225">
         <name>arm_mat_inverse_f32</name>
         <value>0x3741</value>
         <object_component_ref idref="oc-4f5"/>
      </symbol>
      <symbol id="sm-123a">
         <name>arm_mat_mult_f32</name>
         <value>0x7d05</value>
         <object_component_ref idref="oc-4d1"/>
      </symbol>
      <symbol id="sm-124b">
         <name>arm_mat_scale_f32</name>
         <value>0x9e97</value>
         <object_component_ref idref="oc-9db"/>
      </symbol>
      <symbol id="sm-125c">
         <name>arm_mat_sub_f32</name>
         <value>0x9245</value>
         <object_component_ref idref="oc-4cb"/>
      </symbol>
      <symbol id="sm-126e">
         <name>arm_mat_trans_f32</name>
         <value>0xa075</value>
         <object_component_ref idref="oc-4ef"/>
      </symbol>
      <symbol id="sm-12b8">
         <name>I2C_init</name>
         <value>0xc899</value>
         <object_component_ref idref="oc-34e"/>
      </symbol>
      <symbol id="sm-12b9">
         <name>I2C_defaultParams</name>
         <value>0x10404</value>
         <object_component_ref idref="oc-88d"/>
      </symbol>
      <symbol id="sm-12ba">
         <name>I2C_Params_init</name>
         <value>0xe22d</value>
         <object_component_ref idref="oc-442"/>
      </symbol>
      <symbol id="sm-12bb">
         <name>I2C_open</name>
         <value>0xcea5</value>
         <object_component_ref idref="oc-448"/>
      </symbol>
      <symbol id="sm-12bc">
         <name>I2C_transfer</name>
         <value>0xe581</value>
         <object_component_ref idref="oc-1163"/>
      </symbol>
      <symbol id="sm-12ff">
         <name>UART_open</name>
         <value>0xced5</value>
         <object_component_ref idref="oc-460"/>
      </symbol>
      <symbol id="sm-1300">
         <name>UART_Params_init</name>
         <value>0xde55</value>
         <object_component_ref idref="oc-45a"/>
      </symbol>
      <symbol id="sm-1301">
         <name>UART_defaultParams</name>
         <value>0x100d0</value>
         <object_component_ref idref="oc-8a9"/>
      </symbol>
      <symbol id="sm-1302">
         <name>UART_write</name>
         <value>0xe595</value>
         <object_component_ref idref="oc-421"/>
      </symbol>
      <symbol id="sm-1303">
         <name>UART_init</name>
         <value>0xc8d1</value>
         <object_component_ref idref="oc-355"/>
      </symbol>
      <symbol id="sm-1378">
         <name>GPIO_setConfig</name>
         <value>0x6901</value>
         <object_component_ref idref="oc-33b"/>
      </symbol>
      <symbol id="sm-1379">
         <name>GPIO_init</name>
         <value>0xb361</value>
         <object_component_ref idref="oc-1fd"/>
      </symbol>
      <symbol id="sm-137a">
         <name>GPIO_write</name>
         <value>0xbcc5</value>
         <object_component_ref idref="oc-20f"/>
      </symbol>
      <symbol id="sm-137b">
         <name>GPIO_setCallback</name>
         <value>0xba21</value>
         <object_component_ref idref="oc-341"/>
      </symbol>
      <symbol id="sm-137c">
         <name>GPIO_hwiIntFxn</name>
         <value>0xb9cd</value>
         <object_component_ref idref="oc-720"/>
      </symbol>
      <symbol id="sm-142c">
         <name>I2CMSP432_cancel</name>
         <value>0x949d</value>
         <object_component_ref idref="oc-f8c"/>
      </symbol>
      <symbol id="sm-142d">
         <name>I2CMSP432_hwiIntFxn</name>
         <value>0x6f09</value>
         <object_component_ref idref="oc-12d6"/>
      </symbol>
      <symbol id="sm-142e">
         <name>I2CMSP432_control</name>
         <value>0x6cb3</value>
         <object_component_ref idref="oc-f98"/>
      </symbol>
      <symbol id="sm-142f">
         <name>I2CMSP432_close</name>
         <value>0xa7b5</value>
         <object_component_ref idref="oc-f92"/>
      </symbol>
      <symbol id="sm-1430">
         <name>I2CMSP432_transfer</name>
         <value>0x96e1</value>
         <object_component_ref idref="oc-faa"/>
      </symbol>
      <symbol id="sm-1431">
         <name>I2CMSP432_open</name>
         <value>0x6085</value>
         <object_component_ref idref="oc-fa4"/>
      </symbol>
      <symbol id="sm-1432">
         <name>I2CMSP432_init</name>
         <value>0xe577</value>
         <object_component_ref idref="oc-f9e"/>
      </symbol>
      <symbol id="sm-1433">
         <name>I2CMSP432_fxnTable</name>
         <value>0x101f0</value>
         <object_component_ref idref="oc-b6b"/>
      </symbol>
      <symbol id="sm-14ea">
         <name>Power_getPerformanceLevel</name>
         <value>0xe44d</value>
         <object_component_ref idref="oc-1284"/>
      </symbol>
      <symbol id="sm-14eb">
         <name>PowerMSP432_getFreqs</name>
         <value>0xda4d</value>
         <object_component_ref idref="oc-128a"/>
      </symbol>
      <symbol id="sm-14ec">
         <name>Power_registerNotify</name>
         <value>0xdc49</value>
         <object_component_ref idref="oc-12be"/>
      </symbol>
      <symbol id="sm-14ed">
         <name>Power_unregisterNotify</name>
         <value>0xda6d</value>
         <object_component_ref idref="oc-12a9"/>
      </symbol>
      <symbol id="sm-14ee">
         <name>Power_sleep</name>
         <value>0x39ed</value>
         <object_component_ref idref="oc-b25"/>
      </symbol>
      <symbol id="sm-14ef">
         <name>Power_releaseConstraint</name>
         <value>0xd379</value>
         <object_component_ref idref="oc-127e"/>
      </symbol>
      <symbol id="sm-14f0">
         <name>Power_idleFunc</name>
         <value>0xe0cd</value>
         <object_component_ref idref="oc-1886"/>
      </symbol>
      <symbol id="sm-14f1">
         <name>Power_getConstraintMask</name>
         <value>0xe441</value>
         <object_component_ref idref="oc-b1f"/>
      </symbol>
      <symbol id="sm-14f2">
         <name>Power_init</name>
         <value>0xc2c5</value>
         <object_component_ref idref="oc-1f7"/>
      </symbol>
      <symbol id="sm-14f3">
         <name>PowerMSP432_getNumPerfLevels</name>
         <value>0x848d</value>
         <object_component_ref idref="oc-12b8"/>
      </symbol>
      <symbol id="sm-14f4">
         <name>PowerMSP432_module</name>
         <value>0x20004d7c</value>
         <object_component_ref idref="oc-334"/>
      </symbol>
      <symbol id="sm-14f5">
         <name>Power_setConstraint</name>
         <value>0xd3a5</value>
         <object_component_ref idref="oc-12b2"/>
      </symbol>
      <symbol id="sm-14f6">
         <name>PowerMSP432_perfLevels</name>
         <value>0x20004a8c</value>
         <object_component_ref idref="oc-6c8"/>
      </symbol>
      <symbol id="sm-164b">
         <name>UARTMSP432_hwiIntFxn</name>
         <value>0xc461</value>
         <object_component_ref idref="oc-1353"/>
      </symbol>
      <symbol id="sm-164c">
         <name>UARTMSP432_open</name>
         <value>0x3c51</value>
         <object_component_ref idref="oc-fc7"/>
      </symbol>
      <symbol id="sm-164d">
         <name>UARTMSP432_read</name>
         <value>0xc5a5</value>
         <object_component_ref idref="oc-fcd"/>
      </symbol>
      <symbol id="sm-164e">
         <name>UARTMSP432_readCancel</name>
         <value>0xca59</value>
         <object_component_ref idref="oc-fd9"/>
      </symbol>
      <symbol id="sm-164f">
         <name>UARTMSP432_readPolling</name>
         <value>0x8825</value>
         <object_component_ref idref="oc-fd3"/>
      </symbol>
      <symbol id="sm-1650">
         <name>UARTMSP432_init</name>
         <value>0xe459</value>
         <object_component_ref idref="oc-fc1"/>
      </symbol>
      <symbol id="sm-1651">
         <name>UARTMSP432_writePolling</name>
         <value>0xa881</value>
         <object_component_ref idref="oc-fe5"/>
      </symbol>
      <symbol id="sm-1652">
         <name>UARTMSP432_write</name>
         <value>0x9d29</value>
         <object_component_ref idref="oc-fdf"/>
      </symbol>
      <symbol id="sm-1653">
         <name>UARTMSP432_fxnTable</name>
         <value>0x1005c</value>
         <object_component_ref idref="oc-b76"/>
      </symbol>
      <symbol id="sm-1654">
         <name>UARTMSP432_control</name>
         <value>0x8ae1</value>
         <object_component_ref idref="oc-fbb"/>
      </symbol>
      <symbol id="sm-1655">
         <name>UARTMSP432_close</name>
         <value>0x97f9</value>
         <object_component_ref idref="oc-fb5"/>
      </symbol>
      <symbol id="sm-1656">
         <name>UARTMSP432_writeCancel</name>
         <value>0xbc71</value>
         <object_component_ref idref="oc-feb"/>
      </symbol>
      <symbol id="sm-1680">
         <name>List_head</name>
         <value>0x67b5</value>
         <object_component_ref idref="oc-123c"/>
      </symbol>
      <symbol id="sm-1681">
         <name>List_remove</name>
         <value>0xdda5</value>
         <object_component_ref idref="oc-157b"/>
      </symbol>
      <symbol id="sm-1682">
         <name>List_next</name>
         <value>0x7c15</value>
         <object_component_ref idref="oc-1242"/>
      </symbol>
      <symbol id="sm-1683">
         <name>List_put</name>
         <value>0xd6b9</value>
         <object_component_ref idref="oc-1584"/>
      </symbol>
      <symbol id="sm-16aa">
         <name>RingBuf_put</name>
         <value>0xc1f1</value>
         <object_component_ref idref="oc-17ad"/>
      </symbol>
      <symbol id="sm-16ab">
         <name>RingBuf_construct</name>
         <value>0xe1bf</value>
         <object_component_ref idref="oc-1341"/>
      </symbol>
      <symbol id="sm-16ac">
         <name>RingBuf_peek</name>
         <value>0xda8d</value>
         <object_component_ref idref="oc-1321"/>
      </symbol>
      <symbol id="sm-16ad">
         <name>RingBuf_get</name>
         <value>0xc565</value>
         <object_component_ref idref="oc-1375"/>
      </symbol>
      <symbol id="sm-16ed">
         <name>PowerMSP432_initPolicy</name>
         <value>0x117f</value>
         <object_component_ref idref="oc-6d0"/>
      </symbol>
      <symbol id="sm-16ee">
         <name>PowerMSP432_updateFreqs</name>
         <value>0xd34d</value>
         <object_component_ref idref="oc-6c2"/>
      </symbol>
      <symbol id="sm-16ef">
         <name>PowerMSP432_sleepPolicy</name>
         <value>0xc765</value>
         <object_component_ref idref="oc-6d6"/>
      </symbol>
      <symbol id="sm-173a">
         <name>ClockP_delete</name>
         <value>0xe021</value>
         <object_component_ref idref="oc-131a"/>
      </symbol>
      <symbol id="sm-173b">
         <name>ClockP_stop</name>
         <value>0xe56d</value>
         <object_component_ref idref="oc-17ba"/>
      </symbol>
      <symbol id="sm-173c">
         <name>ClockP_startFromISR</name>
         <value>0xe1ad</value>
         <object_component_ref idref="oc-17b4"/>
      </symbol>
      <symbol id="sm-173d">
         <name>ClockP_create</name>
         <value>0xb761</value>
         <object_component_ref idref="oc-133b"/>
      </symbol>
      <symbol id="sm-173e">
         <name>ClockP_Params_init</name>
         <value>0xe5bd</value>
         <object_component_ref idref="oc-1335"/>
      </symbol>
      <symbol id="sm-173f">
         <name>ClockP_start</name>
         <value>0xe1ad</value>
         <object_component_ref idref="oc-17b4"/>
      </symbol>
      <symbol id="sm-1740">
         <name>ClockP_stopFromISR</name>
         <value>0xe56d</value>
         <object_component_ref idref="oc-17ba"/>
      </symbol>
      <symbol id="sm-1771">
         <name>HwiP_delete</name>
         <value>0xe037</value>
         <object_component_ref idref="oc-129d"/>
      </symbol>
      <symbol id="sm-1772">
         <name>HwiP_Params_init</name>
         <value>0xe381</value>
         <object_component_ref idref="oc-702"/>
      </symbol>
      <symbol id="sm-1773">
         <name>HwiP_disable</name>
         <value>0x5bad</value>
         <object_component_ref idref="oc-35c"/>
      </symbol>
      <symbol id="sm-1774">
         <name>HwiP_create</name>
         <value>0xb17d</value>
         <object_component_ref idref="oc-708"/>
      </symbol>
      <symbol id="sm-17ae">
         <name>SemaphoreP_create</name>
         <value>0xb7bb</value>
         <object_component_ref idref="oc-12ca"/>
      </symbol>
      <symbol id="sm-17af">
         <name>SemaphoreP_post</name>
         <value>0xe58b</value>
         <object_component_ref idref="oc-12fa"/>
      </symbol>
      <symbol id="sm-17b0">
         <name>SemaphoreP_pend</name>
         <value>0xe1d1</value>
         <object_component_ref idref="oc-12e8"/>
      </symbol>
      <symbol id="sm-17b1">
         <name>SemaphoreP_delete</name>
         <value>0xe04d</value>
         <object_component_ref idref="oc-12a3"/>
      </symbol>
      <symbol id="sm-17b2">
         <name>SemaphoreP_postFromClock</name>
         <value>0xe58b</value>
         <object_component_ref idref="oc-12fa"/>
      </symbol>
      <symbol id="sm-17b3">
         <name>SemaphoreP_postFromISR</name>
         <value>0xe58b</value>
         <object_component_ref idref="oc-12fa"/>
      </symbol>
      <symbol id="sm-17b4">
         <name>SemaphoreP_Params_init</name>
         <value>0xe5dd</value>
         <object_component_ref idref="oc-12c4"/>
      </symbol>
      <symbol id="sm-1f04">
         <name>ti_sysbios_knl_Swi_runLoop__I</name>
         <value>0xbfe1</value>
         <object_component_ref idref="oc-1252"/>
      </symbol>
      <symbol id="sm-1f05">
         <name>ti_sysbios_knl_Clock_getTicks__E</name>
         <value>0xe501</value>
         <object_component_ref idref="oc-47e"/>
      </symbol>
      <symbol id="sm-1f06">
         <name>ti_sysbios_knl_Queue_put__E</name>
         <value>0xdcf9</value>
         <object_component_ref idref="oc-823"/>
      </symbol>
      <symbol id="sm-1f07">
         <name>ti_sysbios_gates_GateMutexPri_enter__E</name>
         <value>0x5bb1</value>
         <object_component_ref idref="oc-415"/>
      </symbol>
      <symbol id="sm-1f08">
         <name>ti_sysbios_gates_GateHwi_Instance_init__E</name>
         <value>0xe6a1</value>
         <object_component_ref idref="oc-14a2"/>
      </symbol>
      <symbol id="sm-1f09">
         <name>ti_sysbios_family_arm_msp432_Timer_getMaxTicks__E</name>
         <value>0xe4c9</value>
         <object_component_ref idref="oc-1723"/>
      </symbol>
      <symbol id="sm-1f0a">
         <name>ti_sysbios_knl_Task_processVitalTaskFlag__I</name>
         <value>0xc9b1</value>
         <object_component_ref idref="oc-7db"/>
      </symbol>
      <symbol id="sm-1f0b">
         <name>ti_sysbios_family_arm_m3_Hwi_doSwiRestore__I</name>
         <value>0xe601</value>
         <object_component_ref idref="oc-1742"/>
      </symbol>
      <symbol id="sm-1f0c">
         <name>ti_sysbios_family_arm_m3_Hwi_excNmi__I</name>
         <value>0xcca1</value>
         <object_component_ref idref="oc-a93"/>
      </symbol>
      <symbol id="sm-1f0d">
         <name>ti_sysbios_gates_GateMutexPri_leave__E</name>
         <value>0xa3f1</value>
         <object_component_ref idref="oc-427"/>
      </symbol>
      <symbol id="sm-1f0e">
         <name>ti_sysbios_knl_Semaphore_pend__E</name>
         <value>0x3469</value>
         <object_component_ref idref="oc-404"/>
      </symbol>
      <symbol id="sm-1f0f">
         <name>ti_sysbios_heaps_HeapMem_init__I</name>
         <value>0xc7e1</value>
         <object_component_ref idref="oc-683"/>
      </symbol>
      <symbol id="sm-1f10">
         <name>ti_sysbios_family_arm_m3_Hwi_excSvCall__I</name>
         <value>0xc7a1</value>
         <object_component_ref idref="oc-a75"/>
      </symbol>
      <symbol id="sm-1f11">
         <name>ti_sysbios_family_arm_m3_Hwi_dispatchC__I</name>
         <value>0xb119</value>
         <object_component_ref idref="oc-173c"/>
      </symbol>
      <symbol id="sm-1f12">
         <name>ti_sysbios_knl_Task_sleepTimeout__I</name>
         <value>0xdfc1</value>
         <object_component_ref idref="oc-9c9"/>
      </symbol>
      <symbol id="sm-1f13">
         <name>ti_sysbios_knl_Semaphore_Instance_finalize__E</name>
         <value>0xe301</value>
         <object_component_ref idref="oc-183f"/>
      </symbol>
      <symbol id="sm-1f14">
         <name>ti_sysbios_family_arm_m3_Hwi_Instance_init__E</name>
         <value>0x9371</value>
         <object_component_ref idref="oc-f75"/>
      </symbol>
      <symbol id="sm-1f15">
         <name>ti_sysbios_family_arm_msp432_Timer_startup__E</name>
         <value>0xc6a9</value>
         <object_component_ref idref="oc-c99"/>
      </symbol>
      <symbol id="sm-1f16">
         <name>ti_sysbios_knl_Clock_Instance_init__E</name>
         <value>0x7351</value>
         <object_component_ref idref="oc-179d"/>
      </symbol>
      <symbol id="sm-1f17">
         <name>ti_sysbios_BIOS_setCpuFreq__E</name>
         <value>0xe291</value>
         <object_component_ref idref="oc-af9"/>
      </symbol>
      <symbol id="sm-1f18">
         <name>ti_sysbios_knl_Task_allBlockedFunction__I</name>
         <value>0xc031</value>
         <object_component_ref idref="oc-106e"/>
      </symbol>
      <symbol id="sm-1f19">
         <name>ti_sysbios_knl_Task_postInit__I</name>
         <value>0x8f49</value>
         <object_component_ref idref="oc-7a8"/>
      </symbol>
      <symbol id="sm-1f1a">
         <name>ti_sysbios_knl_Task_enter__I</name>
         <value>0xdd19</value>
         <object_component_ref idref="oc-c17"/>
      </symbol>
      <symbol id="sm-1f1b">
         <name>ti_sysbios_family_arm_msp432_Timer_Module_startup__E</name>
         <value>0x9889</value>
         <object_component_ref idref="oc-1211"/>
      </symbol>
      <symbol id="sm-1f1c">
         <name>ti_sysbios_family_arm_m3_Hwi_excHardFault__I</name>
         <value>0x8491</value>
         <object_component_ref idref="oc-a8d"/>
      </symbol>
      <symbol id="sm-1f1d">
         <name>ti_sysbios_family_arm_msp432_Timer_start__E</name>
         <value>0xbf41</value>
         <object_component_ref idref="oc-10d8"/>
      </symbol>
      <symbol id="sm-1f1e">
         <name>ti_sysbios_knl_Swi_Module_startup__E</name>
         <value>0xd691</value>
         <object_component_ref idref="oc-11f9"/>
      </symbol>
      <symbol id="sm-1f1f">
         <name>ti_sysbios_gates_GateMutex_Instance_finalize__E</name>
         <value>0xe2f1</value>
         <object_component_ref idref="oc-1414"/>
      </symbol>
      <symbol id="sm-1f20">
         <name>ti_sysbios_knl_Swi_post__E</name>
         <value>0xc351</value>
         <object_component_ref idref="oc-144d"/>
      </symbol>
      <symbol id="sm-1f21">
         <name>ti_sysbios_hal_Hwi_initStack</name>
         <value>0xcde1</value>
         <object_component_ref idref="oc-68f"/>
      </symbol>
      <symbol id="sm-1f22">
         <name>ti_sysbios_knl_Clock_Instance_finalize__E</name>
         <value>0x8b89</value>
         <object_component_ref idref="oc-184c"/>
      </symbol>
      <symbol id="sm-1f23">
         <name>ti_sysbios_knl_Task_Instance_init__E</name>
         <value>0x5169</value>
         <object_component_ref idref="oc-390"/>
      </symbol>
      <symbol id="sm-1f24">
         <name>ti_sysbios_hal_Hwi_checkStack</name>
         <value>0xccd9</value>
         <object_component_ref idref="oc-188c"/>
      </symbol>
      <symbol id="sm-1f25">
         <name>ti_sysbios_knl_Task_startup__E</name>
         <value>0xe691</value>
         <object_component_ref idref="oc-cab"/>
      </symbol>
      <symbol id="sm-1f26">
         <name>ti_sysbios_knl_Queue_Instance_init__E</name>
         <value>0xe659</value>
         <object_component_ref idref="oc-bd5"/>
      </symbol>
      <symbol id="sm-1f27">
         <name>ti_sysbios_hal_Hwi_Module_startup__E</name>
         <value>0xe1f9</value>
         <object_component_ref idref="oc-120b"/>
      </symbol>
      <symbol id="sm-1f28">
         <name>ti_sysbios_family_arm_m3_Hwi_excHandler__I</name>
         <value>0xdaf1</value>
         <object_component_ref idref="oc-1de"/>
      </symbol>
      <symbol id="sm-1f29">
         <name>ti_sysbios_family_arm_m3_Hwi_excUsageFault__I</name>
         <value>0x6651</value>
         <object_component_ref idref="oc-a7b"/>
      </symbol>
      <symbol id="sm-1f2a">
         <name>ti_sysbios_knl_Swi_disable__E</name>
         <value>0xe311</value>
         <object_component_ref idref="oc-b13"/>
      </symbol>
      <symbol id="sm-1f2b">
         <name>ti_sysbios_BIOS_setThreadType__E</name>
         <value>0xe2a1</value>
         <object_component_ref idref="oc-cbe"/>
      </symbol>
      <symbol id="sm-1f2c">
         <name>ti_sysbios_knl_Task_disable__E</name>
         <value>0xe331</value>
         <object_component_ref idref="oc-b19"/>
      </symbol>
      <symbol id="sm-1f2d">
         <name>ti_sysbios_knl_Semaphore_pendTimeout__I</name>
         <value>0xd1d9</value>
         <object_component_ref idref="oc-829"/>
      </symbol>
      <symbol id="sm-1f2e">
         <name>ti_sysbios_knl_Idle_loop__E</name>
         <value>0xe3d9</value>
         <object_component_ref idref="oc-13c5"/>
      </symbol>
      <symbol id="sm-1f2f">
         <name>ti_sysbios_gates_GateHwi_leave__E</name>
         <value>0xe641</value>
         <object_component_ref idref="oc-c67"/>
      </symbol>
      <symbol id="sm-1f30">
         <name>ti_sysbios_family_arm_m3_Hwi_enableInterrupt__E</name>
         <value>0xc161</value>
         <object_component_ref idref="oc-1542"/>
      </symbol>
      <symbol id="sm-1f31">
         <name>ti_sysbios_family_arm_msp432_init_Boot_disableWatchdog</name>
         <value>0xe2d1</value>
         <object_component_ref idref="oc-cc"/>
      </symbol>
      <symbol id="sm-1f32">
         <name>ti_sysbios_family_arm_m3_Hwi_startup__E</name>
         <value>0xe609</value>
         <object_component_ref idref="oc-c9f"/>
      </symbol>
      <symbol id="sm-1f33">
         <name>ti_sysbios_knl_Queue_empty__E</name>
         <value>0xe3e9</value>
         <object_component_ref idref="oc-1447"/>
      </symbol>
      <symbol id="sm-1f34">
         <name>ti_sysbios_knl_Clock_logTick__E</name>
         <value>0xe6a9</value>
         <object_component_ref idref="oc-1441"/>
      </symbol>
      <symbol id="sm-1f35">
         <name>ti_sysbios_knl_Task_checkStacks__E</name>
         <value>0x8771</value>
         <object_component_ref idref="oc-1074"/>
      </symbol>
      <symbol id="sm-1f36">
         <name>ti_sysbios_family_arm_msp432_Timer_initDevice__I</name>
         <value>0xbb71</value>
         <object_component_ref idref="oc-152b"/>
      </symbol>
      <symbol id="sm-1f37">
         <name>ti_sysbios_knl_Clock_stop__E</name>
         <value>0xe651</value>
         <object_component_ref idref="oc-1878"/>
      </symbol>
      <symbol id="sm-1f38">
         <name>ti_sysbios_family_arm_m3_Hwi_doTaskRestore__I</name>
         <value>0xe631</value>
         <object_component_ref idref="oc-1748"/>
      </symbol>
      <symbol id="sm-1f39">
         <name>ti_sysbios_BIOS_linkedWithIncorrectBootLibrary__E</name>
         <value>0xe699</value>
         <object_component_ref idref="oc-c87"/>
      </symbol>
      <symbol id="sm-1f3a">
         <name>ti_sysbios_knl_Swi_run__I</name>
         <value>0xb531</value>
         <object_component_ref idref="oc-153a"/>
      </symbol>
      <symbol id="sm-1f3b">
         <name>ti_sysbios_gates_GateMutexPri_Instance_finalize__E</name>
         <value>0xe2e1</value>
         <object_component_ref idref="oc-146f"/>
      </symbol>
      <symbol id="sm-1f3c">
         <name>ti_sysbios_family_arm_m3_Hwi_getStackInfo__E</name>
         <value>0xc309</value>
         <object_component_ref idref="oc-ad8"/>
      </symbol>
      <symbol id="sm-1f3d">
         <name>ti_sysbios_knl_Semaphore_post__E</name>
         <value>0x7c19</value>
         <object_component_ref idref="oc-496"/>
      </symbol>
      <symbol id="sm-1f3e">
         <name>ti_sysbios_knl_Task_exit__E</name>
         <value>0xa159</value>
         <object_component_ref idref="oc-c1d"/>
      </symbol>
      <symbol id="sm-1f3f">
         <name>ti_sysbios_heaps_HeapMem_Instance_init__E</name>
         <value>0x6a41</value>
         <object_component_ref idref="oc-1716"/>
      </symbol>
      <symbol id="sm-1f40">
         <name>ti_sysbios_knl_Swi_restore__E</name>
         <value>0xc821</value>
         <object_component_ref idref="oc-b31"/>
      </symbol>
      <symbol id="sm-1f41">
         <name>ti_sysbios_knl_Task_startCore__E</name>
         <value>0xb6a9</value>
         <object_component_ref idref="oc-10ea"/>
      </symbol>
      <symbol id="sm-1f42">
         <name>ti_sysbios_gates_GateHwi_enter__E</name>
         <value>0xe4d9</value>
         <object_component_ref idref="oc-a2e"/>
      </symbol>
      <symbol id="sm-1f43">
         <name>ti_sysbios_heaps_HeapMem_free__E</name>
         <value>0x3eb1</value>
         <object_component_ref idref="oc-14c8"/>
      </symbol>
      <symbol id="sm-1f44">
         <name>ti_sysbios_gates_GateHwi_query__E</name>
         <value>0xe671</value>
         <object_component_ref idref="oc-11a6"/>
      </symbol>
      <symbol id="sm-1f45">
         <name>ti_sysbios_knl_Semaphore_Instance_init__E</name>
         <value>0x8ea9</value>
         <object_component_ref idref="oc-37c"/>
      </symbol>
      <symbol id="sm-1f46">
         <name>ti_sysbios_knl_Task_setPri__E</name>
         <value>0x6cb9</value>
         <object_component_ref idref="oc-858"/>
      </symbol>
      <symbol id="sm-1f47">
         <name>ti_sysbios_knl_Swi_restoreHwi__E</name>
         <value>0xa4d1</value>
         <object_component_ref idref="oc-1830"/>
      </symbol>
      <symbol id="sm-1f48">
         <name>ti_sysbios_knl_Task_sleep__E</name>
         <value>0x5331</value>
         <object_component_ref idref="oc-49c"/>
      </symbol>
      <symbol id="sm-1f49">
         <name>ti_sysbios_knl_Task_restoreHwi__E</name>
         <value>0xd9c1</value>
         <object_component_ref idref="oc-1837"/>
      </symbol>
      <symbol id="sm-1f4a">
         <name>ti_sysbios_family_arm_m3_Hwi_excNoIsr__I</name>
         <value>0xc979</value>
         <object_component_ref idref="oc-a63"/>
      </symbol>
      <symbol id="sm-1f4b">
         <name>ti_sysbios_heaps_HeapMem_isBlocking__E</name>
         <value>0xe649</value>
         <object_component_ref idref="oc-14ce"/>
      </symbol>
      <symbol id="sm-1f4c">
         <name>ti_sysbios_family_arm_m3_Hwi_excBusFault__I</name>
         <value>0x6201</value>
         <object_component_ref idref="oc-a81"/>
      </symbol>
      <symbol id="sm-1f4d">
         <name>ti_sysbios_knl_Clock_start__E</name>
         <value>0xa001</value>
         <object_component_ref idref="oc-1855"/>
      </symbol>
      <symbol id="sm-1f4e">
         <name>ti_sysbios_knl_Task_block__E</name>
         <value>0xc081</value>
         <object_component_ref idref="oc-852"/>
      </symbol>
      <symbol id="sm-1f4f">
         <name>ti_sysbios_family_arm_m3_Hwi_excMemFault__I</name>
         <value>0x67b9</value>
         <object_component_ref idref="oc-a87"/>
      </symbol>
      <symbol id="sm-1f50">
         <name>ti_sysbios_knl_Idle_run__E</name>
         <value>0xdb71</value>
         <object_component_ref idref="oc-13cd"/>
      </symbol>
      <symbol id="sm-1f51">
         <name>ti_sysbios_family_arm_m3_Hwi_excHandlerMax__I</name>
         <value>0x4991</value>
         <object_component_ref idref="oc-5f7"/>
      </symbol>
      <symbol id="sm-1f52">
         <name>ti_sysbios_family_arm_msp432_ClockFreqs_setFrequency__E</name>
         <value>0xd929</value>
         <object_component_ref idref="oc-aff"/>
      </symbol>
      <symbol id="sm-1f53">
         <name>ti_sysbios_family_arm_m3_TaskSupport_start__E</name>
         <value>0xd089</value>
         <object_component_ref idref="oc-c0b"/>
      </symbol>
      <symbol id="sm-1f54">
         <name>ti_sysbios_knl_Swi_startup__E</name>
         <value>0xe661</value>
         <object_component_ref idref="oc-ca5"/>
      </symbol>
      <symbol id="sm-1f55">
         <name>ti_sysbios_knl_Task_schedule__I</name>
         <value>0xb301</value>
         <object_component_ref idref="oc-c5c"/>
      </symbol>
      <symbol id="sm-1f56">
         <name>ti_sysbios_gates_GateMutex_leave__E</name>
         <value>0xdf61</value>
         <object_component_ref idref="oc-10ab"/>
      </symbol>
      <symbol id="sm-1f57">
         <name>ti_sysbios_knl_Task_restore__E</name>
         <value>0xd429</value>
         <object_component_ref idref="oc-7e1"/>
      </symbol>
      <symbol id="sm-1f58">
         <name>ti_sysbios_BIOS_start__E</name>
         <value>0xe2b1</value>
         <object_component_ref idref="oc-22d"/>
      </symbol>
      <symbol id="sm-1f59">
         <name>ti_sysbios_family_arm_m3_TaskSupport_getStackAlignment__E</name>
         <value>0xe4b9</value>
         <object_component_ref idref="oc-79c"/>
      </symbol>
      <symbol id="sm-1f5a">
         <name>ti_sysbios_family_arm_m3_Hwi_postInit__I</name>
         <value>0x9aa1</value>
         <object_component_ref idref="oc-1261"/>
      </symbol>
      <symbol id="sm-1f5b">
         <name>ti_sysbios_gates_GateMutex_Instance_init__E</name>
         <value>0xdcc1</value>
         <object_component_ref idref="oc-140a"/>
      </symbol>
      <symbol id="sm-1f5c">
         <name>ti_sysbios_knl_Task_Instance_finalize__E</name>
         <value>0x4351</value>
         <object_component_ref idref="oc-3a5"/>
      </symbol>
      <symbol id="sm-1f5d">
         <name>ti_sysbios_family_arm_m3_TaskSupport_checkStack__E</name>
         <value>0xe4a9</value>
         <object_component_ref idref="oc-13d7"/>
      </symbol>
      <symbol id="sm-1f5e">
         <name>ti_sysbios_family_arm_m3_Hwi_disableFxn__E</name>
         <value>0xe499</value>
         <object_component_ref idref="oc-740"/>
      </symbol>
      <symbol id="sm-1f5f">
         <name>ti_sysbios_gates_GateMutexPri_query__E</name>
         <value>0xe679</value>
         <object_component_ref idref="oc-1138"/>
      </symbol>
      <symbol id="sm-1f60">
         <name>ti_sysbios_family_arm_m3_Hwi_excReserved__I</name>
         <value>0xc1a9</value>
         <object_component_ref idref="oc-a69"/>
      </symbol>
      <symbol id="sm-1f61">
         <name>ti_sysbios_family_arm_m3_Hwi_switchFromBootStack__E</name>
         <value>0xe171</value>
         <object_component_ref idref="oc-1439"/>
      </symbol>
      <symbol id="sm-1f62">
         <name>ti_sysbios_gates_GateMutex_query__E</name>
         <value>0xe681</value>
         <object_component_ref idref="oc-109f"/>
      </symbol>
      <symbol id="sm-1f63">
         <name>ti_sysbios_knl_Swi_schedule__I</name>
         <value>0xb591</value>
         <object_component_ref idref="oc-f62"/>
      </symbol>
      <symbol id="sm-1f64">
         <name>ti_sysbios_gates_GateMutexPri_Instance_init__E</name>
         <value>0xdca1</value>
         <object_component_ref idref="oc-883"/>
      </symbol>
      <symbol id="sm-1f65">
         <name>ti_sysbios_knl_Clock_workFunc__E</name>
         <value>0xa461</value>
         <object_component_ref idref="oc-1105"/>
      </symbol>
      <symbol id="sm-1f66">
         <name>ti_sysbios_family_arm_m3_Hwi_restoreFxn__E</name>
         <value>0xe639</value>
         <object_component_ref idref="oc-36e"/>
      </symbol>
      <symbol id="sm-1f67">
         <name>ti_sysbios_family_arm_m3_Hwi_initNVIC__E</name>
         <value>0x9409</value>
         <object_component_ref idref="oc-689"/>
      </symbol>
      <symbol id="sm-1f68">
         <name>ti_sysbios_family_arm_m3_Hwi_Instance_finalize__E</name>
         <value>0xcc69</value>
         <object_component_ref idref="oc-f7e"/>
      </symbol>
      <symbol id="sm-1f69">
         <name>ti_sysbios_knl_Clock_addI__E</name>
         <value>0xd669</value>
         <object_component_ref idref="oc-9c0"/>
      </symbol>
      <symbol id="sm-1f6a">
         <name>ti_sysbios_heaps_HeapMem_alloc__E</name>
         <value>0x4109</value>
         <object_component_ref idref="oc-14c2"/>
      </symbol>
      <symbol id="sm-1f6b">
         <name>ti_sysbios_knl_Task_unblockI__E</name>
         <value>0xd209</value>
         <object_component_ref idref="oc-878"/>
      </symbol>
      <symbol id="sm-1f6c">
         <name>ti_sysbios_family_arm_m3_Hwi_disableInterrupt__E</name>
         <value>0xc119</value>
         <object_component_ref idref="oc-125b"/>
      </symbol>
      <symbol id="sm-1f6d">
         <name>ti_sysbios_heaps_HeapMem_getStats__E</name>
         <value>0xbf91</value>
         <object_component_ref idref="oc-14d4"/>
      </symbol>
      <symbol id="sm-1f6e">
         <name>ti_sysbios_family_arm_msp432_init_Boot_configureClocksHigh</name>
         <value>0xbbc9</value>
         <object_component_ref idref="oc-c6"/>
      </symbol>
      <symbol id="sm-1f6f">
         <name>ti_sysbios_knl_Clock_Module_startup__E</name>
         <value>0xd999</value>
         <object_component_ref idref="oc-11f3"/>
      </symbol>
      <symbol id="sm-1f70">
         <name>ti_sysbios_family_arm_m3_Hwi_excDebugMon__I</name>
         <value>0x83d1</value>
         <object_component_ref idref="oc-a6f"/>
      </symbol>
      <symbol id="sm-1f71">
         <name>ti_sysbios_knl_Task_Module_startup__E</name>
         <value>0xb5f1</value>
         <object_component_ref idref="oc-11ff"/>
      </symbol>
      <symbol id="sm-1f72">
         <name>ti_sysbios_family_arm_m3_Hwi_excDumpRegs__I</name>
         <value>0x1e41</value>
         <object_component_ref idref="oc-a99"/>
      </symbol>
      <symbol id="sm-1f73">
         <name>ti_sysbios_family_arm_msp432_Timer_periodicStub__E</name>
         <value>0x8a39</value>
         <object_component_ref idref="oc-1454"/>
      </symbol>
      <symbol id="sm-1f74">
         <name>ti_sysbios_family_arm_m3_Hwi_Module_startup__E</name>
         <value>0xbdb9</value>
         <object_component_ref idref="oc-1205"/>
      </symbol>
      <symbol id="sm-1f75">
         <name>ti_sysbios_gates_GateMutex_enter__E</name>
         <value>0x86b9</value>
         <object_component_ref idref="oc-10a5"/>
      </symbol>
      <symbol id="sm-1f76">
         <name>ti_sysbios_knl_Clock_setTimeout__E</name>
         <value>0xe689</value>
         <object_component_ref idref="oc-1871"/>
      </symbol>
      <symbol id="sm-1f98">
         <name>ti_sysbios_family_arm_m3_Hwi_excHandlerAsm__I</name>
         <value>0xdacd</value>
         <object_component_ref idref="oc-7b"/>
      </symbol>
      <symbol id="sm-1f99">
         <name>ti_sysbios_family_arm_m3_Hwi_return</name>
         <value>0xd703</value>
         <object_component_ref idref="oc-80"/>
      </symbol>
      <symbol id="sm-1f9a">
         <name>ti_sysbios_family_arm_m3_Hwi_pendSV__I</name>
         <value>0xd6df</value>
         <object_component_ref idref="oc-80"/>
      </symbol>
      <symbol id="sm-1f9b">
         <name>ti_sysbios_family_arm_m3_Hwi_dispatch__I</name>
         <value>0x7b29</value>
         <object_component_ref idref="oc-1548"/>
      </symbol>
      <symbol id="sm-1faf">
         <name>ti_sysbios_family_xxx_Hwi_switchAndRunFunc</name>
         <value>0xdbf1</value>
         <object_component_ref idref="oc-124d"/>
      </symbol>
      <symbol id="sm-1fb0">
         <name>ti_sysbios_family_arm_m3_Hwi_initStacks__E</name>
         <value>0xb975</value>
         <object_component_ref idref="oc-16aa"/>
      </symbol>
      <symbol id="sm-1fca">
         <name>ti_sysbios_knl_Task_swapReturn</name>
         <value>0xdef1</value>
         <object_component_ref idref="oc-107a"/>
      </symbol>
      <symbol id="sm-1fcb">
         <name>ti_sysbios_family_arm_m3_TaskSupport_glue</name>
         <value>0xe2c1</value>
         <object_component_ref idref="oc-13bc"/>
      </symbol>
      <symbol id="sm-1fcc">
         <name>ti_sysbios_family_arm_m3_TaskSupport_buildTaskStack</name>
         <value>0x976d</value>
         <object_component_ref idref="oc-105b"/>
      </symbol>
      <symbol id="sm-1fcd">
         <name>ti_sysbios_family_arm_m3_TaskSupport_swap__E</name>
         <value>0xdee5</value>
         <object_component_ref idref="oc-107a"/>
      </symbol>
      <symbol id="sm-1fe6">
         <name>xdc_runtime_Assert_raise__I</name>
         <value>0xbc1d</value>
         <object_component_ref idref="oc-755"/>
      </symbol>
      <symbol id="sm-2055">
         <name>xdc_runtime_Core_deleteObject__I</name>
         <value>0xa81b</value>
         <object_component_ref idref="oc-39c"/>
      </symbol>
      <symbol id="sm-2056">
         <name>xdc_runtime_Core_createObject__I</name>
         <value>0x7459</value>
         <object_component_ref idref="oc-376"/>
      </symbol>
      <symbol id="sm-2070">
         <name>xdc_runtime_Core_constructObject__I</name>
         <value>0x8305</value>
         <object_component_ref idref="oc-bcf"/>
      </symbol>
      <symbol id="sm-2084">
         <name>xdc_runtime_Core_assignLabel__I</name>
         <value>0xcd75</value>
         <object_component_ref idref="oc-11d4"/>
      </symbol>
      <symbol id="sm-2091">
         <name>xdc_runtime_Core_assignParams__I</name>
         <value>0xc27d</value>
         <object_component_ref idref="oc-386"/>
      </symbol>
      <symbol id="sm-2103">
         <name>xdc_runtime_Error_getSite__E</name>
         <value>0xa4cd</value>
         <object_component_ref idref="oc-18bf"/>
      </symbol>
      <symbol id="sm-2104">
         <name>xdc_runtime_Error_raiseX__E</name>
         <value>0xdd35</value>
         <object_component_ref idref="oc-b8a"/>
      </symbol>
      <symbol id="sm-2105">
         <name>xdc_runtime_Error_print__E</name>
         <value>0xa53d</value>
         <object_component_ref idref="oc-187f"/>
      </symbol>
      <symbol id="sm-2106">
         <name>xdc_runtime_Error_init__E</name>
         <value>0xe531</value>
         <object_component_ref idref="oc-b40"/>
      </symbol>
      <symbol id="sm-2107">
         <name>xdc_runtime_Error_check__E</name>
         <value>0xdfd9</value>
         <object_component_ref idref="oc-396"/>
      </symbol>
      <symbol id="sm-2108">
         <name>xdc_runtime_Error_policyDefault__E</name>
         <value>0x7021</value>
         <object_component_ref idref="oc-13ac"/>
      </symbol>
      <symbol id="sm-2109">
         <name>xdc_runtime_Error_setX__E</name>
         <value>0xc395</value>
         <object_component_ref idref="oc-1652"/>
      </symbol>
      <symbol id="sm-2127">
         <name>xdc_runtime_Gate_leaveSystem__E</name>
         <value>0xe341</value>
         <object_component_ref idref="oc-3ac"/>
      </symbol>
      <symbol id="sm-2128">
         <name>xdc_runtime_Gate_enterSystem__E</name>
         <value>0xe53d</value>
         <object_component_ref idref="oc-267"/>
      </symbol>
      <symbol id="sm-216c">
         <name>xdc_runtime_Memory_alloc__E</name>
         <value>0xa5a9</value>
         <object_component_ref idref="oc-7a2"/>
      </symbol>
      <symbol id="sm-216d">
         <name>xdc_runtime_Memory_free__E</name>
         <value>0xe351</value>
         <object_component_ref idref="oc-7cf"/>
      </symbol>
      <symbol id="sm-216e">
         <name>xdc_runtime_Memory_calloc__E</name>
         <value>0xe549</value>
         <object_component_ref idref="oc-75b"/>
      </symbol>
      <symbol id="sm-216f">
         <name>xdc_runtime_Memory_valloc__E</name>
         <value>0xdd51</value>
         <object_component_ref idref="oc-b98"/>
      </symbol>
      <symbol id="sm-2170">
         <name>xdc_runtime_Memory_getMaxDefaultTypeAlign__E</name>
         <value>0xe555</value>
         <object_component_ref idref="oc-bf5"/>
      </symbol>
      <symbol id="sm-21b5">
         <name>xdc_runtime_Startup_startMods__I</name>
         <value>0x7849</value>
         <object_component_ref idref="oc-697"/>
      </symbol>
      <symbol id="sm-21b6">
         <name>xdc_runtime_Startup_rtsDone__E</name>
         <value>0xe561</value>
         <object_component_ref idref="oc-c81"/>
      </symbol>
      <symbol id="sm-21b7">
         <name>xdc_runtime_Startup_exec__E</name>
         <value>0xbe09</value>
         <object_component_ref idref="oc-a5"/>
      </symbol>
      <symbol id="sm-227f">
         <name>xdc_runtime_System_atexit__E</name>
         <value>0xca21</value>
         <object_component_ref idref="oc-c8d"/>
      </symbol>
      <symbol id="sm-2280">
         <name>xdc_runtime_System_abort__E</name>
         <value>0xdd89</value>
         <object_component_ref idref="oc-44e"/>
      </symbol>
      <symbol id="sm-2281">
         <name>xdc_runtime_System_avprintf__E</name>
         <value>0xd705</value>
         <object_component_ref idref="oc-1910"/>
      </symbol>
      <symbol id="sm-2282">
         <name>xdc_runtime_System_printf_va__F</name>
         <value>0xbbc5</value>
         <object_component_ref idref="oc-8a2"/>
      </symbol>
      <symbol id="sm-2283">
         <name>xdc_runtime_System_processAtExit__E</name>
         <value>0xd269</value>
         <object_component_ref idref="oc-b4"/>
      </symbol>
      <symbol id="sm-2284">
         <name>xdc_runtime_System_formatNum__I</name>
         <value>0xa239</value>
         <object_component_ref idref="oc-1484"/>
      </symbol>
      <symbol id="sm-2285">
         <name>xdc_runtime_System_vprintf__E</name>
         <value>0xd9e5</value>
         <object_component_ref idref="oc-d66"/>
      </symbol>
      <symbol id="sm-2286">
         <name>xdc_runtime_System_aprintf_va__F</name>
         <value>0xb5ed</value>
         <object_component_ref idref="oc-18f2"/>
      </symbol>
      <symbol id="sm-2287">
         <name>xdc_runtime_System_putchar__I</name>
         <value>0xd4d5</value>
         <object_component_ref idref="oc-148a"/>
      </symbol>
      <symbol id="sm-2288">
         <name>xdc_runtime_System_vsnprintf__E</name>
         <value>0xe371</value>
         <object_component_ref idref="oc-18ea"/>
      </symbol>
      <symbol id="sm-2289">
         <name>xdc_runtime_System_doPrint__I</name>
         <value>0x2df5</value>
         <object_component_ref idref="oc-115c"/>
      </symbol>
      <symbol id="sm-228a">
         <name>xdc_runtime_System_exit__E</name>
         <value>0xdff1</value>
         <object_component_ref idref="oc-67"/>
      </symbol>
      <symbol id="sm-228b">
         <name>xdc_runtime_System_Module_startup__E</name>
         <value>0xe667</value>
         <object_component_ref idref="oc-11e7"/>
      </symbol>
      <symbol id="sm-22e6">
         <name>xdc_runtime_SysMin_exit__E</name>
         <value>0xdd6d</value>
         <object_component_ref idref="oc-26d"/>
      </symbol>
      <symbol id="sm-22e7">
         <name>xdc_runtime_SysMin_ready__E</name>
         <value>0xe361</value>
         <object_component_ref idref="oc-1156"/>
      </symbol>
      <symbol id="sm-22e8">
         <name>xdc_runtime_SysMin_flush__E</name>
         <value>0xc3d9</value>
         <object_component_ref idref="oc-227"/>
      </symbol>
      <symbol id="sm-22e9">
         <name>xdc_runtime_SysMin_putch__E</name>
         <value>0xc9e9</value>
         <object_component_ref idref="oc-d5d"/>
      </symbol>
      <symbol id="sm-22ea">
         <name>xdc_runtime_SysMin_abort__E</name>
         <value>0xd239</value>
         <object_component_ref idref="oc-898"/>
      </symbol>
      <symbol id="sm-22eb">
         <name>xdc_runtime_SysMin_Module_startup__E</name>
         <value>0xdbd1</value>
         <object_component_ref idref="oc-11ed"/>
      </symbol>
      <symbol id="sm-2370">
         <name>xdc_runtime_Text_visitRope2__I</name>
         <value>0xbe59</value>
         <object_component_ref idref="oc-1925"/>
      </symbol>
      <symbol id="sm-2371">
         <name>xdc_runtime_Text_printVisFxn__I</name>
         <value>0xcda9</value>
         <object_component_ref idref="oc-18e3"/>
      </symbol>
      <symbol id="sm-2372">
         <name>xdc_runtime_Text_putSite__E</name>
         <value>0x9081</value>
         <object_component_ref idref="oc-17fe"/>
      </symbol>
      <symbol id="sm-2373">
         <name>xdc_runtime_Text_putMod__E</name>
         <value>0x8ccd</value>
         <object_component_ref idref="oc-1896"/>
      </symbol>
      <symbol id="sm-2374">
         <name>xdc_runtime_Text_putLab__E</name>
         <value>0xb705</value>
         <object_component_ref idref="oc-17f8"/>
      </symbol>
      <symbol id="sm-2375">
         <name>xdc_runtime_Text_xprintf__I</name>
         <value>0xc41d</value>
         <object_component_ref idref="oc-189c"/>
      </symbol>
      <symbol id="sm-2376">
         <name>xdc_runtime_Text_ropeText__E</name>
         <value>0xe009</value>
         <object_component_ref idref="oc-b84"/>
      </symbol>
      <symbol id="sm-2377">
         <name>xdc_runtime_Text_cordText__E</name>
         <value>0xd455</value>
         <object_component_ref idref="oc-14ae"/>
      </symbol>
      <symbol id="sm-2394">
         <name>xdc_runtime_Registry_findById__E</name>
         <value>0xdbb1</value>
         <object_component_ref idref="oc-18d4"/>
      </symbol>
      <symbol id="sm-23a8">
         <name>_c_int00</name>
         <value>0xb8c5</value>
         <object_component_ref idref="oc-25"/>
      </symbol>
      <symbol id="sm-23a9">
         <name>__stack</name>
         <value>0x2000fd00</value>
         <object_component_ref idref="oc-37"/>
      </symbol>
      <symbol id="sm-23c8">
         <name>__TI_auto_init</name>
         <value>0x8c2d</value>
         <object_component_ref idref="oc-5c"/>
      </symbol>
      <symbol id="sm-23e2">
         <name>CPU_wfi</name>
         <value>0x3465</value>
         <object_component_ref idref="oc-1226"/>
      </symbol>
      <symbol id="sm-23e3">
         <name>CPU_cpsie</name>
         <value>0xe40f</value>
         <object_component_ref idref="oc-b2b"/>
      </symbol>
      <symbol id="sm-23e4">
         <name>CPU_cpsid</name>
         <value>0xe403</value>
         <object_component_ref idref="oc-b0d"/>
      </symbol>
      <symbol id="sm-2414">
         <name>CS_setDCOCenteredFrequency</name>
         <value>0xd72d</value>
         <object_component_ref idref="oc-69e"/>
      </symbol>
      <symbol id="sm-2415">
         <name>CS_initClockSignal</name>
         <value>0x7ed5</value>
         <object_component_ref idref="oc-6a4"/>
      </symbol>
      <symbol id="sm-2445">
         <name>FlashCtl_enableReadBuffering</name>
         <value>0xcac5</value>
         <object_component_ref idref="oc-6bc"/>
      </symbol>
      <symbol id="sm-2446">
         <name>FlashCtl_setWaitState</name>
         <value>0xd501</value>
         <object_component_ref idref="oc-6b0"/>
      </symbol>
      <symbol id="sm-2447">
         <name>FlashCtl_disableReadBuffering</name>
         <value>0xc4e5</value>
         <object_component_ref idref="oc-6b6"/>
      </symbol>
      <symbol id="sm-24d0">
         <name>GPIO_setDriveStrengthHigh</name>
         <value>0xe0a5</value>
         <object_component_ref idref="oc-6ea"/>
      </symbol>
      <symbol id="sm-24d1">
         <name>GPIO_setAsInputPin</name>
         <value>0xd2c9</value>
         <object_component_ref idref="oc-6f0"/>
      </symbol>
      <symbol id="sm-24d2">
         <name>GPIO_setOutputHighOnPin</name>
         <value>0xe0b9</value>
         <object_component_ref idref="oc-368"/>
      </symbol>
      <symbol id="sm-24d3">
         <name>GPIO_setAsInputPinWithPullDownResistor</name>
         <value>0xce45</value>
         <object_component_ref idref="oc-6f6"/>
      </symbol>
      <symbol id="sm-24d4">
         <name>GPIO_setAsInputPinWithPullUpResistor</name>
         <value>0xce75</value>
         <object_component_ref idref="oc-6fc"/>
      </symbol>
      <symbol id="sm-24d5">
         <name>GPIO_getInterruptStatus</name>
         <value>0xe21d</value>
         <object_component_ref idref="oc-f85"/>
      </symbol>
      <symbol id="sm-24d6">
         <name>GPIO_getEnabledInterruptStatus</name>
         <value>0xce15</value>
         <object_component_ref idref="oc-b5e"/>
      </symbol>
      <symbol id="sm-24d7">
         <name>GPIO_setAsOutputPin</name>
         <value>0xd751</value>
         <object_component_ref idref="oc-6de"/>
      </symbol>
      <symbol id="sm-24d8">
         <name>GPIO_interruptEdgeSelect</name>
         <value>0xda2d</value>
         <object_component_ref idref="oc-70e"/>
      </symbol>
      <symbol id="sm-24d9">
         <name>GPIO_setDriveStrengthLow</name>
         <value>0xde0d</value>
         <object_component_ref idref="oc-6e4"/>
      </symbol>
      <symbol id="sm-24da">
         <name>GPIO_setOutputLowOnPin</name>
         <value>0xde25</value>
         <object_component_ref idref="oc-362"/>
      </symbol>
      <symbol id="sm-24db">
         <name>GPIO_clearInterruptFlag</name>
         <value>0xddf5</value>
         <object_component_ref idref="oc-714"/>
      </symbol>
      <symbol id="sm-2579">
         <name>I2C_masterReceiveMultiByteStop</name>
         <value>0xe23d</value>
         <object_component_ref idref="oc-1278"/>
      </symbol>
      <symbol id="sm-257a">
         <name>I2C_masterSendMultiByteFinish</name>
         <value>0xc525</value>
         <object_component_ref idref="oc-15bd"/>
      </symbol>
      <symbol id="sm-257b">
         <name>I2C_masterSendMultiByteNext</name>
         <value>0xd775</value>
         <object_component_ref idref="oc-15c3"/>
      </symbol>
      <symbol id="sm-257c">
         <name>I2C_disableInterrupt</name>
         <value>0xe39d</value>
         <object_component_ref idref="oc-1272"/>
      </symbol>
      <symbol id="sm-257d">
         <name>I2C_getEnabledInterruptStatus</name>
         <value>0x9883</value>
         <object_component_ref idref="oc-159f"/>
      </symbol>
      <symbol id="sm-257e">
         <name>I2C_masterReceiveMultiByteNext</name>
         <value>0xe61f</value>
         <object_component_ref idref="oc-15a5"/>
      </symbol>
      <symbol id="sm-257f">
         <name>I2C_masterIsStartSent</name>
         <value>0xde3d</value>
         <object_component_ref idref="oc-15b7"/>
      </symbol>
      <symbol id="sm-2580">
         <name>I2C_getInterruptStatus</name>
         <value>0xe619</value>
         <object_component_ref idref="oc-1772"/>
      </symbol>
      <symbol id="sm-2581">
         <name>I2C_setMode</name>
         <value>0xe3ab</value>
         <object_component_ref idref="oc-15ab"/>
      </symbol>
      <symbol id="sm-2582">
         <name>I2C_enableModule</name>
         <value>0xe427</value>
         <object_component_ref idref="oc-1565"/>
      </symbol>
      <symbol id="sm-2583">
         <name>I2C_masterReceiveStart</name>
         <value>0xe24d</value>
         <object_component_ref idref="oc-15b1"/>
      </symbol>
      <symbol id="sm-2584">
         <name>I2C_clearInterruptFlag</name>
         <value>0xe38f</value>
         <object_component_ref idref="oc-155f"/>
      </symbol>
      <symbol id="sm-2585">
         <name>I2C_setSlaveAddress</name>
         <value>0x61fd</value>
         <object_component_ref idref="oc-15d2"/>
      </symbol>
      <symbol id="sm-2586">
         <name>I2C_masterSendStart</name>
         <value>0xe25d</value>
         <object_component_ref idref="oc-15d8"/>
      </symbol>
      <symbol id="sm-2587">
         <name>I2C_initMaster</name>
         <value>0xc6e9</value>
         <object_component_ref idref="oc-1559"/>
      </symbol>
      <symbol id="sm-2588">
         <name>I2C_enableInterrupt</name>
         <value>0xe5c5</value>
         <object_component_ref idref="oc-12f4"/>
      </symbol>
      <symbol id="sm-2589">
         <name>I2C_disableModule</name>
         <value>0xe41b</value>
         <object_component_ref idref="oc-1290"/>
      </symbol>
      <symbol id="sm-2652">
         <name>PCM_getCoreVoltageLevel</name>
         <value>0xd321</value>
         <object_component_ref idref="oc-122f"/>
      </symbol>
      <symbol id="sm-2653">
         <name>PCM_shutdownDevice</name>
         <value>0xbd15</value>
         <object_component_ref idref="oc-f11"/>
      </symbol>
      <symbol id="sm-2654">
         <name>PCM_setPowerState</name>
         <value>0xe5d5</value>
         <object_component_ref idref="oc-6aa"/>
      </symbol>
      <symbol id="sm-2655">
         <name>PCM_getPowerMode</name>
         <value>0xd481</value>
         <object_component_ref idref="oc-121a"/>
      </symbol>
      <symbol id="sm-2656">
         <name>PCM_getPowerState</name>
         <value>0xe435</value>
         <object_component_ref idref="oc-eff"/>
      </symbol>
      <symbol id="sm-2657">
         <name>PCM_gotoLPM4</name>
         <value>0xe26d</value>
         <object_component_ref idref="oc-f0b"/>
      </symbol>
      <symbol id="sm-2658">
         <name>PCM_gotoLPM3</name>
         <value>0x9cad</value>
         <object_component_ref idref="oc-f05"/>
      </symbol>
      <symbol id="sm-2659">
         <name>PCM_gotoLPM0</name>
         <value>0xd529</value>
         <object_component_ref idref="oc-f23"/>
      </symbol>
      <symbol id="sm-265a">
         <name>PCM_enableRudeMode</name>
         <value>0xdc2d</value>
         <object_component_ref idref="oc-32e"/>
      </symbol>
      <symbol id="sm-265b">
         <name>PCM_setPowerMode</name>
         <value>0xe5cd</value>
         <object_component_ref idref="oc-1220"/>
      </symbol>
      <symbol id="sm-2673">
         <name>RTC_C_startClock</name>
         <value>0xd7bd</value>
         <object_component_ref idref="oc-f54"/>
      </symbol>
      <symbol id="sm-2674">
         <name>RTC_C_holdClock</name>
         <value>0xd799</value>
         <object_component_ref idref="oc-f48"/>
      </symbol>
      <symbol id="sm-26db">
         <name>UART_enableInterrupt</name>
         <value>0xe063</value>
         <object_component_ref idref="oc-1327"/>
      </symbol>
      <symbol id="sm-26dc">
         <name>UART_receiveData</name>
         <value>0xd805</value>
         <object_component_ref idref="oc-137b"/>
      </symbol>
      <symbol id="sm-26dd">
         <name>UART_enableModule</name>
         <value>0xe471</value>
         <object_component_ref idref="oc-160b"/>
      </symbol>
      <symbol id="sm-26de">
         <name>UART_disableModule</name>
         <value>0xe465</value>
         <object_component_ref idref="oc-1314"/>
      </symbol>
      <symbol id="sm-26df">
         <name>UART_transmitData</name>
         <value>0xd829</value>
         <object_component_ref idref="oc-1387"/>
      </symbol>
      <symbol id="sm-26e0">
         <name>UART_getInterruptStatus</name>
         <value>0xe625</value>
         <object_component_ref idref="oc-1381"/>
      </symbol>
      <symbol id="sm-26e1">
         <name>UART_initModule</name>
         <value>0x911d</value>
         <object_component_ref idref="oc-1605"/>
      </symbol>
      <symbol id="sm-26e2">
         <name>UART_clearInterruptFlag</name>
         <value>0xe3b9</value>
         <object_component_ref idref="oc-130e"/>
      </symbol>
      <symbol id="sm-26e3">
         <name>UART_queryStatusFlags</name>
         <value>0xe62b</value>
         <object_component_ref idref="oc-1616"/>
      </symbol>
      <symbol id="sm-26e4">
         <name>UART_disableInterrupt</name>
         <value>0xd7e1</value>
         <object_component_ref idref="oc-1308"/>
      </symbol>
      <symbol id="sm-26fa">
         <name>WDT_A_holdTimer</name>
         <value>0xde6d</value>
         <object_component_ref idref="oc-f4e"/>
      </symbol>
      <symbol id="sm-26fb">
         <name>WDT_A_startTimer</name>
         <value>0xe0e1</value>
         <object_component_ref idref="oc-f5a"/>
      </symbol>
      <symbol id="sm-2714">
         <name>_nop</name>
         <value>0xe117</value>
         <object_component_ref idref="oc-a40"/>
      </symbol>
      <symbol id="sm-2715">
         <name>_lock</name>
         <value>0x20004e84</value>
         <object_component_ref idref="oc-53b"/>
      </symbol>
      <symbol id="sm-2716">
         <name>_unlock</name>
         <value>0x20004e88</value>
         <object_component_ref idref="oc-53b"/>
      </symbol>
      <symbol id="sm-2717">
         <name>_register_lock</name>
         <value>0xe10f</value>
         <object_component_ref idref="oc-a40"/>
      </symbol>
      <symbol id="sm-2718">
         <name>_register_unlock</name>
         <value>0xe109</value>
         <object_component_ref idref="oc-a40"/>
      </symbol>
      <symbol id="sm-272c">
         <name>_args_main</name>
         <value>0xde85</value>
         <object_component_ref idref="oc-61"/>
      </symbol>
      <symbol id="sm-274a">
         <name>__TI_decompress_lzss</name>
         <value>0xa67d</value>
         <object_component_ref idref="oc-13"/>
      </symbol>
      <symbol id="sm-2761">
         <name>__TI_decompress_none</name>
         <value>0xe3c7</value>
         <object_component_ref idref="oc-19"/>
      </symbol>
      <symbol id="sm-2778">
         <name>__TI_zero_init</name>
         <value>0xe47d</value>
         <object_component_ref idref="oc-1f"/>
      </symbol>
      <symbol id="sm-279c">
         <name>copy_in</name>
         <value>0xbef5</value>
         <object_component_ref idref="oc-9f"/>
      </symbol>
      <symbol id="sm-2804">
         <name>powf</name>
         <value>0x18b9</value>
         <object_component_ref idref="oc-9d5"/>
      </symbol>
      <symbol id="sm-2828">
         <name>sqrtl</name>
         <value>0x6375</value>
         <object_component_ref idref="oc-a1b"/>
      </symbol>
      <symbol id="sm-2829">
         <name>sqrt</name>
         <value>0x6375</value>
         <object_component_ref idref="oc-a1b"/>
      </symbol>
      <symbol id="sm-283b">
         <name>sqrtf</name>
         <value>0xd641</value>
         <object_component_ref idref="oc-e5f"/>
      </symbol>
      <symbol id="sm-2843">
         <name>errno</name>
         <value>0x20004f0c</value>
         <object_component_ref idref="oc-e6b"/>
      </symbol>
      <symbol id="sm-2864">
         <name>C$$EXIT</name>
         <value>0xbac9</value>
         <object_component_ref idref="oc-277"/>
      </symbol>
      <symbol id="sm-2865">
         <name>abort</name>
         <value>0xbacd</value>
         <object_component_ref idref="oc-277"/>
      </symbol>
      <symbol id="sm-2866">
         <name>exit</name>
         <value>0xbad5</value>
         <object_component_ref idref="oc-277"/>
      </symbol>
      <symbol id="sm-2867">
         <name>__TI_dtors_ptr</name>
         <value>0x20004e58</value>
         <object_component_ref idref="oc-538"/>
      </symbol>
      <symbol id="sm-2868">
         <name>__TI_cleanup_ptr</name>
         <value>0x20004e54</value>
         <object_component_ref idref="oc-538"/>
      </symbol>
      <symbol id="sm-2869">
         <name>__TI_enable_exit_profile_output</name>
         <value>0x20004e5c</value>
         <object_component_ref idref="oc-538"/>
      </symbol>
      <symbol id="sm-2880">
         <name>__aeabi_dsub</name>
         <value>0x56ad</value>
         <object_component_ref idref="oc-d03"/>
      </symbol>
      <symbol id="sm-2881">
         <name>__aeabi_dadd</name>
         <value>0x56b7</value>
         <object_component_ref idref="oc-d03"/>
      </symbol>
      <symbol id="sm-28a3">
         <name>__aeabi_cdcmpeq</name>
         <value>0x9911</value>
         <object_component_ref idref="oc-cdf"/>
      </symbol>
      <symbol id="sm-28a4">
         <name>__aeabi_cdcmple</name>
         <value>0x9911</value>
         <object_component_ref idref="oc-cdf"/>
      </symbol>
      <symbol id="sm-28a5">
         <name>__aeabi_cdrcmple</name>
         <value>0x9997</value>
         <object_component_ref idref="oc-cee"/>
      </symbol>
      <symbol id="sm-28b0">
         <name>__aeabi_dmul</name>
         <value>0x7559</value>
         <object_component_ref idref="oc-ce4"/>
      </symbol>
      <symbol id="sm-28bc">
         <name>__aeabi_d2f</name>
         <value>0xa1c9</value>
         <object_component_ref idref="oc-a21"/>
      </symbol>
      <symbol id="sm-28c7">
         <name>__aeabi_f2d</name>
         <value>0xc941</value>
         <object_component_ref idref="oc-40a"/>
      </symbol>
      <symbol id="sm-28e2">
         <name>memcpy</name>
         <value>0x8e09</value>
         <object_component_ref idref="oc-43"/>
      </symbol>
      <symbol id="sm-28e3">
         <name>__aeabi_memcpy</name>
         <value>0x8e09</value>
         <object_component_ref idref="oc-43"/>
      </symbol>
      <symbol id="sm-28e4">
         <name>__aeabi_memcpy8</name>
         <value>0x8e09</value>
         <object_component_ref idref="oc-43"/>
      </symbol>
      <symbol id="sm-28e5">
         <name>__aeabi_memcpy4</name>
         <value>0x8e09</value>
         <object_component_ref idref="oc-43"/>
      </symbol>
      <symbol id="sm-28f4">
         <name>__aeabi_memset</name>
         <value>0x9e1f</value>
         <object_component_ref idref="oc-4f"/>
      </symbol>
      <symbol id="sm-28f5">
         <name>memset</name>
         <value>0x9e25</value>
         <object_component_ref idref="oc-4f"/>
      </symbol>
      <symbol id="sm-28f6">
         <name>__aeabi_memset8</name>
         <value>0x9e1f</value>
         <object_component_ref idref="oc-4f"/>
      </symbol>
      <symbol id="sm-28f7">
         <name>__aeabi_memset4</name>
         <value>0x9e1f</value>
         <object_component_ref idref="oc-4f"/>
      </symbol>
      <symbol id="sm-28f8">
         <name>__aeabi_memclr8</name>
         <value>0x9e1d</value>
         <object_component_ref idref="oc-4f"/>
      </symbol>
      <symbol id="sm-28f9">
         <name>__aeabi_memclr4</name>
         <value>0x9e1d</value>
         <object_component_ref idref="oc-4f"/>
      </symbol>
      <symbol id="sm-28fa">
         <name>__aeabi_memclr</name>
         <value>0x9e1d</value>
         <object_component_ref idref="oc-4f"/>
      </symbol>
      <symbol id="sm-291c">
         <name>scalbnf</name>
         <value>0x8165</value>
         <object_component_ref idref="oc-e65"/>
      </symbol>
      <symbol id="sm-291d">
         <name>ldexpf</name>
         <value>0x8165</value>
         <object_component_ref idref="oc-e65"/>
      </symbol>
      <symbol id="sm-293e">
         <name>snprintf</name>
         <value>0x92d9</value>
         <object_component_ref idref="oc-40f"/>
      </symbol>
      <symbol id="sm-2946">
         <name>main_func_sp</name>
         <value>0x20004f10</value>
         <object_component_ref idref="oc-6d"/>
      </symbol>
      <symbol id="sm-2955">
         <name>strlen</name>
         <value>0xe145</value>
         <object_component_ref idref="oc-41b"/>
      </symbol>
      <symbol id="sm-2981">
         <name>HOSTgetenv</name>
         <value>0x33a5</value>
         <object_component_ref idref="oc-c75"/>
      </symbol>
      <symbol id="sm-2982">
         <name>HOSTrename</name>
         <value>0x324d</value>
         <object_component_ref idref="oc-c75"/>
      </symbol>
      <symbol id="sm-2983">
         <name>HOSTclose</name>
         <value>0x33e3</value>
         <object_component_ref idref="oc-c75"/>
      </symbol>
      <symbol id="sm-2984">
         <name>HOSTtime64</name>
         <value>0x31c5</value>
         <object_component_ref idref="oc-c75"/>
      </symbol>
      <symbol id="sm-2985">
         <name>HOSTunlink</name>
         <value>0x318d</value>
         <object_component_ref idref="oc-c75"/>
      </symbol>
      <symbol id="sm-2986">
         <name>HOSTlseek</name>
         <value>0x3349</value>
         <object_component_ref idref="oc-c75"/>
      </symbol>
      <symbol id="sm-2987">
         <name>HOSTopen</name>
         <value>0x32f7</value>
         <object_component_ref idref="oc-c75"/>
      </symbol>
      <symbol id="sm-2988">
         <name>HOSTclock</name>
         <value>0x341b</value>
         <object_component_ref idref="oc-c75"/>
      </symbol>
      <symbol id="sm-2989">
         <name>HOSTwrite</name>
         <value>0x3141</value>
         <object_component_ref idref="oc-c75"/>
      </symbol>
      <symbol id="sm-298a">
         <name>HOSTread</name>
         <value>0x32ab</value>
         <object_component_ref idref="oc-c75"/>
      </symbol>
      <symbol id="sm-298b">
         <name>HOSTtime</name>
         <value>0x3213</value>
         <object_component_ref idref="oc-c75"/>
      </symbol>
      <symbol id="sm-29a6">
         <name>__TI_readmsg</name>
         <value>0xa77f</value>
         <object_component_ref idref="oc-1081"/>
      </symbol>
      <symbol id="sm-29a7">
         <name>C$$IO$$</name>
         <value>0xa77b</value>
         <object_component_ref idref="oc-1081"/>
      </symbol>
      <symbol id="sm-29a8">
         <name>__CIOBUF_</name>
         <value>0x20003ca0</value>
         <object_component_ref idref="oc-13e5"/>
      </symbol>
      <symbol id="sm-29a9">
         <name>__TI_writemsg</name>
         <value>0xa74d</value>
         <object_component_ref idref="oc-1081"/>
      </symbol>
      <symbol id="sm-29b8">
         <name>__aeabi_uidivmod</name>
         <value>0xc665</value>
         <object_component_ref idref="oc-16bd"/>
      </symbol>
      <symbol id="sm-29b9">
         <name>__aeabi_uidiv</name>
         <value>0xc665</value>
         <object_component_ref idref="oc-16bd"/>
      </symbol>
      <symbol id="sm-29d5">
         <name>__aeabi_uldivmod</name>
         <value>0x4d89</value>
         <object_component_ref idref="oc-cda"/>
      </symbol>
      <symbol id="sm-2ad6">
         <name>__TI_printfi</name>
         <value>0x885</value>
         <object_component_ref idref="oc-840"/>
      </symbol>
      <symbol id="sm-2aec">
         <name>atoi</name>
         <value>0xbea9</value>
         <object_component_ref idref="oc-d1a"/>
      </symbol>
      <symbol id="sm-2af7">
         <name>_ctypes_</name>
         <value>0xfdaf</value>
         <object_component_ref idref="oc-112a"/>
      </symbol>
      <symbol id="sm-2b0b">
         <name>__aeabi_ddiv</name>
         <value>0x6b7d</value>
         <object_component_ref idref="oc-ce9"/>
      </symbol>
      <symbol id="sm-2b15">
         <name>__aeabi_d2iz</name>
         <value>0xc0cd</value>
         <object_component_ref idref="oc-cf3"/>
      </symbol>
      <symbol id="sm-2b1f">
         <name>__aeabi_idiv0</name>
         <value>0x18b7</value>
         <object_component_ref idref="oc-17f1"/>
      </symbol>
      <symbol id="sm-2b29">
         <name>__aeabi_i2d</name>
         <value>0xd299</value>
         <object_component_ref idref="oc-cfe"/>
      </symbol>
      <symbol id="sm-2b38">
         <name>ltoa</name>
         <value>0xbb1d</value>
         <object_component_ref idref="oc-cf8"/>
      </symbol>
      <symbol id="sm-2b48">
         <name>memccpy</name>
         <value>0xdc65</value>
         <object_component_ref idref="oc-d20"/>
      </symbol>
      <symbol id="sm-2b55">
         <name>copysignf</name>
         <value>0xe1e3</value>
         <object_component_ref idref="oc-1194"/>
      </symbol>
      <symbol id="sm-2b6b">
         <name>frexpl</name>
         <value>0xb0b5</value>
         <object_component_ref idref="oc-d08"/>
      </symbol>
      <symbol id="sm-2b6c">
         <name>frexp</name>
         <value>0xb0b5</value>
         <object_component_ref idref="oc-d08"/>
      </symbol>
      <symbol id="sm-2b89">
         <name>scalbn</name>
         <value>0x7655</value>
         <object_component_ref idref="oc-d0e"/>
      </symbol>
      <symbol id="sm-2b8a">
         <name>scalbnl</name>
         <value>0x7655</value>
         <object_component_ref idref="oc-d0e"/>
      </symbol>
      <symbol id="sm-2b8b">
         <name>ldexpl</name>
         <value>0x7655</value>
         <object_component_ref idref="oc-d0e"/>
      </symbol>
      <symbol id="sm-2b8c">
         <name>ldexp</name>
         <value>0x7655</value>
         <object_component_ref idref="oc-d0e"/>
      </symbol>
      <symbol id="sm-2b9c">
         <name>strchr</name>
         <value>0xe079</value>
         <object_component_ref idref="oc-d14"/>
      </symbol>
      <symbol id="sm-2baa">
         <name>strcpy</name>
         <value>0xe131</value>
         <object_component_ref idref="oc-1087"/>
      </symbol>
      <symbol id="sm-2bb4">
         <name>copysign</name>
         <value>0xe11d</value>
         <object_component_ref idref="oc-1120"/>
      </symbol>
      <symbol id="sm-2bb5">
         <name>copysignl</name>
         <value>0xe11d</value>
         <object_component_ref idref="oc-1120"/>
      </symbol>
      <symbol id="sm-2bb6">
         <name>__TI_static_base__</name>
         <value>0x10660</value>
      </symbol>
      <symbol id="sm-2bb9">
         <name>SHT$$INIT_ARRAY$$Base</name>
         <value>0x0</value>
      </symbol>
      <symbol id="sm-2bba">
         <name>SHT$$INIT_ARRAY$$Limit</name>
         <value>0x0</value>
      </symbol>
      <symbol id="sm-2bbb">
         <name>MSP_EXP432P401R_initGeneral</name>
         <value>0xc2c5</value>
      </symbol>
      <symbol id="sm-2bbc">
         <name>MSP_EXP432P401R_initGPIO</name>
         <value>0xb361</value>
      </symbol>
      <symbol id="sm-2bbd">
         <name>ti_sysbios_BIOS_RtsGateProxy_query__E</name>
         <value>0xe681</value>
      </symbol>
      <symbol id="sm-2bbe">
         <name>ti_sysbios_hal_Hwi_HwiProxy_getStackInfo__E</name>
         <value>0xc309</value>
      </symbol>
      <symbol id="sm-2bbf">
         <name>ti_sysbios_hal_Hwi_HwiProxy_startup__E</name>
         <value>0xe609</value>
      </symbol>
      <symbol id="sm-2bc0">
         <name>ti_sysbios_hal_Hwi_HwiProxy_disable__E</name>
         <value>0xe499</value>
      </symbol>
      <symbol id="sm-2bc1">
         <name>ti_sysbios_hal_Hwi_HwiProxy_restore__E</name>
         <value>0xe639</value>
      </symbol>
      <symbol id="sm-2bc2">
         <name>ti_sysbios_hal_Hwi_HwiProxy_switchFromBootStack__E</name>
         <value>0xe171</value>
      </symbol>
      <symbol id="sm-2bc3">
         <name>ti_sysbios_hal_Hwi_HwiProxy_disableInterrupt__E</name>
         <value>0xc119</value>
      </symbol>
      <symbol id="sm-2bc4">
         <name>ti_sysbios_hal_Hwi_HwiProxy_enableInterrupt__E</name>
         <value>0xc161</value>
      </symbol>
      <symbol id="sm-2bc5">
         <name>ti_sysbios_heaps_HeapMem_Module_GateProxy_query__E</name>
         <value>0xe681</value>
      </symbol>
      <symbol id="sm-2bc6">
         <name>ti_sysbios_knl_Clock_TimerProxy_startup__E</name>
         <value>0xc6a9</value>
      </symbol>
      <symbol id="sm-2bc7">
         <name>ti_sysbios_knl_Task_SupportProxy_start__E</name>
         <value>0xd089</value>
      </symbol>
      <symbol id="sm-2bc8">
         <name>ti_sysbios_knl_Task_SupportProxy_swap__E</name>
         <value>0xdee5</value>
      </symbol>
      <symbol id="sm-2bc9">
         <name>ti_sysbios_knl_Task_SupportProxy_checkStack__E</name>
         <value>0xe4a9</value>
      </symbol>
      <symbol id="sm-2bca">
         <name>ti_sysbios_knl_Task_SupportProxy_getStackAlignment__E</name>
         <value>0xe4b9</value>
      </symbol>
      <symbol id="sm-2bcb">
         <name>xdc_runtime_Main_Module_GateProxy_query__E</name>
         <value>0xe671</value>
      </symbol>
      <symbol id="sm-2bcc">
         <name>xdc_runtime_System_Module_GateProxy_query__E</name>
         <value>0xe671</value>
      </symbol>
      <symbol id="sm-2bcd">
         <name>xdc_runtime_System_SupportProxy_abort__E</name>
         <value>0xd239</value>
      </symbol>
      <symbol id="sm-2bce">
         <name>xdc_runtime_System_SupportProxy_exit__E</name>
         <value>0xdd6d</value>
      </symbol>
      <symbol id="sm-2bcf">
         <name>xdc_runtime_System_SupportProxy_flush__E</name>
         <value>0xc3d9</value>
      </symbol>
      <symbol id="sm-2bd0">
         <name>xdc_runtime_System_SupportProxy_putch__E</name>
         <value>0xc9e9</value>
      </symbol>
      <symbol id="sm-2bd1">
         <name>xdc_runtime_System_SupportProxy_ready__E</name>
         <value>0xe361</value>
      </symbol>
      <symbol id="sm-2bd2">
         <name>osi_start</name>
         <value>0xe2b1</value>
      </symbol>
      <symbol id="sm-2bd3">
         <name>osi_TaskDisable</name>
         <value>0xe331</value>
      </symbol>
      <symbol id="sm-2bd4">
         <name>ClockP_getSystemTicks</name>
         <value>0xe501</value>
      </symbol>
      <symbol id="sm-2bd5">
         <name>HwiP_restore</name>
         <value>0xe639</value>
      </symbol>
      <symbol id="sm-2bd6">
         <name>xdc_runtime_System_abortStd__E</name>
         <value>0xbacd</value>
      </symbol>
      <symbol id="sm-2bd7">
         <name>xdc_runtime_System_exitStd__E</name>
         <value>0xbad5</value>
      </symbol>
   </symbol_table>
   <title>Link successful</title>
</link_info>
